[2024-08-04T20:32:49.399+0530] {processor.py:161} INFO - Started process (PID=55503) to work on /Users/deepanshu/Desktop/etc-spark-airflow/env/lib/python3.12/site-packages/airflow/example_dags/plugins/decreasing_priority_weight_strategy.py
[2024-08-04T20:32:49.399+0530] {processor.py:830} INFO - Processing file /Users/deepanshu/Desktop/etc-spark-airflow/env/lib/python3.12/site-packages/airflow/example_dags/plugins/decreasing_priority_weight_strategy.py for tasks to queue
[2024-08-04T20:32:49.400+0530] {logging_mixin.py:188} INFO - [2024-08-04T20:32:49.400+0530] {dagbag.py:545} INFO - Filling up the DagBag from /Users/deepanshu/Desktop/etc-spark-airflow/env/lib/python3.12/site-packages/airflow/example_dags/plugins/decreasing_priority_weight_strategy.py
[2024-08-04T20:32:49.400+0530] {processor.py:842} WARNING - No viable dags retrieved from /Users/deepanshu/Desktop/etc-spark-airflow/env/lib/python3.12/site-packages/airflow/example_dags/plugins/decreasing_priority_weight_strategy.py
[2024-08-04T20:32:49.446+0530] {processor.py:183} INFO - Processing /Users/deepanshu/Desktop/etc-spark-airflow/env/lib/python3.12/site-packages/airflow/example_dags/plugins/decreasing_priority_weight_strategy.py took 0.049 seconds
[2024-08-04T20:33:50.433+0530] {processor.py:161} INFO - Started process (PID=55977) to work on /Users/deepanshu/Desktop/etc-spark-airflow/env/lib/python3.12/site-packages/airflow/example_dags/plugins/decreasing_priority_weight_strategy.py
[2024-08-04T20:33:50.434+0530] {processor.py:830} INFO - Processing file /Users/deepanshu/Desktop/etc-spark-airflow/env/lib/python3.12/site-packages/airflow/example_dags/plugins/decreasing_priority_weight_strategy.py for tasks to queue
[2024-08-04T20:33:50.434+0530] {logging_mixin.py:188} INFO - [2024-08-04T20:33:50.434+0530] {dagbag.py:545} INFO - Filling up the DagBag from /Users/deepanshu/Desktop/etc-spark-airflow/env/lib/python3.12/site-packages/airflow/example_dags/plugins/decreasing_priority_weight_strategy.py
[2024-08-04T20:33:50.435+0530] {processor.py:842} WARNING - No viable dags retrieved from /Users/deepanshu/Desktop/etc-spark-airflow/env/lib/python3.12/site-packages/airflow/example_dags/plugins/decreasing_priority_weight_strategy.py
[2024-08-04T20:33:50.478+0530] {processor.py:183} INFO - Processing /Users/deepanshu/Desktop/etc-spark-airflow/env/lib/python3.12/site-packages/airflow/example_dags/plugins/decreasing_priority_weight_strategy.py took 0.047 seconds
[2024-08-04T20:35:54.652+0530] {processor.py:161} INFO - Started process (PID=56848) to work on /Users/deepanshu/Desktop/etc-spark-airflow/env/lib/python3.12/site-packages/airflow/example_dags/plugins/decreasing_priority_weight_strategy.py
[2024-08-04T20:35:54.653+0530] {processor.py:830} INFO - Processing file /Users/deepanshu/Desktop/etc-spark-airflow/env/lib/python3.12/site-packages/airflow/example_dags/plugins/decreasing_priority_weight_strategy.py for tasks to queue
[2024-08-04T20:35:54.654+0530] {logging_mixin.py:188} INFO - [2024-08-04T20:35:54.654+0530] {dagbag.py:545} INFO - Filling up the DagBag from /Users/deepanshu/Desktop/etc-spark-airflow/env/lib/python3.12/site-packages/airflow/example_dags/plugins/decreasing_priority_weight_strategy.py
[2024-08-04T20:35:54.655+0530] {processor.py:842} WARNING - No viable dags retrieved from /Users/deepanshu/Desktop/etc-spark-airflow/env/lib/python3.12/site-packages/airflow/example_dags/plugins/decreasing_priority_weight_strategy.py
[2024-08-04T20:35:54.700+0530] {processor.py:183} INFO - Processing /Users/deepanshu/Desktop/etc-spark-airflow/env/lib/python3.12/site-packages/airflow/example_dags/plugins/decreasing_priority_weight_strategy.py took 0.050 seconds
[2024-08-04T20:37:23.638+0530] {processor.py:161} INFO - Started process (PID=57521) to work on /Users/deepanshu/Desktop/etc-spark-airflow/env/lib/python3.12/site-packages/airflow/example_dags/plugins/decreasing_priority_weight_strategy.py
[2024-08-04T20:37:23.639+0530] {processor.py:830} INFO - Processing file /Users/deepanshu/Desktop/etc-spark-airflow/env/lib/python3.12/site-packages/airflow/example_dags/plugins/decreasing_priority_weight_strategy.py for tasks to queue
[2024-08-04T20:37:23.639+0530] {logging_mixin.py:188} INFO - [2024-08-04T20:37:23.639+0530] {dagbag.py:545} INFO - Filling up the DagBag from /Users/deepanshu/Desktop/etc-spark-airflow/env/lib/python3.12/site-packages/airflow/example_dags/plugins/decreasing_priority_weight_strategy.py
[2024-08-04T20:37:23.640+0530] {processor.py:842} WARNING - No viable dags retrieved from /Users/deepanshu/Desktop/etc-spark-airflow/env/lib/python3.12/site-packages/airflow/example_dags/plugins/decreasing_priority_weight_strategy.py
[2024-08-04T20:37:23.684+0530] {processor.py:183} INFO - Processing /Users/deepanshu/Desktop/etc-spark-airflow/env/lib/python3.12/site-packages/airflow/example_dags/plugins/decreasing_priority_weight_strategy.py took 0.048 seconds
[2024-08-04T20:39:23.419+0530] {processor.py:161} INFO - Started process (PID=58450) to work on /Users/deepanshu/Desktop/etc-spark-airflow/env/lib/python3.12/site-packages/airflow/example_dags/plugins/decreasing_priority_weight_strategy.py
[2024-08-04T20:39:23.420+0530] {processor.py:830} INFO - Processing file /Users/deepanshu/Desktop/etc-spark-airflow/env/lib/python3.12/site-packages/airflow/example_dags/plugins/decreasing_priority_weight_strategy.py for tasks to queue
[2024-08-04T20:39:23.421+0530] {logging_mixin.py:188} INFO - [2024-08-04T20:39:23.420+0530] {dagbag.py:545} INFO - Filling up the DagBag from /Users/deepanshu/Desktop/etc-spark-airflow/env/lib/python3.12/site-packages/airflow/example_dags/plugins/decreasing_priority_weight_strategy.py
[2024-08-04T20:39:23.421+0530] {processor.py:842} WARNING - No viable dags retrieved from /Users/deepanshu/Desktop/etc-spark-airflow/env/lib/python3.12/site-packages/airflow/example_dags/plugins/decreasing_priority_weight_strategy.py
[2024-08-04T20:39:23.465+0530] {processor.py:183} INFO - Processing /Users/deepanshu/Desktop/etc-spark-airflow/env/lib/python3.12/site-packages/airflow/example_dags/plugins/decreasing_priority_weight_strategy.py took 0.048 seconds
[2024-08-04T20:40:54.588+0530] {processor.py:161} INFO - Started process (PID=59177) to work on /Users/deepanshu/Desktop/etc-spark-airflow/env/lib/python3.12/site-packages/airflow/example_dags/plugins/decreasing_priority_weight_strategy.py
[2024-08-04T20:40:54.588+0530] {processor.py:830} INFO - Processing file /Users/deepanshu/Desktop/etc-spark-airflow/env/lib/python3.12/site-packages/airflow/example_dags/plugins/decreasing_priority_weight_strategy.py for tasks to queue
[2024-08-04T20:40:54.589+0530] {logging_mixin.py:188} INFO - [2024-08-04T20:40:54.589+0530] {dagbag.py:545} INFO - Filling up the DagBag from /Users/deepanshu/Desktop/etc-spark-airflow/env/lib/python3.12/site-packages/airflow/example_dags/plugins/decreasing_priority_weight_strategy.py
[2024-08-04T20:40:54.590+0530] {processor.py:842} WARNING - No viable dags retrieved from /Users/deepanshu/Desktop/etc-spark-airflow/env/lib/python3.12/site-packages/airflow/example_dags/plugins/decreasing_priority_weight_strategy.py
[2024-08-04T20:40:54.632+0530] {processor.py:183} INFO - Processing /Users/deepanshu/Desktop/etc-spark-airflow/env/lib/python3.12/site-packages/airflow/example_dags/plugins/decreasing_priority_weight_strategy.py took 0.046 seconds
[2024-08-04T20:42:46.458+0530] {processor.py:161} INFO - Started process (PID=59981) to work on /Users/deepanshu/Desktop/etc-spark-airflow/env/lib/python3.12/site-packages/airflow/example_dags/plugins/decreasing_priority_weight_strategy.py
[2024-08-04T20:42:46.459+0530] {processor.py:830} INFO - Processing file /Users/deepanshu/Desktop/etc-spark-airflow/env/lib/python3.12/site-packages/airflow/example_dags/plugins/decreasing_priority_weight_strategy.py for tasks to queue
[2024-08-04T20:42:46.459+0530] {logging_mixin.py:188} INFO - [2024-08-04T20:42:46.459+0530] {dagbag.py:545} INFO - Filling up the DagBag from /Users/deepanshu/Desktop/etc-spark-airflow/env/lib/python3.12/site-packages/airflow/example_dags/plugins/decreasing_priority_weight_strategy.py
[2024-08-04T20:42:46.460+0530] {processor.py:842} WARNING - No viable dags retrieved from /Users/deepanshu/Desktop/etc-spark-airflow/env/lib/python3.12/site-packages/airflow/example_dags/plugins/decreasing_priority_weight_strategy.py
[2024-08-04T20:42:46.503+0530] {processor.py:183} INFO - Processing /Users/deepanshu/Desktop/etc-spark-airflow/env/lib/python3.12/site-packages/airflow/example_dags/plugins/decreasing_priority_weight_strategy.py took 0.047 seconds
[2024-08-04T20:44:06.920+0530] {processor.py:161} INFO - Started process (PID=60548) to work on /Users/deepanshu/Desktop/etc-spark-airflow/env/lib/python3.12/site-packages/airflow/example_dags/plugins/decreasing_priority_weight_strategy.py
[2024-08-04T20:44:06.922+0530] {processor.py:830} INFO - Processing file /Users/deepanshu/Desktop/etc-spark-airflow/env/lib/python3.12/site-packages/airflow/example_dags/plugins/decreasing_priority_weight_strategy.py for tasks to queue
[2024-08-04T20:44:06.922+0530] {logging_mixin.py:188} INFO - [2024-08-04T20:44:06.922+0530] {dagbag.py:545} INFO - Filling up the DagBag from /Users/deepanshu/Desktop/etc-spark-airflow/env/lib/python3.12/site-packages/airflow/example_dags/plugins/decreasing_priority_weight_strategy.py
[2024-08-04T20:44:06.923+0530] {processor.py:842} WARNING - No viable dags retrieved from /Users/deepanshu/Desktop/etc-spark-airflow/env/lib/python3.12/site-packages/airflow/example_dags/plugins/decreasing_priority_weight_strategy.py
[2024-08-04T20:44:06.999+0530] {processor.py:183} INFO - Processing /Users/deepanshu/Desktop/etc-spark-airflow/env/lib/python3.12/site-packages/airflow/example_dags/plugins/decreasing_priority_weight_strategy.py took 0.081 seconds
[2024-08-04T20:44:40.472+0530] {processor.py:161} INFO - Started process (PID=60829) to work on /Users/deepanshu/Desktop/etc-spark-airflow/env/lib/python3.12/site-packages/airflow/example_dags/plugins/decreasing_priority_weight_strategy.py
[2024-08-04T20:44:40.475+0530] {processor.py:830} INFO - Processing file /Users/deepanshu/Desktop/etc-spark-airflow/env/lib/python3.12/site-packages/airflow/example_dags/plugins/decreasing_priority_weight_strategy.py for tasks to queue
[2024-08-04T20:44:40.476+0530] {logging_mixin.py:188} INFO - [2024-08-04T20:44:40.476+0530] {dagbag.py:545} INFO - Filling up the DagBag from /Users/deepanshu/Desktop/etc-spark-airflow/env/lib/python3.12/site-packages/airflow/example_dags/plugins/decreasing_priority_weight_strategy.py
[2024-08-04T20:44:40.477+0530] {processor.py:842} WARNING - No viable dags retrieved from /Users/deepanshu/Desktop/etc-spark-airflow/env/lib/python3.12/site-packages/airflow/example_dags/plugins/decreasing_priority_weight_strategy.py
[2024-08-04T20:44:40.529+0530] {processor.py:183} INFO - Processing /Users/deepanshu/Desktop/etc-spark-airflow/env/lib/python3.12/site-packages/airflow/example_dags/plugins/decreasing_priority_weight_strategy.py took 0.058 seconds
[2024-08-04T20:46:38.212+0530] {processor.py:161} INFO - Started process (PID=61648) to work on /Users/deepanshu/Desktop/etc-spark-airflow/env/lib/python3.12/site-packages/airflow/example_dags/plugins/decreasing_priority_weight_strategy.py
[2024-08-04T20:46:38.213+0530] {processor.py:830} INFO - Processing file /Users/deepanshu/Desktop/etc-spark-airflow/env/lib/python3.12/site-packages/airflow/example_dags/plugins/decreasing_priority_weight_strategy.py for tasks to queue
[2024-08-04T20:46:38.214+0530] {logging_mixin.py:188} INFO - [2024-08-04T20:46:38.214+0530] {dagbag.py:545} INFO - Filling up the DagBag from /Users/deepanshu/Desktop/etc-spark-airflow/env/lib/python3.12/site-packages/airflow/example_dags/plugins/decreasing_priority_weight_strategy.py
[2024-08-04T20:46:38.215+0530] {processor.py:842} WARNING - No viable dags retrieved from /Users/deepanshu/Desktop/etc-spark-airflow/env/lib/python3.12/site-packages/airflow/example_dags/plugins/decreasing_priority_weight_strategy.py
[2024-08-04T20:46:38.363+0530] {processor.py:183} INFO - Processing /Users/deepanshu/Desktop/etc-spark-airflow/env/lib/python3.12/site-packages/airflow/example_dags/plugins/decreasing_priority_weight_strategy.py took 0.155 seconds
[2024-08-04T20:47:53.990+0530] {processor.py:161} INFO - Started process (PID=62154) to work on /Users/deepanshu/Desktop/etc-spark-airflow/env/lib/python3.12/site-packages/airflow/example_dags/plugins/decreasing_priority_weight_strategy.py
[2024-08-04T20:47:53.991+0530] {processor.py:830} INFO - Processing file /Users/deepanshu/Desktop/etc-spark-airflow/env/lib/python3.12/site-packages/airflow/example_dags/plugins/decreasing_priority_weight_strategy.py for tasks to queue
[2024-08-04T20:47:53.991+0530] {logging_mixin.py:188} INFO - [2024-08-04T20:47:53.991+0530] {dagbag.py:545} INFO - Filling up the DagBag from /Users/deepanshu/Desktop/etc-spark-airflow/env/lib/python3.12/site-packages/airflow/example_dags/plugins/decreasing_priority_weight_strategy.py
[2024-08-04T20:47:53.992+0530] {processor.py:842} WARNING - No viable dags retrieved from /Users/deepanshu/Desktop/etc-spark-airflow/env/lib/python3.12/site-packages/airflow/example_dags/plugins/decreasing_priority_weight_strategy.py
[2024-08-04T20:47:54.036+0530] {processor.py:183} INFO - Processing /Users/deepanshu/Desktop/etc-spark-airflow/env/lib/python3.12/site-packages/airflow/example_dags/plugins/decreasing_priority_weight_strategy.py took 0.048 seconds
[2024-08-04T20:49:08.417+0530] {processor.py:161} INFO - Started process (PID=62687) to work on /Users/deepanshu/Desktop/etc-spark-airflow/env/lib/python3.12/site-packages/airflow/example_dags/plugins/decreasing_priority_weight_strategy.py
[2024-08-04T20:49:08.418+0530] {processor.py:830} INFO - Processing file /Users/deepanshu/Desktop/etc-spark-airflow/env/lib/python3.12/site-packages/airflow/example_dags/plugins/decreasing_priority_weight_strategy.py for tasks to queue
[2024-08-04T20:49:08.419+0530] {logging_mixin.py:188} INFO - [2024-08-04T20:49:08.418+0530] {dagbag.py:545} INFO - Filling up the DagBag from /Users/deepanshu/Desktop/etc-spark-airflow/env/lib/python3.12/site-packages/airflow/example_dags/plugins/decreasing_priority_weight_strategy.py
[2024-08-04T20:49:08.419+0530] {processor.py:842} WARNING - No viable dags retrieved from /Users/deepanshu/Desktop/etc-spark-airflow/env/lib/python3.12/site-packages/airflow/example_dags/plugins/decreasing_priority_weight_strategy.py
[2024-08-04T20:49:08.462+0530] {processor.py:183} INFO - Processing /Users/deepanshu/Desktop/etc-spark-airflow/env/lib/python3.12/site-packages/airflow/example_dags/plugins/decreasing_priority_weight_strategy.py took 0.047 seconds
[2024-08-04T20:50:24.320+0530] {processor.py:161} INFO - Started process (PID=63204) to work on /Users/deepanshu/Desktop/etc-spark-airflow/env/lib/python3.12/site-packages/airflow/example_dags/plugins/decreasing_priority_weight_strategy.py
[2024-08-04T20:50:24.324+0530] {processor.py:830} INFO - Processing file /Users/deepanshu/Desktop/etc-spark-airflow/env/lib/python3.12/site-packages/airflow/example_dags/plugins/decreasing_priority_weight_strategy.py for tasks to queue
[2024-08-04T20:50:24.324+0530] {logging_mixin.py:188} INFO - [2024-08-04T20:50:24.324+0530] {dagbag.py:545} INFO - Filling up the DagBag from /Users/deepanshu/Desktop/etc-spark-airflow/env/lib/python3.12/site-packages/airflow/example_dags/plugins/decreasing_priority_weight_strategy.py
[2024-08-04T20:50:24.325+0530] {processor.py:842} WARNING - No viable dags retrieved from /Users/deepanshu/Desktop/etc-spark-airflow/env/lib/python3.12/site-packages/airflow/example_dags/plugins/decreasing_priority_weight_strategy.py
[2024-08-04T20:50:24.368+0530] {processor.py:183} INFO - Processing /Users/deepanshu/Desktop/etc-spark-airflow/env/lib/python3.12/site-packages/airflow/example_dags/plugins/decreasing_priority_weight_strategy.py took 0.049 seconds
[2024-08-04T20:50:42.940+0530] {processor.py:161} INFO - Started process (PID=63364) to work on /Users/deepanshu/Desktop/etc-spark-airflow/env/lib/python3.12/site-packages/airflow/example_dags/plugins/decreasing_priority_weight_strategy.py
[2024-08-04T20:50:42.941+0530] {processor.py:830} INFO - Processing file /Users/deepanshu/Desktop/etc-spark-airflow/env/lib/python3.12/site-packages/airflow/example_dags/plugins/decreasing_priority_weight_strategy.py for tasks to queue
[2024-08-04T20:50:42.941+0530] {logging_mixin.py:188} INFO - [2024-08-04T20:50:42.941+0530] {dagbag.py:545} INFO - Filling up the DagBag from /Users/deepanshu/Desktop/etc-spark-airflow/env/lib/python3.12/site-packages/airflow/example_dags/plugins/decreasing_priority_weight_strategy.py
[2024-08-04T20:50:42.942+0530] {processor.py:842} WARNING - No viable dags retrieved from /Users/deepanshu/Desktop/etc-spark-airflow/env/lib/python3.12/site-packages/airflow/example_dags/plugins/decreasing_priority_weight_strategy.py
[2024-08-04T20:50:42.987+0530] {processor.py:183} INFO - Processing /Users/deepanshu/Desktop/etc-spark-airflow/env/lib/python3.12/site-packages/airflow/example_dags/plugins/decreasing_priority_weight_strategy.py took 0.048 seconds
[2024-08-04T20:52:27.304+0530] {processor.py:161} INFO - Started process (PID=64060) to work on /Users/deepanshu/Desktop/etc-spark-airflow/env/lib/python3.12/site-packages/airflow/example_dags/plugins/decreasing_priority_weight_strategy.py
[2024-08-04T20:52:27.306+0530] {processor.py:830} INFO - Processing file /Users/deepanshu/Desktop/etc-spark-airflow/env/lib/python3.12/site-packages/airflow/example_dags/plugins/decreasing_priority_weight_strategy.py for tasks to queue
[2024-08-04T20:52:27.306+0530] {logging_mixin.py:188} INFO - [2024-08-04T20:52:27.306+0530] {dagbag.py:545} INFO - Filling up the DagBag from /Users/deepanshu/Desktop/etc-spark-airflow/env/lib/python3.12/site-packages/airflow/example_dags/plugins/decreasing_priority_weight_strategy.py
[2024-08-04T20:52:27.307+0530] {processor.py:842} WARNING - No viable dags retrieved from /Users/deepanshu/Desktop/etc-spark-airflow/env/lib/python3.12/site-packages/airflow/example_dags/plugins/decreasing_priority_weight_strategy.py
[2024-08-04T20:52:27.351+0530] {processor.py:183} INFO - Processing /Users/deepanshu/Desktop/etc-spark-airflow/env/lib/python3.12/site-packages/airflow/example_dags/plugins/decreasing_priority_weight_strategy.py took 0.048 seconds
[2024-08-04T20:53:51.630+0530] {processor.py:161} INFO - Started process (PID=64687) to work on /Users/deepanshu/Desktop/etc-spark-airflow/env/lib/python3.12/site-packages/airflow/example_dags/plugins/decreasing_priority_weight_strategy.py
[2024-08-04T20:53:51.630+0530] {processor.py:830} INFO - Processing file /Users/deepanshu/Desktop/etc-spark-airflow/env/lib/python3.12/site-packages/airflow/example_dags/plugins/decreasing_priority_weight_strategy.py for tasks to queue
[2024-08-04T20:53:51.631+0530] {logging_mixin.py:188} INFO - [2024-08-04T20:53:51.631+0530] {dagbag.py:545} INFO - Filling up the DagBag from /Users/deepanshu/Desktop/etc-spark-airflow/env/lib/python3.12/site-packages/airflow/example_dags/plugins/decreasing_priority_weight_strategy.py
[2024-08-04T20:53:51.632+0530] {processor.py:842} WARNING - No viable dags retrieved from /Users/deepanshu/Desktop/etc-spark-airflow/env/lib/python3.12/site-packages/airflow/example_dags/plugins/decreasing_priority_weight_strategy.py
[2024-08-04T20:53:51.675+0530] {processor.py:183} INFO - Processing /Users/deepanshu/Desktop/etc-spark-airflow/env/lib/python3.12/site-packages/airflow/example_dags/plugins/decreasing_priority_weight_strategy.py took 0.046 seconds
[2024-08-04T20:54:40.377+0530] {processor.py:161} INFO - Started process (PID=65121) to work on /Users/deepanshu/Desktop/etc-spark-airflow/env/lib/python3.12/site-packages/airflow/example_dags/plugins/decreasing_priority_weight_strategy.py
[2024-08-04T20:54:40.377+0530] {processor.py:830} INFO - Processing file /Users/deepanshu/Desktop/etc-spark-airflow/env/lib/python3.12/site-packages/airflow/example_dags/plugins/decreasing_priority_weight_strategy.py for tasks to queue
[2024-08-04T20:54:40.378+0530] {logging_mixin.py:188} INFO - [2024-08-04T20:54:40.378+0530] {dagbag.py:545} INFO - Filling up the DagBag from /Users/deepanshu/Desktop/etc-spark-airflow/env/lib/python3.12/site-packages/airflow/example_dags/plugins/decreasing_priority_weight_strategy.py
[2024-08-04T20:54:40.378+0530] {processor.py:842} WARNING - No viable dags retrieved from /Users/deepanshu/Desktop/etc-spark-airflow/env/lib/python3.12/site-packages/airflow/example_dags/plugins/decreasing_priority_weight_strategy.py
[2024-08-04T20:54:40.422+0530] {processor.py:183} INFO - Processing /Users/deepanshu/Desktop/etc-spark-airflow/env/lib/python3.12/site-packages/airflow/example_dags/plugins/decreasing_priority_weight_strategy.py took 0.047 seconds
[2024-08-04T20:56:40.781+0530] {processor.py:161} INFO - Started process (PID=65994) to work on /Users/deepanshu/Desktop/etc-spark-airflow/env/lib/python3.12/site-packages/airflow/example_dags/plugins/decreasing_priority_weight_strategy.py
[2024-08-04T20:56:40.782+0530] {processor.py:830} INFO - Processing file /Users/deepanshu/Desktop/etc-spark-airflow/env/lib/python3.12/site-packages/airflow/example_dags/plugins/decreasing_priority_weight_strategy.py for tasks to queue
[2024-08-04T20:56:40.782+0530] {logging_mixin.py:188} INFO - [2024-08-04T20:56:40.782+0530] {dagbag.py:545} INFO - Filling up the DagBag from /Users/deepanshu/Desktop/etc-spark-airflow/env/lib/python3.12/site-packages/airflow/example_dags/plugins/decreasing_priority_weight_strategy.py
[2024-08-04T20:56:40.783+0530] {processor.py:842} WARNING - No viable dags retrieved from /Users/deepanshu/Desktop/etc-spark-airflow/env/lib/python3.12/site-packages/airflow/example_dags/plugins/decreasing_priority_weight_strategy.py
[2024-08-04T20:56:40.827+0530] {processor.py:183} INFO - Processing /Users/deepanshu/Desktop/etc-spark-airflow/env/lib/python3.12/site-packages/airflow/example_dags/plugins/decreasing_priority_weight_strategy.py took 0.048 seconds
[2024-08-04T20:57:08.043+0530] {processor.py:161} INFO - Started process (PID=66246) to work on /Users/deepanshu/Desktop/etc-spark-airflow/env/lib/python3.12/site-packages/airflow/example_dags/plugins/decreasing_priority_weight_strategy.py
[2024-08-04T20:57:08.044+0530] {processor.py:830} INFO - Processing file /Users/deepanshu/Desktop/etc-spark-airflow/env/lib/python3.12/site-packages/airflow/example_dags/plugins/decreasing_priority_weight_strategy.py for tasks to queue
[2024-08-04T20:57:08.044+0530] {logging_mixin.py:188} INFO - [2024-08-04T20:57:08.044+0530] {dagbag.py:545} INFO - Filling up the DagBag from /Users/deepanshu/Desktop/etc-spark-airflow/env/lib/python3.12/site-packages/airflow/example_dags/plugins/decreasing_priority_weight_strategy.py
[2024-08-04T20:57:08.045+0530] {processor.py:842} WARNING - No viable dags retrieved from /Users/deepanshu/Desktop/etc-spark-airflow/env/lib/python3.12/site-packages/airflow/example_dags/plugins/decreasing_priority_weight_strategy.py
[2024-08-04T20:57:08.088+0530] {processor.py:183} INFO - Processing /Users/deepanshu/Desktop/etc-spark-airflow/env/lib/python3.12/site-packages/airflow/example_dags/plugins/decreasing_priority_weight_strategy.py took 0.047 seconds
[2024-08-04T20:58:45.518+0530] {processor.py:161} INFO - Started process (PID=67088) to work on /Users/deepanshu/Desktop/etc-spark-airflow/env/lib/python3.12/site-packages/airflow/example_dags/plugins/decreasing_priority_weight_strategy.py
[2024-08-04T20:58:45.519+0530] {processor.py:830} INFO - Processing file /Users/deepanshu/Desktop/etc-spark-airflow/env/lib/python3.12/site-packages/airflow/example_dags/plugins/decreasing_priority_weight_strategy.py for tasks to queue
[2024-08-04T20:58:45.519+0530] {logging_mixin.py:188} INFO - [2024-08-04T20:58:45.519+0530] {dagbag.py:545} INFO - Filling up the DagBag from /Users/deepanshu/Desktop/etc-spark-airflow/env/lib/python3.12/site-packages/airflow/example_dags/plugins/decreasing_priority_weight_strategy.py
[2024-08-04T20:58:45.520+0530] {processor.py:842} WARNING - No viable dags retrieved from /Users/deepanshu/Desktop/etc-spark-airflow/env/lib/python3.12/site-packages/airflow/example_dags/plugins/decreasing_priority_weight_strategy.py
[2024-08-04T20:58:45.564+0530] {processor.py:183} INFO - Processing /Users/deepanshu/Desktop/etc-spark-airflow/env/lib/python3.12/site-packages/airflow/example_dags/plugins/decreasing_priority_weight_strategy.py took 0.047 seconds
[2024-08-04T21:00:57.190+0530] {processor.py:161} INFO - Started process (PID=68307) to work on /Users/deepanshu/Desktop/etc-spark-airflow/env/lib/python3.12/site-packages/airflow/example_dags/plugins/decreasing_priority_weight_strategy.py
[2024-08-04T21:00:57.191+0530] {processor.py:830} INFO - Processing file /Users/deepanshu/Desktop/etc-spark-airflow/env/lib/python3.12/site-packages/airflow/example_dags/plugins/decreasing_priority_weight_strategy.py for tasks to queue
[2024-08-04T21:00:57.192+0530] {logging_mixin.py:188} INFO - [2024-08-04T21:00:57.191+0530] {dagbag.py:545} INFO - Filling up the DagBag from /Users/deepanshu/Desktop/etc-spark-airflow/env/lib/python3.12/site-packages/airflow/example_dags/plugins/decreasing_priority_weight_strategy.py
[2024-08-04T21:00:57.192+0530] {processor.py:842} WARNING - No viable dags retrieved from /Users/deepanshu/Desktop/etc-spark-airflow/env/lib/python3.12/site-packages/airflow/example_dags/plugins/decreasing_priority_weight_strategy.py
[2024-08-04T21:00:57.239+0530] {processor.py:183} INFO - Processing /Users/deepanshu/Desktop/etc-spark-airflow/env/lib/python3.12/site-packages/airflow/example_dags/plugins/decreasing_priority_weight_strategy.py took 0.050 seconds
[2024-08-04T21:03:00.664+0530] {processor.py:161} INFO - Started process (PID=69168) to work on /Users/deepanshu/Desktop/etc-spark-airflow/env/lib/python3.12/site-packages/airflow/example_dags/plugins/decreasing_priority_weight_strategy.py
[2024-08-04T21:03:00.666+0530] {processor.py:830} INFO - Processing file /Users/deepanshu/Desktop/etc-spark-airflow/env/lib/python3.12/site-packages/airflow/example_dags/plugins/decreasing_priority_weight_strategy.py for tasks to queue
[2024-08-04T21:03:00.666+0530] {logging_mixin.py:188} INFO - [2024-08-04T21:03:00.666+0530] {dagbag.py:545} INFO - Filling up the DagBag from /Users/deepanshu/Desktop/etc-spark-airflow/env/lib/python3.12/site-packages/airflow/example_dags/plugins/decreasing_priority_weight_strategy.py
[2024-08-04T21:03:00.667+0530] {processor.py:842} WARNING - No viable dags retrieved from /Users/deepanshu/Desktop/etc-spark-airflow/env/lib/python3.12/site-packages/airflow/example_dags/plugins/decreasing_priority_weight_strategy.py
[2024-08-04T21:03:00.710+0530] {processor.py:183} INFO - Processing /Users/deepanshu/Desktop/etc-spark-airflow/env/lib/python3.12/site-packages/airflow/example_dags/plugins/decreasing_priority_weight_strategy.py took 0.047 seconds
[2024-08-04T21:04:49.021+0530] {processor.py:161} INFO - Started process (PID=69895) to work on /Users/deepanshu/Desktop/etc-spark-airflow/env/lib/python3.12/site-packages/airflow/example_dags/plugins/decreasing_priority_weight_strategy.py
[2024-08-04T21:04:49.023+0530] {processor.py:830} INFO - Processing file /Users/deepanshu/Desktop/etc-spark-airflow/env/lib/python3.12/site-packages/airflow/example_dags/plugins/decreasing_priority_weight_strategy.py for tasks to queue
[2024-08-04T21:04:49.023+0530] {logging_mixin.py:188} INFO - [2024-08-04T21:04:49.023+0530] {dagbag.py:545} INFO - Filling up the DagBag from /Users/deepanshu/Desktop/etc-spark-airflow/env/lib/python3.12/site-packages/airflow/example_dags/plugins/decreasing_priority_weight_strategy.py
[2024-08-04T21:04:49.024+0530] {processor.py:842} WARNING - No viable dags retrieved from /Users/deepanshu/Desktop/etc-spark-airflow/env/lib/python3.12/site-packages/airflow/example_dags/plugins/decreasing_priority_weight_strategy.py
[2024-08-04T21:04:49.067+0530] {processor.py:183} INFO - Processing /Users/deepanshu/Desktop/etc-spark-airflow/env/lib/python3.12/site-packages/airflow/example_dags/plugins/decreasing_priority_weight_strategy.py took 0.047 seconds
[2024-08-04T21:05:36.334+0530] {processor.py:161} INFO - Started process (PID=70252) to work on /Users/deepanshu/Desktop/etc-spark-airflow/env/lib/python3.12/site-packages/airflow/example_dags/plugins/decreasing_priority_weight_strategy.py
[2024-08-04T21:05:36.335+0530] {processor.py:830} INFO - Processing file /Users/deepanshu/Desktop/etc-spark-airflow/env/lib/python3.12/site-packages/airflow/example_dags/plugins/decreasing_priority_weight_strategy.py for tasks to queue
[2024-08-04T21:05:36.335+0530] {logging_mixin.py:188} INFO - [2024-08-04T21:05:36.335+0530] {dagbag.py:545} INFO - Filling up the DagBag from /Users/deepanshu/Desktop/etc-spark-airflow/env/lib/python3.12/site-packages/airflow/example_dags/plugins/decreasing_priority_weight_strategy.py
[2024-08-04T21:05:36.336+0530] {processor.py:842} WARNING - No viable dags retrieved from /Users/deepanshu/Desktop/etc-spark-airflow/env/lib/python3.12/site-packages/airflow/example_dags/plugins/decreasing_priority_weight_strategy.py
[2024-08-04T21:05:36.381+0530] {processor.py:183} INFO - Processing /Users/deepanshu/Desktop/etc-spark-airflow/env/lib/python3.12/site-packages/airflow/example_dags/plugins/decreasing_priority_weight_strategy.py took 0.049 seconds
[2024-08-04T21:07:19.640+0530] {processor.py:161} INFO - Started process (PID=70952) to work on /Users/deepanshu/Desktop/etc-spark-airflow/env/lib/python3.12/site-packages/airflow/example_dags/plugins/decreasing_priority_weight_strategy.py
[2024-08-04T21:07:19.642+0530] {processor.py:830} INFO - Processing file /Users/deepanshu/Desktop/etc-spark-airflow/env/lib/python3.12/site-packages/airflow/example_dags/plugins/decreasing_priority_weight_strategy.py for tasks to queue
[2024-08-04T21:07:19.642+0530] {logging_mixin.py:188} INFO - [2024-08-04T21:07:19.642+0530] {dagbag.py:545} INFO - Filling up the DagBag from /Users/deepanshu/Desktop/etc-spark-airflow/env/lib/python3.12/site-packages/airflow/example_dags/plugins/decreasing_priority_weight_strategy.py
[2024-08-04T21:07:19.643+0530] {processor.py:842} WARNING - No viable dags retrieved from /Users/deepanshu/Desktop/etc-spark-airflow/env/lib/python3.12/site-packages/airflow/example_dags/plugins/decreasing_priority_weight_strategy.py
[2024-08-04T21:07:19.686+0530] {processor.py:183} INFO - Processing /Users/deepanshu/Desktop/etc-spark-airflow/env/lib/python3.12/site-packages/airflow/example_dags/plugins/decreasing_priority_weight_strategy.py took 0.048 seconds
[2024-08-04T21:08:34.976+0530] {processor.py:161} INFO - Started process (PID=71588) to work on /Users/deepanshu/Desktop/etc-spark-airflow/env/lib/python3.12/site-packages/airflow/example_dags/plugins/decreasing_priority_weight_strategy.py
[2024-08-04T21:08:34.978+0530] {processor.py:830} INFO - Processing file /Users/deepanshu/Desktop/etc-spark-airflow/env/lib/python3.12/site-packages/airflow/example_dags/plugins/decreasing_priority_weight_strategy.py for tasks to queue
[2024-08-04T21:08:34.978+0530] {logging_mixin.py:188} INFO - [2024-08-04T21:08:34.978+0530] {dagbag.py:545} INFO - Filling up the DagBag from /Users/deepanshu/Desktop/etc-spark-airflow/env/lib/python3.12/site-packages/airflow/example_dags/plugins/decreasing_priority_weight_strategy.py
[2024-08-04T21:08:34.979+0530] {processor.py:842} WARNING - No viable dags retrieved from /Users/deepanshu/Desktop/etc-spark-airflow/env/lib/python3.12/site-packages/airflow/example_dags/plugins/decreasing_priority_weight_strategy.py
[2024-08-04T21:08:35.022+0530] {processor.py:183} INFO - Processing /Users/deepanshu/Desktop/etc-spark-airflow/env/lib/python3.12/site-packages/airflow/example_dags/plugins/decreasing_priority_weight_strategy.py took 0.047 seconds
[2024-08-04T21:09:03.362+0530] {processor.py:161} INFO - Started process (PID=71827) to work on /Users/deepanshu/Desktop/etc-spark-airflow/env/lib/python3.12/site-packages/airflow/example_dags/plugins/decreasing_priority_weight_strategy.py
[2024-08-04T21:09:03.363+0530] {processor.py:830} INFO - Processing file /Users/deepanshu/Desktop/etc-spark-airflow/env/lib/python3.12/site-packages/airflow/example_dags/plugins/decreasing_priority_weight_strategy.py for tasks to queue
[2024-08-04T21:09:03.363+0530] {logging_mixin.py:188} INFO - [2024-08-04T21:09:03.363+0530] {dagbag.py:545} INFO - Filling up the DagBag from /Users/deepanshu/Desktop/etc-spark-airflow/env/lib/python3.12/site-packages/airflow/example_dags/plugins/decreasing_priority_weight_strategy.py
[2024-08-04T21:09:03.364+0530] {processor.py:842} WARNING - No viable dags retrieved from /Users/deepanshu/Desktop/etc-spark-airflow/env/lib/python3.12/site-packages/airflow/example_dags/plugins/decreasing_priority_weight_strategy.py
[2024-08-04T21:09:03.443+0530] {processor.py:183} INFO - Processing /Users/deepanshu/Desktop/etc-spark-airflow/env/lib/python3.12/site-packages/airflow/example_dags/plugins/decreasing_priority_weight_strategy.py took 0.082 seconds
