[2024-08-04T20:32:47.329+0530] {processor.py:161} INFO - Started process (PID=55491) to work on /Users/deepanshu/Desktop/etc-spark-airflow/env/lib/python3.12/site-packages/airflow/example_dags/plugins/event_listener.py
[2024-08-04T20:32:47.329+0530] {processor.py:830} INFO - Processing file /Users/deepanshu/Desktop/etc-spark-airflow/env/lib/python3.12/site-packages/airflow/example_dags/plugins/event_listener.py for tasks to queue
[2024-08-04T20:32:47.329+0530] {logging_mixin.py:188} INFO - [2024-08-04T20:32:47.329+0530] {dagbag.py:545} INFO - Filling up the DagBag from /Users/deepanshu/Desktop/etc-spark-airflow/env/lib/python3.12/site-packages/airflow/example_dags/plugins/event_listener.py
[2024-08-04T20:32:47.330+0530] {processor.py:842} WARNING - No viable dags retrieved from /Users/deepanshu/Desktop/etc-spark-airflow/env/lib/python3.12/site-packages/airflow/example_dags/plugins/event_listener.py
[2024-08-04T20:32:47.375+0530] {processor.py:183} INFO - Processing /Users/deepanshu/Desktop/etc-spark-airflow/env/lib/python3.12/site-packages/airflow/example_dags/plugins/event_listener.py took 0.048 seconds
[2024-08-04T20:33:48.402+0530] {processor.py:161} INFO - Started process (PID=55965) to work on /Users/deepanshu/Desktop/etc-spark-airflow/env/lib/python3.12/site-packages/airflow/example_dags/plugins/event_listener.py
[2024-08-04T20:33:48.403+0530] {processor.py:830} INFO - Processing file /Users/deepanshu/Desktop/etc-spark-airflow/env/lib/python3.12/site-packages/airflow/example_dags/plugins/event_listener.py for tasks to queue
[2024-08-04T20:33:48.404+0530] {logging_mixin.py:188} INFO - [2024-08-04T20:33:48.404+0530] {dagbag.py:545} INFO - Filling up the DagBag from /Users/deepanshu/Desktop/etc-spark-airflow/env/lib/python3.12/site-packages/airflow/example_dags/plugins/event_listener.py
[2024-08-04T20:33:48.404+0530] {processor.py:842} WARNING - No viable dags retrieved from /Users/deepanshu/Desktop/etc-spark-airflow/env/lib/python3.12/site-packages/airflow/example_dags/plugins/event_listener.py
[2024-08-04T20:33:48.447+0530] {processor.py:183} INFO - Processing /Users/deepanshu/Desktop/etc-spark-airflow/env/lib/python3.12/site-packages/airflow/example_dags/plugins/event_listener.py took 0.047 seconds
[2024-08-04T20:35:52.615+0530] {processor.py:161} INFO - Started process (PID=56829) to work on /Users/deepanshu/Desktop/etc-spark-airflow/env/lib/python3.12/site-packages/airflow/example_dags/plugins/event_listener.py
[2024-08-04T20:35:52.616+0530] {processor.py:830} INFO - Processing file /Users/deepanshu/Desktop/etc-spark-airflow/env/lib/python3.12/site-packages/airflow/example_dags/plugins/event_listener.py for tasks to queue
[2024-08-04T20:35:52.616+0530] {logging_mixin.py:188} INFO - [2024-08-04T20:35:52.616+0530] {dagbag.py:545} INFO - Filling up the DagBag from /Users/deepanshu/Desktop/etc-spark-airflow/env/lib/python3.12/site-packages/airflow/example_dags/plugins/event_listener.py
[2024-08-04T20:35:52.617+0530] {processor.py:842} WARNING - No viable dags retrieved from /Users/deepanshu/Desktop/etc-spark-airflow/env/lib/python3.12/site-packages/airflow/example_dags/plugins/event_listener.py
[2024-08-04T20:35:52.663+0530] {processor.py:183} INFO - Processing /Users/deepanshu/Desktop/etc-spark-airflow/env/lib/python3.12/site-packages/airflow/example_dags/plugins/event_listener.py took 0.050 seconds
[2024-08-04T20:37:21.574+0530] {processor.py:161} INFO - Started process (PID=57508) to work on /Users/deepanshu/Desktop/etc-spark-airflow/env/lib/python3.12/site-packages/airflow/example_dags/plugins/event_listener.py
[2024-08-04T20:37:21.574+0530] {processor.py:830} INFO - Processing file /Users/deepanshu/Desktop/etc-spark-airflow/env/lib/python3.12/site-packages/airflow/example_dags/plugins/event_listener.py for tasks to queue
[2024-08-04T20:37:21.575+0530] {logging_mixin.py:188} INFO - [2024-08-04T20:37:21.575+0530] {dagbag.py:545} INFO - Filling up the DagBag from /Users/deepanshu/Desktop/etc-spark-airflow/env/lib/python3.12/site-packages/airflow/example_dags/plugins/event_listener.py
[2024-08-04T20:37:21.575+0530] {processor.py:842} WARNING - No viable dags retrieved from /Users/deepanshu/Desktop/etc-spark-airflow/env/lib/python3.12/site-packages/airflow/example_dags/plugins/event_listener.py
[2024-08-04T20:37:21.618+0530] {processor.py:183} INFO - Processing /Users/deepanshu/Desktop/etc-spark-airflow/env/lib/python3.12/site-packages/airflow/example_dags/plugins/event_listener.py took 0.046 seconds
[2024-08-04T20:39:21.388+0530] {processor.py:161} INFO - Started process (PID=58438) to work on /Users/deepanshu/Desktop/etc-spark-airflow/env/lib/python3.12/site-packages/airflow/example_dags/plugins/event_listener.py
[2024-08-04T20:39:21.390+0530] {processor.py:830} INFO - Processing file /Users/deepanshu/Desktop/etc-spark-airflow/env/lib/python3.12/site-packages/airflow/example_dags/plugins/event_listener.py for tasks to queue
[2024-08-04T20:39:21.390+0530] {logging_mixin.py:188} INFO - [2024-08-04T20:39:21.390+0530] {dagbag.py:545} INFO - Filling up the DagBag from /Users/deepanshu/Desktop/etc-spark-airflow/env/lib/python3.12/site-packages/airflow/example_dags/plugins/event_listener.py
[2024-08-04T20:39:21.391+0530] {processor.py:842} WARNING - No viable dags retrieved from /Users/deepanshu/Desktop/etc-spark-airflow/env/lib/python3.12/site-packages/airflow/example_dags/plugins/event_listener.py
[2024-08-04T20:39:21.434+0530] {processor.py:183} INFO - Processing /Users/deepanshu/Desktop/etc-spark-airflow/env/lib/python3.12/site-packages/airflow/example_dags/plugins/event_listener.py took 0.047 seconds
[2024-08-04T20:40:52.550+0530] {processor.py:161} INFO - Started process (PID=59152) to work on /Users/deepanshu/Desktop/etc-spark-airflow/env/lib/python3.12/site-packages/airflow/example_dags/plugins/event_listener.py
[2024-08-04T20:40:52.551+0530] {processor.py:830} INFO - Processing file /Users/deepanshu/Desktop/etc-spark-airflow/env/lib/python3.12/site-packages/airflow/example_dags/plugins/event_listener.py for tasks to queue
[2024-08-04T20:40:52.551+0530] {logging_mixin.py:188} INFO - [2024-08-04T20:40:52.551+0530] {dagbag.py:545} INFO - Filling up the DagBag from /Users/deepanshu/Desktop/etc-spark-airflow/env/lib/python3.12/site-packages/airflow/example_dags/plugins/event_listener.py
[2024-08-04T20:40:52.552+0530] {processor.py:842} WARNING - No viable dags retrieved from /Users/deepanshu/Desktop/etc-spark-airflow/env/lib/python3.12/site-packages/airflow/example_dags/plugins/event_listener.py
[2024-08-04T20:40:52.595+0530] {processor.py:183} INFO - Processing /Users/deepanshu/Desktop/etc-spark-airflow/env/lib/python3.12/site-packages/airflow/example_dags/plugins/event_listener.py took 0.047 seconds
[2024-08-04T20:42:44.415+0530] {processor.py:161} INFO - Started process (PID=59969) to work on /Users/deepanshu/Desktop/etc-spark-airflow/env/lib/python3.12/site-packages/airflow/example_dags/plugins/event_listener.py
[2024-08-04T20:42:44.416+0530] {processor.py:830} INFO - Processing file /Users/deepanshu/Desktop/etc-spark-airflow/env/lib/python3.12/site-packages/airflow/example_dags/plugins/event_listener.py for tasks to queue
[2024-08-04T20:42:44.417+0530] {logging_mixin.py:188} INFO - [2024-08-04T20:42:44.417+0530] {dagbag.py:545} INFO - Filling up the DagBag from /Users/deepanshu/Desktop/etc-spark-airflow/env/lib/python3.12/site-packages/airflow/example_dags/plugins/event_listener.py
[2024-08-04T20:42:44.418+0530] {processor.py:842} WARNING - No viable dags retrieved from /Users/deepanshu/Desktop/etc-spark-airflow/env/lib/python3.12/site-packages/airflow/example_dags/plugins/event_listener.py
[2024-08-04T20:42:44.461+0530] {processor.py:183} INFO - Processing /Users/deepanshu/Desktop/etc-spark-airflow/env/lib/python3.12/site-packages/airflow/example_dags/plugins/event_listener.py took 0.048 seconds
[2024-08-04T20:44:04.571+0530] {processor.py:161} INFO - Started process (PID=60535) to work on /Users/deepanshu/Desktop/etc-spark-airflow/env/lib/python3.12/site-packages/airflow/example_dags/plugins/event_listener.py
[2024-08-04T20:44:04.571+0530] {processor.py:830} INFO - Processing file /Users/deepanshu/Desktop/etc-spark-airflow/env/lib/python3.12/site-packages/airflow/example_dags/plugins/event_listener.py for tasks to queue
[2024-08-04T20:44:04.572+0530] {logging_mixin.py:188} INFO - [2024-08-04T20:44:04.572+0530] {dagbag.py:545} INFO - Filling up the DagBag from /Users/deepanshu/Desktop/etc-spark-airflow/env/lib/python3.12/site-packages/airflow/example_dags/plugins/event_listener.py
[2024-08-04T20:44:04.572+0530] {processor.py:842} WARNING - No viable dags retrieved from /Users/deepanshu/Desktop/etc-spark-airflow/env/lib/python3.12/site-packages/airflow/example_dags/plugins/event_listener.py
[2024-08-04T20:44:04.616+0530] {processor.py:183} INFO - Processing /Users/deepanshu/Desktop/etc-spark-airflow/env/lib/python3.12/site-packages/airflow/example_dags/plugins/event_listener.py took 0.046 seconds
[2024-08-04T20:44:38.473+0530] {processor.py:161} INFO - Started process (PID=60804) to work on /Users/deepanshu/Desktop/etc-spark-airflow/env/lib/python3.12/site-packages/airflow/example_dags/plugins/event_listener.py
[2024-08-04T20:44:38.476+0530] {processor.py:830} INFO - Processing file /Users/deepanshu/Desktop/etc-spark-airflow/env/lib/python3.12/site-packages/airflow/example_dags/plugins/event_listener.py for tasks to queue
[2024-08-04T20:44:38.479+0530] {logging_mixin.py:188} INFO - [2024-08-04T20:44:38.479+0530] {dagbag.py:545} INFO - Filling up the DagBag from /Users/deepanshu/Desktop/etc-spark-airflow/env/lib/python3.12/site-packages/airflow/example_dags/plugins/event_listener.py
[2024-08-04T20:44:38.481+0530] {processor.py:842} WARNING - No viable dags retrieved from /Users/deepanshu/Desktop/etc-spark-airflow/env/lib/python3.12/site-packages/airflow/example_dags/plugins/event_listener.py
[2024-08-04T20:44:38.669+0530] {processor.py:183} INFO - Processing /Users/deepanshu/Desktop/etc-spark-airflow/env/lib/python3.12/site-packages/airflow/example_dags/plugins/event_listener.py took 0.242 seconds
[2024-08-04T20:46:36.062+0530] {processor.py:161} INFO - Started process (PID=61634) to work on /Users/deepanshu/Desktop/etc-spark-airflow/env/lib/python3.12/site-packages/airflow/example_dags/plugins/event_listener.py
[2024-08-04T20:46:36.063+0530] {processor.py:830} INFO - Processing file /Users/deepanshu/Desktop/etc-spark-airflow/env/lib/python3.12/site-packages/airflow/example_dags/plugins/event_listener.py for tasks to queue
[2024-08-04T20:46:36.063+0530] {logging_mixin.py:188} INFO - [2024-08-04T20:46:36.063+0530] {dagbag.py:545} INFO - Filling up the DagBag from /Users/deepanshu/Desktop/etc-spark-airflow/env/lib/python3.12/site-packages/airflow/example_dags/plugins/event_listener.py
[2024-08-04T20:46:36.064+0530] {processor.py:842} WARNING - No viable dags retrieved from /Users/deepanshu/Desktop/etc-spark-airflow/env/lib/python3.12/site-packages/airflow/example_dags/plugins/event_listener.py
[2024-08-04T20:46:36.107+0530] {processor.py:183} INFO - Processing /Users/deepanshu/Desktop/etc-spark-airflow/env/lib/python3.12/site-packages/airflow/example_dags/plugins/event_listener.py took 0.047 seconds
[2024-08-04T20:47:51.945+0530] {processor.py:161} INFO - Started process (PID=62141) to work on /Users/deepanshu/Desktop/etc-spark-airflow/env/lib/python3.12/site-packages/airflow/example_dags/plugins/event_listener.py
[2024-08-04T20:47:51.946+0530] {processor.py:830} INFO - Processing file /Users/deepanshu/Desktop/etc-spark-airflow/env/lib/python3.12/site-packages/airflow/example_dags/plugins/event_listener.py for tasks to queue
[2024-08-04T20:47:51.946+0530] {logging_mixin.py:188} INFO - [2024-08-04T20:47:51.946+0530] {dagbag.py:545} INFO - Filling up the DagBag from /Users/deepanshu/Desktop/etc-spark-airflow/env/lib/python3.12/site-packages/airflow/example_dags/plugins/event_listener.py
[2024-08-04T20:47:51.947+0530] {processor.py:842} WARNING - No viable dags retrieved from /Users/deepanshu/Desktop/etc-spark-airflow/env/lib/python3.12/site-packages/airflow/example_dags/plugins/event_listener.py
[2024-08-04T20:47:51.989+0530] {processor.py:183} INFO - Processing /Users/deepanshu/Desktop/etc-spark-airflow/env/lib/python3.12/site-packages/airflow/example_dags/plugins/event_listener.py took 0.046 seconds
[2024-08-04T20:49:06.378+0530] {processor.py:161} INFO - Started process (PID=62675) to work on /Users/deepanshu/Desktop/etc-spark-airflow/env/lib/python3.12/site-packages/airflow/example_dags/plugins/event_listener.py
[2024-08-04T20:49:06.379+0530] {processor.py:830} INFO - Processing file /Users/deepanshu/Desktop/etc-spark-airflow/env/lib/python3.12/site-packages/airflow/example_dags/plugins/event_listener.py for tasks to queue
[2024-08-04T20:49:06.380+0530] {logging_mixin.py:188} INFO - [2024-08-04T20:49:06.380+0530] {dagbag.py:545} INFO - Filling up the DagBag from /Users/deepanshu/Desktop/etc-spark-airflow/env/lib/python3.12/site-packages/airflow/example_dags/plugins/event_listener.py
[2024-08-04T20:49:06.380+0530] {processor.py:842} WARNING - No viable dags retrieved from /Users/deepanshu/Desktop/etc-spark-airflow/env/lib/python3.12/site-packages/airflow/example_dags/plugins/event_listener.py
[2024-08-04T20:49:06.423+0530] {processor.py:183} INFO - Processing /Users/deepanshu/Desktop/etc-spark-airflow/env/lib/python3.12/site-packages/airflow/example_dags/plugins/event_listener.py took 0.047 seconds
[2024-08-04T20:50:22.259+0530] {processor.py:161} INFO - Started process (PID=63185) to work on /Users/deepanshu/Desktop/etc-spark-airflow/env/lib/python3.12/site-packages/airflow/example_dags/plugins/event_listener.py
[2024-08-04T20:50:22.261+0530] {processor.py:830} INFO - Processing file /Users/deepanshu/Desktop/etc-spark-airflow/env/lib/python3.12/site-packages/airflow/example_dags/plugins/event_listener.py for tasks to queue
[2024-08-04T20:50:22.261+0530] {logging_mixin.py:188} INFO - [2024-08-04T20:50:22.261+0530] {dagbag.py:545} INFO - Filling up the DagBag from /Users/deepanshu/Desktop/etc-spark-airflow/env/lib/python3.12/site-packages/airflow/example_dags/plugins/event_listener.py
[2024-08-04T20:50:22.262+0530] {processor.py:842} WARNING - No viable dags retrieved from /Users/deepanshu/Desktop/etc-spark-airflow/env/lib/python3.12/site-packages/airflow/example_dags/plugins/event_listener.py
[2024-08-04T20:50:22.308+0530] {processor.py:183} INFO - Processing /Users/deepanshu/Desktop/etc-spark-airflow/env/lib/python3.12/site-packages/airflow/example_dags/plugins/event_listener.py took 0.050 seconds
[2024-08-04T20:50:40.676+0530] {processor.py:161} INFO - Started process (PID=63349) to work on /Users/deepanshu/Desktop/etc-spark-airflow/env/lib/python3.12/site-packages/airflow/example_dags/plugins/event_listener.py
[2024-08-04T20:50:40.677+0530] {processor.py:830} INFO - Processing file /Users/deepanshu/Desktop/etc-spark-airflow/env/lib/python3.12/site-packages/airflow/example_dags/plugins/event_listener.py for tasks to queue
[2024-08-04T20:50:40.677+0530] {logging_mixin.py:188} INFO - [2024-08-04T20:50:40.677+0530] {dagbag.py:545} INFO - Filling up the DagBag from /Users/deepanshu/Desktop/etc-spark-airflow/env/lib/python3.12/site-packages/airflow/example_dags/plugins/event_listener.py
[2024-08-04T20:50:40.678+0530] {processor.py:842} WARNING - No viable dags retrieved from /Users/deepanshu/Desktop/etc-spark-airflow/env/lib/python3.12/site-packages/airflow/example_dags/plugins/event_listener.py
[2024-08-04T20:50:40.721+0530] {processor.py:183} INFO - Processing /Users/deepanshu/Desktop/etc-spark-airflow/env/lib/python3.12/site-packages/airflow/example_dags/plugins/event_listener.py took 0.047 seconds
[2024-08-04T20:52:25.219+0530] {processor.py:161} INFO - Started process (PID=64047) to work on /Users/deepanshu/Desktop/etc-spark-airflow/env/lib/python3.12/site-packages/airflow/example_dags/plugins/event_listener.py
[2024-08-04T20:52:25.220+0530] {processor.py:830} INFO - Processing file /Users/deepanshu/Desktop/etc-spark-airflow/env/lib/python3.12/site-packages/airflow/example_dags/plugins/event_listener.py for tasks to queue
[2024-08-04T20:52:25.221+0530] {logging_mixin.py:188} INFO - [2024-08-04T20:52:25.220+0530] {dagbag.py:545} INFO - Filling up the DagBag from /Users/deepanshu/Desktop/etc-spark-airflow/env/lib/python3.12/site-packages/airflow/example_dags/plugins/event_listener.py
[2024-08-04T20:52:25.221+0530] {processor.py:842} WARNING - No viable dags retrieved from /Users/deepanshu/Desktop/etc-spark-airflow/env/lib/python3.12/site-packages/airflow/example_dags/plugins/event_listener.py
[2024-08-04T20:52:25.264+0530] {processor.py:183} INFO - Processing /Users/deepanshu/Desktop/etc-spark-airflow/env/lib/python3.12/site-packages/airflow/example_dags/plugins/event_listener.py took 0.047 seconds
[2024-08-04T20:53:49.587+0530] {processor.py:161} INFO - Started process (PID=64673) to work on /Users/deepanshu/Desktop/etc-spark-airflow/env/lib/python3.12/site-packages/airflow/example_dags/plugins/event_listener.py
[2024-08-04T20:53:49.589+0530] {processor.py:830} INFO - Processing file /Users/deepanshu/Desktop/etc-spark-airflow/env/lib/python3.12/site-packages/airflow/example_dags/plugins/event_listener.py for tasks to queue
[2024-08-04T20:53:49.589+0530] {logging_mixin.py:188} INFO - [2024-08-04T20:53:49.589+0530] {dagbag.py:545} INFO - Filling up the DagBag from /Users/deepanshu/Desktop/etc-spark-airflow/env/lib/python3.12/site-packages/airflow/example_dags/plugins/event_listener.py
[2024-08-04T20:53:49.590+0530] {processor.py:842} WARNING - No viable dags retrieved from /Users/deepanshu/Desktop/etc-spark-airflow/env/lib/python3.12/site-packages/airflow/example_dags/plugins/event_listener.py
[2024-08-04T20:53:49.633+0530] {processor.py:183} INFO - Processing /Users/deepanshu/Desktop/etc-spark-airflow/env/lib/python3.12/site-packages/airflow/example_dags/plugins/event_listener.py took 0.047 seconds
[2024-08-04T20:54:38.323+0530] {processor.py:161} INFO - Started process (PID=65109) to work on /Users/deepanshu/Desktop/etc-spark-airflow/env/lib/python3.12/site-packages/airflow/example_dags/plugins/event_listener.py
[2024-08-04T20:54:38.325+0530] {processor.py:830} INFO - Processing file /Users/deepanshu/Desktop/etc-spark-airflow/env/lib/python3.12/site-packages/airflow/example_dags/plugins/event_listener.py for tasks to queue
[2024-08-04T20:54:38.325+0530] {logging_mixin.py:188} INFO - [2024-08-04T20:54:38.325+0530] {dagbag.py:545} INFO - Filling up the DagBag from /Users/deepanshu/Desktop/etc-spark-airflow/env/lib/python3.12/site-packages/airflow/example_dags/plugins/event_listener.py
[2024-08-04T20:54:38.326+0530] {processor.py:842} WARNING - No viable dags retrieved from /Users/deepanshu/Desktop/etc-spark-airflow/env/lib/python3.12/site-packages/airflow/example_dags/plugins/event_listener.py
[2024-08-04T20:54:38.369+0530] {processor.py:183} INFO - Processing /Users/deepanshu/Desktop/etc-spark-airflow/env/lib/python3.12/site-packages/airflow/example_dags/plugins/event_listener.py took 0.047 seconds
[2024-08-04T20:56:38.650+0530] {processor.py:161} INFO - Started process (PID=65981) to work on /Users/deepanshu/Desktop/etc-spark-airflow/env/lib/python3.12/site-packages/airflow/example_dags/plugins/event_listener.py
[2024-08-04T20:56:38.650+0530] {processor.py:830} INFO - Processing file /Users/deepanshu/Desktop/etc-spark-airflow/env/lib/python3.12/site-packages/airflow/example_dags/plugins/event_listener.py for tasks to queue
[2024-08-04T20:56:38.651+0530] {logging_mixin.py:188} INFO - [2024-08-04T20:56:38.651+0530] {dagbag.py:545} INFO - Filling up the DagBag from /Users/deepanshu/Desktop/etc-spark-airflow/env/lib/python3.12/site-packages/airflow/example_dags/plugins/event_listener.py
[2024-08-04T20:56:38.651+0530] {processor.py:842} WARNING - No viable dags retrieved from /Users/deepanshu/Desktop/etc-spark-airflow/env/lib/python3.12/site-packages/airflow/example_dags/plugins/event_listener.py
[2024-08-04T20:56:38.695+0530] {processor.py:183} INFO - Processing /Users/deepanshu/Desktop/etc-spark-airflow/env/lib/python3.12/site-packages/airflow/example_dags/plugins/event_listener.py took 0.046 seconds
[2024-08-04T20:57:06.001+0530] {processor.py:161} INFO - Started process (PID=66228) to work on /Users/deepanshu/Desktop/etc-spark-airflow/env/lib/python3.12/site-packages/airflow/example_dags/plugins/event_listener.py
[2024-08-04T20:57:06.002+0530] {processor.py:830} INFO - Processing file /Users/deepanshu/Desktop/etc-spark-airflow/env/lib/python3.12/site-packages/airflow/example_dags/plugins/event_listener.py for tasks to queue
[2024-08-04T20:57:06.002+0530] {logging_mixin.py:188} INFO - [2024-08-04T20:57:06.002+0530] {dagbag.py:545} INFO - Filling up the DagBag from /Users/deepanshu/Desktop/etc-spark-airflow/env/lib/python3.12/site-packages/airflow/example_dags/plugins/event_listener.py
[2024-08-04T20:57:06.003+0530] {processor.py:842} WARNING - No viable dags retrieved from /Users/deepanshu/Desktop/etc-spark-airflow/env/lib/python3.12/site-packages/airflow/example_dags/plugins/event_listener.py
[2024-08-04T20:57:06.046+0530] {processor.py:183} INFO - Processing /Users/deepanshu/Desktop/etc-spark-airflow/env/lib/python3.12/site-packages/airflow/example_dags/plugins/event_listener.py took 0.047 seconds
[2024-08-04T20:58:35.788+0530] {processor.py:161} INFO - Started process (PID=66980) to work on /Users/deepanshu/Desktop/etc-spark-airflow/env/lib/python3.12/site-packages/airflow/example_dags/plugins/event_listener.py
[2024-08-04T20:58:35.789+0530] {processor.py:830} INFO - Processing file /Users/deepanshu/Desktop/etc-spark-airflow/env/lib/python3.12/site-packages/airflow/example_dags/plugins/event_listener.py for tasks to queue
[2024-08-04T20:58:35.789+0530] {logging_mixin.py:188} INFO - [2024-08-04T20:58:35.789+0530] {dagbag.py:545} INFO - Filling up the DagBag from /Users/deepanshu/Desktop/etc-spark-airflow/env/lib/python3.12/site-packages/airflow/example_dags/plugins/event_listener.py
[2024-08-04T20:58:35.790+0530] {processor.py:842} WARNING - No viable dags retrieved from /Users/deepanshu/Desktop/etc-spark-airflow/env/lib/python3.12/site-packages/airflow/example_dags/plugins/event_listener.py
[2024-08-04T20:58:35.832+0530] {processor.py:183} INFO - Processing /Users/deepanshu/Desktop/etc-spark-airflow/env/lib/python3.12/site-packages/airflow/example_dags/plugins/event_listener.py took 0.046 seconds
[2024-08-04T21:00:55.134+0530] {processor.py:161} INFO - Started process (PID=68289) to work on /Users/deepanshu/Desktop/etc-spark-airflow/env/lib/python3.12/site-packages/airflow/example_dags/plugins/event_listener.py
[2024-08-04T21:00:55.135+0530] {processor.py:830} INFO - Processing file /Users/deepanshu/Desktop/etc-spark-airflow/env/lib/python3.12/site-packages/airflow/example_dags/plugins/event_listener.py for tasks to queue
[2024-08-04T21:00:55.135+0530] {logging_mixin.py:188} INFO - [2024-08-04T21:00:55.135+0530] {dagbag.py:545} INFO - Filling up the DagBag from /Users/deepanshu/Desktop/etc-spark-airflow/env/lib/python3.12/site-packages/airflow/example_dags/plugins/event_listener.py
[2024-08-04T21:00:55.136+0530] {processor.py:842} WARNING - No viable dags retrieved from /Users/deepanshu/Desktop/etc-spark-airflow/env/lib/python3.12/site-packages/airflow/example_dags/plugins/event_listener.py
[2024-08-04T21:00:55.179+0530] {processor.py:183} INFO - Processing /Users/deepanshu/Desktop/etc-spark-airflow/env/lib/python3.12/site-packages/airflow/example_dags/plugins/event_listener.py took 0.047 seconds
[2024-08-04T21:02:58.611+0530] {processor.py:161} INFO - Started process (PID=69154) to work on /Users/deepanshu/Desktop/etc-spark-airflow/env/lib/python3.12/site-packages/airflow/example_dags/plugins/event_listener.py
[2024-08-04T21:02:58.612+0530] {processor.py:830} INFO - Processing file /Users/deepanshu/Desktop/etc-spark-airflow/env/lib/python3.12/site-packages/airflow/example_dags/plugins/event_listener.py for tasks to queue
[2024-08-04T21:02:58.612+0530] {logging_mixin.py:188} INFO - [2024-08-04T21:02:58.612+0530] {dagbag.py:545} INFO - Filling up the DagBag from /Users/deepanshu/Desktop/etc-spark-airflow/env/lib/python3.12/site-packages/airflow/example_dags/plugins/event_listener.py
[2024-08-04T21:02:58.613+0530] {processor.py:842} WARNING - No viable dags retrieved from /Users/deepanshu/Desktop/etc-spark-airflow/env/lib/python3.12/site-packages/airflow/example_dags/plugins/event_listener.py
[2024-08-04T21:02:58.656+0530] {processor.py:183} INFO - Processing /Users/deepanshu/Desktop/etc-spark-airflow/env/lib/python3.12/site-packages/airflow/example_dags/plugins/event_listener.py took 0.047 seconds
[2024-08-04T21:04:46.979+0530] {processor.py:161} INFO - Started process (PID=69883) to work on /Users/deepanshu/Desktop/etc-spark-airflow/env/lib/python3.12/site-packages/airflow/example_dags/plugins/event_listener.py
[2024-08-04T21:04:46.980+0530] {processor.py:830} INFO - Processing file /Users/deepanshu/Desktop/etc-spark-airflow/env/lib/python3.12/site-packages/airflow/example_dags/plugins/event_listener.py for tasks to queue
[2024-08-04T21:04:46.981+0530] {logging_mixin.py:188} INFO - [2024-08-04T21:04:46.981+0530] {dagbag.py:545} INFO - Filling up the DagBag from /Users/deepanshu/Desktop/etc-spark-airflow/env/lib/python3.12/site-packages/airflow/example_dags/plugins/event_listener.py
[2024-08-04T21:04:46.981+0530] {processor.py:842} WARNING - No viable dags retrieved from /Users/deepanshu/Desktop/etc-spark-airflow/env/lib/python3.12/site-packages/airflow/example_dags/plugins/event_listener.py
[2024-08-04T21:04:47.025+0530] {processor.py:183} INFO - Processing /Users/deepanshu/Desktop/etc-spark-airflow/env/lib/python3.12/site-packages/airflow/example_dags/plugins/event_listener.py took 0.047 seconds
[2024-08-04T21:05:34.252+0530] {processor.py:161} INFO - Started process (PID=70239) to work on /Users/deepanshu/Desktop/etc-spark-airflow/env/lib/python3.12/site-packages/airflow/example_dags/plugins/event_listener.py
[2024-08-04T21:05:34.253+0530] {processor.py:830} INFO - Processing file /Users/deepanshu/Desktop/etc-spark-airflow/env/lib/python3.12/site-packages/airflow/example_dags/plugins/event_listener.py for tasks to queue
[2024-08-04T21:05:34.254+0530] {logging_mixin.py:188} INFO - [2024-08-04T21:05:34.253+0530] {dagbag.py:545} INFO - Filling up the DagBag from /Users/deepanshu/Desktop/etc-spark-airflow/env/lib/python3.12/site-packages/airflow/example_dags/plugins/event_listener.py
[2024-08-04T21:05:34.254+0530] {processor.py:842} WARNING - No viable dags retrieved from /Users/deepanshu/Desktop/etc-spark-airflow/env/lib/python3.12/site-packages/airflow/example_dags/plugins/event_listener.py
[2024-08-04T21:05:34.299+0530] {processor.py:183} INFO - Processing /Users/deepanshu/Desktop/etc-spark-airflow/env/lib/python3.12/site-packages/airflow/example_dags/plugins/event_listener.py took 0.048 seconds
[2024-08-04T21:07:17.576+0530] {processor.py:161} INFO - Started process (PID=70939) to work on /Users/deepanshu/Desktop/etc-spark-airflow/env/lib/python3.12/site-packages/airflow/example_dags/plugins/event_listener.py
[2024-08-04T21:07:17.577+0530] {processor.py:830} INFO - Processing file /Users/deepanshu/Desktop/etc-spark-airflow/env/lib/python3.12/site-packages/airflow/example_dags/plugins/event_listener.py for tasks to queue
[2024-08-04T21:07:17.577+0530] {logging_mixin.py:188} INFO - [2024-08-04T21:07:17.577+0530] {dagbag.py:545} INFO - Filling up the DagBag from /Users/deepanshu/Desktop/etc-spark-airflow/env/lib/python3.12/site-packages/airflow/example_dags/plugins/event_listener.py
[2024-08-04T21:07:17.578+0530] {processor.py:842} WARNING - No viable dags retrieved from /Users/deepanshu/Desktop/etc-spark-airflow/env/lib/python3.12/site-packages/airflow/example_dags/plugins/event_listener.py
[2024-08-04T21:07:17.621+0530] {processor.py:183} INFO - Processing /Users/deepanshu/Desktop/etc-spark-airflow/env/lib/python3.12/site-packages/airflow/example_dags/plugins/event_listener.py took 0.047 seconds
[2024-08-04T21:08:03.477+0530] {processor.py:161} INFO - Started process (PID=71308) to work on /Users/deepanshu/Desktop/etc-spark-airflow/env/lib/python3.12/site-packages/airflow/example_dags/plugins/event_listener.py
[2024-08-04T21:08:03.478+0530] {processor.py:830} INFO - Processing file /Users/deepanshu/Desktop/etc-spark-airflow/env/lib/python3.12/site-packages/airflow/example_dags/plugins/event_listener.py for tasks to queue
[2024-08-04T21:08:03.479+0530] {logging_mixin.py:188} INFO - [2024-08-04T21:08:03.479+0530] {dagbag.py:545} INFO - Filling up the DagBag from /Users/deepanshu/Desktop/etc-spark-airflow/env/lib/python3.12/site-packages/airflow/example_dags/plugins/event_listener.py
[2024-08-04T21:08:03.479+0530] {processor.py:842} WARNING - No viable dags retrieved from /Users/deepanshu/Desktop/etc-spark-airflow/env/lib/python3.12/site-packages/airflow/example_dags/plugins/event_listener.py
[2024-08-04T21:08:03.523+0530] {processor.py:183} INFO - Processing /Users/deepanshu/Desktop/etc-spark-airflow/env/lib/python3.12/site-packages/airflow/example_dags/plugins/event_listener.py took 0.047 seconds
[2024-08-04T21:08:32.943+0530] {processor.py:161} INFO - Started process (PID=71573) to work on /Users/deepanshu/Desktop/etc-spark-airflow/env/lib/python3.12/site-packages/airflow/example_dags/plugins/event_listener.py
[2024-08-04T21:08:32.945+0530] {processor.py:830} INFO - Processing file /Users/deepanshu/Desktop/etc-spark-airflow/env/lib/python3.12/site-packages/airflow/example_dags/plugins/event_listener.py for tasks to queue
[2024-08-04T21:08:32.945+0530] {logging_mixin.py:188} INFO - [2024-08-04T21:08:32.945+0530] {dagbag.py:545} INFO - Filling up the DagBag from /Users/deepanshu/Desktop/etc-spark-airflow/env/lib/python3.12/site-packages/airflow/example_dags/plugins/event_listener.py
[2024-08-04T21:08:32.946+0530] {processor.py:842} WARNING - No viable dags retrieved from /Users/deepanshu/Desktop/etc-spark-airflow/env/lib/python3.12/site-packages/airflow/example_dags/plugins/event_listener.py
[2024-08-04T21:08:32.989+0530] {processor.py:183} INFO - Processing /Users/deepanshu/Desktop/etc-spark-airflow/env/lib/python3.12/site-packages/airflow/example_dags/plugins/event_listener.py took 0.047 seconds
[2024-08-04T21:09:01.319+0530] {processor.py:161} INFO - Started process (PID=71813) to work on /Users/deepanshu/Desktop/etc-spark-airflow/env/lib/python3.12/site-packages/airflow/example_dags/plugins/event_listener.py
[2024-08-04T21:09:01.320+0530] {processor.py:830} INFO - Processing file /Users/deepanshu/Desktop/etc-spark-airflow/env/lib/python3.12/site-packages/airflow/example_dags/plugins/event_listener.py for tasks to queue
[2024-08-04T21:09:01.320+0530] {logging_mixin.py:188} INFO - [2024-08-04T21:09:01.320+0530] {dagbag.py:545} INFO - Filling up the DagBag from /Users/deepanshu/Desktop/etc-spark-airflow/env/lib/python3.12/site-packages/airflow/example_dags/plugins/event_listener.py
[2024-08-04T21:09:01.321+0530] {processor.py:842} WARNING - No viable dags retrieved from /Users/deepanshu/Desktop/etc-spark-airflow/env/lib/python3.12/site-packages/airflow/example_dags/plugins/event_listener.py
[2024-08-04T21:09:01.364+0530] {processor.py:183} INFO - Processing /Users/deepanshu/Desktop/etc-spark-airflow/env/lib/python3.12/site-packages/airflow/example_dags/plugins/event_listener.py took 0.047 seconds
