[2024-08-04T20:32:42.979+0530] {processor.py:161} INFO - Started process (PID=55457) to work on /Users/deepanshu/Desktop/etc-spark-airflow/env/lib/python3.12/site-packages/airflow/example_dags/plugins/workday.py
[2024-08-04T20:32:42.979+0530] {processor.py:830} INFO - Processing file /Users/deepanshu/Desktop/etc-spark-airflow/env/lib/python3.12/site-packages/airflow/example_dags/plugins/workday.py for tasks to queue
[2024-08-04T20:32:42.980+0530] {logging_mixin.py:188} INFO - [2024-08-04T20:32:42.979+0530] {dagbag.py:545} INFO - Filling up the DagBag from /Users/deepanshu/Desktop/etc-spark-airflow/env/lib/python3.12/site-packages/airflow/example_dags/plugins/workday.py
[2024-08-04T20:32:42.980+0530] {logging_mixin.py:188} INFO - [2024-08-04T20:32:42.980+0530] {workday.py:41} WARNING - Could not import pandas. Holidays will not be considered.
[2024-08-04T20:32:42.980+0530] {processor.py:842} WARNING - No viable dags retrieved from /Users/deepanshu/Desktop/etc-spark-airflow/env/lib/python3.12/site-packages/airflow/example_dags/plugins/workday.py
[2024-08-04T20:32:43.023+0530] {processor.py:183} INFO - Processing /Users/deepanshu/Desktop/etc-spark-airflow/env/lib/python3.12/site-packages/airflow/example_dags/plugins/workday.py took 0.046 seconds
[2024-08-04T20:33:45.218+0530] {processor.py:161} INFO - Started process (PID=55940) to work on /Users/deepanshu/Desktop/etc-spark-airflow/env/lib/python3.12/site-packages/airflow/example_dags/plugins/workday.py
[2024-08-04T20:33:45.219+0530] {processor.py:830} INFO - Processing file /Users/deepanshu/Desktop/etc-spark-airflow/env/lib/python3.12/site-packages/airflow/example_dags/plugins/workday.py for tasks to queue
[2024-08-04T20:33:45.220+0530] {logging_mixin.py:188} INFO - [2024-08-04T20:33:45.219+0530] {dagbag.py:545} INFO - Filling up the DagBag from /Users/deepanshu/Desktop/etc-spark-airflow/env/lib/python3.12/site-packages/airflow/example_dags/plugins/workday.py
[2024-08-04T20:33:45.220+0530] {logging_mixin.py:188} INFO - [2024-08-04T20:33:45.220+0530] {workday.py:41} WARNING - Could not import pandas. Holidays will not be considered.
[2024-08-04T20:33:45.220+0530] {processor.py:842} WARNING - No viable dags retrieved from /Users/deepanshu/Desktop/etc-spark-airflow/env/lib/python3.12/site-packages/airflow/example_dags/plugins/workday.py
[2024-08-04T20:33:45.263+0530] {processor.py:183} INFO - Processing /Users/deepanshu/Desktop/etc-spark-airflow/env/lib/python3.12/site-packages/airflow/example_dags/plugins/workday.py took 0.047 seconds
[2024-08-04T20:35:48.300+0530] {processor.py:161} INFO - Started process (PID=56803) to work on /Users/deepanshu/Desktop/etc-spark-airflow/env/lib/python3.12/site-packages/airflow/example_dags/plugins/workday.py
[2024-08-04T20:35:48.302+0530] {processor.py:830} INFO - Processing file /Users/deepanshu/Desktop/etc-spark-airflow/env/lib/python3.12/site-packages/airflow/example_dags/plugins/workday.py for tasks to queue
[2024-08-04T20:35:48.302+0530] {logging_mixin.py:188} INFO - [2024-08-04T20:35:48.302+0530] {dagbag.py:545} INFO - Filling up the DagBag from /Users/deepanshu/Desktop/etc-spark-airflow/env/lib/python3.12/site-packages/airflow/example_dags/plugins/workday.py
[2024-08-04T20:35:48.304+0530] {logging_mixin.py:188} INFO - [2024-08-04T20:35:48.304+0530] {workday.py:41} WARNING - Could not import pandas. Holidays will not be considered.
[2024-08-04T20:35:48.304+0530] {processor.py:842} WARNING - No viable dags retrieved from /Users/deepanshu/Desktop/etc-spark-airflow/env/lib/python3.12/site-packages/airflow/example_dags/plugins/workday.py
[2024-08-04T20:35:48.359+0530] {processor.py:183} INFO - Processing /Users/deepanshu/Desktop/etc-spark-airflow/env/lib/python3.12/site-packages/airflow/example_dags/plugins/workday.py took 0.061 seconds
[2024-08-04T20:37:17.617+0530] {processor.py:161} INFO - Started process (PID=57479) to work on /Users/deepanshu/Desktop/etc-spark-airflow/env/lib/python3.12/site-packages/airflow/example_dags/plugins/workday.py
[2024-08-04T20:37:17.619+0530] {processor.py:830} INFO - Processing file /Users/deepanshu/Desktop/etc-spark-airflow/env/lib/python3.12/site-packages/airflow/example_dags/plugins/workday.py for tasks to queue
[2024-08-04T20:37:17.619+0530] {logging_mixin.py:188} INFO - [2024-08-04T20:37:17.619+0530] {dagbag.py:545} INFO - Filling up the DagBag from /Users/deepanshu/Desktop/etc-spark-airflow/env/lib/python3.12/site-packages/airflow/example_dags/plugins/workday.py
[2024-08-04T20:37:17.621+0530] {logging_mixin.py:188} INFO - [2024-08-04T20:37:17.621+0530] {workday.py:41} WARNING - Could not import pandas. Holidays will not be considered.
[2024-08-04T20:37:17.621+0530] {processor.py:842} WARNING - No viable dags retrieved from /Users/deepanshu/Desktop/etc-spark-airflow/env/lib/python3.12/site-packages/airflow/example_dags/plugins/workday.py
[2024-08-04T20:37:17.675+0530] {processor.py:183} INFO - Processing /Users/deepanshu/Desktop/etc-spark-airflow/env/lib/python3.12/site-packages/airflow/example_dags/plugins/workday.py took 0.060 seconds
[2024-08-04T20:39:17.462+0530] {processor.py:161} INFO - Started process (PID=58409) to work on /Users/deepanshu/Desktop/etc-spark-airflow/env/lib/python3.12/site-packages/airflow/example_dags/plugins/workday.py
[2024-08-04T20:39:17.463+0530] {processor.py:830} INFO - Processing file /Users/deepanshu/Desktop/etc-spark-airflow/env/lib/python3.12/site-packages/airflow/example_dags/plugins/workday.py for tasks to queue
[2024-08-04T20:39:17.463+0530] {logging_mixin.py:188} INFO - [2024-08-04T20:39:17.463+0530] {dagbag.py:545} INFO - Filling up the DagBag from /Users/deepanshu/Desktop/etc-spark-airflow/env/lib/python3.12/site-packages/airflow/example_dags/plugins/workday.py
[2024-08-04T20:39:17.464+0530] {logging_mixin.py:188} INFO - [2024-08-04T20:39:17.464+0530] {workday.py:41} WARNING - Could not import pandas. Holidays will not be considered.
[2024-08-04T20:39:17.464+0530] {processor.py:842} WARNING - No viable dags retrieved from /Users/deepanshu/Desktop/etc-spark-airflow/env/lib/python3.12/site-packages/airflow/example_dags/plugins/workday.py
[2024-08-04T20:39:17.508+0530] {processor.py:183} INFO - Processing /Users/deepanshu/Desktop/etc-spark-airflow/env/lib/python3.12/site-packages/airflow/example_dags/plugins/workday.py took 0.048 seconds
[2024-08-04T20:40:49.106+0530] {processor.py:161} INFO - Started process (PID=59135) to work on /Users/deepanshu/Desktop/etc-spark-airflow/env/lib/python3.12/site-packages/airflow/example_dags/plugins/workday.py
[2024-08-04T20:40:49.107+0530] {processor.py:830} INFO - Processing file /Users/deepanshu/Desktop/etc-spark-airflow/env/lib/python3.12/site-packages/airflow/example_dags/plugins/workday.py for tasks to queue
[2024-08-04T20:40:49.107+0530] {logging_mixin.py:188} INFO - [2024-08-04T20:40:49.107+0530] {dagbag.py:545} INFO - Filling up the DagBag from /Users/deepanshu/Desktop/etc-spark-airflow/env/lib/python3.12/site-packages/airflow/example_dags/plugins/workday.py
[2024-08-04T20:40:49.108+0530] {logging_mixin.py:188} INFO - [2024-08-04T20:40:49.108+0530] {workday.py:41} WARNING - Could not import pandas. Holidays will not be considered.
[2024-08-04T20:40:49.109+0530] {processor.py:842} WARNING - No viable dags retrieved from /Users/deepanshu/Desktop/etc-spark-airflow/env/lib/python3.12/site-packages/airflow/example_dags/plugins/workday.py
[2024-08-04T20:40:49.152+0530] {processor.py:183} INFO - Processing /Users/deepanshu/Desktop/etc-spark-airflow/env/lib/python3.12/site-packages/airflow/example_dags/plugins/workday.py took 0.048 seconds
[2024-08-04T20:42:40.240+0530] {processor.py:161} INFO - Started process (PID=59939) to work on /Users/deepanshu/Desktop/etc-spark-airflow/env/lib/python3.12/site-packages/airflow/example_dags/plugins/workday.py
[2024-08-04T20:42:40.241+0530] {processor.py:830} INFO - Processing file /Users/deepanshu/Desktop/etc-spark-airflow/env/lib/python3.12/site-packages/airflow/example_dags/plugins/workday.py for tasks to queue
[2024-08-04T20:42:40.241+0530] {logging_mixin.py:188} INFO - [2024-08-04T20:42:40.241+0530] {dagbag.py:545} INFO - Filling up the DagBag from /Users/deepanshu/Desktop/etc-spark-airflow/env/lib/python3.12/site-packages/airflow/example_dags/plugins/workday.py
[2024-08-04T20:42:40.242+0530] {logging_mixin.py:188} INFO - [2024-08-04T20:42:40.242+0530] {workday.py:41} WARNING - Could not import pandas. Holidays will not be considered.
[2024-08-04T20:42:40.242+0530] {processor.py:842} WARNING - No viable dags retrieved from /Users/deepanshu/Desktop/etc-spark-airflow/env/lib/python3.12/site-packages/airflow/example_dags/plugins/workday.py
[2024-08-04T20:42:40.285+0530] {processor.py:183} INFO - Processing /Users/deepanshu/Desktop/etc-spark-airflow/env/lib/python3.12/site-packages/airflow/example_dags/plugins/workday.py took 0.047 seconds
[2024-08-04T20:44:01.185+0530] {processor.py:161} INFO - Started process (PID=60512) to work on /Users/deepanshu/Desktop/etc-spark-airflow/env/lib/python3.12/site-packages/airflow/example_dags/plugins/workday.py
[2024-08-04T20:44:01.186+0530] {processor.py:830} INFO - Processing file /Users/deepanshu/Desktop/etc-spark-airflow/env/lib/python3.12/site-packages/airflow/example_dags/plugins/workday.py for tasks to queue
[2024-08-04T20:44:01.186+0530] {logging_mixin.py:188} INFO - [2024-08-04T20:44:01.186+0530] {dagbag.py:545} INFO - Filling up the DagBag from /Users/deepanshu/Desktop/etc-spark-airflow/env/lib/python3.12/site-packages/airflow/example_dags/plugins/workday.py
[2024-08-04T20:44:01.187+0530] {logging_mixin.py:188} INFO - [2024-08-04T20:44:01.187+0530] {workday.py:41} WARNING - Could not import pandas. Holidays will not be considered.
[2024-08-04T20:44:01.187+0530] {processor.py:842} WARNING - No viable dags retrieved from /Users/deepanshu/Desktop/etc-spark-airflow/env/lib/python3.12/site-packages/airflow/example_dags/plugins/workday.py
[2024-08-04T20:44:01.231+0530] {processor.py:183} INFO - Processing /Users/deepanshu/Desktop/etc-spark-airflow/env/lib/python3.12/site-packages/airflow/example_dags/plugins/workday.py took 0.048 seconds
[2024-08-04T20:44:32.466+0530] {processor.py:161} INFO - Started process (PID=60775) to work on /Users/deepanshu/Desktop/etc-spark-airflow/env/lib/python3.12/site-packages/airflow/example_dags/plugins/workday.py
[2024-08-04T20:44:32.467+0530] {processor.py:830} INFO - Processing file /Users/deepanshu/Desktop/etc-spark-airflow/env/lib/python3.12/site-packages/airflow/example_dags/plugins/workday.py for tasks to queue
[2024-08-04T20:44:32.467+0530] {logging_mixin.py:188} INFO - [2024-08-04T20:44:32.467+0530] {dagbag.py:545} INFO - Filling up the DagBag from /Users/deepanshu/Desktop/etc-spark-airflow/env/lib/python3.12/site-packages/airflow/example_dags/plugins/workday.py
[2024-08-04T20:44:32.468+0530] {logging_mixin.py:188} INFO - [2024-08-04T20:44:32.468+0530] {workday.py:41} WARNING - Could not import pandas. Holidays will not be considered.
[2024-08-04T20:44:32.468+0530] {processor.py:842} WARNING - No viable dags retrieved from /Users/deepanshu/Desktop/etc-spark-airflow/env/lib/python3.12/site-packages/airflow/example_dags/plugins/workday.py
[2024-08-04T20:44:32.513+0530] {processor.py:183} INFO - Processing /Users/deepanshu/Desktop/etc-spark-airflow/env/lib/python3.12/site-packages/airflow/example_dags/plugins/workday.py took 0.049 seconds
[2024-08-04T20:46:31.891+0530] {processor.py:161} INFO - Started process (PID=61600) to work on /Users/deepanshu/Desktop/etc-spark-airflow/env/lib/python3.12/site-packages/airflow/example_dags/plugins/workday.py
[2024-08-04T20:46:31.892+0530] {processor.py:830} INFO - Processing file /Users/deepanshu/Desktop/etc-spark-airflow/env/lib/python3.12/site-packages/airflow/example_dags/plugins/workday.py for tasks to queue
[2024-08-04T20:46:31.892+0530] {logging_mixin.py:188} INFO - [2024-08-04T20:46:31.892+0530] {dagbag.py:545} INFO - Filling up the DagBag from /Users/deepanshu/Desktop/etc-spark-airflow/env/lib/python3.12/site-packages/airflow/example_dags/plugins/workday.py
[2024-08-04T20:46:31.893+0530] {logging_mixin.py:188} INFO - [2024-08-04T20:46:31.893+0530] {workday.py:41} WARNING - Could not import pandas. Holidays will not be considered.
[2024-08-04T20:46:31.893+0530] {processor.py:842} WARNING - No viable dags retrieved from /Users/deepanshu/Desktop/etc-spark-airflow/env/lib/python3.12/site-packages/airflow/example_dags/plugins/workday.py
[2024-08-04T20:46:31.937+0530] {processor.py:183} INFO - Processing /Users/deepanshu/Desktop/etc-spark-airflow/env/lib/python3.12/site-packages/airflow/example_dags/plugins/workday.py took 0.048 seconds
[2024-08-04T20:47:48.465+0530] {processor.py:161} INFO - Started process (PID=62115) to work on /Users/deepanshu/Desktop/etc-spark-airflow/env/lib/python3.12/site-packages/airflow/example_dags/plugins/workday.py
[2024-08-04T20:47:48.465+0530] {processor.py:830} INFO - Processing file /Users/deepanshu/Desktop/etc-spark-airflow/env/lib/python3.12/site-packages/airflow/example_dags/plugins/workday.py for tasks to queue
[2024-08-04T20:47:48.466+0530] {logging_mixin.py:188} INFO - [2024-08-04T20:47:48.466+0530] {dagbag.py:545} INFO - Filling up the DagBag from /Users/deepanshu/Desktop/etc-spark-airflow/env/lib/python3.12/site-packages/airflow/example_dags/plugins/workday.py
[2024-08-04T20:47:48.467+0530] {logging_mixin.py:188} INFO - [2024-08-04T20:47:48.467+0530] {workday.py:41} WARNING - Could not import pandas. Holidays will not be considered.
[2024-08-04T20:47:48.467+0530] {processor.py:842} WARNING - No viable dags retrieved from /Users/deepanshu/Desktop/etc-spark-airflow/env/lib/python3.12/site-packages/airflow/example_dags/plugins/workday.py
[2024-08-04T20:47:48.511+0530] {processor.py:183} INFO - Processing /Users/deepanshu/Desktop/etc-spark-airflow/env/lib/python3.12/site-packages/airflow/example_dags/plugins/workday.py took 0.048 seconds
[2024-08-04T20:49:02.424+0530] {processor.py:161} INFO - Started process (PID=62647) to work on /Users/deepanshu/Desktop/etc-spark-airflow/env/lib/python3.12/site-packages/airflow/example_dags/plugins/workday.py
[2024-08-04T20:49:02.425+0530] {processor.py:830} INFO - Processing file /Users/deepanshu/Desktop/etc-spark-airflow/env/lib/python3.12/site-packages/airflow/example_dags/plugins/workday.py for tasks to queue
[2024-08-04T20:49:02.425+0530] {logging_mixin.py:188} INFO - [2024-08-04T20:49:02.425+0530] {dagbag.py:545} INFO - Filling up the DagBag from /Users/deepanshu/Desktop/etc-spark-airflow/env/lib/python3.12/site-packages/airflow/example_dags/plugins/workday.py
[2024-08-04T20:49:02.426+0530] {logging_mixin.py:188} INFO - [2024-08-04T20:49:02.426+0530] {workday.py:41} WARNING - Could not import pandas. Holidays will not be considered.
[2024-08-04T20:49:02.427+0530] {processor.py:842} WARNING - No viable dags retrieved from /Users/deepanshu/Desktop/etc-spark-airflow/env/lib/python3.12/site-packages/airflow/example_dags/plugins/workday.py
[2024-08-04T20:49:02.470+0530] {processor.py:183} INFO - Processing /Users/deepanshu/Desktop/etc-spark-airflow/env/lib/python3.12/site-packages/airflow/example_dags/plugins/workday.py took 0.047 seconds
[2024-08-04T20:50:18.286+0530] {processor.py:161} INFO - Started process (PID=63158) to work on /Users/deepanshu/Desktop/etc-spark-airflow/env/lib/python3.12/site-packages/airflow/example_dags/plugins/workday.py
[2024-08-04T20:50:18.287+0530] {processor.py:830} INFO - Processing file /Users/deepanshu/Desktop/etc-spark-airflow/env/lib/python3.12/site-packages/airflow/example_dags/plugins/workday.py for tasks to queue
[2024-08-04T20:50:18.288+0530] {logging_mixin.py:188} INFO - [2024-08-04T20:50:18.288+0530] {dagbag.py:545} INFO - Filling up the DagBag from /Users/deepanshu/Desktop/etc-spark-airflow/env/lib/python3.12/site-packages/airflow/example_dags/plugins/workday.py
[2024-08-04T20:50:18.289+0530] {logging_mixin.py:188} INFO - [2024-08-04T20:50:18.289+0530] {workday.py:41} WARNING - Could not import pandas. Holidays will not be considered.
[2024-08-04T20:50:18.289+0530] {processor.py:842} WARNING - No viable dags retrieved from /Users/deepanshu/Desktop/etc-spark-airflow/env/lib/python3.12/site-packages/airflow/example_dags/plugins/workday.py
[2024-08-04T20:50:18.334+0530] {processor.py:183} INFO - Processing /Users/deepanshu/Desktop/etc-spark-airflow/env/lib/python3.12/site-packages/airflow/example_dags/plugins/workday.py took 0.050 seconds
[2024-08-04T20:50:36.911+0530] {processor.py:161} INFO - Started process (PID=63323) to work on /Users/deepanshu/Desktop/etc-spark-airflow/env/lib/python3.12/site-packages/airflow/example_dags/plugins/workday.py
[2024-08-04T20:50:36.912+0530] {processor.py:830} INFO - Processing file /Users/deepanshu/Desktop/etc-spark-airflow/env/lib/python3.12/site-packages/airflow/example_dags/plugins/workday.py for tasks to queue
[2024-08-04T20:50:36.912+0530] {logging_mixin.py:188} INFO - [2024-08-04T20:50:36.912+0530] {dagbag.py:545} INFO - Filling up the DagBag from /Users/deepanshu/Desktop/etc-spark-airflow/env/lib/python3.12/site-packages/airflow/example_dags/plugins/workday.py
[2024-08-04T20:50:36.913+0530] {logging_mixin.py:188} INFO - [2024-08-04T20:50:36.913+0530] {workday.py:41} WARNING - Could not import pandas. Holidays will not be considered.
[2024-08-04T20:50:36.913+0530] {processor.py:842} WARNING - No viable dags retrieved from /Users/deepanshu/Desktop/etc-spark-airflow/env/lib/python3.12/site-packages/airflow/example_dags/plugins/workday.py
[2024-08-04T20:50:36.956+0530] {processor.py:183} INFO - Processing /Users/deepanshu/Desktop/etc-spark-airflow/env/lib/python3.12/site-packages/airflow/example_dags/plugins/workday.py took 0.047 seconds
[2024-08-04T20:52:21.224+0530] {processor.py:161} INFO - Started process (PID=64021) to work on /Users/deepanshu/Desktop/etc-spark-airflow/env/lib/python3.12/site-packages/airflow/example_dags/plugins/workday.py
[2024-08-04T20:52:21.225+0530] {processor.py:830} INFO - Processing file /Users/deepanshu/Desktop/etc-spark-airflow/env/lib/python3.12/site-packages/airflow/example_dags/plugins/workday.py for tasks to queue
[2024-08-04T20:52:21.225+0530] {logging_mixin.py:188} INFO - [2024-08-04T20:52:21.225+0530] {dagbag.py:545} INFO - Filling up the DagBag from /Users/deepanshu/Desktop/etc-spark-airflow/env/lib/python3.12/site-packages/airflow/example_dags/plugins/workday.py
[2024-08-04T20:52:21.226+0530] {logging_mixin.py:188} INFO - [2024-08-04T20:52:21.226+0530] {workday.py:41} WARNING - Could not import pandas. Holidays will not be considered.
[2024-08-04T20:52:21.227+0530] {processor.py:842} WARNING - No viable dags retrieved from /Users/deepanshu/Desktop/etc-spark-airflow/env/lib/python3.12/site-packages/airflow/example_dags/plugins/workday.py
[2024-08-04T20:52:21.270+0530] {processor.py:183} INFO - Processing /Users/deepanshu/Desktop/etc-spark-airflow/env/lib/python3.12/site-packages/airflow/example_dags/plugins/workday.py took 0.048 seconds
[2024-08-04T20:53:45.508+0530] {processor.py:161} INFO - Started process (PID=64646) to work on /Users/deepanshu/Desktop/etc-spark-airflow/env/lib/python3.12/site-packages/airflow/example_dags/plugins/workday.py
[2024-08-04T20:53:45.509+0530] {processor.py:830} INFO - Processing file /Users/deepanshu/Desktop/etc-spark-airflow/env/lib/python3.12/site-packages/airflow/example_dags/plugins/workday.py for tasks to queue
[2024-08-04T20:53:45.509+0530] {logging_mixin.py:188} INFO - [2024-08-04T20:53:45.509+0530] {dagbag.py:545} INFO - Filling up the DagBag from /Users/deepanshu/Desktop/etc-spark-airflow/env/lib/python3.12/site-packages/airflow/example_dags/plugins/workday.py
[2024-08-04T20:53:45.510+0530] {logging_mixin.py:188} INFO - [2024-08-04T20:53:45.510+0530] {workday.py:41} WARNING - Could not import pandas. Holidays will not be considered.
[2024-08-04T20:53:45.510+0530] {processor.py:842} WARNING - No viable dags retrieved from /Users/deepanshu/Desktop/etc-spark-airflow/env/lib/python3.12/site-packages/airflow/example_dags/plugins/workday.py
[2024-08-04T20:53:45.553+0530] {processor.py:183} INFO - Processing /Users/deepanshu/Desktop/etc-spark-airflow/env/lib/python3.12/site-packages/airflow/example_dags/plugins/workday.py took 0.047 seconds
[2024-08-04T20:54:34.332+0530] {processor.py:161} INFO - Started process (PID=65082) to work on /Users/deepanshu/Desktop/etc-spark-airflow/env/lib/python3.12/site-packages/airflow/example_dags/plugins/workday.py
[2024-08-04T20:54:34.333+0530] {processor.py:830} INFO - Processing file /Users/deepanshu/Desktop/etc-spark-airflow/env/lib/python3.12/site-packages/airflow/example_dags/plugins/workday.py for tasks to queue
[2024-08-04T20:54:34.333+0530] {logging_mixin.py:188} INFO - [2024-08-04T20:54:34.333+0530] {dagbag.py:545} INFO - Filling up the DagBag from /Users/deepanshu/Desktop/etc-spark-airflow/env/lib/python3.12/site-packages/airflow/example_dags/plugins/workday.py
[2024-08-04T20:54:34.334+0530] {logging_mixin.py:188} INFO - [2024-08-04T20:54:34.334+0530] {workday.py:41} WARNING - Could not import pandas. Holidays will not be considered.
[2024-08-04T20:54:34.334+0530] {processor.py:842} WARNING - No viable dags retrieved from /Users/deepanshu/Desktop/etc-spark-airflow/env/lib/python3.12/site-packages/airflow/example_dags/plugins/workday.py
[2024-08-04T20:54:34.378+0530] {processor.py:183} INFO - Processing /Users/deepanshu/Desktop/etc-spark-airflow/env/lib/python3.12/site-packages/airflow/example_dags/plugins/workday.py took 0.047 seconds
[2024-08-04T20:56:21.623+0530] {processor.py:161} INFO - Started process (PID=65817) to work on /Users/deepanshu/Desktop/etc-spark-airflow/env/lib/python3.12/site-packages/airflow/example_dags/plugins/workday.py
[2024-08-04T20:56:21.625+0530] {processor.py:830} INFO - Processing file /Users/deepanshu/Desktop/etc-spark-airflow/env/lib/python3.12/site-packages/airflow/example_dags/plugins/workday.py for tasks to queue
[2024-08-04T20:56:21.625+0530] {logging_mixin.py:188} INFO - [2024-08-04T20:56:21.625+0530] {dagbag.py:545} INFO - Filling up the DagBag from /Users/deepanshu/Desktop/etc-spark-airflow/env/lib/python3.12/site-packages/airflow/example_dags/plugins/workday.py
[2024-08-04T20:56:21.626+0530] {logging_mixin.py:188} INFO - [2024-08-04T20:56:21.626+0530] {workday.py:41} WARNING - Could not import pandas. Holidays will not be considered.
[2024-08-04T20:56:21.627+0530] {processor.py:842} WARNING - No viable dags retrieved from /Users/deepanshu/Desktop/etc-spark-airflow/env/lib/python3.12/site-packages/airflow/example_dags/plugins/workday.py
[2024-08-04T20:56:21.678+0530] {processor.py:183} INFO - Processing /Users/deepanshu/Desktop/etc-spark-airflow/env/lib/python3.12/site-packages/airflow/example_dags/plugins/workday.py took 0.057 seconds
[2024-08-04T20:56:34.652+0530] {processor.py:161} INFO - Started process (PID=65945) to work on /Users/deepanshu/Desktop/etc-spark-airflow/env/lib/python3.12/site-packages/airflow/example_dags/plugins/workday.py
[2024-08-04T20:56:34.652+0530] {processor.py:830} INFO - Processing file /Users/deepanshu/Desktop/etc-spark-airflow/env/lib/python3.12/site-packages/airflow/example_dags/plugins/workday.py for tasks to queue
[2024-08-04T20:56:34.653+0530] {logging_mixin.py:188} INFO - [2024-08-04T20:56:34.653+0530] {dagbag.py:545} INFO - Filling up the DagBag from /Users/deepanshu/Desktop/etc-spark-airflow/env/lib/python3.12/site-packages/airflow/example_dags/plugins/workday.py
[2024-08-04T20:56:34.653+0530] {logging_mixin.py:188} INFO - [2024-08-04T20:56:34.653+0530] {workday.py:41} WARNING - Could not import pandas. Holidays will not be considered.
[2024-08-04T20:56:34.654+0530] {processor.py:842} WARNING - No viable dags retrieved from /Users/deepanshu/Desktop/etc-spark-airflow/env/lib/python3.12/site-packages/airflow/example_dags/plugins/workday.py
[2024-08-04T20:56:34.697+0530] {processor.py:183} INFO - Processing /Users/deepanshu/Desktop/etc-spark-airflow/env/lib/python3.12/site-packages/airflow/example_dags/plugins/workday.py took 0.047 seconds
[2024-08-04T20:57:02.026+0530] {processor.py:161} INFO - Started process (PID=66192) to work on /Users/deepanshu/Desktop/etc-spark-airflow/env/lib/python3.12/site-packages/airflow/example_dags/plugins/workday.py
[2024-08-04T20:57:02.028+0530] {processor.py:830} INFO - Processing file /Users/deepanshu/Desktop/etc-spark-airflow/env/lib/python3.12/site-packages/airflow/example_dags/plugins/workday.py for tasks to queue
[2024-08-04T20:57:02.028+0530] {logging_mixin.py:188} INFO - [2024-08-04T20:57:02.028+0530] {dagbag.py:545} INFO - Filling up the DagBag from /Users/deepanshu/Desktop/etc-spark-airflow/env/lib/python3.12/site-packages/airflow/example_dags/plugins/workday.py
[2024-08-04T20:57:02.029+0530] {logging_mixin.py:188} INFO - [2024-08-04T20:57:02.029+0530] {workday.py:41} WARNING - Could not import pandas. Holidays will not be considered.
[2024-08-04T20:57:02.029+0530] {processor.py:842} WARNING - No viable dags retrieved from /Users/deepanshu/Desktop/etc-spark-airflow/env/lib/python3.12/site-packages/airflow/example_dags/plugins/workday.py
[2024-08-04T20:57:02.073+0530] {processor.py:183} INFO - Processing /Users/deepanshu/Desktop/etc-spark-airflow/env/lib/python3.12/site-packages/airflow/example_dags/plugins/workday.py took 0.048 seconds
[2024-08-04T20:58:24.250+0530] {processor.py:161} INFO - Started process (PID=66869) to work on /Users/deepanshu/Desktop/etc-spark-airflow/env/lib/python3.12/site-packages/airflow/example_dags/plugins/workday.py
[2024-08-04T20:58:24.251+0530] {processor.py:830} INFO - Processing file /Users/deepanshu/Desktop/etc-spark-airflow/env/lib/python3.12/site-packages/airflow/example_dags/plugins/workday.py for tasks to queue
[2024-08-04T20:58:24.251+0530] {logging_mixin.py:188} INFO - [2024-08-04T20:58:24.251+0530] {dagbag.py:545} INFO - Filling up the DagBag from /Users/deepanshu/Desktop/etc-spark-airflow/env/lib/python3.12/site-packages/airflow/example_dags/plugins/workday.py
[2024-08-04T20:58:24.252+0530] {logging_mixin.py:188} INFO - [2024-08-04T20:58:24.252+0530] {workday.py:41} WARNING - Could not import pandas. Holidays will not be considered.
[2024-08-04T20:58:24.252+0530] {processor.py:842} WARNING - No viable dags retrieved from /Users/deepanshu/Desktop/etc-spark-airflow/env/lib/python3.12/site-packages/airflow/example_dags/plugins/workday.py
[2024-08-04T20:58:24.295+0530] {processor.py:183} INFO - Processing /Users/deepanshu/Desktop/etc-spark-airflow/env/lib/python3.12/site-packages/airflow/example_dags/plugins/workday.py took 0.047 seconds
[2024-08-04T21:00:51.181+0530] {processor.py:161} INFO - Started process (PID=68255) to work on /Users/deepanshu/Desktop/etc-spark-airflow/env/lib/python3.12/site-packages/airflow/example_dags/plugins/workday.py
[2024-08-04T21:00:51.182+0530] {processor.py:830} INFO - Processing file /Users/deepanshu/Desktop/etc-spark-airflow/env/lib/python3.12/site-packages/airflow/example_dags/plugins/workday.py for tasks to queue
[2024-08-04T21:00:51.183+0530] {logging_mixin.py:188} INFO - [2024-08-04T21:00:51.182+0530] {dagbag.py:545} INFO - Filling up the DagBag from /Users/deepanshu/Desktop/etc-spark-airflow/env/lib/python3.12/site-packages/airflow/example_dags/plugins/workday.py
[2024-08-04T21:00:51.183+0530] {logging_mixin.py:188} INFO - [2024-08-04T21:00:51.183+0530] {workday.py:41} WARNING - Could not import pandas. Holidays will not be considered.
[2024-08-04T21:00:51.184+0530] {processor.py:842} WARNING - No viable dags retrieved from /Users/deepanshu/Desktop/etc-spark-airflow/env/lib/python3.12/site-packages/airflow/example_dags/plugins/workday.py
[2024-08-04T21:00:51.227+0530] {processor.py:183} INFO - Processing /Users/deepanshu/Desktop/etc-spark-airflow/env/lib/python3.12/site-packages/airflow/example_dags/plugins/workday.py took 0.047 seconds
[2024-08-04T21:02:54.397+0530] {processor.py:161} INFO - Started process (PID=69119) to work on /Users/deepanshu/Desktop/etc-spark-airflow/env/lib/python3.12/site-packages/airflow/example_dags/plugins/workday.py
[2024-08-04T21:02:54.399+0530] {processor.py:830} INFO - Processing file /Users/deepanshu/Desktop/etc-spark-airflow/env/lib/python3.12/site-packages/airflow/example_dags/plugins/workday.py for tasks to queue
[2024-08-04T21:02:54.399+0530] {logging_mixin.py:188} INFO - [2024-08-04T21:02:54.399+0530] {dagbag.py:545} INFO - Filling up the DagBag from /Users/deepanshu/Desktop/etc-spark-airflow/env/lib/python3.12/site-packages/airflow/example_dags/plugins/workday.py
[2024-08-04T21:02:54.400+0530] {logging_mixin.py:188} INFO - [2024-08-04T21:02:54.400+0530] {workday.py:41} WARNING - Could not import pandas. Holidays will not be considered.
[2024-08-04T21:02:54.400+0530] {processor.py:842} WARNING - No viable dags retrieved from /Users/deepanshu/Desktop/etc-spark-airflow/env/lib/python3.12/site-packages/airflow/example_dags/plugins/workday.py
[2024-08-04T21:02:54.444+0530] {processor.py:183} INFO - Processing /Users/deepanshu/Desktop/etc-spark-airflow/env/lib/python3.12/site-packages/airflow/example_dags/plugins/workday.py took 0.048 seconds
[2024-08-04T21:04:42.988+0530] {processor.py:161} INFO - Started process (PID=69857) to work on /Users/deepanshu/Desktop/etc-spark-airflow/env/lib/python3.12/site-packages/airflow/example_dags/plugins/workday.py
[2024-08-04T21:04:42.990+0530] {processor.py:830} INFO - Processing file /Users/deepanshu/Desktop/etc-spark-airflow/env/lib/python3.12/site-packages/airflow/example_dags/plugins/workday.py for tasks to queue
[2024-08-04T21:04:42.991+0530] {logging_mixin.py:188} INFO - [2024-08-04T21:04:42.991+0530] {dagbag.py:545} INFO - Filling up the DagBag from /Users/deepanshu/Desktop/etc-spark-airflow/env/lib/python3.12/site-packages/airflow/example_dags/plugins/workday.py
[2024-08-04T21:04:42.992+0530] {logging_mixin.py:188} INFO - [2024-08-04T21:04:42.992+0530] {workday.py:41} WARNING - Could not import pandas. Holidays will not be considered.
[2024-08-04T21:04:42.992+0530] {processor.py:842} WARNING - No viable dags retrieved from /Users/deepanshu/Desktop/etc-spark-airflow/env/lib/python3.12/site-packages/airflow/example_dags/plugins/workday.py
[2024-08-04T21:04:43.035+0530] {processor.py:183} INFO - Processing /Users/deepanshu/Desktop/etc-spark-airflow/env/lib/python3.12/site-packages/airflow/example_dags/plugins/workday.py took 0.048 seconds
[2024-08-04T21:05:30.349+0530] {processor.py:161} INFO - Started process (PID=70210) to work on /Users/deepanshu/Desktop/etc-spark-airflow/env/lib/python3.12/site-packages/airflow/example_dags/plugins/workday.py
[2024-08-04T21:05:30.349+0530] {processor.py:830} INFO - Processing file /Users/deepanshu/Desktop/etc-spark-airflow/env/lib/python3.12/site-packages/airflow/example_dags/plugins/workday.py for tasks to queue
[2024-08-04T21:05:30.350+0530] {logging_mixin.py:188} INFO - [2024-08-04T21:05:30.350+0530] {dagbag.py:545} INFO - Filling up the DagBag from /Users/deepanshu/Desktop/etc-spark-airflow/env/lib/python3.12/site-packages/airflow/example_dags/plugins/workday.py
[2024-08-04T21:05:30.351+0530] {logging_mixin.py:188} INFO - [2024-08-04T21:05:30.351+0530] {workday.py:41} WARNING - Could not import pandas. Holidays will not be considered.
[2024-08-04T21:05:30.351+0530] {processor.py:842} WARNING - No viable dags retrieved from /Users/deepanshu/Desktop/etc-spark-airflow/env/lib/python3.12/site-packages/airflow/example_dags/plugins/workday.py
[2024-08-04T21:05:30.395+0530] {processor.py:183} INFO - Processing /Users/deepanshu/Desktop/etc-spark-airflow/env/lib/python3.12/site-packages/airflow/example_dags/plugins/workday.py took 0.049 seconds
[2024-08-04T21:07:13.487+0530] {processor.py:161} INFO - Started process (PID=70907) to work on /Users/deepanshu/Desktop/etc-spark-airflow/env/lib/python3.12/site-packages/airflow/example_dags/plugins/workday.py
[2024-08-04T21:07:13.488+0530] {processor.py:830} INFO - Processing file /Users/deepanshu/Desktop/etc-spark-airflow/env/lib/python3.12/site-packages/airflow/example_dags/plugins/workday.py for tasks to queue
[2024-08-04T21:07:13.488+0530] {logging_mixin.py:188} INFO - [2024-08-04T21:07:13.488+0530] {dagbag.py:545} INFO - Filling up the DagBag from /Users/deepanshu/Desktop/etc-spark-airflow/env/lib/python3.12/site-packages/airflow/example_dags/plugins/workday.py
[2024-08-04T21:07:13.489+0530] {logging_mixin.py:188} INFO - [2024-08-04T21:07:13.489+0530] {workday.py:41} WARNING - Could not import pandas. Holidays will not be considered.
[2024-08-04T21:07:13.489+0530] {processor.py:842} WARNING - No viable dags retrieved from /Users/deepanshu/Desktop/etc-spark-airflow/env/lib/python3.12/site-packages/airflow/example_dags/plugins/workday.py
[2024-08-04T21:07:13.532+0530] {processor.py:183} INFO - Processing /Users/deepanshu/Desktop/etc-spark-airflow/env/lib/python3.12/site-packages/airflow/example_dags/plugins/workday.py took 0.047 seconds
[2024-08-04T21:07:59.473+0530] {processor.py:161} INFO - Started process (PID=71277) to work on /Users/deepanshu/Desktop/etc-spark-airflow/env/lib/python3.12/site-packages/airflow/example_dags/plugins/workday.py
[2024-08-04T21:07:59.475+0530] {processor.py:830} INFO - Processing file /Users/deepanshu/Desktop/etc-spark-airflow/env/lib/python3.12/site-packages/airflow/example_dags/plugins/workday.py for tasks to queue
[2024-08-04T21:07:59.475+0530] {logging_mixin.py:188} INFO - [2024-08-04T21:07:59.475+0530] {dagbag.py:545} INFO - Filling up the DagBag from /Users/deepanshu/Desktop/etc-spark-airflow/env/lib/python3.12/site-packages/airflow/example_dags/plugins/workday.py
[2024-08-04T21:07:59.476+0530] {logging_mixin.py:188} INFO - [2024-08-04T21:07:59.476+0530] {workday.py:41} WARNING - Could not import pandas. Holidays will not be considered.
[2024-08-04T21:07:59.476+0530] {processor.py:842} WARNING - No viable dags retrieved from /Users/deepanshu/Desktop/etc-spark-airflow/env/lib/python3.12/site-packages/airflow/example_dags/plugins/workday.py
[2024-08-04T21:07:59.519+0530] {processor.py:183} INFO - Processing /Users/deepanshu/Desktop/etc-spark-airflow/env/lib/python3.12/site-packages/airflow/example_dags/plugins/workday.py took 0.047 seconds
[2024-08-04T21:08:29.310+0530] {processor.py:161} INFO - Started process (PID=71555) to work on /Users/deepanshu/Desktop/etc-spark-airflow/env/lib/python3.12/site-packages/airflow/example_dags/plugins/workday.py
[2024-08-04T21:08:29.311+0530] {processor.py:830} INFO - Processing file /Users/deepanshu/Desktop/etc-spark-airflow/env/lib/python3.12/site-packages/airflow/example_dags/plugins/workday.py for tasks to queue
[2024-08-04T21:08:29.312+0530] {logging_mixin.py:188} INFO - [2024-08-04T21:08:29.311+0530] {dagbag.py:545} INFO - Filling up the DagBag from /Users/deepanshu/Desktop/etc-spark-airflow/env/lib/python3.12/site-packages/airflow/example_dags/plugins/workday.py
[2024-08-04T21:08:29.312+0530] {logging_mixin.py:188} INFO - [2024-08-04T21:08:29.312+0530] {workday.py:41} WARNING - Could not import pandas. Holidays will not be considered.
[2024-08-04T21:08:29.313+0530] {processor.py:842} WARNING - No viable dags retrieved from /Users/deepanshu/Desktop/etc-spark-airflow/env/lib/python3.12/site-packages/airflow/example_dags/plugins/workday.py
[2024-08-04T21:08:29.356+0530] {processor.py:183} INFO - Processing /Users/deepanshu/Desktop/etc-spark-airflow/env/lib/python3.12/site-packages/airflow/example_dags/plugins/workday.py took 0.047 seconds
[2024-08-04T21:08:57.354+0530] {processor.py:161} INFO - Started process (PID=71796) to work on /Users/deepanshu/Desktop/etc-spark-airflow/env/lib/python3.12/site-packages/airflow/example_dags/plugins/workday.py
[2024-08-04T21:08:57.356+0530] {processor.py:830} INFO - Processing file /Users/deepanshu/Desktop/etc-spark-airflow/env/lib/python3.12/site-packages/airflow/example_dags/plugins/workday.py for tasks to queue
[2024-08-04T21:08:57.356+0530] {logging_mixin.py:188} INFO - [2024-08-04T21:08:57.356+0530] {dagbag.py:545} INFO - Filling up the DagBag from /Users/deepanshu/Desktop/etc-spark-airflow/env/lib/python3.12/site-packages/airflow/example_dags/plugins/workday.py
[2024-08-04T21:08:57.357+0530] {logging_mixin.py:188} INFO - [2024-08-04T21:08:57.357+0530] {workday.py:41} WARNING - Could not import pandas. Holidays will not be considered.
[2024-08-04T21:08:57.357+0530] {processor.py:842} WARNING - No viable dags retrieved from /Users/deepanshu/Desktop/etc-spark-airflow/env/lib/python3.12/site-packages/airflow/example_dags/plugins/workday.py
[2024-08-04T21:08:57.400+0530] {processor.py:183} INFO - Processing /Users/deepanshu/Desktop/etc-spark-airflow/env/lib/python3.12/site-packages/airflow/example_dags/plugins/workday.py took 0.047 seconds
