[2024-08-04T20:35:09.049+0530] {processor.py:161} INFO - Started process (PID=56487) to work on /Users/deepanshu/Desktop/etc-spark-airflow/env/lib/python3.12/site-packages/airflow/example_dags/example_branch_python_dop_operator_3.py
[2024-08-04T20:35:09.050+0530] {processor.py:830} INFO - Processing file /Users/deepanshu/Desktop/etc-spark-airflow/env/lib/python3.12/site-packages/airflow/example_dags/example_branch_python_dop_operator_3.py for tasks to queue
[2024-08-04T20:35:09.050+0530] {logging_mixin.py:188} INFO - [2024-08-04T20:35:09.050+0530] {dagbag.py:545} INFO - Filling up the DagBag from /Users/deepanshu/Desktop/etc-spark-airflow/env/lib/python3.12/site-packages/airflow/example_dags/example_branch_python_dop_operator_3.py
[2024-08-04T20:35:09.073+0530] {processor.py:840} INFO - DAG(s) 'example_branch_dop_operator_v3' retrieved from /Users/deepanshu/Desktop/etc-spark-airflow/env/lib/python3.12/site-packages/airflow/example_dags/example_branch_python_dop_operator_3.py
[2024-08-04T20:35:09.175+0530] {logging_mixin.py:188} INFO - [2024-08-04T20:35:09.175+0530] {override.py:1858} INFO - Created Permission View: can read on DAG:example_branch_dop_operator_v3
[2024-08-04T20:35:09.180+0530] {logging_mixin.py:188} INFO - [2024-08-04T20:35:09.179+0530] {override.py:1858} INFO - Created Permission View: can edit on DAG:example_branch_dop_operator_v3
[2024-08-04T20:35:09.183+0530] {logging_mixin.py:188} INFO - [2024-08-04T20:35:09.182+0530] {override.py:1858} INFO - Created Permission View: can delete on DAG:example_branch_dop_operator_v3
[2024-08-04T20:35:09.183+0530] {logging_mixin.py:188} INFO - [2024-08-04T20:35:09.183+0530] {dag.py:3089} INFO - Sync 1 DAGs
[2024-08-04T20:35:09.189+0530] {logging_mixin.py:188} INFO - [2024-08-04T20:35:09.189+0530] {dag.py:3111} INFO - Creating ORM DAG for example_branch_dop_operator_v3
[2024-08-04T20:35:09.195+0530] {logging_mixin.py:188} INFO - [2024-08-04T20:35:09.195+0530] {dag.py:3947} INFO - Setting next_dagrun for example_branch_dop_operator_v3 to 2024-08-04 15:04:00+00:00, run_after=2024-08-04 15:05:00+00:00
[2024-08-04T20:35:09.205+0530] {processor.py:183} INFO - Processing /Users/deepanshu/Desktop/etc-spark-airflow/env/lib/python3.12/site-packages/airflow/example_dags/example_branch_python_dop_operator_3.py took 0.157 seconds
[2024-08-04T20:38:51.465+0530] {processor.py:161} INFO - Started process (PID=58214) to work on /Users/deepanshu/Desktop/etc-spark-airflow/env/lib/python3.12/site-packages/airflow/example_dags/example_branch_python_dop_operator_3.py
[2024-08-04T20:38:51.466+0530] {processor.py:830} INFO - Processing file /Users/deepanshu/Desktop/etc-spark-airflow/env/lib/python3.12/site-packages/airflow/example_dags/example_branch_python_dop_operator_3.py for tasks to queue
[2024-08-04T20:38:51.467+0530] {logging_mixin.py:188} INFO - [2024-08-04T20:38:51.467+0530] {dagbag.py:545} INFO - Filling up the DagBag from /Users/deepanshu/Desktop/etc-spark-airflow/env/lib/python3.12/site-packages/airflow/example_dags/example_branch_python_dop_operator_3.py
[2024-08-04T20:38:51.490+0530] {processor.py:840} INFO - DAG(s) 'example_branch_dop_operator_v3' retrieved from /Users/deepanshu/Desktop/etc-spark-airflow/env/lib/python3.12/site-packages/airflow/example_dags/example_branch_python_dop_operator_3.py
[2024-08-04T20:38:51.541+0530] {logging_mixin.py:188} INFO - [2024-08-04T20:38:51.541+0530] {dag.py:3089} INFO - Sync 1 DAGs
[2024-08-04T20:38:51.552+0530] {logging_mixin.py:188} INFO - [2024-08-04T20:38:51.552+0530] {dag.py:3947} INFO - Setting next_dagrun for example_branch_dop_operator_v3 to 2024-08-04 15:07:00+00:00, run_after=2024-08-04 15:08:00+00:00
[2024-08-04T20:38:51.563+0530] {processor.py:183} INFO - Processing /Users/deepanshu/Desktop/etc-spark-airflow/env/lib/python3.12/site-packages/airflow/example_dags/example_branch_python_dop_operator_3.py took 0.099 seconds
[2024-08-04T20:42:12.767+0530] {processor.py:161} INFO - Started process (PID=59728) to work on /Users/deepanshu/Desktop/etc-spark-airflow/env/lib/python3.12/site-packages/airflow/example_dags/example_branch_python_dop_operator_3.py
[2024-08-04T20:42:12.768+0530] {processor.py:830} INFO - Processing file /Users/deepanshu/Desktop/etc-spark-airflow/env/lib/python3.12/site-packages/airflow/example_dags/example_branch_python_dop_operator_3.py for tasks to queue
[2024-08-04T20:42:12.768+0530] {logging_mixin.py:188} INFO - [2024-08-04T20:42:12.768+0530] {dagbag.py:545} INFO - Filling up the DagBag from /Users/deepanshu/Desktop/etc-spark-airflow/env/lib/python3.12/site-packages/airflow/example_dags/example_branch_python_dop_operator_3.py
[2024-08-04T20:42:12.792+0530] {processor.py:840} INFO - DAG(s) 'example_branch_dop_operator_v3' retrieved from /Users/deepanshu/Desktop/etc-spark-airflow/env/lib/python3.12/site-packages/airflow/example_dags/example_branch_python_dop_operator_3.py
[2024-08-04T20:42:12.844+0530] {logging_mixin.py:188} INFO - [2024-08-04T20:42:12.844+0530] {dag.py:3089} INFO - Sync 1 DAGs
[2024-08-04T20:42:12.855+0530] {logging_mixin.py:188} INFO - [2024-08-04T20:42:12.855+0530] {dag.py:3947} INFO - Setting next_dagrun for example_branch_dop_operator_v3 to 2024-08-04 15:11:00+00:00, run_after=2024-08-04 15:12:00+00:00
[2024-08-04T20:42:12.866+0530] {processor.py:183} INFO - Processing /Users/deepanshu/Desktop/etc-spark-airflow/env/lib/python3.12/site-packages/airflow/example_dags/example_branch_python_dop_operator_3.py took 0.100 seconds
[2024-08-04T20:46:00.496+0530] {processor.py:161} INFO - Started process (PID=61350) to work on /Users/deepanshu/Desktop/etc-spark-airflow/env/lib/python3.12/site-packages/airflow/example_dags/example_branch_python_dop_operator_3.py
[2024-08-04T20:46:00.496+0530] {processor.py:830} INFO - Processing file /Users/deepanshu/Desktop/etc-spark-airflow/env/lib/python3.12/site-packages/airflow/example_dags/example_branch_python_dop_operator_3.py for tasks to queue
[2024-08-04T20:46:00.497+0530] {logging_mixin.py:188} INFO - [2024-08-04T20:46:00.497+0530] {dagbag.py:545} INFO - Filling up the DagBag from /Users/deepanshu/Desktop/etc-spark-airflow/env/lib/python3.12/site-packages/airflow/example_dags/example_branch_python_dop_operator_3.py
[2024-08-04T20:46:00.520+0530] {processor.py:840} INFO - DAG(s) 'example_branch_dop_operator_v3' retrieved from /Users/deepanshu/Desktop/etc-spark-airflow/env/lib/python3.12/site-packages/airflow/example_dags/example_branch_python_dop_operator_3.py
[2024-08-04T20:46:00.571+0530] {logging_mixin.py:188} INFO - [2024-08-04T20:46:00.571+0530] {dag.py:3089} INFO - Sync 1 DAGs
[2024-08-04T20:46:00.582+0530] {logging_mixin.py:188} INFO - [2024-08-04T20:46:00.582+0530] {dag.py:3947} INFO - Setting next_dagrun for example_branch_dop_operator_v3 to 2024-08-04 15:15:00+00:00, run_after=2024-08-04 15:16:00+00:00
[2024-08-04T20:46:00.593+0530] {processor.py:183} INFO - Processing /Users/deepanshu/Desktop/etc-spark-airflow/env/lib/python3.12/site-packages/airflow/example_dags/example_branch_python_dop_operator_3.py took 0.099 seconds
[2024-08-04T20:48:39.203+0530] {processor.py:161} INFO - Started process (PID=62460) to work on /Users/deepanshu/Desktop/etc-spark-airflow/env/lib/python3.12/site-packages/airflow/example_dags/example_branch_python_dop_operator_3.py
[2024-08-04T20:48:39.204+0530] {processor.py:830} INFO - Processing file /Users/deepanshu/Desktop/etc-spark-airflow/env/lib/python3.12/site-packages/airflow/example_dags/example_branch_python_dop_operator_3.py for tasks to queue
[2024-08-04T20:48:39.204+0530] {logging_mixin.py:188} INFO - [2024-08-04T20:48:39.204+0530] {dagbag.py:545} INFO - Filling up the DagBag from /Users/deepanshu/Desktop/etc-spark-airflow/env/lib/python3.12/site-packages/airflow/example_dags/example_branch_python_dop_operator_3.py
[2024-08-04T20:48:39.228+0530] {processor.py:840} INFO - DAG(s) 'example_branch_dop_operator_v3' retrieved from /Users/deepanshu/Desktop/etc-spark-airflow/env/lib/python3.12/site-packages/airflow/example_dags/example_branch_python_dop_operator_3.py
[2024-08-04T20:48:39.279+0530] {logging_mixin.py:188} INFO - [2024-08-04T20:48:39.279+0530] {dag.py:3089} INFO - Sync 1 DAGs
[2024-08-04T20:48:39.290+0530] {logging_mixin.py:188} INFO - [2024-08-04T20:48:39.290+0530] {dag.py:3947} INFO - Setting next_dagrun for example_branch_dop_operator_v3 to 2024-08-04 15:17:00+00:00, run_after=2024-08-04 15:18:00+00:00
[2024-08-04T20:48:39.301+0530] {processor.py:183} INFO - Processing /Users/deepanshu/Desktop/etc-spark-airflow/env/lib/python3.12/site-packages/airflow/example_dags/example_branch_python_dop_operator_3.py took 0.099 seconds
[2024-08-04T20:51:58.122+0530] {processor.py:161} INFO - Started process (PID=63857) to work on /Users/deepanshu/Desktop/etc-spark-airflow/env/lib/python3.12/site-packages/airflow/example_dags/example_branch_python_dop_operator_3.py
[2024-08-04T20:51:58.123+0530] {processor.py:830} INFO - Processing file /Users/deepanshu/Desktop/etc-spark-airflow/env/lib/python3.12/site-packages/airflow/example_dags/example_branch_python_dop_operator_3.py for tasks to queue
[2024-08-04T20:51:58.123+0530] {logging_mixin.py:188} INFO - [2024-08-04T20:51:58.123+0530] {dagbag.py:545} INFO - Filling up the DagBag from /Users/deepanshu/Desktop/etc-spark-airflow/env/lib/python3.12/site-packages/airflow/example_dags/example_branch_python_dop_operator_3.py
[2024-08-04T20:51:58.147+0530] {processor.py:840} INFO - DAG(s) 'example_branch_dop_operator_v3' retrieved from /Users/deepanshu/Desktop/etc-spark-airflow/env/lib/python3.12/site-packages/airflow/example_dags/example_branch_python_dop_operator_3.py
[2024-08-04T20:51:58.198+0530] {logging_mixin.py:188} INFO - [2024-08-04T20:51:58.198+0530] {dag.py:3089} INFO - Sync 1 DAGs
[2024-08-04T20:51:58.209+0530] {logging_mixin.py:188} INFO - [2024-08-04T20:51:58.209+0530] {dag.py:3947} INFO - Setting next_dagrun for example_branch_dop_operator_v3 to 2024-08-04 15:20:00+00:00, run_after=2024-08-04 15:21:00+00:00
[2024-08-04T20:51:58.220+0530] {processor.py:183} INFO - Processing /Users/deepanshu/Desktop/etc-spark-airflow/env/lib/python3.12/site-packages/airflow/example_dags/example_branch_python_dop_operator_3.py took 0.099 seconds
[2024-08-04T20:55:59.093+0530] {processor.py:161} INFO - Started process (PID=65651) to work on /Users/deepanshu/Desktop/etc-spark-airflow/env/lib/python3.12/site-packages/airflow/example_dags/example_branch_python_dop_operator_3.py
[2024-08-04T20:55:59.094+0530] {processor.py:830} INFO - Processing file /Users/deepanshu/Desktop/etc-spark-airflow/env/lib/python3.12/site-packages/airflow/example_dags/example_branch_python_dop_operator_3.py for tasks to queue
[2024-08-04T20:55:59.095+0530] {logging_mixin.py:188} INFO - [2024-08-04T20:55:59.095+0530] {dagbag.py:545} INFO - Filling up the DagBag from /Users/deepanshu/Desktop/etc-spark-airflow/env/lib/python3.12/site-packages/airflow/example_dags/example_branch_python_dop_operator_3.py
[2024-08-04T20:55:59.119+0530] {processor.py:840} INFO - DAG(s) 'example_branch_dop_operator_v3' retrieved from /Users/deepanshu/Desktop/etc-spark-airflow/env/lib/python3.12/site-packages/airflow/example_dags/example_branch_python_dop_operator_3.py
[2024-08-04T20:55:59.170+0530] {logging_mixin.py:188} INFO - [2024-08-04T20:55:59.169+0530] {dag.py:3089} INFO - Sync 1 DAGs
[2024-08-04T20:55:59.181+0530] {logging_mixin.py:188} INFO - [2024-08-04T20:55:59.181+0530] {dag.py:3947} INFO - Setting next_dagrun for example_branch_dop_operator_v3 to 2024-08-04 15:24:00+00:00, run_after=2024-08-04 15:25:00+00:00
[2024-08-04T20:55:59.191+0530] {processor.py:183} INFO - Processing /Users/deepanshu/Desktop/etc-spark-airflow/env/lib/python3.12/site-packages/airflow/example_dags/example_branch_python_dop_operator_3.py took 0.099 seconds
[2024-08-04T21:02:14.834+0530] {processor.py:161} INFO - Started process (PID=68809) to work on /Users/deepanshu/Desktop/etc-spark-airflow/env/lib/python3.12/site-packages/airflow/example_dags/example_branch_python_dop_operator_3.py
[2024-08-04T21:02:14.836+0530] {processor.py:830} INFO - Processing file /Users/deepanshu/Desktop/etc-spark-airflow/env/lib/python3.12/site-packages/airflow/example_dags/example_branch_python_dop_operator_3.py for tasks to queue
[2024-08-04T21:02:14.836+0530] {logging_mixin.py:188} INFO - [2024-08-04T21:02:14.836+0530] {dagbag.py:545} INFO - Filling up the DagBag from /Users/deepanshu/Desktop/etc-spark-airflow/env/lib/python3.12/site-packages/airflow/example_dags/example_branch_python_dop_operator_3.py
[2024-08-04T21:02:14.861+0530] {processor.py:840} INFO - DAG(s) 'example_branch_dop_operator_v3' retrieved from /Users/deepanshu/Desktop/etc-spark-airflow/env/lib/python3.12/site-packages/airflow/example_dags/example_branch_python_dop_operator_3.py
[2024-08-04T21:02:14.913+0530] {logging_mixin.py:188} INFO - [2024-08-04T21:02:14.913+0530] {dag.py:3089} INFO - Sync 1 DAGs
[2024-08-04T21:02:14.925+0530] {logging_mixin.py:188} INFO - [2024-08-04T21:02:14.924+0530] {dag.py:3947} INFO - Setting next_dagrun for example_branch_dop_operator_v3 to 2024-08-04 15:31:00+00:00, run_after=2024-08-04 15:32:00+00:00
[2024-08-04T21:02:14.935+0530] {processor.py:183} INFO - Processing /Users/deepanshu/Desktop/etc-spark-airflow/env/lib/python3.12/site-packages/airflow/example_dags/example_branch_python_dop_operator_3.py took 0.102 seconds
[2024-08-04T21:04:20.836+0530] {processor.py:161} INFO - Started process (PID=69694) to work on /Users/deepanshu/Desktop/etc-spark-airflow/env/lib/python3.12/site-packages/airflow/example_dags/example_branch_python_dop_operator_3.py
[2024-08-04T21:04:20.837+0530] {processor.py:830} INFO - Processing file /Users/deepanshu/Desktop/etc-spark-airflow/env/lib/python3.12/site-packages/airflow/example_dags/example_branch_python_dop_operator_3.py for tasks to queue
[2024-08-04T21:04:20.838+0530] {logging_mixin.py:188} INFO - [2024-08-04T21:04:20.838+0530] {dagbag.py:545} INFO - Filling up the DagBag from /Users/deepanshu/Desktop/etc-spark-airflow/env/lib/python3.12/site-packages/airflow/example_dags/example_branch_python_dop_operator_3.py
[2024-08-04T21:04:20.869+0530] {processor.py:840} INFO - DAG(s) 'example_branch_dop_operator_v3' retrieved from /Users/deepanshu/Desktop/etc-spark-airflow/env/lib/python3.12/site-packages/airflow/example_dags/example_branch_python_dop_operator_3.py
[2024-08-04T21:04:20.941+0530] {logging_mixin.py:188} INFO - [2024-08-04T21:04:20.941+0530] {dag.py:3089} INFO - Sync 1 DAGs
[2024-08-04T21:04:20.955+0530] {logging_mixin.py:188} INFO - [2024-08-04T21:04:20.955+0530] {dag.py:3947} INFO - Setting next_dagrun for example_branch_dop_operator_v3 to 2024-08-04 15:33:00+00:00, run_after=2024-08-04 15:34:00+00:00
[2024-08-04T21:04:20.967+0530] {processor.py:183} INFO - Processing /Users/deepanshu/Desktop/etc-spark-airflow/env/lib/python3.12/site-packages/airflow/example_dags/example_branch_python_dop_operator_3.py took 0.134 seconds
[2024-08-04T21:06:51.664+0530] {processor.py:161} INFO - Started process (PID=70740) to work on /Users/deepanshu/Desktop/etc-spark-airflow/env/lib/python3.12/site-packages/airflow/example_dags/example_branch_python_dop_operator_3.py
[2024-08-04T21:06:51.666+0530] {processor.py:830} INFO - Processing file /Users/deepanshu/Desktop/etc-spark-airflow/env/lib/python3.12/site-packages/airflow/example_dags/example_branch_python_dop_operator_3.py for tasks to queue
[2024-08-04T21:06:51.666+0530] {logging_mixin.py:188} INFO - [2024-08-04T21:06:51.666+0530] {dagbag.py:545} INFO - Filling up the DagBag from /Users/deepanshu/Desktop/etc-spark-airflow/env/lib/python3.12/site-packages/airflow/example_dags/example_branch_python_dop_operator_3.py
[2024-08-04T21:06:51.690+0530] {processor.py:840} INFO - DAG(s) 'example_branch_dop_operator_v3' retrieved from /Users/deepanshu/Desktop/etc-spark-airflow/env/lib/python3.12/site-packages/airflow/example_dags/example_branch_python_dop_operator_3.py
[2024-08-04T21:06:51.741+0530] {logging_mixin.py:188} INFO - [2024-08-04T21:06:51.741+0530] {dag.py:3089} INFO - Sync 1 DAGs
[2024-08-04T21:06:51.752+0530] {logging_mixin.py:188} INFO - [2024-08-04T21:06:51.752+0530] {dag.py:3947} INFO - Setting next_dagrun for example_branch_dop_operator_v3 to 2024-08-04 15:35:00+00:00, run_after=2024-08-04 15:36:00+00:00
[2024-08-04T21:06:51.763+0530] {processor.py:183} INFO - Processing /Users/deepanshu/Desktop/etc-spark-airflow/env/lib/python3.12/site-packages/airflow/example_dags/example_branch_python_dop_operator_3.py took 0.100 seconds
