[2024-08-04T20:33:03.753+0530] {processor.py:161} INFO - Started process (PID=55611) to work on /Users/deepanshu/Desktop/etc-spark-airflow/env/lib/python3.12/site-packages/airflow/example_dags/example_trigger_target_dag.py
[2024-08-04T20:33:03.754+0530] {processor.py:830} INFO - Processing file /Users/deepanshu/Desktop/etc-spark-airflow/env/lib/python3.12/site-packages/airflow/example_dags/example_trigger_target_dag.py for tasks to queue
[2024-08-04T20:33:03.755+0530] {logging_mixin.py:188} INFO - [2024-08-04T20:33:03.754+0530] {dagbag.py:545} INFO - Filling up the DagBag from /Users/deepanshu/Desktop/etc-spark-airflow/env/lib/python3.12/site-packages/airflow/example_dags/example_trigger_target_dag.py
[2024-08-04T20:33:03.778+0530] {processor.py:840} INFO - DAG(s) 'example_trigger_target_dag' retrieved from /Users/deepanshu/Desktop/etc-spark-airflow/env/lib/python3.12/site-packages/airflow/example_dags/example_trigger_target_dag.py
[2024-08-04T20:33:03.884+0530] {logging_mixin.py:188} INFO - [2024-08-04T20:33:03.884+0530] {override.py:1858} INFO - Created Permission View: can delete on DAG:example_trigger_target_dag
[2024-08-04T20:33:03.889+0530] {logging_mixin.py:188} INFO - [2024-08-04T20:33:03.889+0530] {override.py:1858} INFO - Created Permission View: can edit on DAG:example_trigger_target_dag
[2024-08-04T20:33:03.892+0530] {logging_mixin.py:188} INFO - [2024-08-04T20:33:03.892+0530] {override.py:1858} INFO - Created Permission View: can read on DAG:example_trigger_target_dag
[2024-08-04T20:33:03.893+0530] {logging_mixin.py:188} INFO - [2024-08-04T20:33:03.893+0530] {dag.py:3089} INFO - Sync 1 DAGs
[2024-08-04T20:33:03.899+0530] {logging_mixin.py:188} INFO - [2024-08-04T20:33:03.899+0530] {dag.py:3111} INFO - Creating ORM DAG for example_trigger_target_dag
[2024-08-04T20:33:03.899+0530] {logging_mixin.py:188} INFO - [2024-08-04T20:33:03.899+0530] {dag.py:3947} INFO - Setting next_dagrun for example_trigger_target_dag to None, run_after=None
[2024-08-04T20:33:03.910+0530] {processor.py:183} INFO - Processing /Users/deepanshu/Desktop/etc-spark-airflow/env/lib/python3.12/site-packages/airflow/example_dags/example_trigger_target_dag.py took 0.158 seconds
[2024-08-04T20:34:07.025+0530] {processor.py:161} INFO - Started process (PID=56084) to work on /Users/deepanshu/Desktop/etc-spark-airflow/env/lib/python3.12/site-packages/airflow/example_dags/example_trigger_target_dag.py
[2024-08-04T20:34:07.026+0530] {processor.py:830} INFO - Processing file /Users/deepanshu/Desktop/etc-spark-airflow/env/lib/python3.12/site-packages/airflow/example_dags/example_trigger_target_dag.py for tasks to queue
[2024-08-04T20:34:07.027+0530] {logging_mixin.py:188} INFO - [2024-08-04T20:34:07.027+0530] {dagbag.py:545} INFO - Filling up the DagBag from /Users/deepanshu/Desktop/etc-spark-airflow/env/lib/python3.12/site-packages/airflow/example_dags/example_trigger_target_dag.py
[2024-08-04T20:34:07.055+0530] {processor.py:840} INFO - DAG(s) 'example_trigger_target_dag' retrieved from /Users/deepanshu/Desktop/etc-spark-airflow/env/lib/python3.12/site-packages/airflow/example_dags/example_trigger_target_dag.py
[2024-08-04T20:34:07.121+0530] {logging_mixin.py:188} INFO - [2024-08-04T20:34:07.121+0530] {dag.py:3089} INFO - Sync 1 DAGs
[2024-08-04T20:34:07.128+0530] {logging_mixin.py:188} INFO - [2024-08-04T20:34:07.127+0530] {dag.py:3947} INFO - Setting next_dagrun for example_trigger_target_dag to None, run_after=None
[2024-08-04T20:34:07.143+0530] {processor.py:183} INFO - Processing /Users/deepanshu/Desktop/etc-spark-airflow/env/lib/python3.12/site-packages/airflow/example_dags/example_trigger_target_dag.py took 0.119 seconds
[2024-08-04T20:36:10.344+0530] {processor.py:161} INFO - Started process (PID=56960) to work on /Users/deepanshu/Desktop/etc-spark-airflow/env/lib/python3.12/site-packages/airflow/example_dags/example_trigger_target_dag.py
[2024-08-04T20:36:10.345+0530] {processor.py:830} INFO - Processing file /Users/deepanshu/Desktop/etc-spark-airflow/env/lib/python3.12/site-packages/airflow/example_dags/example_trigger_target_dag.py for tasks to queue
[2024-08-04T20:36:10.346+0530] {logging_mixin.py:188} INFO - [2024-08-04T20:36:10.346+0530] {dagbag.py:545} INFO - Filling up the DagBag from /Users/deepanshu/Desktop/etc-spark-airflow/env/lib/python3.12/site-packages/airflow/example_dags/example_trigger_target_dag.py
[2024-08-04T20:36:10.368+0530] {processor.py:840} INFO - DAG(s) 'example_trigger_target_dag' retrieved from /Users/deepanshu/Desktop/etc-spark-airflow/env/lib/python3.12/site-packages/airflow/example_dags/example_trigger_target_dag.py
[2024-08-04T20:36:10.419+0530] {logging_mixin.py:188} INFO - [2024-08-04T20:36:10.419+0530] {dag.py:3089} INFO - Sync 1 DAGs
[2024-08-04T20:36:10.424+0530] {logging_mixin.py:188} INFO - [2024-08-04T20:36:10.424+0530] {dag.py:3947} INFO - Setting next_dagrun for example_trigger_target_dag to None, run_after=None
[2024-08-04T20:36:10.435+0530] {processor.py:183} INFO - Processing /Users/deepanshu/Desktop/etc-spark-airflow/env/lib/python3.12/site-packages/airflow/example_dags/example_trigger_target_dag.py took 0.092 seconds
[2024-08-04T20:37:40.714+0530] {processor.py:161} INFO - Started process (PID=57690) to work on /Users/deepanshu/Desktop/etc-spark-airflow/env/lib/python3.12/site-packages/airflow/example_dags/example_trigger_target_dag.py
[2024-08-04T20:37:40.715+0530] {processor.py:830} INFO - Processing file /Users/deepanshu/Desktop/etc-spark-airflow/env/lib/python3.12/site-packages/airflow/example_dags/example_trigger_target_dag.py for tasks to queue
[2024-08-04T20:37:40.715+0530] {logging_mixin.py:188} INFO - [2024-08-04T20:37:40.715+0530] {dagbag.py:545} INFO - Filling up the DagBag from /Users/deepanshu/Desktop/etc-spark-airflow/env/lib/python3.12/site-packages/airflow/example_dags/example_trigger_target_dag.py
[2024-08-04T20:37:40.737+0530] {processor.py:840} INFO - DAG(s) 'example_trigger_target_dag' retrieved from /Users/deepanshu/Desktop/etc-spark-airflow/env/lib/python3.12/site-packages/airflow/example_dags/example_trigger_target_dag.py
[2024-08-04T20:37:40.789+0530] {logging_mixin.py:188} INFO - [2024-08-04T20:37:40.789+0530] {dag.py:3089} INFO - Sync 1 DAGs
[2024-08-04T20:37:40.794+0530] {logging_mixin.py:188} INFO - [2024-08-04T20:37:40.794+0530] {dag.py:3947} INFO - Setting next_dagrun for example_trigger_target_dag to None, run_after=None
[2024-08-04T20:37:40.806+0530] {processor.py:183} INFO - Processing /Users/deepanshu/Desktop/etc-spark-airflow/env/lib/python3.12/site-packages/airflow/example_dags/example_trigger_target_dag.py took 0.093 seconds
[2024-08-04T20:39:39.126+0530] {processor.py:161} INFO - Started process (PID=58556) to work on /Users/deepanshu/Desktop/etc-spark-airflow/env/lib/python3.12/site-packages/airflow/example_dags/example_trigger_target_dag.py
[2024-08-04T20:39:39.128+0530] {processor.py:830} INFO - Processing file /Users/deepanshu/Desktop/etc-spark-airflow/env/lib/python3.12/site-packages/airflow/example_dags/example_trigger_target_dag.py for tasks to queue
[2024-08-04T20:39:39.128+0530] {logging_mixin.py:188} INFO - [2024-08-04T20:39:39.128+0530] {dagbag.py:545} INFO - Filling up the DagBag from /Users/deepanshu/Desktop/etc-spark-airflow/env/lib/python3.12/site-packages/airflow/example_dags/example_trigger_target_dag.py
[2024-08-04T20:39:39.150+0530] {processor.py:840} INFO - DAG(s) 'example_trigger_target_dag' retrieved from /Users/deepanshu/Desktop/etc-spark-airflow/env/lib/python3.12/site-packages/airflow/example_dags/example_trigger_target_dag.py
[2024-08-04T20:39:39.201+0530] {logging_mixin.py:188} INFO - [2024-08-04T20:39:39.201+0530] {dag.py:3089} INFO - Sync 1 DAGs
[2024-08-04T20:39:39.206+0530] {logging_mixin.py:188} INFO - [2024-08-04T20:39:39.206+0530] {dag.py:3947} INFO - Setting next_dagrun for example_trigger_target_dag to None, run_after=None
[2024-08-04T20:39:39.217+0530] {processor.py:183} INFO - Processing /Users/deepanshu/Desktop/etc-spark-airflow/env/lib/python3.12/site-packages/airflow/example_dags/example_trigger_target_dag.py took 0.093 seconds
[2024-08-04T20:41:10.573+0530] {processor.py:161} INFO - Started process (PID=59268) to work on /Users/deepanshu/Desktop/etc-spark-airflow/env/lib/python3.12/site-packages/airflow/example_dags/example_trigger_target_dag.py
[2024-08-04T20:41:10.574+0530] {processor.py:830} INFO - Processing file /Users/deepanshu/Desktop/etc-spark-airflow/env/lib/python3.12/site-packages/airflow/example_dags/example_trigger_target_dag.py for tasks to queue
[2024-08-04T20:41:10.574+0530] {logging_mixin.py:188} INFO - [2024-08-04T20:41:10.574+0530] {dagbag.py:545} INFO - Filling up the DagBag from /Users/deepanshu/Desktop/etc-spark-airflow/env/lib/python3.12/site-packages/airflow/example_dags/example_trigger_target_dag.py
[2024-08-04T20:41:10.597+0530] {processor.py:840} INFO - DAG(s) 'example_trigger_target_dag' retrieved from /Users/deepanshu/Desktop/etc-spark-airflow/env/lib/python3.12/site-packages/airflow/example_dags/example_trigger_target_dag.py
[2024-08-04T20:41:10.648+0530] {logging_mixin.py:188} INFO - [2024-08-04T20:41:10.647+0530] {dag.py:3089} INFO - Sync 1 DAGs
[2024-08-04T20:41:10.653+0530] {logging_mixin.py:188} INFO - [2024-08-04T20:41:10.653+0530] {dag.py:3947} INFO - Setting next_dagrun for example_trigger_target_dag to None, run_after=None
[2024-08-04T20:41:10.663+0530] {processor.py:183} INFO - Processing /Users/deepanshu/Desktop/etc-spark-airflow/env/lib/python3.12/site-packages/airflow/example_dags/example_trigger_target_dag.py took 0.092 seconds
[2024-08-04T20:43:02.876+0530] {processor.py:161} INFO - Started process (PID=60096) to work on /Users/deepanshu/Desktop/etc-spark-airflow/env/lib/python3.12/site-packages/airflow/example_dags/example_trigger_target_dag.py
[2024-08-04T20:43:02.877+0530] {processor.py:830} INFO - Processing file /Users/deepanshu/Desktop/etc-spark-airflow/env/lib/python3.12/site-packages/airflow/example_dags/example_trigger_target_dag.py for tasks to queue
[2024-08-04T20:43:02.877+0530] {logging_mixin.py:188} INFO - [2024-08-04T20:43:02.877+0530] {dagbag.py:545} INFO - Filling up the DagBag from /Users/deepanshu/Desktop/etc-spark-airflow/env/lib/python3.12/site-packages/airflow/example_dags/example_trigger_target_dag.py
[2024-08-04T20:43:02.903+0530] {processor.py:840} INFO - DAG(s) 'example_trigger_target_dag' retrieved from /Users/deepanshu/Desktop/etc-spark-airflow/env/lib/python3.12/site-packages/airflow/example_dags/example_trigger_target_dag.py
[2024-08-04T20:43:02.962+0530] {logging_mixin.py:188} INFO - [2024-08-04T20:43:02.962+0530] {dag.py:3089} INFO - Sync 1 DAGs
[2024-08-04T20:43:02.968+0530] {logging_mixin.py:188} INFO - [2024-08-04T20:43:02.968+0530] {dag.py:3947} INFO - Setting next_dagrun for example_trigger_target_dag to None, run_after=None
[2024-08-04T20:43:02.986+0530] {processor.py:183} INFO - Processing /Users/deepanshu/Desktop/etc-spark-airflow/env/lib/python3.12/site-packages/airflow/example_dags/example_trigger_target_dag.py took 0.113 seconds
[2024-08-04T20:44:57.054+0530] {processor.py:161} INFO - Started process (PID=60930) to work on /Users/deepanshu/Desktop/etc-spark-airflow/env/lib/python3.12/site-packages/airflow/example_dags/example_trigger_target_dag.py
[2024-08-04T20:44:57.055+0530] {processor.py:830} INFO - Processing file /Users/deepanshu/Desktop/etc-spark-airflow/env/lib/python3.12/site-packages/airflow/example_dags/example_trigger_target_dag.py for tasks to queue
[2024-08-04T20:44:57.055+0530] {logging_mixin.py:188} INFO - [2024-08-04T20:44:57.055+0530] {dagbag.py:545} INFO - Filling up the DagBag from /Users/deepanshu/Desktop/etc-spark-airflow/env/lib/python3.12/site-packages/airflow/example_dags/example_trigger_target_dag.py
[2024-08-04T20:44:57.077+0530] {processor.py:840} INFO - DAG(s) 'example_trigger_target_dag' retrieved from /Users/deepanshu/Desktop/etc-spark-airflow/env/lib/python3.12/site-packages/airflow/example_dags/example_trigger_target_dag.py
[2024-08-04T20:44:57.129+0530] {logging_mixin.py:188} INFO - [2024-08-04T20:44:57.129+0530] {dag.py:3089} INFO - Sync 1 DAGs
[2024-08-04T20:44:57.134+0530] {logging_mixin.py:188} INFO - [2024-08-04T20:44:57.134+0530] {dag.py:3947} INFO - Setting next_dagrun for example_trigger_target_dag to None, run_after=None
[2024-08-04T20:44:57.144+0530] {processor.py:183} INFO - Processing /Users/deepanshu/Desktop/etc-spark-airflow/env/lib/python3.12/site-packages/airflow/example_dags/example_trigger_target_dag.py took 0.092 seconds
[2024-08-04T20:46:54.211+0530] {processor.py:161} INFO - Started process (PID=61753) to work on /Users/deepanshu/Desktop/etc-spark-airflow/env/lib/python3.12/site-packages/airflow/example_dags/example_trigger_target_dag.py
[2024-08-04T20:46:54.212+0530] {processor.py:830} INFO - Processing file /Users/deepanshu/Desktop/etc-spark-airflow/env/lib/python3.12/site-packages/airflow/example_dags/example_trigger_target_dag.py for tasks to queue
[2024-08-04T20:46:54.213+0530] {logging_mixin.py:188} INFO - [2024-08-04T20:46:54.213+0530] {dagbag.py:545} INFO - Filling up the DagBag from /Users/deepanshu/Desktop/etc-spark-airflow/env/lib/python3.12/site-packages/airflow/example_dags/example_trigger_target_dag.py
[2024-08-04T20:46:54.234+0530] {processor.py:840} INFO - DAG(s) 'example_trigger_target_dag' retrieved from /Users/deepanshu/Desktop/etc-spark-airflow/env/lib/python3.12/site-packages/airflow/example_dags/example_trigger_target_dag.py
[2024-08-04T20:46:54.286+0530] {logging_mixin.py:188} INFO - [2024-08-04T20:46:54.285+0530] {dag.py:3089} INFO - Sync 1 DAGs
[2024-08-04T20:46:54.291+0530] {logging_mixin.py:188} INFO - [2024-08-04T20:46:54.291+0530] {dag.py:3947} INFO - Setting next_dagrun for example_trigger_target_dag to None, run_after=None
[2024-08-04T20:46:54.301+0530] {processor.py:183} INFO - Processing /Users/deepanshu/Desktop/etc-spark-airflow/env/lib/python3.12/site-packages/airflow/example_dags/example_trigger_target_dag.py took 0.091 seconds
[2024-08-04T20:48:09.744+0530] {processor.py:161} INFO - Started process (PID=62253) to work on /Users/deepanshu/Desktop/etc-spark-airflow/env/lib/python3.12/site-packages/airflow/example_dags/example_trigger_target_dag.py
[2024-08-04T20:48:09.745+0530] {processor.py:830} INFO - Processing file /Users/deepanshu/Desktop/etc-spark-airflow/env/lib/python3.12/site-packages/airflow/example_dags/example_trigger_target_dag.py for tasks to queue
[2024-08-04T20:48:09.745+0530] {logging_mixin.py:188} INFO - [2024-08-04T20:48:09.745+0530] {dagbag.py:545} INFO - Filling up the DagBag from /Users/deepanshu/Desktop/etc-spark-airflow/env/lib/python3.12/site-packages/airflow/example_dags/example_trigger_target_dag.py
[2024-08-04T20:48:09.767+0530] {processor.py:840} INFO - DAG(s) 'example_trigger_target_dag' retrieved from /Users/deepanshu/Desktop/etc-spark-airflow/env/lib/python3.12/site-packages/airflow/example_dags/example_trigger_target_dag.py
[2024-08-04T20:48:09.819+0530] {logging_mixin.py:188} INFO - [2024-08-04T20:48:09.819+0530] {dag.py:3089} INFO - Sync 1 DAGs
[2024-08-04T20:48:09.824+0530] {logging_mixin.py:188} INFO - [2024-08-04T20:48:09.824+0530] {dag.py:3947} INFO - Setting next_dagrun for example_trigger_target_dag to None, run_after=None
[2024-08-04T20:48:09.834+0530] {processor.py:183} INFO - Processing /Users/deepanshu/Desktop/etc-spark-airflow/env/lib/python3.12/site-packages/airflow/example_dags/example_trigger_target_dag.py took 0.092 seconds
[2024-08-04T20:49:23.677+0530] {processor.py:161} INFO - Started process (PID=62777) to work on /Users/deepanshu/Desktop/etc-spark-airflow/env/lib/python3.12/site-packages/airflow/example_dags/example_trigger_target_dag.py
[2024-08-04T20:49:23.678+0530] {processor.py:830} INFO - Processing file /Users/deepanshu/Desktop/etc-spark-airflow/env/lib/python3.12/site-packages/airflow/example_dags/example_trigger_target_dag.py for tasks to queue
[2024-08-04T20:49:23.679+0530] {logging_mixin.py:188} INFO - [2024-08-04T20:49:23.679+0530] {dagbag.py:545} INFO - Filling up the DagBag from /Users/deepanshu/Desktop/etc-spark-airflow/env/lib/python3.12/site-packages/airflow/example_dags/example_trigger_target_dag.py
[2024-08-04T20:49:23.702+0530] {processor.py:840} INFO - DAG(s) 'example_trigger_target_dag' retrieved from /Users/deepanshu/Desktop/etc-spark-airflow/env/lib/python3.12/site-packages/airflow/example_dags/example_trigger_target_dag.py
[2024-08-04T20:49:23.753+0530] {logging_mixin.py:188} INFO - [2024-08-04T20:49:23.753+0530] {dag.py:3089} INFO - Sync 1 DAGs
[2024-08-04T20:49:23.759+0530] {logging_mixin.py:188} INFO - [2024-08-04T20:49:23.758+0530] {dag.py:3947} INFO - Setting next_dagrun for example_trigger_target_dag to None, run_after=None
[2024-08-04T20:49:23.769+0530] {processor.py:183} INFO - Processing /Users/deepanshu/Desktop/etc-spark-airflow/env/lib/python3.12/site-packages/airflow/example_dags/example_trigger_target_dag.py took 0.094 seconds
[2024-08-04T20:50:58.400+0530] {processor.py:161} INFO - Started process (PID=63468) to work on /Users/deepanshu/Desktop/etc-spark-airflow/env/lib/python3.12/site-packages/airflow/example_dags/example_trigger_target_dag.py
[2024-08-04T20:50:58.401+0530] {processor.py:830} INFO - Processing file /Users/deepanshu/Desktop/etc-spark-airflow/env/lib/python3.12/site-packages/airflow/example_dags/example_trigger_target_dag.py for tasks to queue
[2024-08-04T20:50:58.401+0530] {logging_mixin.py:188} INFO - [2024-08-04T20:50:58.401+0530] {dagbag.py:545} INFO - Filling up the DagBag from /Users/deepanshu/Desktop/etc-spark-airflow/env/lib/python3.12/site-packages/airflow/example_dags/example_trigger_target_dag.py
[2024-08-04T20:50:58.423+0530] {processor.py:840} INFO - DAG(s) 'example_trigger_target_dag' retrieved from /Users/deepanshu/Desktop/etc-spark-airflow/env/lib/python3.12/site-packages/airflow/example_dags/example_trigger_target_dag.py
[2024-08-04T20:50:58.475+0530] {logging_mixin.py:188} INFO - [2024-08-04T20:50:58.475+0530] {dag.py:3089} INFO - Sync 1 DAGs
[2024-08-04T20:50:58.480+0530] {logging_mixin.py:188} INFO - [2024-08-04T20:50:58.480+0530] {dag.py:3947} INFO - Setting next_dagrun for example_trigger_target_dag to None, run_after=None
[2024-08-04T20:50:58.491+0530] {processor.py:183} INFO - Processing /Users/deepanshu/Desktop/etc-spark-airflow/env/lib/python3.12/site-packages/airflow/example_dags/example_trigger_target_dag.py took 0.093 seconds
[2024-08-04T20:52:51.824+0530] {processor.py:161} INFO - Started process (PID=64256) to work on /Users/deepanshu/Desktop/etc-spark-airflow/env/lib/python3.12/site-packages/airflow/example_dags/example_trigger_target_dag.py
[2024-08-04T20:52:51.825+0530] {processor.py:830} INFO - Processing file /Users/deepanshu/Desktop/etc-spark-airflow/env/lib/python3.12/site-packages/airflow/example_dags/example_trigger_target_dag.py for tasks to queue
[2024-08-04T20:52:51.825+0530] {logging_mixin.py:188} INFO - [2024-08-04T20:52:51.825+0530] {dagbag.py:545} INFO - Filling up the DagBag from /Users/deepanshu/Desktop/etc-spark-airflow/env/lib/python3.12/site-packages/airflow/example_dags/example_trigger_target_dag.py
[2024-08-04T20:52:51.849+0530] {processor.py:840} INFO - DAG(s) 'example_trigger_target_dag' retrieved from /Users/deepanshu/Desktop/etc-spark-airflow/env/lib/python3.12/site-packages/airflow/example_dags/example_trigger_target_dag.py
[2024-08-04T20:52:51.903+0530] {logging_mixin.py:188} INFO - [2024-08-04T20:52:51.903+0530] {dag.py:3089} INFO - Sync 1 DAGs
[2024-08-04T20:52:51.909+0530] {logging_mixin.py:188} INFO - [2024-08-04T20:52:51.908+0530] {dag.py:3947} INFO - Setting next_dagrun for example_trigger_target_dag to None, run_after=None
[2024-08-04T20:52:51.920+0530] {processor.py:183} INFO - Processing /Users/deepanshu/Desktop/etc-spark-airflow/env/lib/python3.12/site-packages/airflow/example_dags/example_trigger_target_dag.py took 0.098 seconds
[2024-08-04T20:54:08.363+0530] {processor.py:161} INFO - Started process (PID=64822) to work on /Users/deepanshu/Desktop/etc-spark-airflow/env/lib/python3.12/site-packages/airflow/example_dags/example_trigger_target_dag.py
[2024-08-04T20:54:08.364+0530] {processor.py:830} INFO - Processing file /Users/deepanshu/Desktop/etc-spark-airflow/env/lib/python3.12/site-packages/airflow/example_dags/example_trigger_target_dag.py for tasks to queue
[2024-08-04T20:54:08.364+0530] {logging_mixin.py:188} INFO - [2024-08-04T20:54:08.364+0530] {dagbag.py:545} INFO - Filling up the DagBag from /Users/deepanshu/Desktop/etc-spark-airflow/env/lib/python3.12/site-packages/airflow/example_dags/example_trigger_target_dag.py
[2024-08-04T20:54:08.389+0530] {processor.py:840} INFO - DAG(s) 'example_trigger_target_dag' retrieved from /Users/deepanshu/Desktop/etc-spark-airflow/env/lib/python3.12/site-packages/airflow/example_dags/example_trigger_target_dag.py
[2024-08-04T20:54:08.440+0530] {logging_mixin.py:188} INFO - [2024-08-04T20:54:08.440+0530] {dag.py:3089} INFO - Sync 1 DAGs
[2024-08-04T20:54:08.446+0530] {logging_mixin.py:188} INFO - [2024-08-04T20:54:08.445+0530] {dag.py:3947} INFO - Setting next_dagrun for example_trigger_target_dag to None, run_after=None
[2024-08-04T20:54:08.457+0530] {processor.py:183} INFO - Processing /Users/deepanshu/Desktop/etc-spark-airflow/env/lib/python3.12/site-packages/airflow/example_dags/example_trigger_target_dag.py took 0.096 seconds
[2024-08-04T20:54:56.547+0530] {processor.py:161} INFO - Started process (PID=65221) to work on /Users/deepanshu/Desktop/etc-spark-airflow/env/lib/python3.12/site-packages/airflow/example_dags/example_trigger_target_dag.py
[2024-08-04T20:54:56.547+0530] {processor.py:830} INFO - Processing file /Users/deepanshu/Desktop/etc-spark-airflow/env/lib/python3.12/site-packages/airflow/example_dags/example_trigger_target_dag.py for tasks to queue
[2024-08-04T20:54:56.548+0530] {logging_mixin.py:188} INFO - [2024-08-04T20:54:56.548+0530] {dagbag.py:545} INFO - Filling up the DagBag from /Users/deepanshu/Desktop/etc-spark-airflow/env/lib/python3.12/site-packages/airflow/example_dags/example_trigger_target_dag.py
[2024-08-04T20:54:56.570+0530] {processor.py:840} INFO - DAG(s) 'example_trigger_target_dag' retrieved from /Users/deepanshu/Desktop/etc-spark-airflow/env/lib/python3.12/site-packages/airflow/example_dags/example_trigger_target_dag.py
[2024-08-04T20:54:56.621+0530] {logging_mixin.py:188} INFO - [2024-08-04T20:54:56.621+0530] {dag.py:3089} INFO - Sync 1 DAGs
[2024-08-04T20:54:56.627+0530] {logging_mixin.py:188} INFO - [2024-08-04T20:54:56.627+0530] {dag.py:3947} INFO - Setting next_dagrun for example_trigger_target_dag to None, run_after=None
[2024-08-04T20:54:56.637+0530] {processor.py:183} INFO - Processing /Users/deepanshu/Desktop/etc-spark-airflow/env/lib/python3.12/site-packages/airflow/example_dags/example_trigger_target_dag.py took 0.092 seconds
[2024-08-04T20:57:23.776+0530] {processor.py:161} INFO - Started process (PID=66355) to work on /Users/deepanshu/Desktop/etc-spark-airflow/env/lib/python3.12/site-packages/airflow/example_dags/example_trigger_target_dag.py
[2024-08-04T20:57:23.776+0530] {processor.py:830} INFO - Processing file /Users/deepanshu/Desktop/etc-spark-airflow/env/lib/python3.12/site-packages/airflow/example_dags/example_trigger_target_dag.py for tasks to queue
[2024-08-04T20:57:23.777+0530] {logging_mixin.py:188} INFO - [2024-08-04T20:57:23.777+0530] {dagbag.py:545} INFO - Filling up the DagBag from /Users/deepanshu/Desktop/etc-spark-airflow/env/lib/python3.12/site-packages/airflow/example_dags/example_trigger_target_dag.py
[2024-08-04T20:57:23.799+0530] {processor.py:840} INFO - DAG(s) 'example_trigger_target_dag' retrieved from /Users/deepanshu/Desktop/etc-spark-airflow/env/lib/python3.12/site-packages/airflow/example_dags/example_trigger_target_dag.py
[2024-08-04T20:57:23.850+0530] {logging_mixin.py:188} INFO - [2024-08-04T20:57:23.850+0530] {dag.py:3089} INFO - Sync 1 DAGs
[2024-08-04T20:57:23.855+0530] {logging_mixin.py:188} INFO - [2024-08-04T20:57:23.855+0530] {dag.py:3947} INFO - Setting next_dagrun for example_trigger_target_dag to None, run_after=None
[2024-08-04T20:57:23.866+0530] {processor.py:183} INFO - Processing /Users/deepanshu/Desktop/etc-spark-airflow/env/lib/python3.12/site-packages/airflow/example_dags/example_trigger_target_dag.py took 0.092 seconds
[2024-08-04T20:59:39.797+0530] {processor.py:161} INFO - Started process (PID=67658) to work on /Users/deepanshu/Desktop/etc-spark-airflow/env/lib/python3.12/site-packages/airflow/example_dags/example_trigger_target_dag.py
[2024-08-04T20:59:39.798+0530] {processor.py:830} INFO - Processing file /Users/deepanshu/Desktop/etc-spark-airflow/env/lib/python3.12/site-packages/airflow/example_dags/example_trigger_target_dag.py for tasks to queue
[2024-08-04T20:59:39.798+0530] {logging_mixin.py:188} INFO - [2024-08-04T20:59:39.798+0530] {dagbag.py:545} INFO - Filling up the DagBag from /Users/deepanshu/Desktop/etc-spark-airflow/env/lib/python3.12/site-packages/airflow/example_dags/example_trigger_target_dag.py
[2024-08-04T20:59:39.825+0530] {processor.py:840} INFO - DAG(s) 'example_trigger_target_dag' retrieved from /Users/deepanshu/Desktop/etc-spark-airflow/env/lib/python3.12/site-packages/airflow/example_dags/example_trigger_target_dag.py
[2024-08-04T20:59:39.879+0530] {logging_mixin.py:188} INFO - [2024-08-04T20:59:39.879+0530] {dag.py:3089} INFO - Sync 1 DAGs
[2024-08-04T20:59:39.884+0530] {logging_mixin.py:188} INFO - [2024-08-04T20:59:39.884+0530] {dag.py:3947} INFO - Setting next_dagrun for example_trigger_target_dag to None, run_after=None
[2024-08-04T20:59:39.895+0530] {processor.py:183} INFO - Processing /Users/deepanshu/Desktop/etc-spark-airflow/env/lib/python3.12/site-packages/airflow/example_dags/example_trigger_target_dag.py took 0.099 seconds
[2024-08-04T21:01:13.625+0530] {processor.py:161} INFO - Started process (PID=68411) to work on /Users/deepanshu/Desktop/etc-spark-airflow/env/lib/python3.12/site-packages/airflow/example_dags/example_trigger_target_dag.py
[2024-08-04T21:01:13.626+0530] {processor.py:830} INFO - Processing file /Users/deepanshu/Desktop/etc-spark-airflow/env/lib/python3.12/site-packages/airflow/example_dags/example_trigger_target_dag.py for tasks to queue
[2024-08-04T21:01:13.626+0530] {logging_mixin.py:188} INFO - [2024-08-04T21:01:13.626+0530] {dagbag.py:545} INFO - Filling up the DagBag from /Users/deepanshu/Desktop/etc-spark-airflow/env/lib/python3.12/site-packages/airflow/example_dags/example_trigger_target_dag.py
[2024-08-04T21:01:13.648+0530] {processor.py:840} INFO - DAG(s) 'example_trigger_target_dag' retrieved from /Users/deepanshu/Desktop/etc-spark-airflow/env/lib/python3.12/site-packages/airflow/example_dags/example_trigger_target_dag.py
[2024-08-04T21:01:13.700+0530] {logging_mixin.py:188} INFO - [2024-08-04T21:01:13.700+0530] {dag.py:3089} INFO - Sync 1 DAGs
[2024-08-04T21:01:13.705+0530] {logging_mixin.py:188} INFO - [2024-08-04T21:01:13.705+0530] {dag.py:3947} INFO - Setting next_dagrun for example_trigger_target_dag to None, run_after=None
[2024-08-04T21:01:13.715+0530] {processor.py:183} INFO - Processing /Users/deepanshu/Desktop/etc-spark-airflow/env/lib/python3.12/site-packages/airflow/example_dags/example_trigger_target_dag.py took 0.092 seconds
[2024-08-04T21:03:17.865+0530] {processor.py:161} INFO - Started process (PID=69284) to work on /Users/deepanshu/Desktop/etc-spark-airflow/env/lib/python3.12/site-packages/airflow/example_dags/example_trigger_target_dag.py
[2024-08-04T21:03:17.866+0530] {processor.py:830} INFO - Processing file /Users/deepanshu/Desktop/etc-spark-airflow/env/lib/python3.12/site-packages/airflow/example_dags/example_trigger_target_dag.py for tasks to queue
[2024-08-04T21:03:17.866+0530] {logging_mixin.py:188} INFO - [2024-08-04T21:03:17.866+0530] {dagbag.py:545} INFO - Filling up the DagBag from /Users/deepanshu/Desktop/etc-spark-airflow/env/lib/python3.12/site-packages/airflow/example_dags/example_trigger_target_dag.py
[2024-08-04T21:03:17.889+0530] {processor.py:840} INFO - DAG(s) 'example_trigger_target_dag' retrieved from /Users/deepanshu/Desktop/etc-spark-airflow/env/lib/python3.12/site-packages/airflow/example_dags/example_trigger_target_dag.py
[2024-08-04T21:03:17.942+0530] {logging_mixin.py:188} INFO - [2024-08-04T21:03:17.942+0530] {dag.py:3089} INFO - Sync 1 DAGs
[2024-08-04T21:03:17.948+0530] {logging_mixin.py:188} INFO - [2024-08-04T21:03:17.947+0530] {dag.py:3947} INFO - Setting next_dagrun for example_trigger_target_dag to None, run_after=None
[2024-08-04T21:03:17.958+0530] {processor.py:183} INFO - Processing /Users/deepanshu/Desktop/etc-spark-airflow/env/lib/python3.12/site-packages/airflow/example_dags/example_trigger_target_dag.py took 0.095 seconds
[2024-08-04T21:05:05.497+0530] {processor.py:161} INFO - Started process (PID=69996) to work on /Users/deepanshu/Desktop/etc-spark-airflow/env/lib/python3.12/site-packages/airflow/example_dags/example_trigger_target_dag.py
[2024-08-04T21:05:05.498+0530] {processor.py:830} INFO - Processing file /Users/deepanshu/Desktop/etc-spark-airflow/env/lib/python3.12/site-packages/airflow/example_dags/example_trigger_target_dag.py for tasks to queue
[2024-08-04T21:05:05.498+0530] {logging_mixin.py:188} INFO - [2024-08-04T21:05:05.498+0530] {dagbag.py:545} INFO - Filling up the DagBag from /Users/deepanshu/Desktop/etc-spark-airflow/env/lib/python3.12/site-packages/airflow/example_dags/example_trigger_target_dag.py
[2024-08-04T21:05:05.522+0530] {processor.py:840} INFO - DAG(s) 'example_trigger_target_dag' retrieved from /Users/deepanshu/Desktop/etc-spark-airflow/env/lib/python3.12/site-packages/airflow/example_dags/example_trigger_target_dag.py
[2024-08-04T21:05:05.575+0530] {logging_mixin.py:188} INFO - [2024-08-04T21:05:05.575+0530] {dag.py:3089} INFO - Sync 1 DAGs
[2024-08-04T21:05:05.581+0530] {logging_mixin.py:188} INFO - [2024-08-04T21:05:05.580+0530] {dag.py:3947} INFO - Setting next_dagrun for example_trigger_target_dag to None, run_after=None
[2024-08-04T21:05:05.591+0530] {processor.py:183} INFO - Processing /Users/deepanshu/Desktop/etc-spark-airflow/env/lib/python3.12/site-packages/airflow/example_dags/example_trigger_target_dag.py took 0.096 seconds
[2024-08-04T21:05:52.561+0530] {processor.py:161} INFO - Started process (PID=70356) to work on /Users/deepanshu/Desktop/etc-spark-airflow/env/lib/python3.12/site-packages/airflow/example_dags/example_trigger_target_dag.py
[2024-08-04T21:05:52.562+0530] {processor.py:830} INFO - Processing file /Users/deepanshu/Desktop/etc-spark-airflow/env/lib/python3.12/site-packages/airflow/example_dags/example_trigger_target_dag.py for tasks to queue
[2024-08-04T21:05:52.563+0530] {logging_mixin.py:188} INFO - [2024-08-04T21:05:52.563+0530] {dagbag.py:545} INFO - Filling up the DagBag from /Users/deepanshu/Desktop/etc-spark-airflow/env/lib/python3.12/site-packages/airflow/example_dags/example_trigger_target_dag.py
[2024-08-04T21:05:52.586+0530] {processor.py:840} INFO - DAG(s) 'example_trigger_target_dag' retrieved from /Users/deepanshu/Desktop/etc-spark-airflow/env/lib/python3.12/site-packages/airflow/example_dags/example_trigger_target_dag.py
[2024-08-04T21:05:52.637+0530] {logging_mixin.py:188} INFO - [2024-08-04T21:05:52.637+0530] {dag.py:3089} INFO - Sync 1 DAGs
[2024-08-04T21:05:52.642+0530] {logging_mixin.py:188} INFO - [2024-08-04T21:05:52.642+0530] {dag.py:3947} INFO - Setting next_dagrun for example_trigger_target_dag to None, run_after=None
[2024-08-04T21:05:52.653+0530] {processor.py:183} INFO - Processing /Users/deepanshu/Desktop/etc-spark-airflow/env/lib/python3.12/site-packages/airflow/example_dags/example_trigger_target_dag.py took 0.093 seconds
[2024-08-04T21:07:34.572+0530] {processor.py:161} INFO - Started process (PID=71063) to work on /Users/deepanshu/Desktop/etc-spark-airflow/env/lib/python3.12/site-packages/airflow/example_dags/example_trigger_target_dag.py
[2024-08-04T21:07:34.573+0530] {processor.py:830} INFO - Processing file /Users/deepanshu/Desktop/etc-spark-airflow/env/lib/python3.12/site-packages/airflow/example_dags/example_trigger_target_dag.py for tasks to queue
[2024-08-04T21:07:34.573+0530] {logging_mixin.py:188} INFO - [2024-08-04T21:07:34.573+0530] {dagbag.py:545} INFO - Filling up the DagBag from /Users/deepanshu/Desktop/etc-spark-airflow/env/lib/python3.12/site-packages/airflow/example_dags/example_trigger_target_dag.py
[2024-08-04T21:07:34.596+0530] {processor.py:840} INFO - DAG(s) 'example_trigger_target_dag' retrieved from /Users/deepanshu/Desktop/etc-spark-airflow/env/lib/python3.12/site-packages/airflow/example_dags/example_trigger_target_dag.py
[2024-08-04T21:07:34.647+0530] {logging_mixin.py:188} INFO - [2024-08-04T21:07:34.646+0530] {dag.py:3089} INFO - Sync 1 DAGs
[2024-08-04T21:07:34.652+0530] {logging_mixin.py:188} INFO - [2024-08-04T21:07:34.652+0530] {dag.py:3947} INFO - Setting next_dagrun for example_trigger_target_dag to None, run_after=None
[2024-08-04T21:07:34.663+0530] {processor.py:183} INFO - Processing /Users/deepanshu/Desktop/etc-spark-airflow/env/lib/python3.12/site-packages/airflow/example_dags/example_trigger_target_dag.py took 0.093 seconds
