[2024-08-04T20:33:05.968+0530] {processor.py:161} INFO - Started process (PID=55624) to work on /Users/deepanshu/Desktop/etc-spark-airflow/env/lib/python3.12/site-packages/airflow/example_dags/example_trigger_controller_dag.py
[2024-08-04T20:33:05.969+0530] {processor.py:830} INFO - Processing file /Users/deepanshu/Desktop/etc-spark-airflow/env/lib/python3.12/site-packages/airflow/example_dags/example_trigger_controller_dag.py for tasks to queue
[2024-08-04T20:33:05.969+0530] {logging_mixin.py:188} INFO - [2024-08-04T20:33:05.969+0530] {dagbag.py:545} INFO - Filling up the DagBag from /Users/deepanshu/Desktop/etc-spark-airflow/env/lib/python3.12/site-packages/airflow/example_dags/example_trigger_controller_dag.py
[2024-08-04T20:33:05.977+0530] {processor.py:840} INFO - DAG(s) 'example_trigger_controller_dag' retrieved from /Users/deepanshu/Desktop/etc-spark-airflow/env/lib/python3.12/site-packages/airflow/example_dags/example_trigger_controller_dag.py
[2024-08-04T20:33:06.081+0530] {logging_mixin.py:188} INFO - [2024-08-04T20:33:06.081+0530] {override.py:1858} INFO - Created Permission View: can delete on DAG:example_trigger_controller_dag
[2024-08-04T20:33:06.086+0530] {logging_mixin.py:188} INFO - [2024-08-04T20:33:06.086+0530] {override.py:1858} INFO - Created Permission View: can read on DAG:example_trigger_controller_dag
[2024-08-04T20:33:06.090+0530] {logging_mixin.py:188} INFO - [2024-08-04T20:33:06.090+0530] {override.py:1858} INFO - Created Permission View: can edit on DAG:example_trigger_controller_dag
[2024-08-04T20:33:06.090+0530] {logging_mixin.py:188} INFO - [2024-08-04T20:33:06.090+0530] {dag.py:3089} INFO - Sync 1 DAGs
[2024-08-04T20:33:06.096+0530] {logging_mixin.py:188} INFO - [2024-08-04T20:33:06.096+0530] {dag.py:3111} INFO - Creating ORM DAG for example_trigger_controller_dag
[2024-08-04T20:33:06.100+0530] {logging_mixin.py:188} INFO - [2024-08-04T20:33:06.100+0530] {dag.py:3947} INFO - Setting next_dagrun for example_trigger_controller_dag to 2021-01-01 00:00:00+00:00, run_after=2021-01-01 00:00:00+00:00
[2024-08-04T20:33:06.110+0530] {processor.py:183} INFO - Processing /Users/deepanshu/Desktop/etc-spark-airflow/env/lib/python3.12/site-packages/airflow/example_dags/example_trigger_controller_dag.py took 0.143 seconds
[2024-08-04T20:34:09.230+0530] {processor.py:161} INFO - Started process (PID=56100) to work on /Users/deepanshu/Desktop/etc-spark-airflow/env/lib/python3.12/site-packages/airflow/example_dags/example_trigger_controller_dag.py
[2024-08-04T20:34:09.231+0530] {processor.py:830} INFO - Processing file /Users/deepanshu/Desktop/etc-spark-airflow/env/lib/python3.12/site-packages/airflow/example_dags/example_trigger_controller_dag.py for tasks to queue
[2024-08-04T20:34:09.231+0530] {logging_mixin.py:188} INFO - [2024-08-04T20:34:09.231+0530] {dagbag.py:545} INFO - Filling up the DagBag from /Users/deepanshu/Desktop/etc-spark-airflow/env/lib/python3.12/site-packages/airflow/example_dags/example_trigger_controller_dag.py
[2024-08-04T20:34:09.238+0530] {processor.py:840} INFO - DAG(s) 'example_trigger_controller_dag' retrieved from /Users/deepanshu/Desktop/etc-spark-airflow/env/lib/python3.12/site-packages/airflow/example_dags/example_trigger_controller_dag.py
[2024-08-04T20:34:09.289+0530] {logging_mixin.py:188} INFO - [2024-08-04T20:34:09.288+0530] {dag.py:3089} INFO - Sync 1 DAGs
[2024-08-04T20:34:09.298+0530] {logging_mixin.py:188} INFO - [2024-08-04T20:34:09.298+0530] {dag.py:3947} INFO - Setting next_dagrun for example_trigger_controller_dag to 2021-01-01 00:00:00+00:00, run_after=2021-01-01 00:00:00+00:00
[2024-08-04T20:34:09.309+0530] {processor.py:183} INFO - Processing /Users/deepanshu/Desktop/etc-spark-airflow/env/lib/python3.12/site-packages/airflow/example_dags/example_trigger_controller_dag.py took 0.080 seconds
[2024-08-04T20:36:12.868+0530] {processor.py:161} INFO - Started process (PID=56972) to work on /Users/deepanshu/Desktop/etc-spark-airflow/env/lib/python3.12/site-packages/airflow/example_dags/example_trigger_controller_dag.py
[2024-08-04T20:36:12.870+0530] {processor.py:830} INFO - Processing file /Users/deepanshu/Desktop/etc-spark-airflow/env/lib/python3.12/site-packages/airflow/example_dags/example_trigger_controller_dag.py for tasks to queue
[2024-08-04T20:36:12.870+0530] {logging_mixin.py:188} INFO - [2024-08-04T20:36:12.870+0530] {dagbag.py:545} INFO - Filling up the DagBag from /Users/deepanshu/Desktop/etc-spark-airflow/env/lib/python3.12/site-packages/airflow/example_dags/example_trigger_controller_dag.py
[2024-08-04T20:36:12.877+0530] {processor.py:840} INFO - DAG(s) 'example_trigger_controller_dag' retrieved from /Users/deepanshu/Desktop/etc-spark-airflow/env/lib/python3.12/site-packages/airflow/example_dags/example_trigger_controller_dag.py
[2024-08-04T20:36:12.927+0530] {logging_mixin.py:188} INFO - [2024-08-04T20:36:12.927+0530] {dag.py:3089} INFO - Sync 1 DAGs
[2024-08-04T20:36:12.936+0530] {logging_mixin.py:188} INFO - [2024-08-04T20:36:12.936+0530] {dag.py:3947} INFO - Setting next_dagrun for example_trigger_controller_dag to 2021-01-01 00:00:00+00:00, run_after=2021-01-01 00:00:00+00:00
[2024-08-04T20:36:12.947+0530] {processor.py:183} INFO - Processing /Users/deepanshu/Desktop/etc-spark-airflow/env/lib/python3.12/site-packages/airflow/example_dags/example_trigger_controller_dag.py took 0.080 seconds
[2024-08-04T20:37:42.837+0530] {processor.py:161} INFO - Started process (PID=57705) to work on /Users/deepanshu/Desktop/etc-spark-airflow/env/lib/python3.12/site-packages/airflow/example_dags/example_trigger_controller_dag.py
[2024-08-04T20:37:42.838+0530] {processor.py:830} INFO - Processing file /Users/deepanshu/Desktop/etc-spark-airflow/env/lib/python3.12/site-packages/airflow/example_dags/example_trigger_controller_dag.py for tasks to queue
[2024-08-04T20:37:42.838+0530] {logging_mixin.py:188} INFO - [2024-08-04T20:37:42.838+0530] {dagbag.py:545} INFO - Filling up the DagBag from /Users/deepanshu/Desktop/etc-spark-airflow/env/lib/python3.12/site-packages/airflow/example_dags/example_trigger_controller_dag.py
[2024-08-04T20:37:42.845+0530] {processor.py:840} INFO - DAG(s) 'example_trigger_controller_dag' retrieved from /Users/deepanshu/Desktop/etc-spark-airflow/env/lib/python3.12/site-packages/airflow/example_dags/example_trigger_controller_dag.py
[2024-08-04T20:37:42.895+0530] {logging_mixin.py:188} INFO - [2024-08-04T20:37:42.895+0530] {dag.py:3089} INFO - Sync 1 DAGs
[2024-08-04T20:37:42.904+0530] {logging_mixin.py:188} INFO - [2024-08-04T20:37:42.904+0530] {dag.py:3947} INFO - Setting next_dagrun for example_trigger_controller_dag to 2021-01-01 00:00:00+00:00, run_after=2021-01-01 00:00:00+00:00
[2024-08-04T20:37:42.914+0530] {processor.py:183} INFO - Processing /Users/deepanshu/Desktop/etc-spark-airflow/env/lib/python3.12/site-packages/airflow/example_dags/example_trigger_controller_dag.py took 0.079 seconds
[2024-08-04T20:39:41.241+0530] {processor.py:161} INFO - Started process (PID=58570) to work on /Users/deepanshu/Desktop/etc-spark-airflow/env/lib/python3.12/site-packages/airflow/example_dags/example_trigger_controller_dag.py
[2024-08-04T20:39:41.242+0530] {processor.py:830} INFO - Processing file /Users/deepanshu/Desktop/etc-spark-airflow/env/lib/python3.12/site-packages/airflow/example_dags/example_trigger_controller_dag.py for tasks to queue
[2024-08-04T20:39:41.242+0530] {logging_mixin.py:188} INFO - [2024-08-04T20:39:41.242+0530] {dagbag.py:545} INFO - Filling up the DagBag from /Users/deepanshu/Desktop/etc-spark-airflow/env/lib/python3.12/site-packages/airflow/example_dags/example_trigger_controller_dag.py
[2024-08-04T20:39:41.249+0530] {processor.py:840} INFO - DAG(s) 'example_trigger_controller_dag' retrieved from /Users/deepanshu/Desktop/etc-spark-airflow/env/lib/python3.12/site-packages/airflow/example_dags/example_trigger_controller_dag.py
[2024-08-04T20:39:41.298+0530] {logging_mixin.py:188} INFO - [2024-08-04T20:39:41.298+0530] {dag.py:3089} INFO - Sync 1 DAGs
[2024-08-04T20:39:41.308+0530] {logging_mixin.py:188} INFO - [2024-08-04T20:39:41.308+0530] {dag.py:3947} INFO - Setting next_dagrun for example_trigger_controller_dag to 2021-01-01 00:00:00+00:00, run_after=2021-01-01 00:00:00+00:00
[2024-08-04T20:39:41.318+0530] {processor.py:183} INFO - Processing /Users/deepanshu/Desktop/etc-spark-airflow/env/lib/python3.12/site-packages/airflow/example_dags/example_trigger_controller_dag.py took 0.079 seconds
[2024-08-04T20:41:12.704+0530] {processor.py:161} INFO - Started process (PID=59281) to work on /Users/deepanshu/Desktop/etc-spark-airflow/env/lib/python3.12/site-packages/airflow/example_dags/example_trigger_controller_dag.py
[2024-08-04T20:41:12.705+0530] {processor.py:830} INFO - Processing file /Users/deepanshu/Desktop/etc-spark-airflow/env/lib/python3.12/site-packages/airflow/example_dags/example_trigger_controller_dag.py for tasks to queue
[2024-08-04T20:41:12.706+0530] {logging_mixin.py:188} INFO - [2024-08-04T20:41:12.705+0530] {dagbag.py:545} INFO - Filling up the DagBag from /Users/deepanshu/Desktop/etc-spark-airflow/env/lib/python3.12/site-packages/airflow/example_dags/example_trigger_controller_dag.py
[2024-08-04T20:41:12.713+0530] {processor.py:840} INFO - DAG(s) 'example_trigger_controller_dag' retrieved from /Users/deepanshu/Desktop/etc-spark-airflow/env/lib/python3.12/site-packages/airflow/example_dags/example_trigger_controller_dag.py
[2024-08-04T20:41:12.763+0530] {logging_mixin.py:188} INFO - [2024-08-04T20:41:12.763+0530] {dag.py:3089} INFO - Sync 1 DAGs
[2024-08-04T20:41:12.772+0530] {logging_mixin.py:188} INFO - [2024-08-04T20:41:12.772+0530] {dag.py:3947} INFO - Setting next_dagrun for example_trigger_controller_dag to 2021-01-01 00:00:00+00:00, run_after=2021-01-01 00:00:00+00:00
[2024-08-04T20:41:12.783+0530] {processor.py:183} INFO - Processing /Users/deepanshu/Desktop/etc-spark-airflow/env/lib/python3.12/site-packages/airflow/example_dags/example_trigger_controller_dag.py took 0.081 seconds
[2024-08-04T20:43:05.145+0530] {processor.py:161} INFO - Started process (PID=60109) to work on /Users/deepanshu/Desktop/etc-spark-airflow/env/lib/python3.12/site-packages/airflow/example_dags/example_trigger_controller_dag.py
[2024-08-04T20:43:05.146+0530] {processor.py:830} INFO - Processing file /Users/deepanshu/Desktop/etc-spark-airflow/env/lib/python3.12/site-packages/airflow/example_dags/example_trigger_controller_dag.py for tasks to queue
[2024-08-04T20:43:05.147+0530] {logging_mixin.py:188} INFO - [2024-08-04T20:43:05.146+0530] {dagbag.py:545} INFO - Filling up the DagBag from /Users/deepanshu/Desktop/etc-spark-airflow/env/lib/python3.12/site-packages/airflow/example_dags/example_trigger_controller_dag.py
[2024-08-04T20:43:05.154+0530] {processor.py:840} INFO - DAG(s) 'example_trigger_controller_dag' retrieved from /Users/deepanshu/Desktop/etc-spark-airflow/env/lib/python3.12/site-packages/airflow/example_dags/example_trigger_controller_dag.py
[2024-08-04T20:43:05.203+0530] {logging_mixin.py:188} INFO - [2024-08-04T20:43:05.203+0530] {dag.py:3089} INFO - Sync 1 DAGs
[2024-08-04T20:43:05.213+0530] {logging_mixin.py:188} INFO - [2024-08-04T20:43:05.213+0530] {dag.py:3947} INFO - Setting next_dagrun for example_trigger_controller_dag to 2021-01-01 00:00:00+00:00, run_after=2021-01-01 00:00:00+00:00
[2024-08-04T20:43:05.224+0530] {processor.py:183} INFO - Processing /Users/deepanshu/Desktop/etc-spark-airflow/env/lib/python3.12/site-packages/airflow/example_dags/example_trigger_controller_dag.py took 0.080 seconds
[2024-08-04T20:44:58.996+0530] {processor.py:161} INFO - Started process (PID=60942) to work on /Users/deepanshu/Desktop/etc-spark-airflow/env/lib/python3.12/site-packages/airflow/example_dags/example_trigger_controller_dag.py
[2024-08-04T20:44:58.997+0530] {processor.py:830} INFO - Processing file /Users/deepanshu/Desktop/etc-spark-airflow/env/lib/python3.12/site-packages/airflow/example_dags/example_trigger_controller_dag.py for tasks to queue
[2024-08-04T20:44:58.998+0530] {logging_mixin.py:188} INFO - [2024-08-04T20:44:58.998+0530] {dagbag.py:545} INFO - Filling up the DagBag from /Users/deepanshu/Desktop/etc-spark-airflow/env/lib/python3.12/site-packages/airflow/example_dags/example_trigger_controller_dag.py
[2024-08-04T20:44:59.004+0530] {processor.py:840} INFO - DAG(s) 'example_trigger_controller_dag' retrieved from /Users/deepanshu/Desktop/etc-spark-airflow/env/lib/python3.12/site-packages/airflow/example_dags/example_trigger_controller_dag.py
[2024-08-04T20:44:59.054+0530] {logging_mixin.py:188} INFO - [2024-08-04T20:44:59.054+0530] {dag.py:3089} INFO - Sync 1 DAGs
[2024-08-04T20:44:59.070+0530] {logging_mixin.py:188} INFO - [2024-08-04T20:44:59.069+0530] {dag.py:3947} INFO - Setting next_dagrun for example_trigger_controller_dag to 2021-01-01 00:00:00+00:00, run_after=2021-01-01 00:00:00+00:00
[2024-08-04T20:44:59.102+0530] {processor.py:183} INFO - Processing /Users/deepanshu/Desktop/etc-spark-airflow/env/lib/python3.12/site-packages/airflow/example_dags/example_trigger_controller_dag.py took 0.107 seconds
[2024-08-04T20:46:56.303+0530] {processor.py:161} INFO - Started process (PID=61767) to work on /Users/deepanshu/Desktop/etc-spark-airflow/env/lib/python3.12/site-packages/airflow/example_dags/example_trigger_controller_dag.py
[2024-08-04T20:46:56.304+0530] {processor.py:830} INFO - Processing file /Users/deepanshu/Desktop/etc-spark-airflow/env/lib/python3.12/site-packages/airflow/example_dags/example_trigger_controller_dag.py for tasks to queue
[2024-08-04T20:46:56.305+0530] {logging_mixin.py:188} INFO - [2024-08-04T20:46:56.305+0530] {dagbag.py:545} INFO - Filling up the DagBag from /Users/deepanshu/Desktop/etc-spark-airflow/env/lib/python3.12/site-packages/airflow/example_dags/example_trigger_controller_dag.py
[2024-08-04T20:46:56.312+0530] {processor.py:840} INFO - DAG(s) 'example_trigger_controller_dag' retrieved from /Users/deepanshu/Desktop/etc-spark-airflow/env/lib/python3.12/site-packages/airflow/example_dags/example_trigger_controller_dag.py
[2024-08-04T20:46:56.361+0530] {logging_mixin.py:188} INFO - [2024-08-04T20:46:56.361+0530] {dag.py:3089} INFO - Sync 1 DAGs
[2024-08-04T20:46:56.370+0530] {logging_mixin.py:188} INFO - [2024-08-04T20:46:56.370+0530] {dag.py:3947} INFO - Setting next_dagrun for example_trigger_controller_dag to 2021-01-01 00:00:00+00:00, run_after=2021-01-01 00:00:00+00:00
[2024-08-04T20:46:56.381+0530] {processor.py:183} INFO - Processing /Users/deepanshu/Desktop/etc-spark-airflow/env/lib/python3.12/site-packages/airflow/example_dags/example_trigger_controller_dag.py took 0.079 seconds
[2024-08-04T20:48:12.013+0530] {processor.py:161} INFO - Started process (PID=62265) to work on /Users/deepanshu/Desktop/etc-spark-airflow/env/lib/python3.12/site-packages/airflow/example_dags/example_trigger_controller_dag.py
[2024-08-04T20:48:12.014+0530] {processor.py:830} INFO - Processing file /Users/deepanshu/Desktop/etc-spark-airflow/env/lib/python3.12/site-packages/airflow/example_dags/example_trigger_controller_dag.py for tasks to queue
[2024-08-04T20:48:12.015+0530] {logging_mixin.py:188} INFO - [2024-08-04T20:48:12.015+0530] {dagbag.py:545} INFO - Filling up the DagBag from /Users/deepanshu/Desktop/etc-spark-airflow/env/lib/python3.12/site-packages/airflow/example_dags/example_trigger_controller_dag.py
[2024-08-04T20:48:12.022+0530] {processor.py:840} INFO - DAG(s) 'example_trigger_controller_dag' retrieved from /Users/deepanshu/Desktop/etc-spark-airflow/env/lib/python3.12/site-packages/airflow/example_dags/example_trigger_controller_dag.py
[2024-08-04T20:48:12.073+0530] {logging_mixin.py:188} INFO - [2024-08-04T20:48:12.072+0530] {dag.py:3089} INFO - Sync 1 DAGs
[2024-08-04T20:48:12.082+0530] {logging_mixin.py:188} INFO - [2024-08-04T20:48:12.082+0530] {dag.py:3947} INFO - Setting next_dagrun for example_trigger_controller_dag to 2021-01-01 00:00:00+00:00, run_after=2021-01-01 00:00:00+00:00
[2024-08-04T20:48:12.093+0530] {processor.py:183} INFO - Processing /Users/deepanshu/Desktop/etc-spark-airflow/env/lib/python3.12/site-packages/airflow/example_dags/example_trigger_controller_dag.py took 0.082 seconds
[2024-08-04T20:49:25.863+0530] {processor.py:161} INFO - Started process (PID=62793) to work on /Users/deepanshu/Desktop/etc-spark-airflow/env/lib/python3.12/site-packages/airflow/example_dags/example_trigger_controller_dag.py
[2024-08-04T20:49:25.864+0530] {processor.py:830} INFO - Processing file /Users/deepanshu/Desktop/etc-spark-airflow/env/lib/python3.12/site-packages/airflow/example_dags/example_trigger_controller_dag.py for tasks to queue
[2024-08-04T20:49:25.865+0530] {logging_mixin.py:188} INFO - [2024-08-04T20:49:25.864+0530] {dagbag.py:545} INFO - Filling up the DagBag from /Users/deepanshu/Desktop/etc-spark-airflow/env/lib/python3.12/site-packages/airflow/example_dags/example_trigger_controller_dag.py
[2024-08-04T20:49:25.871+0530] {processor.py:840} INFO - DAG(s) 'example_trigger_controller_dag' retrieved from /Users/deepanshu/Desktop/etc-spark-airflow/env/lib/python3.12/site-packages/airflow/example_dags/example_trigger_controller_dag.py
[2024-08-04T20:49:25.921+0530] {logging_mixin.py:188} INFO - [2024-08-04T20:49:25.920+0530] {dag.py:3089} INFO - Sync 1 DAGs
[2024-08-04T20:49:25.930+0530] {logging_mixin.py:188} INFO - [2024-08-04T20:49:25.930+0530] {dag.py:3947} INFO - Setting next_dagrun for example_trigger_controller_dag to 2021-01-01 00:00:00+00:00, run_after=2021-01-01 00:00:00+00:00
[2024-08-04T20:49:25.940+0530] {processor.py:183} INFO - Processing /Users/deepanshu/Desktop/etc-spark-airflow/env/lib/python3.12/site-packages/airflow/example_dags/example_trigger_controller_dag.py took 0.079 seconds
[2024-08-04T20:51:00.501+0530] {processor.py:161} INFO - Started process (PID=63480) to work on /Users/deepanshu/Desktop/etc-spark-airflow/env/lib/python3.12/site-packages/airflow/example_dags/example_trigger_controller_dag.py
[2024-08-04T20:51:00.502+0530] {processor.py:830} INFO - Processing file /Users/deepanshu/Desktop/etc-spark-airflow/env/lib/python3.12/site-packages/airflow/example_dags/example_trigger_controller_dag.py for tasks to queue
[2024-08-04T20:51:00.502+0530] {logging_mixin.py:188} INFO - [2024-08-04T20:51:00.502+0530] {dagbag.py:545} INFO - Filling up the DagBag from /Users/deepanshu/Desktop/etc-spark-airflow/env/lib/python3.12/site-packages/airflow/example_dags/example_trigger_controller_dag.py
[2024-08-04T20:51:00.509+0530] {processor.py:840} INFO - DAG(s) 'example_trigger_controller_dag' retrieved from /Users/deepanshu/Desktop/etc-spark-airflow/env/lib/python3.12/site-packages/airflow/example_dags/example_trigger_controller_dag.py
[2024-08-04T20:51:00.558+0530] {logging_mixin.py:188} INFO - [2024-08-04T20:51:00.558+0530] {dag.py:3089} INFO - Sync 1 DAGs
[2024-08-04T20:51:00.567+0530] {logging_mixin.py:188} INFO - [2024-08-04T20:51:00.567+0530] {dag.py:3947} INFO - Setting next_dagrun for example_trigger_controller_dag to 2021-01-01 00:00:00+00:00, run_after=2021-01-01 00:00:00+00:00
[2024-08-04T20:51:00.578+0530] {processor.py:183} INFO - Processing /Users/deepanshu/Desktop/etc-spark-airflow/env/lib/python3.12/site-packages/airflow/example_dags/example_trigger_controller_dag.py took 0.078 seconds
[2024-08-04T20:52:53.287+0530] {processor.py:161} INFO - Started process (PID=64268) to work on /Users/deepanshu/Desktop/etc-spark-airflow/env/lib/python3.12/site-packages/airflow/example_dags/example_trigger_controller_dag.py
[2024-08-04T20:52:53.288+0530] {processor.py:830} INFO - Processing file /Users/deepanshu/Desktop/etc-spark-airflow/env/lib/python3.12/site-packages/airflow/example_dags/example_trigger_controller_dag.py for tasks to queue
[2024-08-04T20:52:53.289+0530] {logging_mixin.py:188} INFO - [2024-08-04T20:52:53.288+0530] {dagbag.py:545} INFO - Filling up the DagBag from /Users/deepanshu/Desktop/etc-spark-airflow/env/lib/python3.12/site-packages/airflow/example_dags/example_trigger_controller_dag.py
[2024-08-04T20:52:53.295+0530] {processor.py:840} INFO - DAG(s) 'example_trigger_controller_dag' retrieved from /Users/deepanshu/Desktop/etc-spark-airflow/env/lib/python3.12/site-packages/airflow/example_dags/example_trigger_controller_dag.py
[2024-08-04T20:52:53.345+0530] {logging_mixin.py:188} INFO - [2024-08-04T20:52:53.344+0530] {dag.py:3089} INFO - Sync 1 DAGs
[2024-08-04T20:52:53.354+0530] {logging_mixin.py:188} INFO - [2024-08-04T20:52:53.354+0530] {dag.py:3947} INFO - Setting next_dagrun for example_trigger_controller_dag to 2021-01-01 00:00:00+00:00, run_after=2021-01-01 00:00:00+00:00
[2024-08-04T20:52:53.364+0530] {processor.py:183} INFO - Processing /Users/deepanshu/Desktop/etc-spark-airflow/env/lib/python3.12/site-packages/airflow/example_dags/example_trigger_controller_dag.py took 0.079 seconds
[2024-08-04T20:54:10.536+0530] {processor.py:161} INFO - Started process (PID=64835) to work on /Users/deepanshu/Desktop/etc-spark-airflow/env/lib/python3.12/site-packages/airflow/example_dags/example_trigger_controller_dag.py
[2024-08-04T20:54:10.536+0530] {processor.py:830} INFO - Processing file /Users/deepanshu/Desktop/etc-spark-airflow/env/lib/python3.12/site-packages/airflow/example_dags/example_trigger_controller_dag.py for tasks to queue
[2024-08-04T20:54:10.537+0530] {logging_mixin.py:188} INFO - [2024-08-04T20:54:10.537+0530] {dagbag.py:545} INFO - Filling up the DagBag from /Users/deepanshu/Desktop/etc-spark-airflow/env/lib/python3.12/site-packages/airflow/example_dags/example_trigger_controller_dag.py
[2024-08-04T20:54:10.544+0530] {processor.py:840} INFO - DAG(s) 'example_trigger_controller_dag' retrieved from /Users/deepanshu/Desktop/etc-spark-airflow/env/lib/python3.12/site-packages/airflow/example_dags/example_trigger_controller_dag.py
[2024-08-04T20:54:10.595+0530] {logging_mixin.py:188} INFO - [2024-08-04T20:54:10.595+0530] {dag.py:3089} INFO - Sync 1 DAGs
[2024-08-04T20:54:10.604+0530] {logging_mixin.py:188} INFO - [2024-08-04T20:54:10.604+0530] {dag.py:3947} INFO - Setting next_dagrun for example_trigger_controller_dag to 2021-01-01 00:00:00+00:00, run_after=2021-01-01 00:00:00+00:00
[2024-08-04T20:54:10.616+0530] {processor.py:183} INFO - Processing /Users/deepanshu/Desktop/etc-spark-airflow/env/lib/python3.12/site-packages/airflow/example_dags/example_trigger_controller_dag.py took 0.082 seconds
[2024-08-04T20:54:58.403+0530] {processor.py:161} INFO - Started process (PID=65234) to work on /Users/deepanshu/Desktop/etc-spark-airflow/env/lib/python3.12/site-packages/airflow/example_dags/example_trigger_controller_dag.py
[2024-08-04T20:54:58.405+0530] {processor.py:830} INFO - Processing file /Users/deepanshu/Desktop/etc-spark-airflow/env/lib/python3.12/site-packages/airflow/example_dags/example_trigger_controller_dag.py for tasks to queue
[2024-08-04T20:54:58.405+0530] {logging_mixin.py:188} INFO - [2024-08-04T20:54:58.405+0530] {dagbag.py:545} INFO - Filling up the DagBag from /Users/deepanshu/Desktop/etc-spark-airflow/env/lib/python3.12/site-packages/airflow/example_dags/example_trigger_controller_dag.py
[2024-08-04T20:54:58.412+0530] {processor.py:840} INFO - DAG(s) 'example_trigger_controller_dag' retrieved from /Users/deepanshu/Desktop/etc-spark-airflow/env/lib/python3.12/site-packages/airflow/example_dags/example_trigger_controller_dag.py
[2024-08-04T20:54:58.462+0530] {logging_mixin.py:188} INFO - [2024-08-04T20:54:58.462+0530] {dag.py:3089} INFO - Sync 1 DAGs
[2024-08-04T20:54:58.472+0530] {logging_mixin.py:188} INFO - [2024-08-04T20:54:58.472+0530] {dag.py:3947} INFO - Setting next_dagrun for example_trigger_controller_dag to 2021-01-01 00:00:00+00:00, run_after=2021-01-01 00:00:00+00:00
[2024-08-04T20:54:58.483+0530] {processor.py:183} INFO - Processing /Users/deepanshu/Desktop/etc-spark-airflow/env/lib/python3.12/site-packages/airflow/example_dags/example_trigger_controller_dag.py took 0.082 seconds
[2024-08-04T20:57:25.646+0530] {processor.py:161} INFO - Started process (PID=66358) to work on /Users/deepanshu/Desktop/etc-spark-airflow/env/lib/python3.12/site-packages/airflow/example_dags/example_trigger_controller_dag.py
[2024-08-04T20:57:25.646+0530] {processor.py:830} INFO - Processing file /Users/deepanshu/Desktop/etc-spark-airflow/env/lib/python3.12/site-packages/airflow/example_dags/example_trigger_controller_dag.py for tasks to queue
[2024-08-04T20:57:25.647+0530] {logging_mixin.py:188} INFO - [2024-08-04T20:57:25.647+0530] {dagbag.py:545} INFO - Filling up the DagBag from /Users/deepanshu/Desktop/etc-spark-airflow/env/lib/python3.12/site-packages/airflow/example_dags/example_trigger_controller_dag.py
[2024-08-04T20:57:25.654+0530] {processor.py:840} INFO - DAG(s) 'example_trigger_controller_dag' retrieved from /Users/deepanshu/Desktop/etc-spark-airflow/env/lib/python3.12/site-packages/airflow/example_dags/example_trigger_controller_dag.py
[2024-08-04T20:57:25.703+0530] {logging_mixin.py:188} INFO - [2024-08-04T20:57:25.703+0530] {dag.py:3089} INFO - Sync 1 DAGs
[2024-08-04T20:57:25.713+0530] {logging_mixin.py:188} INFO - [2024-08-04T20:57:25.713+0530] {dag.py:3947} INFO - Setting next_dagrun for example_trigger_controller_dag to 2021-01-01 00:00:00+00:00, run_after=2021-01-01 00:00:00+00:00
[2024-08-04T20:57:25.723+0530] {processor.py:183} INFO - Processing /Users/deepanshu/Desktop/etc-spark-airflow/env/lib/python3.12/site-packages/airflow/example_dags/example_trigger_controller_dag.py took 0.079 seconds
[2024-08-04T20:59:48.939+0530] {processor.py:161} INFO - Started process (PID=67758) to work on /Users/deepanshu/Desktop/etc-spark-airflow/env/lib/python3.12/site-packages/airflow/example_dags/example_trigger_controller_dag.py
[2024-08-04T20:59:48.940+0530] {processor.py:830} INFO - Processing file /Users/deepanshu/Desktop/etc-spark-airflow/env/lib/python3.12/site-packages/airflow/example_dags/example_trigger_controller_dag.py for tasks to queue
[2024-08-04T20:59:48.941+0530] {logging_mixin.py:188} INFO - [2024-08-04T20:59:48.940+0530] {dagbag.py:545} INFO - Filling up the DagBag from /Users/deepanshu/Desktop/etc-spark-airflow/env/lib/python3.12/site-packages/airflow/example_dags/example_trigger_controller_dag.py
[2024-08-04T20:59:48.953+0530] {processor.py:840} INFO - DAG(s) 'example_trigger_controller_dag' retrieved from /Users/deepanshu/Desktop/etc-spark-airflow/env/lib/python3.12/site-packages/airflow/example_dags/example_trigger_controller_dag.py
[2024-08-04T20:59:49.006+0530] {logging_mixin.py:188} INFO - [2024-08-04T20:59:49.006+0530] {dag.py:3089} INFO - Sync 1 DAGs
[2024-08-04T20:59:49.015+0530] {logging_mixin.py:188} INFO - [2024-08-04T20:59:49.015+0530] {dag.py:3947} INFO - Setting next_dagrun for example_trigger_controller_dag to 2021-01-01 00:00:00+00:00, run_after=2021-01-01 00:00:00+00:00
[2024-08-04T20:59:49.026+0530] {processor.py:183} INFO - Processing /Users/deepanshu/Desktop/etc-spark-airflow/env/lib/python3.12/site-packages/airflow/example_dags/example_trigger_controller_dag.py took 0.088 seconds
[2024-08-04T21:01:15.104+0530] {processor.py:161} INFO - Started process (PID=68423) to work on /Users/deepanshu/Desktop/etc-spark-airflow/env/lib/python3.12/site-packages/airflow/example_dags/example_trigger_controller_dag.py
[2024-08-04T21:01:15.105+0530] {processor.py:830} INFO - Processing file /Users/deepanshu/Desktop/etc-spark-airflow/env/lib/python3.12/site-packages/airflow/example_dags/example_trigger_controller_dag.py for tasks to queue
[2024-08-04T21:01:15.106+0530] {logging_mixin.py:188} INFO - [2024-08-04T21:01:15.106+0530] {dagbag.py:545} INFO - Filling up the DagBag from /Users/deepanshu/Desktop/etc-spark-airflow/env/lib/python3.12/site-packages/airflow/example_dags/example_trigger_controller_dag.py
[2024-08-04T21:01:15.113+0530] {processor.py:840} INFO - DAG(s) 'example_trigger_controller_dag' retrieved from /Users/deepanshu/Desktop/etc-spark-airflow/env/lib/python3.12/site-packages/airflow/example_dags/example_trigger_controller_dag.py
[2024-08-04T21:01:15.163+0530] {logging_mixin.py:188} INFO - [2024-08-04T21:01:15.162+0530] {dag.py:3089} INFO - Sync 1 DAGs
[2024-08-04T21:01:15.172+0530] {logging_mixin.py:188} INFO - [2024-08-04T21:01:15.172+0530] {dag.py:3947} INFO - Setting next_dagrun for example_trigger_controller_dag to 2021-01-01 00:00:00+00:00, run_after=2021-01-01 00:00:00+00:00
[2024-08-04T21:01:15.182+0530] {processor.py:183} INFO - Processing /Users/deepanshu/Desktop/etc-spark-airflow/env/lib/python3.12/site-packages/airflow/example_dags/example_trigger_controller_dag.py took 0.080 seconds
[2024-08-04T21:03:20.473+0530] {processor.py:161} INFO - Started process (PID=69297) to work on /Users/deepanshu/Desktop/etc-spark-airflow/env/lib/python3.12/site-packages/airflow/example_dags/example_trigger_controller_dag.py
[2024-08-04T21:03:20.474+0530] {processor.py:830} INFO - Processing file /Users/deepanshu/Desktop/etc-spark-airflow/env/lib/python3.12/site-packages/airflow/example_dags/example_trigger_controller_dag.py for tasks to queue
[2024-08-04T21:03:20.474+0530] {logging_mixin.py:188} INFO - [2024-08-04T21:03:20.474+0530] {dagbag.py:545} INFO - Filling up the DagBag from /Users/deepanshu/Desktop/etc-spark-airflow/env/lib/python3.12/site-packages/airflow/example_dags/example_trigger_controller_dag.py
[2024-08-04T21:03:20.482+0530] {processor.py:840} INFO - DAG(s) 'example_trigger_controller_dag' retrieved from /Users/deepanshu/Desktop/etc-spark-airflow/env/lib/python3.12/site-packages/airflow/example_dags/example_trigger_controller_dag.py
[2024-08-04T21:03:20.537+0530] {logging_mixin.py:188} INFO - [2024-08-04T21:03:20.537+0530] {dag.py:3089} INFO - Sync 1 DAGs
[2024-08-04T21:03:20.547+0530] {logging_mixin.py:188} INFO - [2024-08-04T21:03:20.547+0530] {dag.py:3947} INFO - Setting next_dagrun for example_trigger_controller_dag to 2021-01-01 00:00:00+00:00, run_after=2021-01-01 00:00:00+00:00
[2024-08-04T21:03:20.560+0530] {processor.py:183} INFO - Processing /Users/deepanshu/Desktop/etc-spark-airflow/env/lib/python3.12/site-packages/airflow/example_dags/example_trigger_controller_dag.py took 0.089 seconds
[2024-08-04T21:05:07.678+0530] {processor.py:161} INFO - Started process (PID=70017) to work on /Users/deepanshu/Desktop/etc-spark-airflow/env/lib/python3.12/site-packages/airflow/example_dags/example_trigger_controller_dag.py
[2024-08-04T21:05:07.679+0530] {processor.py:830} INFO - Processing file /Users/deepanshu/Desktop/etc-spark-airflow/env/lib/python3.12/site-packages/airflow/example_dags/example_trigger_controller_dag.py for tasks to queue
[2024-08-04T21:05:07.679+0530] {logging_mixin.py:188} INFO - [2024-08-04T21:05:07.679+0530] {dagbag.py:545} INFO - Filling up the DagBag from /Users/deepanshu/Desktop/etc-spark-airflow/env/lib/python3.12/site-packages/airflow/example_dags/example_trigger_controller_dag.py
[2024-08-04T21:05:07.686+0530] {processor.py:840} INFO - DAG(s) 'example_trigger_controller_dag' retrieved from /Users/deepanshu/Desktop/etc-spark-airflow/env/lib/python3.12/site-packages/airflow/example_dags/example_trigger_controller_dag.py
[2024-08-04T21:05:07.737+0530] {logging_mixin.py:188} INFO - [2024-08-04T21:05:07.736+0530] {dag.py:3089} INFO - Sync 1 DAGs
[2024-08-04T21:05:07.746+0530] {logging_mixin.py:188} INFO - [2024-08-04T21:05:07.746+0530] {dag.py:3947} INFO - Setting next_dagrun for example_trigger_controller_dag to 2021-01-01 00:00:00+00:00, run_after=2021-01-01 00:00:00+00:00
[2024-08-04T21:05:07.757+0530] {processor.py:183} INFO - Processing /Users/deepanshu/Desktop/etc-spark-airflow/env/lib/python3.12/site-packages/airflow/example_dags/example_trigger_controller_dag.py took 0.081 seconds
[2024-08-04T21:05:53.956+0530] {processor.py:161} INFO - Started process (PID=70371) to work on /Users/deepanshu/Desktop/etc-spark-airflow/env/lib/python3.12/site-packages/airflow/example_dags/example_trigger_controller_dag.py
[2024-08-04T21:05:53.958+0530] {processor.py:830} INFO - Processing file /Users/deepanshu/Desktop/etc-spark-airflow/env/lib/python3.12/site-packages/airflow/example_dags/example_trigger_controller_dag.py for tasks to queue
[2024-08-04T21:05:53.959+0530] {logging_mixin.py:188} INFO - [2024-08-04T21:05:53.959+0530] {dagbag.py:545} INFO - Filling up the DagBag from /Users/deepanshu/Desktop/etc-spark-airflow/env/lib/python3.12/site-packages/airflow/example_dags/example_trigger_controller_dag.py
[2024-08-04T21:05:53.966+0530] {processor.py:840} INFO - DAG(s) 'example_trigger_controller_dag' retrieved from /Users/deepanshu/Desktop/etc-spark-airflow/env/lib/python3.12/site-packages/airflow/example_dags/example_trigger_controller_dag.py
[2024-08-04T21:05:54.015+0530] {logging_mixin.py:188} INFO - [2024-08-04T21:05:54.015+0530] {dag.py:3089} INFO - Sync 1 DAGs
[2024-08-04T21:05:54.024+0530] {logging_mixin.py:188} INFO - [2024-08-04T21:05:54.024+0530] {dag.py:3947} INFO - Setting next_dagrun for example_trigger_controller_dag to 2021-01-01 00:00:00+00:00, run_after=2021-01-01 00:00:00+00:00
[2024-08-04T21:05:54.035+0530] {processor.py:183} INFO - Processing /Users/deepanshu/Desktop/etc-spark-airflow/env/lib/python3.12/site-packages/airflow/example_dags/example_trigger_controller_dag.py took 0.080 seconds
[2024-08-04T21:07:36.677+0530] {processor.py:161} INFO - Started process (PID=71075) to work on /Users/deepanshu/Desktop/etc-spark-airflow/env/lib/python3.12/site-packages/airflow/example_dags/example_trigger_controller_dag.py
[2024-08-04T21:07:36.678+0530] {processor.py:830} INFO - Processing file /Users/deepanshu/Desktop/etc-spark-airflow/env/lib/python3.12/site-packages/airflow/example_dags/example_trigger_controller_dag.py for tasks to queue
[2024-08-04T21:07:36.678+0530] {logging_mixin.py:188} INFO - [2024-08-04T21:07:36.678+0530] {dagbag.py:545} INFO - Filling up the DagBag from /Users/deepanshu/Desktop/etc-spark-airflow/env/lib/python3.12/site-packages/airflow/example_dags/example_trigger_controller_dag.py
[2024-08-04T21:07:36.685+0530] {processor.py:840} INFO - DAG(s) 'example_trigger_controller_dag' retrieved from /Users/deepanshu/Desktop/etc-spark-airflow/env/lib/python3.12/site-packages/airflow/example_dags/example_trigger_controller_dag.py
[2024-08-04T21:07:36.735+0530] {logging_mixin.py:188} INFO - [2024-08-04T21:07:36.735+0530] {dag.py:3089} INFO - Sync 1 DAGs
[2024-08-04T21:07:36.744+0530] {logging_mixin.py:188} INFO - [2024-08-04T21:07:36.744+0530] {dag.py:3947} INFO - Setting next_dagrun for example_trigger_controller_dag to 2021-01-01 00:00:00+00:00, run_after=2021-01-01 00:00:00+00:00
[2024-08-04T21:07:36.754+0530] {processor.py:183} INFO - Processing /Users/deepanshu/Desktop/etc-spark-airflow/env/lib/python3.12/site-packages/airflow/example_dags/example_trigger_controller_dag.py took 0.079 seconds
