[2024-08-04T20:35:01.795+0530] {processor.py:161} INFO - Started process (PID=56435) to work on /Users/deepanshu/Desktop/etc-spark-airflow/env/lib/python3.12/site-packages/airflow/example_dags/example_display_name.py
[2024-08-04T20:35:01.796+0530] {processor.py:830} INFO - Processing file /Users/deepanshu/Desktop/etc-spark-airflow/env/lib/python3.12/site-packages/airflow/example_dags/example_display_name.py for tasks to queue
[2024-08-04T20:35:01.796+0530] {logging_mixin.py:188} INFO - [2024-08-04T20:35:01.796+0530] {dagbag.py:545} INFO - Filling up the DagBag from /Users/deepanshu/Desktop/etc-spark-airflow/env/lib/python3.12/site-packages/airflow/example_dags/example_display_name.py
[2024-08-04T20:35:01.819+0530] {processor.py:840} INFO - DAG(s) 'example_display_name' retrieved from /Users/deepanshu/Desktop/etc-spark-airflow/env/lib/python3.12/site-packages/airflow/example_dags/example_display_name.py
[2024-08-04T20:35:01.918+0530] {logging_mixin.py:188} INFO - [2024-08-04T20:35:01.918+0530] {override.py:1858} INFO - Created Permission View: can edit on DAG:example_display_name
[2024-08-04T20:35:01.923+0530] {logging_mixin.py:188} INFO - [2024-08-04T20:35:01.923+0530] {override.py:1858} INFO - Created Permission View: can delete on DAG:example_display_name
[2024-08-04T20:35:01.926+0530] {logging_mixin.py:188} INFO - [2024-08-04T20:35:01.926+0530] {override.py:1858} INFO - Created Permission View: can read on DAG:example_display_name
[2024-08-04T20:35:01.926+0530] {logging_mixin.py:188} INFO - [2024-08-04T20:35:01.926+0530] {dag.py:3089} INFO - Sync 1 DAGs
[2024-08-04T20:35:01.932+0530] {logging_mixin.py:188} INFO - [2024-08-04T20:35:01.932+0530] {dag.py:3111} INFO - Creating ORM DAG for example_display_name
[2024-08-04T20:35:01.933+0530] {logging_mixin.py:188} INFO - [2024-08-04T20:35:01.933+0530] {dag.py:3947} INFO - Setting next_dagrun for example_display_name to None, run_after=None
[2024-08-04T20:35:01.942+0530] {processor.py:183} INFO - Processing /Users/deepanshu/Desktop/etc-spark-airflow/env/lib/python3.12/site-packages/airflow/example_dags/example_display_name.py took 0.148 seconds
[2024-08-04T20:38:43.274+0530] {processor.py:161} INFO - Started process (PID=58160) to work on /Users/deepanshu/Desktop/etc-spark-airflow/env/lib/python3.12/site-packages/airflow/example_dags/example_display_name.py
[2024-08-04T20:38:43.275+0530] {processor.py:830} INFO - Processing file /Users/deepanshu/Desktop/etc-spark-airflow/env/lib/python3.12/site-packages/airflow/example_dags/example_display_name.py for tasks to queue
[2024-08-04T20:38:43.275+0530] {logging_mixin.py:188} INFO - [2024-08-04T20:38:43.275+0530] {dagbag.py:545} INFO - Filling up the DagBag from /Users/deepanshu/Desktop/etc-spark-airflow/env/lib/python3.12/site-packages/airflow/example_dags/example_display_name.py
[2024-08-04T20:38:43.297+0530] {processor.py:840} INFO - DAG(s) 'example_display_name' retrieved from /Users/deepanshu/Desktop/etc-spark-airflow/env/lib/python3.12/site-packages/airflow/example_dags/example_display_name.py
[2024-08-04T20:38:43.348+0530] {logging_mixin.py:188} INFO - [2024-08-04T20:38:43.348+0530] {dag.py:3089} INFO - Sync 1 DAGs
[2024-08-04T20:38:43.353+0530] {logging_mixin.py:188} INFO - [2024-08-04T20:38:43.353+0530] {dag.py:3947} INFO - Setting next_dagrun for example_display_name to None, run_after=None
[2024-08-04T20:38:43.364+0530] {processor.py:183} INFO - Processing /Users/deepanshu/Desktop/etc-spark-airflow/env/lib/python3.12/site-packages/airflow/example_dags/example_display_name.py took 0.091 seconds
[2024-08-04T20:42:04.434+0530] {processor.py:161} INFO - Started process (PID=59662) to work on /Users/deepanshu/Desktop/etc-spark-airflow/env/lib/python3.12/site-packages/airflow/example_dags/example_display_name.py
[2024-08-04T20:42:04.435+0530] {processor.py:830} INFO - Processing file /Users/deepanshu/Desktop/etc-spark-airflow/env/lib/python3.12/site-packages/airflow/example_dags/example_display_name.py for tasks to queue
[2024-08-04T20:42:04.435+0530] {logging_mixin.py:188} INFO - [2024-08-04T20:42:04.435+0530] {dagbag.py:545} INFO - Filling up the DagBag from /Users/deepanshu/Desktop/etc-spark-airflow/env/lib/python3.12/site-packages/airflow/example_dags/example_display_name.py
[2024-08-04T20:42:04.458+0530] {processor.py:840} INFO - DAG(s) 'example_display_name' retrieved from /Users/deepanshu/Desktop/etc-spark-airflow/env/lib/python3.12/site-packages/airflow/example_dags/example_display_name.py
[2024-08-04T20:42:04.510+0530] {logging_mixin.py:188} INFO - [2024-08-04T20:42:04.510+0530] {dag.py:3089} INFO - Sync 1 DAGs
[2024-08-04T20:42:04.515+0530] {logging_mixin.py:188} INFO - [2024-08-04T20:42:04.515+0530] {dag.py:3947} INFO - Setting next_dagrun for example_display_name to None, run_after=None
[2024-08-04T20:42:04.527+0530] {processor.py:183} INFO - Processing /Users/deepanshu/Desktop/etc-spark-airflow/env/lib/python3.12/site-packages/airflow/example_dags/example_display_name.py took 0.094 seconds
[2024-08-04T20:45:52.575+0530] {processor.py:161} INFO - Started process (PID=61296) to work on /Users/deepanshu/Desktop/etc-spark-airflow/env/lib/python3.12/site-packages/airflow/example_dags/example_display_name.py
[2024-08-04T20:45:52.576+0530] {processor.py:830} INFO - Processing file /Users/deepanshu/Desktop/etc-spark-airflow/env/lib/python3.12/site-packages/airflow/example_dags/example_display_name.py for tasks to queue
[2024-08-04T20:45:52.577+0530] {logging_mixin.py:188} INFO - [2024-08-04T20:45:52.577+0530] {dagbag.py:545} INFO - Filling up the DagBag from /Users/deepanshu/Desktop/etc-spark-airflow/env/lib/python3.12/site-packages/airflow/example_dags/example_display_name.py
[2024-08-04T20:45:52.599+0530] {processor.py:840} INFO - DAG(s) 'example_display_name' retrieved from /Users/deepanshu/Desktop/etc-spark-airflow/env/lib/python3.12/site-packages/airflow/example_dags/example_display_name.py
[2024-08-04T20:45:52.650+0530] {logging_mixin.py:188} INFO - [2024-08-04T20:45:52.650+0530] {dag.py:3089} INFO - Sync 1 DAGs
[2024-08-04T20:45:52.656+0530] {logging_mixin.py:188} INFO - [2024-08-04T20:45:52.655+0530] {dag.py:3947} INFO - Setting next_dagrun for example_display_name to None, run_after=None
[2024-08-04T20:45:52.666+0530] {processor.py:183} INFO - Processing /Users/deepanshu/Desktop/etc-spark-airflow/env/lib/python3.12/site-packages/airflow/example_dags/example_display_name.py took 0.093 seconds
[2024-08-04T20:48:31.720+0530] {processor.py:161} INFO - Started process (PID=62405) to work on /Users/deepanshu/Desktop/etc-spark-airflow/env/lib/python3.12/site-packages/airflow/example_dags/example_display_name.py
[2024-08-04T20:48:31.720+0530] {processor.py:830} INFO - Processing file /Users/deepanshu/Desktop/etc-spark-airflow/env/lib/python3.12/site-packages/airflow/example_dags/example_display_name.py for tasks to queue
[2024-08-04T20:48:31.721+0530] {logging_mixin.py:188} INFO - [2024-08-04T20:48:31.721+0530] {dagbag.py:545} INFO - Filling up the DagBag from /Users/deepanshu/Desktop/etc-spark-airflow/env/lib/python3.12/site-packages/airflow/example_dags/example_display_name.py
[2024-08-04T20:48:31.744+0530] {processor.py:840} INFO - DAG(s) 'example_display_name' retrieved from /Users/deepanshu/Desktop/etc-spark-airflow/env/lib/python3.12/site-packages/airflow/example_dags/example_display_name.py
[2024-08-04T20:48:31.795+0530] {logging_mixin.py:188} INFO - [2024-08-04T20:48:31.795+0530] {dag.py:3089} INFO - Sync 1 DAGs
[2024-08-04T20:48:31.801+0530] {logging_mixin.py:188} INFO - [2024-08-04T20:48:31.800+0530] {dag.py:3947} INFO - Setting next_dagrun for example_display_name to None, run_after=None
[2024-08-04T20:48:31.811+0530] {processor.py:183} INFO - Processing /Users/deepanshu/Desktop/etc-spark-airflow/env/lib/python3.12/site-packages/airflow/example_dags/example_display_name.py took 0.093 seconds
[2024-08-04T20:51:49.901+0530] {processor.py:161} INFO - Started process (PID=63805) to work on /Users/deepanshu/Desktop/etc-spark-airflow/env/lib/python3.12/site-packages/airflow/example_dags/example_display_name.py
[2024-08-04T20:51:49.903+0530] {processor.py:830} INFO - Processing file /Users/deepanshu/Desktop/etc-spark-airflow/env/lib/python3.12/site-packages/airflow/example_dags/example_display_name.py for tasks to queue
[2024-08-04T20:51:49.903+0530] {logging_mixin.py:188} INFO - [2024-08-04T20:51:49.903+0530] {dagbag.py:545} INFO - Filling up the DagBag from /Users/deepanshu/Desktop/etc-spark-airflow/env/lib/python3.12/site-packages/airflow/example_dags/example_display_name.py
[2024-08-04T20:51:49.925+0530] {processor.py:840} INFO - DAG(s) 'example_display_name' retrieved from /Users/deepanshu/Desktop/etc-spark-airflow/env/lib/python3.12/site-packages/airflow/example_dags/example_display_name.py
[2024-08-04T20:51:49.977+0530] {logging_mixin.py:188} INFO - [2024-08-04T20:51:49.976+0530] {dag.py:3089} INFO - Sync 1 DAGs
[2024-08-04T20:51:49.982+0530] {logging_mixin.py:188} INFO - [2024-08-04T20:51:49.982+0530] {dag.py:3947} INFO - Setting next_dagrun for example_display_name to None, run_after=None
[2024-08-04T20:51:49.992+0530] {processor.py:183} INFO - Processing /Users/deepanshu/Desktop/etc-spark-airflow/env/lib/python3.12/site-packages/airflow/example_dags/example_display_name.py took 0.093 seconds
[2024-08-04T20:55:50.897+0530] {processor.py:161} INFO - Started process (PID=65599) to work on /Users/deepanshu/Desktop/etc-spark-airflow/env/lib/python3.12/site-packages/airflow/example_dags/example_display_name.py
[2024-08-04T20:55:50.899+0530] {processor.py:830} INFO - Processing file /Users/deepanshu/Desktop/etc-spark-airflow/env/lib/python3.12/site-packages/airflow/example_dags/example_display_name.py for tasks to queue
[2024-08-04T20:55:50.899+0530] {logging_mixin.py:188} INFO - [2024-08-04T20:55:50.899+0530] {dagbag.py:545} INFO - Filling up the DagBag from /Users/deepanshu/Desktop/etc-spark-airflow/env/lib/python3.12/site-packages/airflow/example_dags/example_display_name.py
[2024-08-04T20:55:50.922+0530] {processor.py:840} INFO - DAG(s) 'example_display_name' retrieved from /Users/deepanshu/Desktop/etc-spark-airflow/env/lib/python3.12/site-packages/airflow/example_dags/example_display_name.py
[2024-08-04T20:55:50.973+0530] {logging_mixin.py:188} INFO - [2024-08-04T20:55:50.973+0530] {dag.py:3089} INFO - Sync 1 DAGs
[2024-08-04T20:55:50.978+0530] {logging_mixin.py:188} INFO - [2024-08-04T20:55:50.978+0530] {dag.py:3947} INFO - Setting next_dagrun for example_display_name to None, run_after=None
[2024-08-04T20:55:50.989+0530] {processor.py:183} INFO - Processing /Users/deepanshu/Desktop/etc-spark-airflow/env/lib/python3.12/site-packages/airflow/example_dags/example_display_name.py took 0.093 seconds
[2024-08-04T21:02:06.606+0530] {processor.py:161} INFO - Started process (PID=68747) to work on /Users/deepanshu/Desktop/etc-spark-airflow/env/lib/python3.12/site-packages/airflow/example_dags/example_display_name.py
[2024-08-04T21:02:06.607+0530] {processor.py:830} INFO - Processing file /Users/deepanshu/Desktop/etc-spark-airflow/env/lib/python3.12/site-packages/airflow/example_dags/example_display_name.py for tasks to queue
[2024-08-04T21:02:06.608+0530] {logging_mixin.py:188} INFO - [2024-08-04T21:02:06.607+0530] {dagbag.py:545} INFO - Filling up the DagBag from /Users/deepanshu/Desktop/etc-spark-airflow/env/lib/python3.12/site-packages/airflow/example_dags/example_display_name.py
[2024-08-04T21:02:06.630+0530] {processor.py:840} INFO - DAG(s) 'example_display_name' retrieved from /Users/deepanshu/Desktop/etc-spark-airflow/env/lib/python3.12/site-packages/airflow/example_dags/example_display_name.py
[2024-08-04T21:02:06.681+0530] {logging_mixin.py:188} INFO - [2024-08-04T21:02:06.681+0530] {dag.py:3089} INFO - Sync 1 DAGs
[2024-08-04T21:02:06.686+0530] {logging_mixin.py:188} INFO - [2024-08-04T21:02:06.686+0530] {dag.py:3947} INFO - Setting next_dagrun for example_display_name to None, run_after=None
[2024-08-04T21:02:06.697+0530] {processor.py:183} INFO - Processing /Users/deepanshu/Desktop/etc-spark-airflow/env/lib/python3.12/site-packages/airflow/example_dags/example_display_name.py took 0.093 seconds
[2024-08-04T21:04:11.862+0530] {processor.py:161} INFO - Started process (PID=69628) to work on /Users/deepanshu/Desktop/etc-spark-airflow/env/lib/python3.12/site-packages/airflow/example_dags/example_display_name.py
[2024-08-04T21:04:11.863+0530] {processor.py:830} INFO - Processing file /Users/deepanshu/Desktop/etc-spark-airflow/env/lib/python3.12/site-packages/airflow/example_dags/example_display_name.py for tasks to queue
[2024-08-04T21:04:11.863+0530] {logging_mixin.py:188} INFO - [2024-08-04T21:04:11.863+0530] {dagbag.py:545} INFO - Filling up the DagBag from /Users/deepanshu/Desktop/etc-spark-airflow/env/lib/python3.12/site-packages/airflow/example_dags/example_display_name.py
[2024-08-04T21:04:11.890+0530] {processor.py:840} INFO - DAG(s) 'example_display_name' retrieved from /Users/deepanshu/Desktop/etc-spark-airflow/env/lib/python3.12/site-packages/airflow/example_dags/example_display_name.py
[2024-08-04T21:04:11.956+0530] {logging_mixin.py:188} INFO - [2024-08-04T21:04:11.956+0530] {dag.py:3089} INFO - Sync 1 DAGs
[2024-08-04T21:04:11.961+0530] {logging_mixin.py:188} INFO - [2024-08-04T21:04:11.961+0530] {dag.py:3947} INFO - Setting next_dagrun for example_display_name to None, run_after=None
[2024-08-04T21:04:11.983+0530] {processor.py:183} INFO - Processing /Users/deepanshu/Desktop/etc-spark-airflow/env/lib/python3.12/site-packages/airflow/example_dags/example_display_name.py took 0.123 seconds
[2024-08-04T21:06:43.441+0530] {processor.py:161} INFO - Started process (PID=70690) to work on /Users/deepanshu/Desktop/etc-spark-airflow/env/lib/python3.12/site-packages/airflow/example_dags/example_display_name.py
[2024-08-04T21:06:43.442+0530] {processor.py:830} INFO - Processing file /Users/deepanshu/Desktop/etc-spark-airflow/env/lib/python3.12/site-packages/airflow/example_dags/example_display_name.py for tasks to queue
[2024-08-04T21:06:43.443+0530] {logging_mixin.py:188} INFO - [2024-08-04T21:06:43.443+0530] {dagbag.py:545} INFO - Filling up the DagBag from /Users/deepanshu/Desktop/etc-spark-airflow/env/lib/python3.12/site-packages/airflow/example_dags/example_display_name.py
[2024-08-04T21:06:43.466+0530] {processor.py:840} INFO - DAG(s) 'example_display_name' retrieved from /Users/deepanshu/Desktop/etc-spark-airflow/env/lib/python3.12/site-packages/airflow/example_dags/example_display_name.py
[2024-08-04T21:06:43.517+0530] {logging_mixin.py:188} INFO - [2024-08-04T21:06:43.517+0530] {dag.py:3089} INFO - Sync 1 DAGs
[2024-08-04T21:06:43.522+0530] {logging_mixin.py:188} INFO - [2024-08-04T21:06:43.522+0530] {dag.py:3947} INFO - Setting next_dagrun for example_display_name to None, run_after=None
[2024-08-04T21:06:43.533+0530] {processor.py:183} INFO - Processing /Users/deepanshu/Desktop/etc-spark-airflow/env/lib/python3.12/site-packages/airflow/example_dags/example_display_name.py took 0.093 seconds
