[2024-08-04T20:33:19.896+0530] {processor.py:161} INFO - Started process (PID=55733) to work on /Users/deepanshu/Desktop/etc-spark-airflow/env/lib/python3.12/site-packages/airflow/example_dags/example_short_circuit_operator.py
[2024-08-04T20:33:19.896+0530] {processor.py:830} INFO - Processing file /Users/deepanshu/Desktop/etc-spark-airflow/env/lib/python3.12/site-packages/airflow/example_dags/example_short_circuit_operator.py for tasks to queue
[2024-08-04T20:33:19.897+0530] {logging_mixin.py:188} INFO - [2024-08-04T20:33:19.897+0530] {dagbag.py:545} INFO - Filling up the DagBag from /Users/deepanshu/Desktop/etc-spark-airflow/env/lib/python3.12/site-packages/airflow/example_dags/example_short_circuit_operator.py
[2024-08-04T20:33:19.916+0530] {processor.py:840} INFO - DAG(s) 'example_short_circuit_operator' retrieved from /Users/deepanshu/Desktop/etc-spark-airflow/env/lib/python3.12/site-packages/airflow/example_dags/example_short_circuit_operator.py
[2024-08-04T20:33:20.019+0530] {logging_mixin.py:188} INFO - [2024-08-04T20:33:20.019+0530] {override.py:1858} INFO - Created Permission View: can edit on DAG:example_short_circuit_operator
[2024-08-04T20:33:20.024+0530] {logging_mixin.py:188} INFO - [2024-08-04T20:33:20.024+0530] {override.py:1858} INFO - Created Permission View: can delete on DAG:example_short_circuit_operator
[2024-08-04T20:33:20.028+0530] {logging_mixin.py:188} INFO - [2024-08-04T20:33:20.028+0530] {override.py:1858} INFO - Created Permission View: can read on DAG:example_short_circuit_operator
[2024-08-04T20:33:20.028+0530] {logging_mixin.py:188} INFO - [2024-08-04T20:33:20.028+0530] {dag.py:3089} INFO - Sync 1 DAGs
[2024-08-04T20:33:20.035+0530] {logging_mixin.py:188} INFO - [2024-08-04T20:33:20.035+0530] {dag.py:3111} INFO - Creating ORM DAG for example_short_circuit_operator
[2024-08-04T20:33:20.040+0530] {logging_mixin.py:188} INFO - [2024-08-04T20:33:20.040+0530] {dag.py:3947} INFO - Setting next_dagrun for example_short_circuit_operator to 2024-08-03 00:00:00+00:00, run_after=2024-08-04 00:00:00+00:00
[2024-08-04T20:33:20.050+0530] {processor.py:183} INFO - Processing /Users/deepanshu/Desktop/etc-spark-airflow/env/lib/python3.12/site-packages/airflow/example_dags/example_short_circuit_operator.py took 0.156 seconds
[2024-08-04T20:34:22.720+0530] {processor.py:161} INFO - Started process (PID=56189) to work on /Users/deepanshu/Desktop/etc-spark-airflow/env/lib/python3.12/site-packages/airflow/example_dags/example_short_circuit_operator.py
[2024-08-04T20:34:22.721+0530] {processor.py:830} INFO - Processing file /Users/deepanshu/Desktop/etc-spark-airflow/env/lib/python3.12/site-packages/airflow/example_dags/example_short_circuit_operator.py for tasks to queue
[2024-08-04T20:34:22.722+0530] {logging_mixin.py:188} INFO - [2024-08-04T20:34:22.721+0530] {dagbag.py:545} INFO - Filling up the DagBag from /Users/deepanshu/Desktop/etc-spark-airflow/env/lib/python3.12/site-packages/airflow/example_dags/example_short_circuit_operator.py
[2024-08-04T20:34:22.738+0530] {processor.py:840} INFO - DAG(s) 'example_short_circuit_operator' retrieved from /Users/deepanshu/Desktop/etc-spark-airflow/env/lib/python3.12/site-packages/airflow/example_dags/example_short_circuit_operator.py
[2024-08-04T20:34:22.792+0530] {logging_mixin.py:188} INFO - [2024-08-04T20:34:22.791+0530] {dag.py:3089} INFO - Sync 1 DAGs
[2024-08-04T20:34:22.800+0530] {logging_mixin.py:188} INFO - [2024-08-04T20:34:22.800+0530] {dag.py:3947} INFO - Setting next_dagrun for example_short_circuit_operator to 2024-08-03 00:00:00+00:00, run_after=2024-08-04 00:00:00+00:00
[2024-08-04T20:34:22.810+0530] {processor.py:183} INFO - Processing /Users/deepanshu/Desktop/etc-spark-airflow/env/lib/python3.12/site-packages/airflow/example_dags/example_short_circuit_operator.py took 0.092 seconds
[2024-08-04T20:36:26.767+0530] {processor.py:161} INFO - Started process (PID=57068) to work on /Users/deepanshu/Desktop/etc-spark-airflow/env/lib/python3.12/site-packages/airflow/example_dags/example_short_circuit_operator.py
[2024-08-04T20:36:26.768+0530] {processor.py:830} INFO - Processing file /Users/deepanshu/Desktop/etc-spark-airflow/env/lib/python3.12/site-packages/airflow/example_dags/example_short_circuit_operator.py for tasks to queue
[2024-08-04T20:36:26.768+0530] {logging_mixin.py:188} INFO - [2024-08-04T20:36:26.768+0530] {dagbag.py:545} INFO - Filling up the DagBag from /Users/deepanshu/Desktop/etc-spark-airflow/env/lib/python3.12/site-packages/airflow/example_dags/example_short_circuit_operator.py
[2024-08-04T20:36:26.785+0530] {processor.py:840} INFO - DAG(s) 'example_short_circuit_operator' retrieved from /Users/deepanshu/Desktop/etc-spark-airflow/env/lib/python3.12/site-packages/airflow/example_dags/example_short_circuit_operator.py
[2024-08-04T20:36:26.838+0530] {logging_mixin.py:188} INFO - [2024-08-04T20:36:26.838+0530] {dag.py:3089} INFO - Sync 1 DAGs
[2024-08-04T20:36:26.847+0530] {logging_mixin.py:188} INFO - [2024-08-04T20:36:26.847+0530] {dag.py:3947} INFO - Setting next_dagrun for example_short_circuit_operator to 2024-08-03 00:00:00+00:00, run_after=2024-08-04 00:00:00+00:00
[2024-08-04T20:36:26.857+0530] {processor.py:183} INFO - Processing /Users/deepanshu/Desktop/etc-spark-airflow/env/lib/python3.12/site-packages/airflow/example_dags/example_short_circuit_operator.py took 0.092 seconds
[2024-08-04T20:37:57.031+0530] {processor.py:161} INFO - Started process (PID=57799) to work on /Users/deepanshu/Desktop/etc-spark-airflow/env/lib/python3.12/site-packages/airflow/example_dags/example_short_circuit_operator.py
[2024-08-04T20:37:57.032+0530] {processor.py:830} INFO - Processing file /Users/deepanshu/Desktop/etc-spark-airflow/env/lib/python3.12/site-packages/airflow/example_dags/example_short_circuit_operator.py for tasks to queue
[2024-08-04T20:37:57.032+0530] {logging_mixin.py:188} INFO - [2024-08-04T20:37:57.032+0530] {dagbag.py:545} INFO - Filling up the DagBag from /Users/deepanshu/Desktop/etc-spark-airflow/env/lib/python3.12/site-packages/airflow/example_dags/example_short_circuit_operator.py
[2024-08-04T20:37:57.050+0530] {processor.py:840} INFO - DAG(s) 'example_short_circuit_operator' retrieved from /Users/deepanshu/Desktop/etc-spark-airflow/env/lib/python3.12/site-packages/airflow/example_dags/example_short_circuit_operator.py
[2024-08-04T20:37:57.104+0530] {logging_mixin.py:188} INFO - [2024-08-04T20:37:57.104+0530] {dag.py:3089} INFO - Sync 1 DAGs
[2024-08-04T20:37:57.113+0530] {logging_mixin.py:188} INFO - [2024-08-04T20:37:57.113+0530] {dag.py:3947} INFO - Setting next_dagrun for example_short_circuit_operator to 2024-08-03 00:00:00+00:00, run_after=2024-08-04 00:00:00+00:00
[2024-08-04T20:37:57.124+0530] {processor.py:183} INFO - Processing /Users/deepanshu/Desktop/etc-spark-airflow/env/lib/python3.12/site-packages/airflow/example_dags/example_short_circuit_operator.py took 0.095 seconds
[2024-08-04T20:39:54.322+0530] {processor.py:161} INFO - Started process (PID=58666) to work on /Users/deepanshu/Desktop/etc-spark-airflow/env/lib/python3.12/site-packages/airflow/example_dags/example_short_circuit_operator.py
[2024-08-04T20:39:54.323+0530] {processor.py:830} INFO - Processing file /Users/deepanshu/Desktop/etc-spark-airflow/env/lib/python3.12/site-packages/airflow/example_dags/example_short_circuit_operator.py for tasks to queue
[2024-08-04T20:39:54.323+0530] {logging_mixin.py:188} INFO - [2024-08-04T20:39:54.323+0530] {dagbag.py:545} INFO - Filling up the DagBag from /Users/deepanshu/Desktop/etc-spark-airflow/env/lib/python3.12/site-packages/airflow/example_dags/example_short_circuit_operator.py
[2024-08-04T20:39:54.340+0530] {processor.py:840} INFO - DAG(s) 'example_short_circuit_operator' retrieved from /Users/deepanshu/Desktop/etc-spark-airflow/env/lib/python3.12/site-packages/airflow/example_dags/example_short_circuit_operator.py
[2024-08-04T20:39:54.396+0530] {logging_mixin.py:188} INFO - [2024-08-04T20:39:54.395+0530] {dag.py:3089} INFO - Sync 1 DAGs
[2024-08-04T20:39:54.405+0530] {logging_mixin.py:188} INFO - [2024-08-04T20:39:54.404+0530] {dag.py:3947} INFO - Setting next_dagrun for example_short_circuit_operator to 2024-08-03 00:00:00+00:00, run_after=2024-08-04 00:00:00+00:00
[2024-08-04T20:39:54.416+0530] {processor.py:183} INFO - Processing /Users/deepanshu/Desktop/etc-spark-airflow/env/lib/python3.12/site-packages/airflow/example_dags/example_short_circuit_operator.py took 0.095 seconds
[2024-08-04T20:41:26.192+0530] {processor.py:161} INFO - Started process (PID=59373) to work on /Users/deepanshu/Desktop/etc-spark-airflow/env/lib/python3.12/site-packages/airflow/example_dags/example_short_circuit_operator.py
[2024-08-04T20:41:26.193+0530] {processor.py:830} INFO - Processing file /Users/deepanshu/Desktop/etc-spark-airflow/env/lib/python3.12/site-packages/airflow/example_dags/example_short_circuit_operator.py for tasks to queue
[2024-08-04T20:41:26.193+0530] {logging_mixin.py:188} INFO - [2024-08-04T20:41:26.193+0530] {dagbag.py:545} INFO - Filling up the DagBag from /Users/deepanshu/Desktop/etc-spark-airflow/env/lib/python3.12/site-packages/airflow/example_dags/example_short_circuit_operator.py
[2024-08-04T20:41:26.210+0530] {processor.py:840} INFO - DAG(s) 'example_short_circuit_operator' retrieved from /Users/deepanshu/Desktop/etc-spark-airflow/env/lib/python3.12/site-packages/airflow/example_dags/example_short_circuit_operator.py
[2024-08-04T20:41:26.264+0530] {logging_mixin.py:188} INFO - [2024-08-04T20:41:26.263+0530] {dag.py:3089} INFO - Sync 1 DAGs
[2024-08-04T20:41:26.272+0530] {logging_mixin.py:188} INFO - [2024-08-04T20:41:26.272+0530] {dag.py:3947} INFO - Setting next_dagrun for example_short_circuit_operator to 2024-08-03 00:00:00+00:00, run_after=2024-08-04 00:00:00+00:00
[2024-08-04T20:41:26.283+0530] {processor.py:183} INFO - Processing /Users/deepanshu/Desktop/etc-spark-airflow/env/lib/python3.12/site-packages/airflow/example_dags/example_short_circuit_operator.py took 0.093 seconds
[2024-08-04T20:43:17.901+0530] {processor.py:161} INFO - Started process (PID=60187) to work on /Users/deepanshu/Desktop/etc-spark-airflow/env/lib/python3.12/site-packages/airflow/example_dags/example_short_circuit_operator.py
[2024-08-04T20:43:17.903+0530] {processor.py:830} INFO - Processing file /Users/deepanshu/Desktop/etc-spark-airflow/env/lib/python3.12/site-packages/airflow/example_dags/example_short_circuit_operator.py for tasks to queue
[2024-08-04T20:43:17.903+0530] {logging_mixin.py:188} INFO - [2024-08-04T20:43:17.903+0530] {dagbag.py:545} INFO - Filling up the DagBag from /Users/deepanshu/Desktop/etc-spark-airflow/env/lib/python3.12/site-packages/airflow/example_dags/example_short_circuit_operator.py
[2024-08-04T20:43:17.920+0530] {processor.py:840} INFO - DAG(s) 'example_short_circuit_operator' retrieved from /Users/deepanshu/Desktop/etc-spark-airflow/env/lib/python3.12/site-packages/airflow/example_dags/example_short_circuit_operator.py
[2024-08-04T20:43:17.973+0530] {logging_mixin.py:188} INFO - [2024-08-04T20:43:17.973+0530] {dag.py:3089} INFO - Sync 1 DAGs
[2024-08-04T20:43:17.982+0530] {logging_mixin.py:188} INFO - [2024-08-04T20:43:17.982+0530] {dag.py:3947} INFO - Setting next_dagrun for example_short_circuit_operator to 2024-08-03 00:00:00+00:00, run_after=2024-08-04 00:00:00+00:00
[2024-08-04T20:43:17.993+0530] {processor.py:183} INFO - Processing /Users/deepanshu/Desktop/etc-spark-airflow/env/lib/python3.12/site-packages/airflow/example_dags/example_short_circuit_operator.py took 0.093 seconds
[2024-08-04T20:45:13.197+0530] {processor.py:161} INFO - Started process (PID=61029) to work on /Users/deepanshu/Desktop/etc-spark-airflow/env/lib/python3.12/site-packages/airflow/example_dags/example_short_circuit_operator.py
[2024-08-04T20:45:13.198+0530] {processor.py:830} INFO - Processing file /Users/deepanshu/Desktop/etc-spark-airflow/env/lib/python3.12/site-packages/airflow/example_dags/example_short_circuit_operator.py for tasks to queue
[2024-08-04T20:45:13.199+0530] {logging_mixin.py:188} INFO - [2024-08-04T20:45:13.199+0530] {dagbag.py:545} INFO - Filling up the DagBag from /Users/deepanshu/Desktop/etc-spark-airflow/env/lib/python3.12/site-packages/airflow/example_dags/example_short_circuit_operator.py
[2024-08-04T20:45:13.215+0530] {processor.py:840} INFO - DAG(s) 'example_short_circuit_operator' retrieved from /Users/deepanshu/Desktop/etc-spark-airflow/env/lib/python3.12/site-packages/airflow/example_dags/example_short_circuit_operator.py
[2024-08-04T20:45:13.269+0530] {logging_mixin.py:188} INFO - [2024-08-04T20:45:13.269+0530] {dag.py:3089} INFO - Sync 1 DAGs
[2024-08-04T20:45:13.278+0530] {logging_mixin.py:188} INFO - [2024-08-04T20:45:13.278+0530] {dag.py:3947} INFO - Setting next_dagrun for example_short_circuit_operator to 2024-08-03 00:00:00+00:00, run_after=2024-08-04 00:00:00+00:00
[2024-08-04T20:45:13.289+0530] {processor.py:183} INFO - Processing /Users/deepanshu/Desktop/etc-spark-airflow/env/lib/python3.12/site-packages/airflow/example_dags/example_short_circuit_operator.py took 0.093 seconds
[2024-08-04T20:47:09.732+0530] {processor.py:161} INFO - Started process (PID=61853) to work on /Users/deepanshu/Desktop/etc-spark-airflow/env/lib/python3.12/site-packages/airflow/example_dags/example_short_circuit_operator.py
[2024-08-04T20:47:09.733+0530] {processor.py:830} INFO - Processing file /Users/deepanshu/Desktop/etc-spark-airflow/env/lib/python3.12/site-packages/airflow/example_dags/example_short_circuit_operator.py for tasks to queue
[2024-08-04T20:47:09.734+0530] {logging_mixin.py:188} INFO - [2024-08-04T20:47:09.734+0530] {dagbag.py:545} INFO - Filling up the DagBag from /Users/deepanshu/Desktop/etc-spark-airflow/env/lib/python3.12/site-packages/airflow/example_dags/example_short_circuit_operator.py
[2024-08-04T20:47:09.750+0530] {processor.py:840} INFO - DAG(s) 'example_short_circuit_operator' retrieved from /Users/deepanshu/Desktop/etc-spark-airflow/env/lib/python3.12/site-packages/airflow/example_dags/example_short_circuit_operator.py
[2024-08-04T20:47:09.803+0530] {logging_mixin.py:188} INFO - [2024-08-04T20:47:09.803+0530] {dag.py:3089} INFO - Sync 1 DAGs
[2024-08-04T20:47:09.812+0530] {logging_mixin.py:188} INFO - [2024-08-04T20:47:09.812+0530] {dag.py:3947} INFO - Setting next_dagrun for example_short_circuit_operator to 2024-08-03 00:00:00+00:00, run_after=2024-08-04 00:00:00+00:00
[2024-08-04T20:47:09.822+0530] {processor.py:183} INFO - Processing /Users/deepanshu/Desktop/etc-spark-airflow/env/lib/python3.12/site-packages/airflow/example_dags/example_short_circuit_operator.py took 0.092 seconds
[2024-08-04T20:49:40.058+0530] {processor.py:161} INFO - Started process (PID=62880) to work on /Users/deepanshu/Desktop/etc-spark-airflow/env/lib/python3.12/site-packages/airflow/example_dags/example_short_circuit_operator.py
[2024-08-04T20:49:40.060+0530] {processor.py:830} INFO - Processing file /Users/deepanshu/Desktop/etc-spark-airflow/env/lib/python3.12/site-packages/airflow/example_dags/example_short_circuit_operator.py for tasks to queue
[2024-08-04T20:49:40.060+0530] {logging_mixin.py:188} INFO - [2024-08-04T20:49:40.060+0530] {dagbag.py:545} INFO - Filling up the DagBag from /Users/deepanshu/Desktop/etc-spark-airflow/env/lib/python3.12/site-packages/airflow/example_dags/example_short_circuit_operator.py
[2024-08-04T20:49:40.076+0530] {processor.py:840} INFO - DAG(s) 'example_short_circuit_operator' retrieved from /Users/deepanshu/Desktop/etc-spark-airflow/env/lib/python3.12/site-packages/airflow/example_dags/example_short_circuit_operator.py
[2024-08-04T20:49:40.129+0530] {logging_mixin.py:188} INFO - [2024-08-04T20:49:40.129+0530] {dag.py:3089} INFO - Sync 1 DAGs
[2024-08-04T20:49:40.138+0530] {logging_mixin.py:188} INFO - [2024-08-04T20:49:40.137+0530] {dag.py:3947} INFO - Setting next_dagrun for example_short_circuit_operator to 2024-08-03 00:00:00+00:00, run_after=2024-08-04 00:00:00+00:00
[2024-08-04T20:49:40.148+0530] {processor.py:183} INFO - Processing /Users/deepanshu/Desktop/etc-spark-airflow/env/lib/python3.12/site-packages/airflow/example_dags/example_short_circuit_operator.py took 0.092 seconds
[2024-08-04T20:51:15.267+0530] {processor.py:161} INFO - Started process (PID=63572) to work on /Users/deepanshu/Desktop/etc-spark-airflow/env/lib/python3.12/site-packages/airflow/example_dags/example_short_circuit_operator.py
[2024-08-04T20:51:15.268+0530] {processor.py:830} INFO - Processing file /Users/deepanshu/Desktop/etc-spark-airflow/env/lib/python3.12/site-packages/airflow/example_dags/example_short_circuit_operator.py for tasks to queue
[2024-08-04T20:51:15.268+0530] {logging_mixin.py:188} INFO - [2024-08-04T20:51:15.268+0530] {dagbag.py:545} INFO - Filling up the DagBag from /Users/deepanshu/Desktop/etc-spark-airflow/env/lib/python3.12/site-packages/airflow/example_dags/example_short_circuit_operator.py
[2024-08-04T20:51:15.285+0530] {processor.py:840} INFO - DAG(s) 'example_short_circuit_operator' retrieved from /Users/deepanshu/Desktop/etc-spark-airflow/env/lib/python3.12/site-packages/airflow/example_dags/example_short_circuit_operator.py
[2024-08-04T20:51:15.338+0530] {logging_mixin.py:188} INFO - [2024-08-04T20:51:15.338+0530] {dag.py:3089} INFO - Sync 1 DAGs
[2024-08-04T20:51:15.347+0530] {logging_mixin.py:188} INFO - [2024-08-04T20:51:15.347+0530] {dag.py:3947} INFO - Setting next_dagrun for example_short_circuit_operator to 2024-08-03 00:00:00+00:00, run_after=2024-08-04 00:00:00+00:00
[2024-08-04T20:51:15.357+0530] {processor.py:183} INFO - Processing /Users/deepanshu/Desktop/etc-spark-airflow/env/lib/python3.12/site-packages/airflow/example_dags/example_short_circuit_operator.py took 0.092 seconds
[2024-08-04T20:53:07.164+0530] {processor.py:161} INFO - Started process (PID=64364) to work on /Users/deepanshu/Desktop/etc-spark-airflow/env/lib/python3.12/site-packages/airflow/example_dags/example_short_circuit_operator.py
[2024-08-04T20:53:07.165+0530] {processor.py:830} INFO - Processing file /Users/deepanshu/Desktop/etc-spark-airflow/env/lib/python3.12/site-packages/airflow/example_dags/example_short_circuit_operator.py for tasks to queue
[2024-08-04T20:53:07.166+0530] {logging_mixin.py:188} INFO - [2024-08-04T20:53:07.166+0530] {dagbag.py:545} INFO - Filling up the DagBag from /Users/deepanshu/Desktop/etc-spark-airflow/env/lib/python3.12/site-packages/airflow/example_dags/example_short_circuit_operator.py
[2024-08-04T20:53:07.182+0530] {processor.py:840} INFO - DAG(s) 'example_short_circuit_operator' retrieved from /Users/deepanshu/Desktop/etc-spark-airflow/env/lib/python3.12/site-packages/airflow/example_dags/example_short_circuit_operator.py
[2024-08-04T20:53:07.235+0530] {logging_mixin.py:188} INFO - [2024-08-04T20:53:07.235+0530] {dag.py:3089} INFO - Sync 1 DAGs
[2024-08-04T20:53:07.244+0530] {logging_mixin.py:188} INFO - [2024-08-04T20:53:07.244+0530] {dag.py:3947} INFO - Setting next_dagrun for example_short_circuit_operator to 2024-08-03 00:00:00+00:00, run_after=2024-08-04 00:00:00+00:00
[2024-08-04T20:53:07.254+0530] {processor.py:183} INFO - Processing /Users/deepanshu/Desktop/etc-spark-airflow/env/lib/python3.12/site-packages/airflow/example_dags/example_short_circuit_operator.py took 0.092 seconds
[2024-08-04T20:55:12.875+0530] {processor.py:161} INFO - Started process (PID=65322) to work on /Users/deepanshu/Desktop/etc-spark-airflow/env/lib/python3.12/site-packages/airflow/example_dags/example_short_circuit_operator.py
[2024-08-04T20:55:12.877+0530] {processor.py:830} INFO - Processing file /Users/deepanshu/Desktop/etc-spark-airflow/env/lib/python3.12/site-packages/airflow/example_dags/example_short_circuit_operator.py for tasks to queue
[2024-08-04T20:55:12.877+0530] {logging_mixin.py:188} INFO - [2024-08-04T20:55:12.877+0530] {dagbag.py:545} INFO - Filling up the DagBag from /Users/deepanshu/Desktop/etc-spark-airflow/env/lib/python3.12/site-packages/airflow/example_dags/example_short_circuit_operator.py
[2024-08-04T20:55:12.893+0530] {processor.py:840} INFO - DAG(s) 'example_short_circuit_operator' retrieved from /Users/deepanshu/Desktop/etc-spark-airflow/env/lib/python3.12/site-packages/airflow/example_dags/example_short_circuit_operator.py
[2024-08-04T20:55:12.947+0530] {logging_mixin.py:188} INFO - [2024-08-04T20:55:12.947+0530] {dag.py:3089} INFO - Sync 1 DAGs
[2024-08-04T20:55:12.956+0530] {logging_mixin.py:188} INFO - [2024-08-04T20:55:12.956+0530] {dag.py:3947} INFO - Setting next_dagrun for example_short_circuit_operator to 2024-08-03 00:00:00+00:00, run_after=2024-08-04 00:00:00+00:00
[2024-08-04T20:55:12.966+0530] {processor.py:183} INFO - Processing /Users/deepanshu/Desktop/etc-spark-airflow/env/lib/python3.12/site-packages/airflow/example_dags/example_short_circuit_operator.py took 0.093 seconds
[2024-08-04T20:57:40.426+0530] {processor.py:161} INFO - Started process (PID=66471) to work on /Users/deepanshu/Desktop/etc-spark-airflow/env/lib/python3.12/site-packages/airflow/example_dags/example_short_circuit_operator.py
[2024-08-04T20:57:40.427+0530] {processor.py:830} INFO - Processing file /Users/deepanshu/Desktop/etc-spark-airflow/env/lib/python3.12/site-packages/airflow/example_dags/example_short_circuit_operator.py for tasks to queue
[2024-08-04T20:57:40.428+0530] {logging_mixin.py:188} INFO - [2024-08-04T20:57:40.427+0530] {dagbag.py:545} INFO - Filling up the DagBag from /Users/deepanshu/Desktop/etc-spark-airflow/env/lib/python3.12/site-packages/airflow/example_dags/example_short_circuit_operator.py
[2024-08-04T20:57:40.444+0530] {processor.py:840} INFO - DAG(s) 'example_short_circuit_operator' retrieved from /Users/deepanshu/Desktop/etc-spark-airflow/env/lib/python3.12/site-packages/airflow/example_dags/example_short_circuit_operator.py
[2024-08-04T20:57:40.498+0530] {logging_mixin.py:188} INFO - [2024-08-04T20:57:40.498+0530] {dag.py:3089} INFO - Sync 1 DAGs
[2024-08-04T20:57:40.507+0530] {logging_mixin.py:188} INFO - [2024-08-04T20:57:40.507+0530] {dag.py:3947} INFO - Setting next_dagrun for example_short_circuit_operator to 2024-08-03 00:00:00+00:00, run_after=2024-08-04 00:00:00+00:00
[2024-08-04T20:57:40.518+0530] {processor.py:183} INFO - Processing /Users/deepanshu/Desktop/etc-spark-airflow/env/lib/python3.12/site-packages/airflow/example_dags/example_short_circuit_operator.py took 0.094 seconds
[2024-08-04T21:01:28.900+0530] {processor.py:161} INFO - Started process (PID=68509) to work on /Users/deepanshu/Desktop/etc-spark-airflow/env/lib/python3.12/site-packages/airflow/example_dags/example_short_circuit_operator.py
[2024-08-04T21:01:28.902+0530] {processor.py:830} INFO - Processing file /Users/deepanshu/Desktop/etc-spark-airflow/env/lib/python3.12/site-packages/airflow/example_dags/example_short_circuit_operator.py for tasks to queue
[2024-08-04T21:01:28.902+0530] {logging_mixin.py:188} INFO - [2024-08-04T21:01:28.902+0530] {dagbag.py:545} INFO - Filling up the DagBag from /Users/deepanshu/Desktop/etc-spark-airflow/env/lib/python3.12/site-packages/airflow/example_dags/example_short_circuit_operator.py
[2024-08-04T21:01:28.919+0530] {processor.py:840} INFO - DAG(s) 'example_short_circuit_operator' retrieved from /Users/deepanshu/Desktop/etc-spark-airflow/env/lib/python3.12/site-packages/airflow/example_dags/example_short_circuit_operator.py
[2024-08-04T21:01:28.972+0530] {logging_mixin.py:188} INFO - [2024-08-04T21:01:28.972+0530] {dag.py:3089} INFO - Sync 1 DAGs
[2024-08-04T21:01:28.981+0530] {logging_mixin.py:188} INFO - [2024-08-04T21:01:28.980+0530] {dag.py:3947} INFO - Setting next_dagrun for example_short_circuit_operator to 2024-08-03 00:00:00+00:00, run_after=2024-08-04 00:00:00+00:00
[2024-08-04T21:01:28.991+0530] {processor.py:183} INFO - Processing /Users/deepanshu/Desktop/etc-spark-airflow/env/lib/python3.12/site-packages/airflow/example_dags/example_short_circuit_operator.py took 0.092 seconds
[2024-08-04T21:03:34.039+0530] {processor.py:161} INFO - Started process (PID=69394) to work on /Users/deepanshu/Desktop/etc-spark-airflow/env/lib/python3.12/site-packages/airflow/example_dags/example_short_circuit_operator.py
[2024-08-04T21:03:34.040+0530] {processor.py:830} INFO - Processing file /Users/deepanshu/Desktop/etc-spark-airflow/env/lib/python3.12/site-packages/airflow/example_dags/example_short_circuit_operator.py for tasks to queue
[2024-08-04T21:03:34.040+0530] {logging_mixin.py:188} INFO - [2024-08-04T21:03:34.040+0530] {dagbag.py:545} INFO - Filling up the DagBag from /Users/deepanshu/Desktop/etc-spark-airflow/env/lib/python3.12/site-packages/airflow/example_dags/example_short_circuit_operator.py
[2024-08-04T21:03:34.057+0530] {processor.py:840} INFO - DAG(s) 'example_short_circuit_operator' retrieved from /Users/deepanshu/Desktop/etc-spark-airflow/env/lib/python3.12/site-packages/airflow/example_dags/example_short_circuit_operator.py
[2024-08-04T21:03:34.110+0530] {logging_mixin.py:188} INFO - [2024-08-04T21:03:34.110+0530] {dag.py:3089} INFO - Sync 1 DAGs
[2024-08-04T21:03:34.119+0530] {logging_mixin.py:188} INFO - [2024-08-04T21:03:34.119+0530] {dag.py:3947} INFO - Setting next_dagrun for example_short_circuit_operator to 2024-08-03 00:00:00+00:00, run_after=2024-08-04 00:00:00+00:00
[2024-08-04T21:03:34.130+0530] {processor.py:183} INFO - Processing /Users/deepanshu/Desktop/etc-spark-airflow/env/lib/python3.12/site-packages/airflow/example_dags/example_short_circuit_operator.py took 0.092 seconds
[2024-08-04T21:06:08.758+0530] {processor.py:161} INFO - Started process (PID=70462) to work on /Users/deepanshu/Desktop/etc-spark-airflow/env/lib/python3.12/site-packages/airflow/example_dags/example_short_circuit_operator.py
[2024-08-04T21:06:08.760+0530] {processor.py:830} INFO - Processing file /Users/deepanshu/Desktop/etc-spark-airflow/env/lib/python3.12/site-packages/airflow/example_dags/example_short_circuit_operator.py for tasks to queue
[2024-08-04T21:06:08.760+0530] {logging_mixin.py:188} INFO - [2024-08-04T21:06:08.760+0530] {dagbag.py:545} INFO - Filling up the DagBag from /Users/deepanshu/Desktop/etc-spark-airflow/env/lib/python3.12/site-packages/airflow/example_dags/example_short_circuit_operator.py
[2024-08-04T21:06:08.778+0530] {processor.py:840} INFO - DAG(s) 'example_short_circuit_operator' retrieved from /Users/deepanshu/Desktop/etc-spark-airflow/env/lib/python3.12/site-packages/airflow/example_dags/example_short_circuit_operator.py
[2024-08-04T21:06:08.846+0530] {logging_mixin.py:188} INFO - [2024-08-04T21:06:08.846+0530] {dag.py:3089} INFO - Sync 1 DAGs
[2024-08-04T21:06:08.855+0530] {logging_mixin.py:188} INFO - [2024-08-04T21:06:08.855+0530] {dag.py:3947} INFO - Setting next_dagrun for example_short_circuit_operator to 2024-08-03 00:00:00+00:00, run_after=2024-08-04 00:00:00+00:00
[2024-08-04T21:06:08.867+0530] {processor.py:183} INFO - Processing /Users/deepanshu/Desktop/etc-spark-airflow/env/lib/python3.12/site-packages/airflow/example_dags/example_short_circuit_operator.py took 0.110 seconds
