[2024-08-04T20:33:08.166+0530] {processor.py:161} INFO - Started process (PID=55643) to work on /Users/deepanshu/Desktop/etc-spark-airflow/env/lib/python3.12/site-packages/airflow/example_dags/example_time_delta_sensor_async.py
[2024-08-04T20:33:08.166+0530] {processor.py:830} INFO - Processing file /Users/deepanshu/Desktop/etc-spark-airflow/env/lib/python3.12/site-packages/airflow/example_dags/example_time_delta_sensor_async.py for tasks to queue
[2024-08-04T20:33:08.167+0530] {logging_mixin.py:188} INFO - [2024-08-04T20:33:08.166+0530] {dagbag.py:545} INFO - Filling up the DagBag from /Users/deepanshu/Desktop/etc-spark-airflow/env/lib/python3.12/site-packages/airflow/example_dags/example_time_delta_sensor_async.py
[2024-08-04T20:33:08.171+0530] {processor.py:840} INFO - DAG(s) 'example_time_delta_sensor_async' retrieved from /Users/deepanshu/Desktop/etc-spark-airflow/env/lib/python3.12/site-packages/airflow/example_dags/example_time_delta_sensor_async.py
[2024-08-04T20:33:08.284+0530] {logging_mixin.py:188} INFO - [2024-08-04T20:33:08.283+0530] {override.py:1858} INFO - Created Permission View: can delete on DAG:example_time_delta_sensor_async
[2024-08-04T20:33:08.288+0530] {logging_mixin.py:188} INFO - [2024-08-04T20:33:08.288+0530] {override.py:1858} INFO - Created Permission View: can read on DAG:example_time_delta_sensor_async
[2024-08-04T20:33:08.292+0530] {logging_mixin.py:188} INFO - [2024-08-04T20:33:08.292+0530] {override.py:1858} INFO - Created Permission View: can edit on DAG:example_time_delta_sensor_async
[2024-08-04T20:33:08.292+0530] {logging_mixin.py:188} INFO - [2024-08-04T20:33:08.292+0530] {dag.py:3089} INFO - Sync 1 DAGs
[2024-08-04T20:33:08.298+0530] {logging_mixin.py:188} INFO - [2024-08-04T20:33:08.298+0530] {dag.py:3111} INFO - Creating ORM DAG for example_time_delta_sensor_async
[2024-08-04T20:33:08.298+0530] {logging_mixin.py:188} INFO - [2024-08-04T20:33:08.298+0530] {dag.py:3947} INFO - Setting next_dagrun for example_time_delta_sensor_async to None, run_after=None
[2024-08-04T20:33:08.309+0530] {processor.py:183} INFO - Processing /Users/deepanshu/Desktop/etc-spark-airflow/env/lib/python3.12/site-packages/airflow/example_dags/example_time_delta_sensor_async.py took 0.145 seconds
[2024-08-04T20:34:10.592+0530] {processor.py:161} INFO - Started process (PID=56112) to work on /Users/deepanshu/Desktop/etc-spark-airflow/env/lib/python3.12/site-packages/airflow/example_dags/example_time_delta_sensor_async.py
[2024-08-04T20:34:10.594+0530] {processor.py:830} INFO - Processing file /Users/deepanshu/Desktop/etc-spark-airflow/env/lib/python3.12/site-packages/airflow/example_dags/example_time_delta_sensor_async.py for tasks to queue
[2024-08-04T20:34:10.594+0530] {logging_mixin.py:188} INFO - [2024-08-04T20:34:10.594+0530] {dagbag.py:545} INFO - Filling up the DagBag from /Users/deepanshu/Desktop/etc-spark-airflow/env/lib/python3.12/site-packages/airflow/example_dags/example_time_delta_sensor_async.py
[2024-08-04T20:34:10.599+0530] {processor.py:840} INFO - DAG(s) 'example_time_delta_sensor_async' retrieved from /Users/deepanshu/Desktop/etc-spark-airflow/env/lib/python3.12/site-packages/airflow/example_dags/example_time_delta_sensor_async.py
[2024-08-04T20:34:10.657+0530] {logging_mixin.py:188} INFO - [2024-08-04T20:34:10.657+0530] {dag.py:3089} INFO - Sync 1 DAGs
[2024-08-04T20:34:10.663+0530] {logging_mixin.py:188} INFO - [2024-08-04T20:34:10.663+0530] {dag.py:3947} INFO - Setting next_dagrun for example_time_delta_sensor_async to None, run_after=None
[2024-08-04T20:34:10.673+0530] {processor.py:183} INFO - Processing /Users/deepanshu/Desktop/etc-spark-airflow/env/lib/python3.12/site-packages/airflow/example_dags/example_time_delta_sensor_async.py took 0.083 seconds
[2024-08-04T20:36:14.443+0530] {processor.py:161} INFO - Started process (PID=56986) to work on /Users/deepanshu/Desktop/etc-spark-airflow/env/lib/python3.12/site-packages/airflow/example_dags/example_time_delta_sensor_async.py
[2024-08-04T20:36:14.445+0530] {processor.py:830} INFO - Processing file /Users/deepanshu/Desktop/etc-spark-airflow/env/lib/python3.12/site-packages/airflow/example_dags/example_time_delta_sensor_async.py for tasks to queue
[2024-08-04T20:36:14.445+0530] {logging_mixin.py:188} INFO - [2024-08-04T20:36:14.445+0530] {dagbag.py:545} INFO - Filling up the DagBag from /Users/deepanshu/Desktop/etc-spark-airflow/env/lib/python3.12/site-packages/airflow/example_dags/example_time_delta_sensor_async.py
[2024-08-04T20:36:14.451+0530] {processor.py:840} INFO - DAG(s) 'example_time_delta_sensor_async' retrieved from /Users/deepanshu/Desktop/etc-spark-airflow/env/lib/python3.12/site-packages/airflow/example_dags/example_time_delta_sensor_async.py
[2024-08-04T20:36:14.522+0530] {logging_mixin.py:188} INFO - [2024-08-04T20:36:14.522+0530] {dag.py:3089} INFO - Sync 1 DAGs
[2024-08-04T20:36:14.530+0530] {logging_mixin.py:188} INFO - [2024-08-04T20:36:14.529+0530] {dag.py:3947} INFO - Setting next_dagrun for example_time_delta_sensor_async to None, run_after=None
[2024-08-04T20:36:14.542+0530] {processor.py:183} INFO - Processing /Users/deepanshu/Desktop/etc-spark-airflow/env/lib/python3.12/site-packages/airflow/example_dags/example_time_delta_sensor_async.py took 0.102 seconds
[2024-08-04T20:37:44.712+0530] {processor.py:161} INFO - Started process (PID=57718) to work on /Users/deepanshu/Desktop/etc-spark-airflow/env/lib/python3.12/site-packages/airflow/example_dags/example_time_delta_sensor_async.py
[2024-08-04T20:37:44.713+0530] {processor.py:830} INFO - Processing file /Users/deepanshu/Desktop/etc-spark-airflow/env/lib/python3.12/site-packages/airflow/example_dags/example_time_delta_sensor_async.py for tasks to queue
[2024-08-04T20:37:44.713+0530] {logging_mixin.py:188} INFO - [2024-08-04T20:37:44.713+0530] {dagbag.py:545} INFO - Filling up the DagBag from /Users/deepanshu/Desktop/etc-spark-airflow/env/lib/python3.12/site-packages/airflow/example_dags/example_time_delta_sensor_async.py
[2024-08-04T20:37:44.718+0530] {processor.py:840} INFO - DAG(s) 'example_time_delta_sensor_async' retrieved from /Users/deepanshu/Desktop/etc-spark-airflow/env/lib/python3.12/site-packages/airflow/example_dags/example_time_delta_sensor_async.py
[2024-08-04T20:37:44.775+0530] {logging_mixin.py:188} INFO - [2024-08-04T20:37:44.775+0530] {dag.py:3089} INFO - Sync 1 DAGs
[2024-08-04T20:37:44.782+0530] {logging_mixin.py:188} INFO - [2024-08-04T20:37:44.782+0530] {dag.py:3947} INFO - Setting next_dagrun for example_time_delta_sensor_async to None, run_after=None
[2024-08-04T20:37:44.795+0530] {processor.py:183} INFO - Processing /Users/deepanshu/Desktop/etc-spark-airflow/env/lib/python3.12/site-packages/airflow/example_dags/example_time_delta_sensor_async.py took 0.085 seconds
[2024-08-04T20:39:43.116+0530] {processor.py:161} INFO - Started process (PID=58584) to work on /Users/deepanshu/Desktop/etc-spark-airflow/env/lib/python3.12/site-packages/airflow/example_dags/example_time_delta_sensor_async.py
[2024-08-04T20:39:43.118+0530] {processor.py:830} INFO - Processing file /Users/deepanshu/Desktop/etc-spark-airflow/env/lib/python3.12/site-packages/airflow/example_dags/example_time_delta_sensor_async.py for tasks to queue
[2024-08-04T20:39:43.118+0530] {logging_mixin.py:188} INFO - [2024-08-04T20:39:43.118+0530] {dagbag.py:545} INFO - Filling up the DagBag from /Users/deepanshu/Desktop/etc-spark-airflow/env/lib/python3.12/site-packages/airflow/example_dags/example_time_delta_sensor_async.py
[2024-08-04T20:39:43.124+0530] {processor.py:840} INFO - DAG(s) 'example_time_delta_sensor_async' retrieved from /Users/deepanshu/Desktop/etc-spark-airflow/env/lib/python3.12/site-packages/airflow/example_dags/example_time_delta_sensor_async.py
[2024-08-04T20:39:43.181+0530] {logging_mixin.py:188} INFO - [2024-08-04T20:39:43.181+0530] {dag.py:3089} INFO - Sync 1 DAGs
[2024-08-04T20:39:43.187+0530] {logging_mixin.py:188} INFO - [2024-08-04T20:39:43.186+0530] {dag.py:3947} INFO - Setting next_dagrun for example_time_delta_sensor_async to None, run_after=None
[2024-08-04T20:39:43.197+0530] {processor.py:183} INFO - Processing /Users/deepanshu/Desktop/etc-spark-airflow/env/lib/python3.12/site-packages/airflow/example_dags/example_time_delta_sensor_async.py took 0.082 seconds
[2024-08-04T20:41:14.597+0530] {processor.py:161} INFO - Started process (PID=59295) to work on /Users/deepanshu/Desktop/etc-spark-airflow/env/lib/python3.12/site-packages/airflow/example_dags/example_time_delta_sensor_async.py
[2024-08-04T20:41:14.598+0530] {processor.py:830} INFO - Processing file /Users/deepanshu/Desktop/etc-spark-airflow/env/lib/python3.12/site-packages/airflow/example_dags/example_time_delta_sensor_async.py for tasks to queue
[2024-08-04T20:41:14.598+0530] {logging_mixin.py:188} INFO - [2024-08-04T20:41:14.598+0530] {dagbag.py:545} INFO - Filling up the DagBag from /Users/deepanshu/Desktop/etc-spark-airflow/env/lib/python3.12/site-packages/airflow/example_dags/example_time_delta_sensor_async.py
[2024-08-04T20:41:14.603+0530] {processor.py:840} INFO - DAG(s) 'example_time_delta_sensor_async' retrieved from /Users/deepanshu/Desktop/etc-spark-airflow/env/lib/python3.12/site-packages/airflow/example_dags/example_time_delta_sensor_async.py
[2024-08-04T20:41:14.660+0530] {logging_mixin.py:188} INFO - [2024-08-04T20:41:14.660+0530] {dag.py:3089} INFO - Sync 1 DAGs
[2024-08-04T20:41:14.666+0530] {logging_mixin.py:188} INFO - [2024-08-04T20:41:14.666+0530] {dag.py:3947} INFO - Setting next_dagrun for example_time_delta_sensor_async to None, run_after=None
[2024-08-04T20:41:14.677+0530] {processor.py:183} INFO - Processing /Users/deepanshu/Desktop/etc-spark-airflow/env/lib/python3.12/site-packages/airflow/example_dags/example_time_delta_sensor_async.py took 0.082 seconds
[2024-08-04T20:43:06.801+0530] {processor.py:161} INFO - Started process (PID=60121) to work on /Users/deepanshu/Desktop/etc-spark-airflow/env/lib/python3.12/site-packages/airflow/example_dags/example_time_delta_sensor_async.py
[2024-08-04T20:43:06.802+0530] {processor.py:830} INFO - Processing file /Users/deepanshu/Desktop/etc-spark-airflow/env/lib/python3.12/site-packages/airflow/example_dags/example_time_delta_sensor_async.py for tasks to queue
[2024-08-04T20:43:06.802+0530] {logging_mixin.py:188} INFO - [2024-08-04T20:43:06.802+0530] {dagbag.py:545} INFO - Filling up the DagBag from /Users/deepanshu/Desktop/etc-spark-airflow/env/lib/python3.12/site-packages/airflow/example_dags/example_time_delta_sensor_async.py
[2024-08-04T20:43:06.808+0530] {processor.py:840} INFO - DAG(s) 'example_time_delta_sensor_async' retrieved from /Users/deepanshu/Desktop/etc-spark-airflow/env/lib/python3.12/site-packages/airflow/example_dags/example_time_delta_sensor_async.py
[2024-08-04T20:43:06.866+0530] {logging_mixin.py:188} INFO - [2024-08-04T20:43:06.866+0530] {dag.py:3089} INFO - Sync 1 DAGs
[2024-08-04T20:43:06.872+0530] {logging_mixin.py:188} INFO - [2024-08-04T20:43:06.872+0530] {dag.py:3947} INFO - Setting next_dagrun for example_time_delta_sensor_async to None, run_after=None
[2024-08-04T20:43:06.882+0530] {processor.py:183} INFO - Processing /Users/deepanshu/Desktop/etc-spark-airflow/env/lib/python3.12/site-packages/airflow/example_dags/example_time_delta_sensor_async.py took 0.084 seconds
[2024-08-04T20:45:01.167+0530] {processor.py:161} INFO - Started process (PID=60954) to work on /Users/deepanshu/Desktop/etc-spark-airflow/env/lib/python3.12/site-packages/airflow/example_dags/example_time_delta_sensor_async.py
[2024-08-04T20:45:01.168+0530] {processor.py:830} INFO - Processing file /Users/deepanshu/Desktop/etc-spark-airflow/env/lib/python3.12/site-packages/airflow/example_dags/example_time_delta_sensor_async.py for tasks to queue
[2024-08-04T20:45:01.169+0530] {logging_mixin.py:188} INFO - [2024-08-04T20:45:01.168+0530] {dagbag.py:545} INFO - Filling up the DagBag from /Users/deepanshu/Desktop/etc-spark-airflow/env/lib/python3.12/site-packages/airflow/example_dags/example_time_delta_sensor_async.py
[2024-08-04T20:45:01.173+0530] {processor.py:840} INFO - DAG(s) 'example_time_delta_sensor_async' retrieved from /Users/deepanshu/Desktop/etc-spark-airflow/env/lib/python3.12/site-packages/airflow/example_dags/example_time_delta_sensor_async.py
[2024-08-04T20:45:01.231+0530] {logging_mixin.py:188} INFO - [2024-08-04T20:45:01.231+0530] {dag.py:3089} INFO - Sync 1 DAGs
[2024-08-04T20:45:01.237+0530] {logging_mixin.py:188} INFO - [2024-08-04T20:45:01.237+0530] {dag.py:3947} INFO - Setting next_dagrun for example_time_delta_sensor_async to None, run_after=None
[2024-08-04T20:45:01.248+0530] {processor.py:183} INFO - Processing /Users/deepanshu/Desktop/etc-spark-airflow/env/lib/python3.12/site-packages/airflow/example_dags/example_time_delta_sensor_async.py took 0.082 seconds
[2024-08-04T20:46:58.375+0530] {processor.py:161} INFO - Started process (PID=61779) to work on /Users/deepanshu/Desktop/etc-spark-airflow/env/lib/python3.12/site-packages/airflow/example_dags/example_time_delta_sensor_async.py
[2024-08-04T20:46:58.377+0530] {processor.py:830} INFO - Processing file /Users/deepanshu/Desktop/etc-spark-airflow/env/lib/python3.12/site-packages/airflow/example_dags/example_time_delta_sensor_async.py for tasks to queue
[2024-08-04T20:46:58.377+0530] {logging_mixin.py:188} INFO - [2024-08-04T20:46:58.377+0530] {dagbag.py:545} INFO - Filling up the DagBag from /Users/deepanshu/Desktop/etc-spark-airflow/env/lib/python3.12/site-packages/airflow/example_dags/example_time_delta_sensor_async.py
[2024-08-04T20:46:58.382+0530] {processor.py:840} INFO - DAG(s) 'example_time_delta_sensor_async' retrieved from /Users/deepanshu/Desktop/etc-spark-airflow/env/lib/python3.12/site-packages/airflow/example_dags/example_time_delta_sensor_async.py
[2024-08-04T20:46:58.440+0530] {logging_mixin.py:188} INFO - [2024-08-04T20:46:58.440+0530] {dag.py:3089} INFO - Sync 1 DAGs
[2024-08-04T20:46:58.446+0530] {logging_mixin.py:188} INFO - [2024-08-04T20:46:58.446+0530] {dag.py:3947} INFO - Setting next_dagrun for example_time_delta_sensor_async to None, run_after=None
[2024-08-04T20:46:58.456+0530] {processor.py:183} INFO - Processing /Users/deepanshu/Desktop/etc-spark-airflow/env/lib/python3.12/site-packages/airflow/example_dags/example_time_delta_sensor_async.py took 0.083 seconds
[2024-08-04T20:48:13.761+0530] {processor.py:161} INFO - Started process (PID=62283) to work on /Users/deepanshu/Desktop/etc-spark-airflow/env/lib/python3.12/site-packages/airflow/example_dags/example_time_delta_sensor_async.py
[2024-08-04T20:48:13.762+0530] {processor.py:830} INFO - Processing file /Users/deepanshu/Desktop/etc-spark-airflow/env/lib/python3.12/site-packages/airflow/example_dags/example_time_delta_sensor_async.py for tasks to queue
[2024-08-04T20:48:13.762+0530] {logging_mixin.py:188} INFO - [2024-08-04T20:48:13.762+0530] {dagbag.py:545} INFO - Filling up the DagBag from /Users/deepanshu/Desktop/etc-spark-airflow/env/lib/python3.12/site-packages/airflow/example_dags/example_time_delta_sensor_async.py
[2024-08-04T20:48:13.767+0530] {processor.py:840} INFO - DAG(s) 'example_time_delta_sensor_async' retrieved from /Users/deepanshu/Desktop/etc-spark-airflow/env/lib/python3.12/site-packages/airflow/example_dags/example_time_delta_sensor_async.py
[2024-08-04T20:48:13.825+0530] {logging_mixin.py:188} INFO - [2024-08-04T20:48:13.825+0530] {dag.py:3089} INFO - Sync 1 DAGs
[2024-08-04T20:48:13.831+0530] {logging_mixin.py:188} INFO - [2024-08-04T20:48:13.831+0530] {dag.py:3947} INFO - Setting next_dagrun for example_time_delta_sensor_async to None, run_after=None
[2024-08-04T20:48:13.842+0530] {processor.py:183} INFO - Processing /Users/deepanshu/Desktop/etc-spark-airflow/env/lib/python3.12/site-packages/airflow/example_dags/example_time_delta_sensor_async.py took 0.083 seconds
[2024-08-04T20:49:27.866+0530] {processor.py:161} INFO - Started process (PID=62806) to work on /Users/deepanshu/Desktop/etc-spark-airflow/env/lib/python3.12/site-packages/airflow/example_dags/example_time_delta_sensor_async.py
[2024-08-04T20:49:27.868+0530] {processor.py:830} INFO - Processing file /Users/deepanshu/Desktop/etc-spark-airflow/env/lib/python3.12/site-packages/airflow/example_dags/example_time_delta_sensor_async.py for tasks to queue
[2024-08-04T20:49:27.868+0530] {logging_mixin.py:188} INFO - [2024-08-04T20:49:27.868+0530] {dagbag.py:545} INFO - Filling up the DagBag from /Users/deepanshu/Desktop/etc-spark-airflow/env/lib/python3.12/site-packages/airflow/example_dags/example_time_delta_sensor_async.py
[2024-08-04T20:49:27.874+0530] {processor.py:840} INFO - DAG(s) 'example_time_delta_sensor_async' retrieved from /Users/deepanshu/Desktop/etc-spark-airflow/env/lib/python3.12/site-packages/airflow/example_dags/example_time_delta_sensor_async.py
[2024-08-04T20:49:27.931+0530] {logging_mixin.py:188} INFO - [2024-08-04T20:49:27.931+0530] {dag.py:3089} INFO - Sync 1 DAGs
[2024-08-04T20:49:27.937+0530] {logging_mixin.py:188} INFO - [2024-08-04T20:49:27.937+0530] {dag.py:3947} INFO - Setting next_dagrun for example_time_delta_sensor_async to None, run_after=None
[2024-08-04T20:49:27.948+0530] {processor.py:183} INFO - Processing /Users/deepanshu/Desktop/etc-spark-airflow/env/lib/python3.12/site-packages/airflow/example_dags/example_time_delta_sensor_async.py took 0.083 seconds
[2024-08-04T20:51:02.763+0530] {processor.py:161} INFO - Started process (PID=63492) to work on /Users/deepanshu/Desktop/etc-spark-airflow/env/lib/python3.12/site-packages/airflow/example_dags/example_time_delta_sensor_async.py
[2024-08-04T20:51:02.763+0530] {processor.py:830} INFO - Processing file /Users/deepanshu/Desktop/etc-spark-airflow/env/lib/python3.12/site-packages/airflow/example_dags/example_time_delta_sensor_async.py for tasks to queue
[2024-08-04T20:51:02.764+0530] {logging_mixin.py:188} INFO - [2024-08-04T20:51:02.764+0530] {dagbag.py:545} INFO - Filling up the DagBag from /Users/deepanshu/Desktop/etc-spark-airflow/env/lib/python3.12/site-packages/airflow/example_dags/example_time_delta_sensor_async.py
[2024-08-04T20:51:02.769+0530] {processor.py:840} INFO - DAG(s) 'example_time_delta_sensor_async' retrieved from /Users/deepanshu/Desktop/etc-spark-airflow/env/lib/python3.12/site-packages/airflow/example_dags/example_time_delta_sensor_async.py
[2024-08-04T20:51:02.827+0530] {logging_mixin.py:188} INFO - [2024-08-04T20:51:02.827+0530] {dag.py:3089} INFO - Sync 1 DAGs
[2024-08-04T20:51:02.833+0530] {logging_mixin.py:188} INFO - [2024-08-04T20:51:02.833+0530] {dag.py:3947} INFO - Setting next_dagrun for example_time_delta_sensor_async to None, run_after=None
[2024-08-04T20:51:02.844+0530] {processor.py:183} INFO - Processing /Users/deepanshu/Desktop/etc-spark-airflow/env/lib/python3.12/site-packages/airflow/example_dags/example_time_delta_sensor_async.py took 0.083 seconds
[2024-08-04T20:52:55.350+0530] {processor.py:161} INFO - Started process (PID=64285) to work on /Users/deepanshu/Desktop/etc-spark-airflow/env/lib/python3.12/site-packages/airflow/example_dags/example_time_delta_sensor_async.py
[2024-08-04T20:52:55.351+0530] {processor.py:830} INFO - Processing file /Users/deepanshu/Desktop/etc-spark-airflow/env/lib/python3.12/site-packages/airflow/example_dags/example_time_delta_sensor_async.py for tasks to queue
[2024-08-04T20:52:55.351+0530] {logging_mixin.py:188} INFO - [2024-08-04T20:52:55.351+0530] {dagbag.py:545} INFO - Filling up the DagBag from /Users/deepanshu/Desktop/etc-spark-airflow/env/lib/python3.12/site-packages/airflow/example_dags/example_time_delta_sensor_async.py
[2024-08-04T20:52:55.356+0530] {processor.py:840} INFO - DAG(s) 'example_time_delta_sensor_async' retrieved from /Users/deepanshu/Desktop/etc-spark-airflow/env/lib/python3.12/site-packages/airflow/example_dags/example_time_delta_sensor_async.py
[2024-08-04T20:52:55.413+0530] {logging_mixin.py:188} INFO - [2024-08-04T20:52:55.413+0530] {dag.py:3089} INFO - Sync 1 DAGs
[2024-08-04T20:52:55.419+0530] {logging_mixin.py:188} INFO - [2024-08-04T20:52:55.419+0530] {dag.py:3947} INFO - Setting next_dagrun for example_time_delta_sensor_async to None, run_after=None
[2024-08-04T20:52:55.429+0530] {processor.py:183} INFO - Processing /Users/deepanshu/Desktop/etc-spark-airflow/env/lib/python3.12/site-packages/airflow/example_dags/example_time_delta_sensor_async.py took 0.081 seconds
[2024-08-04T20:54:12.342+0530] {processor.py:161} INFO - Started process (PID=64848) to work on /Users/deepanshu/Desktop/etc-spark-airflow/env/lib/python3.12/site-packages/airflow/example_dags/example_time_delta_sensor_async.py
[2024-08-04T20:54:12.343+0530] {processor.py:830} INFO - Processing file /Users/deepanshu/Desktop/etc-spark-airflow/env/lib/python3.12/site-packages/airflow/example_dags/example_time_delta_sensor_async.py for tasks to queue
[2024-08-04T20:54:12.343+0530] {logging_mixin.py:188} INFO - [2024-08-04T20:54:12.343+0530] {dagbag.py:545} INFO - Filling up the DagBag from /Users/deepanshu/Desktop/etc-spark-airflow/env/lib/python3.12/site-packages/airflow/example_dags/example_time_delta_sensor_async.py
[2024-08-04T20:54:12.350+0530] {processor.py:840} INFO - DAG(s) 'example_time_delta_sensor_async' retrieved from /Users/deepanshu/Desktop/etc-spark-airflow/env/lib/python3.12/site-packages/airflow/example_dags/example_time_delta_sensor_async.py
[2024-08-04T20:54:12.410+0530] {logging_mixin.py:188} INFO - [2024-08-04T20:54:12.410+0530] {dag.py:3089} INFO - Sync 1 DAGs
[2024-08-04T20:54:12.416+0530] {logging_mixin.py:188} INFO - [2024-08-04T20:54:12.416+0530] {dag.py:3947} INFO - Setting next_dagrun for example_time_delta_sensor_async to None, run_after=None
[2024-08-04T20:54:12.427+0530] {processor.py:183} INFO - Processing /Users/deepanshu/Desktop/etc-spark-airflow/env/lib/python3.12/site-packages/airflow/example_dags/example_time_delta_sensor_async.py took 0.086 seconds
[2024-08-04T20:55:00.485+0530] {processor.py:161} INFO - Started process (PID=65246) to work on /Users/deepanshu/Desktop/etc-spark-airflow/env/lib/python3.12/site-packages/airflow/example_dags/example_time_delta_sensor_async.py
[2024-08-04T20:55:00.486+0530] {processor.py:830} INFO - Processing file /Users/deepanshu/Desktop/etc-spark-airflow/env/lib/python3.12/site-packages/airflow/example_dags/example_time_delta_sensor_async.py for tasks to queue
[2024-08-04T20:55:00.486+0530] {logging_mixin.py:188} INFO - [2024-08-04T20:55:00.486+0530] {dagbag.py:545} INFO - Filling up the DagBag from /Users/deepanshu/Desktop/etc-spark-airflow/env/lib/python3.12/site-packages/airflow/example_dags/example_time_delta_sensor_async.py
[2024-08-04T20:55:00.491+0530] {processor.py:840} INFO - DAG(s) 'example_time_delta_sensor_async' retrieved from /Users/deepanshu/Desktop/etc-spark-airflow/env/lib/python3.12/site-packages/airflow/example_dags/example_time_delta_sensor_async.py
[2024-08-04T20:55:00.549+0530] {logging_mixin.py:188} INFO - [2024-08-04T20:55:00.549+0530] {dag.py:3089} INFO - Sync 1 DAGs
[2024-08-04T20:55:00.555+0530] {logging_mixin.py:188} INFO - [2024-08-04T20:55:00.555+0530] {dag.py:3947} INFO - Setting next_dagrun for example_time_delta_sensor_async to None, run_after=None
[2024-08-04T20:55:00.565+0530] {processor.py:183} INFO - Processing /Users/deepanshu/Desktop/etc-spark-airflow/env/lib/python3.12/site-packages/airflow/example_dags/example_time_delta_sensor_async.py took 0.082 seconds
[2024-08-04T20:57:27.728+0530] {processor.py:161} INFO - Started process (PID=66381) to work on /Users/deepanshu/Desktop/etc-spark-airflow/env/lib/python3.12/site-packages/airflow/example_dags/example_time_delta_sensor_async.py
[2024-08-04T20:57:27.730+0530] {processor.py:830} INFO - Processing file /Users/deepanshu/Desktop/etc-spark-airflow/env/lib/python3.12/site-packages/airflow/example_dags/example_time_delta_sensor_async.py for tasks to queue
[2024-08-04T20:57:27.730+0530] {logging_mixin.py:188} INFO - [2024-08-04T20:57:27.730+0530] {dagbag.py:545} INFO - Filling up the DagBag from /Users/deepanshu/Desktop/etc-spark-airflow/env/lib/python3.12/site-packages/airflow/example_dags/example_time_delta_sensor_async.py
[2024-08-04T20:57:27.735+0530] {processor.py:840} INFO - DAG(s) 'example_time_delta_sensor_async' retrieved from /Users/deepanshu/Desktop/etc-spark-airflow/env/lib/python3.12/site-packages/airflow/example_dags/example_time_delta_sensor_async.py
[2024-08-04T20:57:27.794+0530] {logging_mixin.py:188} INFO - [2024-08-04T20:57:27.793+0530] {dag.py:3089} INFO - Sync 1 DAGs
[2024-08-04T20:57:27.799+0530] {logging_mixin.py:188} INFO - [2024-08-04T20:57:27.799+0530] {dag.py:3947} INFO - Setting next_dagrun for example_time_delta_sensor_async to None, run_after=None
[2024-08-04T20:57:27.810+0530] {processor.py:183} INFO - Processing /Users/deepanshu/Desktop/etc-spark-airflow/env/lib/python3.12/site-packages/airflow/example_dags/example_time_delta_sensor_async.py took 0.084 seconds
[2024-08-04T20:59:51.042+0530] {processor.py:161} INFO - Started process (PID=67774) to work on /Users/deepanshu/Desktop/etc-spark-airflow/env/lib/python3.12/site-packages/airflow/example_dags/example_time_delta_sensor_async.py
[2024-08-04T20:59:51.043+0530] {processor.py:830} INFO - Processing file /Users/deepanshu/Desktop/etc-spark-airflow/env/lib/python3.12/site-packages/airflow/example_dags/example_time_delta_sensor_async.py for tasks to queue
[2024-08-04T20:59:51.044+0530] {logging_mixin.py:188} INFO - [2024-08-04T20:59:51.044+0530] {dagbag.py:545} INFO - Filling up the DagBag from /Users/deepanshu/Desktop/etc-spark-airflow/env/lib/python3.12/site-packages/airflow/example_dags/example_time_delta_sensor_async.py
[2024-08-04T20:59:51.048+0530] {processor.py:840} INFO - DAG(s) 'example_time_delta_sensor_async' retrieved from /Users/deepanshu/Desktop/etc-spark-airflow/env/lib/python3.12/site-packages/airflow/example_dags/example_time_delta_sensor_async.py
[2024-08-04T20:59:51.106+0530] {logging_mixin.py:188} INFO - [2024-08-04T20:59:51.105+0530] {dag.py:3089} INFO - Sync 1 DAGs
[2024-08-04T20:59:51.111+0530] {logging_mixin.py:188} INFO - [2024-08-04T20:59:51.111+0530] {dag.py:3947} INFO - Setting next_dagrun for example_time_delta_sensor_async to None, run_after=None
[2024-08-04T20:59:51.122+0530] {processor.py:183} INFO - Processing /Users/deepanshu/Desktop/etc-spark-airflow/env/lib/python3.12/site-packages/airflow/example_dags/example_time_delta_sensor_async.py took 0.082 seconds
[2024-08-04T21:01:17.189+0530] {processor.py:161} INFO - Started process (PID=68435) to work on /Users/deepanshu/Desktop/etc-spark-airflow/env/lib/python3.12/site-packages/airflow/example_dags/example_time_delta_sensor_async.py
[2024-08-04T21:01:17.190+0530] {processor.py:830} INFO - Processing file /Users/deepanshu/Desktop/etc-spark-airflow/env/lib/python3.12/site-packages/airflow/example_dags/example_time_delta_sensor_async.py for tasks to queue
[2024-08-04T21:01:17.191+0530] {logging_mixin.py:188} INFO - [2024-08-04T21:01:17.190+0530] {dagbag.py:545} INFO - Filling up the DagBag from /Users/deepanshu/Desktop/etc-spark-airflow/env/lib/python3.12/site-packages/airflow/example_dags/example_time_delta_sensor_async.py
[2024-08-04T21:01:17.195+0530] {processor.py:840} INFO - DAG(s) 'example_time_delta_sensor_async' retrieved from /Users/deepanshu/Desktop/etc-spark-airflow/env/lib/python3.12/site-packages/airflow/example_dags/example_time_delta_sensor_async.py
[2024-08-04T21:01:17.253+0530] {logging_mixin.py:188} INFO - [2024-08-04T21:01:17.253+0530] {dag.py:3089} INFO - Sync 1 DAGs
[2024-08-04T21:01:17.259+0530] {logging_mixin.py:188} INFO - [2024-08-04T21:01:17.259+0530] {dag.py:3947} INFO - Setting next_dagrun for example_time_delta_sensor_async to None, run_after=None
[2024-08-04T21:01:17.270+0530] {processor.py:183} INFO - Processing /Users/deepanshu/Desktop/etc-spark-airflow/env/lib/python3.12/site-packages/airflow/example_dags/example_time_delta_sensor_async.py took 0.082 seconds
[2024-08-04T21:03:21.827+0530] {processor.py:161} INFO - Started process (PID=69312) to work on /Users/deepanshu/Desktop/etc-spark-airflow/env/lib/python3.12/site-packages/airflow/example_dags/example_time_delta_sensor_async.py
[2024-08-04T21:03:21.828+0530] {processor.py:830} INFO - Processing file /Users/deepanshu/Desktop/etc-spark-airflow/env/lib/python3.12/site-packages/airflow/example_dags/example_time_delta_sensor_async.py for tasks to queue
[2024-08-04T21:03:21.829+0530] {logging_mixin.py:188} INFO - [2024-08-04T21:03:21.829+0530] {dagbag.py:545} INFO - Filling up the DagBag from /Users/deepanshu/Desktop/etc-spark-airflow/env/lib/python3.12/site-packages/airflow/example_dags/example_time_delta_sensor_async.py
[2024-08-04T21:03:21.834+0530] {processor.py:840} INFO - DAG(s) 'example_time_delta_sensor_async' retrieved from /Users/deepanshu/Desktop/etc-spark-airflow/env/lib/python3.12/site-packages/airflow/example_dags/example_time_delta_sensor_async.py
[2024-08-04T21:03:21.891+0530] {logging_mixin.py:188} INFO - [2024-08-04T21:03:21.891+0530] {dag.py:3089} INFO - Sync 1 DAGs
[2024-08-04T21:03:21.897+0530] {logging_mixin.py:188} INFO - [2024-08-04T21:03:21.897+0530] {dag.py:3947} INFO - Setting next_dagrun for example_time_delta_sensor_async to None, run_after=None
[2024-08-04T21:03:21.908+0530] {processor.py:183} INFO - Processing /Users/deepanshu/Desktop/etc-spark-airflow/env/lib/python3.12/site-packages/airflow/example_dags/example_time_delta_sensor_async.py took 0.082 seconds
[2024-08-04T21:05:09.803+0530] {processor.py:161} INFO - Started process (PID=70029) to work on /Users/deepanshu/Desktop/etc-spark-airflow/env/lib/python3.12/site-packages/airflow/example_dags/example_time_delta_sensor_async.py
[2024-08-04T21:05:09.805+0530] {processor.py:830} INFO - Processing file /Users/deepanshu/Desktop/etc-spark-airflow/env/lib/python3.12/site-packages/airflow/example_dags/example_time_delta_sensor_async.py for tasks to queue
[2024-08-04T21:05:09.805+0530] {logging_mixin.py:188} INFO - [2024-08-04T21:05:09.805+0530] {dagbag.py:545} INFO - Filling up the DagBag from /Users/deepanshu/Desktop/etc-spark-airflow/env/lib/python3.12/site-packages/airflow/example_dags/example_time_delta_sensor_async.py
[2024-08-04T21:05:09.811+0530] {processor.py:840} INFO - DAG(s) 'example_time_delta_sensor_async' retrieved from /Users/deepanshu/Desktop/etc-spark-airflow/env/lib/python3.12/site-packages/airflow/example_dags/example_time_delta_sensor_async.py
[2024-08-04T21:05:09.871+0530] {logging_mixin.py:188} INFO - [2024-08-04T21:05:09.871+0530] {dag.py:3089} INFO - Sync 1 DAGs
[2024-08-04T21:05:09.877+0530] {logging_mixin.py:188} INFO - [2024-08-04T21:05:09.877+0530] {dag.py:3947} INFO - Setting next_dagrun for example_time_delta_sensor_async to None, run_after=None
[2024-08-04T21:05:09.887+0530] {processor.py:183} INFO - Processing /Users/deepanshu/Desktop/etc-spark-airflow/env/lib/python3.12/site-packages/airflow/example_dags/example_time_delta_sensor_async.py took 0.085 seconds
[2024-08-04T21:05:56.039+0530] {processor.py:161} INFO - Started process (PID=70384) to work on /Users/deepanshu/Desktop/etc-spark-airflow/env/lib/python3.12/site-packages/airflow/example_dags/example_time_delta_sensor_async.py
[2024-08-04T21:05:56.041+0530] {processor.py:830} INFO - Processing file /Users/deepanshu/Desktop/etc-spark-airflow/env/lib/python3.12/site-packages/airflow/example_dags/example_time_delta_sensor_async.py for tasks to queue
[2024-08-04T21:05:56.041+0530] {logging_mixin.py:188} INFO - [2024-08-04T21:05:56.041+0530] {dagbag.py:545} INFO - Filling up the DagBag from /Users/deepanshu/Desktop/etc-spark-airflow/env/lib/python3.12/site-packages/airflow/example_dags/example_time_delta_sensor_async.py
[2024-08-04T21:05:56.046+0530] {processor.py:840} INFO - DAG(s) 'example_time_delta_sensor_async' retrieved from /Users/deepanshu/Desktop/etc-spark-airflow/env/lib/python3.12/site-packages/airflow/example_dags/example_time_delta_sensor_async.py
[2024-08-04T21:05:56.103+0530] {logging_mixin.py:188} INFO - [2024-08-04T21:05:56.103+0530] {dag.py:3089} INFO - Sync 1 DAGs
[2024-08-04T21:05:56.109+0530] {logging_mixin.py:188} INFO - [2024-08-04T21:05:56.109+0530] {dag.py:3947} INFO - Setting next_dagrun for example_time_delta_sensor_async to None, run_after=None
[2024-08-04T21:05:56.119+0530] {processor.py:183} INFO - Processing /Users/deepanshu/Desktop/etc-spark-airflow/env/lib/python3.12/site-packages/airflow/example_dags/example_time_delta_sensor_async.py took 0.082 seconds
[2024-08-04T21:07:38.573+0530] {processor.py:161} INFO - Started process (PID=71088) to work on /Users/deepanshu/Desktop/etc-spark-airflow/env/lib/python3.12/site-packages/airflow/example_dags/example_time_delta_sensor_async.py
[2024-08-04T21:07:38.575+0530] {processor.py:830} INFO - Processing file /Users/deepanshu/Desktop/etc-spark-airflow/env/lib/python3.12/site-packages/airflow/example_dags/example_time_delta_sensor_async.py for tasks to queue
[2024-08-04T21:07:38.575+0530] {logging_mixin.py:188} INFO - [2024-08-04T21:07:38.575+0530] {dagbag.py:545} INFO - Filling up the DagBag from /Users/deepanshu/Desktop/etc-spark-airflow/env/lib/python3.12/site-packages/airflow/example_dags/example_time_delta_sensor_async.py
[2024-08-04T21:07:38.580+0530] {processor.py:840} INFO - DAG(s) 'example_time_delta_sensor_async' retrieved from /Users/deepanshu/Desktop/etc-spark-airflow/env/lib/python3.12/site-packages/airflow/example_dags/example_time_delta_sensor_async.py
[2024-08-04T21:07:38.638+0530] {logging_mixin.py:188} INFO - [2024-08-04T21:07:38.638+0530] {dag.py:3089} INFO - Sync 1 DAGs
[2024-08-04T21:07:38.644+0530] {logging_mixin.py:188} INFO - [2024-08-04T21:07:38.644+0530] {dag.py:3947} INFO - Setting next_dagrun for example_time_delta_sensor_async to None, run_after=None
[2024-08-04T21:07:38.655+0530] {processor.py:183} INFO - Processing /Users/deepanshu/Desktop/etc-spark-airflow/env/lib/python3.12/site-packages/airflow/example_dags/example_time_delta_sensor_async.py took 0.083 seconds
