[2024-08-04T20:34:40.336+0530] {processor.py:161} INFO - Started process (PID=56305) to work on /Users/deepanshu/Desktop/etc-spark-airflow/env/lib/python3.12/site-packages/airflow/example_dags/example_params_ui_tutorial.py
[2024-08-04T20:34:40.337+0530] {processor.py:830} INFO - Processing file /Users/deepanshu/Desktop/etc-spark-airflow/env/lib/python3.12/site-packages/airflow/example_dags/example_params_ui_tutorial.py for tasks to queue
[2024-08-04T20:34:40.338+0530] {logging_mixin.py:188} INFO - [2024-08-04T20:34:40.338+0530] {dagbag.py:545} INFO - Filling up the DagBag from /Users/deepanshu/Desktop/etc-spark-airflow/env/lib/python3.12/site-packages/airflow/example_dags/example_params_ui_tutorial.py
[2024-08-04T20:34:40.366+0530] {processor.py:840} INFO - DAG(s) 'example_params_ui_tutorial' retrieved from /Users/deepanshu/Desktop/etc-spark-airflow/env/lib/python3.12/site-packages/airflow/example_dags/example_params_ui_tutorial.py
[2024-08-04T20:34:40.579+0530] {logging_mixin.py:188} INFO - [2024-08-04T20:34:40.579+0530] {override.py:1858} INFO - Created Permission View: can delete on DAG:example_params_ui_tutorial
[2024-08-04T20:34:40.605+0530] {logging_mixin.py:188} INFO - [2024-08-04T20:34:40.604+0530] {override.py:1858} INFO - Created Permission View: can read on DAG:example_params_ui_tutorial
[2024-08-04T20:34:40.648+0530] {logging_mixin.py:188} INFO - [2024-08-04T20:34:40.647+0530] {override.py:1858} INFO - Created Permission View: can edit on DAG:example_params_ui_tutorial
[2024-08-04T20:34:40.657+0530] {logging_mixin.py:188} INFO - [2024-08-04T20:34:40.649+0530] {dag.py:3089} INFO - Sync 1 DAGs
[2024-08-04T20:34:40.877+0530] {logging_mixin.py:188} INFO - [2024-08-04T20:34:40.875+0530] {dag.py:3111} INFO - Creating ORM DAG for example_params_ui_tutorial
[2024-08-04T20:34:40.879+0530] {logging_mixin.py:188} INFO - [2024-08-04T20:34:40.879+0530] {dag.py:3947} INFO - Setting next_dagrun for example_params_ui_tutorial to None, run_after=None
[2024-08-04T20:34:40.916+0530] {processor.py:183} INFO - Processing /Users/deepanshu/Desktop/etc-spark-airflow/env/lib/python3.12/site-packages/airflow/example_dags/example_params_ui_tutorial.py took 0.581 seconds
[2024-08-04T20:36:45.288+0530] {processor.py:161} INFO - Started process (PID=57204) to work on /Users/deepanshu/Desktop/etc-spark-airflow/env/lib/python3.12/site-packages/airflow/example_dags/example_params_ui_tutorial.py
[2024-08-04T20:36:45.289+0530] {processor.py:830} INFO - Processing file /Users/deepanshu/Desktop/etc-spark-airflow/env/lib/python3.12/site-packages/airflow/example_dags/example_params_ui_tutorial.py for tasks to queue
[2024-08-04T20:36:45.290+0530] {logging_mixin.py:188} INFO - [2024-08-04T20:36:45.289+0530] {dagbag.py:545} INFO - Filling up the DagBag from /Users/deepanshu/Desktop/etc-spark-airflow/env/lib/python3.12/site-packages/airflow/example_dags/example_params_ui_tutorial.py
[2024-08-04T20:36:45.313+0530] {processor.py:840} INFO - DAG(s) 'example_params_ui_tutorial' retrieved from /Users/deepanshu/Desktop/etc-spark-airflow/env/lib/python3.12/site-packages/airflow/example_dags/example_params_ui_tutorial.py
[2024-08-04T20:36:45.378+0530] {logging_mixin.py:188} INFO - [2024-08-04T20:36:45.378+0530] {dag.py:3089} INFO - Sync 1 DAGs
[2024-08-04T20:36:45.383+0530] {logging_mixin.py:188} INFO - [2024-08-04T20:36:45.383+0530] {dag.py:3947} INFO - Setting next_dagrun for example_params_ui_tutorial to None, run_after=None
[2024-08-04T20:36:45.395+0530] {processor.py:183} INFO - Processing /Users/deepanshu/Desktop/etc-spark-airflow/env/lib/python3.12/site-packages/airflow/example_dags/example_params_ui_tutorial.py took 0.109 seconds
[2024-08-04T20:38:15.322+0530] {processor.py:161} INFO - Started process (PID=57928) to work on /Users/deepanshu/Desktop/etc-spark-airflow/env/lib/python3.12/site-packages/airflow/example_dags/example_params_ui_tutorial.py
[2024-08-04T20:38:15.322+0530] {processor.py:830} INFO - Processing file /Users/deepanshu/Desktop/etc-spark-airflow/env/lib/python3.12/site-packages/airflow/example_dags/example_params_ui_tutorial.py for tasks to queue
[2024-08-04T20:38:15.323+0530] {logging_mixin.py:188} INFO - [2024-08-04T20:38:15.323+0530] {dagbag.py:545} INFO - Filling up the DagBag from /Users/deepanshu/Desktop/etc-spark-airflow/env/lib/python3.12/site-packages/airflow/example_dags/example_params_ui_tutorial.py
[2024-08-04T20:38:15.346+0530] {processor.py:840} INFO - DAG(s) 'example_params_ui_tutorial' retrieved from /Users/deepanshu/Desktop/etc-spark-airflow/env/lib/python3.12/site-packages/airflow/example_dags/example_params_ui_tutorial.py
[2024-08-04T20:38:15.411+0530] {logging_mixin.py:188} INFO - [2024-08-04T20:38:15.411+0530] {dag.py:3089} INFO - Sync 1 DAGs
[2024-08-04T20:38:15.416+0530] {logging_mixin.py:188} INFO - [2024-08-04T20:38:15.416+0530] {dag.py:3947} INFO - Setting next_dagrun for example_params_ui_tutorial to None, run_after=None
[2024-08-04T20:38:15.427+0530] {processor.py:183} INFO - Processing /Users/deepanshu/Desktop/etc-spark-airflow/env/lib/python3.12/site-packages/airflow/example_dags/example_params_ui_tutorial.py took 0.107 seconds
[2024-08-04T20:40:12.875+0530] {processor.py:161} INFO - Started process (PID=58815) to work on /Users/deepanshu/Desktop/etc-spark-airflow/env/lib/python3.12/site-packages/airflow/example_dags/example_params_ui_tutorial.py
[2024-08-04T20:40:12.875+0530] {processor.py:830} INFO - Processing file /Users/deepanshu/Desktop/etc-spark-airflow/env/lib/python3.12/site-packages/airflow/example_dags/example_params_ui_tutorial.py for tasks to queue
[2024-08-04T20:40:12.876+0530] {logging_mixin.py:188} INFO - [2024-08-04T20:40:12.876+0530] {dagbag.py:545} INFO - Filling up the DagBag from /Users/deepanshu/Desktop/etc-spark-airflow/env/lib/python3.12/site-packages/airflow/example_dags/example_params_ui_tutorial.py
[2024-08-04T20:40:12.900+0530] {processor.py:840} INFO - DAG(s) 'example_params_ui_tutorial' retrieved from /Users/deepanshu/Desktop/etc-spark-airflow/env/lib/python3.12/site-packages/airflow/example_dags/example_params_ui_tutorial.py
[2024-08-04T20:40:12.971+0530] {logging_mixin.py:188} INFO - [2024-08-04T20:40:12.970+0530] {dag.py:3089} INFO - Sync 1 DAGs
[2024-08-04T20:40:12.976+0530] {logging_mixin.py:188} INFO - [2024-08-04T20:40:12.976+0530] {dag.py:3947} INFO - Setting next_dagrun for example_params_ui_tutorial to None, run_after=None
[2024-08-04T20:40:12.988+0530] {processor.py:183} INFO - Processing /Users/deepanshu/Desktop/etc-spark-airflow/env/lib/python3.12/site-packages/airflow/example_dags/example_params_ui_tutorial.py took 0.115 seconds
[2024-08-04T20:41:44.501+0530] {processor.py:161} INFO - Started process (PID=59510) to work on /Users/deepanshu/Desktop/etc-spark-airflow/env/lib/python3.12/site-packages/airflow/example_dags/example_params_ui_tutorial.py
[2024-08-04T20:41:44.502+0530] {processor.py:830} INFO - Processing file /Users/deepanshu/Desktop/etc-spark-airflow/env/lib/python3.12/site-packages/airflow/example_dags/example_params_ui_tutorial.py for tasks to queue
[2024-08-04T20:41:44.503+0530] {logging_mixin.py:188} INFO - [2024-08-04T20:41:44.503+0530] {dagbag.py:545} INFO - Filling up the DagBag from /Users/deepanshu/Desktop/etc-spark-airflow/env/lib/python3.12/site-packages/airflow/example_dags/example_params_ui_tutorial.py
[2024-08-04T20:41:44.528+0530] {processor.py:840} INFO - DAG(s) 'example_params_ui_tutorial' retrieved from /Users/deepanshu/Desktop/etc-spark-airflow/env/lib/python3.12/site-packages/airflow/example_dags/example_params_ui_tutorial.py
[2024-08-04T20:41:44.600+0530] {logging_mixin.py:188} INFO - [2024-08-04T20:41:44.600+0530] {dag.py:3089} INFO - Sync 1 DAGs
[2024-08-04T20:41:44.606+0530] {logging_mixin.py:188} INFO - [2024-08-04T20:41:44.606+0530] {dag.py:3947} INFO - Setting next_dagrun for example_params_ui_tutorial to None, run_after=None
[2024-08-04T20:41:44.618+0530] {processor.py:183} INFO - Processing /Users/deepanshu/Desktop/etc-spark-airflow/env/lib/python3.12/site-packages/airflow/example_dags/example_params_ui_tutorial.py took 0.119 seconds
[2024-08-04T20:43:36.536+0530] {processor.py:161} INFO - Started process (PID=60320) to work on /Users/deepanshu/Desktop/etc-spark-airflow/env/lib/python3.12/site-packages/airflow/example_dags/example_params_ui_tutorial.py
[2024-08-04T20:43:36.537+0530] {processor.py:830} INFO - Processing file /Users/deepanshu/Desktop/etc-spark-airflow/env/lib/python3.12/site-packages/airflow/example_dags/example_params_ui_tutorial.py for tasks to queue
[2024-08-04T20:43:36.537+0530] {logging_mixin.py:188} INFO - [2024-08-04T20:43:36.537+0530] {dagbag.py:545} INFO - Filling up the DagBag from /Users/deepanshu/Desktop/etc-spark-airflow/env/lib/python3.12/site-packages/airflow/example_dags/example_params_ui_tutorial.py
[2024-08-04T20:43:36.562+0530] {processor.py:840} INFO - DAG(s) 'example_params_ui_tutorial' retrieved from /Users/deepanshu/Desktop/etc-spark-airflow/env/lib/python3.12/site-packages/airflow/example_dags/example_params_ui_tutorial.py
[2024-08-04T20:43:36.629+0530] {logging_mixin.py:188} INFO - [2024-08-04T20:43:36.628+0530] {dag.py:3089} INFO - Sync 1 DAGs
[2024-08-04T20:43:36.634+0530] {logging_mixin.py:188} INFO - [2024-08-04T20:43:36.634+0530] {dag.py:3947} INFO - Setting next_dagrun for example_params_ui_tutorial to None, run_after=None
[2024-08-04T20:43:36.645+0530] {processor.py:183} INFO - Processing /Users/deepanshu/Desktop/etc-spark-airflow/env/lib/python3.12/site-packages/airflow/example_dags/example_params_ui_tutorial.py took 0.111 seconds
[2024-08-04T20:45:31.858+0530] {processor.py:161} INFO - Started process (PID=61163) to work on /Users/deepanshu/Desktop/etc-spark-airflow/env/lib/python3.12/site-packages/airflow/example_dags/example_params_ui_tutorial.py
[2024-08-04T20:45:31.859+0530] {processor.py:830} INFO - Processing file /Users/deepanshu/Desktop/etc-spark-airflow/env/lib/python3.12/site-packages/airflow/example_dags/example_params_ui_tutorial.py for tasks to queue
[2024-08-04T20:45:31.859+0530] {logging_mixin.py:188} INFO - [2024-08-04T20:45:31.859+0530] {dagbag.py:545} INFO - Filling up the DagBag from /Users/deepanshu/Desktop/etc-spark-airflow/env/lib/python3.12/site-packages/airflow/example_dags/example_params_ui_tutorial.py
[2024-08-04T20:45:31.882+0530] {processor.py:840} INFO - DAG(s) 'example_params_ui_tutorial' retrieved from /Users/deepanshu/Desktop/etc-spark-airflow/env/lib/python3.12/site-packages/airflow/example_dags/example_params_ui_tutorial.py
[2024-08-04T20:45:31.946+0530] {logging_mixin.py:188} INFO - [2024-08-04T20:45:31.946+0530] {dag.py:3089} INFO - Sync 1 DAGs
[2024-08-04T20:45:31.951+0530] {logging_mixin.py:188} INFO - [2024-08-04T20:45:31.951+0530] {dag.py:3947} INFO - Setting next_dagrun for example_params_ui_tutorial to None, run_after=None
[2024-08-04T20:45:31.961+0530] {processor.py:183} INFO - Processing /Users/deepanshu/Desktop/etc-spark-airflow/env/lib/python3.12/site-packages/airflow/example_dags/example_params_ui_tutorial.py took 0.106 seconds
[2024-08-04T20:47:28.403+0530] {processor.py:161} INFO - Started process (PID=61972) to work on /Users/deepanshu/Desktop/etc-spark-airflow/env/lib/python3.12/site-packages/airflow/example_dags/example_params_ui_tutorial.py
[2024-08-04T20:47:28.405+0530] {processor.py:830} INFO - Processing file /Users/deepanshu/Desktop/etc-spark-airflow/env/lib/python3.12/site-packages/airflow/example_dags/example_params_ui_tutorial.py for tasks to queue
[2024-08-04T20:47:28.405+0530] {logging_mixin.py:188} INFO - [2024-08-04T20:47:28.405+0530] {dagbag.py:545} INFO - Filling up the DagBag from /Users/deepanshu/Desktop/etc-spark-airflow/env/lib/python3.12/site-packages/airflow/example_dags/example_params_ui_tutorial.py
[2024-08-04T20:47:28.429+0530] {processor.py:840} INFO - DAG(s) 'example_params_ui_tutorial' retrieved from /Users/deepanshu/Desktop/etc-spark-airflow/env/lib/python3.12/site-packages/airflow/example_dags/example_params_ui_tutorial.py
[2024-08-04T20:47:28.492+0530] {logging_mixin.py:188} INFO - [2024-08-04T20:47:28.492+0530] {dag.py:3089} INFO - Sync 1 DAGs
[2024-08-04T20:47:28.497+0530] {logging_mixin.py:188} INFO - [2024-08-04T20:47:28.497+0530] {dag.py:3947} INFO - Setting next_dagrun for example_params_ui_tutorial to None, run_after=None
[2024-08-04T20:47:28.508+0530] {processor.py:183} INFO - Processing /Users/deepanshu/Desktop/etc-spark-airflow/env/lib/python3.12/site-packages/airflow/example_dags/example_params_ui_tutorial.py took 0.106 seconds
[2024-08-04T20:49:57.802+0530] {processor.py:161} INFO - Started process (PID=63002) to work on /Users/deepanshu/Desktop/etc-spark-airflow/env/lib/python3.12/site-packages/airflow/example_dags/example_params_ui_tutorial.py
[2024-08-04T20:49:57.802+0530] {processor.py:830} INFO - Processing file /Users/deepanshu/Desktop/etc-spark-airflow/env/lib/python3.12/site-packages/airflow/example_dags/example_params_ui_tutorial.py for tasks to queue
[2024-08-04T20:49:57.803+0530] {logging_mixin.py:188} INFO - [2024-08-04T20:49:57.803+0530] {dagbag.py:545} INFO - Filling up the DagBag from /Users/deepanshu/Desktop/etc-spark-airflow/env/lib/python3.12/site-packages/airflow/example_dags/example_params_ui_tutorial.py
[2024-08-04T20:49:57.826+0530] {processor.py:840} INFO - DAG(s) 'example_params_ui_tutorial' retrieved from /Users/deepanshu/Desktop/etc-spark-airflow/env/lib/python3.12/site-packages/airflow/example_dags/example_params_ui_tutorial.py
[2024-08-04T20:49:57.890+0530] {logging_mixin.py:188} INFO - [2024-08-04T20:49:57.890+0530] {dag.py:3089} INFO - Sync 1 DAGs
[2024-08-04T20:49:57.895+0530] {logging_mixin.py:188} INFO - [2024-08-04T20:49:57.895+0530] {dag.py:3947} INFO - Setting next_dagrun for example_params_ui_tutorial to None, run_after=None
[2024-08-04T20:49:57.905+0530] {processor.py:183} INFO - Processing /Users/deepanshu/Desktop/etc-spark-airflow/env/lib/python3.12/site-packages/airflow/example_dags/example_params_ui_tutorial.py took 0.105 seconds
[2024-08-04T20:51:31.696+0530] {processor.py:161} INFO - Started process (PID=63690) to work on /Users/deepanshu/Desktop/etc-spark-airflow/env/lib/python3.12/site-packages/airflow/example_dags/example_params_ui_tutorial.py
[2024-08-04T20:51:31.698+0530] {processor.py:830} INFO - Processing file /Users/deepanshu/Desktop/etc-spark-airflow/env/lib/python3.12/site-packages/airflow/example_dags/example_params_ui_tutorial.py for tasks to queue
[2024-08-04T20:51:31.698+0530] {logging_mixin.py:188} INFO - [2024-08-04T20:51:31.698+0530] {dagbag.py:545} INFO - Filling up the DagBag from /Users/deepanshu/Desktop/etc-spark-airflow/env/lib/python3.12/site-packages/airflow/example_dags/example_params_ui_tutorial.py
[2024-08-04T20:51:31.721+0530] {processor.py:840} INFO - DAG(s) 'example_params_ui_tutorial' retrieved from /Users/deepanshu/Desktop/etc-spark-airflow/env/lib/python3.12/site-packages/airflow/example_dags/example_params_ui_tutorial.py
[2024-08-04T20:51:31.786+0530] {logging_mixin.py:188} INFO - [2024-08-04T20:51:31.786+0530] {dag.py:3089} INFO - Sync 1 DAGs
[2024-08-04T20:51:31.792+0530] {logging_mixin.py:188} INFO - [2024-08-04T20:51:31.792+0530] {dag.py:3947} INFO - Setting next_dagrun for example_params_ui_tutorial to None, run_after=None
[2024-08-04T20:51:31.803+0530] {processor.py:183} INFO - Processing /Users/deepanshu/Desktop/etc-spark-airflow/env/lib/python3.12/site-packages/airflow/example_dags/example_params_ui_tutorial.py took 0.108 seconds
[2024-08-04T20:53:25.821+0530] {processor.py:161} INFO - Started process (PID=64483) to work on /Users/deepanshu/Desktop/etc-spark-airflow/env/lib/python3.12/site-packages/airflow/example_dags/example_params_ui_tutorial.py
[2024-08-04T20:53:25.822+0530] {processor.py:830} INFO - Processing file /Users/deepanshu/Desktop/etc-spark-airflow/env/lib/python3.12/site-packages/airflow/example_dags/example_params_ui_tutorial.py for tasks to queue
[2024-08-04T20:53:25.822+0530] {logging_mixin.py:188} INFO - [2024-08-04T20:53:25.822+0530] {dagbag.py:545} INFO - Filling up the DagBag from /Users/deepanshu/Desktop/etc-spark-airflow/env/lib/python3.12/site-packages/airflow/example_dags/example_params_ui_tutorial.py
[2024-08-04T20:53:25.849+0530] {processor.py:840} INFO - DAG(s) 'example_params_ui_tutorial' retrieved from /Users/deepanshu/Desktop/etc-spark-airflow/env/lib/python3.12/site-packages/airflow/example_dags/example_params_ui_tutorial.py
[2024-08-04T20:53:25.919+0530] {logging_mixin.py:188} INFO - [2024-08-04T20:53:25.918+0530] {dag.py:3089} INFO - Sync 1 DAGs
[2024-08-04T20:53:25.924+0530] {logging_mixin.py:188} INFO - [2024-08-04T20:53:25.924+0530] {dag.py:3947} INFO - Setting next_dagrun for example_params_ui_tutorial to None, run_after=None
[2024-08-04T20:53:25.935+0530] {processor.py:183} INFO - Processing /Users/deepanshu/Desktop/etc-spark-airflow/env/lib/python3.12/site-packages/airflow/example_dags/example_params_ui_tutorial.py took 0.116 seconds
[2024-08-04T20:55:30.603+0530] {processor.py:161} INFO - Started process (PID=65450) to work on /Users/deepanshu/Desktop/etc-spark-airflow/env/lib/python3.12/site-packages/airflow/example_dags/example_params_ui_tutorial.py
[2024-08-04T20:55:30.604+0530] {processor.py:830} INFO - Processing file /Users/deepanshu/Desktop/etc-spark-airflow/env/lib/python3.12/site-packages/airflow/example_dags/example_params_ui_tutorial.py for tasks to queue
[2024-08-04T20:55:30.605+0530] {logging_mixin.py:188} INFO - [2024-08-04T20:55:30.605+0530] {dagbag.py:545} INFO - Filling up the DagBag from /Users/deepanshu/Desktop/etc-spark-airflow/env/lib/python3.12/site-packages/airflow/example_dags/example_params_ui_tutorial.py
[2024-08-04T20:55:30.629+0530] {processor.py:840} INFO - DAG(s) 'example_params_ui_tutorial' retrieved from /Users/deepanshu/Desktop/etc-spark-airflow/env/lib/python3.12/site-packages/airflow/example_dags/example_params_ui_tutorial.py
[2024-08-04T20:55:30.696+0530] {logging_mixin.py:188} INFO - [2024-08-04T20:55:30.696+0530] {dag.py:3089} INFO - Sync 1 DAGs
[2024-08-04T20:55:30.702+0530] {logging_mixin.py:188} INFO - [2024-08-04T20:55:30.702+0530] {dag.py:3947} INFO - Setting next_dagrun for example_params_ui_tutorial to None, run_after=None
[2024-08-04T20:55:30.713+0530] {processor.py:183} INFO - Processing /Users/deepanshu/Desktop/etc-spark-airflow/env/lib/python3.12/site-packages/airflow/example_dags/example_params_ui_tutorial.py took 0.111 seconds
[2024-08-04T21:01:46.982+0530] {processor.py:161} INFO - Started process (PID=68631) to work on /Users/deepanshu/Desktop/etc-spark-airflow/env/lib/python3.12/site-packages/airflow/example_dags/example_params_ui_tutorial.py
[2024-08-04T21:01:46.983+0530] {processor.py:830} INFO - Processing file /Users/deepanshu/Desktop/etc-spark-airflow/env/lib/python3.12/site-packages/airflow/example_dags/example_params_ui_tutorial.py for tasks to queue
[2024-08-04T21:01:46.983+0530] {logging_mixin.py:188} INFO - [2024-08-04T21:01:46.983+0530] {dagbag.py:545} INFO - Filling up the DagBag from /Users/deepanshu/Desktop/etc-spark-airflow/env/lib/python3.12/site-packages/airflow/example_dags/example_params_ui_tutorial.py
[2024-08-04T21:01:47.009+0530] {processor.py:840} INFO - DAG(s) 'example_params_ui_tutorial' retrieved from /Users/deepanshu/Desktop/etc-spark-airflow/env/lib/python3.12/site-packages/airflow/example_dags/example_params_ui_tutorial.py
[2024-08-04T21:01:47.073+0530] {logging_mixin.py:188} INFO - [2024-08-04T21:01:47.073+0530] {dag.py:3089} INFO - Sync 1 DAGs
[2024-08-04T21:01:47.078+0530] {logging_mixin.py:188} INFO - [2024-08-04T21:01:47.078+0530] {dag.py:3947} INFO - Setting next_dagrun for example_params_ui_tutorial to None, run_after=None
[2024-08-04T21:01:47.089+0530] {processor.py:183} INFO - Processing /Users/deepanshu/Desktop/etc-spark-airflow/env/lib/python3.12/site-packages/airflow/example_dags/example_params_ui_tutorial.py took 0.109 seconds
[2024-08-04T21:03:51.995+0530] {processor.py:161} INFO - Started process (PID=69508) to work on /Users/deepanshu/Desktop/etc-spark-airflow/env/lib/python3.12/site-packages/airflow/example_dags/example_params_ui_tutorial.py
[2024-08-04T21:03:51.996+0530] {processor.py:830} INFO - Processing file /Users/deepanshu/Desktop/etc-spark-airflow/env/lib/python3.12/site-packages/airflow/example_dags/example_params_ui_tutorial.py for tasks to queue
[2024-08-04T21:03:51.996+0530] {logging_mixin.py:188} INFO - [2024-08-04T21:03:51.996+0530] {dagbag.py:545} INFO - Filling up the DagBag from /Users/deepanshu/Desktop/etc-spark-airflow/env/lib/python3.12/site-packages/airflow/example_dags/example_params_ui_tutorial.py
[2024-08-04T21:03:52.019+0530] {processor.py:840} INFO - DAG(s) 'example_params_ui_tutorial' retrieved from /Users/deepanshu/Desktop/etc-spark-airflow/env/lib/python3.12/site-packages/airflow/example_dags/example_params_ui_tutorial.py
[2024-08-04T21:03:52.083+0530] {logging_mixin.py:188} INFO - [2024-08-04T21:03:52.083+0530] {dag.py:3089} INFO - Sync 1 DAGs
[2024-08-04T21:03:52.088+0530] {logging_mixin.py:188} INFO - [2024-08-04T21:03:52.088+0530] {dag.py:3947} INFO - Setting next_dagrun for example_params_ui_tutorial to None, run_after=None
[2024-08-04T21:03:52.099+0530] {processor.py:183} INFO - Processing /Users/deepanshu/Desktop/etc-spark-airflow/env/lib/python3.12/site-packages/airflow/example_dags/example_params_ui_tutorial.py took 0.105 seconds
[2024-08-04T21:06:25.202+0530] {processor.py:161} INFO - Started process (PID=70566) to work on /Users/deepanshu/Desktop/etc-spark-airflow/env/lib/python3.12/site-packages/airflow/example_dags/example_params_ui_tutorial.py
[2024-08-04T21:06:25.203+0530] {processor.py:830} INFO - Processing file /Users/deepanshu/Desktop/etc-spark-airflow/env/lib/python3.12/site-packages/airflow/example_dags/example_params_ui_tutorial.py for tasks to queue
[2024-08-04T21:06:25.203+0530] {logging_mixin.py:188} INFO - [2024-08-04T21:06:25.203+0530] {dagbag.py:545} INFO - Filling up the DagBag from /Users/deepanshu/Desktop/etc-spark-airflow/env/lib/python3.12/site-packages/airflow/example_dags/example_params_ui_tutorial.py
[2024-08-04T21:06:25.226+0530] {processor.py:840} INFO - DAG(s) 'example_params_ui_tutorial' retrieved from /Users/deepanshu/Desktop/etc-spark-airflow/env/lib/python3.12/site-packages/airflow/example_dags/example_params_ui_tutorial.py
[2024-08-04T21:06:25.291+0530] {logging_mixin.py:188} INFO - [2024-08-04T21:06:25.291+0530] {dag.py:3089} INFO - Sync 1 DAGs
[2024-08-04T21:06:25.296+0530] {logging_mixin.py:188} INFO - [2024-08-04T21:06:25.296+0530] {dag.py:3947} INFO - Setting next_dagrun for example_params_ui_tutorial to None, run_after=None
[2024-08-04T21:06:25.306+0530] {processor.py:183} INFO - Processing /Users/deepanshu/Desktop/etc-spark-airflow/env/lib/python3.12/site-packages/airflow/example_dags/example_params_ui_tutorial.py took 0.106 seconds
