[2024-08-04T20:33:17.539+0530] {processor.py:161} INFO - Started process (PID=55720) to work on /Users/deepanshu/Desktop/etc-spark-airflow/env/lib/python3.12/site-packages/airflow/example_dags/example_skip_dag.py
[2024-08-04T20:33:17.539+0530] {processor.py:830} INFO - Processing file /Users/deepanshu/Desktop/etc-spark-airflow/env/lib/python3.12/site-packages/airflow/example_dags/example_skip_dag.py for tasks to queue
[2024-08-04T20:33:17.540+0530] {logging_mixin.py:188} INFO - [2024-08-04T20:33:17.540+0530] {dagbag.py:545} INFO - Filling up the DagBag from /Users/deepanshu/Desktop/etc-spark-airflow/env/lib/python3.12/site-packages/airflow/example_dags/example_skip_dag.py
[2024-08-04T20:33:17.545+0530] {processor.py:840} INFO - DAG(s) 'example_skip_dag' retrieved from /Users/deepanshu/Desktop/etc-spark-airflow/env/lib/python3.12/site-packages/airflow/example_dags/example_skip_dag.py
[2024-08-04T20:33:17.655+0530] {logging_mixin.py:188} INFO - [2024-08-04T20:33:17.655+0530] {override.py:1858} INFO - Created Permission View: can read on DAG:example_skip_dag
[2024-08-04T20:33:17.660+0530] {logging_mixin.py:188} INFO - [2024-08-04T20:33:17.660+0530] {override.py:1858} INFO - Created Permission View: can delete on DAG:example_skip_dag
[2024-08-04T20:33:17.663+0530] {logging_mixin.py:188} INFO - [2024-08-04T20:33:17.663+0530] {override.py:1858} INFO - Created Permission View: can edit on DAG:example_skip_dag
[2024-08-04T20:33:17.663+0530] {logging_mixin.py:188} INFO - [2024-08-04T20:33:17.663+0530] {dag.py:3089} INFO - Sync 1 DAGs
[2024-08-04T20:33:17.680+0530] {logging_mixin.py:188} INFO - [2024-08-04T20:33:17.679+0530] {dag.py:3111} INFO - Creating ORM DAG for example_skip_dag
[2024-08-04T20:33:17.702+0530] {logging_mixin.py:188} INFO - [2024-08-04T20:33:17.701+0530] {dag.py:3947} INFO - Setting next_dagrun for example_skip_dag to 2024-08-03 00:00:00+00:00, run_after=2024-08-04 00:00:00+00:00
[2024-08-04T20:33:17.722+0530] {processor.py:183} INFO - Processing /Users/deepanshu/Desktop/etc-spark-airflow/env/lib/python3.12/site-packages/airflow/example_dags/example_skip_dag.py took 0.185 seconds
[2024-08-04T20:34:20.574+0530] {processor.py:161} INFO - Started process (PID=56177) to work on /Users/deepanshu/Desktop/etc-spark-airflow/env/lib/python3.12/site-packages/airflow/example_dags/example_skip_dag.py
[2024-08-04T20:34:20.575+0530] {processor.py:830} INFO - Processing file /Users/deepanshu/Desktop/etc-spark-airflow/env/lib/python3.12/site-packages/airflow/example_dags/example_skip_dag.py for tasks to queue
[2024-08-04T20:34:20.576+0530] {logging_mixin.py:188} INFO - [2024-08-04T20:34:20.576+0530] {dagbag.py:545} INFO - Filling up the DagBag from /Users/deepanshu/Desktop/etc-spark-airflow/env/lib/python3.12/site-packages/airflow/example_dags/example_skip_dag.py
[2024-08-04T20:34:20.580+0530] {processor.py:840} INFO - DAG(s) 'example_skip_dag' retrieved from /Users/deepanshu/Desktop/etc-spark-airflow/env/lib/python3.12/site-packages/airflow/example_dags/example_skip_dag.py
[2024-08-04T20:34:20.633+0530] {logging_mixin.py:188} INFO - [2024-08-04T20:34:20.633+0530] {dag.py:3089} INFO - Sync 1 DAGs
[2024-08-04T20:34:20.643+0530] {logging_mixin.py:188} INFO - [2024-08-04T20:34:20.643+0530] {dag.py:3947} INFO - Setting next_dagrun for example_skip_dag to 2024-08-03 00:00:00+00:00, run_after=2024-08-04 00:00:00+00:00
[2024-08-04T20:34:20.653+0530] {processor.py:183} INFO - Processing /Users/deepanshu/Desktop/etc-spark-airflow/env/lib/python3.12/site-packages/airflow/example_dags/example_skip_dag.py took 0.081 seconds
[2024-08-04T20:36:25.311+0530] {processor.py:161} INFO - Started process (PID=57056) to work on /Users/deepanshu/Desktop/etc-spark-airflow/env/lib/python3.12/site-packages/airflow/example_dags/example_skip_dag.py
[2024-08-04T20:36:25.312+0530] {processor.py:830} INFO - Processing file /Users/deepanshu/Desktop/etc-spark-airflow/env/lib/python3.12/site-packages/airflow/example_dags/example_skip_dag.py for tasks to queue
[2024-08-04T20:36:25.313+0530] {logging_mixin.py:188} INFO - [2024-08-04T20:36:25.313+0530] {dagbag.py:545} INFO - Filling up the DagBag from /Users/deepanshu/Desktop/etc-spark-airflow/env/lib/python3.12/site-packages/airflow/example_dags/example_skip_dag.py
[2024-08-04T20:36:25.319+0530] {processor.py:840} INFO - DAG(s) 'example_skip_dag' retrieved from /Users/deepanshu/Desktop/etc-spark-airflow/env/lib/python3.12/site-packages/airflow/example_dags/example_skip_dag.py
[2024-08-04T20:36:25.373+0530] {logging_mixin.py:188} INFO - [2024-08-04T20:36:25.373+0530] {dag.py:3089} INFO - Sync 1 DAGs
[2024-08-04T20:36:25.383+0530] {logging_mixin.py:188} INFO - [2024-08-04T20:36:25.383+0530] {dag.py:3947} INFO - Setting next_dagrun for example_skip_dag to 2024-08-03 00:00:00+00:00, run_after=2024-08-04 00:00:00+00:00
[2024-08-04T20:36:25.393+0530] {processor.py:183} INFO - Processing /Users/deepanshu/Desktop/etc-spark-airflow/env/lib/python3.12/site-packages/airflow/example_dags/example_skip_dag.py took 0.085 seconds
[2024-08-04T20:37:55.104+0530] {processor.py:161} INFO - Started process (PID=57787) to work on /Users/deepanshu/Desktop/etc-spark-airflow/env/lib/python3.12/site-packages/airflow/example_dags/example_skip_dag.py
[2024-08-04T20:37:55.105+0530] {processor.py:830} INFO - Processing file /Users/deepanshu/Desktop/etc-spark-airflow/env/lib/python3.12/site-packages/airflow/example_dags/example_skip_dag.py for tasks to queue
[2024-08-04T20:37:55.105+0530] {logging_mixin.py:188} INFO - [2024-08-04T20:37:55.105+0530] {dagbag.py:545} INFO - Filling up the DagBag from /Users/deepanshu/Desktop/etc-spark-airflow/env/lib/python3.12/site-packages/airflow/example_dags/example_skip_dag.py
[2024-08-04T20:37:55.110+0530] {processor.py:840} INFO - DAG(s) 'example_skip_dag' retrieved from /Users/deepanshu/Desktop/etc-spark-airflow/env/lib/python3.12/site-packages/airflow/example_dags/example_skip_dag.py
[2024-08-04T20:37:55.164+0530] {logging_mixin.py:188} INFO - [2024-08-04T20:37:55.163+0530] {dag.py:3089} INFO - Sync 1 DAGs
[2024-08-04T20:37:55.174+0530] {logging_mixin.py:188} INFO - [2024-08-04T20:37:55.174+0530] {dag.py:3947} INFO - Setting next_dagrun for example_skip_dag to 2024-08-03 00:00:00+00:00, run_after=2024-08-04 00:00:00+00:00
[2024-08-04T20:37:55.184+0530] {processor.py:183} INFO - Processing /Users/deepanshu/Desktop/etc-spark-airflow/env/lib/python3.12/site-packages/airflow/example_dags/example_skip_dag.py took 0.082 seconds
[2024-08-04T20:39:52.416+0530] {processor.py:161} INFO - Started process (PID=58647) to work on /Users/deepanshu/Desktop/etc-spark-airflow/env/lib/python3.12/site-packages/airflow/example_dags/example_skip_dag.py
[2024-08-04T20:39:52.417+0530] {processor.py:830} INFO - Processing file /Users/deepanshu/Desktop/etc-spark-airflow/env/lib/python3.12/site-packages/airflow/example_dags/example_skip_dag.py for tasks to queue
[2024-08-04T20:39:52.417+0530] {logging_mixin.py:188} INFO - [2024-08-04T20:39:52.417+0530] {dagbag.py:545} INFO - Filling up the DagBag from /Users/deepanshu/Desktop/etc-spark-airflow/env/lib/python3.12/site-packages/airflow/example_dags/example_skip_dag.py
[2024-08-04T20:39:52.424+0530] {processor.py:840} INFO - DAG(s) 'example_skip_dag' retrieved from /Users/deepanshu/Desktop/etc-spark-airflow/env/lib/python3.12/site-packages/airflow/example_dags/example_skip_dag.py
[2024-08-04T20:39:52.590+0530] {logging_mixin.py:188} INFO - [2024-08-04T20:39:52.590+0530] {dag.py:3089} INFO - Sync 1 DAGs
[2024-08-04T20:39:52.603+0530] {logging_mixin.py:188} INFO - [2024-08-04T20:39:52.603+0530] {dag.py:3947} INFO - Setting next_dagrun for example_skip_dag to 2024-08-03 00:00:00+00:00, run_after=2024-08-04 00:00:00+00:00
[2024-08-04T20:39:52.624+0530] {processor.py:183} INFO - Processing /Users/deepanshu/Desktop/etc-spark-airflow/env/lib/python3.12/site-packages/airflow/example_dags/example_skip_dag.py took 0.211 seconds
[2024-08-04T20:41:24.637+0530] {processor.py:161} INFO - Started process (PID=59361) to work on /Users/deepanshu/Desktop/etc-spark-airflow/env/lib/python3.12/site-packages/airflow/example_dags/example_skip_dag.py
[2024-08-04T20:41:24.638+0530] {processor.py:830} INFO - Processing file /Users/deepanshu/Desktop/etc-spark-airflow/env/lib/python3.12/site-packages/airflow/example_dags/example_skip_dag.py for tasks to queue
[2024-08-04T20:41:24.638+0530] {logging_mixin.py:188} INFO - [2024-08-04T20:41:24.638+0530] {dagbag.py:545} INFO - Filling up the DagBag from /Users/deepanshu/Desktop/etc-spark-airflow/env/lib/python3.12/site-packages/airflow/example_dags/example_skip_dag.py
[2024-08-04T20:41:24.643+0530] {processor.py:840} INFO - DAG(s) 'example_skip_dag' retrieved from /Users/deepanshu/Desktop/etc-spark-airflow/env/lib/python3.12/site-packages/airflow/example_dags/example_skip_dag.py
[2024-08-04T20:41:24.697+0530] {logging_mixin.py:188} INFO - [2024-08-04T20:41:24.696+0530] {dag.py:3089} INFO - Sync 1 DAGs
[2024-08-04T20:41:24.706+0530] {logging_mixin.py:188} INFO - [2024-08-04T20:41:24.706+0530] {dag.py:3947} INFO - Setting next_dagrun for example_skip_dag to 2024-08-03 00:00:00+00:00, run_after=2024-08-04 00:00:00+00:00
[2024-08-04T20:41:24.717+0530] {processor.py:183} INFO - Processing /Users/deepanshu/Desktop/etc-spark-airflow/env/lib/python3.12/site-packages/airflow/example_dags/example_skip_dag.py took 0.082 seconds
[2024-08-04T20:43:16.686+0530] {processor.py:161} INFO - Started process (PID=60186) to work on /Users/deepanshu/Desktop/etc-spark-airflow/env/lib/python3.12/site-packages/airflow/example_dags/example_skip_dag.py
[2024-08-04T20:43:16.687+0530] {processor.py:830} INFO - Processing file /Users/deepanshu/Desktop/etc-spark-airflow/env/lib/python3.12/site-packages/airflow/example_dags/example_skip_dag.py for tasks to queue
[2024-08-04T20:43:16.688+0530] {logging_mixin.py:188} INFO - [2024-08-04T20:43:16.688+0530] {dagbag.py:545} INFO - Filling up the DagBag from /Users/deepanshu/Desktop/etc-spark-airflow/env/lib/python3.12/site-packages/airflow/example_dags/example_skip_dag.py
[2024-08-04T20:43:16.692+0530] {processor.py:840} INFO - DAG(s) 'example_skip_dag' retrieved from /Users/deepanshu/Desktop/etc-spark-airflow/env/lib/python3.12/site-packages/airflow/example_dags/example_skip_dag.py
[2024-08-04T20:43:16.747+0530] {logging_mixin.py:188} INFO - [2024-08-04T20:43:16.747+0530] {dag.py:3089} INFO - Sync 1 DAGs
[2024-08-04T20:43:16.757+0530] {logging_mixin.py:188} INFO - [2024-08-04T20:43:16.757+0530] {dag.py:3947} INFO - Setting next_dagrun for example_skip_dag to 2024-08-03 00:00:00+00:00, run_after=2024-08-04 00:00:00+00:00
[2024-08-04T20:43:16.768+0530] {processor.py:183} INFO - Processing /Users/deepanshu/Desktop/etc-spark-airflow/env/lib/python3.12/site-packages/airflow/example_dags/example_skip_dag.py took 0.083 seconds
[2024-08-04T20:45:11.070+0530] {processor.py:161} INFO - Started process (PID=61017) to work on /Users/deepanshu/Desktop/etc-spark-airflow/env/lib/python3.12/site-packages/airflow/example_dags/example_skip_dag.py
[2024-08-04T20:45:11.071+0530] {processor.py:830} INFO - Processing file /Users/deepanshu/Desktop/etc-spark-airflow/env/lib/python3.12/site-packages/airflow/example_dags/example_skip_dag.py for tasks to queue
[2024-08-04T20:45:11.071+0530] {logging_mixin.py:188} INFO - [2024-08-04T20:45:11.071+0530] {dagbag.py:545} INFO - Filling up the DagBag from /Users/deepanshu/Desktop/etc-spark-airflow/env/lib/python3.12/site-packages/airflow/example_dags/example_skip_dag.py
[2024-08-04T20:45:11.076+0530] {processor.py:840} INFO - DAG(s) 'example_skip_dag' retrieved from /Users/deepanshu/Desktop/etc-spark-airflow/env/lib/python3.12/site-packages/airflow/example_dags/example_skip_dag.py
[2024-08-04T20:45:11.129+0530] {logging_mixin.py:188} INFO - [2024-08-04T20:45:11.129+0530] {dag.py:3089} INFO - Sync 1 DAGs
[2024-08-04T20:45:11.139+0530] {logging_mixin.py:188} INFO - [2024-08-04T20:45:11.139+0530] {dag.py:3947} INFO - Setting next_dagrun for example_skip_dag to 2024-08-03 00:00:00+00:00, run_after=2024-08-04 00:00:00+00:00
[2024-08-04T20:45:11.150+0530] {processor.py:183} INFO - Processing /Users/deepanshu/Desktop/etc-spark-airflow/env/lib/python3.12/site-packages/airflow/example_dags/example_skip_dag.py took 0.082 seconds
[2024-08-04T20:47:07.660+0530] {processor.py:161} INFO - Started process (PID=61841) to work on /Users/deepanshu/Desktop/etc-spark-airflow/env/lib/python3.12/site-packages/airflow/example_dags/example_skip_dag.py
[2024-08-04T20:47:07.662+0530] {processor.py:830} INFO - Processing file /Users/deepanshu/Desktop/etc-spark-airflow/env/lib/python3.12/site-packages/airflow/example_dags/example_skip_dag.py for tasks to queue
[2024-08-04T20:47:07.663+0530] {logging_mixin.py:188} INFO - [2024-08-04T20:47:07.662+0530] {dagbag.py:545} INFO - Filling up the DagBag from /Users/deepanshu/Desktop/etc-spark-airflow/env/lib/python3.12/site-packages/airflow/example_dags/example_skip_dag.py
[2024-08-04T20:47:07.667+0530] {processor.py:840} INFO - DAG(s) 'example_skip_dag' retrieved from /Users/deepanshu/Desktop/etc-spark-airflow/env/lib/python3.12/site-packages/airflow/example_dags/example_skip_dag.py
[2024-08-04T20:47:07.720+0530] {logging_mixin.py:188} INFO - [2024-08-04T20:47:07.720+0530] {dag.py:3089} INFO - Sync 1 DAGs
[2024-08-04T20:47:07.730+0530] {logging_mixin.py:188} INFO - [2024-08-04T20:47:07.729+0530] {dag.py:3947} INFO - Setting next_dagrun for example_skip_dag to 2024-08-03 00:00:00+00:00, run_after=2024-08-04 00:00:00+00:00
[2024-08-04T20:47:07.740+0530] {processor.py:183} INFO - Processing /Users/deepanshu/Desktop/etc-spark-airflow/env/lib/python3.12/site-packages/airflow/example_dags/example_skip_dag.py took 0.081 seconds
[2024-08-04T20:48:24.047+0530] {processor.py:161} INFO - Started process (PID=62360) to work on /Users/deepanshu/Desktop/etc-spark-airflow/env/lib/python3.12/site-packages/airflow/example_dags/example_skip_dag.py
[2024-08-04T20:48:24.048+0530] {processor.py:830} INFO - Processing file /Users/deepanshu/Desktop/etc-spark-airflow/env/lib/python3.12/site-packages/airflow/example_dags/example_skip_dag.py for tasks to queue
[2024-08-04T20:48:24.049+0530] {logging_mixin.py:188} INFO - [2024-08-04T20:48:24.049+0530] {dagbag.py:545} INFO - Filling up the DagBag from /Users/deepanshu/Desktop/etc-spark-airflow/env/lib/python3.12/site-packages/airflow/example_dags/example_skip_dag.py
[2024-08-04T20:48:24.054+0530] {processor.py:840} INFO - DAG(s) 'example_skip_dag' retrieved from /Users/deepanshu/Desktop/etc-spark-airflow/env/lib/python3.12/site-packages/airflow/example_dags/example_skip_dag.py
[2024-08-04T20:48:24.108+0530] {logging_mixin.py:188} INFO - [2024-08-04T20:48:24.108+0530] {dag.py:3089} INFO - Sync 1 DAGs
[2024-08-04T20:48:24.118+0530] {logging_mixin.py:188} INFO - [2024-08-04T20:48:24.118+0530] {dag.py:3947} INFO - Setting next_dagrun for example_skip_dag to 2024-08-03 00:00:00+00:00, run_after=2024-08-04 00:00:00+00:00
[2024-08-04T20:48:24.129+0530] {processor.py:183} INFO - Processing /Users/deepanshu/Desktop/etc-spark-airflow/env/lib/python3.12/site-packages/airflow/example_dags/example_skip_dag.py took 0.083 seconds
[2024-08-04T20:49:38.155+0530] {processor.py:161} INFO - Started process (PID=62868) to work on /Users/deepanshu/Desktop/etc-spark-airflow/env/lib/python3.12/site-packages/airflow/example_dags/example_skip_dag.py
[2024-08-04T20:49:38.156+0530] {processor.py:830} INFO - Processing file /Users/deepanshu/Desktop/etc-spark-airflow/env/lib/python3.12/site-packages/airflow/example_dags/example_skip_dag.py for tasks to queue
[2024-08-04T20:49:38.157+0530] {logging_mixin.py:188} INFO - [2024-08-04T20:49:38.157+0530] {dagbag.py:545} INFO - Filling up the DagBag from /Users/deepanshu/Desktop/etc-spark-airflow/env/lib/python3.12/site-packages/airflow/example_dags/example_skip_dag.py
[2024-08-04T20:49:38.161+0530] {processor.py:840} INFO - DAG(s) 'example_skip_dag' retrieved from /Users/deepanshu/Desktop/etc-spark-airflow/env/lib/python3.12/site-packages/airflow/example_dags/example_skip_dag.py
[2024-08-04T20:49:38.215+0530] {logging_mixin.py:188} INFO - [2024-08-04T20:49:38.214+0530] {dag.py:3089} INFO - Sync 1 DAGs
[2024-08-04T20:49:38.224+0530] {logging_mixin.py:188} INFO - [2024-08-04T20:49:38.224+0530] {dag.py:3947} INFO - Setting next_dagrun for example_skip_dag to 2024-08-03 00:00:00+00:00, run_after=2024-08-04 00:00:00+00:00
[2024-08-04T20:49:38.234+0530] {processor.py:183} INFO - Processing /Users/deepanshu/Desktop/etc-spark-airflow/env/lib/python3.12/site-packages/airflow/example_dags/example_skip_dag.py took 0.081 seconds
[2024-08-04T20:51:13.178+0530] {processor.py:161} INFO - Started process (PID=63558) to work on /Users/deepanshu/Desktop/etc-spark-airflow/env/lib/python3.12/site-packages/airflow/example_dags/example_skip_dag.py
[2024-08-04T20:51:13.180+0530] {processor.py:830} INFO - Processing file /Users/deepanshu/Desktop/etc-spark-airflow/env/lib/python3.12/site-packages/airflow/example_dags/example_skip_dag.py for tasks to queue
[2024-08-04T20:51:13.180+0530] {logging_mixin.py:188} INFO - [2024-08-04T20:51:13.180+0530] {dagbag.py:545} INFO - Filling up the DagBag from /Users/deepanshu/Desktop/etc-spark-airflow/env/lib/python3.12/site-packages/airflow/example_dags/example_skip_dag.py
[2024-08-04T20:51:13.185+0530] {processor.py:840} INFO - DAG(s) 'example_skip_dag' retrieved from /Users/deepanshu/Desktop/etc-spark-airflow/env/lib/python3.12/site-packages/airflow/example_dags/example_skip_dag.py
[2024-08-04T20:51:13.247+0530] {logging_mixin.py:188} INFO - [2024-08-04T20:51:13.247+0530] {dag.py:3089} INFO - Sync 1 DAGs
[2024-08-04T20:51:13.258+0530] {logging_mixin.py:188} INFO - [2024-08-04T20:51:13.257+0530] {dag.py:3947} INFO - Setting next_dagrun for example_skip_dag to 2024-08-03 00:00:00+00:00, run_after=2024-08-04 00:00:00+00:00
[2024-08-04T20:51:13.268+0530] {processor.py:183} INFO - Processing /Users/deepanshu/Desktop/etc-spark-airflow/env/lib/python3.12/site-packages/airflow/example_dags/example_skip_dag.py took 0.092 seconds
[2024-08-04T20:53:05.085+0530] {processor.py:161} INFO - Started process (PID=64348) to work on /Users/deepanshu/Desktop/etc-spark-airflow/env/lib/python3.12/site-packages/airflow/example_dags/example_skip_dag.py
[2024-08-04T20:53:05.086+0530] {processor.py:830} INFO - Processing file /Users/deepanshu/Desktop/etc-spark-airflow/env/lib/python3.12/site-packages/airflow/example_dags/example_skip_dag.py for tasks to queue
[2024-08-04T20:53:05.086+0530] {logging_mixin.py:188} INFO - [2024-08-04T20:53:05.086+0530] {dagbag.py:545} INFO - Filling up the DagBag from /Users/deepanshu/Desktop/etc-spark-airflow/env/lib/python3.12/site-packages/airflow/example_dags/example_skip_dag.py
[2024-08-04T20:53:05.091+0530] {processor.py:840} INFO - DAG(s) 'example_skip_dag' retrieved from /Users/deepanshu/Desktop/etc-spark-airflow/env/lib/python3.12/site-packages/airflow/example_dags/example_skip_dag.py
[2024-08-04T20:53:05.144+0530] {logging_mixin.py:188} INFO - [2024-08-04T20:53:05.144+0530] {dag.py:3089} INFO - Sync 1 DAGs
[2024-08-04T20:53:05.154+0530] {logging_mixin.py:188} INFO - [2024-08-04T20:53:05.154+0530] {dag.py:3947} INFO - Setting next_dagrun for example_skip_dag to 2024-08-03 00:00:00+00:00, run_after=2024-08-04 00:00:00+00:00
[2024-08-04T20:53:05.164+0530] {processor.py:183} INFO - Processing /Users/deepanshu/Desktop/etc-spark-airflow/env/lib/python3.12/site-packages/airflow/example_dags/example_skip_dag.py took 0.081 seconds
[2024-08-04T20:54:23.096+0530] {processor.py:161} INFO - Started process (PID=64962) to work on /Users/deepanshu/Desktop/etc-spark-airflow/env/lib/python3.12/site-packages/airflow/example_dags/example_skip_dag.py
[2024-08-04T20:54:23.097+0530] {processor.py:830} INFO - Processing file /Users/deepanshu/Desktop/etc-spark-airflow/env/lib/python3.12/site-packages/airflow/example_dags/example_skip_dag.py for tasks to queue
[2024-08-04T20:54:23.097+0530] {logging_mixin.py:188} INFO - [2024-08-04T20:54:23.097+0530] {dagbag.py:545} INFO - Filling up the DagBag from /Users/deepanshu/Desktop/etc-spark-airflow/env/lib/python3.12/site-packages/airflow/example_dags/example_skip_dag.py
[2024-08-04T20:54:23.102+0530] {processor.py:840} INFO - DAG(s) 'example_skip_dag' retrieved from /Users/deepanshu/Desktop/etc-spark-airflow/env/lib/python3.12/site-packages/airflow/example_dags/example_skip_dag.py
[2024-08-04T20:54:23.157+0530] {logging_mixin.py:188} INFO - [2024-08-04T20:54:23.157+0530] {dag.py:3089} INFO - Sync 1 DAGs
[2024-08-04T20:54:23.167+0530] {logging_mixin.py:188} INFO - [2024-08-04T20:54:23.166+0530] {dag.py:3947} INFO - Setting next_dagrun for example_skip_dag to 2024-08-03 00:00:00+00:00, run_after=2024-08-04 00:00:00+00:00
[2024-08-04T20:54:23.178+0530] {processor.py:183} INFO - Processing /Users/deepanshu/Desktop/etc-spark-airflow/env/lib/python3.12/site-packages/airflow/example_dags/example_skip_dag.py took 0.083 seconds
[2024-08-04T20:55:10.800+0530] {processor.py:161} INFO - Started process (PID=65310) to work on /Users/deepanshu/Desktop/etc-spark-airflow/env/lib/python3.12/site-packages/airflow/example_dags/example_skip_dag.py
[2024-08-04T20:55:10.802+0530] {processor.py:830} INFO - Processing file /Users/deepanshu/Desktop/etc-spark-airflow/env/lib/python3.12/site-packages/airflow/example_dags/example_skip_dag.py for tasks to queue
[2024-08-04T20:55:10.802+0530] {logging_mixin.py:188} INFO - [2024-08-04T20:55:10.802+0530] {dagbag.py:545} INFO - Filling up the DagBag from /Users/deepanshu/Desktop/etc-spark-airflow/env/lib/python3.12/site-packages/airflow/example_dags/example_skip_dag.py
[2024-08-04T20:55:10.807+0530] {processor.py:840} INFO - DAG(s) 'example_skip_dag' retrieved from /Users/deepanshu/Desktop/etc-spark-airflow/env/lib/python3.12/site-packages/airflow/example_dags/example_skip_dag.py
[2024-08-04T20:55:10.860+0530] {logging_mixin.py:188} INFO - [2024-08-04T20:55:10.860+0530] {dag.py:3089} INFO - Sync 1 DAGs
[2024-08-04T20:55:10.869+0530] {logging_mixin.py:188} INFO - [2024-08-04T20:55:10.869+0530] {dag.py:3947} INFO - Setting next_dagrun for example_skip_dag to 2024-08-03 00:00:00+00:00, run_after=2024-08-04 00:00:00+00:00
[2024-08-04T20:55:10.880+0530] {processor.py:183} INFO - Processing /Users/deepanshu/Desktop/etc-spark-airflow/env/lib/python3.12/site-packages/airflow/example_dags/example_skip_dag.py took 0.081 seconds
[2024-08-04T20:57:38.269+0530] {processor.py:161} INFO - Started process (PID=66452) to work on /Users/deepanshu/Desktop/etc-spark-airflow/env/lib/python3.12/site-packages/airflow/example_dags/example_skip_dag.py
[2024-08-04T20:57:38.269+0530] {processor.py:830} INFO - Processing file /Users/deepanshu/Desktop/etc-spark-airflow/env/lib/python3.12/site-packages/airflow/example_dags/example_skip_dag.py for tasks to queue
[2024-08-04T20:57:38.270+0530] {logging_mixin.py:188} INFO - [2024-08-04T20:57:38.270+0530] {dagbag.py:545} INFO - Filling up the DagBag from /Users/deepanshu/Desktop/etc-spark-airflow/env/lib/python3.12/site-packages/airflow/example_dags/example_skip_dag.py
[2024-08-04T20:57:38.275+0530] {processor.py:840} INFO - DAG(s) 'example_skip_dag' retrieved from /Users/deepanshu/Desktop/etc-spark-airflow/env/lib/python3.12/site-packages/airflow/example_dags/example_skip_dag.py
[2024-08-04T20:57:38.331+0530] {logging_mixin.py:188} INFO - [2024-08-04T20:57:38.331+0530] {dag.py:3089} INFO - Sync 1 DAGs
[2024-08-04T20:57:38.341+0530] {logging_mixin.py:188} INFO - [2024-08-04T20:57:38.341+0530] {dag.py:3947} INFO - Setting next_dagrun for example_skip_dag to 2024-08-03 00:00:00+00:00, run_after=2024-08-04 00:00:00+00:00
[2024-08-04T20:57:38.352+0530] {processor.py:183} INFO - Processing /Users/deepanshu/Desktop/etc-spark-airflow/env/lib/python3.12/site-packages/airflow/example_dags/example_skip_dag.py took 0.086 seconds
[2024-08-04T21:01:26.827+0530] {processor.py:161} INFO - Started process (PID=68497) to work on /Users/deepanshu/Desktop/etc-spark-airflow/env/lib/python3.12/site-packages/airflow/example_dags/example_skip_dag.py
[2024-08-04T21:01:26.829+0530] {processor.py:830} INFO - Processing file /Users/deepanshu/Desktop/etc-spark-airflow/env/lib/python3.12/site-packages/airflow/example_dags/example_skip_dag.py for tasks to queue
[2024-08-04T21:01:26.829+0530] {logging_mixin.py:188} INFO - [2024-08-04T21:01:26.829+0530] {dagbag.py:545} INFO - Filling up the DagBag from /Users/deepanshu/Desktop/etc-spark-airflow/env/lib/python3.12/site-packages/airflow/example_dags/example_skip_dag.py
[2024-08-04T21:01:26.834+0530] {processor.py:840} INFO - DAG(s) 'example_skip_dag' retrieved from /Users/deepanshu/Desktop/etc-spark-airflow/env/lib/python3.12/site-packages/airflow/example_dags/example_skip_dag.py
[2024-08-04T21:01:26.887+0530] {logging_mixin.py:188} INFO - [2024-08-04T21:01:26.887+0530] {dag.py:3089} INFO - Sync 1 DAGs
[2024-08-04T21:01:26.897+0530] {logging_mixin.py:188} INFO - [2024-08-04T21:01:26.897+0530] {dag.py:3947} INFO - Setting next_dagrun for example_skip_dag to 2024-08-03 00:00:00+00:00, run_after=2024-08-04 00:00:00+00:00
[2024-08-04T21:01:26.907+0530] {processor.py:183} INFO - Processing /Users/deepanshu/Desktop/etc-spark-airflow/env/lib/python3.12/site-packages/airflow/example_dags/example_skip_dag.py took 0.082 seconds
[2024-08-04T21:03:32.308+0530] {processor.py:161} INFO - Started process (PID=69376) to work on /Users/deepanshu/Desktop/etc-spark-airflow/env/lib/python3.12/site-packages/airflow/example_dags/example_skip_dag.py
[2024-08-04T21:03:32.309+0530] {processor.py:830} INFO - Processing file /Users/deepanshu/Desktop/etc-spark-airflow/env/lib/python3.12/site-packages/airflow/example_dags/example_skip_dag.py for tasks to queue
[2024-08-04T21:03:32.309+0530] {logging_mixin.py:188} INFO - [2024-08-04T21:03:32.309+0530] {dagbag.py:545} INFO - Filling up the DagBag from /Users/deepanshu/Desktop/etc-spark-airflow/env/lib/python3.12/site-packages/airflow/example_dags/example_skip_dag.py
[2024-08-04T21:03:32.314+0530] {processor.py:840} INFO - DAG(s) 'example_skip_dag' retrieved from /Users/deepanshu/Desktop/etc-spark-airflow/env/lib/python3.12/site-packages/airflow/example_dags/example_skip_dag.py
[2024-08-04T21:03:32.368+0530] {logging_mixin.py:188} INFO - [2024-08-04T21:03:32.368+0530] {dag.py:3089} INFO - Sync 1 DAGs
[2024-08-04T21:03:32.377+0530] {logging_mixin.py:188} INFO - [2024-08-04T21:03:32.377+0530] {dag.py:3947} INFO - Setting next_dagrun for example_skip_dag to 2024-08-03 00:00:00+00:00, run_after=2024-08-04 00:00:00+00:00
[2024-08-04T21:03:32.388+0530] {processor.py:183} INFO - Processing /Users/deepanshu/Desktop/etc-spark-airflow/env/lib/python3.12/site-packages/airflow/example_dags/example_skip_dag.py took 0.082 seconds
[2024-08-04T21:06:06.471+0530] {processor.py:161} INFO - Started process (PID=70448) to work on /Users/deepanshu/Desktop/etc-spark-airflow/env/lib/python3.12/site-packages/airflow/example_dags/example_skip_dag.py
[2024-08-04T21:06:06.472+0530] {processor.py:830} INFO - Processing file /Users/deepanshu/Desktop/etc-spark-airflow/env/lib/python3.12/site-packages/airflow/example_dags/example_skip_dag.py for tasks to queue
[2024-08-04T21:06:06.473+0530] {logging_mixin.py:188} INFO - [2024-08-04T21:06:06.473+0530] {dagbag.py:545} INFO - Filling up the DagBag from /Users/deepanshu/Desktop/etc-spark-airflow/env/lib/python3.12/site-packages/airflow/example_dags/example_skip_dag.py
[2024-08-04T21:06:06.477+0530] {processor.py:840} INFO - DAG(s) 'example_skip_dag' retrieved from /Users/deepanshu/Desktop/etc-spark-airflow/env/lib/python3.12/site-packages/airflow/example_dags/example_skip_dag.py
[2024-08-04T21:06:06.533+0530] {logging_mixin.py:188} INFO - [2024-08-04T21:06:06.532+0530] {dag.py:3089} INFO - Sync 1 DAGs
[2024-08-04T21:06:06.542+0530] {logging_mixin.py:188} INFO - [2024-08-04T21:06:06.542+0530] {dag.py:3947} INFO - Setting next_dagrun for example_skip_dag to 2024-08-03 00:00:00+00:00, run_after=2024-08-04 00:00:00+00:00
[2024-08-04T21:06:06.553+0530] {processor.py:183} INFO - Processing /Users/deepanshu/Desktop/etc-spark-airflow/env/lib/python3.12/site-packages/airflow/example_dags/example_skip_dag.py took 0.083 seconds
