[2024-08-04T20:35:05.784+0530] {processor.py:161} INFO - Started process (PID=56462) to work on /Users/deepanshu/Desktop/etc-spark-airflow/env/lib/python3.12/site-packages/airflow/example_dags/example_dag_decorator.py
[2024-08-04T20:35:05.785+0530] {processor.py:830} INFO - Processing file /Users/deepanshu/Desktop/etc-spark-airflow/env/lib/python3.12/site-packages/airflow/example_dags/example_dag_decorator.py for tasks to queue
[2024-08-04T20:35:05.785+0530] {logging_mixin.py:188} INFO - [2024-08-04T20:35:05.785+0530] {dagbag.py:545} INFO - Filling up the DagBag from /Users/deepanshu/Desktop/etc-spark-airflow/env/lib/python3.12/site-packages/airflow/example_dags/example_dag_decorator.py
[2024-08-04T20:35:05.906+0530] {processor.py:840} INFO - DAG(s) 'example_dag_decorator' retrieved from /Users/deepanshu/Desktop/etc-spark-airflow/env/lib/python3.12/site-packages/airflow/example_dags/example_dag_decorator.py
[2024-08-04T20:35:06.003+0530] {logging_mixin.py:188} INFO - [2024-08-04T20:35:06.003+0530] {override.py:1858} INFO - Created Permission View: can read on DAG:example_dag_decorator
[2024-08-04T20:35:06.008+0530] {logging_mixin.py:188} INFO - [2024-08-04T20:35:06.008+0530] {override.py:1858} INFO - Created Permission View: can delete on DAG:example_dag_decorator
[2024-08-04T20:35:06.011+0530] {logging_mixin.py:188} INFO - [2024-08-04T20:35:06.011+0530] {override.py:1858} INFO - Created Permission View: can edit on DAG:example_dag_decorator
[2024-08-04T20:35:06.011+0530] {logging_mixin.py:188} INFO - [2024-08-04T20:35:06.011+0530] {dag.py:3089} INFO - Sync 1 DAGs
[2024-08-04T20:35:06.054+0530] {logging_mixin.py:188} INFO - [2024-08-04T20:35:06.054+0530] {dag.py:3111} INFO - Creating ORM DAG for example_dag_decorator
[2024-08-04T20:35:06.054+0530] {logging_mixin.py:188} INFO - [2024-08-04T20:35:06.054+0530] {dag.py:3947} INFO - Setting next_dagrun for example_dag_decorator to None, run_after=None
[2024-08-04T20:35:06.066+0530] {processor.py:183} INFO - Processing /Users/deepanshu/Desktop/etc-spark-airflow/env/lib/python3.12/site-packages/airflow/example_dags/example_dag_decorator.py took 0.283 seconds
[2024-08-04T20:38:47.503+0530] {processor.py:161} INFO - Started process (PID=58189) to work on /Users/deepanshu/Desktop/etc-spark-airflow/env/lib/python3.12/site-packages/airflow/example_dags/example_dag_decorator.py
[2024-08-04T20:38:47.504+0530] {processor.py:830} INFO - Processing file /Users/deepanshu/Desktop/etc-spark-airflow/env/lib/python3.12/site-packages/airflow/example_dags/example_dag_decorator.py for tasks to queue
[2024-08-04T20:38:47.504+0530] {logging_mixin.py:188} INFO - [2024-08-04T20:38:47.504+0530] {dagbag.py:545} INFO - Filling up the DagBag from /Users/deepanshu/Desktop/etc-spark-airflow/env/lib/python3.12/site-packages/airflow/example_dags/example_dag_decorator.py
[2024-08-04T20:38:47.617+0530] {processor.py:840} INFO - DAG(s) 'example_dag_decorator' retrieved from /Users/deepanshu/Desktop/etc-spark-airflow/env/lib/python3.12/site-packages/airflow/example_dags/example_dag_decorator.py
[2024-08-04T20:38:47.727+0530] {logging_mixin.py:188} INFO - [2024-08-04T20:38:47.727+0530] {dag.py:3089} INFO - Sync 1 DAGs
[2024-08-04T20:38:47.767+0530] {logging_mixin.py:188} INFO - [2024-08-04T20:38:47.767+0530] {dag.py:3947} INFO - Setting next_dagrun for example_dag_decorator to None, run_after=None
[2024-08-04T20:38:47.778+0530] {processor.py:183} INFO - Processing /Users/deepanshu/Desktop/etc-spark-airflow/env/lib/python3.12/site-packages/airflow/example_dags/example_dag_decorator.py took 0.277 seconds
[2024-08-04T20:42:08.478+0530] {processor.py:161} INFO - Started process (PID=59693) to work on /Users/deepanshu/Desktop/etc-spark-airflow/env/lib/python3.12/site-packages/airflow/example_dags/example_dag_decorator.py
[2024-08-04T20:42:08.479+0530] {processor.py:830} INFO - Processing file /Users/deepanshu/Desktop/etc-spark-airflow/env/lib/python3.12/site-packages/airflow/example_dags/example_dag_decorator.py for tasks to queue
[2024-08-04T20:42:08.479+0530] {logging_mixin.py:188} INFO - [2024-08-04T20:42:08.479+0530] {dagbag.py:545} INFO - Filling up the DagBag from /Users/deepanshu/Desktop/etc-spark-airflow/env/lib/python3.12/site-packages/airflow/example_dags/example_dag_decorator.py
[2024-08-04T20:42:08.604+0530] {processor.py:840} INFO - DAG(s) 'example_dag_decorator' retrieved from /Users/deepanshu/Desktop/etc-spark-airflow/env/lib/python3.12/site-packages/airflow/example_dags/example_dag_decorator.py
[2024-08-04T20:42:08.716+0530] {logging_mixin.py:188} INFO - [2024-08-04T20:42:08.716+0530] {dag.py:3089} INFO - Sync 1 DAGs
[2024-08-04T20:42:08.756+0530] {logging_mixin.py:188} INFO - [2024-08-04T20:42:08.756+0530] {dag.py:3947} INFO - Setting next_dagrun for example_dag_decorator to None, run_after=None
[2024-08-04T20:42:08.768+0530] {processor.py:183} INFO - Processing /Users/deepanshu/Desktop/etc-spark-airflow/env/lib/python3.12/site-packages/airflow/example_dags/example_dag_decorator.py took 0.292 seconds
[2024-08-04T20:45:56.865+0530] {processor.py:161} INFO - Started process (PID=61324) to work on /Users/deepanshu/Desktop/etc-spark-airflow/env/lib/python3.12/site-packages/airflow/example_dags/example_dag_decorator.py
[2024-08-04T20:45:56.866+0530] {processor.py:830} INFO - Processing file /Users/deepanshu/Desktop/etc-spark-airflow/env/lib/python3.12/site-packages/airflow/example_dags/example_dag_decorator.py for tasks to queue
[2024-08-04T20:45:56.866+0530] {logging_mixin.py:188} INFO - [2024-08-04T20:45:56.866+0530] {dagbag.py:545} INFO - Filling up the DagBag from /Users/deepanshu/Desktop/etc-spark-airflow/env/lib/python3.12/site-packages/airflow/example_dags/example_dag_decorator.py
[2024-08-04T20:45:56.989+0530] {processor.py:840} INFO - DAG(s) 'example_dag_decorator' retrieved from /Users/deepanshu/Desktop/etc-spark-airflow/env/lib/python3.12/site-packages/airflow/example_dags/example_dag_decorator.py
[2024-08-04T20:45:57.099+0530] {logging_mixin.py:188} INFO - [2024-08-04T20:45:57.099+0530] {dag.py:3089} INFO - Sync 1 DAGs
[2024-08-04T20:45:57.138+0530] {logging_mixin.py:188} INFO - [2024-08-04T20:45:57.138+0530] {dag.py:3947} INFO - Setting next_dagrun for example_dag_decorator to None, run_after=None
[2024-08-04T20:45:57.149+0530] {processor.py:183} INFO - Processing /Users/deepanshu/Desktop/etc-spark-airflow/env/lib/python3.12/site-packages/airflow/example_dags/example_dag_decorator.py took 0.285 seconds
[2024-08-04T20:48:35.946+0530] {processor.py:161} INFO - Started process (PID=62441) to work on /Users/deepanshu/Desktop/etc-spark-airflow/env/lib/python3.12/site-packages/airflow/example_dags/example_dag_decorator.py
[2024-08-04T20:48:35.948+0530] {processor.py:830} INFO - Processing file /Users/deepanshu/Desktop/etc-spark-airflow/env/lib/python3.12/site-packages/airflow/example_dags/example_dag_decorator.py for tasks to queue
[2024-08-04T20:48:35.948+0530] {logging_mixin.py:188} INFO - [2024-08-04T20:48:35.948+0530] {dagbag.py:545} INFO - Filling up the DagBag from /Users/deepanshu/Desktop/etc-spark-airflow/env/lib/python3.12/site-packages/airflow/example_dags/example_dag_decorator.py
[2024-08-04T20:48:36.070+0530] {processor.py:840} INFO - DAG(s) 'example_dag_decorator' retrieved from /Users/deepanshu/Desktop/etc-spark-airflow/env/lib/python3.12/site-packages/airflow/example_dags/example_dag_decorator.py
[2024-08-04T20:48:36.179+0530] {logging_mixin.py:188} INFO - [2024-08-04T20:48:36.179+0530] {dag.py:3089} INFO - Sync 1 DAGs
[2024-08-04T20:48:36.221+0530] {logging_mixin.py:188} INFO - [2024-08-04T20:48:36.221+0530] {dag.py:3947} INFO - Setting next_dagrun for example_dag_decorator to None, run_after=None
[2024-08-04T20:48:36.232+0530] {processor.py:183} INFO - Processing /Users/deepanshu/Desktop/etc-spark-airflow/env/lib/python3.12/site-packages/airflow/example_dags/example_dag_decorator.py took 0.287 seconds
[2024-08-04T20:51:54.121+0530] {processor.py:161} INFO - Started process (PID=63830) to work on /Users/deepanshu/Desktop/etc-spark-airflow/env/lib/python3.12/site-packages/airflow/example_dags/example_dag_decorator.py
[2024-08-04T20:51:54.122+0530] {processor.py:830} INFO - Processing file /Users/deepanshu/Desktop/etc-spark-airflow/env/lib/python3.12/site-packages/airflow/example_dags/example_dag_decorator.py for tasks to queue
[2024-08-04T20:51:54.123+0530] {logging_mixin.py:188} INFO - [2024-08-04T20:51:54.123+0530] {dagbag.py:545} INFO - Filling up the DagBag from /Users/deepanshu/Desktop/etc-spark-airflow/env/lib/python3.12/site-packages/airflow/example_dags/example_dag_decorator.py
[2024-08-04T20:51:54.247+0530] {processor.py:840} INFO - DAG(s) 'example_dag_decorator' retrieved from /Users/deepanshu/Desktop/etc-spark-airflow/env/lib/python3.12/site-packages/airflow/example_dags/example_dag_decorator.py
[2024-08-04T20:51:54.356+0530] {logging_mixin.py:188} INFO - [2024-08-04T20:51:54.356+0530] {dag.py:3089} INFO - Sync 1 DAGs
[2024-08-04T20:51:54.396+0530] {logging_mixin.py:188} INFO - [2024-08-04T20:51:54.395+0530] {dag.py:3947} INFO - Setting next_dagrun for example_dag_decorator to None, run_after=None
[2024-08-04T20:51:54.407+0530] {processor.py:183} INFO - Processing /Users/deepanshu/Desktop/etc-spark-airflow/env/lib/python3.12/site-packages/airflow/example_dags/example_dag_decorator.py took 0.287 seconds
[2024-08-04T20:55:55.384+0530] {processor.py:161} INFO - Started process (PID=65624) to work on /Users/deepanshu/Desktop/etc-spark-airflow/env/lib/python3.12/site-packages/airflow/example_dags/example_dag_decorator.py
[2024-08-04T20:55:55.385+0530] {processor.py:830} INFO - Processing file /Users/deepanshu/Desktop/etc-spark-airflow/env/lib/python3.12/site-packages/airflow/example_dags/example_dag_decorator.py for tasks to queue
[2024-08-04T20:55:55.385+0530] {logging_mixin.py:188} INFO - [2024-08-04T20:55:55.385+0530] {dagbag.py:545} INFO - Filling up the DagBag from /Users/deepanshu/Desktop/etc-spark-airflow/env/lib/python3.12/site-packages/airflow/example_dags/example_dag_decorator.py
[2024-08-04T20:55:55.502+0530] {processor.py:840} INFO - DAG(s) 'example_dag_decorator' retrieved from /Users/deepanshu/Desktop/etc-spark-airflow/env/lib/python3.12/site-packages/airflow/example_dags/example_dag_decorator.py
[2024-08-04T20:55:55.611+0530] {logging_mixin.py:188} INFO - [2024-08-04T20:55:55.611+0530] {dag.py:3089} INFO - Sync 1 DAGs
[2024-08-04T20:55:55.650+0530] {logging_mixin.py:188} INFO - [2024-08-04T20:55:55.650+0530] {dag.py:3947} INFO - Setting next_dagrun for example_dag_decorator to None, run_after=None
[2024-08-04T20:55:55.661+0530] {processor.py:183} INFO - Processing /Users/deepanshu/Desktop/etc-spark-airflow/env/lib/python3.12/site-packages/airflow/example_dags/example_dag_decorator.py took 0.279 seconds
[2024-08-04T21:02:10.904+0530] {processor.py:161} INFO - Started process (PID=68782) to work on /Users/deepanshu/Desktop/etc-spark-airflow/env/lib/python3.12/site-packages/airflow/example_dags/example_dag_decorator.py
[2024-08-04T21:02:10.905+0530] {processor.py:830} INFO - Processing file /Users/deepanshu/Desktop/etc-spark-airflow/env/lib/python3.12/site-packages/airflow/example_dags/example_dag_decorator.py for tasks to queue
[2024-08-04T21:02:10.905+0530] {logging_mixin.py:188} INFO - [2024-08-04T21:02:10.905+0530] {dagbag.py:545} INFO - Filling up the DagBag from /Users/deepanshu/Desktop/etc-spark-airflow/env/lib/python3.12/site-packages/airflow/example_dags/example_dag_decorator.py
[2024-08-04T21:02:11.022+0530] {processor.py:840} INFO - DAG(s) 'example_dag_decorator' retrieved from /Users/deepanshu/Desktop/etc-spark-airflow/env/lib/python3.12/site-packages/airflow/example_dags/example_dag_decorator.py
[2024-08-04T21:02:11.129+0530] {logging_mixin.py:188} INFO - [2024-08-04T21:02:11.129+0530] {dag.py:3089} INFO - Sync 1 DAGs
[2024-08-04T21:02:11.169+0530] {logging_mixin.py:188} INFO - [2024-08-04T21:02:11.169+0530] {dag.py:3947} INFO - Setting next_dagrun for example_dag_decorator to None, run_after=None
[2024-08-04T21:02:11.180+0530] {processor.py:183} INFO - Processing /Users/deepanshu/Desktop/etc-spark-airflow/env/lib/python3.12/site-packages/airflow/example_dags/example_dag_decorator.py took 0.278 seconds
[2024-08-04T21:04:16.208+0530] {processor.py:161} INFO - Started process (PID=69655) to work on /Users/deepanshu/Desktop/etc-spark-airflow/env/lib/python3.12/site-packages/airflow/example_dags/example_dag_decorator.py
[2024-08-04T21:04:16.209+0530] {processor.py:830} INFO - Processing file /Users/deepanshu/Desktop/etc-spark-airflow/env/lib/python3.12/site-packages/airflow/example_dags/example_dag_decorator.py for tasks to queue
[2024-08-04T21:04:16.209+0530] {logging_mixin.py:188} INFO - [2024-08-04T21:04:16.209+0530] {dagbag.py:545} INFO - Filling up the DagBag from /Users/deepanshu/Desktop/etc-spark-airflow/env/lib/python3.12/site-packages/airflow/example_dags/example_dag_decorator.py
[2024-08-04T21:04:16.335+0530] {processor.py:840} INFO - DAG(s) 'example_dag_decorator' retrieved from /Users/deepanshu/Desktop/etc-spark-airflow/env/lib/python3.12/site-packages/airflow/example_dags/example_dag_decorator.py
[2024-08-04T21:04:16.446+0530] {logging_mixin.py:188} INFO - [2024-08-04T21:04:16.446+0530] {dag.py:3089} INFO - Sync 1 DAGs
[2024-08-04T21:04:16.486+0530] {logging_mixin.py:188} INFO - [2024-08-04T21:04:16.486+0530] {dag.py:3947} INFO - Setting next_dagrun for example_dag_decorator to None, run_after=None
[2024-08-04T21:04:16.497+0530] {processor.py:183} INFO - Processing /Users/deepanshu/Desktop/etc-spark-airflow/env/lib/python3.12/site-packages/airflow/example_dags/example_dag_decorator.py took 0.291 seconds
[2024-08-04T21:06:47.671+0530] {processor.py:161} INFO - Started process (PID=70716) to work on /Users/deepanshu/Desktop/etc-spark-airflow/env/lib/python3.12/site-packages/airflow/example_dags/example_dag_decorator.py
[2024-08-04T21:06:47.673+0530] {processor.py:830} INFO - Processing file /Users/deepanshu/Desktop/etc-spark-airflow/env/lib/python3.12/site-packages/airflow/example_dags/example_dag_decorator.py for tasks to queue
[2024-08-04T21:06:47.673+0530] {logging_mixin.py:188} INFO - [2024-08-04T21:06:47.673+0530] {dagbag.py:545} INFO - Filling up the DagBag from /Users/deepanshu/Desktop/etc-spark-airflow/env/lib/python3.12/site-packages/airflow/example_dags/example_dag_decorator.py
[2024-08-04T21:06:47.795+0530] {processor.py:840} INFO - DAG(s) 'example_dag_decorator' retrieved from /Users/deepanshu/Desktop/etc-spark-airflow/env/lib/python3.12/site-packages/airflow/example_dags/example_dag_decorator.py
[2024-08-04T21:06:47.905+0530] {logging_mixin.py:188} INFO - [2024-08-04T21:06:47.905+0530] {dag.py:3089} INFO - Sync 1 DAGs
[2024-08-04T21:06:47.945+0530] {logging_mixin.py:188} INFO - [2024-08-04T21:06:47.945+0530] {dag.py:3947} INFO - Setting next_dagrun for example_dag_decorator to None, run_after=None
[2024-08-04T21:06:47.957+0530] {processor.py:183} INFO - Processing /Users/deepanshu/Desktop/etc-spark-airflow/env/lib/python3.12/site-packages/airflow/example_dags/example_dag_decorator.py took 0.287 seconds
