[2024-08-04T20:34:55.355+0530] {processor.py:161} INFO - Started process (PID=56396) to work on /Users/deepanshu/Desktop/etc-spark-airflow/env/lib/python3.12/site-packages/airflow/example_dags/example_external_task_marker_dag.py
[2024-08-04T20:34:55.355+0530] {processor.py:830} INFO - Processing file /Users/deepanshu/Desktop/etc-spark-airflow/env/lib/python3.12/site-packages/airflow/example_dags/example_external_task_marker_dag.py for tasks to queue
[2024-08-04T20:34:55.356+0530] {logging_mixin.py:188} INFO - [2024-08-04T20:34:55.356+0530] {dagbag.py:545} INFO - Filling up the DagBag from /Users/deepanshu/Desktop/etc-spark-airflow/env/lib/python3.12/site-packages/airflow/example_dags/example_external_task_marker_dag.py
[2024-08-04T20:34:55.363+0530] {processor.py:840} INFO - DAG(s) 'example_external_task_marker_parent', 'example_external_task_marker_child' retrieved from /Users/deepanshu/Desktop/etc-spark-airflow/env/lib/python3.12/site-packages/airflow/example_dags/example_external_task_marker_dag.py
[2024-08-04T20:34:55.461+0530] {logging_mixin.py:188} INFO - [2024-08-04T20:34:55.460+0530] {override.py:1858} INFO - Created Permission View: can read on DAG:example_external_task_marker_parent
[2024-08-04T20:34:55.465+0530] {logging_mixin.py:188} INFO - [2024-08-04T20:34:55.465+0530] {override.py:1858} INFO - Created Permission View: can delete on DAG:example_external_task_marker_parent
[2024-08-04T20:34:55.468+0530] {logging_mixin.py:188} INFO - [2024-08-04T20:34:55.468+0530] {override.py:1858} INFO - Created Permission View: can edit on DAG:example_external_task_marker_parent
[2024-08-04T20:34:55.481+0530] {logging_mixin.py:188} INFO - [2024-08-04T20:34:55.481+0530] {override.py:1858} INFO - Created Permission View: can read on DAG:example_external_task_marker_child
[2024-08-04T20:34:55.484+0530] {logging_mixin.py:188} INFO - [2024-08-04T20:34:55.483+0530] {override.py:1858} INFO - Created Permission View: can delete on DAG:example_external_task_marker_child
[2024-08-04T20:34:55.486+0530] {logging_mixin.py:188} INFO - [2024-08-04T20:34:55.486+0530] {override.py:1858} INFO - Created Permission View: can edit on DAG:example_external_task_marker_child
[2024-08-04T20:34:55.486+0530] {logging_mixin.py:188} INFO - [2024-08-04T20:34:55.486+0530] {dag.py:3089} INFO - Sync 2 DAGs
[2024-08-04T20:34:55.492+0530] {logging_mixin.py:188} INFO - [2024-08-04T20:34:55.492+0530] {dag.py:3111} INFO - Creating ORM DAG for example_external_task_marker_child
[2024-08-04T20:34:55.492+0530] {logging_mixin.py:188} INFO - [2024-08-04T20:34:55.492+0530] {dag.py:3111} INFO - Creating ORM DAG for example_external_task_marker_parent
[2024-08-04T20:34:55.492+0530] {logging_mixin.py:188} INFO - [2024-08-04T20:34:55.492+0530] {dag.py:3947} INFO - Setting next_dagrun for example_external_task_marker_child to None, run_after=None
[2024-08-04T20:34:55.493+0530] {logging_mixin.py:188} INFO - [2024-08-04T20:34:55.493+0530] {dag.py:3947} INFO - Setting next_dagrun for example_external_task_marker_parent to None, run_after=None
[2024-08-04T20:34:55.502+0530] {processor.py:183} INFO - Processing /Users/deepanshu/Desktop/etc-spark-airflow/env/lib/python3.12/site-packages/airflow/example_dags/example_external_task_marker_dag.py took 0.149 seconds
[2024-08-04T20:38:37.371+0530] {processor.py:161} INFO - Started process (PID=58115) to work on /Users/deepanshu/Desktop/etc-spark-airflow/env/lib/python3.12/site-packages/airflow/example_dags/example_external_task_marker_dag.py
[2024-08-04T20:38:37.372+0530] {processor.py:830} INFO - Processing file /Users/deepanshu/Desktop/etc-spark-airflow/env/lib/python3.12/site-packages/airflow/example_dags/example_external_task_marker_dag.py for tasks to queue
[2024-08-04T20:38:37.372+0530] {logging_mixin.py:188} INFO - [2024-08-04T20:38:37.372+0530] {dagbag.py:545} INFO - Filling up the DagBag from /Users/deepanshu/Desktop/etc-spark-airflow/env/lib/python3.12/site-packages/airflow/example_dags/example_external_task_marker_dag.py
[2024-08-04T20:38:37.380+0530] {processor.py:840} INFO - DAG(s) 'example_external_task_marker_child', 'example_external_task_marker_parent' retrieved from /Users/deepanshu/Desktop/etc-spark-airflow/env/lib/python3.12/site-packages/airflow/example_dags/example_external_task_marker_dag.py
[2024-08-04T20:38:37.437+0530] {logging_mixin.py:188} INFO - [2024-08-04T20:38:37.437+0530] {dag.py:3089} INFO - Sync 2 DAGs
[2024-08-04T20:38:37.442+0530] {logging_mixin.py:188} INFO - [2024-08-04T20:38:37.442+0530] {dag.py:3947} INFO - Setting next_dagrun for example_external_task_marker_child to None, run_after=None
[2024-08-04T20:38:37.444+0530] {logging_mixin.py:188} INFO - [2024-08-04T20:38:37.444+0530] {dag.py:3947} INFO - Setting next_dagrun for example_external_task_marker_parent to None, run_after=None
[2024-08-04T20:38:37.454+0530] {processor.py:183} INFO - Processing /Users/deepanshu/Desktop/etc-spark-airflow/env/lib/python3.12/site-packages/airflow/example_dags/example_external_task_marker_dag.py took 0.084 seconds
[2024-08-04T20:41:58.742+0530] {processor.py:161} INFO - Started process (PID=59616) to work on /Users/deepanshu/Desktop/etc-spark-airflow/env/lib/python3.12/site-packages/airflow/example_dags/example_external_task_marker_dag.py
[2024-08-04T20:41:58.743+0530] {processor.py:830} INFO - Processing file /Users/deepanshu/Desktop/etc-spark-airflow/env/lib/python3.12/site-packages/airflow/example_dags/example_external_task_marker_dag.py for tasks to queue
[2024-08-04T20:41:58.744+0530] {logging_mixin.py:188} INFO - [2024-08-04T20:41:58.744+0530] {dagbag.py:545} INFO - Filling up the DagBag from /Users/deepanshu/Desktop/etc-spark-airflow/env/lib/python3.12/site-packages/airflow/example_dags/example_external_task_marker_dag.py
[2024-08-04T20:41:58.753+0530] {processor.py:840} INFO - DAG(s) 'example_external_task_marker_parent', 'example_external_task_marker_child' retrieved from /Users/deepanshu/Desktop/etc-spark-airflow/env/lib/python3.12/site-packages/airflow/example_dags/example_external_task_marker_dag.py
[2024-08-04T20:41:58.812+0530] {logging_mixin.py:188} INFO - [2024-08-04T20:41:58.812+0530] {dag.py:3089} INFO - Sync 2 DAGs
[2024-08-04T20:41:58.819+0530] {logging_mixin.py:188} INFO - [2024-08-04T20:41:58.819+0530] {dag.py:3947} INFO - Setting next_dagrun for example_external_task_marker_child to None, run_after=None
[2024-08-04T20:41:58.821+0530] {logging_mixin.py:188} INFO - [2024-08-04T20:41:58.821+0530] {dag.py:3947} INFO - Setting next_dagrun for example_external_task_marker_parent to None, run_after=None
[2024-08-04T20:41:58.831+0530] {processor.py:183} INFO - Processing /Users/deepanshu/Desktop/etc-spark-airflow/env/lib/python3.12/site-packages/airflow/example_dags/example_external_task_marker_dag.py took 0.091 seconds
[2024-08-04T20:45:46.647+0530] {processor.py:161} INFO - Started process (PID=61258) to work on /Users/deepanshu/Desktop/etc-spark-airflow/env/lib/python3.12/site-packages/airflow/example_dags/example_external_task_marker_dag.py
[2024-08-04T20:45:46.648+0530] {processor.py:830} INFO - Processing file /Users/deepanshu/Desktop/etc-spark-airflow/env/lib/python3.12/site-packages/airflow/example_dags/example_external_task_marker_dag.py for tasks to queue
[2024-08-04T20:45:46.649+0530] {logging_mixin.py:188} INFO - [2024-08-04T20:45:46.648+0530] {dagbag.py:545} INFO - Filling up the DagBag from /Users/deepanshu/Desktop/etc-spark-airflow/env/lib/python3.12/site-packages/airflow/example_dags/example_external_task_marker_dag.py
[2024-08-04T20:45:46.657+0530] {processor.py:840} INFO - DAG(s) 'example_external_task_marker_parent', 'example_external_task_marker_child' retrieved from /Users/deepanshu/Desktop/etc-spark-airflow/env/lib/python3.12/site-packages/airflow/example_dags/example_external_task_marker_dag.py
[2024-08-04T20:45:46.713+0530] {logging_mixin.py:188} INFO - [2024-08-04T20:45:46.713+0530] {dag.py:3089} INFO - Sync 2 DAGs
[2024-08-04T20:45:46.719+0530] {logging_mixin.py:188} INFO - [2024-08-04T20:45:46.718+0530] {dag.py:3947} INFO - Setting next_dagrun for example_external_task_marker_child to None, run_after=None
[2024-08-04T20:45:46.720+0530] {logging_mixin.py:188} INFO - [2024-08-04T20:45:46.720+0530] {dag.py:3947} INFO - Setting next_dagrun for example_external_task_marker_parent to None, run_after=None
[2024-08-04T20:45:46.729+0530] {processor.py:183} INFO - Processing /Users/deepanshu/Desktop/etc-spark-airflow/env/lib/python3.12/site-packages/airflow/example_dags/example_external_task_marker_dag.py took 0.084 seconds
[2024-08-04T20:48:25.941+0530] {processor.py:161} INFO - Started process (PID=62373) to work on /Users/deepanshu/Desktop/etc-spark-airflow/env/lib/python3.12/site-packages/airflow/example_dags/example_external_task_marker_dag.py
[2024-08-04T20:48:25.942+0530] {processor.py:830} INFO - Processing file /Users/deepanshu/Desktop/etc-spark-airflow/env/lib/python3.12/site-packages/airflow/example_dags/example_external_task_marker_dag.py for tasks to queue
[2024-08-04T20:48:25.942+0530] {logging_mixin.py:188} INFO - [2024-08-04T20:48:25.942+0530] {dagbag.py:545} INFO - Filling up the DagBag from /Users/deepanshu/Desktop/etc-spark-airflow/env/lib/python3.12/site-packages/airflow/example_dags/example_external_task_marker_dag.py
[2024-08-04T20:48:25.951+0530] {processor.py:840} INFO - DAG(s) 'example_external_task_marker_child', 'example_external_task_marker_parent' retrieved from /Users/deepanshu/Desktop/etc-spark-airflow/env/lib/python3.12/site-packages/airflow/example_dags/example_external_task_marker_dag.py
[2024-08-04T20:48:26.015+0530] {logging_mixin.py:188} INFO - [2024-08-04T20:48:26.014+0530] {dag.py:3089} INFO - Sync 2 DAGs
[2024-08-04T20:48:26.021+0530] {logging_mixin.py:188} INFO - [2024-08-04T20:48:26.021+0530] {dag.py:3947} INFO - Setting next_dagrun for example_external_task_marker_child to None, run_after=None
[2024-08-04T20:48:26.023+0530] {logging_mixin.py:188} INFO - [2024-08-04T20:48:26.023+0530] {dag.py:3947} INFO - Setting next_dagrun for example_external_task_marker_parent to None, run_after=None
[2024-08-04T20:48:26.033+0530] {processor.py:183} INFO - Processing /Users/deepanshu/Desktop/etc-spark-airflow/env/lib/python3.12/site-packages/airflow/example_dags/example_external_task_marker_dag.py took 0.094 seconds
[2024-08-04T20:51:44.278+0530] {processor.py:161} INFO - Started process (PID=63768) to work on /Users/deepanshu/Desktop/etc-spark-airflow/env/lib/python3.12/site-packages/airflow/example_dags/example_external_task_marker_dag.py
[2024-08-04T20:51:44.279+0530] {processor.py:830} INFO - Processing file /Users/deepanshu/Desktop/etc-spark-airflow/env/lib/python3.12/site-packages/airflow/example_dags/example_external_task_marker_dag.py for tasks to queue
[2024-08-04T20:51:44.279+0530] {logging_mixin.py:188} INFO - [2024-08-04T20:51:44.279+0530] {dagbag.py:545} INFO - Filling up the DagBag from /Users/deepanshu/Desktop/etc-spark-airflow/env/lib/python3.12/site-packages/airflow/example_dags/example_external_task_marker_dag.py
[2024-08-04T20:51:44.287+0530] {processor.py:840} INFO - DAG(s) 'example_external_task_marker_parent', 'example_external_task_marker_child' retrieved from /Users/deepanshu/Desktop/etc-spark-airflow/env/lib/python3.12/site-packages/airflow/example_dags/example_external_task_marker_dag.py
[2024-08-04T20:51:44.343+0530] {logging_mixin.py:188} INFO - [2024-08-04T20:51:44.343+0530] {dag.py:3089} INFO - Sync 2 DAGs
[2024-08-04T20:51:44.349+0530] {logging_mixin.py:188} INFO - [2024-08-04T20:51:44.349+0530] {dag.py:3947} INFO - Setting next_dagrun for example_external_task_marker_child to None, run_after=None
[2024-08-04T20:51:44.351+0530] {logging_mixin.py:188} INFO - [2024-08-04T20:51:44.351+0530] {dag.py:3947} INFO - Setting next_dagrun for example_external_task_marker_parent to None, run_after=None
[2024-08-04T20:51:44.360+0530] {processor.py:183} INFO - Processing /Users/deepanshu/Desktop/etc-spark-airflow/env/lib/python3.12/site-packages/airflow/example_dags/example_external_task_marker_dag.py took 0.084 seconds
[2024-08-04T20:55:44.821+0530] {processor.py:161} INFO - Started process (PID=65559) to work on /Users/deepanshu/Desktop/etc-spark-airflow/env/lib/python3.12/site-packages/airflow/example_dags/example_external_task_marker_dag.py
[2024-08-04T20:55:44.822+0530] {processor.py:830} INFO - Processing file /Users/deepanshu/Desktop/etc-spark-airflow/env/lib/python3.12/site-packages/airflow/example_dags/example_external_task_marker_dag.py for tasks to queue
[2024-08-04T20:55:44.823+0530] {logging_mixin.py:188} INFO - [2024-08-04T20:55:44.823+0530] {dagbag.py:545} INFO - Filling up the DagBag from /Users/deepanshu/Desktop/etc-spark-airflow/env/lib/python3.12/site-packages/airflow/example_dags/example_external_task_marker_dag.py
[2024-08-04T20:55:44.831+0530] {processor.py:840} INFO - DAG(s) 'example_external_task_marker_child', 'example_external_task_marker_parent' retrieved from /Users/deepanshu/Desktop/etc-spark-airflow/env/lib/python3.12/site-packages/airflow/example_dags/example_external_task_marker_dag.py
[2024-08-04T20:55:44.886+0530] {logging_mixin.py:188} INFO - [2024-08-04T20:55:44.886+0530] {dag.py:3089} INFO - Sync 2 DAGs
[2024-08-04T20:55:44.892+0530] {logging_mixin.py:188} INFO - [2024-08-04T20:55:44.892+0530] {dag.py:3947} INFO - Setting next_dagrun for example_external_task_marker_child to None, run_after=None
[2024-08-04T20:55:44.894+0530] {logging_mixin.py:188} INFO - [2024-08-04T20:55:44.894+0530] {dag.py:3947} INFO - Setting next_dagrun for example_external_task_marker_parent to None, run_after=None
[2024-08-04T20:55:44.903+0530] {processor.py:183} INFO - Processing /Users/deepanshu/Desktop/etc-spark-airflow/env/lib/python3.12/site-packages/airflow/example_dags/example_external_task_marker_dag.py took 0.084 seconds
[2024-08-04T21:02:00.516+0530] {processor.py:161} INFO - Started process (PID=68709) to work on /Users/deepanshu/Desktop/etc-spark-airflow/env/lib/python3.12/site-packages/airflow/example_dags/example_external_task_marker_dag.py
[2024-08-04T21:02:00.517+0530] {processor.py:830} INFO - Processing file /Users/deepanshu/Desktop/etc-spark-airflow/env/lib/python3.12/site-packages/airflow/example_dags/example_external_task_marker_dag.py for tasks to queue
[2024-08-04T21:02:00.517+0530] {logging_mixin.py:188} INFO - [2024-08-04T21:02:00.517+0530] {dagbag.py:545} INFO - Filling up the DagBag from /Users/deepanshu/Desktop/etc-spark-airflow/env/lib/python3.12/site-packages/airflow/example_dags/example_external_task_marker_dag.py
[2024-08-04T21:02:00.525+0530] {processor.py:840} INFO - DAG(s) 'example_external_task_marker_child', 'example_external_task_marker_parent' retrieved from /Users/deepanshu/Desktop/etc-spark-airflow/env/lib/python3.12/site-packages/airflow/example_dags/example_external_task_marker_dag.py
[2024-08-04T21:02:00.581+0530] {logging_mixin.py:188} INFO - [2024-08-04T21:02:00.581+0530] {dag.py:3089} INFO - Sync 2 DAGs
[2024-08-04T21:02:00.587+0530] {logging_mixin.py:188} INFO - [2024-08-04T21:02:00.587+0530] {dag.py:3947} INFO - Setting next_dagrun for example_external_task_marker_child to None, run_after=None
[2024-08-04T21:02:00.588+0530] {logging_mixin.py:188} INFO - [2024-08-04T21:02:00.588+0530] {dag.py:3947} INFO - Setting next_dagrun for example_external_task_marker_parent to None, run_after=None
[2024-08-04T21:02:00.598+0530] {processor.py:183} INFO - Processing /Users/deepanshu/Desktop/etc-spark-airflow/env/lib/python3.12/site-packages/airflow/example_dags/example_external_task_marker_dag.py took 0.083 seconds
[2024-08-04T21:04:06.174+0530] {processor.py:161} INFO - Started process (PID=69589) to work on /Users/deepanshu/Desktop/etc-spark-airflow/env/lib/python3.12/site-packages/airflow/example_dags/example_external_task_marker_dag.py
[2024-08-04T21:04:06.176+0530] {processor.py:830} INFO - Processing file /Users/deepanshu/Desktop/etc-spark-airflow/env/lib/python3.12/site-packages/airflow/example_dags/example_external_task_marker_dag.py for tasks to queue
[2024-08-04T21:04:06.176+0530] {logging_mixin.py:188} INFO - [2024-08-04T21:04:06.176+0530] {dagbag.py:545} INFO - Filling up the DagBag from /Users/deepanshu/Desktop/etc-spark-airflow/env/lib/python3.12/site-packages/airflow/example_dags/example_external_task_marker_dag.py
[2024-08-04T21:04:06.184+0530] {processor.py:840} INFO - DAG(s) 'example_external_task_marker_child', 'example_external_task_marker_parent' retrieved from /Users/deepanshu/Desktop/etc-spark-airflow/env/lib/python3.12/site-packages/airflow/example_dags/example_external_task_marker_dag.py
[2024-08-04T21:04:06.242+0530] {logging_mixin.py:188} INFO - [2024-08-04T21:04:06.241+0530] {dag.py:3089} INFO - Sync 2 DAGs
[2024-08-04T21:04:06.248+0530] {logging_mixin.py:188} INFO - [2024-08-04T21:04:06.247+0530] {dag.py:3947} INFO - Setting next_dagrun for example_external_task_marker_child to None, run_after=None
[2024-08-04T21:04:06.249+0530] {logging_mixin.py:188} INFO - [2024-08-04T21:04:06.249+0530] {dag.py:3947} INFO - Setting next_dagrun for example_external_task_marker_parent to None, run_after=None
[2024-08-04T21:04:06.259+0530] {processor.py:183} INFO - Processing /Users/deepanshu/Desktop/etc-spark-airflow/env/lib/python3.12/site-packages/airflow/example_dags/example_external_task_marker_dag.py took 0.086 seconds
[2024-08-04T21:06:37.523+0530] {processor.py:161} INFO - Started process (PID=70648) to work on /Users/deepanshu/Desktop/etc-spark-airflow/env/lib/python3.12/site-packages/airflow/example_dags/example_external_task_marker_dag.py
[2024-08-04T21:06:37.524+0530] {processor.py:830} INFO - Processing file /Users/deepanshu/Desktop/etc-spark-airflow/env/lib/python3.12/site-packages/airflow/example_dags/example_external_task_marker_dag.py for tasks to queue
[2024-08-04T21:06:37.525+0530] {logging_mixin.py:188} INFO - [2024-08-04T21:06:37.525+0530] {dagbag.py:545} INFO - Filling up the DagBag from /Users/deepanshu/Desktop/etc-spark-airflow/env/lib/python3.12/site-packages/airflow/example_dags/example_external_task_marker_dag.py
[2024-08-04T21:06:37.533+0530] {processor.py:840} INFO - DAG(s) 'example_external_task_marker_parent', 'example_external_task_marker_child' retrieved from /Users/deepanshu/Desktop/etc-spark-airflow/env/lib/python3.12/site-packages/airflow/example_dags/example_external_task_marker_dag.py
[2024-08-04T21:06:37.589+0530] {logging_mixin.py:188} INFO - [2024-08-04T21:06:37.589+0530] {dag.py:3089} INFO - Sync 2 DAGs
[2024-08-04T21:06:37.595+0530] {logging_mixin.py:188} INFO - [2024-08-04T21:06:37.594+0530] {dag.py:3947} INFO - Setting next_dagrun for example_external_task_marker_child to None, run_after=None
[2024-08-04T21:06:37.596+0530] {logging_mixin.py:188} INFO - [2024-08-04T21:06:37.596+0530] {dag.py:3947} INFO - Setting next_dagrun for example_external_task_marker_parent to None, run_after=None
[2024-08-04T21:06:37.607+0530] {processor.py:183} INFO - Processing /Users/deepanshu/Desktop/etc-spark-airflow/env/lib/python3.12/site-packages/airflow/example_dags/example_external_task_marker_dag.py took 0.085 seconds
