[2024-08-04T20:33:13.748+0530] {processor.py:161} INFO - Started process (PID=55687) to work on /Users/deepanshu/Desktop/etc-spark-airflow/env/lib/python3.12/site-packages/airflow/example_dags/example_subdag_operator.py
[2024-08-04T20:33:13.749+0530] {processor.py:830} INFO - Processing file /Users/deepanshu/Desktop/etc-spark-airflow/env/lib/python3.12/site-packages/airflow/example_dags/example_subdag_operator.py for tasks to queue
[2024-08-04T20:33:13.749+0530] {logging_mixin.py:188} INFO - [2024-08-04T20:33:13.749+0530] {dagbag.py:545} INFO - Filling up the DagBag from /Users/deepanshu/Desktop/etc-spark-airflow/env/lib/python3.12/site-packages/airflow/example_dags/example_subdag_operator.py
[2024-08-04T20:33:13.801+0530] {processor.py:840} INFO - DAG(s) 'example_subdag_operator.section-1', 'example_subdag_operator.section-2', 'example_subdag_operator' retrieved from /Users/deepanshu/Desktop/etc-spark-airflow/env/lib/python3.12/site-packages/airflow/example_dags/example_subdag_operator.py
[2024-08-04T20:33:13.872+0530] {logging_mixin.py:188} INFO - [2024-08-04T20:33:13.872+0530] {override.py:1858} INFO - Created Permission View: can delete on DAG:example_subdag_operator
[2024-08-04T20:33:13.877+0530] {logging_mixin.py:188} INFO - [2024-08-04T20:33:13.877+0530] {override.py:1858} INFO - Created Permission View: can edit on DAG:example_subdag_operator
[2024-08-04T20:33:13.880+0530] {logging_mixin.py:188} INFO - [2024-08-04T20:33:13.880+0530] {override.py:1858} INFO - Created Permission View: can read on DAG:example_subdag_operator
[2024-08-04T20:33:13.880+0530] {logging_mixin.py:188} INFO - [2024-08-04T20:33:13.880+0530] {dag.py:3089} INFO - Sync 3 DAGs
[2024-08-04T20:33:13.886+0530] {logging_mixin.py:188} INFO - [2024-08-04T20:33:13.886+0530] {dag.py:3111} INFO - Creating ORM DAG for example_subdag_operator.section-1
[2024-08-04T20:33:13.886+0530] {logging_mixin.py:188} INFO - [2024-08-04T20:33:13.886+0530] {dag.py:3111} INFO - Creating ORM DAG for example_subdag_operator
[2024-08-04T20:33:13.886+0530] {logging_mixin.py:188} INFO - [2024-08-04T20:33:13.886+0530] {dag.py:3111} INFO - Creating ORM DAG for example_subdag_operator.section-2
[2024-08-04T20:33:13.890+0530] {logging_mixin.py:188} INFO - [2024-08-04T20:33:13.890+0530] {dag.py:3947} INFO - Setting next_dagrun for example_subdag_operator to 2022-01-01 00:00:00+00:00, run_after=2022-01-01 00:00:00+00:00
[2024-08-04T20:33:13.891+0530] {logging_mixin.py:188} INFO - [2024-08-04T20:33:13.890+0530] {dag.py:3947} INFO - Setting next_dagrun for example_subdag_operator.section-1 to None, run_after=None
[2024-08-04T20:33:13.891+0530] {logging_mixin.py:188} INFO - [2024-08-04T20:33:13.891+0530] {dag.py:3947} INFO - Setting next_dagrun for example_subdag_operator.section-2 to None, run_after=None
[2024-08-04T20:33:13.894+0530] {logging_mixin.py:188} INFO - [2024-08-04T20:33:13.894+0530] {dag.py:3089} INFO - Sync 2 DAGs
[2024-08-04T20:33:13.896+0530] {logging_mixin.py:188} INFO - [2024-08-04T20:33:13.896+0530] {dag.py:3947} INFO - Setting next_dagrun for example_subdag_operator.section-1 to None, run_after=None
[2024-08-04T20:33:13.897+0530] {logging_mixin.py:188} INFO - [2024-08-04T20:33:13.897+0530] {dag.py:3947} INFO - Setting next_dagrun for example_subdag_operator.section-2 to None, run_after=None
[2024-08-04T20:33:13.905+0530] {processor.py:183} INFO - Processing /Users/deepanshu/Desktop/etc-spark-airflow/env/lib/python3.12/site-packages/airflow/example_dags/example_subdag_operator.py took 0.159 seconds
[2024-08-04T20:34:16.676+0530] {processor.py:161} INFO - Started process (PID=56151) to work on /Users/deepanshu/Desktop/etc-spark-airflow/env/lib/python3.12/site-packages/airflow/example_dags/example_subdag_operator.py
[2024-08-04T20:34:16.677+0530] {processor.py:830} INFO - Processing file /Users/deepanshu/Desktop/etc-spark-airflow/env/lib/python3.12/site-packages/airflow/example_dags/example_subdag_operator.py for tasks to queue
[2024-08-04T20:34:16.677+0530] {logging_mixin.py:188} INFO - [2024-08-04T20:34:16.677+0530] {dagbag.py:545} INFO - Filling up the DagBag from /Users/deepanshu/Desktop/etc-spark-airflow/env/lib/python3.12/site-packages/airflow/example_dags/example_subdag_operator.py
[2024-08-04T20:34:16.727+0530] {processor.py:840} INFO - DAG(s) 'example_subdag_operator.section-1', 'example_subdag_operator.section-2', 'example_subdag_operator' retrieved from /Users/deepanshu/Desktop/etc-spark-airflow/env/lib/python3.12/site-packages/airflow/example_dags/example_subdag_operator.py
[2024-08-04T20:34:16.747+0530] {logging_mixin.py:188} INFO - [2024-08-04T20:34:16.747+0530] {dag.py:3089} INFO - Sync 3 DAGs
[2024-08-04T20:34:16.757+0530] {logging_mixin.py:188} INFO - [2024-08-04T20:34:16.757+0530] {dag.py:3947} INFO - Setting next_dagrun for example_subdag_operator to 2022-01-01 00:00:00+00:00, run_after=2022-01-01 00:00:00+00:00
[2024-08-04T20:34:16.759+0530] {logging_mixin.py:188} INFO - [2024-08-04T20:34:16.758+0530] {dag.py:3947} INFO - Setting next_dagrun for example_subdag_operator.section-1 to None, run_after=None
[2024-08-04T20:34:16.759+0530] {logging_mixin.py:188} INFO - [2024-08-04T20:34:16.759+0530] {dag.py:3947} INFO - Setting next_dagrun for example_subdag_operator.section-2 to None, run_after=None
[2024-08-04T20:34:16.762+0530] {logging_mixin.py:188} INFO - [2024-08-04T20:34:16.762+0530] {dag.py:3089} INFO - Sync 2 DAGs
[2024-08-04T20:34:16.764+0530] {logging_mixin.py:188} INFO - [2024-08-04T20:34:16.764+0530] {dag.py:3947} INFO - Setting next_dagrun for example_subdag_operator.section-1 to None, run_after=None
[2024-08-04T20:34:16.764+0530] {logging_mixin.py:188} INFO - [2024-08-04T20:34:16.764+0530] {dag.py:3947} INFO - Setting next_dagrun for example_subdag_operator.section-2 to None, run_after=None
[2024-08-04T20:34:16.771+0530] {processor.py:183} INFO - Processing /Users/deepanshu/Desktop/etc-spark-airflow/env/lib/python3.12/site-packages/airflow/example_dags/example_subdag_operator.py took 0.096 seconds
[2024-08-04T20:36:20.656+0530] {processor.py:161} INFO - Started process (PID=57032) to work on /Users/deepanshu/Desktop/etc-spark-airflow/env/lib/python3.12/site-packages/airflow/example_dags/example_subdag_operator.py
[2024-08-04T20:36:20.657+0530] {processor.py:830} INFO - Processing file /Users/deepanshu/Desktop/etc-spark-airflow/env/lib/python3.12/site-packages/airflow/example_dags/example_subdag_operator.py for tasks to queue
[2024-08-04T20:36:20.657+0530] {logging_mixin.py:188} INFO - [2024-08-04T20:36:20.657+0530] {dagbag.py:545} INFO - Filling up the DagBag from /Users/deepanshu/Desktop/etc-spark-airflow/env/lib/python3.12/site-packages/airflow/example_dags/example_subdag_operator.py
[2024-08-04T20:36:20.707+0530] {processor.py:840} INFO - DAG(s) 'example_subdag_operator.section-1', 'example_subdag_operator.section-2', 'example_subdag_operator' retrieved from /Users/deepanshu/Desktop/etc-spark-airflow/env/lib/python3.12/site-packages/airflow/example_dags/example_subdag_operator.py
[2024-08-04T20:36:20.728+0530] {logging_mixin.py:188} INFO - [2024-08-04T20:36:20.727+0530] {dag.py:3089} INFO - Sync 3 DAGs
[2024-08-04T20:36:20.738+0530] {logging_mixin.py:188} INFO - [2024-08-04T20:36:20.737+0530] {dag.py:3947} INFO - Setting next_dagrun for example_subdag_operator to 2022-01-01 00:00:00+00:00, run_after=2022-01-01 00:00:00+00:00
[2024-08-04T20:36:20.739+0530] {logging_mixin.py:188} INFO - [2024-08-04T20:36:20.739+0530] {dag.py:3947} INFO - Setting next_dagrun for example_subdag_operator.section-1 to None, run_after=None
[2024-08-04T20:36:20.740+0530] {logging_mixin.py:188} INFO - [2024-08-04T20:36:20.740+0530] {dag.py:3947} INFO - Setting next_dagrun for example_subdag_operator.section-2 to None, run_after=None
[2024-08-04T20:36:20.743+0530] {logging_mixin.py:188} INFO - [2024-08-04T20:36:20.743+0530] {dag.py:3089} INFO - Sync 2 DAGs
[2024-08-04T20:36:20.745+0530] {logging_mixin.py:188} INFO - [2024-08-04T20:36:20.745+0530] {dag.py:3947} INFO - Setting next_dagrun for example_subdag_operator.section-1 to None, run_after=None
[2024-08-04T20:36:20.745+0530] {logging_mixin.py:188} INFO - [2024-08-04T20:36:20.745+0530] {dag.py:3947} INFO - Setting next_dagrun for example_subdag_operator.section-2 to None, run_after=None
[2024-08-04T20:36:20.751+0530] {processor.py:183} INFO - Processing /Users/deepanshu/Desktop/etc-spark-airflow/env/lib/python3.12/site-packages/airflow/example_dags/example_subdag_operator.py took 0.097 seconds
[2024-08-04T20:37:50.835+0530] {processor.py:161} INFO - Started process (PID=57762) to work on /Users/deepanshu/Desktop/etc-spark-airflow/env/lib/python3.12/site-packages/airflow/example_dags/example_subdag_operator.py
[2024-08-04T20:37:50.836+0530] {processor.py:830} INFO - Processing file /Users/deepanshu/Desktop/etc-spark-airflow/env/lib/python3.12/site-packages/airflow/example_dags/example_subdag_operator.py for tasks to queue
[2024-08-04T20:37:50.836+0530] {logging_mixin.py:188} INFO - [2024-08-04T20:37:50.836+0530] {dagbag.py:545} INFO - Filling up the DagBag from /Users/deepanshu/Desktop/etc-spark-airflow/env/lib/python3.12/site-packages/airflow/example_dags/example_subdag_operator.py
[2024-08-04T20:37:50.888+0530] {processor.py:840} INFO - DAG(s) 'example_subdag_operator.section-1', 'example_subdag_operator.section-2', 'example_subdag_operator' retrieved from /Users/deepanshu/Desktop/etc-spark-airflow/env/lib/python3.12/site-packages/airflow/example_dags/example_subdag_operator.py
[2024-08-04T20:37:50.908+0530] {logging_mixin.py:188} INFO - [2024-08-04T20:37:50.908+0530] {dag.py:3089} INFO - Sync 3 DAGs
[2024-08-04T20:37:50.918+0530] {logging_mixin.py:188} INFO - [2024-08-04T20:37:50.918+0530] {dag.py:3947} INFO - Setting next_dagrun for example_subdag_operator to 2022-01-01 00:00:00+00:00, run_after=2022-01-01 00:00:00+00:00
[2024-08-04T20:37:50.920+0530] {logging_mixin.py:188} INFO - [2024-08-04T20:37:50.919+0530] {dag.py:3947} INFO - Setting next_dagrun for example_subdag_operator.section-1 to None, run_after=None
[2024-08-04T20:37:50.920+0530] {logging_mixin.py:188} INFO - [2024-08-04T20:37:50.920+0530] {dag.py:3947} INFO - Setting next_dagrun for example_subdag_operator.section-2 to None, run_after=None
[2024-08-04T20:37:50.923+0530] {logging_mixin.py:188} INFO - [2024-08-04T20:37:50.923+0530] {dag.py:3089} INFO - Sync 2 DAGs
[2024-08-04T20:37:50.925+0530] {logging_mixin.py:188} INFO - [2024-08-04T20:37:50.925+0530] {dag.py:3947} INFO - Setting next_dagrun for example_subdag_operator.section-1 to None, run_after=None
[2024-08-04T20:37:50.925+0530] {logging_mixin.py:188} INFO - [2024-08-04T20:37:50.925+0530] {dag.py:3947} INFO - Setting next_dagrun for example_subdag_operator.section-2 to None, run_after=None
[2024-08-04T20:37:50.932+0530] {processor.py:183} INFO - Processing /Users/deepanshu/Desktop/etc-spark-airflow/env/lib/python3.12/site-packages/airflow/example_dags/example_subdag_operator.py took 0.099 seconds
[2024-08-04T20:39:48.121+0530] {processor.py:161} INFO - Started process (PID=58622) to work on /Users/deepanshu/Desktop/etc-spark-airflow/env/lib/python3.12/site-packages/airflow/example_dags/example_subdag_operator.py
[2024-08-04T20:39:48.123+0530] {processor.py:830} INFO - Processing file /Users/deepanshu/Desktop/etc-spark-airflow/env/lib/python3.12/site-packages/airflow/example_dags/example_subdag_operator.py for tasks to queue
[2024-08-04T20:39:48.123+0530] {logging_mixin.py:188} INFO - [2024-08-04T20:39:48.123+0530] {dagbag.py:545} INFO - Filling up the DagBag from /Users/deepanshu/Desktop/etc-spark-airflow/env/lib/python3.12/site-packages/airflow/example_dags/example_subdag_operator.py
[2024-08-04T20:39:48.177+0530] {processor.py:840} INFO - DAG(s) 'example_subdag_operator.section-1', 'example_subdag_operator.section-2', 'example_subdag_operator' retrieved from /Users/deepanshu/Desktop/etc-spark-airflow/env/lib/python3.12/site-packages/airflow/example_dags/example_subdag_operator.py
[2024-08-04T20:39:48.197+0530] {logging_mixin.py:188} INFO - [2024-08-04T20:39:48.197+0530] {dag.py:3089} INFO - Sync 3 DAGs
[2024-08-04T20:39:48.207+0530] {logging_mixin.py:188} INFO - [2024-08-04T20:39:48.207+0530] {dag.py:3947} INFO - Setting next_dagrun for example_subdag_operator to 2022-01-01 00:00:00+00:00, run_after=2022-01-01 00:00:00+00:00
[2024-08-04T20:39:48.209+0530] {logging_mixin.py:188} INFO - [2024-08-04T20:39:48.208+0530] {dag.py:3947} INFO - Setting next_dagrun for example_subdag_operator.section-1 to None, run_after=None
[2024-08-04T20:39:48.209+0530] {logging_mixin.py:188} INFO - [2024-08-04T20:39:48.209+0530] {dag.py:3947} INFO - Setting next_dagrun for example_subdag_operator.section-2 to None, run_after=None
[2024-08-04T20:39:48.212+0530] {logging_mixin.py:188} INFO - [2024-08-04T20:39:48.212+0530] {dag.py:3089} INFO - Sync 2 DAGs
[2024-08-04T20:39:48.214+0530] {logging_mixin.py:188} INFO - [2024-08-04T20:39:48.214+0530] {dag.py:3947} INFO - Setting next_dagrun for example_subdag_operator.section-1 to None, run_after=None
[2024-08-04T20:39:48.214+0530] {logging_mixin.py:188} INFO - [2024-08-04T20:39:48.214+0530] {dag.py:3947} INFO - Setting next_dagrun for example_subdag_operator.section-2 to None, run_after=None
[2024-08-04T20:39:48.221+0530] {processor.py:183} INFO - Processing /Users/deepanshu/Desktop/etc-spark-airflow/env/lib/python3.12/site-packages/airflow/example_dags/example_subdag_operator.py took 0.101 seconds
[2024-08-04T20:41:20.068+0530] {processor.py:161} INFO - Started process (PID=59334) to work on /Users/deepanshu/Desktop/etc-spark-airflow/env/lib/python3.12/site-packages/airflow/example_dags/example_subdag_operator.py
[2024-08-04T20:41:20.069+0530] {processor.py:830} INFO - Processing file /Users/deepanshu/Desktop/etc-spark-airflow/env/lib/python3.12/site-packages/airflow/example_dags/example_subdag_operator.py for tasks to queue
[2024-08-04T20:41:20.070+0530] {logging_mixin.py:188} INFO - [2024-08-04T20:41:20.070+0530] {dagbag.py:545} INFO - Filling up the DagBag from /Users/deepanshu/Desktop/etc-spark-airflow/env/lib/python3.12/site-packages/airflow/example_dags/example_subdag_operator.py
[2024-08-04T20:41:20.121+0530] {processor.py:840} INFO - DAG(s) 'example_subdag_operator.section-1', 'example_subdag_operator.section-2', 'example_subdag_operator' retrieved from /Users/deepanshu/Desktop/etc-spark-airflow/env/lib/python3.12/site-packages/airflow/example_dags/example_subdag_operator.py
[2024-08-04T20:41:20.141+0530] {logging_mixin.py:188} INFO - [2024-08-04T20:41:20.141+0530] {dag.py:3089} INFO - Sync 3 DAGs
[2024-08-04T20:41:20.151+0530] {logging_mixin.py:188} INFO - [2024-08-04T20:41:20.151+0530] {dag.py:3947} INFO - Setting next_dagrun for example_subdag_operator to 2022-01-01 00:00:00+00:00, run_after=2022-01-01 00:00:00+00:00
[2024-08-04T20:41:20.153+0530] {logging_mixin.py:188} INFO - [2024-08-04T20:41:20.152+0530] {dag.py:3947} INFO - Setting next_dagrun for example_subdag_operator.section-1 to None, run_after=None
[2024-08-04T20:41:20.153+0530] {logging_mixin.py:188} INFO - [2024-08-04T20:41:20.153+0530] {dag.py:3947} INFO - Setting next_dagrun for example_subdag_operator.section-2 to None, run_after=None
[2024-08-04T20:41:20.156+0530] {logging_mixin.py:188} INFO - [2024-08-04T20:41:20.156+0530] {dag.py:3089} INFO - Sync 2 DAGs
[2024-08-04T20:41:20.158+0530] {logging_mixin.py:188} INFO - [2024-08-04T20:41:20.158+0530] {dag.py:3947} INFO - Setting next_dagrun for example_subdag_operator.section-1 to None, run_after=None
[2024-08-04T20:41:20.158+0530] {logging_mixin.py:188} INFO - [2024-08-04T20:41:20.158+0530] {dag.py:3947} INFO - Setting next_dagrun for example_subdag_operator.section-2 to None, run_after=None
[2024-08-04T20:41:20.165+0530] {processor.py:183} INFO - Processing /Users/deepanshu/Desktop/etc-spark-airflow/env/lib/python3.12/site-packages/airflow/example_dags/example_subdag_operator.py took 0.099 seconds
[2024-08-04T20:43:12.901+0530] {processor.py:161} INFO - Started process (PID=60161) to work on /Users/deepanshu/Desktop/etc-spark-airflow/env/lib/python3.12/site-packages/airflow/example_dags/example_subdag_operator.py
[2024-08-04T20:43:12.902+0530] {processor.py:830} INFO - Processing file /Users/deepanshu/Desktop/etc-spark-airflow/env/lib/python3.12/site-packages/airflow/example_dags/example_subdag_operator.py for tasks to queue
[2024-08-04T20:43:12.903+0530] {logging_mixin.py:188} INFO - [2024-08-04T20:43:12.903+0530] {dagbag.py:545} INFO - Filling up the DagBag from /Users/deepanshu/Desktop/etc-spark-airflow/env/lib/python3.12/site-packages/airflow/example_dags/example_subdag_operator.py
[2024-08-04T20:43:12.954+0530] {processor.py:840} INFO - DAG(s) 'example_subdag_operator.section-1', 'example_subdag_operator.section-2', 'example_subdag_operator' retrieved from /Users/deepanshu/Desktop/etc-spark-airflow/env/lib/python3.12/site-packages/airflow/example_dags/example_subdag_operator.py
[2024-08-04T20:43:12.974+0530] {logging_mixin.py:188} INFO - [2024-08-04T20:43:12.974+0530] {dag.py:3089} INFO - Sync 3 DAGs
[2024-08-04T20:43:12.984+0530] {logging_mixin.py:188} INFO - [2024-08-04T20:43:12.984+0530] {dag.py:3947} INFO - Setting next_dagrun for example_subdag_operator to 2022-01-01 00:00:00+00:00, run_after=2022-01-01 00:00:00+00:00
[2024-08-04T20:43:12.986+0530] {logging_mixin.py:188} INFO - [2024-08-04T20:43:12.986+0530] {dag.py:3947} INFO - Setting next_dagrun for example_subdag_operator.section-1 to None, run_after=None
[2024-08-04T20:43:12.986+0530] {logging_mixin.py:188} INFO - [2024-08-04T20:43:12.986+0530] {dag.py:3947} INFO - Setting next_dagrun for example_subdag_operator.section-2 to None, run_after=None
[2024-08-04T20:43:12.989+0530] {logging_mixin.py:188} INFO - [2024-08-04T20:43:12.989+0530] {dag.py:3089} INFO - Sync 2 DAGs
[2024-08-04T20:43:12.991+0530] {logging_mixin.py:188} INFO - [2024-08-04T20:43:12.991+0530] {dag.py:3947} INFO - Setting next_dagrun for example_subdag_operator.section-1 to None, run_after=None
[2024-08-04T20:43:12.991+0530] {logging_mixin.py:188} INFO - [2024-08-04T20:43:12.991+0530] {dag.py:3947} INFO - Setting next_dagrun for example_subdag_operator.section-2 to None, run_after=None
[2024-08-04T20:43:12.999+0530] {processor.py:183} INFO - Processing /Users/deepanshu/Desktop/etc-spark-airflow/env/lib/python3.12/site-packages/airflow/example_dags/example_subdag_operator.py took 0.100 seconds
[2024-08-04T20:45:07.380+0530] {processor.py:161} INFO - Started process (PID=60993) to work on /Users/deepanshu/Desktop/etc-spark-airflow/env/lib/python3.12/site-packages/airflow/example_dags/example_subdag_operator.py
[2024-08-04T20:45:07.380+0530] {processor.py:830} INFO - Processing file /Users/deepanshu/Desktop/etc-spark-airflow/env/lib/python3.12/site-packages/airflow/example_dags/example_subdag_operator.py for tasks to queue
[2024-08-04T20:45:07.381+0530] {logging_mixin.py:188} INFO - [2024-08-04T20:45:07.381+0530] {dagbag.py:545} INFO - Filling up the DagBag from /Users/deepanshu/Desktop/etc-spark-airflow/env/lib/python3.12/site-packages/airflow/example_dags/example_subdag_operator.py
[2024-08-04T20:45:07.432+0530] {processor.py:840} INFO - DAG(s) 'example_subdag_operator.section-1', 'example_subdag_operator.section-2', 'example_subdag_operator' retrieved from /Users/deepanshu/Desktop/etc-spark-airflow/env/lib/python3.12/site-packages/airflow/example_dags/example_subdag_operator.py
[2024-08-04T20:45:07.453+0530] {logging_mixin.py:188} INFO - [2024-08-04T20:45:07.453+0530] {dag.py:3089} INFO - Sync 3 DAGs
[2024-08-04T20:45:07.463+0530] {logging_mixin.py:188} INFO - [2024-08-04T20:45:07.462+0530] {dag.py:3947} INFO - Setting next_dagrun for example_subdag_operator to 2022-01-01 00:00:00+00:00, run_after=2022-01-01 00:00:00+00:00
[2024-08-04T20:45:07.464+0530] {logging_mixin.py:188} INFO - [2024-08-04T20:45:07.464+0530] {dag.py:3947} INFO - Setting next_dagrun for example_subdag_operator.section-1 to None, run_after=None
[2024-08-04T20:45:07.465+0530] {logging_mixin.py:188} INFO - [2024-08-04T20:45:07.465+0530] {dag.py:3947} INFO - Setting next_dagrun for example_subdag_operator.section-2 to None, run_after=None
[2024-08-04T20:45:07.468+0530] {logging_mixin.py:188} INFO - [2024-08-04T20:45:07.468+0530] {dag.py:3089} INFO - Sync 2 DAGs
[2024-08-04T20:45:07.470+0530] {logging_mixin.py:188} INFO - [2024-08-04T20:45:07.470+0530] {dag.py:3947} INFO - Setting next_dagrun for example_subdag_operator.section-1 to None, run_after=None
[2024-08-04T20:45:07.470+0530] {logging_mixin.py:188} INFO - [2024-08-04T20:45:07.470+0530] {dag.py:3947} INFO - Setting next_dagrun for example_subdag_operator.section-2 to None, run_after=None
[2024-08-04T20:45:07.477+0530] {processor.py:183} INFO - Processing /Users/deepanshu/Desktop/etc-spark-airflow/env/lib/python3.12/site-packages/airflow/example_dags/example_subdag_operator.py took 0.099 seconds
[2024-08-04T20:47:03.461+0530] {processor.py:161} INFO - Started process (PID=61815) to work on /Users/deepanshu/Desktop/etc-spark-airflow/env/lib/python3.12/site-packages/airflow/example_dags/example_subdag_operator.py
[2024-08-04T20:47:03.462+0530] {processor.py:830} INFO - Processing file /Users/deepanshu/Desktop/etc-spark-airflow/env/lib/python3.12/site-packages/airflow/example_dags/example_subdag_operator.py for tasks to queue
[2024-08-04T20:47:03.463+0530] {logging_mixin.py:188} INFO - [2024-08-04T20:47:03.463+0530] {dagbag.py:545} INFO - Filling up the DagBag from /Users/deepanshu/Desktop/etc-spark-airflow/env/lib/python3.12/site-packages/airflow/example_dags/example_subdag_operator.py
[2024-08-04T20:47:03.513+0530] {processor.py:840} INFO - DAG(s) 'example_subdag_operator.section-1', 'example_subdag_operator.section-2', 'example_subdag_operator' retrieved from /Users/deepanshu/Desktop/etc-spark-airflow/env/lib/python3.12/site-packages/airflow/example_dags/example_subdag_operator.py
[2024-08-04T20:47:03.533+0530] {logging_mixin.py:188} INFO - [2024-08-04T20:47:03.533+0530] {dag.py:3089} INFO - Sync 3 DAGs
[2024-08-04T20:47:03.543+0530] {logging_mixin.py:188} INFO - [2024-08-04T20:47:03.543+0530] {dag.py:3947} INFO - Setting next_dagrun for example_subdag_operator to 2022-01-01 00:00:00+00:00, run_after=2022-01-01 00:00:00+00:00
[2024-08-04T20:47:03.545+0530] {logging_mixin.py:188} INFO - [2024-08-04T20:47:03.545+0530] {dag.py:3947} INFO - Setting next_dagrun for example_subdag_operator.section-1 to None, run_after=None
[2024-08-04T20:47:03.545+0530] {logging_mixin.py:188} INFO - [2024-08-04T20:47:03.545+0530] {dag.py:3947} INFO - Setting next_dagrun for example_subdag_operator.section-2 to None, run_after=None
[2024-08-04T20:47:03.548+0530] {logging_mixin.py:188} INFO - [2024-08-04T20:47:03.548+0530] {dag.py:3089} INFO - Sync 2 DAGs
[2024-08-04T20:47:03.550+0530] {logging_mixin.py:188} INFO - [2024-08-04T20:47:03.550+0530] {dag.py:3947} INFO - Setting next_dagrun for example_subdag_operator.section-1 to None, run_after=None
[2024-08-04T20:47:03.550+0530] {logging_mixin.py:188} INFO - [2024-08-04T20:47:03.550+0530] {dag.py:3947} INFO - Setting next_dagrun for example_subdag_operator.section-2 to None, run_after=None
[2024-08-04T20:47:03.557+0530] {processor.py:183} INFO - Processing /Users/deepanshu/Desktop/etc-spark-airflow/env/lib/python3.12/site-packages/airflow/example_dags/example_subdag_operator.py took 0.098 seconds
[2024-08-04T20:48:19.839+0530] {processor.py:161} INFO - Started process (PID=62329) to work on /Users/deepanshu/Desktop/etc-spark-airflow/env/lib/python3.12/site-packages/airflow/example_dags/example_subdag_operator.py
[2024-08-04T20:48:19.840+0530] {processor.py:830} INFO - Processing file /Users/deepanshu/Desktop/etc-spark-airflow/env/lib/python3.12/site-packages/airflow/example_dags/example_subdag_operator.py for tasks to queue
[2024-08-04T20:48:19.840+0530] {logging_mixin.py:188} INFO - [2024-08-04T20:48:19.840+0530] {dagbag.py:545} INFO - Filling up the DagBag from /Users/deepanshu/Desktop/etc-spark-airflow/env/lib/python3.12/site-packages/airflow/example_dags/example_subdag_operator.py
[2024-08-04T20:48:19.892+0530] {processor.py:840} INFO - DAG(s) 'example_subdag_operator.section-1', 'example_subdag_operator.section-2', 'example_subdag_operator' retrieved from /Users/deepanshu/Desktop/etc-spark-airflow/env/lib/python3.12/site-packages/airflow/example_dags/example_subdag_operator.py
[2024-08-04T20:48:19.912+0530] {logging_mixin.py:188} INFO - [2024-08-04T20:48:19.912+0530] {dag.py:3089} INFO - Sync 3 DAGs
[2024-08-04T20:48:19.922+0530] {logging_mixin.py:188} INFO - [2024-08-04T20:48:19.922+0530] {dag.py:3947} INFO - Setting next_dagrun for example_subdag_operator to 2022-01-01 00:00:00+00:00, run_after=2022-01-01 00:00:00+00:00
[2024-08-04T20:48:19.923+0530] {logging_mixin.py:188} INFO - [2024-08-04T20:48:19.923+0530] {dag.py:3947} INFO - Setting next_dagrun for example_subdag_operator.section-1 to None, run_after=None
[2024-08-04T20:48:19.924+0530] {logging_mixin.py:188} INFO - [2024-08-04T20:48:19.924+0530] {dag.py:3947} INFO - Setting next_dagrun for example_subdag_operator.section-2 to None, run_after=None
[2024-08-04T20:48:19.927+0530] {logging_mixin.py:188} INFO - [2024-08-04T20:48:19.927+0530] {dag.py:3089} INFO - Sync 2 DAGs
[2024-08-04T20:48:19.929+0530] {logging_mixin.py:188} INFO - [2024-08-04T20:48:19.929+0530] {dag.py:3947} INFO - Setting next_dagrun for example_subdag_operator.section-1 to None, run_after=None
[2024-08-04T20:48:19.929+0530] {logging_mixin.py:188} INFO - [2024-08-04T20:48:19.929+0530] {dag.py:3947} INFO - Setting next_dagrun for example_subdag_operator.section-2 to None, run_after=None
[2024-08-04T20:48:19.936+0530] {processor.py:183} INFO - Processing /Users/deepanshu/Desktop/etc-spark-airflow/env/lib/python3.12/site-packages/airflow/example_dags/example_subdag_operator.py took 0.099 seconds
[2024-08-04T20:49:33.949+0530] {processor.py:161} INFO - Started process (PID=62843) to work on /Users/deepanshu/Desktop/etc-spark-airflow/env/lib/python3.12/site-packages/airflow/example_dags/example_subdag_operator.py
[2024-08-04T20:49:33.950+0530] {processor.py:830} INFO - Processing file /Users/deepanshu/Desktop/etc-spark-airflow/env/lib/python3.12/site-packages/airflow/example_dags/example_subdag_operator.py for tasks to queue
[2024-08-04T20:49:33.950+0530] {logging_mixin.py:188} INFO - [2024-08-04T20:49:33.950+0530] {dagbag.py:545} INFO - Filling up the DagBag from /Users/deepanshu/Desktop/etc-spark-airflow/env/lib/python3.12/site-packages/airflow/example_dags/example_subdag_operator.py
[2024-08-04T20:49:34.000+0530] {processor.py:840} INFO - DAG(s) 'example_subdag_operator.section-1', 'example_subdag_operator.section-2', 'example_subdag_operator' retrieved from /Users/deepanshu/Desktop/etc-spark-airflow/env/lib/python3.12/site-packages/airflow/example_dags/example_subdag_operator.py
[2024-08-04T20:49:34.020+0530] {logging_mixin.py:188} INFO - [2024-08-04T20:49:34.020+0530] {dag.py:3089} INFO - Sync 3 DAGs
[2024-08-04T20:49:34.029+0530] {logging_mixin.py:188} INFO - [2024-08-04T20:49:34.029+0530] {dag.py:3947} INFO - Setting next_dagrun for example_subdag_operator to 2022-01-01 00:00:00+00:00, run_after=2022-01-01 00:00:00+00:00
[2024-08-04T20:49:34.031+0530] {logging_mixin.py:188} INFO - [2024-08-04T20:49:34.031+0530] {dag.py:3947} INFO - Setting next_dagrun for example_subdag_operator.section-1 to None, run_after=None
[2024-08-04T20:49:34.031+0530] {logging_mixin.py:188} INFO - [2024-08-04T20:49:34.031+0530] {dag.py:3947} INFO - Setting next_dagrun for example_subdag_operator.section-2 to None, run_after=None
[2024-08-04T20:49:34.034+0530] {logging_mixin.py:188} INFO - [2024-08-04T20:49:34.034+0530] {dag.py:3089} INFO - Sync 2 DAGs
[2024-08-04T20:49:34.036+0530] {logging_mixin.py:188} INFO - [2024-08-04T20:49:34.036+0530] {dag.py:3947} INFO - Setting next_dagrun for example_subdag_operator.section-1 to None, run_after=None
[2024-08-04T20:49:34.037+0530] {logging_mixin.py:188} INFO - [2024-08-04T20:49:34.037+0530] {dag.py:3947} INFO - Setting next_dagrun for example_subdag_operator.section-2 to None, run_after=None
[2024-08-04T20:49:34.044+0530] {processor.py:183} INFO - Processing /Users/deepanshu/Desktop/etc-spark-airflow/env/lib/python3.12/site-packages/airflow/example_dags/example_subdag_operator.py took 0.097 seconds
[2024-08-04T20:51:09.249+0530] {processor.py:161} INFO - Started process (PID=63545) to work on /Users/deepanshu/Desktop/etc-spark-airflow/env/lib/python3.12/site-packages/airflow/example_dags/example_subdag_operator.py
[2024-08-04T20:51:09.251+0530] {processor.py:830} INFO - Processing file /Users/deepanshu/Desktop/etc-spark-airflow/env/lib/python3.12/site-packages/airflow/example_dags/example_subdag_operator.py for tasks to queue
[2024-08-04T20:51:09.251+0530] {logging_mixin.py:188} INFO - [2024-08-04T20:51:09.251+0530] {dagbag.py:545} INFO - Filling up the DagBag from /Users/deepanshu/Desktop/etc-spark-airflow/env/lib/python3.12/site-packages/airflow/example_dags/example_subdag_operator.py
[2024-08-04T20:51:09.302+0530] {processor.py:840} INFO - DAG(s) 'example_subdag_operator.section-1', 'example_subdag_operator.section-2', 'example_subdag_operator' retrieved from /Users/deepanshu/Desktop/etc-spark-airflow/env/lib/python3.12/site-packages/airflow/example_dags/example_subdag_operator.py
[2024-08-04T20:51:09.323+0530] {logging_mixin.py:188} INFO - [2024-08-04T20:51:09.322+0530] {dag.py:3089} INFO - Sync 3 DAGs
[2024-08-04T20:51:09.332+0530] {logging_mixin.py:188} INFO - [2024-08-04T20:51:09.332+0530] {dag.py:3947} INFO - Setting next_dagrun for example_subdag_operator to 2022-01-01 00:00:00+00:00, run_after=2022-01-01 00:00:00+00:00
[2024-08-04T20:51:09.334+0530] {logging_mixin.py:188} INFO - [2024-08-04T20:51:09.334+0530] {dag.py:3947} INFO - Setting next_dagrun for example_subdag_operator.section-1 to None, run_after=None
[2024-08-04T20:51:09.334+0530] {logging_mixin.py:188} INFO - [2024-08-04T20:51:09.334+0530] {dag.py:3947} INFO - Setting next_dagrun for example_subdag_operator.section-2 to None, run_after=None
[2024-08-04T20:51:09.337+0530] {logging_mixin.py:188} INFO - [2024-08-04T20:51:09.337+0530] {dag.py:3089} INFO - Sync 2 DAGs
[2024-08-04T20:51:09.339+0530] {logging_mixin.py:188} INFO - [2024-08-04T20:51:09.339+0530] {dag.py:3947} INFO - Setting next_dagrun for example_subdag_operator.section-1 to None, run_after=None
[2024-08-04T20:51:09.340+0530] {logging_mixin.py:188} INFO - [2024-08-04T20:51:09.340+0530] {dag.py:3947} INFO - Setting next_dagrun for example_subdag_operator.section-2 to None, run_after=None
[2024-08-04T20:51:09.347+0530] {processor.py:183} INFO - Processing /Users/deepanshu/Desktop/etc-spark-airflow/env/lib/python3.12/site-packages/airflow/example_dags/example_subdag_operator.py took 0.099 seconds
[2024-08-04T20:53:01.491+0530] {processor.py:161} INFO - Started process (PID=64324) to work on /Users/deepanshu/Desktop/etc-spark-airflow/env/lib/python3.12/site-packages/airflow/example_dags/example_subdag_operator.py
[2024-08-04T20:53:01.492+0530] {processor.py:830} INFO - Processing file /Users/deepanshu/Desktop/etc-spark-airflow/env/lib/python3.12/site-packages/airflow/example_dags/example_subdag_operator.py for tasks to queue
[2024-08-04T20:53:01.492+0530] {logging_mixin.py:188} INFO - [2024-08-04T20:53:01.492+0530] {dagbag.py:545} INFO - Filling up the DagBag from /Users/deepanshu/Desktop/etc-spark-airflow/env/lib/python3.12/site-packages/airflow/example_dags/example_subdag_operator.py
[2024-08-04T20:53:01.543+0530] {processor.py:840} INFO - DAG(s) 'example_subdag_operator.section-1', 'example_subdag_operator.section-2', 'example_subdag_operator' retrieved from /Users/deepanshu/Desktop/etc-spark-airflow/env/lib/python3.12/site-packages/airflow/example_dags/example_subdag_operator.py
[2024-08-04T20:53:01.564+0530] {logging_mixin.py:188} INFO - [2024-08-04T20:53:01.563+0530] {dag.py:3089} INFO - Sync 3 DAGs
[2024-08-04T20:53:01.573+0530] {logging_mixin.py:188} INFO - [2024-08-04T20:53:01.573+0530] {dag.py:3947} INFO - Setting next_dagrun for example_subdag_operator to 2022-01-01 00:00:00+00:00, run_after=2022-01-01 00:00:00+00:00
[2024-08-04T20:53:01.575+0530] {logging_mixin.py:188} INFO - [2024-08-04T20:53:01.575+0530] {dag.py:3947} INFO - Setting next_dagrun for example_subdag_operator.section-1 to None, run_after=None
[2024-08-04T20:53:01.576+0530] {logging_mixin.py:188} INFO - [2024-08-04T20:53:01.576+0530] {dag.py:3947} INFO - Setting next_dagrun for example_subdag_operator.section-2 to None, run_after=None
[2024-08-04T20:53:01.579+0530] {logging_mixin.py:188} INFO - [2024-08-04T20:53:01.579+0530] {dag.py:3089} INFO - Sync 2 DAGs
[2024-08-04T20:53:01.581+0530] {logging_mixin.py:188} INFO - [2024-08-04T20:53:01.581+0530] {dag.py:3947} INFO - Setting next_dagrun for example_subdag_operator.section-1 to None, run_after=None
[2024-08-04T20:53:01.581+0530] {logging_mixin.py:188} INFO - [2024-08-04T20:53:01.581+0530] {dag.py:3947} INFO - Setting next_dagrun for example_subdag_operator.section-2 to None, run_after=None
[2024-08-04T20:53:01.588+0530] {processor.py:183} INFO - Processing /Users/deepanshu/Desktop/etc-spark-airflow/env/lib/python3.12/site-packages/airflow/example_dags/example_subdag_operator.py took 0.099 seconds
[2024-08-04T20:54:18.575+0530] {processor.py:161} INFO - Started process (PID=64915) to work on /Users/deepanshu/Desktop/etc-spark-airflow/env/lib/python3.12/site-packages/airflow/example_dags/example_subdag_operator.py
[2024-08-04T20:54:18.576+0530] {processor.py:830} INFO - Processing file /Users/deepanshu/Desktop/etc-spark-airflow/env/lib/python3.12/site-packages/airflow/example_dags/example_subdag_operator.py for tasks to queue
[2024-08-04T20:54:18.576+0530] {logging_mixin.py:188} INFO - [2024-08-04T20:54:18.576+0530] {dagbag.py:545} INFO - Filling up the DagBag from /Users/deepanshu/Desktop/etc-spark-airflow/env/lib/python3.12/site-packages/airflow/example_dags/example_subdag_operator.py
[2024-08-04T20:54:18.632+0530] {processor.py:840} INFO - DAG(s) 'example_subdag_operator.section-1', 'example_subdag_operator.section-2', 'example_subdag_operator' retrieved from /Users/deepanshu/Desktop/etc-spark-airflow/env/lib/python3.12/site-packages/airflow/example_dags/example_subdag_operator.py
[2024-08-04T20:54:18.653+0530] {logging_mixin.py:188} INFO - [2024-08-04T20:54:18.652+0530] {dag.py:3089} INFO - Sync 3 DAGs
[2024-08-04T20:54:18.674+0530] {logging_mixin.py:188} INFO - [2024-08-04T20:54:18.673+0530] {dag.py:3947} INFO - Setting next_dagrun for example_subdag_operator to 2022-01-01 00:00:00+00:00, run_after=2022-01-01 00:00:00+00:00
[2024-08-04T20:54:18.675+0530] {logging_mixin.py:188} INFO - [2024-08-04T20:54:18.675+0530] {dag.py:3947} INFO - Setting next_dagrun for example_subdag_operator.section-1 to None, run_after=None
[2024-08-04T20:54:18.676+0530] {logging_mixin.py:188} INFO - [2024-08-04T20:54:18.676+0530] {dag.py:3947} INFO - Setting next_dagrun for example_subdag_operator.section-2 to None, run_after=None
[2024-08-04T20:54:18.679+0530] {logging_mixin.py:188} INFO - [2024-08-04T20:54:18.679+0530] {dag.py:3089} INFO - Sync 2 DAGs
[2024-08-04T20:54:18.681+0530] {logging_mixin.py:188} INFO - [2024-08-04T20:54:18.681+0530] {dag.py:3947} INFO - Setting next_dagrun for example_subdag_operator.section-1 to None, run_after=None
[2024-08-04T20:54:18.681+0530] {logging_mixin.py:188} INFO - [2024-08-04T20:54:18.681+0530] {dag.py:3947} INFO - Setting next_dagrun for example_subdag_operator.section-2 to None, run_after=None
[2024-08-04T20:54:18.688+0530] {processor.py:183} INFO - Processing /Users/deepanshu/Desktop/etc-spark-airflow/env/lib/python3.12/site-packages/airflow/example_dags/example_subdag_operator.py took 0.116 seconds
[2024-08-04T20:55:06.924+0530] {processor.py:161} INFO - Started process (PID=65283) to work on /Users/deepanshu/Desktop/etc-spark-airflow/env/lib/python3.12/site-packages/airflow/example_dags/example_subdag_operator.py
[2024-08-04T20:55:06.925+0530] {processor.py:830} INFO - Processing file /Users/deepanshu/Desktop/etc-spark-airflow/env/lib/python3.12/site-packages/airflow/example_dags/example_subdag_operator.py for tasks to queue
[2024-08-04T20:55:06.925+0530] {logging_mixin.py:188} INFO - [2024-08-04T20:55:06.925+0530] {dagbag.py:545} INFO - Filling up the DagBag from /Users/deepanshu/Desktop/etc-spark-airflow/env/lib/python3.12/site-packages/airflow/example_dags/example_subdag_operator.py
[2024-08-04T20:55:06.987+0530] {processor.py:840} INFO - DAG(s) 'example_subdag_operator.section-1', 'example_subdag_operator.section-2', 'example_subdag_operator' retrieved from /Users/deepanshu/Desktop/etc-spark-airflow/env/lib/python3.12/site-packages/airflow/example_dags/example_subdag_operator.py
[2024-08-04T20:55:07.012+0530] {logging_mixin.py:188} INFO - [2024-08-04T20:55:07.012+0530] {dag.py:3089} INFO - Sync 3 DAGs
[2024-08-04T20:55:07.025+0530] {logging_mixin.py:188} INFO - [2024-08-04T20:55:07.025+0530] {dag.py:3947} INFO - Setting next_dagrun for example_subdag_operator to 2022-01-01 00:00:00+00:00, run_after=2022-01-01 00:00:00+00:00
[2024-08-04T20:55:07.027+0530] {logging_mixin.py:188} INFO - [2024-08-04T20:55:07.027+0530] {dag.py:3947} INFO - Setting next_dagrun for example_subdag_operator.section-1 to None, run_after=None
[2024-08-04T20:55:07.028+0530] {logging_mixin.py:188} INFO - [2024-08-04T20:55:07.028+0530] {dag.py:3947} INFO - Setting next_dagrun for example_subdag_operator.section-2 to None, run_after=None
[2024-08-04T20:55:07.031+0530] {logging_mixin.py:188} INFO - [2024-08-04T20:55:07.031+0530] {dag.py:3089} INFO - Sync 2 DAGs
[2024-08-04T20:55:07.036+0530] {logging_mixin.py:188} INFO - [2024-08-04T20:55:07.035+0530] {dag.py:3947} INFO - Setting next_dagrun for example_subdag_operator.section-1 to None, run_after=None
[2024-08-04T20:55:07.036+0530] {logging_mixin.py:188} INFO - [2024-08-04T20:55:07.036+0530] {dag.py:3947} INFO - Setting next_dagrun for example_subdag_operator.section-2 to None, run_after=None
[2024-08-04T20:55:07.048+0530] {processor.py:183} INFO - Processing /Users/deepanshu/Desktop/etc-spark-airflow/env/lib/python3.12/site-packages/airflow/example_dags/example_subdag_operator.py took 0.126 seconds
[2024-08-04T20:57:34.170+0530] {processor.py:161} INFO - Started process (PID=66428) to work on /Users/deepanshu/Desktop/etc-spark-airflow/env/lib/python3.12/site-packages/airflow/example_dags/example_subdag_operator.py
[2024-08-04T20:57:34.172+0530] {processor.py:830} INFO - Processing file /Users/deepanshu/Desktop/etc-spark-airflow/env/lib/python3.12/site-packages/airflow/example_dags/example_subdag_operator.py for tasks to queue
[2024-08-04T20:57:34.172+0530] {logging_mixin.py:188} INFO - [2024-08-04T20:57:34.172+0530] {dagbag.py:545} INFO - Filling up the DagBag from /Users/deepanshu/Desktop/etc-spark-airflow/env/lib/python3.12/site-packages/airflow/example_dags/example_subdag_operator.py
[2024-08-04T20:57:34.226+0530] {processor.py:840} INFO - DAG(s) 'example_subdag_operator.section-1', 'example_subdag_operator.section-2', 'example_subdag_operator' retrieved from /Users/deepanshu/Desktop/etc-spark-airflow/env/lib/python3.12/site-packages/airflow/example_dags/example_subdag_operator.py
[2024-08-04T20:57:34.249+0530] {logging_mixin.py:188} INFO - [2024-08-04T20:57:34.248+0530] {dag.py:3089} INFO - Sync 3 DAGs
[2024-08-04T20:57:34.259+0530] {logging_mixin.py:188} INFO - [2024-08-04T20:57:34.259+0530] {dag.py:3947} INFO - Setting next_dagrun for example_subdag_operator to 2022-01-01 00:00:00+00:00, run_after=2022-01-01 00:00:00+00:00
[2024-08-04T20:57:34.261+0530] {logging_mixin.py:188} INFO - [2024-08-04T20:57:34.261+0530] {dag.py:3947} INFO - Setting next_dagrun for example_subdag_operator.section-1 to None, run_after=None
[2024-08-04T20:57:34.261+0530] {logging_mixin.py:188} INFO - [2024-08-04T20:57:34.261+0530] {dag.py:3947} INFO - Setting next_dagrun for example_subdag_operator.section-2 to None, run_after=None
[2024-08-04T20:57:34.265+0530] {logging_mixin.py:188} INFO - [2024-08-04T20:57:34.265+0530] {dag.py:3089} INFO - Sync 2 DAGs
[2024-08-04T20:57:34.267+0530] {logging_mixin.py:188} INFO - [2024-08-04T20:57:34.267+0530] {dag.py:3947} INFO - Setting next_dagrun for example_subdag_operator.section-1 to None, run_after=None
[2024-08-04T20:57:34.267+0530] {logging_mixin.py:188} INFO - [2024-08-04T20:57:34.267+0530] {dag.py:3947} INFO - Setting next_dagrun for example_subdag_operator.section-2 to None, run_after=None
[2024-08-04T20:57:34.275+0530] {processor.py:183} INFO - Processing /Users/deepanshu/Desktop/etc-spark-airflow/env/lib/python3.12/site-packages/airflow/example_dags/example_subdag_operator.py took 0.106 seconds
[2024-08-04T21:01:23.454+0530] {processor.py:161} INFO - Started process (PID=68473) to work on /Users/deepanshu/Desktop/etc-spark-airflow/env/lib/python3.12/site-packages/airflow/example_dags/example_subdag_operator.py
[2024-08-04T21:01:23.455+0530] {processor.py:830} INFO - Processing file /Users/deepanshu/Desktop/etc-spark-airflow/env/lib/python3.12/site-packages/airflow/example_dags/example_subdag_operator.py for tasks to queue
[2024-08-04T21:01:23.456+0530] {logging_mixin.py:188} INFO - [2024-08-04T21:01:23.456+0530] {dagbag.py:545} INFO - Filling up the DagBag from /Users/deepanshu/Desktop/etc-spark-airflow/env/lib/python3.12/site-packages/airflow/example_dags/example_subdag_operator.py
[2024-08-04T21:01:23.506+0530] {processor.py:840} INFO - DAG(s) 'example_subdag_operator.section-1', 'example_subdag_operator.section-2', 'example_subdag_operator' retrieved from /Users/deepanshu/Desktop/etc-spark-airflow/env/lib/python3.12/site-packages/airflow/example_dags/example_subdag_operator.py
[2024-08-04T21:01:23.526+0530] {logging_mixin.py:188} INFO - [2024-08-04T21:01:23.526+0530] {dag.py:3089} INFO - Sync 3 DAGs
[2024-08-04T21:01:23.536+0530] {logging_mixin.py:188} INFO - [2024-08-04T21:01:23.536+0530] {dag.py:3947} INFO - Setting next_dagrun for example_subdag_operator to 2022-01-01 00:00:00+00:00, run_after=2022-01-01 00:00:00+00:00
[2024-08-04T21:01:23.537+0530] {logging_mixin.py:188} INFO - [2024-08-04T21:01:23.537+0530] {dag.py:3947} INFO - Setting next_dagrun for example_subdag_operator.section-1 to None, run_after=None
[2024-08-04T21:01:23.538+0530] {logging_mixin.py:188} INFO - [2024-08-04T21:01:23.538+0530] {dag.py:3947} INFO - Setting next_dagrun for example_subdag_operator.section-2 to None, run_after=None
[2024-08-04T21:01:23.541+0530] {logging_mixin.py:188} INFO - [2024-08-04T21:01:23.541+0530] {dag.py:3089} INFO - Sync 2 DAGs
[2024-08-04T21:01:23.543+0530] {logging_mixin.py:188} INFO - [2024-08-04T21:01:23.543+0530] {dag.py:3947} INFO - Setting next_dagrun for example_subdag_operator.section-1 to None, run_after=None
[2024-08-04T21:01:23.543+0530] {logging_mixin.py:188} INFO - [2024-08-04T21:01:23.543+0530] {dag.py:3947} INFO - Setting next_dagrun for example_subdag_operator.section-2 to None, run_after=None
[2024-08-04T21:01:23.550+0530] {processor.py:183} INFO - Processing /Users/deepanshu/Desktop/etc-spark-airflow/env/lib/python3.12/site-packages/airflow/example_dags/example_subdag_operator.py took 0.098 seconds
[2024-08-04T21:03:27.917+0530] {processor.py:161} INFO - Started process (PID=69350) to work on /Users/deepanshu/Desktop/etc-spark-airflow/env/lib/python3.12/site-packages/airflow/example_dags/example_subdag_operator.py
[2024-08-04T21:03:27.918+0530] {processor.py:830} INFO - Processing file /Users/deepanshu/Desktop/etc-spark-airflow/env/lib/python3.12/site-packages/airflow/example_dags/example_subdag_operator.py for tasks to queue
[2024-08-04T21:03:27.918+0530] {logging_mixin.py:188} INFO - [2024-08-04T21:03:27.918+0530] {dagbag.py:545} INFO - Filling up the DagBag from /Users/deepanshu/Desktop/etc-spark-airflow/env/lib/python3.12/site-packages/airflow/example_dags/example_subdag_operator.py
[2024-08-04T21:03:27.968+0530] {processor.py:840} INFO - DAG(s) 'example_subdag_operator.section-1', 'example_subdag_operator.section-2', 'example_subdag_operator' retrieved from /Users/deepanshu/Desktop/etc-spark-airflow/env/lib/python3.12/site-packages/airflow/example_dags/example_subdag_operator.py
[2024-08-04T21:03:27.989+0530] {logging_mixin.py:188} INFO - [2024-08-04T21:03:27.988+0530] {dag.py:3089} INFO - Sync 3 DAGs
[2024-08-04T21:03:27.998+0530] {logging_mixin.py:188} INFO - [2024-08-04T21:03:27.998+0530] {dag.py:3947} INFO - Setting next_dagrun for example_subdag_operator to 2022-01-01 00:00:00+00:00, run_after=2022-01-01 00:00:00+00:00
[2024-08-04T21:03:28.000+0530] {logging_mixin.py:188} INFO - [2024-08-04T21:03:28.000+0530] {dag.py:3947} INFO - Setting next_dagrun for example_subdag_operator.section-1 to None, run_after=None
[2024-08-04T21:03:28.001+0530] {logging_mixin.py:188} INFO - [2024-08-04T21:03:28.000+0530] {dag.py:3947} INFO - Setting next_dagrun for example_subdag_operator.section-2 to None, run_after=None
[2024-08-04T21:03:28.003+0530] {logging_mixin.py:188} INFO - [2024-08-04T21:03:28.003+0530] {dag.py:3089} INFO - Sync 2 DAGs
[2024-08-04T21:03:28.005+0530] {logging_mixin.py:188} INFO - [2024-08-04T21:03:28.005+0530] {dag.py:3947} INFO - Setting next_dagrun for example_subdag_operator.section-1 to None, run_after=None
[2024-08-04T21:03:28.006+0530] {logging_mixin.py:188} INFO - [2024-08-04T21:03:28.006+0530] {dag.py:3947} INFO - Setting next_dagrun for example_subdag_operator.section-2 to None, run_after=None
[2024-08-04T21:03:28.013+0530] {processor.py:183} INFO - Processing /Users/deepanshu/Desktop/etc-spark-airflow/env/lib/python3.12/site-packages/airflow/example_dags/example_subdag_operator.py took 0.097 seconds
[2024-08-04T21:05:15.675+0530] {processor.py:161} INFO - Started process (PID=70076) to work on /Users/deepanshu/Desktop/etc-spark-airflow/env/lib/python3.12/site-packages/airflow/example_dags/example_subdag_operator.py
[2024-08-04T21:05:15.677+0530] {processor.py:830} INFO - Processing file /Users/deepanshu/Desktop/etc-spark-airflow/env/lib/python3.12/site-packages/airflow/example_dags/example_subdag_operator.py for tasks to queue
[2024-08-04T21:05:15.677+0530] {logging_mixin.py:188} INFO - [2024-08-04T21:05:15.677+0530] {dagbag.py:545} INFO - Filling up the DagBag from /Users/deepanshu/Desktop/etc-spark-airflow/env/lib/python3.12/site-packages/airflow/example_dags/example_subdag_operator.py
[2024-08-04T21:05:15.732+0530] {processor.py:840} INFO - DAG(s) 'example_subdag_operator.section-1', 'example_subdag_operator.section-2', 'example_subdag_operator' retrieved from /Users/deepanshu/Desktop/etc-spark-airflow/env/lib/python3.12/site-packages/airflow/example_dags/example_subdag_operator.py
[2024-08-04T21:05:15.754+0530] {logging_mixin.py:188} INFO - [2024-08-04T21:05:15.754+0530] {dag.py:3089} INFO - Sync 3 DAGs
[2024-08-04T21:05:15.764+0530] {logging_mixin.py:188} INFO - [2024-08-04T21:05:15.764+0530] {dag.py:3947} INFO - Setting next_dagrun for example_subdag_operator to 2022-01-01 00:00:00+00:00, run_after=2022-01-01 00:00:00+00:00
[2024-08-04T21:05:15.766+0530] {logging_mixin.py:188} INFO - [2024-08-04T21:05:15.766+0530] {dag.py:3947} INFO - Setting next_dagrun for example_subdag_operator.section-1 to None, run_after=None
[2024-08-04T21:05:15.766+0530] {logging_mixin.py:188} INFO - [2024-08-04T21:05:15.766+0530] {dag.py:3947} INFO - Setting next_dagrun for example_subdag_operator.section-2 to None, run_after=None
[2024-08-04T21:05:15.769+0530] {logging_mixin.py:188} INFO - [2024-08-04T21:05:15.769+0530] {dag.py:3089} INFO - Sync 2 DAGs
[2024-08-04T21:05:15.771+0530] {logging_mixin.py:188} INFO - [2024-08-04T21:05:15.771+0530] {dag.py:3947} INFO - Setting next_dagrun for example_subdag_operator.section-1 to None, run_after=None
[2024-08-04T21:05:15.771+0530] {logging_mixin.py:188} INFO - [2024-08-04T21:05:15.771+0530] {dag.py:3947} INFO - Setting next_dagrun for example_subdag_operator.section-2 to None, run_after=None
[2024-08-04T21:05:15.779+0530] {processor.py:183} INFO - Processing /Users/deepanshu/Desktop/etc-spark-airflow/env/lib/python3.12/site-packages/airflow/example_dags/example_subdag_operator.py took 0.105 seconds
[2024-08-04T21:06:02.321+0530] {processor.py:161} INFO - Started process (PID=70422) to work on /Users/deepanshu/Desktop/etc-spark-airflow/env/lib/python3.12/site-packages/airflow/example_dags/example_subdag_operator.py
[2024-08-04T21:06:02.322+0530] {processor.py:830} INFO - Processing file /Users/deepanshu/Desktop/etc-spark-airflow/env/lib/python3.12/site-packages/airflow/example_dags/example_subdag_operator.py for tasks to queue
[2024-08-04T21:06:02.323+0530] {logging_mixin.py:188} INFO - [2024-08-04T21:06:02.323+0530] {dagbag.py:545} INFO - Filling up the DagBag from /Users/deepanshu/Desktop/etc-spark-airflow/env/lib/python3.12/site-packages/airflow/example_dags/example_subdag_operator.py
[2024-08-04T21:06:02.372+0530] {processor.py:840} INFO - DAG(s) 'example_subdag_operator.section-1', 'example_subdag_operator.section-2', 'example_subdag_operator' retrieved from /Users/deepanshu/Desktop/etc-spark-airflow/env/lib/python3.12/site-packages/airflow/example_dags/example_subdag_operator.py
[2024-08-04T21:06:02.393+0530] {logging_mixin.py:188} INFO - [2024-08-04T21:06:02.393+0530] {dag.py:3089} INFO - Sync 3 DAGs
[2024-08-04T21:06:02.402+0530] {logging_mixin.py:188} INFO - [2024-08-04T21:06:02.402+0530] {dag.py:3947} INFO - Setting next_dagrun for example_subdag_operator to 2022-01-01 00:00:00+00:00, run_after=2022-01-01 00:00:00+00:00
[2024-08-04T21:06:02.404+0530] {logging_mixin.py:188} INFO - [2024-08-04T21:06:02.404+0530] {dag.py:3947} INFO - Setting next_dagrun for example_subdag_operator.section-1 to None, run_after=None
[2024-08-04T21:06:02.405+0530] {logging_mixin.py:188} INFO - [2024-08-04T21:06:02.405+0530] {dag.py:3947} INFO - Setting next_dagrun for example_subdag_operator.section-2 to None, run_after=None
[2024-08-04T21:06:02.408+0530] {logging_mixin.py:188} INFO - [2024-08-04T21:06:02.407+0530] {dag.py:3089} INFO - Sync 2 DAGs
[2024-08-04T21:06:02.410+0530] {logging_mixin.py:188} INFO - [2024-08-04T21:06:02.409+0530] {dag.py:3947} INFO - Setting next_dagrun for example_subdag_operator.section-1 to None, run_after=None
[2024-08-04T21:06:02.410+0530] {logging_mixin.py:188} INFO - [2024-08-04T21:06:02.410+0530] {dag.py:3947} INFO - Setting next_dagrun for example_subdag_operator.section-2 to None, run_after=None
[2024-08-04T21:06:02.417+0530] {processor.py:183} INFO - Processing /Users/deepanshu/Desktop/etc-spark-airflow/env/lib/python3.12/site-packages/airflow/example_dags/example_subdag_operator.py took 0.097 seconds
[2024-08-04T21:07:44.677+0530] {processor.py:161} INFO - Started process (PID=71134) to work on /Users/deepanshu/Desktop/etc-spark-airflow/env/lib/python3.12/site-packages/airflow/example_dags/example_subdag_operator.py
[2024-08-04T21:07:44.678+0530] {processor.py:830} INFO - Processing file /Users/deepanshu/Desktop/etc-spark-airflow/env/lib/python3.12/site-packages/airflow/example_dags/example_subdag_operator.py for tasks to queue
[2024-08-04T21:07:44.678+0530] {logging_mixin.py:188} INFO - [2024-08-04T21:07:44.678+0530] {dagbag.py:545} INFO - Filling up the DagBag from /Users/deepanshu/Desktop/etc-spark-airflow/env/lib/python3.12/site-packages/airflow/example_dags/example_subdag_operator.py
[2024-08-04T21:07:44.729+0530] {processor.py:840} INFO - DAG(s) 'example_subdag_operator.section-1', 'example_subdag_operator.section-2', 'example_subdag_operator' retrieved from /Users/deepanshu/Desktop/etc-spark-airflow/env/lib/python3.12/site-packages/airflow/example_dags/example_subdag_operator.py
[2024-08-04T21:07:44.749+0530] {logging_mixin.py:188} INFO - [2024-08-04T21:07:44.749+0530] {dag.py:3089} INFO - Sync 3 DAGs
[2024-08-04T21:07:44.760+0530] {logging_mixin.py:188} INFO - [2024-08-04T21:07:44.760+0530] {dag.py:3947} INFO - Setting next_dagrun for example_subdag_operator to 2022-01-01 00:00:00+00:00, run_after=2022-01-01 00:00:00+00:00
[2024-08-04T21:07:44.761+0530] {logging_mixin.py:188} INFO - [2024-08-04T21:07:44.761+0530] {dag.py:3947} INFO - Setting next_dagrun for example_subdag_operator.section-1 to None, run_after=None
[2024-08-04T21:07:44.762+0530] {logging_mixin.py:188} INFO - [2024-08-04T21:07:44.762+0530] {dag.py:3947} INFO - Setting next_dagrun for example_subdag_operator.section-2 to None, run_after=None
[2024-08-04T21:07:44.765+0530] {logging_mixin.py:188} INFO - [2024-08-04T21:07:44.765+0530] {dag.py:3089} INFO - Sync 2 DAGs
[2024-08-04T21:07:44.767+0530] {logging_mixin.py:188} INFO - [2024-08-04T21:07:44.767+0530] {dag.py:3947} INFO - Setting next_dagrun for example_subdag_operator.section-1 to None, run_after=None
[2024-08-04T21:07:44.767+0530] {logging_mixin.py:188} INFO - [2024-08-04T21:07:44.767+0530] {dag.py:3947} INFO - Setting next_dagrun for example_subdag_operator.section-2 to None, run_after=None
[2024-08-04T21:07:44.774+0530] {processor.py:183} INFO - Processing /Users/deepanshu/Desktop/etc-spark-airflow/env/lib/python3.12/site-packages/airflow/example_dags/example_subdag_operator.py took 0.098 seconds
