[2024-08-04T20:33:15.941+0530] {processor.py:161} INFO - Started process (PID=55700) to work on /Users/deepanshu/Desktop/etc-spark-airflow/env/lib/python3.12/site-packages/airflow/example_dags/example_sla_dag.py
[2024-08-04T20:33:15.942+0530] {processor.py:830} INFO - Processing file /Users/deepanshu/Desktop/etc-spark-airflow/env/lib/python3.12/site-packages/airflow/example_dags/example_sla_dag.py for tasks to queue
[2024-08-04T20:33:15.942+0530] {logging_mixin.py:188} INFO - [2024-08-04T20:33:15.942+0530] {dagbag.py:545} INFO - Filling up the DagBag from /Users/deepanshu/Desktop/etc-spark-airflow/env/lib/python3.12/site-packages/airflow/example_dags/example_sla_dag.py
[2024-08-04T20:33:15.966+0530] {processor.py:840} INFO - DAG(s) 'example_sla_dag' retrieved from /Users/deepanshu/Desktop/etc-spark-airflow/env/lib/python3.12/site-packages/airflow/example_dags/example_sla_dag.py
[2024-08-04T20:33:16.070+0530] {logging_mixin.py:188} INFO - [2024-08-04T20:33:16.070+0530] {override.py:1858} INFO - Created Permission View: can delete on DAG:example_sla_dag
[2024-08-04T20:33:16.075+0530] {logging_mixin.py:188} INFO - [2024-08-04T20:33:16.075+0530] {override.py:1858} INFO - Created Permission View: can edit on DAG:example_sla_dag
[2024-08-04T20:33:16.079+0530] {logging_mixin.py:188} INFO - [2024-08-04T20:33:16.079+0530] {override.py:1858} INFO - Created Permission View: can read on DAG:example_sla_dag
[2024-08-04T20:33:16.079+0530] {logging_mixin.py:188} INFO - [2024-08-04T20:33:16.079+0530] {dag.py:3089} INFO - Sync 1 DAGs
[2024-08-04T20:33:16.086+0530] {logging_mixin.py:188} INFO - [2024-08-04T20:33:16.086+0530] {dag.py:3111} INFO - Creating ORM DAG for example_sla_dag
[2024-08-04T20:33:16.092+0530] {logging_mixin.py:188} INFO - [2024-08-04T20:33:16.092+0530] {dag.py:3947} INFO - Setting next_dagrun for example_sla_dag to 2024-08-04 15:00:00+00:00, run_after=2024-08-04 15:02:00+00:00
[2024-08-04T20:33:16.101+0530] {processor.py:183} INFO - Processing /Users/deepanshu/Desktop/etc-spark-airflow/env/lib/python3.12/site-packages/airflow/example_dags/example_sla_dag.py took 0.161 seconds
[2024-08-04T20:34:18.789+0530] {processor.py:161} INFO - Started process (PID=56165) to work on /Users/deepanshu/Desktop/etc-spark-airflow/env/lib/python3.12/site-packages/airflow/example_dags/example_sla_dag.py
[2024-08-04T20:34:18.789+0530] {processor.py:830} INFO - Processing file /Users/deepanshu/Desktop/etc-spark-airflow/env/lib/python3.12/site-packages/airflow/example_dags/example_sla_dag.py for tasks to queue
[2024-08-04T20:34:18.790+0530] {logging_mixin.py:188} INFO - [2024-08-04T20:34:18.790+0530] {dagbag.py:545} INFO - Filling up the DagBag from /Users/deepanshu/Desktop/etc-spark-airflow/env/lib/python3.12/site-packages/airflow/example_dags/example_sla_dag.py
[2024-08-04T20:34:18.813+0530] {processor.py:840} INFO - DAG(s) 'example_sla_dag' retrieved from /Users/deepanshu/Desktop/etc-spark-airflow/env/lib/python3.12/site-packages/airflow/example_dags/example_sla_dag.py
[2024-08-04T20:34:18.864+0530] {logging_mixin.py:188} INFO - [2024-08-04T20:34:18.863+0530] {dag.py:3089} INFO - Sync 1 DAGs
[2024-08-04T20:34:18.874+0530] {logging_mixin.py:188} INFO - [2024-08-04T20:34:18.874+0530] {dag.py:3947} INFO - Setting next_dagrun for example_sla_dag to 2024-08-04 15:02:00+00:00, run_after=2024-08-04 15:04:00+00:00
[2024-08-04T20:34:18.884+0530] {processor.py:183} INFO - Processing /Users/deepanshu/Desktop/etc-spark-airflow/env/lib/python3.12/site-packages/airflow/example_dags/example_sla_dag.py took 0.097 seconds
[2024-08-04T20:36:22.781+0530] {processor.py:161} INFO - Started process (PID=57044) to work on /Users/deepanshu/Desktop/etc-spark-airflow/env/lib/python3.12/site-packages/airflow/example_dags/example_sla_dag.py
[2024-08-04T20:36:22.782+0530] {processor.py:830} INFO - Processing file /Users/deepanshu/Desktop/etc-spark-airflow/env/lib/python3.12/site-packages/airflow/example_dags/example_sla_dag.py for tasks to queue
[2024-08-04T20:36:22.783+0530] {logging_mixin.py:188} INFO - [2024-08-04T20:36:22.782+0530] {dagbag.py:545} INFO - Filling up the DagBag from /Users/deepanshu/Desktop/etc-spark-airflow/env/lib/python3.12/site-packages/airflow/example_dags/example_sla_dag.py
[2024-08-04T20:36:22.807+0530] {processor.py:840} INFO - DAG(s) 'example_sla_dag' retrieved from /Users/deepanshu/Desktop/etc-spark-airflow/env/lib/python3.12/site-packages/airflow/example_dags/example_sla_dag.py
[2024-08-04T20:36:22.859+0530] {logging_mixin.py:188} INFO - [2024-08-04T20:36:22.859+0530] {dag.py:3089} INFO - Sync 1 DAGs
[2024-08-04T20:36:22.869+0530] {logging_mixin.py:188} INFO - [2024-08-04T20:36:22.869+0530] {dag.py:3947} INFO - Setting next_dagrun for example_sla_dag to 2024-08-04 15:04:00+00:00, run_after=2024-08-04 15:06:00+00:00
[2024-08-04T20:36:22.884+0530] {processor.py:183} INFO - Processing /Users/deepanshu/Desktop/etc-spark-airflow/env/lib/python3.12/site-packages/airflow/example_dags/example_sla_dag.py took 0.104 seconds
[2024-08-04T20:37:52.989+0530] {processor.py:161} INFO - Started process (PID=57775) to work on /Users/deepanshu/Desktop/etc-spark-airflow/env/lib/python3.12/site-packages/airflow/example_dags/example_sla_dag.py
[2024-08-04T20:37:52.990+0530] {processor.py:830} INFO - Processing file /Users/deepanshu/Desktop/etc-spark-airflow/env/lib/python3.12/site-packages/airflow/example_dags/example_sla_dag.py for tasks to queue
[2024-08-04T20:37:52.990+0530] {logging_mixin.py:188} INFO - [2024-08-04T20:37:52.990+0530] {dagbag.py:545} INFO - Filling up the DagBag from /Users/deepanshu/Desktop/etc-spark-airflow/env/lib/python3.12/site-packages/airflow/example_dags/example_sla_dag.py
[2024-08-04T20:37:53.013+0530] {processor.py:840} INFO - DAG(s) 'example_sla_dag' retrieved from /Users/deepanshu/Desktop/etc-spark-airflow/env/lib/python3.12/site-packages/airflow/example_dags/example_sla_dag.py
[2024-08-04T20:37:53.065+0530] {logging_mixin.py:188} INFO - [2024-08-04T20:37:53.065+0530] {dag.py:3089} INFO - Sync 1 DAGs
[2024-08-04T20:37:53.076+0530] {logging_mixin.py:188} INFO - [2024-08-04T20:37:53.076+0530] {dag.py:3947} INFO - Setting next_dagrun for example_sla_dag to 2024-08-04 15:04:00+00:00, run_after=2024-08-04 15:06:00+00:00
[2024-08-04T20:37:53.087+0530] {processor.py:183} INFO - Processing /Users/deepanshu/Desktop/etc-spark-airflow/env/lib/python3.12/site-packages/airflow/example_dags/example_sla_dag.py took 0.100 seconds
[2024-08-04T20:39:50.233+0530] {processor.py:161} INFO - Started process (PID=58634) to work on /Users/deepanshu/Desktop/etc-spark-airflow/env/lib/python3.12/site-packages/airflow/example_dags/example_sla_dag.py
[2024-08-04T20:39:50.234+0530] {processor.py:830} INFO - Processing file /Users/deepanshu/Desktop/etc-spark-airflow/env/lib/python3.12/site-packages/airflow/example_dags/example_sla_dag.py for tasks to queue
[2024-08-04T20:39:50.234+0530] {logging_mixin.py:188} INFO - [2024-08-04T20:39:50.234+0530] {dagbag.py:545} INFO - Filling up the DagBag from /Users/deepanshu/Desktop/etc-spark-airflow/env/lib/python3.12/site-packages/airflow/example_dags/example_sla_dag.py
[2024-08-04T20:39:50.257+0530] {processor.py:840} INFO - DAG(s) 'example_sla_dag' retrieved from /Users/deepanshu/Desktop/etc-spark-airflow/env/lib/python3.12/site-packages/airflow/example_dags/example_sla_dag.py
[2024-08-04T20:39:50.309+0530] {logging_mixin.py:188} INFO - [2024-08-04T20:39:50.309+0530] {dag.py:3089} INFO - Sync 1 DAGs
[2024-08-04T20:39:50.320+0530] {logging_mixin.py:188} INFO - [2024-08-04T20:39:50.320+0530] {dag.py:3947} INFO - Setting next_dagrun for example_sla_dag to 2024-08-04 15:06:00+00:00, run_after=2024-08-04 15:08:00+00:00
[2024-08-04T20:39:50.330+0530] {processor.py:183} INFO - Processing /Users/deepanshu/Desktop/etc-spark-airflow/env/lib/python3.12/site-packages/airflow/example_dags/example_sla_dag.py took 0.099 seconds
[2024-08-04T20:41:22.256+0530] {processor.py:161} INFO - Started process (PID=59347) to work on /Users/deepanshu/Desktop/etc-spark-airflow/env/lib/python3.12/site-packages/airflow/example_dags/example_sla_dag.py
[2024-08-04T20:41:22.257+0530] {processor.py:830} INFO - Processing file /Users/deepanshu/Desktop/etc-spark-airflow/env/lib/python3.12/site-packages/airflow/example_dags/example_sla_dag.py for tasks to queue
[2024-08-04T20:41:22.257+0530] {logging_mixin.py:188} INFO - [2024-08-04T20:41:22.257+0530] {dagbag.py:545} INFO - Filling up the DagBag from /Users/deepanshu/Desktop/etc-spark-airflow/env/lib/python3.12/site-packages/airflow/example_dags/example_sla_dag.py
[2024-08-04T20:41:22.287+0530] {processor.py:840} INFO - DAG(s) 'example_sla_dag' retrieved from /Users/deepanshu/Desktop/etc-spark-airflow/env/lib/python3.12/site-packages/airflow/example_dags/example_sla_dag.py
[2024-08-04T20:41:22.359+0530] {logging_mixin.py:188} INFO - [2024-08-04T20:41:22.359+0530] {dag.py:3089} INFO - Sync 1 DAGs
[2024-08-04T20:41:22.374+0530] {logging_mixin.py:188} INFO - [2024-08-04T20:41:22.373+0530] {dag.py:3947} INFO - Setting next_dagrun for example_sla_dag to 2024-08-04 15:08:00+00:00, run_after=2024-08-04 15:10:00+00:00
[2024-08-04T20:41:22.396+0530] {processor.py:183} INFO - Processing /Users/deepanshu/Desktop/etc-spark-airflow/env/lib/python3.12/site-packages/airflow/example_dags/example_sla_dag.py took 0.143 seconds
[2024-08-04T20:43:14.576+0530] {processor.py:161} INFO - Started process (PID=60173) to work on /Users/deepanshu/Desktop/etc-spark-airflow/env/lib/python3.12/site-packages/airflow/example_dags/example_sla_dag.py
[2024-08-04T20:43:14.577+0530] {processor.py:830} INFO - Processing file /Users/deepanshu/Desktop/etc-spark-airflow/env/lib/python3.12/site-packages/airflow/example_dags/example_sla_dag.py for tasks to queue
[2024-08-04T20:43:14.577+0530] {logging_mixin.py:188} INFO - [2024-08-04T20:43:14.577+0530] {dagbag.py:545} INFO - Filling up the DagBag from /Users/deepanshu/Desktop/etc-spark-airflow/env/lib/python3.12/site-packages/airflow/example_dags/example_sla_dag.py
[2024-08-04T20:43:14.600+0530] {processor.py:840} INFO - DAG(s) 'example_sla_dag' retrieved from /Users/deepanshu/Desktop/etc-spark-airflow/env/lib/python3.12/site-packages/airflow/example_dags/example_sla_dag.py
[2024-08-04T20:43:14.652+0530] {logging_mixin.py:188} INFO - [2024-08-04T20:43:14.652+0530] {dag.py:3089} INFO - Sync 1 DAGs
[2024-08-04T20:43:14.663+0530] {logging_mixin.py:188} INFO - [2024-08-04T20:43:14.663+0530] {dag.py:3947} INFO - Setting next_dagrun for example_sla_dag to 2024-08-04 15:10:00+00:00, run_after=2024-08-04 15:12:00+00:00
[2024-08-04T20:43:14.673+0530] {processor.py:183} INFO - Processing /Users/deepanshu/Desktop/etc-spark-airflow/env/lib/python3.12/site-packages/airflow/example_dags/example_sla_dag.py took 0.099 seconds
[2024-08-04T20:45:09.479+0530] {processor.py:161} INFO - Started process (PID=61016) to work on /Users/deepanshu/Desktop/etc-spark-airflow/env/lib/python3.12/site-packages/airflow/example_dags/example_sla_dag.py
[2024-08-04T20:45:09.481+0530] {processor.py:830} INFO - Processing file /Users/deepanshu/Desktop/etc-spark-airflow/env/lib/python3.12/site-packages/airflow/example_dags/example_sla_dag.py for tasks to queue
[2024-08-04T20:45:09.481+0530] {logging_mixin.py:188} INFO - [2024-08-04T20:45:09.481+0530] {dagbag.py:545} INFO - Filling up the DagBag from /Users/deepanshu/Desktop/etc-spark-airflow/env/lib/python3.12/site-packages/airflow/example_dags/example_sla_dag.py
[2024-08-04T20:45:09.504+0530] {processor.py:840} INFO - DAG(s) 'example_sla_dag' retrieved from /Users/deepanshu/Desktop/etc-spark-airflow/env/lib/python3.12/site-packages/airflow/example_dags/example_sla_dag.py
[2024-08-04T20:45:09.556+0530] {logging_mixin.py:188} INFO - [2024-08-04T20:45:09.556+0530] {dag.py:3089} INFO - Sync 1 DAGs
[2024-08-04T20:45:09.567+0530] {logging_mixin.py:188} INFO - [2024-08-04T20:45:09.567+0530] {dag.py:3947} INFO - Setting next_dagrun for example_sla_dag to 2024-08-04 15:12:00+00:00, run_after=2024-08-04 15:14:00+00:00
[2024-08-04T20:45:09.577+0530] {processor.py:183} INFO - Processing /Users/deepanshu/Desktop/etc-spark-airflow/env/lib/python3.12/site-packages/airflow/example_dags/example_sla_dag.py took 0.099 seconds
[2024-08-04T20:47:05.553+0530] {processor.py:161} INFO - Started process (PID=61829) to work on /Users/deepanshu/Desktop/etc-spark-airflow/env/lib/python3.12/site-packages/airflow/example_dags/example_sla_dag.py
[2024-08-04T20:47:05.555+0530] {processor.py:830} INFO - Processing file /Users/deepanshu/Desktop/etc-spark-airflow/env/lib/python3.12/site-packages/airflow/example_dags/example_sla_dag.py for tasks to queue
[2024-08-04T20:47:05.555+0530] {logging_mixin.py:188} INFO - [2024-08-04T20:47:05.555+0530] {dagbag.py:545} INFO - Filling up the DagBag from /Users/deepanshu/Desktop/etc-spark-airflow/env/lib/python3.12/site-packages/airflow/example_dags/example_sla_dag.py
[2024-08-04T20:47:05.578+0530] {processor.py:840} INFO - DAG(s) 'example_sla_dag' retrieved from /Users/deepanshu/Desktop/etc-spark-airflow/env/lib/python3.12/site-packages/airflow/example_dags/example_sla_dag.py
[2024-08-04T20:47:05.630+0530] {logging_mixin.py:188} INFO - [2024-08-04T20:47:05.629+0530] {dag.py:3089} INFO - Sync 1 DAGs
[2024-08-04T20:47:05.640+0530] {logging_mixin.py:188} INFO - [2024-08-04T20:47:05.640+0530] {dag.py:3947} INFO - Setting next_dagrun for example_sla_dag to 2024-08-04 15:14:00+00:00, run_after=2024-08-04 15:16:00+00:00
[2024-08-04T20:47:05.650+0530] {processor.py:183} INFO - Processing /Users/deepanshu/Desktop/etc-spark-airflow/env/lib/python3.12/site-packages/airflow/example_dags/example_sla_dag.py took 0.098 seconds
[2024-08-04T20:48:21.862+0530] {processor.py:161} INFO - Started process (PID=62341) to work on /Users/deepanshu/Desktop/etc-spark-airflow/env/lib/python3.12/site-packages/airflow/example_dags/example_sla_dag.py
[2024-08-04T20:48:21.864+0530] {processor.py:830} INFO - Processing file /Users/deepanshu/Desktop/etc-spark-airflow/env/lib/python3.12/site-packages/airflow/example_dags/example_sla_dag.py for tasks to queue
[2024-08-04T20:48:21.864+0530] {logging_mixin.py:188} INFO - [2024-08-04T20:48:21.864+0530] {dagbag.py:545} INFO - Filling up the DagBag from /Users/deepanshu/Desktop/etc-spark-airflow/env/lib/python3.12/site-packages/airflow/example_dags/example_sla_dag.py
[2024-08-04T20:48:21.887+0530] {processor.py:840} INFO - DAG(s) 'example_sla_dag' retrieved from /Users/deepanshu/Desktop/etc-spark-airflow/env/lib/python3.12/site-packages/airflow/example_dags/example_sla_dag.py
[2024-08-04T20:48:21.939+0530] {logging_mixin.py:188} INFO - [2024-08-04T20:48:21.939+0530] {dag.py:3089} INFO - Sync 1 DAGs
[2024-08-04T20:48:21.949+0530] {logging_mixin.py:188} INFO - [2024-08-04T20:48:21.949+0530] {dag.py:3947} INFO - Setting next_dagrun for example_sla_dag to 2024-08-04 15:16:00+00:00, run_after=2024-08-04 15:18:00+00:00
[2024-08-04T20:48:21.960+0530] {processor.py:183} INFO - Processing /Users/deepanshu/Desktop/etc-spark-airflow/env/lib/python3.12/site-packages/airflow/example_dags/example_sla_dag.py took 0.099 seconds
[2024-08-04T20:49:36.053+0530] {processor.py:161} INFO - Started process (PID=62856) to work on /Users/deepanshu/Desktop/etc-spark-airflow/env/lib/python3.12/site-packages/airflow/example_dags/example_sla_dag.py
[2024-08-04T20:49:36.054+0530] {processor.py:830} INFO - Processing file /Users/deepanshu/Desktop/etc-spark-airflow/env/lib/python3.12/site-packages/airflow/example_dags/example_sla_dag.py for tasks to queue
[2024-08-04T20:49:36.054+0530] {logging_mixin.py:188} INFO - [2024-08-04T20:49:36.054+0530] {dagbag.py:545} INFO - Filling up the DagBag from /Users/deepanshu/Desktop/etc-spark-airflow/env/lib/python3.12/site-packages/airflow/example_dags/example_sla_dag.py
[2024-08-04T20:49:36.077+0530] {processor.py:840} INFO - DAG(s) 'example_sla_dag' retrieved from /Users/deepanshu/Desktop/etc-spark-airflow/env/lib/python3.12/site-packages/airflow/example_dags/example_sla_dag.py
[2024-08-04T20:49:36.129+0530] {logging_mixin.py:188} INFO - [2024-08-04T20:49:36.129+0530] {dag.py:3089} INFO - Sync 1 DAGs
[2024-08-04T20:49:36.140+0530] {logging_mixin.py:188} INFO - [2024-08-04T20:49:36.139+0530] {dag.py:3947} INFO - Setting next_dagrun for example_sla_dag to 2024-08-04 15:16:00+00:00, run_after=2024-08-04 15:18:00+00:00
[2024-08-04T20:49:36.149+0530] {processor.py:183} INFO - Processing /Users/deepanshu/Desktop/etc-spark-airflow/env/lib/python3.12/site-packages/airflow/example_dags/example_sla_dag.py took 0.098 seconds
[2024-08-04T20:51:10.905+0530] {processor.py:161} INFO - Started process (PID=63546) to work on /Users/deepanshu/Desktop/etc-spark-airflow/env/lib/python3.12/site-packages/airflow/example_dags/example_sla_dag.py
[2024-08-04T20:51:10.907+0530] {processor.py:830} INFO - Processing file /Users/deepanshu/Desktop/etc-spark-airflow/env/lib/python3.12/site-packages/airflow/example_dags/example_sla_dag.py for tasks to queue
[2024-08-04T20:51:10.907+0530] {logging_mixin.py:188} INFO - [2024-08-04T20:51:10.907+0530] {dagbag.py:545} INFO - Filling up the DagBag from /Users/deepanshu/Desktop/etc-spark-airflow/env/lib/python3.12/site-packages/airflow/example_dags/example_sla_dag.py
[2024-08-04T20:51:10.930+0530] {processor.py:840} INFO - DAG(s) 'example_sla_dag' retrieved from /Users/deepanshu/Desktop/etc-spark-airflow/env/lib/python3.12/site-packages/airflow/example_dags/example_sla_dag.py
[2024-08-04T20:51:10.981+0530] {logging_mixin.py:188} INFO - [2024-08-04T20:51:10.981+0530] {dag.py:3089} INFO - Sync 1 DAGs
[2024-08-04T20:51:10.992+0530] {logging_mixin.py:188} INFO - [2024-08-04T20:51:10.992+0530] {dag.py:3947} INFO - Setting next_dagrun for example_sla_dag to 2024-08-04 15:18:00+00:00, run_after=2024-08-04 15:20:00+00:00
[2024-08-04T20:51:11.002+0530] {processor.py:183} INFO - Processing /Users/deepanshu/Desktop/etc-spark-airflow/env/lib/python3.12/site-packages/airflow/example_dags/example_sla_dag.py took 0.098 seconds
[2024-08-04T20:53:02.989+0530] {processor.py:161} INFO - Started process (PID=64336) to work on /Users/deepanshu/Desktop/etc-spark-airflow/env/lib/python3.12/site-packages/airflow/example_dags/example_sla_dag.py
[2024-08-04T20:53:02.991+0530] {processor.py:830} INFO - Processing file /Users/deepanshu/Desktop/etc-spark-airflow/env/lib/python3.12/site-packages/airflow/example_dags/example_sla_dag.py for tasks to queue
[2024-08-04T20:53:02.991+0530] {logging_mixin.py:188} INFO - [2024-08-04T20:53:02.991+0530] {dagbag.py:545} INFO - Filling up the DagBag from /Users/deepanshu/Desktop/etc-spark-airflow/env/lib/python3.12/site-packages/airflow/example_dags/example_sla_dag.py
[2024-08-04T20:53:03.017+0530] {processor.py:840} INFO - DAG(s) 'example_sla_dag' retrieved from /Users/deepanshu/Desktop/etc-spark-airflow/env/lib/python3.12/site-packages/airflow/example_dags/example_sla_dag.py
[2024-08-04T20:53:03.071+0530] {logging_mixin.py:188} INFO - [2024-08-04T20:53:03.070+0530] {dag.py:3089} INFO - Sync 1 DAGs
[2024-08-04T20:53:03.081+0530] {logging_mixin.py:188} INFO - [2024-08-04T20:53:03.081+0530] {dag.py:3947} INFO - Setting next_dagrun for example_sla_dag to 2024-08-04 15:20:00+00:00, run_after=2024-08-04 15:22:00+00:00
[2024-08-04T20:53:03.092+0530] {processor.py:183} INFO - Processing /Users/deepanshu/Desktop/etc-spark-airflow/env/lib/python3.12/site-packages/airflow/example_dags/example_sla_dag.py took 0.104 seconds
[2024-08-04T20:54:20.855+0530] {processor.py:161} INFO - Started process (PID=64947) to work on /Users/deepanshu/Desktop/etc-spark-airflow/env/lib/python3.12/site-packages/airflow/example_dags/example_sla_dag.py
[2024-08-04T20:54:20.856+0530] {processor.py:830} INFO - Processing file /Users/deepanshu/Desktop/etc-spark-airflow/env/lib/python3.12/site-packages/airflow/example_dags/example_sla_dag.py for tasks to queue
[2024-08-04T20:54:20.857+0530] {logging_mixin.py:188} INFO - [2024-08-04T20:54:20.857+0530] {dagbag.py:545} INFO - Filling up the DagBag from /Users/deepanshu/Desktop/etc-spark-airflow/env/lib/python3.12/site-packages/airflow/example_dags/example_sla_dag.py
[2024-08-04T20:54:20.883+0530] {processor.py:840} INFO - DAG(s) 'example_sla_dag' retrieved from /Users/deepanshu/Desktop/etc-spark-airflow/env/lib/python3.12/site-packages/airflow/example_dags/example_sla_dag.py
[2024-08-04T20:54:20.936+0530] {logging_mixin.py:188} INFO - [2024-08-04T20:54:20.936+0530] {dag.py:3089} INFO - Sync 1 DAGs
[2024-08-04T20:54:20.947+0530] {logging_mixin.py:188} INFO - [2024-08-04T20:54:20.947+0530] {dag.py:3947} INFO - Setting next_dagrun for example_sla_dag to 2024-08-04 15:22:00+00:00, run_after=2024-08-04 15:24:00+00:00
[2024-08-04T20:54:20.971+0530] {processor.py:183} INFO - Processing /Users/deepanshu/Desktop/etc-spark-airflow/env/lib/python3.12/site-packages/airflow/example_dags/example_sla_dag.py took 0.118 seconds
[2024-08-04T20:55:08.696+0530] {processor.py:161} INFO - Started process (PID=65298) to work on /Users/deepanshu/Desktop/etc-spark-airflow/env/lib/python3.12/site-packages/airflow/example_dags/example_sla_dag.py
[2024-08-04T20:55:08.696+0530] {processor.py:830} INFO - Processing file /Users/deepanshu/Desktop/etc-spark-airflow/env/lib/python3.12/site-packages/airflow/example_dags/example_sla_dag.py for tasks to queue
[2024-08-04T20:55:08.697+0530] {logging_mixin.py:188} INFO - [2024-08-04T20:55:08.697+0530] {dagbag.py:545} INFO - Filling up the DagBag from /Users/deepanshu/Desktop/etc-spark-airflow/env/lib/python3.12/site-packages/airflow/example_dags/example_sla_dag.py
[2024-08-04T20:55:08.720+0530] {processor.py:840} INFO - DAG(s) 'example_sla_dag' retrieved from /Users/deepanshu/Desktop/etc-spark-airflow/env/lib/python3.12/site-packages/airflow/example_dags/example_sla_dag.py
[2024-08-04T20:55:08.770+0530] {logging_mixin.py:188} INFO - [2024-08-04T20:55:08.770+0530] {dag.py:3089} INFO - Sync 1 DAGs
[2024-08-04T20:55:08.780+0530] {logging_mixin.py:188} INFO - [2024-08-04T20:55:08.780+0530] {dag.py:3947} INFO - Setting next_dagrun for example_sla_dag to 2024-08-04 15:22:00+00:00, run_after=2024-08-04 15:24:00+00:00
[2024-08-04T20:55:08.791+0530] {processor.py:183} INFO - Processing /Users/deepanshu/Desktop/etc-spark-airflow/env/lib/python3.12/site-packages/airflow/example_dags/example_sla_dag.py took 0.097 seconds
[2024-08-04T20:57:36.063+0530] {processor.py:161} INFO - Started process (PID=66440) to work on /Users/deepanshu/Desktop/etc-spark-airflow/env/lib/python3.12/site-packages/airflow/example_dags/example_sla_dag.py
[2024-08-04T20:57:36.064+0530] {processor.py:830} INFO - Processing file /Users/deepanshu/Desktop/etc-spark-airflow/env/lib/python3.12/site-packages/airflow/example_dags/example_sla_dag.py for tasks to queue
[2024-08-04T20:57:36.064+0530] {logging_mixin.py:188} INFO - [2024-08-04T20:57:36.064+0530] {dagbag.py:545} INFO - Filling up the DagBag from /Users/deepanshu/Desktop/etc-spark-airflow/env/lib/python3.12/site-packages/airflow/example_dags/example_sla_dag.py
[2024-08-04T20:57:36.088+0530] {processor.py:840} INFO - DAG(s) 'example_sla_dag' retrieved from /Users/deepanshu/Desktop/etc-spark-airflow/env/lib/python3.12/site-packages/airflow/example_dags/example_sla_dag.py
[2024-08-04T20:57:36.140+0530] {logging_mixin.py:188} INFO - [2024-08-04T20:57:36.140+0530] {dag.py:3089} INFO - Sync 1 DAGs
[2024-08-04T20:57:36.151+0530] {logging_mixin.py:188} INFO - [2024-08-04T20:57:36.151+0530] {dag.py:3947} INFO - Setting next_dagrun for example_sla_dag to 2024-08-04 15:24:00+00:00, run_after=2024-08-04 15:26:00+00:00
[2024-08-04T20:57:36.162+0530] {processor.py:183} INFO - Processing /Users/deepanshu/Desktop/etc-spark-airflow/env/lib/python3.12/site-packages/airflow/example_dags/example_sla_dag.py took 0.100 seconds
[2024-08-04T21:01:24.718+0530] {processor.py:161} INFO - Started process (PID=68485) to work on /Users/deepanshu/Desktop/etc-spark-airflow/env/lib/python3.12/site-packages/airflow/example_dags/example_sla_dag.py
[2024-08-04T21:01:24.719+0530] {processor.py:830} INFO - Processing file /Users/deepanshu/Desktop/etc-spark-airflow/env/lib/python3.12/site-packages/airflow/example_dags/example_sla_dag.py for tasks to queue
[2024-08-04T21:01:24.720+0530] {logging_mixin.py:188} INFO - [2024-08-04T21:01:24.720+0530] {dagbag.py:545} INFO - Filling up the DagBag from /Users/deepanshu/Desktop/etc-spark-airflow/env/lib/python3.12/site-packages/airflow/example_dags/example_sla_dag.py
[2024-08-04T21:01:24.742+0530] {processor.py:840} INFO - DAG(s) 'example_sla_dag' retrieved from /Users/deepanshu/Desktop/etc-spark-airflow/env/lib/python3.12/site-packages/airflow/example_dags/example_sla_dag.py
[2024-08-04T21:01:24.794+0530] {logging_mixin.py:188} INFO - [2024-08-04T21:01:24.794+0530] {dag.py:3089} INFO - Sync 1 DAGs
[2024-08-04T21:01:24.805+0530] {logging_mixin.py:188} INFO - [2024-08-04T21:01:24.804+0530] {dag.py:3947} INFO - Setting next_dagrun for example_sla_dag to 2024-08-04 15:28:00+00:00, run_after=2024-08-04 15:30:00+00:00
[2024-08-04T21:01:24.815+0530] {processor.py:183} INFO - Processing /Users/deepanshu/Desktop/etc-spark-airflow/env/lib/python3.12/site-packages/airflow/example_dags/example_sla_dag.py took 0.098 seconds
[2024-08-04T21:03:30.032+0530] {processor.py:161} INFO - Started process (PID=69363) to work on /Users/deepanshu/Desktop/etc-spark-airflow/env/lib/python3.12/site-packages/airflow/example_dags/example_sla_dag.py
[2024-08-04T21:03:30.033+0530] {processor.py:830} INFO - Processing file /Users/deepanshu/Desktop/etc-spark-airflow/env/lib/python3.12/site-packages/airflow/example_dags/example_sla_dag.py for tasks to queue
[2024-08-04T21:03:30.033+0530] {logging_mixin.py:188} INFO - [2024-08-04T21:03:30.033+0530] {dagbag.py:545} INFO - Filling up the DagBag from /Users/deepanshu/Desktop/etc-spark-airflow/env/lib/python3.12/site-packages/airflow/example_dags/example_sla_dag.py
[2024-08-04T21:03:30.056+0530] {processor.py:840} INFO - DAG(s) 'example_sla_dag' retrieved from /Users/deepanshu/Desktop/etc-spark-airflow/env/lib/python3.12/site-packages/airflow/example_dags/example_sla_dag.py
[2024-08-04T21:03:30.108+0530] {logging_mixin.py:188} INFO - [2024-08-04T21:03:30.107+0530] {dag.py:3089} INFO - Sync 1 DAGs
[2024-08-04T21:03:30.118+0530] {logging_mixin.py:188} INFO - [2024-08-04T21:03:30.118+0530] {dag.py:3947} INFO - Setting next_dagrun for example_sla_dag to 2024-08-04 15:30:00+00:00, run_after=2024-08-04 15:32:00+00:00
[2024-08-04T21:03:30.128+0530] {processor.py:183} INFO - Processing /Users/deepanshu/Desktop/etc-spark-airflow/env/lib/python3.12/site-packages/airflow/example_dags/example_sla_dag.py took 0.098 seconds
[2024-08-04T21:05:17.469+0530] {processor.py:161} INFO - Started process (PID=70094) to work on /Users/deepanshu/Desktop/etc-spark-airflow/env/lib/python3.12/site-packages/airflow/example_dags/example_sla_dag.py
[2024-08-04T21:05:17.470+0530] {processor.py:830} INFO - Processing file /Users/deepanshu/Desktop/etc-spark-airflow/env/lib/python3.12/site-packages/airflow/example_dags/example_sla_dag.py for tasks to queue
[2024-08-04T21:05:17.470+0530] {logging_mixin.py:188} INFO - [2024-08-04T21:05:17.470+0530] {dagbag.py:545} INFO - Filling up the DagBag from /Users/deepanshu/Desktop/etc-spark-airflow/env/lib/python3.12/site-packages/airflow/example_dags/example_sla_dag.py
[2024-08-04T21:05:17.494+0530] {processor.py:840} INFO - DAG(s) 'example_sla_dag' retrieved from /Users/deepanshu/Desktop/etc-spark-airflow/env/lib/python3.12/site-packages/airflow/example_dags/example_sla_dag.py
[2024-08-04T21:05:17.549+0530] {logging_mixin.py:188} INFO - [2024-08-04T21:05:17.549+0530] {dag.py:3089} INFO - Sync 1 DAGs
[2024-08-04T21:05:17.560+0530] {logging_mixin.py:188} INFO - [2024-08-04T21:05:17.560+0530] {dag.py:3947} INFO - Setting next_dagrun for example_sla_dag to 2024-08-04 15:32:00+00:00, run_after=2024-08-04 15:34:00+00:00
[2024-08-04T21:05:17.572+0530] {processor.py:183} INFO - Processing /Users/deepanshu/Desktop/etc-spark-airflow/env/lib/python3.12/site-packages/airflow/example_dags/example_sla_dag.py took 0.104 seconds
[2024-08-04T21:06:04.243+0530] {processor.py:161} INFO - Started process (PID=70435) to work on /Users/deepanshu/Desktop/etc-spark-airflow/env/lib/python3.12/site-packages/airflow/example_dags/example_sla_dag.py
[2024-08-04T21:06:04.245+0530] {processor.py:830} INFO - Processing file /Users/deepanshu/Desktop/etc-spark-airflow/env/lib/python3.12/site-packages/airflow/example_dags/example_sla_dag.py for tasks to queue
[2024-08-04T21:06:04.245+0530] {logging_mixin.py:188} INFO - [2024-08-04T21:06:04.245+0530] {dagbag.py:545} INFO - Filling up the DagBag from /Users/deepanshu/Desktop/etc-spark-airflow/env/lib/python3.12/site-packages/airflow/example_dags/example_sla_dag.py
[2024-08-04T21:06:04.268+0530] {processor.py:840} INFO - DAG(s) 'example_sla_dag' retrieved from /Users/deepanshu/Desktop/etc-spark-airflow/env/lib/python3.12/site-packages/airflow/example_dags/example_sla_dag.py
[2024-08-04T21:06:04.320+0530] {logging_mixin.py:188} INFO - [2024-08-04T21:06:04.320+0530] {dag.py:3089} INFO - Sync 1 DAGs
[2024-08-04T21:06:04.330+0530] {logging_mixin.py:188} INFO - [2024-08-04T21:06:04.330+0530] {dag.py:3947} INFO - Setting next_dagrun for example_sla_dag to 2024-08-04 15:34:00+00:00, run_after=2024-08-04 15:36:00+00:00
[2024-08-04T21:06:04.341+0530] {processor.py:183} INFO - Processing /Users/deepanshu/Desktop/etc-spark-airflow/env/lib/python3.12/site-packages/airflow/example_dags/example_sla_dag.py took 0.099 seconds
[2024-08-04T21:07:46.814+0530] {processor.py:161} INFO - Started process (PID=71152) to work on /Users/deepanshu/Desktop/etc-spark-airflow/env/lib/python3.12/site-packages/airflow/example_dags/example_sla_dag.py
[2024-08-04T21:07:46.816+0530] {processor.py:830} INFO - Processing file /Users/deepanshu/Desktop/etc-spark-airflow/env/lib/python3.12/site-packages/airflow/example_dags/example_sla_dag.py for tasks to queue
[2024-08-04T21:07:46.816+0530] {logging_mixin.py:188} INFO - [2024-08-04T21:07:46.816+0530] {dagbag.py:545} INFO - Filling up the DagBag from /Users/deepanshu/Desktop/etc-spark-airflow/env/lib/python3.12/site-packages/airflow/example_dags/example_sla_dag.py
[2024-08-04T21:07:46.840+0530] {processor.py:840} INFO - DAG(s) 'example_sla_dag' retrieved from /Users/deepanshu/Desktop/etc-spark-airflow/env/lib/python3.12/site-packages/airflow/example_dags/example_sla_dag.py
[2024-08-04T21:07:46.891+0530] {logging_mixin.py:188} INFO - [2024-08-04T21:07:46.891+0530] {dag.py:3089} INFO - Sync 1 DAGs
[2024-08-04T21:07:46.902+0530] {logging_mixin.py:188} INFO - [2024-08-04T21:07:46.902+0530] {dag.py:3947} INFO - Setting next_dagrun for example_sla_dag to 2024-08-04 15:34:00+00:00, run_after=2024-08-04 15:36:00+00:00
[2024-08-04T21:07:46.912+0530] {processor.py:183} INFO - Processing /Users/deepanshu/Desktop/etc-spark-airflow/env/lib/python3.12/site-packages/airflow/example_dags/example_sla_dag.py took 0.099 seconds
