[2024-08-04T20:35:21.925+0530] {processor.py:161} INFO - Started process (PID=56562) to work on /Users/deepanshu/Desktop/etc-spark-airflow/env/lib/python3.12/site-packages/airflow/example_dags/example_bash_operator.py
[2024-08-04T20:35:21.926+0530] {processor.py:830} INFO - Processing file /Users/deepanshu/Desktop/etc-spark-airflow/env/lib/python3.12/site-packages/airflow/example_dags/example_bash_operator.py for tasks to queue
[2024-08-04T20:35:21.926+0530] {logging_mixin.py:188} INFO - [2024-08-04T20:35:21.926+0530] {dagbag.py:545} INFO - Filling up the DagBag from /Users/deepanshu/Desktop/etc-spark-airflow/env/lib/python3.12/site-packages/airflow/example_dags/example_bash_operator.py
[2024-08-04T20:35:21.936+0530] {processor.py:840} INFO - DAG(s) 'example_bash_operator' retrieved from /Users/deepanshu/Desktop/etc-spark-airflow/env/lib/python3.12/site-packages/airflow/example_dags/example_bash_operator.py
[2024-08-04T20:35:22.054+0530] {logging_mixin.py:188} INFO - [2024-08-04T20:35:22.054+0530] {override.py:1858} INFO - Created Permission View: can delete on DAG:example_bash_operator
[2024-08-04T20:35:22.059+0530] {logging_mixin.py:188} INFO - [2024-08-04T20:35:22.059+0530] {override.py:1858} INFO - Created Permission View: can read on DAG:example_bash_operator
[2024-08-04T20:35:22.062+0530] {logging_mixin.py:188} INFO - [2024-08-04T20:35:22.062+0530] {override.py:1858} INFO - Created Permission View: can edit on DAG:example_bash_operator
[2024-08-04T20:35:22.062+0530] {logging_mixin.py:188} INFO - [2024-08-04T20:35:22.062+0530] {dag.py:3089} INFO - Sync 1 DAGs
[2024-08-04T20:35:22.068+0530] {logging_mixin.py:188} INFO - [2024-08-04T20:35:22.068+0530] {dag.py:3111} INFO - Creating ORM DAG for example_bash_operator
[2024-08-04T20:35:22.073+0530] {logging_mixin.py:188} INFO - [2024-08-04T20:35:22.072+0530] {dag.py:3947} INFO - Setting next_dagrun for example_bash_operator to 2024-08-03 00:00:00+00:00, run_after=2024-08-04 00:00:00+00:00
[2024-08-04T20:35:22.083+0530] {processor.py:183} INFO - Processing /Users/deepanshu/Desktop/etc-spark-airflow/env/lib/python3.12/site-packages/airflow/example_dags/example_bash_operator.py took 0.160 seconds
[2024-08-04T20:39:03.083+0530] {processor.py:161} INFO - Started process (PID=58283) to work on /Users/deepanshu/Desktop/etc-spark-airflow/env/lib/python3.12/site-packages/airflow/example_dags/example_bash_operator.py
[2024-08-04T20:39:03.084+0530] {processor.py:830} INFO - Processing file /Users/deepanshu/Desktop/etc-spark-airflow/env/lib/python3.12/site-packages/airflow/example_dags/example_bash_operator.py for tasks to queue
[2024-08-04T20:39:03.084+0530] {logging_mixin.py:188} INFO - [2024-08-04T20:39:03.084+0530] {dagbag.py:545} INFO - Filling up the DagBag from /Users/deepanshu/Desktop/etc-spark-airflow/env/lib/python3.12/site-packages/airflow/example_dags/example_bash_operator.py
[2024-08-04T20:39:03.092+0530] {processor.py:840} INFO - DAG(s) 'example_bash_operator' retrieved from /Users/deepanshu/Desktop/etc-spark-airflow/env/lib/python3.12/site-packages/airflow/example_dags/example_bash_operator.py
[2024-08-04T20:39:03.149+0530] {logging_mixin.py:188} INFO - [2024-08-04T20:39:03.149+0530] {dag.py:3089} INFO - Sync 1 DAGs
[2024-08-04T20:39:03.159+0530] {logging_mixin.py:188} INFO - [2024-08-04T20:39:03.159+0530] {dag.py:3947} INFO - Setting next_dagrun for example_bash_operator to 2024-08-03 00:00:00+00:00, run_after=2024-08-04 00:00:00+00:00
[2024-08-04T20:39:03.169+0530] {processor.py:183} INFO - Processing /Users/deepanshu/Desktop/etc-spark-airflow/env/lib/python3.12/site-packages/airflow/example_dags/example_bash_operator.py took 0.088 seconds
[2024-08-04T20:42:25.607+0530] {processor.py:161} INFO - Started process (PID=59819) to work on /Users/deepanshu/Desktop/etc-spark-airflow/env/lib/python3.12/site-packages/airflow/example_dags/example_bash_operator.py
[2024-08-04T20:42:25.608+0530] {processor.py:830} INFO - Processing file /Users/deepanshu/Desktop/etc-spark-airflow/env/lib/python3.12/site-packages/airflow/example_dags/example_bash_operator.py for tasks to queue
[2024-08-04T20:42:25.609+0530] {logging_mixin.py:188} INFO - [2024-08-04T20:42:25.609+0530] {dagbag.py:545} INFO - Filling up the DagBag from /Users/deepanshu/Desktop/etc-spark-airflow/env/lib/python3.12/site-packages/airflow/example_dags/example_bash_operator.py
[2024-08-04T20:42:25.616+0530] {processor.py:840} INFO - DAG(s) 'example_bash_operator' retrieved from /Users/deepanshu/Desktop/etc-spark-airflow/env/lib/python3.12/site-packages/airflow/example_dags/example_bash_operator.py
[2024-08-04T20:42:25.673+0530] {logging_mixin.py:188} INFO - [2024-08-04T20:42:25.673+0530] {dag.py:3089} INFO - Sync 1 DAGs
[2024-08-04T20:42:25.684+0530] {logging_mixin.py:188} INFO - [2024-08-04T20:42:25.684+0530] {dag.py:3947} INFO - Setting next_dagrun for example_bash_operator to 2024-08-03 00:00:00+00:00, run_after=2024-08-04 00:00:00+00:00
[2024-08-04T20:42:25.694+0530] {processor.py:183} INFO - Processing /Users/deepanshu/Desktop/etc-spark-airflow/env/lib/python3.12/site-packages/airflow/example_dags/example_bash_operator.py took 0.088 seconds
[2024-08-04T20:46:12.360+0530] {processor.py:161} INFO - Started process (PID=61438) to work on /Users/deepanshu/Desktop/etc-spark-airflow/env/lib/python3.12/site-packages/airflow/example_dags/example_bash_operator.py
[2024-08-04T20:46:12.361+0530] {processor.py:830} INFO - Processing file /Users/deepanshu/Desktop/etc-spark-airflow/env/lib/python3.12/site-packages/airflow/example_dags/example_bash_operator.py for tasks to queue
[2024-08-04T20:46:12.361+0530] {logging_mixin.py:188} INFO - [2024-08-04T20:46:12.361+0530] {dagbag.py:545} INFO - Filling up the DagBag from /Users/deepanshu/Desktop/etc-spark-airflow/env/lib/python3.12/site-packages/airflow/example_dags/example_bash_operator.py
[2024-08-04T20:46:12.368+0530] {processor.py:840} INFO - DAG(s) 'example_bash_operator' retrieved from /Users/deepanshu/Desktop/etc-spark-airflow/env/lib/python3.12/site-packages/airflow/example_dags/example_bash_operator.py
[2024-08-04T20:46:12.425+0530] {logging_mixin.py:188} INFO - [2024-08-04T20:46:12.424+0530] {dag.py:3089} INFO - Sync 1 DAGs
[2024-08-04T20:46:12.434+0530] {logging_mixin.py:188} INFO - [2024-08-04T20:46:12.434+0530] {dag.py:3947} INFO - Setting next_dagrun for example_bash_operator to 2024-08-03 00:00:00+00:00, run_after=2024-08-04 00:00:00+00:00
[2024-08-04T20:46:12.445+0530] {processor.py:183} INFO - Processing /Users/deepanshu/Desktop/etc-spark-airflow/env/lib/python3.12/site-packages/airflow/example_dags/example_bash_operator.py took 0.087 seconds
[2024-08-04T20:48:51.561+0530] {processor.py:161} INFO - Started process (PID=62548) to work on /Users/deepanshu/Desktop/etc-spark-airflow/env/lib/python3.12/site-packages/airflow/example_dags/example_bash_operator.py
[2024-08-04T20:48:51.563+0530] {processor.py:830} INFO - Processing file /Users/deepanshu/Desktop/etc-spark-airflow/env/lib/python3.12/site-packages/airflow/example_dags/example_bash_operator.py for tasks to queue
[2024-08-04T20:48:51.563+0530] {logging_mixin.py:188} INFO - [2024-08-04T20:48:51.563+0530] {dagbag.py:545} INFO - Filling up the DagBag from /Users/deepanshu/Desktop/etc-spark-airflow/env/lib/python3.12/site-packages/airflow/example_dags/example_bash_operator.py
[2024-08-04T20:48:51.570+0530] {processor.py:840} INFO - DAG(s) 'example_bash_operator' retrieved from /Users/deepanshu/Desktop/etc-spark-airflow/env/lib/python3.12/site-packages/airflow/example_dags/example_bash_operator.py
[2024-08-04T20:48:51.627+0530] {logging_mixin.py:188} INFO - [2024-08-04T20:48:51.627+0530] {dag.py:3089} INFO - Sync 1 DAGs
[2024-08-04T20:48:51.637+0530] {logging_mixin.py:188} INFO - [2024-08-04T20:48:51.637+0530] {dag.py:3947} INFO - Setting next_dagrun for example_bash_operator to 2024-08-03 00:00:00+00:00, run_after=2024-08-04 00:00:00+00:00
[2024-08-04T20:48:51.648+0530] {processor.py:183} INFO - Processing /Users/deepanshu/Desktop/etc-spark-airflow/env/lib/python3.12/site-packages/airflow/example_dags/example_bash_operator.py took 0.088 seconds
[2024-08-04T20:52:09.991+0530] {processor.py:161} INFO - Started process (PID=63935) to work on /Users/deepanshu/Desktop/etc-spark-airflow/env/lib/python3.12/site-packages/airflow/example_dags/example_bash_operator.py
[2024-08-04T20:52:09.992+0530] {processor.py:830} INFO - Processing file /Users/deepanshu/Desktop/etc-spark-airflow/env/lib/python3.12/site-packages/airflow/example_dags/example_bash_operator.py for tasks to queue
[2024-08-04T20:52:09.992+0530] {logging_mixin.py:188} INFO - [2024-08-04T20:52:09.992+0530] {dagbag.py:545} INFO - Filling up the DagBag from /Users/deepanshu/Desktop/etc-spark-airflow/env/lib/python3.12/site-packages/airflow/example_dags/example_bash_operator.py
[2024-08-04T20:52:09.999+0530] {processor.py:840} INFO - DAG(s) 'example_bash_operator' retrieved from /Users/deepanshu/Desktop/etc-spark-airflow/env/lib/python3.12/site-packages/airflow/example_dags/example_bash_operator.py
[2024-08-04T20:52:10.057+0530] {logging_mixin.py:188} INFO - [2024-08-04T20:52:10.057+0530] {dag.py:3089} INFO - Sync 1 DAGs
[2024-08-04T20:52:10.069+0530] {logging_mixin.py:188} INFO - [2024-08-04T20:52:10.069+0530] {dag.py:3947} INFO - Setting next_dagrun for example_bash_operator to 2024-08-03 00:00:00+00:00, run_after=2024-08-04 00:00:00+00:00
[2024-08-04T20:52:10.080+0530] {processor.py:183} INFO - Processing /Users/deepanshu/Desktop/etc-spark-airflow/env/lib/python3.12/site-packages/airflow/example_dags/example_bash_operator.py took 0.091 seconds
[2024-08-04T20:56:10.526+0530] {processor.py:161} INFO - Started process (PID=65719) to work on /Users/deepanshu/Desktop/etc-spark-airflow/env/lib/python3.12/site-packages/airflow/example_dags/example_bash_operator.py
[2024-08-04T20:56:10.527+0530] {processor.py:830} INFO - Processing file /Users/deepanshu/Desktop/etc-spark-airflow/env/lib/python3.12/site-packages/airflow/example_dags/example_bash_operator.py for tasks to queue
[2024-08-04T20:56:10.527+0530] {logging_mixin.py:188} INFO - [2024-08-04T20:56:10.527+0530] {dagbag.py:545} INFO - Filling up the DagBag from /Users/deepanshu/Desktop/etc-spark-airflow/env/lib/python3.12/site-packages/airflow/example_dags/example_bash_operator.py
[2024-08-04T20:56:10.534+0530] {processor.py:840} INFO - DAG(s) 'example_bash_operator' retrieved from /Users/deepanshu/Desktop/etc-spark-airflow/env/lib/python3.12/site-packages/airflow/example_dags/example_bash_operator.py
[2024-08-04T20:56:10.591+0530] {logging_mixin.py:188} INFO - [2024-08-04T20:56:10.591+0530] {dag.py:3089} INFO - Sync 1 DAGs
[2024-08-04T20:56:10.601+0530] {logging_mixin.py:188} INFO - [2024-08-04T20:56:10.601+0530] {dag.py:3947} INFO - Setting next_dagrun for example_bash_operator to 2024-08-03 00:00:00+00:00, run_after=2024-08-04 00:00:00+00:00
[2024-08-04T20:56:10.611+0530] {processor.py:183} INFO - Processing /Users/deepanshu/Desktop/etc-spark-airflow/env/lib/python3.12/site-packages/airflow/example_dags/example_bash_operator.py took 0.087 seconds
[2024-08-04T21:02:27.122+0530] {processor.py:161} INFO - Started process (PID=68901) to work on /Users/deepanshu/Desktop/etc-spark-airflow/env/lib/python3.12/site-packages/airflow/example_dags/example_bash_operator.py
[2024-08-04T21:02:27.123+0530] {processor.py:830} INFO - Processing file /Users/deepanshu/Desktop/etc-spark-airflow/env/lib/python3.12/site-packages/airflow/example_dags/example_bash_operator.py for tasks to queue
[2024-08-04T21:02:27.123+0530] {logging_mixin.py:188} INFO - [2024-08-04T21:02:27.123+0530] {dagbag.py:545} INFO - Filling up the DagBag from /Users/deepanshu/Desktop/etc-spark-airflow/env/lib/python3.12/site-packages/airflow/example_dags/example_bash_operator.py
[2024-08-04T21:02:27.131+0530] {processor.py:840} INFO - DAG(s) 'example_bash_operator' retrieved from /Users/deepanshu/Desktop/etc-spark-airflow/env/lib/python3.12/site-packages/airflow/example_dags/example_bash_operator.py
[2024-08-04T21:02:27.188+0530] {logging_mixin.py:188} INFO - [2024-08-04T21:02:27.187+0530] {dag.py:3089} INFO - Sync 1 DAGs
[2024-08-04T21:02:27.198+0530] {logging_mixin.py:188} INFO - [2024-08-04T21:02:27.198+0530] {dag.py:3947} INFO - Setting next_dagrun for example_bash_operator to 2024-08-03 00:00:00+00:00, run_after=2024-08-04 00:00:00+00:00
[2024-08-04T21:02:27.209+0530] {processor.py:183} INFO - Processing /Users/deepanshu/Desktop/etc-spark-airflow/env/lib/python3.12/site-packages/airflow/example_dags/example_bash_operator.py took 0.088 seconds
[2024-08-04T21:04:32.809+0530] {processor.py:161} INFO - Started process (PID=69774) to work on /Users/deepanshu/Desktop/etc-spark-airflow/env/lib/python3.12/site-packages/airflow/example_dags/example_bash_operator.py
[2024-08-04T21:04:32.810+0530] {processor.py:830} INFO - Processing file /Users/deepanshu/Desktop/etc-spark-airflow/env/lib/python3.12/site-packages/airflow/example_dags/example_bash_operator.py for tasks to queue
[2024-08-04T21:04:32.811+0530] {logging_mixin.py:188} INFO - [2024-08-04T21:04:32.811+0530] {dagbag.py:545} INFO - Filling up the DagBag from /Users/deepanshu/Desktop/etc-spark-airflow/env/lib/python3.12/site-packages/airflow/example_dags/example_bash_operator.py
[2024-08-04T21:04:32.817+0530] {processor.py:840} INFO - DAG(s) 'example_bash_operator' retrieved from /Users/deepanshu/Desktop/etc-spark-airflow/env/lib/python3.12/site-packages/airflow/example_dags/example_bash_operator.py
[2024-08-04T21:04:32.874+0530] {logging_mixin.py:188} INFO - [2024-08-04T21:04:32.874+0530] {dag.py:3089} INFO - Sync 1 DAGs
[2024-08-04T21:04:32.884+0530] {logging_mixin.py:188} INFO - [2024-08-04T21:04:32.884+0530] {dag.py:3947} INFO - Setting next_dagrun for example_bash_operator to 2024-08-03 00:00:00+00:00, run_after=2024-08-04 00:00:00+00:00
[2024-08-04T21:04:32.895+0530] {processor.py:183} INFO - Processing /Users/deepanshu/Desktop/etc-spark-airflow/env/lib/python3.12/site-packages/airflow/example_dags/example_bash_operator.py took 0.088 seconds
[2024-08-04T21:07:03.193+0530] {processor.py:161} INFO - Started process (PID=70817) to work on /Users/deepanshu/Desktop/etc-spark-airflow/env/lib/python3.12/site-packages/airflow/example_dags/example_bash_operator.py
[2024-08-04T21:07:03.195+0530] {processor.py:830} INFO - Processing file /Users/deepanshu/Desktop/etc-spark-airflow/env/lib/python3.12/site-packages/airflow/example_dags/example_bash_operator.py for tasks to queue
[2024-08-04T21:07:03.195+0530] {logging_mixin.py:188} INFO - [2024-08-04T21:07:03.195+0530] {dagbag.py:545} INFO - Filling up the DagBag from /Users/deepanshu/Desktop/etc-spark-airflow/env/lib/python3.12/site-packages/airflow/example_dags/example_bash_operator.py
[2024-08-04T21:07:03.202+0530] {processor.py:840} INFO - DAG(s) 'example_bash_operator' retrieved from /Users/deepanshu/Desktop/etc-spark-airflow/env/lib/python3.12/site-packages/airflow/example_dags/example_bash_operator.py
[2024-08-04T21:07:03.259+0530] {logging_mixin.py:188} INFO - [2024-08-04T21:07:03.259+0530] {dag.py:3089} INFO - Sync 1 DAGs
[2024-08-04T21:07:03.269+0530] {logging_mixin.py:188} INFO - [2024-08-04T21:07:03.269+0530] {dag.py:3947} INFO - Setting next_dagrun for example_bash_operator to 2024-08-03 00:00:00+00:00, run_after=2024-08-04 00:00:00+00:00
[2024-08-04T21:07:03.280+0530] {processor.py:183} INFO - Processing /Users/deepanshu/Desktop/etc-spark-airflow/env/lib/python3.12/site-packages/airflow/example_dags/example_bash_operator.py took 0.088 seconds
