[2024-08-04T20:33:12.244+0530] {processor.py:161} INFO - Started process (PID=55674) to work on /Users/deepanshu/Desktop/etc-spark-airflow/env/lib/python3.12/site-packages/airflow/example_dags/example_task_group.py
[2024-08-04T20:33:12.245+0530] {processor.py:830} INFO - Processing file /Users/deepanshu/Desktop/etc-spark-airflow/env/lib/python3.12/site-packages/airflow/example_dags/example_task_group.py for tasks to queue
[2024-08-04T20:33:12.245+0530] {logging_mixin.py:188} INFO - [2024-08-04T20:33:12.245+0530] {dagbag.py:545} INFO - Filling up the DagBag from /Users/deepanshu/Desktop/etc-spark-airflow/env/lib/python3.12/site-packages/airflow/example_dags/example_task_group.py
[2024-08-04T20:33:12.251+0530] {processor.py:840} INFO - DAG(s) 'example_task_group' retrieved from /Users/deepanshu/Desktop/etc-spark-airflow/env/lib/python3.12/site-packages/airflow/example_dags/example_task_group.py
[2024-08-04T20:33:12.355+0530] {logging_mixin.py:188} INFO - [2024-08-04T20:33:12.355+0530] {override.py:1858} INFO - Created Permission View: can delete on DAG:example_task_group
[2024-08-04T20:33:12.360+0530] {logging_mixin.py:188} INFO - [2024-08-04T20:33:12.359+0530] {override.py:1858} INFO - Created Permission View: can read on DAG:example_task_group
[2024-08-04T20:33:12.363+0530] {logging_mixin.py:188} INFO - [2024-08-04T20:33:12.363+0530] {override.py:1858} INFO - Created Permission View: can edit on DAG:example_task_group
[2024-08-04T20:33:12.363+0530] {logging_mixin.py:188} INFO - [2024-08-04T20:33:12.363+0530] {dag.py:3089} INFO - Sync 1 DAGs
[2024-08-04T20:33:12.369+0530] {logging_mixin.py:188} INFO - [2024-08-04T20:33:12.368+0530] {dag.py:3111} INFO - Creating ORM DAG for example_task_group
[2024-08-04T20:33:12.373+0530] {logging_mixin.py:188} INFO - [2024-08-04T20:33:12.373+0530] {dag.py:3947} INFO - Setting next_dagrun for example_task_group to 2024-08-03 00:00:00+00:00, run_after=2024-08-04 00:00:00+00:00
[2024-08-04T20:33:12.383+0530] {processor.py:183} INFO - Processing /Users/deepanshu/Desktop/etc-spark-airflow/env/lib/python3.12/site-packages/airflow/example_dags/example_task_group.py took 0.140 seconds
[2024-08-04T20:34:14.923+0530] {processor.py:161} INFO - Started process (PID=56138) to work on /Users/deepanshu/Desktop/etc-spark-airflow/env/lib/python3.12/site-packages/airflow/example_dags/example_task_group.py
[2024-08-04T20:34:14.924+0530] {processor.py:830} INFO - Processing file /Users/deepanshu/Desktop/etc-spark-airflow/env/lib/python3.12/site-packages/airflow/example_dags/example_task_group.py for tasks to queue
[2024-08-04T20:34:14.925+0530] {logging_mixin.py:188} INFO - [2024-08-04T20:34:14.925+0530] {dagbag.py:545} INFO - Filling up the DagBag from /Users/deepanshu/Desktop/etc-spark-airflow/env/lib/python3.12/site-packages/airflow/example_dags/example_task_group.py
[2024-08-04T20:34:14.930+0530] {processor.py:840} INFO - DAG(s) 'example_task_group' retrieved from /Users/deepanshu/Desktop/etc-spark-airflow/env/lib/python3.12/site-packages/airflow/example_dags/example_task_group.py
[2024-08-04T20:34:14.983+0530] {logging_mixin.py:188} INFO - [2024-08-04T20:34:14.983+0530] {dag.py:3089} INFO - Sync 1 DAGs
[2024-08-04T20:34:14.993+0530] {logging_mixin.py:188} INFO - [2024-08-04T20:34:14.993+0530] {dag.py:3947} INFO - Setting next_dagrun for example_task_group to 2024-08-03 00:00:00+00:00, run_after=2024-08-04 00:00:00+00:00
[2024-08-04T20:34:15.003+0530] {processor.py:183} INFO - Processing /Users/deepanshu/Desktop/etc-spark-airflow/env/lib/python3.12/site-packages/airflow/example_dags/example_task_group.py took 0.082 seconds
[2024-08-04T20:36:19.236+0530] {processor.py:161} INFO - Started process (PID=57020) to work on /Users/deepanshu/Desktop/etc-spark-airflow/env/lib/python3.12/site-packages/airflow/example_dags/example_task_group.py
[2024-08-04T20:36:19.236+0530] {processor.py:830} INFO - Processing file /Users/deepanshu/Desktop/etc-spark-airflow/env/lib/python3.12/site-packages/airflow/example_dags/example_task_group.py for tasks to queue
[2024-08-04T20:36:19.237+0530] {logging_mixin.py:188} INFO - [2024-08-04T20:36:19.237+0530] {dagbag.py:545} INFO - Filling up the DagBag from /Users/deepanshu/Desktop/etc-spark-airflow/env/lib/python3.12/site-packages/airflow/example_dags/example_task_group.py
[2024-08-04T20:36:19.243+0530] {processor.py:840} INFO - DAG(s) 'example_task_group' retrieved from /Users/deepanshu/Desktop/etc-spark-airflow/env/lib/python3.12/site-packages/airflow/example_dags/example_task_group.py
[2024-08-04T20:36:19.306+0530] {logging_mixin.py:188} INFO - [2024-08-04T20:36:19.305+0530] {dag.py:3089} INFO - Sync 1 DAGs
[2024-08-04T20:36:19.316+0530] {logging_mixin.py:188} INFO - [2024-08-04T20:36:19.316+0530] {dag.py:3947} INFO - Setting next_dagrun for example_task_group to 2024-08-03 00:00:00+00:00, run_after=2024-08-04 00:00:00+00:00
[2024-08-04T20:36:19.329+0530] {processor.py:183} INFO - Processing /Users/deepanshu/Desktop/etc-spark-airflow/env/lib/python3.12/site-packages/airflow/example_dags/example_task_group.py took 0.095 seconds
[2024-08-04T20:37:49.030+0530] {processor.py:161} INFO - Started process (PID=57748) to work on /Users/deepanshu/Desktop/etc-spark-airflow/env/lib/python3.12/site-packages/airflow/example_dags/example_task_group.py
[2024-08-04T20:37:49.031+0530] {processor.py:830} INFO - Processing file /Users/deepanshu/Desktop/etc-spark-airflow/env/lib/python3.12/site-packages/airflow/example_dags/example_task_group.py for tasks to queue
[2024-08-04T20:37:49.031+0530] {logging_mixin.py:188} INFO - [2024-08-04T20:37:49.031+0530] {dagbag.py:545} INFO - Filling up the DagBag from /Users/deepanshu/Desktop/etc-spark-airflow/env/lib/python3.12/site-packages/airflow/example_dags/example_task_group.py
[2024-08-04T20:37:49.036+0530] {processor.py:840} INFO - DAG(s) 'example_task_group' retrieved from /Users/deepanshu/Desktop/etc-spark-airflow/env/lib/python3.12/site-packages/airflow/example_dags/example_task_group.py
[2024-08-04T20:37:49.090+0530] {logging_mixin.py:188} INFO - [2024-08-04T20:37:49.090+0530] {dag.py:3089} INFO - Sync 1 DAGs
[2024-08-04T20:37:49.101+0530] {logging_mixin.py:188} INFO - [2024-08-04T20:37:49.101+0530] {dag.py:3947} INFO - Setting next_dagrun for example_task_group to 2024-08-03 00:00:00+00:00, run_after=2024-08-04 00:00:00+00:00
[2024-08-04T20:37:49.112+0530] {processor.py:183} INFO - Processing /Users/deepanshu/Desktop/etc-spark-airflow/env/lib/python3.12/site-packages/airflow/example_dags/example_task_group.py took 0.084 seconds
[2024-08-04T20:39:46.777+0530] {processor.py:161} INFO - Started process (PID=58608) to work on /Users/deepanshu/Desktop/etc-spark-airflow/env/lib/python3.12/site-packages/airflow/example_dags/example_task_group.py
[2024-08-04T20:39:46.778+0530] {processor.py:830} INFO - Processing file /Users/deepanshu/Desktop/etc-spark-airflow/env/lib/python3.12/site-packages/airflow/example_dags/example_task_group.py for tasks to queue
[2024-08-04T20:39:46.779+0530] {logging_mixin.py:188} INFO - [2024-08-04T20:39:46.778+0530] {dagbag.py:545} INFO - Filling up the DagBag from /Users/deepanshu/Desktop/etc-spark-airflow/env/lib/python3.12/site-packages/airflow/example_dags/example_task_group.py
[2024-08-04T20:39:46.784+0530] {processor.py:840} INFO - DAG(s) 'example_task_group' retrieved from /Users/deepanshu/Desktop/etc-spark-airflow/env/lib/python3.12/site-packages/airflow/example_dags/example_task_group.py
[2024-08-04T20:39:46.839+0530] {logging_mixin.py:188} INFO - [2024-08-04T20:39:46.839+0530] {dag.py:3089} INFO - Sync 1 DAGs
[2024-08-04T20:39:46.849+0530] {logging_mixin.py:188} INFO - [2024-08-04T20:39:46.849+0530] {dag.py:3947} INFO - Setting next_dagrun for example_task_group to 2024-08-03 00:00:00+00:00, run_after=2024-08-04 00:00:00+00:00
[2024-08-04T20:39:46.860+0530] {processor.py:183} INFO - Processing /Users/deepanshu/Desktop/etc-spark-airflow/env/lib/python3.12/site-packages/airflow/example_dags/example_task_group.py took 0.085 seconds
[2024-08-04T20:41:17.988+0530] {processor.py:161} INFO - Started process (PID=59322) to work on /Users/deepanshu/Desktop/etc-spark-airflow/env/lib/python3.12/site-packages/airflow/example_dags/example_task_group.py
[2024-08-04T20:41:17.989+0530] {processor.py:830} INFO - Processing file /Users/deepanshu/Desktop/etc-spark-airflow/env/lib/python3.12/site-packages/airflow/example_dags/example_task_group.py for tasks to queue
[2024-08-04T20:41:17.989+0530] {logging_mixin.py:188} INFO - [2024-08-04T20:41:17.989+0530] {dagbag.py:545} INFO - Filling up the DagBag from /Users/deepanshu/Desktop/etc-spark-airflow/env/lib/python3.12/site-packages/airflow/example_dags/example_task_group.py
[2024-08-04T20:41:17.995+0530] {processor.py:840} INFO - DAG(s) 'example_task_group' retrieved from /Users/deepanshu/Desktop/etc-spark-airflow/env/lib/python3.12/site-packages/airflow/example_dags/example_task_group.py
[2024-08-04T20:41:18.051+0530] {logging_mixin.py:188} INFO - [2024-08-04T20:41:18.051+0530] {dag.py:3089} INFO - Sync 1 DAGs
[2024-08-04T20:41:18.061+0530] {logging_mixin.py:188} INFO - [2024-08-04T20:41:18.061+0530] {dag.py:3947} INFO - Setting next_dagrun for example_task_group to 2024-08-03 00:00:00+00:00, run_after=2024-08-04 00:00:00+00:00
[2024-08-04T20:41:18.071+0530] {processor.py:183} INFO - Processing /Users/deepanshu/Desktop/etc-spark-airflow/env/lib/python3.12/site-packages/airflow/example_dags/example_task_group.py took 0.084 seconds
[2024-08-04T20:43:11.096+0530] {processor.py:161} INFO - Started process (PID=60148) to work on /Users/deepanshu/Desktop/etc-spark-airflow/env/lib/python3.12/site-packages/airflow/example_dags/example_task_group.py
[2024-08-04T20:43:11.097+0530] {processor.py:830} INFO - Processing file /Users/deepanshu/Desktop/etc-spark-airflow/env/lib/python3.12/site-packages/airflow/example_dags/example_task_group.py for tasks to queue
[2024-08-04T20:43:11.098+0530] {logging_mixin.py:188} INFO - [2024-08-04T20:43:11.098+0530] {dagbag.py:545} INFO - Filling up the DagBag from /Users/deepanshu/Desktop/etc-spark-airflow/env/lib/python3.12/site-packages/airflow/example_dags/example_task_group.py
[2024-08-04T20:43:11.104+0530] {processor.py:840} INFO - DAG(s) 'example_task_group' retrieved from /Users/deepanshu/Desktop/etc-spark-airflow/env/lib/python3.12/site-packages/airflow/example_dags/example_task_group.py
[2024-08-04T20:43:11.157+0530] {logging_mixin.py:188} INFO - [2024-08-04T20:43:11.157+0530] {dag.py:3089} INFO - Sync 1 DAGs
[2024-08-04T20:43:11.167+0530] {logging_mixin.py:188} INFO - [2024-08-04T20:43:11.167+0530] {dag.py:3947} INFO - Setting next_dagrun for example_task_group to 2024-08-03 00:00:00+00:00, run_after=2024-08-04 00:00:00+00:00
[2024-08-04T20:43:11.178+0530] {processor.py:183} INFO - Processing /Users/deepanshu/Desktop/etc-spark-airflow/env/lib/python3.12/site-packages/airflow/example_dags/example_task_group.py took 0.084 seconds
[2024-08-04T20:45:05.251+0530] {processor.py:161} INFO - Started process (PID=60980) to work on /Users/deepanshu/Desktop/etc-spark-airflow/env/lib/python3.12/site-packages/airflow/example_dags/example_task_group.py
[2024-08-04T20:45:05.252+0530] {processor.py:830} INFO - Processing file /Users/deepanshu/Desktop/etc-spark-airflow/env/lib/python3.12/site-packages/airflow/example_dags/example_task_group.py for tasks to queue
[2024-08-04T20:45:05.252+0530] {logging_mixin.py:188} INFO - [2024-08-04T20:45:05.252+0530] {dagbag.py:545} INFO - Filling up the DagBag from /Users/deepanshu/Desktop/etc-spark-airflow/env/lib/python3.12/site-packages/airflow/example_dags/example_task_group.py
[2024-08-04T20:45:05.257+0530] {processor.py:840} INFO - DAG(s) 'example_task_group' retrieved from /Users/deepanshu/Desktop/etc-spark-airflow/env/lib/python3.12/site-packages/airflow/example_dags/example_task_group.py
[2024-08-04T20:45:05.312+0530] {logging_mixin.py:188} INFO - [2024-08-04T20:45:05.312+0530] {dag.py:3089} INFO - Sync 1 DAGs
[2024-08-04T20:45:05.321+0530] {logging_mixin.py:188} INFO - [2024-08-04T20:45:05.321+0530] {dag.py:3947} INFO - Setting next_dagrun for example_task_group to 2024-08-03 00:00:00+00:00, run_after=2024-08-04 00:00:00+00:00
[2024-08-04T20:45:05.331+0530] {processor.py:183} INFO - Processing /Users/deepanshu/Desktop/etc-spark-airflow/env/lib/python3.12/site-packages/airflow/example_dags/example_task_group.py took 0.082 seconds
[2024-08-04T20:47:02.279+0530] {processor.py:161} INFO - Started process (PID=61803) to work on /Users/deepanshu/Desktop/etc-spark-airflow/env/lib/python3.12/site-packages/airflow/example_dags/example_task_group.py
[2024-08-04T20:47:02.280+0530] {processor.py:830} INFO - Processing file /Users/deepanshu/Desktop/etc-spark-airflow/env/lib/python3.12/site-packages/airflow/example_dags/example_task_group.py for tasks to queue
[2024-08-04T20:47:02.281+0530] {logging_mixin.py:188} INFO - [2024-08-04T20:47:02.281+0530] {dagbag.py:545} INFO - Filling up the DagBag from /Users/deepanshu/Desktop/etc-spark-airflow/env/lib/python3.12/site-packages/airflow/example_dags/example_task_group.py
[2024-08-04T20:47:02.286+0530] {processor.py:840} INFO - DAG(s) 'example_task_group' retrieved from /Users/deepanshu/Desktop/etc-spark-airflow/env/lib/python3.12/site-packages/airflow/example_dags/example_task_group.py
[2024-08-04T20:47:02.339+0530] {logging_mixin.py:188} INFO - [2024-08-04T20:47:02.339+0530] {dag.py:3089} INFO - Sync 1 DAGs
[2024-08-04T20:47:02.348+0530] {logging_mixin.py:188} INFO - [2024-08-04T20:47:02.348+0530] {dag.py:3947} INFO - Setting next_dagrun for example_task_group to 2024-08-03 00:00:00+00:00, run_after=2024-08-04 00:00:00+00:00
[2024-08-04T20:47:02.359+0530] {processor.py:183} INFO - Processing /Users/deepanshu/Desktop/etc-spark-airflow/env/lib/python3.12/site-packages/airflow/example_dags/example_task_group.py took 0.081 seconds
[2024-08-04T20:48:18.002+0530] {processor.py:161} INFO - Started process (PID=62315) to work on /Users/deepanshu/Desktop/etc-spark-airflow/env/lib/python3.12/site-packages/airflow/example_dags/example_task_group.py
[2024-08-04T20:48:18.003+0530] {processor.py:830} INFO - Processing file /Users/deepanshu/Desktop/etc-spark-airflow/env/lib/python3.12/site-packages/airflow/example_dags/example_task_group.py for tasks to queue
[2024-08-04T20:48:18.003+0530] {logging_mixin.py:188} INFO - [2024-08-04T20:48:18.003+0530] {dagbag.py:545} INFO - Filling up the DagBag from /Users/deepanshu/Desktop/etc-spark-airflow/env/lib/python3.12/site-packages/airflow/example_dags/example_task_group.py
[2024-08-04T20:48:18.009+0530] {processor.py:840} INFO - DAG(s) 'example_task_group' retrieved from /Users/deepanshu/Desktop/etc-spark-airflow/env/lib/python3.12/site-packages/airflow/example_dags/example_task_group.py
[2024-08-04T20:48:18.063+0530] {logging_mixin.py:188} INFO - [2024-08-04T20:48:18.063+0530] {dag.py:3089} INFO - Sync 1 DAGs
[2024-08-04T20:48:18.073+0530] {logging_mixin.py:188} INFO - [2024-08-04T20:48:18.073+0530] {dag.py:3947} INFO - Setting next_dagrun for example_task_group to 2024-08-03 00:00:00+00:00, run_after=2024-08-04 00:00:00+00:00
[2024-08-04T20:48:18.084+0530] {processor.py:183} INFO - Processing /Users/deepanshu/Desktop/etc-spark-airflow/env/lib/python3.12/site-packages/airflow/example_dags/example_task_group.py took 0.084 seconds
[2024-08-04T20:49:32.054+0530] {processor.py:161} INFO - Started process (PID=62831) to work on /Users/deepanshu/Desktop/etc-spark-airflow/env/lib/python3.12/site-packages/airflow/example_dags/example_task_group.py
[2024-08-04T20:49:32.055+0530] {processor.py:830} INFO - Processing file /Users/deepanshu/Desktop/etc-spark-airflow/env/lib/python3.12/site-packages/airflow/example_dags/example_task_group.py for tasks to queue
[2024-08-04T20:49:32.056+0530] {logging_mixin.py:188} INFO - [2024-08-04T20:49:32.056+0530] {dagbag.py:545} INFO - Filling up the DagBag from /Users/deepanshu/Desktop/etc-spark-airflow/env/lib/python3.12/site-packages/airflow/example_dags/example_task_group.py
[2024-08-04T20:49:32.061+0530] {processor.py:840} INFO - DAG(s) 'example_task_group' retrieved from /Users/deepanshu/Desktop/etc-spark-airflow/env/lib/python3.12/site-packages/airflow/example_dags/example_task_group.py
[2024-08-04T20:49:32.114+0530] {logging_mixin.py:188} INFO - [2024-08-04T20:49:32.114+0530] {dag.py:3089} INFO - Sync 1 DAGs
[2024-08-04T20:49:32.123+0530] {logging_mixin.py:188} INFO - [2024-08-04T20:49:32.123+0530] {dag.py:3947} INFO - Setting next_dagrun for example_task_group to 2024-08-03 00:00:00+00:00, run_after=2024-08-04 00:00:00+00:00
[2024-08-04T20:49:32.134+0530] {processor.py:183} INFO - Processing /Users/deepanshu/Desktop/etc-spark-airflow/env/lib/python3.12/site-packages/airflow/example_dags/example_task_group.py took 0.081 seconds
[2024-08-04T20:51:07.127+0530] {processor.py:161} INFO - Started process (PID=63520) to work on /Users/deepanshu/Desktop/etc-spark-airflow/env/lib/python3.12/site-packages/airflow/example_dags/example_task_group.py
[2024-08-04T20:51:07.128+0530] {processor.py:830} INFO - Processing file /Users/deepanshu/Desktop/etc-spark-airflow/env/lib/python3.12/site-packages/airflow/example_dags/example_task_group.py for tasks to queue
[2024-08-04T20:51:07.128+0530] {logging_mixin.py:188} INFO - [2024-08-04T20:51:07.128+0530] {dagbag.py:545} INFO - Filling up the DagBag from /Users/deepanshu/Desktop/etc-spark-airflow/env/lib/python3.12/site-packages/airflow/example_dags/example_task_group.py
[2024-08-04T20:51:07.135+0530] {processor.py:840} INFO - DAG(s) 'example_task_group' retrieved from /Users/deepanshu/Desktop/etc-spark-airflow/env/lib/python3.12/site-packages/airflow/example_dags/example_task_group.py
[2024-08-04T20:51:07.200+0530] {logging_mixin.py:188} INFO - [2024-08-04T20:51:07.200+0530] {dag.py:3089} INFO - Sync 1 DAGs
[2024-08-04T20:51:07.211+0530] {logging_mixin.py:188} INFO - [2024-08-04T20:51:07.211+0530] {dag.py:3947} INFO - Setting next_dagrun for example_task_group to 2024-08-03 00:00:00+00:00, run_after=2024-08-04 00:00:00+00:00
[2024-08-04T20:51:07.222+0530] {processor.py:183} INFO - Processing /Users/deepanshu/Desktop/etc-spark-airflow/env/lib/python3.12/site-packages/airflow/example_dags/example_task_group.py took 0.098 seconds
[2024-08-04T20:52:59.383+0530] {processor.py:161} INFO - Started process (PID=64310) to work on /Users/deepanshu/Desktop/etc-spark-airflow/env/lib/python3.12/site-packages/airflow/example_dags/example_task_group.py
[2024-08-04T20:52:59.384+0530] {processor.py:830} INFO - Processing file /Users/deepanshu/Desktop/etc-spark-airflow/env/lib/python3.12/site-packages/airflow/example_dags/example_task_group.py for tasks to queue
[2024-08-04T20:52:59.384+0530] {logging_mixin.py:188} INFO - [2024-08-04T20:52:59.384+0530] {dagbag.py:545} INFO - Filling up the DagBag from /Users/deepanshu/Desktop/etc-spark-airflow/env/lib/python3.12/site-packages/airflow/example_dags/example_task_group.py
[2024-08-04T20:52:59.390+0530] {processor.py:840} INFO - DAG(s) 'example_task_group' retrieved from /Users/deepanshu/Desktop/etc-spark-airflow/env/lib/python3.12/site-packages/airflow/example_dags/example_task_group.py
[2024-08-04T20:52:59.445+0530] {logging_mixin.py:188} INFO - [2024-08-04T20:52:59.444+0530] {dag.py:3089} INFO - Sync 1 DAGs
[2024-08-04T20:52:59.454+0530] {logging_mixin.py:188} INFO - [2024-08-04T20:52:59.454+0530] {dag.py:3947} INFO - Setting next_dagrun for example_task_group to 2024-08-03 00:00:00+00:00, run_after=2024-08-04 00:00:00+00:00
[2024-08-04T20:52:59.464+0530] {processor.py:183} INFO - Processing /Users/deepanshu/Desktop/etc-spark-airflow/env/lib/python3.12/site-packages/airflow/example_dags/example_task_group.py took 0.082 seconds
[2024-08-04T20:54:16.775+0530] {processor.py:161} INFO - Started process (PID=64877) to work on /Users/deepanshu/Desktop/etc-spark-airflow/env/lib/python3.12/site-packages/airflow/example_dags/example_task_group.py
[2024-08-04T20:54:16.777+0530] {processor.py:830} INFO - Processing file /Users/deepanshu/Desktop/etc-spark-airflow/env/lib/python3.12/site-packages/airflow/example_dags/example_task_group.py for tasks to queue
[2024-08-04T20:54:16.777+0530] {logging_mixin.py:188} INFO - [2024-08-04T20:54:16.777+0530] {dagbag.py:545} INFO - Filling up the DagBag from /Users/deepanshu/Desktop/etc-spark-airflow/env/lib/python3.12/site-packages/airflow/example_dags/example_task_group.py
[2024-08-04T20:54:16.783+0530] {processor.py:840} INFO - DAG(s) 'example_task_group' retrieved from /Users/deepanshu/Desktop/etc-spark-airflow/env/lib/python3.12/site-packages/airflow/example_dags/example_task_group.py
[2024-08-04T20:54:16.841+0530] {logging_mixin.py:188} INFO - [2024-08-04T20:54:16.840+0530] {dag.py:3089} INFO - Sync 1 DAGs
[2024-08-04T20:54:16.851+0530] {logging_mixin.py:188} INFO - [2024-08-04T20:54:16.851+0530] {dag.py:3947} INFO - Setting next_dagrun for example_task_group to 2024-08-03 00:00:00+00:00, run_after=2024-08-04 00:00:00+00:00
[2024-08-04T20:54:16.862+0530] {processor.py:183} INFO - Processing /Users/deepanshu/Desktop/etc-spark-airflow/env/lib/python3.12/site-packages/airflow/example_dags/example_task_group.py took 0.088 seconds
[2024-08-04T20:55:04.707+0530] {processor.py:161} INFO - Started process (PID=65270) to work on /Users/deepanshu/Desktop/etc-spark-airflow/env/lib/python3.12/site-packages/airflow/example_dags/example_task_group.py
[2024-08-04T20:55:04.708+0530] {processor.py:830} INFO - Processing file /Users/deepanshu/Desktop/etc-spark-airflow/env/lib/python3.12/site-packages/airflow/example_dags/example_task_group.py for tasks to queue
[2024-08-04T20:55:04.708+0530] {logging_mixin.py:188} INFO - [2024-08-04T20:55:04.708+0530] {dagbag.py:545} INFO - Filling up the DagBag from /Users/deepanshu/Desktop/etc-spark-airflow/env/lib/python3.12/site-packages/airflow/example_dags/example_task_group.py
[2024-08-04T20:55:04.713+0530] {processor.py:840} INFO - DAG(s) 'example_task_group' retrieved from /Users/deepanshu/Desktop/etc-spark-airflow/env/lib/python3.12/site-packages/airflow/example_dags/example_task_group.py
[2024-08-04T20:55:04.767+0530] {logging_mixin.py:188} INFO - [2024-08-04T20:55:04.767+0530] {dag.py:3089} INFO - Sync 1 DAGs
[2024-08-04T20:55:04.777+0530] {logging_mixin.py:188} INFO - [2024-08-04T20:55:04.776+0530] {dag.py:3947} INFO - Setting next_dagrun for example_task_group to 2024-08-03 00:00:00+00:00, run_after=2024-08-04 00:00:00+00:00
[2024-08-04T20:55:04.787+0530] {processor.py:183} INFO - Processing /Users/deepanshu/Desktop/etc-spark-airflow/env/lib/python3.12/site-packages/airflow/example_dags/example_task_group.py took 0.082 seconds
[2024-08-04T20:57:32.048+0530] {processor.py:161} INFO - Started process (PID=66410) to work on /Users/deepanshu/Desktop/etc-spark-airflow/env/lib/python3.12/site-packages/airflow/example_dags/example_task_group.py
[2024-08-04T20:57:32.049+0530] {processor.py:830} INFO - Processing file /Users/deepanshu/Desktop/etc-spark-airflow/env/lib/python3.12/site-packages/airflow/example_dags/example_task_group.py for tasks to queue
[2024-08-04T20:57:32.050+0530] {logging_mixin.py:188} INFO - [2024-08-04T20:57:32.050+0530] {dagbag.py:545} INFO - Filling up the DagBag from /Users/deepanshu/Desktop/etc-spark-airflow/env/lib/python3.12/site-packages/airflow/example_dags/example_task_group.py
[2024-08-04T20:57:32.055+0530] {processor.py:840} INFO - DAG(s) 'example_task_group' retrieved from /Users/deepanshu/Desktop/etc-spark-airflow/env/lib/python3.12/site-packages/airflow/example_dags/example_task_group.py
[2024-08-04T20:57:32.109+0530] {logging_mixin.py:188} INFO - [2024-08-04T20:57:32.109+0530] {dag.py:3089} INFO - Sync 1 DAGs
[2024-08-04T20:57:32.119+0530] {logging_mixin.py:188} INFO - [2024-08-04T20:57:32.119+0530] {dag.py:3947} INFO - Setting next_dagrun for example_task_group to 2024-08-03 00:00:00+00:00, run_after=2024-08-04 00:00:00+00:00
[2024-08-04T20:57:32.130+0530] {processor.py:183} INFO - Processing /Users/deepanshu/Desktop/etc-spark-airflow/env/lib/python3.12/site-packages/airflow/example_dags/example_task_group.py took 0.083 seconds
[2024-08-04T21:01:21.382+0530] {processor.py:161} INFO - Started process (PID=68461) to work on /Users/deepanshu/Desktop/etc-spark-airflow/env/lib/python3.12/site-packages/airflow/example_dags/example_task_group.py
[2024-08-04T21:01:21.382+0530] {processor.py:830} INFO - Processing file /Users/deepanshu/Desktop/etc-spark-airflow/env/lib/python3.12/site-packages/airflow/example_dags/example_task_group.py for tasks to queue
[2024-08-04T21:01:21.383+0530] {logging_mixin.py:188} INFO - [2024-08-04T21:01:21.383+0530] {dagbag.py:545} INFO - Filling up the DagBag from /Users/deepanshu/Desktop/etc-spark-airflow/env/lib/python3.12/site-packages/airflow/example_dags/example_task_group.py
[2024-08-04T21:01:21.388+0530] {processor.py:840} INFO - DAG(s) 'example_task_group' retrieved from /Users/deepanshu/Desktop/etc-spark-airflow/env/lib/python3.12/site-packages/airflow/example_dags/example_task_group.py
[2024-08-04T21:01:21.442+0530] {logging_mixin.py:188} INFO - [2024-08-04T21:01:21.442+0530] {dag.py:3089} INFO - Sync 1 DAGs
[2024-08-04T21:01:21.451+0530] {logging_mixin.py:188} INFO - [2024-08-04T21:01:21.451+0530] {dag.py:3947} INFO - Setting next_dagrun for example_task_group to 2024-08-03 00:00:00+00:00, run_after=2024-08-04 00:00:00+00:00
[2024-08-04T21:01:21.462+0530] {processor.py:183} INFO - Processing /Users/deepanshu/Desktop/etc-spark-airflow/env/lib/python3.12/site-packages/airflow/example_dags/example_task_group.py took 0.082 seconds
[2024-08-04T21:03:26.048+0530] {processor.py:161} INFO - Started process (PID=69338) to work on /Users/deepanshu/Desktop/etc-spark-airflow/env/lib/python3.12/site-packages/airflow/example_dags/example_task_group.py
[2024-08-04T21:03:26.049+0530] {processor.py:830} INFO - Processing file /Users/deepanshu/Desktop/etc-spark-airflow/env/lib/python3.12/site-packages/airflow/example_dags/example_task_group.py for tasks to queue
[2024-08-04T21:03:26.049+0530] {logging_mixin.py:188} INFO - [2024-08-04T21:03:26.049+0530] {dagbag.py:545} INFO - Filling up the DagBag from /Users/deepanshu/Desktop/etc-spark-airflow/env/lib/python3.12/site-packages/airflow/example_dags/example_task_group.py
[2024-08-04T21:03:26.055+0530] {processor.py:840} INFO - DAG(s) 'example_task_group' retrieved from /Users/deepanshu/Desktop/etc-spark-airflow/env/lib/python3.12/site-packages/airflow/example_dags/example_task_group.py
[2024-08-04T21:03:26.108+0530] {logging_mixin.py:188} INFO - [2024-08-04T21:03:26.108+0530] {dag.py:3089} INFO - Sync 1 DAGs
[2024-08-04T21:03:26.118+0530] {logging_mixin.py:188} INFO - [2024-08-04T21:03:26.117+0530] {dag.py:3947} INFO - Setting next_dagrun for example_task_group to 2024-08-03 00:00:00+00:00, run_after=2024-08-04 00:00:00+00:00
[2024-08-04T21:03:26.128+0530] {processor.py:183} INFO - Processing /Users/deepanshu/Desktop/etc-spark-airflow/env/lib/python3.12/site-packages/airflow/example_dags/example_task_group.py took 0.082 seconds
[2024-08-04T21:05:13.527+0530] {processor.py:161} INFO - Started process (PID=70062) to work on /Users/deepanshu/Desktop/etc-spark-airflow/env/lib/python3.12/site-packages/airflow/example_dags/example_task_group.py
[2024-08-04T21:05:13.528+0530] {processor.py:830} INFO - Processing file /Users/deepanshu/Desktop/etc-spark-airflow/env/lib/python3.12/site-packages/airflow/example_dags/example_task_group.py for tasks to queue
[2024-08-04T21:05:13.529+0530] {logging_mixin.py:188} INFO - [2024-08-04T21:05:13.529+0530] {dagbag.py:545} INFO - Filling up the DagBag from /Users/deepanshu/Desktop/etc-spark-airflow/env/lib/python3.12/site-packages/airflow/example_dags/example_task_group.py
[2024-08-04T21:05:13.534+0530] {processor.py:840} INFO - DAG(s) 'example_task_group' retrieved from /Users/deepanshu/Desktop/etc-spark-airflow/env/lib/python3.12/site-packages/airflow/example_dags/example_task_group.py
[2024-08-04T21:05:13.589+0530] {logging_mixin.py:188} INFO - [2024-08-04T21:05:13.589+0530] {dag.py:3089} INFO - Sync 1 DAGs
[2024-08-04T21:05:13.599+0530] {logging_mixin.py:188} INFO - [2024-08-04T21:05:13.599+0530] {dag.py:3947} INFO - Setting next_dagrun for example_task_group to 2024-08-03 00:00:00+00:00, run_after=2024-08-04 00:00:00+00:00
[2024-08-04T21:05:13.612+0530] {processor.py:183} INFO - Processing /Users/deepanshu/Desktop/etc-spark-airflow/env/lib/python3.12/site-packages/airflow/example_dags/example_task_group.py took 0.086 seconds
[2024-08-04T21:06:00.243+0530] {processor.py:161} INFO - Started process (PID=70410) to work on /Users/deepanshu/Desktop/etc-spark-airflow/env/lib/python3.12/site-packages/airflow/example_dags/example_task_group.py
[2024-08-04T21:06:00.244+0530] {processor.py:830} INFO - Processing file /Users/deepanshu/Desktop/etc-spark-airflow/env/lib/python3.12/site-packages/airflow/example_dags/example_task_group.py for tasks to queue
[2024-08-04T21:06:00.244+0530] {logging_mixin.py:188} INFO - [2024-08-04T21:06:00.244+0530] {dagbag.py:545} INFO - Filling up the DagBag from /Users/deepanshu/Desktop/etc-spark-airflow/env/lib/python3.12/site-packages/airflow/example_dags/example_task_group.py
[2024-08-04T21:06:00.249+0530] {processor.py:840} INFO - DAG(s) 'example_task_group' retrieved from /Users/deepanshu/Desktop/etc-spark-airflow/env/lib/python3.12/site-packages/airflow/example_dags/example_task_group.py
[2024-08-04T21:06:00.303+0530] {logging_mixin.py:188} INFO - [2024-08-04T21:06:00.303+0530] {dag.py:3089} INFO - Sync 1 DAGs
[2024-08-04T21:06:00.313+0530] {logging_mixin.py:188} INFO - [2024-08-04T21:06:00.313+0530] {dag.py:3947} INFO - Setting next_dagrun for example_task_group to 2024-08-03 00:00:00+00:00, run_after=2024-08-04 00:00:00+00:00
[2024-08-04T21:06:00.323+0530] {processor.py:183} INFO - Processing /Users/deepanshu/Desktop/etc-spark-airflow/env/lib/python3.12/site-packages/airflow/example_dags/example_task_group.py took 0.082 seconds
[2024-08-04T21:07:42.946+0530] {processor.py:161} INFO - Started process (PID=71121) to work on /Users/deepanshu/Desktop/etc-spark-airflow/env/lib/python3.12/site-packages/airflow/example_dags/example_task_group.py
[2024-08-04T21:07:42.946+0530] {processor.py:830} INFO - Processing file /Users/deepanshu/Desktop/etc-spark-airflow/env/lib/python3.12/site-packages/airflow/example_dags/example_task_group.py for tasks to queue
[2024-08-04T21:07:42.947+0530] {logging_mixin.py:188} INFO - [2024-08-04T21:07:42.947+0530] {dagbag.py:545} INFO - Filling up the DagBag from /Users/deepanshu/Desktop/etc-spark-airflow/env/lib/python3.12/site-packages/airflow/example_dags/example_task_group.py
[2024-08-04T21:07:42.952+0530] {processor.py:840} INFO - DAG(s) 'example_task_group' retrieved from /Users/deepanshu/Desktop/etc-spark-airflow/env/lib/python3.12/site-packages/airflow/example_dags/example_task_group.py
[2024-08-04T21:07:43.006+0530] {logging_mixin.py:188} INFO - [2024-08-04T21:07:43.005+0530] {dag.py:3089} INFO - Sync 1 DAGs
[2024-08-04T21:07:43.015+0530] {logging_mixin.py:188} INFO - [2024-08-04T21:07:43.015+0530] {dag.py:3947} INFO - Setting next_dagrun for example_task_group to 2024-08-03 00:00:00+00:00, run_after=2024-08-04 00:00:00+00:00
[2024-08-04T21:07:43.025+0530] {processor.py:183} INFO - Processing /Users/deepanshu/Desktop/etc-spark-airflow/env/lib/python3.12/site-packages/airflow/example_dags/example_task_group.py took 0.081 seconds
