[2024-08-04T20:33:09.971+0530] {processor.py:161} INFO - Started process (PID=55655) to work on /Users/deepanshu/Desktop/etc-spark-airflow/env/lib/python3.12/site-packages/airflow/example_dags/example_task_group_decorator.py
[2024-08-04T20:33:09.971+0530] {processor.py:830} INFO - Processing file /Users/deepanshu/Desktop/etc-spark-airflow/env/lib/python3.12/site-packages/airflow/example_dags/example_task_group_decorator.py for tasks to queue
[2024-08-04T20:33:09.972+0530] {logging_mixin.py:188} INFO - [2024-08-04T20:33:09.972+0530] {dagbag.py:545} INFO - Filling up the DagBag from /Users/deepanshu/Desktop/etc-spark-airflow/env/lib/python3.12/site-packages/airflow/example_dags/example_task_group_decorator.py
[2024-08-04T20:33:09.998+0530] {processor.py:840} INFO - DAG(s) 'example_task_group_decorator' retrieved from /Users/deepanshu/Desktop/etc-spark-airflow/env/lib/python3.12/site-packages/airflow/example_dags/example_task_group_decorator.py
[2024-08-04T20:33:10.102+0530] {logging_mixin.py:188} INFO - [2024-08-04T20:33:10.102+0530] {override.py:1858} INFO - Created Permission View: can delete on DAG:example_task_group_decorator
[2024-08-04T20:33:10.107+0530] {logging_mixin.py:188} INFO - [2024-08-04T20:33:10.107+0530] {override.py:1858} INFO - Created Permission View: can edit on DAG:example_task_group_decorator
[2024-08-04T20:33:10.110+0530] {logging_mixin.py:188} INFO - [2024-08-04T20:33:10.110+0530] {override.py:1858} INFO - Created Permission View: can read on DAG:example_task_group_decorator
[2024-08-04T20:33:10.110+0530] {logging_mixin.py:188} INFO - [2024-08-04T20:33:10.110+0530] {dag.py:3089} INFO - Sync 1 DAGs
[2024-08-04T20:33:10.116+0530] {logging_mixin.py:188} INFO - [2024-08-04T20:33:10.116+0530] {dag.py:3111} INFO - Creating ORM DAG for example_task_group_decorator
[2024-08-04T20:33:10.121+0530] {logging_mixin.py:188} INFO - [2024-08-04T20:33:10.121+0530] {dag.py:3947} INFO - Setting next_dagrun for example_task_group_decorator to 2024-08-03 00:00:00+00:00, run_after=2024-08-04 00:00:00+00:00
[2024-08-04T20:33:10.131+0530] {processor.py:183} INFO - Processing /Users/deepanshu/Desktop/etc-spark-airflow/env/lib/python3.12/site-packages/airflow/example_dags/example_task_group_decorator.py took 0.162 seconds
[2024-08-04T20:34:12.731+0530] {processor.py:161} INFO - Started process (PID=56126) to work on /Users/deepanshu/Desktop/etc-spark-airflow/env/lib/python3.12/site-packages/airflow/example_dags/example_task_group_decorator.py
[2024-08-04T20:34:12.732+0530] {processor.py:830} INFO - Processing file /Users/deepanshu/Desktop/etc-spark-airflow/env/lib/python3.12/site-packages/airflow/example_dags/example_task_group_decorator.py for tasks to queue
[2024-08-04T20:34:12.732+0530] {logging_mixin.py:188} INFO - [2024-08-04T20:34:12.732+0530] {dagbag.py:545} INFO - Filling up the DagBag from /Users/deepanshu/Desktop/etc-spark-airflow/env/lib/python3.12/site-packages/airflow/example_dags/example_task_group_decorator.py
[2024-08-04T20:34:12.759+0530] {processor.py:840} INFO - DAG(s) 'example_task_group_decorator' retrieved from /Users/deepanshu/Desktop/etc-spark-airflow/env/lib/python3.12/site-packages/airflow/example_dags/example_task_group_decorator.py
[2024-08-04T20:34:12.814+0530] {logging_mixin.py:188} INFO - [2024-08-04T20:34:12.814+0530] {dag.py:3089} INFO - Sync 1 DAGs
[2024-08-04T20:34:12.823+0530] {logging_mixin.py:188} INFO - [2024-08-04T20:34:12.823+0530] {dag.py:3947} INFO - Setting next_dagrun for example_task_group_decorator to 2024-08-03 00:00:00+00:00, run_after=2024-08-04 00:00:00+00:00
[2024-08-04T20:34:12.834+0530] {processor.py:183} INFO - Processing /Users/deepanshu/Desktop/etc-spark-airflow/env/lib/python3.12/site-packages/airflow/example_dags/example_task_group_decorator.py took 0.105 seconds
[2024-08-04T20:36:16.854+0530] {processor.py:161} INFO - Started process (PID=57005) to work on /Users/deepanshu/Desktop/etc-spark-airflow/env/lib/python3.12/site-packages/airflow/example_dags/example_task_group_decorator.py
[2024-08-04T20:36:16.855+0530] {processor.py:830} INFO - Processing file /Users/deepanshu/Desktop/etc-spark-airflow/env/lib/python3.12/site-packages/airflow/example_dags/example_task_group_decorator.py for tasks to queue
[2024-08-04T20:36:16.855+0530] {logging_mixin.py:188} INFO - [2024-08-04T20:36:16.855+0530] {dagbag.py:545} INFO - Filling up the DagBag from /Users/deepanshu/Desktop/etc-spark-airflow/env/lib/python3.12/site-packages/airflow/example_dags/example_task_group_decorator.py
[2024-08-04T20:36:16.882+0530] {processor.py:840} INFO - DAG(s) 'example_task_group_decorator' retrieved from /Users/deepanshu/Desktop/etc-spark-airflow/env/lib/python3.12/site-packages/airflow/example_dags/example_task_group_decorator.py
[2024-08-04T20:36:16.938+0530] {logging_mixin.py:188} INFO - [2024-08-04T20:36:16.938+0530] {dag.py:3089} INFO - Sync 1 DAGs
[2024-08-04T20:36:16.947+0530] {logging_mixin.py:188} INFO - [2024-08-04T20:36:16.947+0530] {dag.py:3947} INFO - Setting next_dagrun for example_task_group_decorator to 2024-08-03 00:00:00+00:00, run_after=2024-08-04 00:00:00+00:00
[2024-08-04T20:36:16.959+0530] {processor.py:183} INFO - Processing /Users/deepanshu/Desktop/etc-spark-airflow/env/lib/python3.12/site-packages/airflow/example_dags/example_task_group_decorator.py took 0.108 seconds
[2024-08-04T20:37:46.891+0530] {processor.py:161} INFO - Started process (PID=57734) to work on /Users/deepanshu/Desktop/etc-spark-airflow/env/lib/python3.12/site-packages/airflow/example_dags/example_task_group_decorator.py
[2024-08-04T20:37:46.892+0530] {processor.py:830} INFO - Processing file /Users/deepanshu/Desktop/etc-spark-airflow/env/lib/python3.12/site-packages/airflow/example_dags/example_task_group_decorator.py for tasks to queue
[2024-08-04T20:37:46.892+0530] {logging_mixin.py:188} INFO - [2024-08-04T20:37:46.892+0530] {dagbag.py:545} INFO - Filling up the DagBag from /Users/deepanshu/Desktop/etc-spark-airflow/env/lib/python3.12/site-packages/airflow/example_dags/example_task_group_decorator.py
[2024-08-04T20:37:46.919+0530] {processor.py:840} INFO - DAG(s) 'example_task_group_decorator' retrieved from /Users/deepanshu/Desktop/etc-spark-airflow/env/lib/python3.12/site-packages/airflow/example_dags/example_task_group_decorator.py
[2024-08-04T20:37:46.974+0530] {logging_mixin.py:188} INFO - [2024-08-04T20:37:46.974+0530] {dag.py:3089} INFO - Sync 1 DAGs
[2024-08-04T20:37:46.984+0530] {logging_mixin.py:188} INFO - [2024-08-04T20:37:46.983+0530] {dag.py:3947} INFO - Setting next_dagrun for example_task_group_decorator to 2024-08-03 00:00:00+00:00, run_after=2024-08-04 00:00:00+00:00
[2024-08-04T20:37:46.995+0530] {processor.py:183} INFO - Processing /Users/deepanshu/Desktop/etc-spark-airflow/env/lib/python3.12/site-packages/airflow/example_dags/example_task_group_decorator.py took 0.106 seconds
[2024-08-04T20:39:44.665+0530] {processor.py:161} INFO - Started process (PID=58596) to work on /Users/deepanshu/Desktop/etc-spark-airflow/env/lib/python3.12/site-packages/airflow/example_dags/example_task_group_decorator.py
[2024-08-04T20:39:44.666+0530] {processor.py:830} INFO - Processing file /Users/deepanshu/Desktop/etc-spark-airflow/env/lib/python3.12/site-packages/airflow/example_dags/example_task_group_decorator.py for tasks to queue
[2024-08-04T20:39:44.666+0530] {logging_mixin.py:188} INFO - [2024-08-04T20:39:44.666+0530] {dagbag.py:545} INFO - Filling up the DagBag from /Users/deepanshu/Desktop/etc-spark-airflow/env/lib/python3.12/site-packages/airflow/example_dags/example_task_group_decorator.py
[2024-08-04T20:39:44.692+0530] {processor.py:840} INFO - DAG(s) 'example_task_group_decorator' retrieved from /Users/deepanshu/Desktop/etc-spark-airflow/env/lib/python3.12/site-packages/airflow/example_dags/example_task_group_decorator.py
[2024-08-04T20:39:44.747+0530] {logging_mixin.py:188} INFO - [2024-08-04T20:39:44.747+0530] {dag.py:3089} INFO - Sync 1 DAGs
[2024-08-04T20:39:44.756+0530] {logging_mixin.py:188} INFO - [2024-08-04T20:39:44.756+0530] {dag.py:3947} INFO - Setting next_dagrun for example_task_group_decorator to 2024-08-03 00:00:00+00:00, run_after=2024-08-04 00:00:00+00:00
[2024-08-04T20:39:44.768+0530] {processor.py:183} INFO - Processing /Users/deepanshu/Desktop/etc-spark-airflow/env/lib/python3.12/site-packages/airflow/example_dags/example_task_group_decorator.py took 0.104 seconds
[2024-08-04T20:41:16.743+0530] {processor.py:161} INFO - Started process (PID=59308) to work on /Users/deepanshu/Desktop/etc-spark-airflow/env/lib/python3.12/site-packages/airflow/example_dags/example_task_group_decorator.py
[2024-08-04T20:41:16.744+0530] {processor.py:830} INFO - Processing file /Users/deepanshu/Desktop/etc-spark-airflow/env/lib/python3.12/site-packages/airflow/example_dags/example_task_group_decorator.py for tasks to queue
[2024-08-04T20:41:16.744+0530] {logging_mixin.py:188} INFO - [2024-08-04T20:41:16.744+0530] {dagbag.py:545} INFO - Filling up the DagBag from /Users/deepanshu/Desktop/etc-spark-airflow/env/lib/python3.12/site-packages/airflow/example_dags/example_task_group_decorator.py
[2024-08-04T20:41:16.770+0530] {processor.py:840} INFO - DAG(s) 'example_task_group_decorator' retrieved from /Users/deepanshu/Desktop/etc-spark-airflow/env/lib/python3.12/site-packages/airflow/example_dags/example_task_group_decorator.py
[2024-08-04T20:41:16.824+0530] {logging_mixin.py:188} INFO - [2024-08-04T20:41:16.824+0530] {dag.py:3089} INFO - Sync 1 DAGs
[2024-08-04T20:41:16.834+0530] {logging_mixin.py:188} INFO - [2024-08-04T20:41:16.834+0530] {dag.py:3947} INFO - Setting next_dagrun for example_task_group_decorator to 2024-08-03 00:00:00+00:00, run_after=2024-08-04 00:00:00+00:00
[2024-08-04T20:41:16.845+0530] {processor.py:183} INFO - Processing /Users/deepanshu/Desktop/etc-spark-airflow/env/lib/python3.12/site-packages/airflow/example_dags/example_task_group_decorator.py took 0.104 seconds
[2024-08-04T20:43:08.930+0530] {processor.py:161} INFO - Started process (PID=60135) to work on /Users/deepanshu/Desktop/etc-spark-airflow/env/lib/python3.12/site-packages/airflow/example_dags/example_task_group_decorator.py
[2024-08-04T20:43:08.931+0530] {processor.py:830} INFO - Processing file /Users/deepanshu/Desktop/etc-spark-airflow/env/lib/python3.12/site-packages/airflow/example_dags/example_task_group_decorator.py for tasks to queue
[2024-08-04T20:43:08.931+0530] {logging_mixin.py:188} INFO - [2024-08-04T20:43:08.931+0530] {dagbag.py:545} INFO - Filling up the DagBag from /Users/deepanshu/Desktop/etc-spark-airflow/env/lib/python3.12/site-packages/airflow/example_dags/example_task_group_decorator.py
[2024-08-04T20:43:08.959+0530] {processor.py:840} INFO - DAG(s) 'example_task_group_decorator' retrieved from /Users/deepanshu/Desktop/etc-spark-airflow/env/lib/python3.12/site-packages/airflow/example_dags/example_task_group_decorator.py
[2024-08-04T20:43:09.015+0530] {logging_mixin.py:188} INFO - [2024-08-04T20:43:09.015+0530] {dag.py:3089} INFO - Sync 1 DAGs
[2024-08-04T20:43:09.025+0530] {logging_mixin.py:188} INFO - [2024-08-04T20:43:09.025+0530] {dag.py:3947} INFO - Setting next_dagrun for example_task_group_decorator to 2024-08-03 00:00:00+00:00, run_after=2024-08-04 00:00:00+00:00
[2024-08-04T20:43:09.037+0530] {processor.py:183} INFO - Processing /Users/deepanshu/Desktop/etc-spark-airflow/env/lib/python3.12/site-packages/airflow/example_dags/example_task_group_decorator.py took 0.109 seconds
[2024-08-04T20:45:03.282+0530] {processor.py:161} INFO - Started process (PID=60966) to work on /Users/deepanshu/Desktop/etc-spark-airflow/env/lib/python3.12/site-packages/airflow/example_dags/example_task_group_decorator.py
[2024-08-04T20:45:03.284+0530] {processor.py:830} INFO - Processing file /Users/deepanshu/Desktop/etc-spark-airflow/env/lib/python3.12/site-packages/airflow/example_dags/example_task_group_decorator.py for tasks to queue
[2024-08-04T20:45:03.284+0530] {logging_mixin.py:188} INFO - [2024-08-04T20:45:03.284+0530] {dagbag.py:545} INFO - Filling up the DagBag from /Users/deepanshu/Desktop/etc-spark-airflow/env/lib/python3.12/site-packages/airflow/example_dags/example_task_group_decorator.py
[2024-08-04T20:45:03.310+0530] {processor.py:840} INFO - DAG(s) 'example_task_group_decorator' retrieved from /Users/deepanshu/Desktop/etc-spark-airflow/env/lib/python3.12/site-packages/airflow/example_dags/example_task_group_decorator.py
[2024-08-04T20:45:03.365+0530] {logging_mixin.py:188} INFO - [2024-08-04T20:45:03.365+0530] {dag.py:3089} INFO - Sync 1 DAGs
[2024-08-04T20:45:03.375+0530] {logging_mixin.py:188} INFO - [2024-08-04T20:45:03.375+0530] {dag.py:3947} INFO - Setting next_dagrun for example_task_group_decorator to 2024-08-03 00:00:00+00:00, run_after=2024-08-04 00:00:00+00:00
[2024-08-04T20:45:03.386+0530] {processor.py:183} INFO - Processing /Users/deepanshu/Desktop/etc-spark-airflow/env/lib/python3.12/site-packages/airflow/example_dags/example_task_group_decorator.py took 0.105 seconds
[2024-08-04T20:47:00.302+0530] {processor.py:161} INFO - Started process (PID=61791) to work on /Users/deepanshu/Desktop/etc-spark-airflow/env/lib/python3.12/site-packages/airflow/example_dags/example_task_group_decorator.py
[2024-08-04T20:47:00.304+0530] {processor.py:830} INFO - Processing file /Users/deepanshu/Desktop/etc-spark-airflow/env/lib/python3.12/site-packages/airflow/example_dags/example_task_group_decorator.py for tasks to queue
[2024-08-04T20:47:00.304+0530] {logging_mixin.py:188} INFO - [2024-08-04T20:47:00.304+0530] {dagbag.py:545} INFO - Filling up the DagBag from /Users/deepanshu/Desktop/etc-spark-airflow/env/lib/python3.12/site-packages/airflow/example_dags/example_task_group_decorator.py
[2024-08-04T20:47:00.330+0530] {processor.py:840} INFO - DAG(s) 'example_task_group_decorator' retrieved from /Users/deepanshu/Desktop/etc-spark-airflow/env/lib/python3.12/site-packages/airflow/example_dags/example_task_group_decorator.py
[2024-08-04T20:47:00.384+0530] {logging_mixin.py:188} INFO - [2024-08-04T20:47:00.384+0530] {dag.py:3089} INFO - Sync 1 DAGs
[2024-08-04T20:47:00.393+0530] {logging_mixin.py:188} INFO - [2024-08-04T20:47:00.393+0530] {dag.py:3947} INFO - Setting next_dagrun for example_task_group_decorator to 2024-08-03 00:00:00+00:00, run_after=2024-08-04 00:00:00+00:00
[2024-08-04T20:47:00.405+0530] {processor.py:183} INFO - Processing /Users/deepanshu/Desktop/etc-spark-airflow/env/lib/python3.12/site-packages/airflow/example_dags/example_task_group_decorator.py took 0.104 seconds
[2024-08-04T20:48:15.843+0530] {processor.py:161} INFO - Started process (PID=62296) to work on /Users/deepanshu/Desktop/etc-spark-airflow/env/lib/python3.12/site-packages/airflow/example_dags/example_task_group_decorator.py
[2024-08-04T20:48:15.843+0530] {processor.py:830} INFO - Processing file /Users/deepanshu/Desktop/etc-spark-airflow/env/lib/python3.12/site-packages/airflow/example_dags/example_task_group_decorator.py for tasks to queue
[2024-08-04T20:48:15.844+0530] {logging_mixin.py:188} INFO - [2024-08-04T20:48:15.844+0530] {dagbag.py:545} INFO - Filling up the DagBag from /Users/deepanshu/Desktop/etc-spark-airflow/env/lib/python3.12/site-packages/airflow/example_dags/example_task_group_decorator.py
[2024-08-04T20:48:15.870+0530] {processor.py:840} INFO - DAG(s) 'example_task_group_decorator' retrieved from /Users/deepanshu/Desktop/etc-spark-airflow/env/lib/python3.12/site-packages/airflow/example_dags/example_task_group_decorator.py
[2024-08-04T20:48:15.924+0530] {logging_mixin.py:188} INFO - [2024-08-04T20:48:15.924+0530] {dag.py:3089} INFO - Sync 1 DAGs
[2024-08-04T20:48:15.933+0530] {logging_mixin.py:188} INFO - [2024-08-04T20:48:15.933+0530] {dag.py:3947} INFO - Setting next_dagrun for example_task_group_decorator to 2024-08-03 00:00:00+00:00, run_after=2024-08-04 00:00:00+00:00
[2024-08-04T20:48:15.944+0530] {processor.py:183} INFO - Processing /Users/deepanshu/Desktop/etc-spark-airflow/env/lib/python3.12/site-packages/airflow/example_dags/example_task_group_decorator.py took 0.103 seconds
[2024-08-04T20:49:29.951+0530] {processor.py:161} INFO - Started process (PID=62819) to work on /Users/deepanshu/Desktop/etc-spark-airflow/env/lib/python3.12/site-packages/airflow/example_dags/example_task_group_decorator.py
[2024-08-04T20:49:29.952+0530] {processor.py:830} INFO - Processing file /Users/deepanshu/Desktop/etc-spark-airflow/env/lib/python3.12/site-packages/airflow/example_dags/example_task_group_decorator.py for tasks to queue
[2024-08-04T20:49:29.953+0530] {logging_mixin.py:188} INFO - [2024-08-04T20:49:29.952+0530] {dagbag.py:545} INFO - Filling up the DagBag from /Users/deepanshu/Desktop/etc-spark-airflow/env/lib/python3.12/site-packages/airflow/example_dags/example_task_group_decorator.py
[2024-08-04T20:49:29.980+0530] {processor.py:840} INFO - DAG(s) 'example_task_group_decorator' retrieved from /Users/deepanshu/Desktop/etc-spark-airflow/env/lib/python3.12/site-packages/airflow/example_dags/example_task_group_decorator.py
[2024-08-04T20:49:30.035+0530] {logging_mixin.py:188} INFO - [2024-08-04T20:49:30.035+0530] {dag.py:3089} INFO - Sync 1 DAGs
[2024-08-04T20:49:30.044+0530] {logging_mixin.py:188} INFO - [2024-08-04T20:49:30.044+0530] {dag.py:3947} INFO - Setting next_dagrun for example_task_group_decorator to 2024-08-03 00:00:00+00:00, run_after=2024-08-04 00:00:00+00:00
[2024-08-04T20:49:30.055+0530] {processor.py:183} INFO - Processing /Users/deepanshu/Desktop/etc-spark-airflow/env/lib/python3.12/site-packages/airflow/example_dags/example_task_group_decorator.py took 0.106 seconds
[2024-08-04T20:51:04.775+0530] {processor.py:161} INFO - Started process (PID=63506) to work on /Users/deepanshu/Desktop/etc-spark-airflow/env/lib/python3.12/site-packages/airflow/example_dags/example_task_group_decorator.py
[2024-08-04T20:51:04.776+0530] {processor.py:830} INFO - Processing file /Users/deepanshu/Desktop/etc-spark-airflow/env/lib/python3.12/site-packages/airflow/example_dags/example_task_group_decorator.py for tasks to queue
[2024-08-04T20:51:04.776+0530] {logging_mixin.py:188} INFO - [2024-08-04T20:51:04.776+0530] {dagbag.py:545} INFO - Filling up the DagBag from /Users/deepanshu/Desktop/etc-spark-airflow/env/lib/python3.12/site-packages/airflow/example_dags/example_task_group_decorator.py
[2024-08-04T20:51:04.807+0530] {processor.py:840} INFO - DAG(s) 'example_task_group_decorator' retrieved from /Users/deepanshu/Desktop/etc-spark-airflow/env/lib/python3.12/site-packages/airflow/example_dags/example_task_group_decorator.py
[2024-08-04T20:51:04.866+0530] {logging_mixin.py:188} INFO - [2024-08-04T20:51:04.866+0530] {dag.py:3089} INFO - Sync 1 DAGs
[2024-08-04T20:51:04.876+0530] {logging_mixin.py:188} INFO - [2024-08-04T20:51:04.876+0530] {dag.py:3947} INFO - Setting next_dagrun for example_task_group_decorator to 2024-08-03 00:00:00+00:00, run_after=2024-08-04 00:00:00+00:00
[2024-08-04T20:51:04.887+0530] {processor.py:183} INFO - Processing /Users/deepanshu/Desktop/etc-spark-airflow/env/lib/python3.12/site-packages/airflow/example_dags/example_task_group_decorator.py took 0.114 seconds
[2024-08-04T20:52:57.426+0530] {processor.py:161} INFO - Started process (PID=64298) to work on /Users/deepanshu/Desktop/etc-spark-airflow/env/lib/python3.12/site-packages/airflow/example_dags/example_task_group_decorator.py
[2024-08-04T20:52:57.427+0530] {processor.py:830} INFO - Processing file /Users/deepanshu/Desktop/etc-spark-airflow/env/lib/python3.12/site-packages/airflow/example_dags/example_task_group_decorator.py for tasks to queue
[2024-08-04T20:52:57.427+0530] {logging_mixin.py:188} INFO - [2024-08-04T20:52:57.427+0530] {dagbag.py:545} INFO - Filling up the DagBag from /Users/deepanshu/Desktop/etc-spark-airflow/env/lib/python3.12/site-packages/airflow/example_dags/example_task_group_decorator.py
[2024-08-04T20:52:57.453+0530] {processor.py:840} INFO - DAG(s) 'example_task_group_decorator' retrieved from /Users/deepanshu/Desktop/etc-spark-airflow/env/lib/python3.12/site-packages/airflow/example_dags/example_task_group_decorator.py
[2024-08-04T20:52:57.508+0530] {logging_mixin.py:188} INFO - [2024-08-04T20:52:57.508+0530] {dag.py:3089} INFO - Sync 1 DAGs
[2024-08-04T20:52:57.517+0530] {logging_mixin.py:188} INFO - [2024-08-04T20:52:57.517+0530] {dag.py:3947} INFO - Setting next_dagrun for example_task_group_decorator to 2024-08-03 00:00:00+00:00, run_after=2024-08-04 00:00:00+00:00
[2024-08-04T20:52:57.528+0530] {processor.py:183} INFO - Processing /Users/deepanshu/Desktop/etc-spark-airflow/env/lib/python3.12/site-packages/airflow/example_dags/example_task_group_decorator.py took 0.104 seconds
[2024-08-04T20:54:14.512+0530] {processor.py:161} INFO - Started process (PID=64861) to work on /Users/deepanshu/Desktop/etc-spark-airflow/env/lib/python3.12/site-packages/airflow/example_dags/example_task_group_decorator.py
[2024-08-04T20:54:14.513+0530] {processor.py:830} INFO - Processing file /Users/deepanshu/Desktop/etc-spark-airflow/env/lib/python3.12/site-packages/airflow/example_dags/example_task_group_decorator.py for tasks to queue
[2024-08-04T20:54:14.514+0530] {logging_mixin.py:188} INFO - [2024-08-04T20:54:14.514+0530] {dagbag.py:545} INFO - Filling up the DagBag from /Users/deepanshu/Desktop/etc-spark-airflow/env/lib/python3.12/site-packages/airflow/example_dags/example_task_group_decorator.py
[2024-08-04T20:54:14.543+0530] {processor.py:840} INFO - DAG(s) 'example_task_group_decorator' retrieved from /Users/deepanshu/Desktop/etc-spark-airflow/env/lib/python3.12/site-packages/airflow/example_dags/example_task_group_decorator.py
[2024-08-04T20:54:14.597+0530] {logging_mixin.py:188} INFO - [2024-08-04T20:54:14.597+0530] {dag.py:3089} INFO - Sync 1 DAGs
[2024-08-04T20:54:14.606+0530] {logging_mixin.py:188} INFO - [2024-08-04T20:54:14.606+0530] {dag.py:3947} INFO - Setting next_dagrun for example_task_group_decorator to 2024-08-03 00:00:00+00:00, run_after=2024-08-04 00:00:00+00:00
[2024-08-04T20:54:14.618+0530] {processor.py:183} INFO - Processing /Users/deepanshu/Desktop/etc-spark-airflow/env/lib/python3.12/site-packages/airflow/example_dags/example_task_group_decorator.py took 0.107 seconds
[2024-08-04T20:55:02.571+0530] {processor.py:161} INFO - Started process (PID=65258) to work on /Users/deepanshu/Desktop/etc-spark-airflow/env/lib/python3.12/site-packages/airflow/example_dags/example_task_group_decorator.py
[2024-08-04T20:55:02.572+0530] {processor.py:830} INFO - Processing file /Users/deepanshu/Desktop/etc-spark-airflow/env/lib/python3.12/site-packages/airflow/example_dags/example_task_group_decorator.py for tasks to queue
[2024-08-04T20:55:02.573+0530] {logging_mixin.py:188} INFO - [2024-08-04T20:55:02.573+0530] {dagbag.py:545} INFO - Filling up the DagBag from /Users/deepanshu/Desktop/etc-spark-airflow/env/lib/python3.12/site-packages/airflow/example_dags/example_task_group_decorator.py
[2024-08-04T20:55:02.599+0530] {processor.py:840} INFO - DAG(s) 'example_task_group_decorator' retrieved from /Users/deepanshu/Desktop/etc-spark-airflow/env/lib/python3.12/site-packages/airflow/example_dags/example_task_group_decorator.py
[2024-08-04T20:55:02.654+0530] {logging_mixin.py:188} INFO - [2024-08-04T20:55:02.654+0530] {dag.py:3089} INFO - Sync 1 DAGs
[2024-08-04T20:55:02.663+0530] {logging_mixin.py:188} INFO - [2024-08-04T20:55:02.663+0530] {dag.py:3947} INFO - Setting next_dagrun for example_task_group_decorator to 2024-08-03 00:00:00+00:00, run_after=2024-08-04 00:00:00+00:00
[2024-08-04T20:55:02.674+0530] {processor.py:183} INFO - Processing /Users/deepanshu/Desktop/etc-spark-airflow/env/lib/python3.12/site-packages/airflow/example_dags/example_task_group_decorator.py took 0.105 seconds
[2024-08-04T20:57:29.859+0530] {processor.py:161} INFO - Started process (PID=66398) to work on /Users/deepanshu/Desktop/etc-spark-airflow/env/lib/python3.12/site-packages/airflow/example_dags/example_task_group_decorator.py
[2024-08-04T20:57:29.860+0530] {processor.py:830} INFO - Processing file /Users/deepanshu/Desktop/etc-spark-airflow/env/lib/python3.12/site-packages/airflow/example_dags/example_task_group_decorator.py for tasks to queue
[2024-08-04T20:57:29.860+0530] {logging_mixin.py:188} INFO - [2024-08-04T20:57:29.860+0530] {dagbag.py:545} INFO - Filling up the DagBag from /Users/deepanshu/Desktop/etc-spark-airflow/env/lib/python3.12/site-packages/airflow/example_dags/example_task_group_decorator.py
[2024-08-04T20:57:29.886+0530] {processor.py:840} INFO - DAG(s) 'example_task_group_decorator' retrieved from /Users/deepanshu/Desktop/etc-spark-airflow/env/lib/python3.12/site-packages/airflow/example_dags/example_task_group_decorator.py
[2024-08-04T20:57:29.948+0530] {logging_mixin.py:188} INFO - [2024-08-04T20:57:29.948+0530] {dag.py:3089} INFO - Sync 1 DAGs
[2024-08-04T20:57:29.957+0530] {logging_mixin.py:188} INFO - [2024-08-04T20:57:29.957+0530] {dag.py:3947} INFO - Setting next_dagrun for example_task_group_decorator to 2024-08-03 00:00:00+00:00, run_after=2024-08-04 00:00:00+00:00
[2024-08-04T20:57:29.970+0530] {processor.py:183} INFO - Processing /Users/deepanshu/Desktop/etc-spark-airflow/env/lib/python3.12/site-packages/airflow/example_dags/example_task_group_decorator.py took 0.113 seconds
[2024-08-04T21:01:19.274+0530] {processor.py:161} INFO - Started process (PID=68448) to work on /Users/deepanshu/Desktop/etc-spark-airflow/env/lib/python3.12/site-packages/airflow/example_dags/example_task_group_decorator.py
[2024-08-04T21:01:19.276+0530] {processor.py:830} INFO - Processing file /Users/deepanshu/Desktop/etc-spark-airflow/env/lib/python3.12/site-packages/airflow/example_dags/example_task_group_decorator.py for tasks to queue
[2024-08-04T21:01:19.276+0530] {logging_mixin.py:188} INFO - [2024-08-04T21:01:19.276+0530] {dagbag.py:545} INFO - Filling up the DagBag from /Users/deepanshu/Desktop/etc-spark-airflow/env/lib/python3.12/site-packages/airflow/example_dags/example_task_group_decorator.py
[2024-08-04T21:01:19.302+0530] {processor.py:840} INFO - DAG(s) 'example_task_group_decorator' retrieved from /Users/deepanshu/Desktop/etc-spark-airflow/env/lib/python3.12/site-packages/airflow/example_dags/example_task_group_decorator.py
[2024-08-04T21:01:19.357+0530] {logging_mixin.py:188} INFO - [2024-08-04T21:01:19.357+0530] {dag.py:3089} INFO - Sync 1 DAGs
[2024-08-04T21:01:19.365+0530] {logging_mixin.py:188} INFO - [2024-08-04T21:01:19.365+0530] {dag.py:3947} INFO - Setting next_dagrun for example_task_group_decorator to 2024-08-03 00:00:00+00:00, run_after=2024-08-04 00:00:00+00:00
[2024-08-04T21:01:19.377+0530] {processor.py:183} INFO - Processing /Users/deepanshu/Desktop/etc-spark-airflow/env/lib/python3.12/site-packages/airflow/example_dags/example_task_group_decorator.py took 0.104 seconds
[2024-08-04T21:03:23.916+0530] {processor.py:161} INFO - Started process (PID=69324) to work on /Users/deepanshu/Desktop/etc-spark-airflow/env/lib/python3.12/site-packages/airflow/example_dags/example_task_group_decorator.py
[2024-08-04T21:03:23.918+0530] {processor.py:830} INFO - Processing file /Users/deepanshu/Desktop/etc-spark-airflow/env/lib/python3.12/site-packages/airflow/example_dags/example_task_group_decorator.py for tasks to queue
[2024-08-04T21:03:23.918+0530] {logging_mixin.py:188} INFO - [2024-08-04T21:03:23.918+0530] {dagbag.py:545} INFO - Filling up the DagBag from /Users/deepanshu/Desktop/etc-spark-airflow/env/lib/python3.12/site-packages/airflow/example_dags/example_task_group_decorator.py
[2024-08-04T21:03:23.944+0530] {processor.py:840} INFO - DAG(s) 'example_task_group_decorator' retrieved from /Users/deepanshu/Desktop/etc-spark-airflow/env/lib/python3.12/site-packages/airflow/example_dags/example_task_group_decorator.py
[2024-08-04T21:03:23.998+0530] {logging_mixin.py:188} INFO - [2024-08-04T21:03:23.998+0530] {dag.py:3089} INFO - Sync 1 DAGs
[2024-08-04T21:03:24.008+0530] {logging_mixin.py:188} INFO - [2024-08-04T21:03:24.008+0530] {dag.py:3947} INFO - Setting next_dagrun for example_task_group_decorator to 2024-08-03 00:00:00+00:00, run_after=2024-08-04 00:00:00+00:00
[2024-08-04T21:03:24.019+0530] {processor.py:183} INFO - Processing /Users/deepanshu/Desktop/etc-spark-airflow/env/lib/python3.12/site-packages/airflow/example_dags/example_task_group_decorator.py took 0.104 seconds
[2024-08-04T21:05:11.325+0530] {processor.py:161} INFO - Started process (PID=70041) to work on /Users/deepanshu/Desktop/etc-spark-airflow/env/lib/python3.12/site-packages/airflow/example_dags/example_task_group_decorator.py
[2024-08-04T21:05:11.326+0530] {processor.py:830} INFO - Processing file /Users/deepanshu/Desktop/etc-spark-airflow/env/lib/python3.12/site-packages/airflow/example_dags/example_task_group_decorator.py for tasks to queue
[2024-08-04T21:05:11.327+0530] {logging_mixin.py:188} INFO - [2024-08-04T21:05:11.327+0530] {dagbag.py:545} INFO - Filling up the DagBag from /Users/deepanshu/Desktop/etc-spark-airflow/env/lib/python3.12/site-packages/airflow/example_dags/example_task_group_decorator.py
[2024-08-04T21:05:11.354+0530] {processor.py:840} INFO - DAG(s) 'example_task_group_decorator' retrieved from /Users/deepanshu/Desktop/etc-spark-airflow/env/lib/python3.12/site-packages/airflow/example_dags/example_task_group_decorator.py
[2024-08-04T21:05:11.411+0530] {logging_mixin.py:188} INFO - [2024-08-04T21:05:11.410+0530] {dag.py:3089} INFO - Sync 1 DAGs
[2024-08-04T21:05:11.421+0530] {logging_mixin.py:188} INFO - [2024-08-04T21:05:11.420+0530] {dag.py:3947} INFO - Setting next_dagrun for example_task_group_decorator to 2024-08-03 00:00:00+00:00, run_after=2024-08-04 00:00:00+00:00
[2024-08-04T21:05:11.432+0530] {processor.py:183} INFO - Processing /Users/deepanshu/Desktop/etc-spark-airflow/env/lib/python3.12/site-packages/airflow/example_dags/example_task_group_decorator.py took 0.108 seconds
[2024-08-04T21:05:58.131+0530] {processor.py:161} INFO - Started process (PID=70396) to work on /Users/deepanshu/Desktop/etc-spark-airflow/env/lib/python3.12/site-packages/airflow/example_dags/example_task_group_decorator.py
[2024-08-04T21:05:58.132+0530] {processor.py:830} INFO - Processing file /Users/deepanshu/Desktop/etc-spark-airflow/env/lib/python3.12/site-packages/airflow/example_dags/example_task_group_decorator.py for tasks to queue
[2024-08-04T21:05:58.133+0530] {logging_mixin.py:188} INFO - [2024-08-04T21:05:58.132+0530] {dagbag.py:545} INFO - Filling up the DagBag from /Users/deepanshu/Desktop/etc-spark-airflow/env/lib/python3.12/site-packages/airflow/example_dags/example_task_group_decorator.py
[2024-08-04T21:05:58.158+0530] {processor.py:840} INFO - DAG(s) 'example_task_group_decorator' retrieved from /Users/deepanshu/Desktop/etc-spark-airflow/env/lib/python3.12/site-packages/airflow/example_dags/example_task_group_decorator.py
[2024-08-04T21:05:58.213+0530] {logging_mixin.py:188} INFO - [2024-08-04T21:05:58.213+0530] {dag.py:3089} INFO - Sync 1 DAGs
[2024-08-04T21:05:58.221+0530] {logging_mixin.py:188} INFO - [2024-08-04T21:05:58.221+0530] {dag.py:3947} INFO - Setting next_dagrun for example_task_group_decorator to 2024-08-03 00:00:00+00:00, run_after=2024-08-04 00:00:00+00:00
[2024-08-04T21:05:58.233+0530] {processor.py:183} INFO - Processing /Users/deepanshu/Desktop/etc-spark-airflow/env/lib/python3.12/site-packages/airflow/example_dags/example_task_group_decorator.py took 0.103 seconds
[2024-08-04T21:07:40.772+0530] {processor.py:161} INFO - Started process (PID=71102) to work on /Users/deepanshu/Desktop/etc-spark-airflow/env/lib/python3.12/site-packages/airflow/example_dags/example_task_group_decorator.py
[2024-08-04T21:07:40.773+0530] {processor.py:830} INFO - Processing file /Users/deepanshu/Desktop/etc-spark-airflow/env/lib/python3.12/site-packages/airflow/example_dags/example_task_group_decorator.py for tasks to queue
[2024-08-04T21:07:40.773+0530] {logging_mixin.py:188} INFO - [2024-08-04T21:07:40.773+0530] {dagbag.py:545} INFO - Filling up the DagBag from /Users/deepanshu/Desktop/etc-spark-airflow/env/lib/python3.12/site-packages/airflow/example_dags/example_task_group_decorator.py
[2024-08-04T21:07:40.800+0530] {processor.py:840} INFO - DAG(s) 'example_task_group_decorator' retrieved from /Users/deepanshu/Desktop/etc-spark-airflow/env/lib/python3.12/site-packages/airflow/example_dags/example_task_group_decorator.py
[2024-08-04T21:07:40.858+0530] {logging_mixin.py:188} INFO - [2024-08-04T21:07:40.857+0530] {dag.py:3089} INFO - Sync 1 DAGs
[2024-08-04T21:07:40.867+0530] {logging_mixin.py:188} INFO - [2024-08-04T21:07:40.867+0530] {dag.py:3947} INFO - Setting next_dagrun for example_task_group_decorator to 2024-08-03 00:00:00+00:00, run_after=2024-08-04 00:00:00+00:00
[2024-08-04T21:07:40.879+0530] {processor.py:183} INFO - Processing /Users/deepanshu/Desktop/etc-spark-airflow/env/lib/python3.12/site-packages/airflow/example_dags/example_task_group_decorator.py took 0.109 seconds
