[2024-08-04T20:34:53.281+0530] {processor.py:161} INFO - Started process (PID=56384) to work on /Users/deepanshu/Desktop/etc-spark-airflow/env/lib/python3.12/site-packages/airflow/example_dags/example_kubernetes_executor.py
[2024-08-04T20:34:53.282+0530] {processor.py:830} INFO - Processing file /Users/deepanshu/Desktop/etc-spark-airflow/env/lib/python3.12/site-packages/airflow/example_dags/example_kubernetes_executor.py for tasks to queue
[2024-08-04T20:34:53.282+0530] {logging_mixin.py:188} INFO - [2024-08-04T20:34:53.282+0530] {dagbag.py:545} INFO - Filling up the DagBag from /Users/deepanshu/Desktop/etc-spark-airflow/env/lib/python3.12/site-packages/airflow/example_dags/example_kubernetes_executor.py
[2024-08-04T20:34:53.304+0530] {logging_mixin.py:188} INFO - [2024-08-04T20:34:53.304+0530] {example_kubernetes_executor.py:39} WARNING - The example_kubernetes_executor example DAG requires the kubernetes provider. Please install it with: pip install apache-airflow[cncf.kubernetes]
[2024-08-04T20:34:53.304+0530] {processor.py:842} WARNING - No viable dags retrieved from /Users/deepanshu/Desktop/etc-spark-airflow/env/lib/python3.12/site-packages/airflow/example_dags/example_kubernetes_executor.py
[2024-08-04T20:34:53.345+0530] {processor.py:183} INFO - Processing /Users/deepanshu/Desktop/etc-spark-airflow/env/lib/python3.12/site-packages/airflow/example_dags/example_kubernetes_executor.py took 0.065 seconds
[2024-08-04T20:36:57.597+0530] {processor.py:161} INFO - Started process (PID=57288) to work on /Users/deepanshu/Desktop/etc-spark-airflow/env/lib/python3.12/site-packages/airflow/example_dags/example_kubernetes_executor.py
[2024-08-04T20:36:57.598+0530] {processor.py:830} INFO - Processing file /Users/deepanshu/Desktop/etc-spark-airflow/env/lib/python3.12/site-packages/airflow/example_dags/example_kubernetes_executor.py for tasks to queue
[2024-08-04T20:36:57.598+0530] {logging_mixin.py:188} INFO - [2024-08-04T20:36:57.598+0530] {dagbag.py:545} INFO - Filling up the DagBag from /Users/deepanshu/Desktop/etc-spark-airflow/env/lib/python3.12/site-packages/airflow/example_dags/example_kubernetes_executor.py
[2024-08-04T20:36:57.621+0530] {logging_mixin.py:188} INFO - [2024-08-04T20:36:57.620+0530] {example_kubernetes_executor.py:39} WARNING - The example_kubernetes_executor example DAG requires the kubernetes provider. Please install it with: pip install apache-airflow[cncf.kubernetes]
[2024-08-04T20:36:57.621+0530] {processor.py:842} WARNING - No viable dags retrieved from /Users/deepanshu/Desktop/etc-spark-airflow/env/lib/python3.12/site-packages/airflow/example_dags/example_kubernetes_executor.py
[2024-08-04T20:36:57.664+0530] {processor.py:183} INFO - Processing /Users/deepanshu/Desktop/etc-spark-airflow/env/lib/python3.12/site-packages/airflow/example_dags/example_kubernetes_executor.py took 0.069 seconds
[2024-08-04T20:38:35.452+0530] {processor.py:161} INFO - Started process (PID=58098) to work on /Users/deepanshu/Desktop/etc-spark-airflow/env/lib/python3.12/site-packages/airflow/example_dags/example_kubernetes_executor.py
[2024-08-04T20:38:35.453+0530] {processor.py:830} INFO - Processing file /Users/deepanshu/Desktop/etc-spark-airflow/env/lib/python3.12/site-packages/airflow/example_dags/example_kubernetes_executor.py for tasks to queue
[2024-08-04T20:38:35.454+0530] {logging_mixin.py:188} INFO - [2024-08-04T20:38:35.454+0530] {dagbag.py:545} INFO - Filling up the DagBag from /Users/deepanshu/Desktop/etc-spark-airflow/env/lib/python3.12/site-packages/airflow/example_dags/example_kubernetes_executor.py
[2024-08-04T20:38:35.475+0530] {logging_mixin.py:188} INFO - [2024-08-04T20:38:35.475+0530] {example_kubernetes_executor.py:39} WARNING - The example_kubernetes_executor example DAG requires the kubernetes provider. Please install it with: pip install apache-airflow[cncf.kubernetes]
[2024-08-04T20:38:35.475+0530] {processor.py:842} WARNING - No viable dags retrieved from /Users/deepanshu/Desktop/etc-spark-airflow/env/lib/python3.12/site-packages/airflow/example_dags/example_kubernetes_executor.py
[2024-08-04T20:38:35.516+0530] {processor.py:183} INFO - Processing /Users/deepanshu/Desktop/etc-spark-airflow/env/lib/python3.12/site-packages/airflow/example_dags/example_kubernetes_executor.py took 0.066 seconds
[2024-08-04T20:41:56.647+0530] {processor.py:161} INFO - Started process (PID=59598) to work on /Users/deepanshu/Desktop/etc-spark-airflow/env/lib/python3.12/site-packages/airflow/example_dags/example_kubernetes_executor.py
[2024-08-04T20:41:56.648+0530] {processor.py:830} INFO - Processing file /Users/deepanshu/Desktop/etc-spark-airflow/env/lib/python3.12/site-packages/airflow/example_dags/example_kubernetes_executor.py for tasks to queue
[2024-08-04T20:41:56.649+0530] {logging_mixin.py:188} INFO - [2024-08-04T20:41:56.649+0530] {dagbag.py:545} INFO - Filling up the DagBag from /Users/deepanshu/Desktop/etc-spark-airflow/env/lib/python3.12/site-packages/airflow/example_dags/example_kubernetes_executor.py
[2024-08-04T20:41:56.670+0530] {logging_mixin.py:188} INFO - [2024-08-04T20:41:56.670+0530] {example_kubernetes_executor.py:39} WARNING - The example_kubernetes_executor example DAG requires the kubernetes provider. Please install it with: pip install apache-airflow[cncf.kubernetes]
[2024-08-04T20:41:56.670+0530] {processor.py:842} WARNING - No viable dags retrieved from /Users/deepanshu/Desktop/etc-spark-airflow/env/lib/python3.12/site-packages/airflow/example_dags/example_kubernetes_executor.py
[2024-08-04T20:41:56.711+0530] {processor.py:183} INFO - Processing /Users/deepanshu/Desktop/etc-spark-airflow/env/lib/python3.12/site-packages/airflow/example_dags/example_kubernetes_executor.py took 0.065 seconds
[2024-08-04T20:43:48.477+0530] {processor.py:161} INFO - Started process (PID=60398) to work on /Users/deepanshu/Desktop/etc-spark-airflow/env/lib/python3.12/site-packages/airflow/example_dags/example_kubernetes_executor.py
[2024-08-04T20:43:48.478+0530] {processor.py:830} INFO - Processing file /Users/deepanshu/Desktop/etc-spark-airflow/env/lib/python3.12/site-packages/airflow/example_dags/example_kubernetes_executor.py for tasks to queue
[2024-08-04T20:43:48.478+0530] {logging_mixin.py:188} INFO - [2024-08-04T20:43:48.478+0530] {dagbag.py:545} INFO - Filling up the DagBag from /Users/deepanshu/Desktop/etc-spark-airflow/env/lib/python3.12/site-packages/airflow/example_dags/example_kubernetes_executor.py
[2024-08-04T20:43:48.499+0530] {logging_mixin.py:188} INFO - [2024-08-04T20:43:48.499+0530] {example_kubernetes_executor.py:39} WARNING - The example_kubernetes_executor example DAG requires the kubernetes provider. Please install it with: pip install apache-airflow[cncf.kubernetes]
[2024-08-04T20:43:48.499+0530] {processor.py:842} WARNING - No viable dags retrieved from /Users/deepanshu/Desktop/etc-spark-airflow/env/lib/python3.12/site-packages/airflow/example_dags/example_kubernetes_executor.py
[2024-08-04T20:43:48.540+0530] {processor.py:183} INFO - Processing /Users/deepanshu/Desktop/etc-spark-airflow/env/lib/python3.12/site-packages/airflow/example_dags/example_kubernetes_executor.py took 0.065 seconds
[2024-08-04T20:45:44.391+0530] {processor.py:161} INFO - Started process (PID=61246) to work on /Users/deepanshu/Desktop/etc-spark-airflow/env/lib/python3.12/site-packages/airflow/example_dags/example_kubernetes_executor.py
[2024-08-04T20:45:44.391+0530] {processor.py:830} INFO - Processing file /Users/deepanshu/Desktop/etc-spark-airflow/env/lib/python3.12/site-packages/airflow/example_dags/example_kubernetes_executor.py for tasks to queue
[2024-08-04T20:45:44.392+0530] {logging_mixin.py:188} INFO - [2024-08-04T20:45:44.392+0530] {dagbag.py:545} INFO - Filling up the DagBag from /Users/deepanshu/Desktop/etc-spark-airflow/env/lib/python3.12/site-packages/airflow/example_dags/example_kubernetes_executor.py
[2024-08-04T20:45:44.412+0530] {logging_mixin.py:188} INFO - [2024-08-04T20:45:44.412+0530] {example_kubernetes_executor.py:39} WARNING - The example_kubernetes_executor example DAG requires the kubernetes provider. Please install it with: pip install apache-airflow[cncf.kubernetes]
[2024-08-04T20:45:44.412+0530] {processor.py:842} WARNING - No viable dags retrieved from /Users/deepanshu/Desktop/etc-spark-airflow/env/lib/python3.12/site-packages/airflow/example_dags/example_kubernetes_executor.py
[2024-08-04T20:45:44.453+0530] {processor.py:183} INFO - Processing /Users/deepanshu/Desktop/etc-spark-airflow/env/lib/python3.12/site-packages/airflow/example_dags/example_kubernetes_executor.py took 0.064 seconds
[2024-08-04T20:47:38.473+0530] {processor.py:161} INFO - Started process (PID=62034) to work on /Users/deepanshu/Desktop/etc-spark-airflow/env/lib/python3.12/site-packages/airflow/example_dags/example_kubernetes_executor.py
[2024-08-04T20:47:38.475+0530] {processor.py:830} INFO - Processing file /Users/deepanshu/Desktop/etc-spark-airflow/env/lib/python3.12/site-packages/airflow/example_dags/example_kubernetes_executor.py for tasks to queue
[2024-08-04T20:47:38.475+0530] {logging_mixin.py:188} INFO - [2024-08-04T20:47:38.475+0530] {dagbag.py:545} INFO - Filling up the DagBag from /Users/deepanshu/Desktop/etc-spark-airflow/env/lib/python3.12/site-packages/airflow/example_dags/example_kubernetes_executor.py
[2024-08-04T20:47:38.496+0530] {logging_mixin.py:188} INFO - [2024-08-04T20:47:38.496+0530] {example_kubernetes_executor.py:39} WARNING - The example_kubernetes_executor example DAG requires the kubernetes provider. Please install it with: pip install apache-airflow[cncf.kubernetes]
[2024-08-04T20:47:38.496+0530] {processor.py:842} WARNING - No viable dags retrieved from /Users/deepanshu/Desktop/etc-spark-airflow/env/lib/python3.12/site-packages/airflow/example_dags/example_kubernetes_executor.py
[2024-08-04T20:47:38.538+0530] {processor.py:183} INFO - Processing /Users/deepanshu/Desktop/etc-spark-airflow/env/lib/python3.12/site-packages/airflow/example_dags/example_kubernetes_executor.py took 0.066 seconds
[2024-08-04T20:50:10.051+0530] {processor.py:161} INFO - Started process (PID=63077) to work on /Users/deepanshu/Desktop/etc-spark-airflow/env/lib/python3.12/site-packages/airflow/example_dags/example_kubernetes_executor.py
[2024-08-04T20:50:10.052+0530] {processor.py:830} INFO - Processing file /Users/deepanshu/Desktop/etc-spark-airflow/env/lib/python3.12/site-packages/airflow/example_dags/example_kubernetes_executor.py for tasks to queue
[2024-08-04T20:50:10.052+0530] {logging_mixin.py:188} INFO - [2024-08-04T20:50:10.052+0530] {dagbag.py:545} INFO - Filling up the DagBag from /Users/deepanshu/Desktop/etc-spark-airflow/env/lib/python3.12/site-packages/airflow/example_dags/example_kubernetes_executor.py
[2024-08-04T20:50:10.074+0530] {logging_mixin.py:188} INFO - [2024-08-04T20:50:10.074+0530] {example_kubernetes_executor.py:39} WARNING - The example_kubernetes_executor example DAG requires the kubernetes provider. Please install it with: pip install apache-airflow[cncf.kubernetes]
[2024-08-04T20:50:10.074+0530] {processor.py:842} WARNING - No viable dags retrieved from /Users/deepanshu/Desktop/etc-spark-airflow/env/lib/python3.12/site-packages/airflow/example_dags/example_kubernetes_executor.py
[2024-08-04T20:50:10.117+0530] {processor.py:183} INFO - Processing /Users/deepanshu/Desktop/etc-spark-airflow/env/lib/python3.12/site-packages/airflow/example_dags/example_kubernetes_executor.py took 0.067 seconds
[2024-08-04T20:51:42.451+0530] {processor.py:161} INFO - Started process (PID=63756) to work on /Users/deepanshu/Desktop/etc-spark-airflow/env/lib/python3.12/site-packages/airflow/example_dags/example_kubernetes_executor.py
[2024-08-04T20:51:42.453+0530] {processor.py:830} INFO - Processing file /Users/deepanshu/Desktop/etc-spark-airflow/env/lib/python3.12/site-packages/airflow/example_dags/example_kubernetes_executor.py for tasks to queue
[2024-08-04T20:51:42.453+0530] {logging_mixin.py:188} INFO - [2024-08-04T20:51:42.453+0530] {dagbag.py:545} INFO - Filling up the DagBag from /Users/deepanshu/Desktop/etc-spark-airflow/env/lib/python3.12/site-packages/airflow/example_dags/example_kubernetes_executor.py
[2024-08-04T20:51:42.474+0530] {logging_mixin.py:188} INFO - [2024-08-04T20:51:42.474+0530] {example_kubernetes_executor.py:39} WARNING - The example_kubernetes_executor example DAG requires the kubernetes provider. Please install it with: pip install apache-airflow[cncf.kubernetes]
[2024-08-04T20:51:42.474+0530] {processor.py:842} WARNING - No viable dags retrieved from /Users/deepanshu/Desktop/etc-spark-airflow/env/lib/python3.12/site-packages/airflow/example_dags/example_kubernetes_executor.py
[2024-08-04T20:51:42.515+0530] {processor.py:183} INFO - Processing /Users/deepanshu/Desktop/etc-spark-airflow/env/lib/python3.12/site-packages/airflow/example_dags/example_kubernetes_executor.py took 0.065 seconds
[2024-08-04T20:53:36.885+0530] {processor.py:161} INFO - Started process (PID=64549) to work on /Users/deepanshu/Desktop/etc-spark-airflow/env/lib/python3.12/site-packages/airflow/example_dags/example_kubernetes_executor.py
[2024-08-04T20:53:36.886+0530] {processor.py:830} INFO - Processing file /Users/deepanshu/Desktop/etc-spark-airflow/env/lib/python3.12/site-packages/airflow/example_dags/example_kubernetes_executor.py for tasks to queue
[2024-08-04T20:53:36.887+0530] {logging_mixin.py:188} INFO - [2024-08-04T20:53:36.887+0530] {dagbag.py:545} INFO - Filling up the DagBag from /Users/deepanshu/Desktop/etc-spark-airflow/env/lib/python3.12/site-packages/airflow/example_dags/example_kubernetes_executor.py
[2024-08-04T20:53:36.907+0530] {logging_mixin.py:188} INFO - [2024-08-04T20:53:36.907+0530] {example_kubernetes_executor.py:39} WARNING - The example_kubernetes_executor example DAG requires the kubernetes provider. Please install it with: pip install apache-airflow[cncf.kubernetes]
[2024-08-04T20:53:36.908+0530] {processor.py:842} WARNING - No viable dags retrieved from /Users/deepanshu/Desktop/etc-spark-airflow/env/lib/python3.12/site-packages/airflow/example_dags/example_kubernetes_executor.py
[2024-08-04T20:53:36.949+0530] {processor.py:183} INFO - Processing /Users/deepanshu/Desktop/etc-spark-airflow/env/lib/python3.12/site-packages/airflow/example_dags/example_kubernetes_executor.py took 0.065 seconds
[2024-08-04T20:55:42.925+0530] {processor.py:161} INFO - Started process (PID=65541) to work on /Users/deepanshu/Desktop/etc-spark-airflow/env/lib/python3.12/site-packages/airflow/example_dags/example_kubernetes_executor.py
[2024-08-04T20:55:42.926+0530] {processor.py:830} INFO - Processing file /Users/deepanshu/Desktop/etc-spark-airflow/env/lib/python3.12/site-packages/airflow/example_dags/example_kubernetes_executor.py for tasks to queue
[2024-08-04T20:55:42.927+0530] {logging_mixin.py:188} INFO - [2024-08-04T20:55:42.927+0530] {dagbag.py:545} INFO - Filling up the DagBag from /Users/deepanshu/Desktop/etc-spark-airflow/env/lib/python3.12/site-packages/airflow/example_dags/example_kubernetes_executor.py
[2024-08-04T20:55:42.948+0530] {logging_mixin.py:188} INFO - [2024-08-04T20:55:42.947+0530] {example_kubernetes_executor.py:39} WARNING - The example_kubernetes_executor example DAG requires the kubernetes provider. Please install it with: pip install apache-airflow[cncf.kubernetes]
[2024-08-04T20:55:42.948+0530] {processor.py:842} WARNING - No viable dags retrieved from /Users/deepanshu/Desktop/etc-spark-airflow/env/lib/python3.12/site-packages/airflow/example_dags/example_kubernetes_executor.py
[2024-08-04T20:55:42.989+0530] {processor.py:183} INFO - Processing /Users/deepanshu/Desktop/etc-spark-airflow/env/lib/python3.12/site-packages/airflow/example_dags/example_kubernetes_executor.py took 0.065 seconds
[2024-08-04T21:01:58.449+0530] {processor.py:161} INFO - Started process (PID=68697) to work on /Users/deepanshu/Desktop/etc-spark-airflow/env/lib/python3.12/site-packages/airflow/example_dags/example_kubernetes_executor.py
[2024-08-04T21:01:58.450+0530] {processor.py:830} INFO - Processing file /Users/deepanshu/Desktop/etc-spark-airflow/env/lib/python3.12/site-packages/airflow/example_dags/example_kubernetes_executor.py for tasks to queue
[2024-08-04T21:01:58.450+0530] {logging_mixin.py:188} INFO - [2024-08-04T21:01:58.450+0530] {dagbag.py:545} INFO - Filling up the DagBag from /Users/deepanshu/Desktop/etc-spark-airflow/env/lib/python3.12/site-packages/airflow/example_dags/example_kubernetes_executor.py
[2024-08-04T21:01:58.471+0530] {logging_mixin.py:188} INFO - [2024-08-04T21:01:58.471+0530] {example_kubernetes_executor.py:39} WARNING - The example_kubernetes_executor example DAG requires the kubernetes provider. Please install it with: pip install apache-airflow[cncf.kubernetes]
[2024-08-04T21:01:58.472+0530] {processor.py:842} WARNING - No viable dags retrieved from /Users/deepanshu/Desktop/etc-spark-airflow/env/lib/python3.12/site-packages/airflow/example_dags/example_kubernetes_executor.py
[2024-08-04T21:01:58.513+0530] {processor.py:183} INFO - Processing /Users/deepanshu/Desktop/etc-spark-airflow/env/lib/python3.12/site-packages/airflow/example_dags/example_kubernetes_executor.py took 0.065 seconds
[2024-08-04T21:04:04.345+0530] {processor.py:161} INFO - Started process (PID=69587) to work on /Users/deepanshu/Desktop/etc-spark-airflow/env/lib/python3.12/site-packages/airflow/example_dags/example_kubernetes_executor.py
[2024-08-04T21:04:04.346+0530] {processor.py:830} INFO - Processing file /Users/deepanshu/Desktop/etc-spark-airflow/env/lib/python3.12/site-packages/airflow/example_dags/example_kubernetes_executor.py for tasks to queue
[2024-08-04T21:04:04.346+0530] {logging_mixin.py:188} INFO - [2024-08-04T21:04:04.346+0530] {dagbag.py:545} INFO - Filling up the DagBag from /Users/deepanshu/Desktop/etc-spark-airflow/env/lib/python3.12/site-packages/airflow/example_dags/example_kubernetes_executor.py
[2024-08-04T21:04:04.368+0530] {logging_mixin.py:188} INFO - [2024-08-04T21:04:04.368+0530] {example_kubernetes_executor.py:39} WARNING - The example_kubernetes_executor example DAG requires the kubernetes provider. Please install it with: pip install apache-airflow[cncf.kubernetes]
[2024-08-04T21:04:04.368+0530] {processor.py:842} WARNING - No viable dags retrieved from /Users/deepanshu/Desktop/etc-spark-airflow/env/lib/python3.12/site-packages/airflow/example_dags/example_kubernetes_executor.py
[2024-08-04T21:04:04.409+0530] {processor.py:183} INFO - Processing /Users/deepanshu/Desktop/etc-spark-airflow/env/lib/python3.12/site-packages/airflow/example_dags/example_kubernetes_executor.py took 0.065 seconds
[2024-08-04T21:06:35.704+0530] {processor.py:161} INFO - Started process (PID=70636) to work on /Users/deepanshu/Desktop/etc-spark-airflow/env/lib/python3.12/site-packages/airflow/example_dags/example_kubernetes_executor.py
[2024-08-04T21:06:35.706+0530] {processor.py:830} INFO - Processing file /Users/deepanshu/Desktop/etc-spark-airflow/env/lib/python3.12/site-packages/airflow/example_dags/example_kubernetes_executor.py for tasks to queue
[2024-08-04T21:06:35.706+0530] {logging_mixin.py:188} INFO - [2024-08-04T21:06:35.706+0530] {dagbag.py:545} INFO - Filling up the DagBag from /Users/deepanshu/Desktop/etc-spark-airflow/env/lib/python3.12/site-packages/airflow/example_dags/example_kubernetes_executor.py
[2024-08-04T21:06:35.727+0530] {logging_mixin.py:188} INFO - [2024-08-04T21:06:35.727+0530] {example_kubernetes_executor.py:39} WARNING - The example_kubernetes_executor example DAG requires the kubernetes provider. Please install it with: pip install apache-airflow[cncf.kubernetes]
[2024-08-04T21:06:35.727+0530] {processor.py:842} WARNING - No viable dags retrieved from /Users/deepanshu/Desktop/etc-spark-airflow/env/lib/python3.12/site-packages/airflow/example_dags/example_kubernetes_executor.py
[2024-08-04T21:06:35.768+0530] {processor.py:183} INFO - Processing /Users/deepanshu/Desktop/etc-spark-airflow/env/lib/python3.12/site-packages/airflow/example_dags/example_kubernetes_executor.py took 0.066 seconds
