[2024-08-04T20:33:24.241+0530] {processor.py:161} INFO - Started process (PID=55757) to work on /Users/deepanshu/Desktop/etc-spark-airflow/env/lib/python3.12/site-packages/airflow/example_dags/example_setup_teardown_taskflow.py
[2024-08-04T20:33:24.242+0530] {processor.py:830} INFO - Processing file /Users/deepanshu/Desktop/etc-spark-airflow/env/lib/python3.12/site-packages/airflow/example_dags/example_setup_teardown_taskflow.py for tasks to queue
[2024-08-04T20:33:24.242+0530] {logging_mixin.py:188} INFO - [2024-08-04T20:33:24.242+0530] {dagbag.py:545} INFO - Filling up the DagBag from /Users/deepanshu/Desktop/etc-spark-airflow/env/lib/python3.12/site-packages/airflow/example_dags/example_setup_teardown_taskflow.py
[2024-08-04T20:33:24.266+0530] {processor.py:840} INFO - DAG(s) 'example_setup_teardown_taskflow' retrieved from /Users/deepanshu/Desktop/etc-spark-airflow/env/lib/python3.12/site-packages/airflow/example_dags/example_setup_teardown_taskflow.py
[2024-08-04T20:33:24.367+0530] {logging_mixin.py:188} INFO - [2024-08-04T20:33:24.367+0530] {override.py:1858} INFO - Created Permission View: can edit on DAG:example_setup_teardown_taskflow
[2024-08-04T20:33:24.372+0530] {logging_mixin.py:188} INFO - [2024-08-04T20:33:24.372+0530] {override.py:1858} INFO - Created Permission View: can read on DAG:example_setup_teardown_taskflow
[2024-08-04T20:33:24.375+0530] {logging_mixin.py:188} INFO - [2024-08-04T20:33:24.375+0530] {override.py:1858} INFO - Created Permission View: can delete on DAG:example_setup_teardown_taskflow
[2024-08-04T20:33:24.375+0530] {logging_mixin.py:188} INFO - [2024-08-04T20:33:24.375+0530] {dag.py:3089} INFO - Sync 1 DAGs
[2024-08-04T20:33:24.382+0530] {logging_mixin.py:188} INFO - [2024-08-04T20:33:24.382+0530] {dag.py:3111} INFO - Creating ORM DAG for example_setup_teardown_taskflow
[2024-08-04T20:33:24.386+0530] {logging_mixin.py:188} INFO - [2024-08-04T20:33:24.386+0530] {dag.py:3947} INFO - Setting next_dagrun for example_setup_teardown_taskflow to 2024-08-03 00:00:00+00:00, run_after=2024-08-04 00:00:00+00:00
[2024-08-04T20:33:24.395+0530] {processor.py:183} INFO - Processing /Users/deepanshu/Desktop/etc-spark-airflow/env/lib/python3.12/site-packages/airflow/example_dags/example_setup_teardown_taskflow.py took 0.156 seconds
[2024-08-04T20:34:26.022+0530] {processor.py:161} INFO - Started process (PID=56202) to work on /Users/deepanshu/Desktop/etc-spark-airflow/env/lib/python3.12/site-packages/airflow/example_dags/example_setup_teardown_taskflow.py
[2024-08-04T20:34:26.023+0530] {processor.py:830} INFO - Processing file /Users/deepanshu/Desktop/etc-spark-airflow/env/lib/python3.12/site-packages/airflow/example_dags/example_setup_teardown_taskflow.py for tasks to queue
[2024-08-04T20:34:26.023+0530] {logging_mixin.py:188} INFO - [2024-08-04T20:34:26.023+0530] {dagbag.py:545} INFO - Filling up the DagBag from /Users/deepanshu/Desktop/etc-spark-airflow/env/lib/python3.12/site-packages/airflow/example_dags/example_setup_teardown_taskflow.py
[2024-08-04T20:34:26.047+0530] {processor.py:840} INFO - DAG(s) 'example_setup_teardown_taskflow' retrieved from /Users/deepanshu/Desktop/etc-spark-airflow/env/lib/python3.12/site-packages/airflow/example_dags/example_setup_teardown_taskflow.py
[2024-08-04T20:34:26.101+0530] {logging_mixin.py:188} INFO - [2024-08-04T20:34:26.100+0530] {dag.py:3089} INFO - Sync 1 DAGs
[2024-08-04T20:34:26.109+0530] {logging_mixin.py:188} INFO - [2024-08-04T20:34:26.109+0530] {dag.py:3947} INFO - Setting next_dagrun for example_setup_teardown_taskflow to 2024-08-03 00:00:00+00:00, run_after=2024-08-04 00:00:00+00:00
[2024-08-04T20:34:26.119+0530] {processor.py:183} INFO - Processing /Users/deepanshu/Desktop/etc-spark-airflow/env/lib/python3.12/site-packages/airflow/example_dags/example_setup_teardown_taskflow.py took 0.099 seconds
[2024-08-04T20:36:30.741+0530] {processor.py:161} INFO - Started process (PID=57096) to work on /Users/deepanshu/Desktop/etc-spark-airflow/env/lib/python3.12/site-packages/airflow/example_dags/example_setup_teardown_taskflow.py
[2024-08-04T20:36:30.742+0530] {processor.py:830} INFO - Processing file /Users/deepanshu/Desktop/etc-spark-airflow/env/lib/python3.12/site-packages/airflow/example_dags/example_setup_teardown_taskflow.py for tasks to queue
[2024-08-04T20:36:30.743+0530] {logging_mixin.py:188} INFO - [2024-08-04T20:36:30.742+0530] {dagbag.py:545} INFO - Filling up the DagBag from /Users/deepanshu/Desktop/etc-spark-airflow/env/lib/python3.12/site-packages/airflow/example_dags/example_setup_teardown_taskflow.py
[2024-08-04T20:36:30.767+0530] {processor.py:840} INFO - DAG(s) 'example_setup_teardown_taskflow' retrieved from /Users/deepanshu/Desktop/etc-spark-airflow/env/lib/python3.12/site-packages/airflow/example_dags/example_setup_teardown_taskflow.py
[2024-08-04T20:36:30.822+0530] {logging_mixin.py:188} INFO - [2024-08-04T20:36:30.822+0530] {dag.py:3089} INFO - Sync 1 DAGs
[2024-08-04T20:36:30.831+0530] {logging_mixin.py:188} INFO - [2024-08-04T20:36:30.831+0530] {dag.py:3947} INFO - Setting next_dagrun for example_setup_teardown_taskflow to 2024-08-03 00:00:00+00:00, run_after=2024-08-04 00:00:00+00:00
[2024-08-04T20:36:30.842+0530] {processor.py:183} INFO - Processing /Users/deepanshu/Desktop/etc-spark-airflow/env/lib/python3.12/site-packages/airflow/example_dags/example_setup_teardown_taskflow.py took 0.102 seconds
[2024-08-04T20:38:01.648+0530] {processor.py:161} INFO - Started process (PID=57836) to work on /Users/deepanshu/Desktop/etc-spark-airflow/env/lib/python3.12/site-packages/airflow/example_dags/example_setup_teardown_taskflow.py
[2024-08-04T20:38:01.650+0530] {processor.py:830} INFO - Processing file /Users/deepanshu/Desktop/etc-spark-airflow/env/lib/python3.12/site-packages/airflow/example_dags/example_setup_teardown_taskflow.py for tasks to queue
[2024-08-04T20:38:01.650+0530] {logging_mixin.py:188} INFO - [2024-08-04T20:38:01.650+0530] {dagbag.py:545} INFO - Filling up the DagBag from /Users/deepanshu/Desktop/etc-spark-airflow/env/lib/python3.12/site-packages/airflow/example_dags/example_setup_teardown_taskflow.py
[2024-08-04T20:38:01.674+0530] {processor.py:840} INFO - DAG(s) 'example_setup_teardown_taskflow' retrieved from /Users/deepanshu/Desktop/etc-spark-airflow/env/lib/python3.12/site-packages/airflow/example_dags/example_setup_teardown_taskflow.py
[2024-08-04T20:38:01.728+0530] {logging_mixin.py:188} INFO - [2024-08-04T20:38:01.727+0530] {dag.py:3089} INFO - Sync 1 DAGs
[2024-08-04T20:38:01.737+0530] {logging_mixin.py:188} INFO - [2024-08-04T20:38:01.736+0530] {dag.py:3947} INFO - Setting next_dagrun for example_setup_teardown_taskflow to 2024-08-03 00:00:00+00:00, run_after=2024-08-04 00:00:00+00:00
[2024-08-04T20:38:01.747+0530] {processor.py:183} INFO - Processing /Users/deepanshu/Desktop/etc-spark-airflow/env/lib/python3.12/site-packages/airflow/example_dags/example_setup_teardown_taskflow.py took 0.100 seconds
[2024-08-04T20:39:58.644+0530] {processor.py:161} INFO - Started process (PID=58698) to work on /Users/deepanshu/Desktop/etc-spark-airflow/env/lib/python3.12/site-packages/airflow/example_dags/example_setup_teardown_taskflow.py
[2024-08-04T20:39:58.645+0530] {processor.py:830} INFO - Processing file /Users/deepanshu/Desktop/etc-spark-airflow/env/lib/python3.12/site-packages/airflow/example_dags/example_setup_teardown_taskflow.py for tasks to queue
[2024-08-04T20:39:58.646+0530] {logging_mixin.py:188} INFO - [2024-08-04T20:39:58.646+0530] {dagbag.py:545} INFO - Filling up the DagBag from /Users/deepanshu/Desktop/etc-spark-airflow/env/lib/python3.12/site-packages/airflow/example_dags/example_setup_teardown_taskflow.py
[2024-08-04T20:39:58.670+0530] {processor.py:840} INFO - DAG(s) 'example_setup_teardown_taskflow' retrieved from /Users/deepanshu/Desktop/etc-spark-airflow/env/lib/python3.12/site-packages/airflow/example_dags/example_setup_teardown_taskflow.py
[2024-08-04T20:39:58.726+0530] {logging_mixin.py:188} INFO - [2024-08-04T20:39:58.726+0530] {dag.py:3089} INFO - Sync 1 DAGs
[2024-08-04T20:39:58.736+0530] {logging_mixin.py:188} INFO - [2024-08-04T20:39:58.736+0530] {dag.py:3947} INFO - Setting next_dagrun for example_setup_teardown_taskflow to 2024-08-03 00:00:00+00:00, run_after=2024-08-04 00:00:00+00:00
[2024-08-04T20:39:58.746+0530] {processor.py:183} INFO - Processing /Users/deepanshu/Desktop/etc-spark-airflow/env/lib/python3.12/site-packages/airflow/example_dags/example_setup_teardown_taskflow.py took 0.103 seconds
[2024-08-04T20:41:30.407+0530] {processor.py:161} INFO - Started process (PID=59400) to work on /Users/deepanshu/Desktop/etc-spark-airflow/env/lib/python3.12/site-packages/airflow/example_dags/example_setup_teardown_taskflow.py
[2024-08-04T20:41:30.407+0530] {processor.py:830} INFO - Processing file /Users/deepanshu/Desktop/etc-spark-airflow/env/lib/python3.12/site-packages/airflow/example_dags/example_setup_teardown_taskflow.py for tasks to queue
[2024-08-04T20:41:30.408+0530] {logging_mixin.py:188} INFO - [2024-08-04T20:41:30.408+0530] {dagbag.py:545} INFO - Filling up the DagBag from /Users/deepanshu/Desktop/etc-spark-airflow/env/lib/python3.12/site-packages/airflow/example_dags/example_setup_teardown_taskflow.py
[2024-08-04T20:41:30.431+0530] {processor.py:840} INFO - DAG(s) 'example_setup_teardown_taskflow' retrieved from /Users/deepanshu/Desktop/etc-spark-airflow/env/lib/python3.12/site-packages/airflow/example_dags/example_setup_teardown_taskflow.py
[2024-08-04T20:41:30.484+0530] {logging_mixin.py:188} INFO - [2024-08-04T20:41:30.484+0530] {dag.py:3089} INFO - Sync 1 DAGs
[2024-08-04T20:41:30.493+0530] {logging_mixin.py:188} INFO - [2024-08-04T20:41:30.493+0530] {dag.py:3947} INFO - Setting next_dagrun for example_setup_teardown_taskflow to 2024-08-03 00:00:00+00:00, run_after=2024-08-04 00:00:00+00:00
[2024-08-04T20:41:30.503+0530] {processor.py:183} INFO - Processing /Users/deepanshu/Desktop/etc-spark-airflow/env/lib/python3.12/site-packages/airflow/example_dags/example_setup_teardown_taskflow.py took 0.098 seconds
[2024-08-04T20:43:22.118+0530] {processor.py:161} INFO - Started process (PID=60222) to work on /Users/deepanshu/Desktop/etc-spark-airflow/env/lib/python3.12/site-packages/airflow/example_dags/example_setup_teardown_taskflow.py
[2024-08-04T20:43:22.118+0530] {processor.py:830} INFO - Processing file /Users/deepanshu/Desktop/etc-spark-airflow/env/lib/python3.12/site-packages/airflow/example_dags/example_setup_teardown_taskflow.py for tasks to queue
[2024-08-04T20:43:22.119+0530] {logging_mixin.py:188} INFO - [2024-08-04T20:43:22.119+0530] {dagbag.py:545} INFO - Filling up the DagBag from /Users/deepanshu/Desktop/etc-spark-airflow/env/lib/python3.12/site-packages/airflow/example_dags/example_setup_teardown_taskflow.py
[2024-08-04T20:43:22.142+0530] {processor.py:840} INFO - DAG(s) 'example_setup_teardown_taskflow' retrieved from /Users/deepanshu/Desktop/etc-spark-airflow/env/lib/python3.12/site-packages/airflow/example_dags/example_setup_teardown_taskflow.py
[2024-08-04T20:43:22.195+0530] {logging_mixin.py:188} INFO - [2024-08-04T20:43:22.195+0530] {dag.py:3089} INFO - Sync 1 DAGs
[2024-08-04T20:43:22.204+0530] {logging_mixin.py:188} INFO - [2024-08-04T20:43:22.203+0530] {dag.py:3947} INFO - Setting next_dagrun for example_setup_teardown_taskflow to 2024-08-03 00:00:00+00:00, run_after=2024-08-04 00:00:00+00:00
[2024-08-04T20:43:22.214+0530] {processor.py:183} INFO - Processing /Users/deepanshu/Desktop/etc-spark-airflow/env/lib/python3.12/site-packages/airflow/example_dags/example_setup_teardown_taskflow.py took 0.098 seconds
[2024-08-04T20:45:17.174+0530] {processor.py:161} INFO - Started process (PID=61055) to work on /Users/deepanshu/Desktop/etc-spark-airflow/env/lib/python3.12/site-packages/airflow/example_dags/example_setup_teardown_taskflow.py
[2024-08-04T20:45:17.174+0530] {processor.py:830} INFO - Processing file /Users/deepanshu/Desktop/etc-spark-airflow/env/lib/python3.12/site-packages/airflow/example_dags/example_setup_teardown_taskflow.py for tasks to queue
[2024-08-04T20:45:17.175+0530] {logging_mixin.py:188} INFO - [2024-08-04T20:45:17.175+0530] {dagbag.py:545} INFO - Filling up the DagBag from /Users/deepanshu/Desktop/etc-spark-airflow/env/lib/python3.12/site-packages/airflow/example_dags/example_setup_teardown_taskflow.py
[2024-08-04T20:45:17.198+0530] {processor.py:840} INFO - DAG(s) 'example_setup_teardown_taskflow' retrieved from /Users/deepanshu/Desktop/etc-spark-airflow/env/lib/python3.12/site-packages/airflow/example_dags/example_setup_teardown_taskflow.py
[2024-08-04T20:45:17.251+0530] {logging_mixin.py:188} INFO - [2024-08-04T20:45:17.251+0530] {dag.py:3089} INFO - Sync 1 DAGs
[2024-08-04T20:45:17.260+0530] {logging_mixin.py:188} INFO - [2024-08-04T20:45:17.260+0530] {dag.py:3947} INFO - Setting next_dagrun for example_setup_teardown_taskflow to 2024-08-03 00:00:00+00:00, run_after=2024-08-04 00:00:00+00:00
[2024-08-04T20:45:17.270+0530] {processor.py:183} INFO - Processing /Users/deepanshu/Desktop/etc-spark-airflow/env/lib/python3.12/site-packages/airflow/example_dags/example_setup_teardown_taskflow.py took 0.098 seconds
[2024-08-04T20:47:13.913+0530] {processor.py:161} INFO - Started process (PID=61877) to work on /Users/deepanshu/Desktop/etc-spark-airflow/env/lib/python3.12/site-packages/airflow/example_dags/example_setup_teardown_taskflow.py
[2024-08-04T20:47:13.913+0530] {processor.py:830} INFO - Processing file /Users/deepanshu/Desktop/etc-spark-airflow/env/lib/python3.12/site-packages/airflow/example_dags/example_setup_teardown_taskflow.py for tasks to queue
[2024-08-04T20:47:13.914+0530] {logging_mixin.py:188} INFO - [2024-08-04T20:47:13.914+0530] {dagbag.py:545} INFO - Filling up the DagBag from /Users/deepanshu/Desktop/etc-spark-airflow/env/lib/python3.12/site-packages/airflow/example_dags/example_setup_teardown_taskflow.py
[2024-08-04T20:47:13.940+0530] {processor.py:840} INFO - DAG(s) 'example_setup_teardown_taskflow' retrieved from /Users/deepanshu/Desktop/etc-spark-airflow/env/lib/python3.12/site-packages/airflow/example_dags/example_setup_teardown_taskflow.py
[2024-08-04T20:47:13.997+0530] {logging_mixin.py:188} INFO - [2024-08-04T20:47:13.996+0530] {dag.py:3089} INFO - Sync 1 DAGs
[2024-08-04T20:47:14.006+0530] {logging_mixin.py:188} INFO - [2024-08-04T20:47:14.006+0530] {dag.py:3947} INFO - Setting next_dagrun for example_setup_teardown_taskflow to 2024-08-03 00:00:00+00:00, run_after=2024-08-04 00:00:00+00:00
[2024-08-04T20:47:14.017+0530] {processor.py:183} INFO - Processing /Users/deepanshu/Desktop/etc-spark-airflow/env/lib/python3.12/site-packages/airflow/example_dags/example_setup_teardown_taskflow.py took 0.106 seconds
[2024-08-04T20:49:43.361+0530] {processor.py:161} INFO - Started process (PID=62905) to work on /Users/deepanshu/Desktop/etc-spark-airflow/env/lib/python3.12/site-packages/airflow/example_dags/example_setup_teardown_taskflow.py
[2024-08-04T20:49:43.362+0530] {processor.py:830} INFO - Processing file /Users/deepanshu/Desktop/etc-spark-airflow/env/lib/python3.12/site-packages/airflow/example_dags/example_setup_teardown_taskflow.py for tasks to queue
[2024-08-04T20:49:43.363+0530] {logging_mixin.py:188} INFO - [2024-08-04T20:49:43.363+0530] {dagbag.py:545} INFO - Filling up the DagBag from /Users/deepanshu/Desktop/etc-spark-airflow/env/lib/python3.12/site-packages/airflow/example_dags/example_setup_teardown_taskflow.py
[2024-08-04T20:49:43.389+0530] {processor.py:840} INFO - DAG(s) 'example_setup_teardown_taskflow' retrieved from /Users/deepanshu/Desktop/etc-spark-airflow/env/lib/python3.12/site-packages/airflow/example_dags/example_setup_teardown_taskflow.py
[2024-08-04T20:49:43.445+0530] {logging_mixin.py:188} INFO - [2024-08-04T20:49:43.445+0530] {dag.py:3089} INFO - Sync 1 DAGs
[2024-08-04T20:49:43.455+0530] {logging_mixin.py:188} INFO - [2024-08-04T20:49:43.455+0530] {dag.py:3947} INFO - Setting next_dagrun for example_setup_teardown_taskflow to 2024-08-03 00:00:00+00:00, run_after=2024-08-04 00:00:00+00:00
[2024-08-04T20:49:43.466+0530] {processor.py:183} INFO - Processing /Users/deepanshu/Desktop/etc-spark-airflow/env/lib/python3.12/site-packages/airflow/example_dags/example_setup_teardown_taskflow.py took 0.106 seconds
[2024-08-04T20:51:18.651+0530] {processor.py:161} INFO - Started process (PID=63600) to work on /Users/deepanshu/Desktop/etc-spark-airflow/env/lib/python3.12/site-packages/airflow/example_dags/example_setup_teardown_taskflow.py
[2024-08-04T20:51:18.653+0530] {processor.py:830} INFO - Processing file /Users/deepanshu/Desktop/etc-spark-airflow/env/lib/python3.12/site-packages/airflow/example_dags/example_setup_teardown_taskflow.py for tasks to queue
[2024-08-04T20:51:18.653+0530] {logging_mixin.py:188} INFO - [2024-08-04T20:51:18.653+0530] {dagbag.py:545} INFO - Filling up the DagBag from /Users/deepanshu/Desktop/etc-spark-airflow/env/lib/python3.12/site-packages/airflow/example_dags/example_setup_teardown_taskflow.py
[2024-08-04T20:51:18.676+0530] {processor.py:840} INFO - DAG(s) 'example_setup_teardown_taskflow' retrieved from /Users/deepanshu/Desktop/etc-spark-airflow/env/lib/python3.12/site-packages/airflow/example_dags/example_setup_teardown_taskflow.py
[2024-08-04T20:51:18.729+0530] {logging_mixin.py:188} INFO - [2024-08-04T20:51:18.728+0530] {dag.py:3089} INFO - Sync 1 DAGs
[2024-08-04T20:51:18.738+0530] {logging_mixin.py:188} INFO - [2024-08-04T20:51:18.738+0530] {dag.py:3947} INFO - Setting next_dagrun for example_setup_teardown_taskflow to 2024-08-03 00:00:00+00:00, run_after=2024-08-04 00:00:00+00:00
[2024-08-04T20:51:18.748+0530] {processor.py:183} INFO - Processing /Users/deepanshu/Desktop/etc-spark-airflow/env/lib/python3.12/site-packages/airflow/example_dags/example_setup_teardown_taskflow.py took 0.098 seconds
[2024-08-04T20:53:11.171+0530] {processor.py:161} INFO - Started process (PID=64391) to work on /Users/deepanshu/Desktop/etc-spark-airflow/env/lib/python3.12/site-packages/airflow/example_dags/example_setup_teardown_taskflow.py
[2024-08-04T20:53:11.172+0530] {processor.py:830} INFO - Processing file /Users/deepanshu/Desktop/etc-spark-airflow/env/lib/python3.12/site-packages/airflow/example_dags/example_setup_teardown_taskflow.py for tasks to queue
[2024-08-04T20:53:11.173+0530] {logging_mixin.py:188} INFO - [2024-08-04T20:53:11.173+0530] {dagbag.py:545} INFO - Filling up the DagBag from /Users/deepanshu/Desktop/etc-spark-airflow/env/lib/python3.12/site-packages/airflow/example_dags/example_setup_teardown_taskflow.py
[2024-08-04T20:53:11.197+0530] {processor.py:840} INFO - DAG(s) 'example_setup_teardown_taskflow' retrieved from /Users/deepanshu/Desktop/etc-spark-airflow/env/lib/python3.12/site-packages/airflow/example_dags/example_setup_teardown_taskflow.py
[2024-08-04T20:53:11.253+0530] {logging_mixin.py:188} INFO - [2024-08-04T20:53:11.252+0530] {dag.py:3089} INFO - Sync 1 DAGs
[2024-08-04T20:53:11.262+0530] {logging_mixin.py:188} INFO - [2024-08-04T20:53:11.261+0530] {dag.py:3947} INFO - Setting next_dagrun for example_setup_teardown_taskflow to 2024-08-03 00:00:00+00:00, run_after=2024-08-04 00:00:00+00:00
[2024-08-04T20:53:11.273+0530] {processor.py:183} INFO - Processing /Users/deepanshu/Desktop/etc-spark-airflow/env/lib/python3.12/site-packages/airflow/example_dags/example_setup_teardown_taskflow.py took 0.103 seconds
[2024-08-04T20:55:16.593+0530] {processor.py:161} INFO - Started process (PID=65348) to work on /Users/deepanshu/Desktop/etc-spark-airflow/env/lib/python3.12/site-packages/airflow/example_dags/example_setup_teardown_taskflow.py
[2024-08-04T20:55:16.594+0530] {processor.py:830} INFO - Processing file /Users/deepanshu/Desktop/etc-spark-airflow/env/lib/python3.12/site-packages/airflow/example_dags/example_setup_teardown_taskflow.py for tasks to queue
[2024-08-04T20:55:16.594+0530] {logging_mixin.py:188} INFO - [2024-08-04T20:55:16.594+0530] {dagbag.py:545} INFO - Filling up the DagBag from /Users/deepanshu/Desktop/etc-spark-airflow/env/lib/python3.12/site-packages/airflow/example_dags/example_setup_teardown_taskflow.py
[2024-08-04T20:55:16.618+0530] {processor.py:840} INFO - DAG(s) 'example_setup_teardown_taskflow' retrieved from /Users/deepanshu/Desktop/etc-spark-airflow/env/lib/python3.12/site-packages/airflow/example_dags/example_setup_teardown_taskflow.py
[2024-08-04T20:55:16.671+0530] {logging_mixin.py:188} INFO - [2024-08-04T20:55:16.671+0530] {dag.py:3089} INFO - Sync 1 DAGs
[2024-08-04T20:55:16.680+0530] {logging_mixin.py:188} INFO - [2024-08-04T20:55:16.680+0530] {dag.py:3947} INFO - Setting next_dagrun for example_setup_teardown_taskflow to 2024-08-03 00:00:00+00:00, run_after=2024-08-04 00:00:00+00:00
[2024-08-04T20:55:16.690+0530] {processor.py:183} INFO - Processing /Users/deepanshu/Desktop/etc-spark-airflow/env/lib/python3.12/site-packages/airflow/example_dags/example_setup_teardown_taskflow.py took 0.099 seconds
[2024-08-04T20:57:43.878+0530] {processor.py:161} INFO - Started process (PID=66487) to work on /Users/deepanshu/Desktop/etc-spark-airflow/env/lib/python3.12/site-packages/airflow/example_dags/example_setup_teardown_taskflow.py
[2024-08-04T20:57:43.879+0530] {processor.py:830} INFO - Processing file /Users/deepanshu/Desktop/etc-spark-airflow/env/lib/python3.12/site-packages/airflow/example_dags/example_setup_teardown_taskflow.py for tasks to queue
[2024-08-04T20:57:43.879+0530] {logging_mixin.py:188} INFO - [2024-08-04T20:57:43.879+0530] {dagbag.py:545} INFO - Filling up the DagBag from /Users/deepanshu/Desktop/etc-spark-airflow/env/lib/python3.12/site-packages/airflow/example_dags/example_setup_teardown_taskflow.py
[2024-08-04T20:57:43.903+0530] {processor.py:840} INFO - DAG(s) 'example_setup_teardown_taskflow' retrieved from /Users/deepanshu/Desktop/etc-spark-airflow/env/lib/python3.12/site-packages/airflow/example_dags/example_setup_teardown_taskflow.py
[2024-08-04T20:57:43.956+0530] {logging_mixin.py:188} INFO - [2024-08-04T20:57:43.956+0530] {dag.py:3089} INFO - Sync 1 DAGs
[2024-08-04T20:57:43.965+0530] {logging_mixin.py:188} INFO - [2024-08-04T20:57:43.965+0530] {dag.py:3947} INFO - Setting next_dagrun for example_setup_teardown_taskflow to 2024-08-03 00:00:00+00:00, run_after=2024-08-04 00:00:00+00:00
[2024-08-04T20:57:43.975+0530] {processor.py:183} INFO - Processing /Users/deepanshu/Desktop/etc-spark-airflow/env/lib/python3.12/site-packages/airflow/example_dags/example_setup_teardown_taskflow.py took 0.099 seconds
[2024-08-04T21:01:32.934+0530] {processor.py:161} INFO - Started process (PID=68535) to work on /Users/deepanshu/Desktop/etc-spark-airflow/env/lib/python3.12/site-packages/airflow/example_dags/example_setup_teardown_taskflow.py
[2024-08-04T21:01:32.935+0530] {processor.py:830} INFO - Processing file /Users/deepanshu/Desktop/etc-spark-airflow/env/lib/python3.12/site-packages/airflow/example_dags/example_setup_teardown_taskflow.py for tasks to queue
[2024-08-04T21:01:32.935+0530] {logging_mixin.py:188} INFO - [2024-08-04T21:01:32.935+0530] {dagbag.py:545} INFO - Filling up the DagBag from /Users/deepanshu/Desktop/etc-spark-airflow/env/lib/python3.12/site-packages/airflow/example_dags/example_setup_teardown_taskflow.py
[2024-08-04T21:01:32.959+0530] {processor.py:840} INFO - DAG(s) 'example_setup_teardown_taskflow' retrieved from /Users/deepanshu/Desktop/etc-spark-airflow/env/lib/python3.12/site-packages/airflow/example_dags/example_setup_teardown_taskflow.py
[2024-08-04T21:01:33.011+0530] {logging_mixin.py:188} INFO - [2024-08-04T21:01:33.011+0530] {dag.py:3089} INFO - Sync 1 DAGs
[2024-08-04T21:01:33.020+0530] {logging_mixin.py:188} INFO - [2024-08-04T21:01:33.020+0530] {dag.py:3947} INFO - Setting next_dagrun for example_setup_teardown_taskflow to 2024-08-03 00:00:00+00:00, run_after=2024-08-04 00:00:00+00:00
[2024-08-04T21:01:33.031+0530] {processor.py:183} INFO - Processing /Users/deepanshu/Desktop/etc-spark-airflow/env/lib/python3.12/site-packages/airflow/example_dags/example_setup_teardown_taskflow.py took 0.098 seconds
[2024-08-04T21:03:38.686+0530] {processor.py:161} INFO - Started process (PID=69418) to work on /Users/deepanshu/Desktop/etc-spark-airflow/env/lib/python3.12/site-packages/airflow/example_dags/example_setup_teardown_taskflow.py
[2024-08-04T21:03:38.687+0530] {processor.py:830} INFO - Processing file /Users/deepanshu/Desktop/etc-spark-airflow/env/lib/python3.12/site-packages/airflow/example_dags/example_setup_teardown_taskflow.py for tasks to queue
[2024-08-04T21:03:38.688+0530] {logging_mixin.py:188} INFO - [2024-08-04T21:03:38.688+0530] {dagbag.py:545} INFO - Filling up the DagBag from /Users/deepanshu/Desktop/etc-spark-airflow/env/lib/python3.12/site-packages/airflow/example_dags/example_setup_teardown_taskflow.py
[2024-08-04T21:03:38.717+0530] {processor.py:840} INFO - DAG(s) 'example_setup_teardown_taskflow' retrieved from /Users/deepanshu/Desktop/etc-spark-airflow/env/lib/python3.12/site-packages/airflow/example_dags/example_setup_teardown_taskflow.py
[2024-08-04T21:03:38.777+0530] {logging_mixin.py:188} INFO - [2024-08-04T21:03:38.777+0530] {dag.py:3089} INFO - Sync 1 DAGs
[2024-08-04T21:03:38.787+0530] {logging_mixin.py:188} INFO - [2024-08-04T21:03:38.787+0530] {dag.py:3947} INFO - Setting next_dagrun for example_setup_teardown_taskflow to 2024-08-03 00:00:00+00:00, run_after=2024-08-04 00:00:00+00:00
[2024-08-04T21:03:38.799+0530] {processor.py:183} INFO - Processing /Users/deepanshu/Desktop/etc-spark-airflow/env/lib/python3.12/site-packages/airflow/example_dags/example_setup_teardown_taskflow.py took 0.115 seconds
[2024-08-04T21:06:12.131+0530] {processor.py:161} INFO - Started process (PID=70486) to work on /Users/deepanshu/Desktop/etc-spark-airflow/env/lib/python3.12/site-packages/airflow/example_dags/example_setup_teardown_taskflow.py
[2024-08-04T21:06:12.133+0530] {processor.py:830} INFO - Processing file /Users/deepanshu/Desktop/etc-spark-airflow/env/lib/python3.12/site-packages/airflow/example_dags/example_setup_teardown_taskflow.py for tasks to queue
[2024-08-04T21:06:12.133+0530] {logging_mixin.py:188} INFO - [2024-08-04T21:06:12.133+0530] {dagbag.py:545} INFO - Filling up the DagBag from /Users/deepanshu/Desktop/etc-spark-airflow/env/lib/python3.12/site-packages/airflow/example_dags/example_setup_teardown_taskflow.py
[2024-08-04T21:06:12.156+0530] {processor.py:840} INFO - DAG(s) 'example_setup_teardown_taskflow' retrieved from /Users/deepanshu/Desktop/etc-spark-airflow/env/lib/python3.12/site-packages/airflow/example_dags/example_setup_teardown_taskflow.py
[2024-08-04T21:06:12.209+0530] {logging_mixin.py:188} INFO - [2024-08-04T21:06:12.209+0530] {dag.py:3089} INFO - Sync 1 DAGs
[2024-08-04T21:06:12.218+0530] {logging_mixin.py:188} INFO - [2024-08-04T21:06:12.218+0530] {dag.py:3947} INFO - Setting next_dagrun for example_setup_teardown_taskflow to 2024-08-03 00:00:00+00:00, run_after=2024-08-04 00:00:00+00:00
[2024-08-04T21:06:12.229+0530] {processor.py:183} INFO - Processing /Users/deepanshu/Desktop/etc-spark-airflow/env/lib/python3.12/site-packages/airflow/example_dags/example_setup_teardown_taskflow.py took 0.099 seconds
