[2024-08-04T20:35:19.587+0530] {processor.py:161} INFO - Started process (PID=56550) to work on /Users/deepanshu/Desktop/etc-spark-airflow/env/lib/python3.12/site-packages/airflow/example_dags/example_branch_datetime_operator.py
[2024-08-04T20:35:19.587+0530] {processor.py:830} INFO - Processing file /Users/deepanshu/Desktop/etc-spark-airflow/env/lib/python3.12/site-packages/airflow/example_dags/example_branch_datetime_operator.py for tasks to queue
[2024-08-04T20:35:19.588+0530] {logging_mixin.py:188} INFO - [2024-08-04T20:35:19.588+0530] {dagbag.py:545} INFO - Filling up the DagBag from /Users/deepanshu/Desktop/etc-spark-airflow/env/lib/python3.12/site-packages/airflow/example_dags/example_branch_datetime_operator.py
[2024-08-04T20:35:19.595+0530] {processor.py:840} INFO - DAG(s) 'example_branch_datetime_operator_2', 'example_branch_datetime_operator', 'example_branch_datetime_operator_3' retrieved from /Users/deepanshu/Desktop/etc-spark-airflow/env/lib/python3.12/site-packages/airflow/example_dags/example_branch_datetime_operator.py
[2024-08-04T20:35:19.717+0530] {logging_mixin.py:188} INFO - [2024-08-04T20:35:19.717+0530] {override.py:1858} INFO - Created Permission View: can read on DAG:example_branch_datetime_operator_2
[2024-08-04T20:35:19.724+0530] {logging_mixin.py:188} INFO - [2024-08-04T20:35:19.724+0530] {override.py:1858} INFO - Created Permission View: can edit on DAG:example_branch_datetime_operator_2
[2024-08-04T20:35:19.728+0530] {logging_mixin.py:188} INFO - [2024-08-04T20:35:19.728+0530] {override.py:1858} INFO - Created Permission View: can delete on DAG:example_branch_datetime_operator_2
[2024-08-04T20:35:19.735+0530] {logging_mixin.py:188} INFO - [2024-08-04T20:35:19.735+0530] {override.py:1858} INFO - Created Permission View: can read on DAG:example_branch_datetime_operator
[2024-08-04T20:35:19.738+0530] {logging_mixin.py:188} INFO - [2024-08-04T20:35:19.738+0530] {override.py:1858} INFO - Created Permission View: can edit on DAG:example_branch_datetime_operator
[2024-08-04T20:35:19.741+0530] {logging_mixin.py:188} INFO - [2024-08-04T20:35:19.741+0530] {override.py:1858} INFO - Created Permission View: can delete on DAG:example_branch_datetime_operator
[2024-08-04T20:35:19.748+0530] {logging_mixin.py:188} INFO - [2024-08-04T20:35:19.748+0530] {override.py:1858} INFO - Created Permission View: can read on DAG:example_branch_datetime_operator_3
[2024-08-04T20:35:19.751+0530] {logging_mixin.py:188} INFO - [2024-08-04T20:35:19.751+0530] {override.py:1858} INFO - Created Permission View: can edit on DAG:example_branch_datetime_operator_3
[2024-08-04T20:35:19.754+0530] {logging_mixin.py:188} INFO - [2024-08-04T20:35:19.754+0530] {override.py:1858} INFO - Created Permission View: can delete on DAG:example_branch_datetime_operator_3
[2024-08-04T20:35:19.754+0530] {logging_mixin.py:188} INFO - [2024-08-04T20:35:19.754+0530] {dag.py:3089} INFO - Sync 3 DAGs
[2024-08-04T20:35:19.760+0530] {logging_mixin.py:188} INFO - [2024-08-04T20:35:19.760+0530] {dag.py:3111} INFO - Creating ORM DAG for example_branch_datetime_operator
[2024-08-04T20:35:19.761+0530] {logging_mixin.py:188} INFO - [2024-08-04T20:35:19.761+0530] {dag.py:3111} INFO - Creating ORM DAG for example_branch_datetime_operator_3
[2024-08-04T20:35:19.761+0530] {logging_mixin.py:188} INFO - [2024-08-04T20:35:19.761+0530] {dag.py:3111} INFO - Creating ORM DAG for example_branch_datetime_operator_2
[2024-08-04T20:35:19.767+0530] {logging_mixin.py:188} INFO - [2024-08-04T20:35:19.766+0530] {dag.py:3947} INFO - Setting next_dagrun for example_branch_datetime_operator to 2024-08-03 00:00:00+00:00, run_after=2024-08-04 00:00:00+00:00
[2024-08-04T20:35:19.768+0530] {logging_mixin.py:188} INFO - [2024-08-04T20:35:19.768+0530] {dag.py:3947} INFO - Setting next_dagrun for example_branch_datetime_operator_2 to 2024-08-03 00:00:00+00:00, run_after=2024-08-04 00:00:00+00:00
[2024-08-04T20:35:19.769+0530] {logging_mixin.py:188} INFO - [2024-08-04T20:35:19.768+0530] {dag.py:3947} INFO - Setting next_dagrun for example_branch_datetime_operator_3 to 2024-08-03 00:00:00+00:00, run_after=2024-08-04 00:00:00+00:00
[2024-08-04T20:35:19.780+0530] {processor.py:183} INFO - Processing /Users/deepanshu/Desktop/etc-spark-airflow/env/lib/python3.12/site-packages/airflow/example_dags/example_branch_datetime_operator.py took 0.195 seconds
[2024-08-04T20:39:01.547+0530] {processor.py:161} INFO - Started process (PID=58282) to work on /Users/deepanshu/Desktop/etc-spark-airflow/env/lib/python3.12/site-packages/airflow/example_dags/example_branch_datetime_operator.py
[2024-08-04T20:39:01.548+0530] {processor.py:830} INFO - Processing file /Users/deepanshu/Desktop/etc-spark-airflow/env/lib/python3.12/site-packages/airflow/example_dags/example_branch_datetime_operator.py for tasks to queue
[2024-08-04T20:39:01.548+0530] {logging_mixin.py:188} INFO - [2024-08-04T20:39:01.548+0530] {dagbag.py:545} INFO - Filling up the DagBag from /Users/deepanshu/Desktop/etc-spark-airflow/env/lib/python3.12/site-packages/airflow/example_dags/example_branch_datetime_operator.py
[2024-08-04T20:39:01.556+0530] {processor.py:840} INFO - DAG(s) 'example_branch_datetime_operator_2', 'example_branch_datetime_operator_3', 'example_branch_datetime_operator' retrieved from /Users/deepanshu/Desktop/etc-spark-airflow/env/lib/python3.12/site-packages/airflow/example_dags/example_branch_datetime_operator.py
[2024-08-04T20:39:01.612+0530] {logging_mixin.py:188} INFO - [2024-08-04T20:39:01.612+0530] {dag.py:3089} INFO - Sync 3 DAGs
[2024-08-04T20:39:01.622+0530] {logging_mixin.py:188} INFO - [2024-08-04T20:39:01.622+0530] {dag.py:3947} INFO - Setting next_dagrun for example_branch_datetime_operator to 2024-08-03 00:00:00+00:00, run_after=2024-08-04 00:00:00+00:00
[2024-08-04T20:39:01.625+0530] {logging_mixin.py:188} INFO - [2024-08-04T20:39:01.624+0530] {dag.py:3947} INFO - Setting next_dagrun for example_branch_datetime_operator_2 to 2024-08-03 00:00:00+00:00, run_after=2024-08-04 00:00:00+00:00
[2024-08-04T20:39:01.626+0530] {logging_mixin.py:188} INFO - [2024-08-04T20:39:01.625+0530] {dag.py:3947} INFO - Setting next_dagrun for example_branch_datetime_operator_3 to 2024-08-03 00:00:00+00:00, run_after=2024-08-04 00:00:00+00:00
[2024-08-04T20:39:01.635+0530] {processor.py:183} INFO - Processing /Users/deepanshu/Desktop/etc-spark-airflow/env/lib/python3.12/site-packages/airflow/example_dags/example_branch_datetime_operator.py took 0.090 seconds
[2024-08-04T20:42:23.456+0530] {processor.py:161} INFO - Started process (PID=59807) to work on /Users/deepanshu/Desktop/etc-spark-airflow/env/lib/python3.12/site-packages/airflow/example_dags/example_branch_datetime_operator.py
[2024-08-04T20:42:23.457+0530] {processor.py:830} INFO - Processing file /Users/deepanshu/Desktop/etc-spark-airflow/env/lib/python3.12/site-packages/airflow/example_dags/example_branch_datetime_operator.py for tasks to queue
[2024-08-04T20:42:23.457+0530] {logging_mixin.py:188} INFO - [2024-08-04T20:42:23.457+0530] {dagbag.py:545} INFO - Filling up the DagBag from /Users/deepanshu/Desktop/etc-spark-airflow/env/lib/python3.12/site-packages/airflow/example_dags/example_branch_datetime_operator.py
[2024-08-04T20:42:23.465+0530] {processor.py:840} INFO - DAG(s) 'example_branch_datetime_operator_3', 'example_branch_datetime_operator_2', 'example_branch_datetime_operator' retrieved from /Users/deepanshu/Desktop/etc-spark-airflow/env/lib/python3.12/site-packages/airflow/example_dags/example_branch_datetime_operator.py
[2024-08-04T20:42:23.532+0530] {logging_mixin.py:188} INFO - [2024-08-04T20:42:23.532+0530] {dag.py:3089} INFO - Sync 3 DAGs
[2024-08-04T20:42:23.543+0530] {logging_mixin.py:188} INFO - [2024-08-04T20:42:23.543+0530] {dag.py:3947} INFO - Setting next_dagrun for example_branch_datetime_operator to 2024-08-03 00:00:00+00:00, run_after=2024-08-04 00:00:00+00:00
[2024-08-04T20:42:23.546+0530] {logging_mixin.py:188} INFO - [2024-08-04T20:42:23.545+0530] {dag.py:3947} INFO - Setting next_dagrun for example_branch_datetime_operator_2 to 2024-08-03 00:00:00+00:00, run_after=2024-08-04 00:00:00+00:00
[2024-08-04T20:42:23.547+0530] {logging_mixin.py:188} INFO - [2024-08-04T20:42:23.546+0530] {dag.py:3947} INFO - Setting next_dagrun for example_branch_datetime_operator_3 to 2024-08-03 00:00:00+00:00, run_after=2024-08-04 00:00:00+00:00
[2024-08-04T20:42:23.556+0530] {processor.py:183} INFO - Processing /Users/deepanshu/Desktop/etc-spark-airflow/env/lib/python3.12/site-packages/airflow/example_dags/example_branch_datetime_operator.py took 0.101 seconds
[2024-08-04T20:46:10.256+0530] {processor.py:161} INFO - Started process (PID=61426) to work on /Users/deepanshu/Desktop/etc-spark-airflow/env/lib/python3.12/site-packages/airflow/example_dags/example_branch_datetime_operator.py
[2024-08-04T20:46:10.257+0530] {processor.py:830} INFO - Processing file /Users/deepanshu/Desktop/etc-spark-airflow/env/lib/python3.12/site-packages/airflow/example_dags/example_branch_datetime_operator.py for tasks to queue
[2024-08-04T20:46:10.258+0530] {logging_mixin.py:188} INFO - [2024-08-04T20:46:10.257+0530] {dagbag.py:545} INFO - Filling up the DagBag from /Users/deepanshu/Desktop/etc-spark-airflow/env/lib/python3.12/site-packages/airflow/example_dags/example_branch_datetime_operator.py
[2024-08-04T20:46:10.265+0530] {processor.py:840} INFO - DAG(s) 'example_branch_datetime_operator_3', 'example_branch_datetime_operator', 'example_branch_datetime_operator_2' retrieved from /Users/deepanshu/Desktop/etc-spark-airflow/env/lib/python3.12/site-packages/airflow/example_dags/example_branch_datetime_operator.py
[2024-08-04T20:46:10.320+0530] {logging_mixin.py:188} INFO - [2024-08-04T20:46:10.320+0530] {dag.py:3089} INFO - Sync 3 DAGs
[2024-08-04T20:46:10.331+0530] {logging_mixin.py:188} INFO - [2024-08-04T20:46:10.330+0530] {dag.py:3947} INFO - Setting next_dagrun for example_branch_datetime_operator to 2024-08-03 00:00:00+00:00, run_after=2024-08-04 00:00:00+00:00
[2024-08-04T20:46:10.333+0530] {logging_mixin.py:188} INFO - [2024-08-04T20:46:10.333+0530] {dag.py:3947} INFO - Setting next_dagrun for example_branch_datetime_operator_2 to 2024-08-03 00:00:00+00:00, run_after=2024-08-04 00:00:00+00:00
[2024-08-04T20:46:10.334+0530] {logging_mixin.py:188} INFO - [2024-08-04T20:46:10.334+0530] {dag.py:3947} INFO - Setting next_dagrun for example_branch_datetime_operator_3 to 2024-08-03 00:00:00+00:00, run_after=2024-08-04 00:00:00+00:00
[2024-08-04T20:46:10.343+0530] {processor.py:183} INFO - Processing /Users/deepanshu/Desktop/etc-spark-airflow/env/lib/python3.12/site-packages/airflow/example_dags/example_branch_datetime_operator.py took 0.089 seconds
[2024-08-04T20:48:49.437+0530] {processor.py:161} INFO - Started process (PID=62535) to work on /Users/deepanshu/Desktop/etc-spark-airflow/env/lib/python3.12/site-packages/airflow/example_dags/example_branch_datetime_operator.py
[2024-08-04T20:48:49.438+0530] {processor.py:830} INFO - Processing file /Users/deepanshu/Desktop/etc-spark-airflow/env/lib/python3.12/site-packages/airflow/example_dags/example_branch_datetime_operator.py for tasks to queue
[2024-08-04T20:48:49.438+0530] {logging_mixin.py:188} INFO - [2024-08-04T20:48:49.438+0530] {dagbag.py:545} INFO - Filling up the DagBag from /Users/deepanshu/Desktop/etc-spark-airflow/env/lib/python3.12/site-packages/airflow/example_dags/example_branch_datetime_operator.py
[2024-08-04T20:48:49.446+0530] {processor.py:840} INFO - DAG(s) 'example_branch_datetime_operator_2', 'example_branch_datetime_operator_3', 'example_branch_datetime_operator' retrieved from /Users/deepanshu/Desktop/etc-spark-airflow/env/lib/python3.12/site-packages/airflow/example_dags/example_branch_datetime_operator.py
[2024-08-04T20:48:49.502+0530] {logging_mixin.py:188} INFO - [2024-08-04T20:48:49.502+0530] {dag.py:3089} INFO - Sync 3 DAGs
[2024-08-04T20:48:49.514+0530] {logging_mixin.py:188} INFO - [2024-08-04T20:48:49.514+0530] {dag.py:3947} INFO - Setting next_dagrun for example_branch_datetime_operator to 2024-08-03 00:00:00+00:00, run_after=2024-08-04 00:00:00+00:00
[2024-08-04T20:48:49.517+0530] {logging_mixin.py:188} INFO - [2024-08-04T20:48:49.517+0530] {dag.py:3947} INFO - Setting next_dagrun for example_branch_datetime_operator_2 to 2024-08-03 00:00:00+00:00, run_after=2024-08-04 00:00:00+00:00
[2024-08-04T20:48:49.519+0530] {logging_mixin.py:188} INFO - [2024-08-04T20:48:49.519+0530] {dag.py:3947} INFO - Setting next_dagrun for example_branch_datetime_operator_3 to 2024-08-03 00:00:00+00:00, run_after=2024-08-04 00:00:00+00:00
[2024-08-04T20:48:49.530+0530] {processor.py:183} INFO - Processing /Users/deepanshu/Desktop/etc-spark-airflow/env/lib/python3.12/site-packages/airflow/example_dags/example_branch_datetime_operator.py took 0.095 seconds
[2024-08-04T20:52:07.992+0530] {processor.py:161} INFO - Started process (PID=63908) to work on /Users/deepanshu/Desktop/etc-spark-airflow/env/lib/python3.12/site-packages/airflow/example_dags/example_branch_datetime_operator.py
[2024-08-04T20:52:07.993+0530] {processor.py:830} INFO - Processing file /Users/deepanshu/Desktop/etc-spark-airflow/env/lib/python3.12/site-packages/airflow/example_dags/example_branch_datetime_operator.py for tasks to queue
[2024-08-04T20:52:07.993+0530] {logging_mixin.py:188} INFO - [2024-08-04T20:52:07.993+0530] {dagbag.py:545} INFO - Filling up the DagBag from /Users/deepanshu/Desktop/etc-spark-airflow/env/lib/python3.12/site-packages/airflow/example_dags/example_branch_datetime_operator.py
[2024-08-04T20:52:08.002+0530] {processor.py:840} INFO - DAG(s) 'example_branch_datetime_operator', 'example_branch_datetime_operator_3', 'example_branch_datetime_operator_2' retrieved from /Users/deepanshu/Desktop/etc-spark-airflow/env/lib/python3.12/site-packages/airflow/example_dags/example_branch_datetime_operator.py
[2024-08-04T20:52:08.064+0530] {logging_mixin.py:188} INFO - [2024-08-04T20:52:08.064+0530] {dag.py:3089} INFO - Sync 3 DAGs
[2024-08-04T20:52:08.077+0530] {logging_mixin.py:188} INFO - [2024-08-04T20:52:08.077+0530] {dag.py:3947} INFO - Setting next_dagrun for example_branch_datetime_operator to 2024-08-03 00:00:00+00:00, run_after=2024-08-04 00:00:00+00:00
[2024-08-04T20:52:08.080+0530] {logging_mixin.py:188} INFO - [2024-08-04T20:52:08.080+0530] {dag.py:3947} INFO - Setting next_dagrun for example_branch_datetime_operator_2 to 2024-08-03 00:00:00+00:00, run_after=2024-08-04 00:00:00+00:00
[2024-08-04T20:52:08.081+0530] {logging_mixin.py:188} INFO - [2024-08-04T20:52:08.081+0530] {dag.py:3947} INFO - Setting next_dagrun for example_branch_datetime_operator_3 to 2024-08-03 00:00:00+00:00, run_after=2024-08-04 00:00:00+00:00
[2024-08-04T20:52:08.092+0530] {processor.py:183} INFO - Processing /Users/deepanshu/Desktop/etc-spark-airflow/env/lib/python3.12/site-packages/airflow/example_dags/example_branch_datetime_operator.py took 0.102 seconds
[2024-08-04T20:56:08.440+0530] {processor.py:161} INFO - Started process (PID=65706) to work on /Users/deepanshu/Desktop/etc-spark-airflow/env/lib/python3.12/site-packages/airflow/example_dags/example_branch_datetime_operator.py
[2024-08-04T20:56:08.441+0530] {processor.py:830} INFO - Processing file /Users/deepanshu/Desktop/etc-spark-airflow/env/lib/python3.12/site-packages/airflow/example_dags/example_branch_datetime_operator.py for tasks to queue
[2024-08-04T20:56:08.441+0530] {logging_mixin.py:188} INFO - [2024-08-04T20:56:08.441+0530] {dagbag.py:545} INFO - Filling up the DagBag from /Users/deepanshu/Desktop/etc-spark-airflow/env/lib/python3.12/site-packages/airflow/example_dags/example_branch_datetime_operator.py
[2024-08-04T20:56:08.448+0530] {processor.py:840} INFO - DAG(s) 'example_branch_datetime_operator_2', 'example_branch_datetime_operator', 'example_branch_datetime_operator_3' retrieved from /Users/deepanshu/Desktop/etc-spark-airflow/env/lib/python3.12/site-packages/airflow/example_dags/example_branch_datetime_operator.py
[2024-08-04T20:56:08.504+0530] {logging_mixin.py:188} INFO - [2024-08-04T20:56:08.504+0530] {dag.py:3089} INFO - Sync 3 DAGs
[2024-08-04T20:56:08.514+0530] {logging_mixin.py:188} INFO - [2024-08-04T20:56:08.514+0530] {dag.py:3947} INFO - Setting next_dagrun for example_branch_datetime_operator to 2024-08-03 00:00:00+00:00, run_after=2024-08-04 00:00:00+00:00
[2024-08-04T20:56:08.517+0530] {logging_mixin.py:188} INFO - [2024-08-04T20:56:08.516+0530] {dag.py:3947} INFO - Setting next_dagrun for example_branch_datetime_operator_2 to 2024-08-03 00:00:00+00:00, run_after=2024-08-04 00:00:00+00:00
[2024-08-04T20:56:08.518+0530] {logging_mixin.py:188} INFO - [2024-08-04T20:56:08.517+0530] {dag.py:3947} INFO - Setting next_dagrun for example_branch_datetime_operator_3 to 2024-08-03 00:00:00+00:00, run_after=2024-08-04 00:00:00+00:00
[2024-08-04T20:56:08.527+0530] {processor.py:183} INFO - Processing /Users/deepanshu/Desktop/etc-spark-airflow/env/lib/python3.12/site-packages/airflow/example_dags/example_branch_datetime_operator.py took 0.089 seconds
[2024-08-04T21:02:24.874+0530] {processor.py:161} INFO - Started process (PID=68870) to work on /Users/deepanshu/Desktop/etc-spark-airflow/env/lib/python3.12/site-packages/airflow/example_dags/example_branch_datetime_operator.py
[2024-08-04T21:02:24.875+0530] {processor.py:830} INFO - Processing file /Users/deepanshu/Desktop/etc-spark-airflow/env/lib/python3.12/site-packages/airflow/example_dags/example_branch_datetime_operator.py for tasks to queue
[2024-08-04T21:02:24.875+0530] {logging_mixin.py:188} INFO - [2024-08-04T21:02:24.875+0530] {dagbag.py:545} INFO - Filling up the DagBag from /Users/deepanshu/Desktop/etc-spark-airflow/env/lib/python3.12/site-packages/airflow/example_dags/example_branch_datetime_operator.py
[2024-08-04T21:02:24.890+0530] {processor.py:840} INFO - DAG(s) 'example_branch_datetime_operator_2', 'example_branch_datetime_operator_3', 'example_branch_datetime_operator' retrieved from /Users/deepanshu/Desktop/etc-spark-airflow/env/lib/python3.12/site-packages/airflow/example_dags/example_branch_datetime_operator.py
[2024-08-04T21:02:24.992+0530] {logging_mixin.py:188} INFO - [2024-08-04T21:02:24.992+0530] {dag.py:3089} INFO - Sync 3 DAGs
[2024-08-04T21:02:25.007+0530] {logging_mixin.py:188} INFO - [2024-08-04T21:02:25.006+0530] {dag.py:3947} INFO - Setting next_dagrun for example_branch_datetime_operator to 2024-08-03 00:00:00+00:00, run_after=2024-08-04 00:00:00+00:00
[2024-08-04T21:02:25.010+0530] {logging_mixin.py:188} INFO - [2024-08-04T21:02:25.010+0530] {dag.py:3947} INFO - Setting next_dagrun for example_branch_datetime_operator_2 to 2024-08-03 00:00:00+00:00, run_after=2024-08-04 00:00:00+00:00
[2024-08-04T21:02:25.011+0530] {logging_mixin.py:188} INFO - [2024-08-04T21:02:25.011+0530] {dag.py:3947} INFO - Setting next_dagrun for example_branch_datetime_operator_3 to 2024-08-03 00:00:00+00:00, run_after=2024-08-04 00:00:00+00:00
[2024-08-04T21:02:25.024+0530] {processor.py:183} INFO - Processing /Users/deepanshu/Desktop/etc-spark-airflow/env/lib/python3.12/site-packages/airflow/example_dags/example_branch_datetime_operator.py took 0.153 seconds
[2024-08-04T21:04:30.730+0530] {processor.py:161} INFO - Started process (PID=69761) to work on /Users/deepanshu/Desktop/etc-spark-airflow/env/lib/python3.12/site-packages/airflow/example_dags/example_branch_datetime_operator.py
[2024-08-04T21:04:30.731+0530] {processor.py:830} INFO - Processing file /Users/deepanshu/Desktop/etc-spark-airflow/env/lib/python3.12/site-packages/airflow/example_dags/example_branch_datetime_operator.py for tasks to queue
[2024-08-04T21:04:30.732+0530] {logging_mixin.py:188} INFO - [2024-08-04T21:04:30.732+0530] {dagbag.py:545} INFO - Filling up the DagBag from /Users/deepanshu/Desktop/etc-spark-airflow/env/lib/python3.12/site-packages/airflow/example_dags/example_branch_datetime_operator.py
[2024-08-04T21:04:30.739+0530] {processor.py:840} INFO - DAG(s) 'example_branch_datetime_operator', 'example_branch_datetime_operator_3', 'example_branch_datetime_operator_2' retrieved from /Users/deepanshu/Desktop/etc-spark-airflow/env/lib/python3.12/site-packages/airflow/example_dags/example_branch_datetime_operator.py
[2024-08-04T21:04:30.794+0530] {logging_mixin.py:188} INFO - [2024-08-04T21:04:30.794+0530] {dag.py:3089} INFO - Sync 3 DAGs
[2024-08-04T21:04:30.805+0530] {logging_mixin.py:188} INFO - [2024-08-04T21:04:30.804+0530] {dag.py:3947} INFO - Setting next_dagrun for example_branch_datetime_operator to 2024-08-03 00:00:00+00:00, run_after=2024-08-04 00:00:00+00:00
[2024-08-04T21:04:30.807+0530] {logging_mixin.py:188} INFO - [2024-08-04T21:04:30.807+0530] {dag.py:3947} INFO - Setting next_dagrun for example_branch_datetime_operator_2 to 2024-08-03 00:00:00+00:00, run_after=2024-08-04 00:00:00+00:00
[2024-08-04T21:04:30.808+0530] {logging_mixin.py:188} INFO - [2024-08-04T21:04:30.808+0530] {dag.py:3947} INFO - Setting next_dagrun for example_branch_datetime_operator_3 to 2024-08-03 00:00:00+00:00, run_after=2024-08-04 00:00:00+00:00
[2024-08-04T21:04:30.817+0530] {processor.py:183} INFO - Processing /Users/deepanshu/Desktop/etc-spark-airflow/env/lib/python3.12/site-packages/airflow/example_dags/example_branch_datetime_operator.py took 0.088 seconds
[2024-08-04T21:07:01.103+0530] {processor.py:161} INFO - Started process (PID=70804) to work on /Users/deepanshu/Desktop/etc-spark-airflow/env/lib/python3.12/site-packages/airflow/example_dags/example_branch_datetime_operator.py
[2024-08-04T21:07:01.104+0530] {processor.py:830} INFO - Processing file /Users/deepanshu/Desktop/etc-spark-airflow/env/lib/python3.12/site-packages/airflow/example_dags/example_branch_datetime_operator.py for tasks to queue
[2024-08-04T21:07:01.105+0530] {logging_mixin.py:188} INFO - [2024-08-04T21:07:01.105+0530] {dagbag.py:545} INFO - Filling up the DagBag from /Users/deepanshu/Desktop/etc-spark-airflow/env/lib/python3.12/site-packages/airflow/example_dags/example_branch_datetime_operator.py
[2024-08-04T21:07:01.112+0530] {processor.py:840} INFO - DAG(s) 'example_branch_datetime_operator_3', 'example_branch_datetime_operator', 'example_branch_datetime_operator_2' retrieved from /Users/deepanshu/Desktop/etc-spark-airflow/env/lib/python3.12/site-packages/airflow/example_dags/example_branch_datetime_operator.py
[2024-08-04T21:07:01.168+0530] {logging_mixin.py:188} INFO - [2024-08-04T21:07:01.168+0530] {dag.py:3089} INFO - Sync 3 DAGs
[2024-08-04T21:07:01.178+0530] {logging_mixin.py:188} INFO - [2024-08-04T21:07:01.178+0530] {dag.py:3947} INFO - Setting next_dagrun for example_branch_datetime_operator to 2024-08-03 00:00:00+00:00, run_after=2024-08-04 00:00:00+00:00
[2024-08-04T21:07:01.180+0530] {logging_mixin.py:188} INFO - [2024-08-04T21:07:01.180+0530] {dag.py:3947} INFO - Setting next_dagrun for example_branch_datetime_operator_2 to 2024-08-03 00:00:00+00:00, run_after=2024-08-04 00:00:00+00:00
[2024-08-04T21:07:01.181+0530] {logging_mixin.py:188} INFO - [2024-08-04T21:07:01.181+0530] {dag.py:3947} INFO - Setting next_dagrun for example_branch_datetime_operator_3 to 2024-08-03 00:00:00+00:00, run_after=2024-08-04 00:00:00+00:00
[2024-08-04T21:07:01.191+0530] {processor.py:183} INFO - Processing /Users/deepanshu/Desktop/etc-spark-airflow/env/lib/python3.12/site-packages/airflow/example_dags/example_branch_datetime_operator.py took 0.089 seconds
