[2024-08-04T20:35:23.604+0530] {processor.py:161} INFO - Started process (PID=56574) to work on /Users/deepanshu/Desktop/etc-spark-airflow/env/lib/python3.12/site-packages/airflow/example_dags/example_bash_decorator.py
[2024-08-04T20:35:23.604+0530] {processor.py:830} INFO - Processing file /Users/deepanshu/Desktop/etc-spark-airflow/env/lib/python3.12/site-packages/airflow/example_dags/example_bash_decorator.py for tasks to queue
[2024-08-04T20:35:23.605+0530] {logging_mixin.py:188} INFO - [2024-08-04T20:35:23.605+0530] {dagbag.py:545} INFO - Filling up the DagBag from /Users/deepanshu/Desktop/etc-spark-airflow/env/lib/python3.12/site-packages/airflow/example_dags/example_bash_decorator.py
[2024-08-04T20:35:23.636+0530] {processor.py:840} INFO - DAG(s) 'example_bash_decorator' retrieved from /Users/deepanshu/Desktop/etc-spark-airflow/env/lib/python3.12/site-packages/airflow/example_dags/example_bash_decorator.py
[2024-08-04T20:35:23.749+0530] {logging_mixin.py:188} INFO - [2024-08-04T20:35:23.746+0530] {override.py:1858} INFO - Created Permission View: can edit on DAG:example_bash_decorator
[2024-08-04T20:35:23.774+0530] {logging_mixin.py:188} INFO - [2024-08-04T20:35:23.773+0530] {override.py:1858} INFO - Created Permission View: can read on DAG:example_bash_decorator
[2024-08-04T20:35:23.787+0530] {logging_mixin.py:188} INFO - [2024-08-04T20:35:23.787+0530] {override.py:1858} INFO - Created Permission View: can delete on DAG:example_bash_decorator
[2024-08-04T20:35:23.787+0530] {logging_mixin.py:188} INFO - [2024-08-04T20:35:23.787+0530] {dag.py:3089} INFO - Sync 1 DAGs
[2024-08-04T20:35:23.809+0530] {logging_mixin.py:188} INFO - [2024-08-04T20:35:23.809+0530] {dag.py:3111} INFO - Creating ORM DAG for example_bash_decorator
[2024-08-04T20:35:23.810+0530] {logging_mixin.py:188} INFO - [2024-08-04T20:35:23.810+0530] {dag.py:3947} INFO - Setting next_dagrun for example_bash_decorator to None, run_after=None
[2024-08-04T20:35:23.832+0530] {processor.py:183} INFO - Processing /Users/deepanshu/Desktop/etc-spark-airflow/env/lib/python3.12/site-packages/airflow/example_dags/example_bash_decorator.py took 0.230 seconds
[2024-08-04T20:39:04.189+0530] {processor.py:161} INFO - Started process (PID=58295) to work on /Users/deepanshu/Desktop/etc-spark-airflow/env/lib/python3.12/site-packages/airflow/example_dags/example_bash_decorator.py
[2024-08-04T20:39:04.190+0530] {processor.py:830} INFO - Processing file /Users/deepanshu/Desktop/etc-spark-airflow/env/lib/python3.12/site-packages/airflow/example_dags/example_bash_decorator.py for tasks to queue
[2024-08-04T20:39:04.191+0530] {logging_mixin.py:188} INFO - [2024-08-04T20:39:04.190+0530] {dagbag.py:545} INFO - Filling up the DagBag from /Users/deepanshu/Desktop/etc-spark-airflow/env/lib/python3.12/site-packages/airflow/example_dags/example_bash_decorator.py
[2024-08-04T20:39:04.219+0530] {processor.py:840} INFO - DAG(s) 'example_bash_decorator' retrieved from /Users/deepanshu/Desktop/etc-spark-airflow/env/lib/python3.12/site-packages/airflow/example_dags/example_bash_decorator.py
[2024-08-04T20:39:04.331+0530] {logging_mixin.py:188} INFO - [2024-08-04T20:39:04.331+0530] {dag.py:3089} INFO - Sync 1 DAGs
[2024-08-04T20:39:04.337+0530] {logging_mixin.py:188} INFO - [2024-08-04T20:39:04.337+0530] {dag.py:3947} INFO - Setting next_dagrun for example_bash_decorator to None, run_after=None
[2024-08-04T20:39:04.348+0530] {processor.py:183} INFO - Processing /Users/deepanshu/Desktop/etc-spark-airflow/env/lib/python3.12/site-packages/airflow/example_dags/example_bash_decorator.py took 0.160 seconds
[2024-08-04T20:42:26.748+0530] {processor.py:161} INFO - Started process (PID=59820) to work on /Users/deepanshu/Desktop/etc-spark-airflow/env/lib/python3.12/site-packages/airflow/example_dags/example_bash_decorator.py
[2024-08-04T20:42:26.749+0530] {processor.py:830} INFO - Processing file /Users/deepanshu/Desktop/etc-spark-airflow/env/lib/python3.12/site-packages/airflow/example_dags/example_bash_decorator.py for tasks to queue
[2024-08-04T20:42:26.749+0530] {logging_mixin.py:188} INFO - [2024-08-04T20:42:26.749+0530] {dagbag.py:545} INFO - Filling up the DagBag from /Users/deepanshu/Desktop/etc-spark-airflow/env/lib/python3.12/site-packages/airflow/example_dags/example_bash_decorator.py
[2024-08-04T20:42:26.782+0530] {processor.py:840} INFO - DAG(s) 'example_bash_decorator' retrieved from /Users/deepanshu/Desktop/etc-spark-airflow/env/lib/python3.12/site-packages/airflow/example_dags/example_bash_decorator.py
[2024-08-04T20:42:26.895+0530] {logging_mixin.py:188} INFO - [2024-08-04T20:42:26.895+0530] {dag.py:3089} INFO - Sync 1 DAGs
[2024-08-04T20:42:26.900+0530] {logging_mixin.py:188} INFO - [2024-08-04T20:42:26.900+0530] {dag.py:3947} INFO - Setting next_dagrun for example_bash_decorator to None, run_after=None
[2024-08-04T20:42:26.911+0530] {processor.py:183} INFO - Processing /Users/deepanshu/Desktop/etc-spark-airflow/env/lib/python3.12/site-packages/airflow/example_dags/example_bash_decorator.py took 0.165 seconds
[2024-08-04T20:46:14.440+0530] {processor.py:161} INFO - Started process (PID=61451) to work on /Users/deepanshu/Desktop/etc-spark-airflow/env/lib/python3.12/site-packages/airflow/example_dags/example_bash_decorator.py
[2024-08-04T20:46:14.441+0530] {processor.py:830} INFO - Processing file /Users/deepanshu/Desktop/etc-spark-airflow/env/lib/python3.12/site-packages/airflow/example_dags/example_bash_decorator.py for tasks to queue
[2024-08-04T20:46:14.442+0530] {logging_mixin.py:188} INFO - [2024-08-04T20:46:14.442+0530] {dagbag.py:545} INFO - Filling up the DagBag from /Users/deepanshu/Desktop/etc-spark-airflow/env/lib/python3.12/site-packages/airflow/example_dags/example_bash_decorator.py
[2024-08-04T20:46:14.469+0530] {processor.py:840} INFO - DAG(s) 'example_bash_decorator' retrieved from /Users/deepanshu/Desktop/etc-spark-airflow/env/lib/python3.12/site-packages/airflow/example_dags/example_bash_decorator.py
[2024-08-04T20:46:14.571+0530] {logging_mixin.py:188} INFO - [2024-08-04T20:46:14.570+0530] {dag.py:3089} INFO - Sync 1 DAGs
[2024-08-04T20:46:14.576+0530] {logging_mixin.py:188} INFO - [2024-08-04T20:46:14.576+0530] {dag.py:3947} INFO - Setting next_dagrun for example_bash_decorator to None, run_after=None
[2024-08-04T20:46:14.589+0530] {processor.py:183} INFO - Processing /Users/deepanshu/Desktop/etc-spark-airflow/env/lib/python3.12/site-packages/airflow/example_dags/example_bash_decorator.py took 0.150 seconds
[2024-08-04T20:48:53.722+0530] {processor.py:161} INFO - Started process (PID=62567) to work on /Users/deepanshu/Desktop/etc-spark-airflow/env/lib/python3.12/site-packages/airflow/example_dags/example_bash_decorator.py
[2024-08-04T20:48:53.723+0530] {processor.py:830} INFO - Processing file /Users/deepanshu/Desktop/etc-spark-airflow/env/lib/python3.12/site-packages/airflow/example_dags/example_bash_decorator.py for tasks to queue
[2024-08-04T20:48:53.724+0530] {logging_mixin.py:188} INFO - [2024-08-04T20:48:53.724+0530] {dagbag.py:545} INFO - Filling up the DagBag from /Users/deepanshu/Desktop/etc-spark-airflow/env/lib/python3.12/site-packages/airflow/example_dags/example_bash_decorator.py
[2024-08-04T20:48:53.750+0530] {processor.py:840} INFO - DAG(s) 'example_bash_decorator' retrieved from /Users/deepanshu/Desktop/etc-spark-airflow/env/lib/python3.12/site-packages/airflow/example_dags/example_bash_decorator.py
[2024-08-04T20:48:53.863+0530] {logging_mixin.py:188} INFO - [2024-08-04T20:48:53.862+0530] {dag.py:3089} INFO - Sync 1 DAGs
[2024-08-04T20:48:53.869+0530] {logging_mixin.py:188} INFO - [2024-08-04T20:48:53.868+0530] {dag.py:3947} INFO - Setting next_dagrun for example_bash_decorator to None, run_after=None
[2024-08-04T20:48:53.879+0530] {processor.py:183} INFO - Processing /Users/deepanshu/Desktop/etc-spark-airflow/env/lib/python3.12/site-packages/airflow/example_dags/example_bash_decorator.py took 0.159 seconds
[2024-08-04T20:52:12.145+0530] {processor.py:161} INFO - Started process (PID=63948) to work on /Users/deepanshu/Desktop/etc-spark-airflow/env/lib/python3.12/site-packages/airflow/example_dags/example_bash_decorator.py
[2024-08-04T20:52:12.146+0530] {processor.py:830} INFO - Processing file /Users/deepanshu/Desktop/etc-spark-airflow/env/lib/python3.12/site-packages/airflow/example_dags/example_bash_decorator.py for tasks to queue
[2024-08-04T20:52:12.146+0530] {logging_mixin.py:188} INFO - [2024-08-04T20:52:12.146+0530] {dagbag.py:545} INFO - Filling up the DagBag from /Users/deepanshu/Desktop/etc-spark-airflow/env/lib/python3.12/site-packages/airflow/example_dags/example_bash_decorator.py
[2024-08-04T20:52:12.174+0530] {processor.py:840} INFO - DAG(s) 'example_bash_decorator' retrieved from /Users/deepanshu/Desktop/etc-spark-airflow/env/lib/python3.12/site-packages/airflow/example_dags/example_bash_decorator.py
[2024-08-04T20:52:12.286+0530] {logging_mixin.py:188} INFO - [2024-08-04T20:52:12.285+0530] {dag.py:3089} INFO - Sync 1 DAGs
[2024-08-04T20:52:12.291+0530] {logging_mixin.py:188} INFO - [2024-08-04T20:52:12.291+0530] {dag.py:3947} INFO - Setting next_dagrun for example_bash_decorator to None, run_after=None
[2024-08-04T20:52:12.302+0530] {processor.py:183} INFO - Processing /Users/deepanshu/Desktop/etc-spark-airflow/env/lib/python3.12/site-packages/airflow/example_dags/example_bash_decorator.py took 0.159 seconds
[2024-08-04T20:56:12.608+0530] {processor.py:161} INFO - Started process (PID=65731) to work on /Users/deepanshu/Desktop/etc-spark-airflow/env/lib/python3.12/site-packages/airflow/example_dags/example_bash_decorator.py
[2024-08-04T20:56:12.609+0530] {processor.py:830} INFO - Processing file /Users/deepanshu/Desktop/etc-spark-airflow/env/lib/python3.12/site-packages/airflow/example_dags/example_bash_decorator.py for tasks to queue
[2024-08-04T20:56:12.609+0530] {logging_mixin.py:188} INFO - [2024-08-04T20:56:12.609+0530] {dagbag.py:545} INFO - Filling up the DagBag from /Users/deepanshu/Desktop/etc-spark-airflow/env/lib/python3.12/site-packages/airflow/example_dags/example_bash_decorator.py
[2024-08-04T20:56:12.635+0530] {processor.py:840} INFO - DAG(s) 'example_bash_decorator' retrieved from /Users/deepanshu/Desktop/etc-spark-airflow/env/lib/python3.12/site-packages/airflow/example_dags/example_bash_decorator.py
[2024-08-04T20:56:12.734+0530] {logging_mixin.py:188} INFO - [2024-08-04T20:56:12.734+0530] {dag.py:3089} INFO - Sync 1 DAGs
[2024-08-04T20:56:12.740+0530] {logging_mixin.py:188} INFO - [2024-08-04T20:56:12.740+0530] {dag.py:3947} INFO - Setting next_dagrun for example_bash_decorator to None, run_after=None
[2024-08-04T20:56:12.751+0530] {processor.py:183} INFO - Processing /Users/deepanshu/Desktop/etc-spark-airflow/env/lib/python3.12/site-packages/airflow/example_dags/example_bash_decorator.py took 0.145 seconds
[2024-08-04T21:04:34.732+0530] {processor.py:161} INFO - Started process (PID=69786) to work on /Users/deepanshu/Desktop/etc-spark-airflow/env/lib/python3.12/site-packages/airflow/example_dags/example_bash_decorator.py
[2024-08-04T21:04:34.734+0530] {processor.py:830} INFO - Processing file /Users/deepanshu/Desktop/etc-spark-airflow/env/lib/python3.12/site-packages/airflow/example_dags/example_bash_decorator.py for tasks to queue
[2024-08-04T21:04:34.734+0530] {logging_mixin.py:188} INFO - [2024-08-04T21:04:34.734+0530] {dagbag.py:545} INFO - Filling up the DagBag from /Users/deepanshu/Desktop/etc-spark-airflow/env/lib/python3.12/site-packages/airflow/example_dags/example_bash_decorator.py
[2024-08-04T21:04:34.760+0530] {processor.py:840} INFO - DAG(s) 'example_bash_decorator' retrieved from /Users/deepanshu/Desktop/etc-spark-airflow/env/lib/python3.12/site-packages/airflow/example_dags/example_bash_decorator.py
[2024-08-04T21:04:34.872+0530] {logging_mixin.py:188} INFO - [2024-08-04T21:04:34.872+0530] {dag.py:3089} INFO - Sync 1 DAGs
[2024-08-04T21:04:34.877+0530] {logging_mixin.py:188} INFO - [2024-08-04T21:04:34.877+0530] {dag.py:3947} INFO - Setting next_dagrun for example_bash_decorator to None, run_after=None
[2024-08-04T21:04:34.888+0530] {processor.py:183} INFO - Processing /Users/deepanshu/Desktop/etc-spark-airflow/env/lib/python3.12/site-packages/airflow/example_dags/example_bash_decorator.py took 0.157 seconds
[2024-08-04T21:07:05.279+0530] {processor.py:161} INFO - Started process (PID=70829) to work on /Users/deepanshu/Desktop/etc-spark-airflow/env/lib/python3.12/site-packages/airflow/example_dags/example_bash_decorator.py
[2024-08-04T21:07:05.280+0530] {processor.py:830} INFO - Processing file /Users/deepanshu/Desktop/etc-spark-airflow/env/lib/python3.12/site-packages/airflow/example_dags/example_bash_decorator.py for tasks to queue
[2024-08-04T21:07:05.281+0530] {logging_mixin.py:188} INFO - [2024-08-04T21:07:05.281+0530] {dagbag.py:545} INFO - Filling up the DagBag from /Users/deepanshu/Desktop/etc-spark-airflow/env/lib/python3.12/site-packages/airflow/example_dags/example_bash_decorator.py
[2024-08-04T21:07:05.308+0530] {processor.py:840} INFO - DAG(s) 'example_bash_decorator' retrieved from /Users/deepanshu/Desktop/etc-spark-airflow/env/lib/python3.12/site-packages/airflow/example_dags/example_bash_decorator.py
[2024-08-04T21:07:05.420+0530] {logging_mixin.py:188} INFO - [2024-08-04T21:07:05.420+0530] {dag.py:3089} INFO - Sync 1 DAGs
[2024-08-04T21:07:05.425+0530] {logging_mixin.py:188} INFO - [2024-08-04T21:07:05.425+0530] {dag.py:3947} INFO - Setting next_dagrun for example_bash_decorator to None, run_after=None
[2024-08-04T21:07:05.436+0530] {processor.py:183} INFO - Processing /Users/deepanshu/Desktop/etc-spark-airflow/env/lib/python3.12/site-packages/airflow/example_dags/example_bash_decorator.py took 0.158 seconds
