[2024-08-04T20:34:45.412+0530] {processor.py:161} INFO - Started process (PID=56332) to work on /Users/deepanshu/Desktop/etc-spark-airflow/env/lib/python3.12/site-packages/airflow/example_dags/example_nested_branch_dag.py
[2024-08-04T20:34:45.413+0530] {processor.py:830} INFO - Processing file /Users/deepanshu/Desktop/etc-spark-airflow/env/lib/python3.12/site-packages/airflow/example_dags/example_nested_branch_dag.py for tasks to queue
[2024-08-04T20:34:45.413+0530] {logging_mixin.py:188} INFO - [2024-08-04T20:34:45.413+0530] {dagbag.py:545} INFO - Filling up the DagBag from /Users/deepanshu/Desktop/etc-spark-airflow/env/lib/python3.12/site-packages/airflow/example_dags/example_nested_branch_dag.py
[2024-08-04T20:34:45.438+0530] {processor.py:840} INFO - DAG(s) 'example_nested_branch_dag' retrieved from /Users/deepanshu/Desktop/etc-spark-airflow/env/lib/python3.12/site-packages/airflow/example_dags/example_nested_branch_dag.py
[2024-08-04T20:34:45.540+0530] {logging_mixin.py:188} INFO - [2024-08-04T20:34:45.539+0530] {override.py:1858} INFO - Created Permission View: can delete on DAG:example_nested_branch_dag
[2024-08-04T20:34:45.545+0530] {logging_mixin.py:188} INFO - [2024-08-04T20:34:45.545+0530] {override.py:1858} INFO - Created Permission View: can read on DAG:example_nested_branch_dag
[2024-08-04T20:34:45.548+0530] {logging_mixin.py:188} INFO - [2024-08-04T20:34:45.548+0530] {override.py:1858} INFO - Created Permission View: can edit on DAG:example_nested_branch_dag
[2024-08-04T20:34:45.548+0530] {logging_mixin.py:188} INFO - [2024-08-04T20:34:45.548+0530] {dag.py:3089} INFO - Sync 1 DAGs
[2024-08-04T20:34:45.555+0530] {logging_mixin.py:188} INFO - [2024-08-04T20:34:45.555+0530] {dag.py:3111} INFO - Creating ORM DAG for example_nested_branch_dag
[2024-08-04T20:34:45.560+0530] {logging_mixin.py:188} INFO - [2024-08-04T20:34:45.559+0530] {dag.py:3947} INFO - Setting next_dagrun for example_nested_branch_dag to 2024-08-03 00:00:00+00:00, run_after=2024-08-04 00:00:00+00:00
[2024-08-04T20:34:45.569+0530] {processor.py:183} INFO - Processing /Users/deepanshu/Desktop/etc-spark-airflow/env/lib/python3.12/site-packages/airflow/example_dags/example_nested_branch_dag.py took 0.158 seconds
[2024-08-04T20:36:49.618+0530] {processor.py:161} INFO - Started process (PID=57233) to work on /Users/deepanshu/Desktop/etc-spark-airflow/env/lib/python3.12/site-packages/airflow/example_dags/example_nested_branch_dag.py
[2024-08-04T20:36:49.619+0530] {processor.py:830} INFO - Processing file /Users/deepanshu/Desktop/etc-spark-airflow/env/lib/python3.12/site-packages/airflow/example_dags/example_nested_branch_dag.py for tasks to queue
[2024-08-04T20:36:49.619+0530] {logging_mixin.py:188} INFO - [2024-08-04T20:36:49.619+0530] {dagbag.py:545} INFO - Filling up the DagBag from /Users/deepanshu/Desktop/etc-spark-airflow/env/lib/python3.12/site-packages/airflow/example_dags/example_nested_branch_dag.py
[2024-08-04T20:36:49.645+0530] {processor.py:840} INFO - DAG(s) 'example_nested_branch_dag' retrieved from /Users/deepanshu/Desktop/etc-spark-airflow/env/lib/python3.12/site-packages/airflow/example_dags/example_nested_branch_dag.py
[2024-08-04T20:36:49.699+0530] {logging_mixin.py:188} INFO - [2024-08-04T20:36:49.699+0530] {dag.py:3089} INFO - Sync 1 DAGs
[2024-08-04T20:36:49.709+0530] {logging_mixin.py:188} INFO - [2024-08-04T20:36:49.709+0530] {dag.py:3947} INFO - Setting next_dagrun for example_nested_branch_dag to 2024-08-03 00:00:00+00:00, run_after=2024-08-04 00:00:00+00:00
[2024-08-04T20:36:49.720+0530] {processor.py:183} INFO - Processing /Users/deepanshu/Desktop/etc-spark-airflow/env/lib/python3.12/site-packages/airflow/example_dags/example_nested_branch_dag.py took 0.103 seconds
[2024-08-04T20:38:19.557+0530] {processor.py:161} INFO - Started process (PID=57954) to work on /Users/deepanshu/Desktop/etc-spark-airflow/env/lib/python3.12/site-packages/airflow/example_dags/example_nested_branch_dag.py
[2024-08-04T20:38:19.558+0530] {processor.py:830} INFO - Processing file /Users/deepanshu/Desktop/etc-spark-airflow/env/lib/python3.12/site-packages/airflow/example_dags/example_nested_branch_dag.py for tasks to queue
[2024-08-04T20:38:19.559+0530] {logging_mixin.py:188} INFO - [2024-08-04T20:38:19.559+0530] {dagbag.py:545} INFO - Filling up the DagBag from /Users/deepanshu/Desktop/etc-spark-airflow/env/lib/python3.12/site-packages/airflow/example_dags/example_nested_branch_dag.py
[2024-08-04T20:38:19.583+0530] {processor.py:840} INFO - DAG(s) 'example_nested_branch_dag' retrieved from /Users/deepanshu/Desktop/etc-spark-airflow/env/lib/python3.12/site-packages/airflow/example_dags/example_nested_branch_dag.py
[2024-08-04T20:38:19.636+0530] {logging_mixin.py:188} INFO - [2024-08-04T20:38:19.636+0530] {dag.py:3089} INFO - Sync 1 DAGs
[2024-08-04T20:38:19.645+0530] {logging_mixin.py:188} INFO - [2024-08-04T20:38:19.645+0530] {dag.py:3947} INFO - Setting next_dagrun for example_nested_branch_dag to 2024-08-03 00:00:00+00:00, run_after=2024-08-04 00:00:00+00:00
[2024-08-04T20:38:19.656+0530] {processor.py:183} INFO - Processing /Users/deepanshu/Desktop/etc-spark-airflow/env/lib/python3.12/site-packages/airflow/example_dags/example_nested_branch_dag.py took 0.100 seconds
[2024-08-04T20:40:16.552+0530] {processor.py:161} INFO - Started process (PID=58846) to work on /Users/deepanshu/Desktop/etc-spark-airflow/env/lib/python3.12/site-packages/airflow/example_dags/example_nested_branch_dag.py
[2024-08-04T20:40:16.554+0530] {processor.py:830} INFO - Processing file /Users/deepanshu/Desktop/etc-spark-airflow/env/lib/python3.12/site-packages/airflow/example_dags/example_nested_branch_dag.py for tasks to queue
[2024-08-04T20:40:16.554+0530] {logging_mixin.py:188} INFO - [2024-08-04T20:40:16.554+0530] {dagbag.py:545} INFO - Filling up the DagBag from /Users/deepanshu/Desktop/etc-spark-airflow/env/lib/python3.12/site-packages/airflow/example_dags/example_nested_branch_dag.py
[2024-08-04T20:40:16.578+0530] {processor.py:840} INFO - DAG(s) 'example_nested_branch_dag' retrieved from /Users/deepanshu/Desktop/etc-spark-airflow/env/lib/python3.12/site-packages/airflow/example_dags/example_nested_branch_dag.py
[2024-08-04T20:40:16.635+0530] {logging_mixin.py:188} INFO - [2024-08-04T20:40:16.635+0530] {dag.py:3089} INFO - Sync 1 DAGs
[2024-08-04T20:40:16.678+0530] {logging_mixin.py:188} INFO - [2024-08-04T20:40:16.678+0530] {dag.py:3947} INFO - Setting next_dagrun for example_nested_branch_dag to 2024-08-03 00:00:00+00:00, run_after=2024-08-04 00:00:00+00:00
[2024-08-04T20:40:16.699+0530] {processor.py:183} INFO - Processing /Users/deepanshu/Desktop/etc-spark-airflow/env/lib/python3.12/site-packages/airflow/example_dags/example_nested_branch_dag.py took 0.148 seconds
[2024-08-04T20:41:48.923+0530] {processor.py:161} INFO - Started process (PID=59540) to work on /Users/deepanshu/Desktop/etc-spark-airflow/env/lib/python3.12/site-packages/airflow/example_dags/example_nested_branch_dag.py
[2024-08-04T20:41:48.923+0530] {processor.py:830} INFO - Processing file /Users/deepanshu/Desktop/etc-spark-airflow/env/lib/python3.12/site-packages/airflow/example_dags/example_nested_branch_dag.py for tasks to queue
[2024-08-04T20:41:48.924+0530] {logging_mixin.py:188} INFO - [2024-08-04T20:41:48.924+0530] {dagbag.py:545} INFO - Filling up the DagBag from /Users/deepanshu/Desktop/etc-spark-airflow/env/lib/python3.12/site-packages/airflow/example_dags/example_nested_branch_dag.py
[2024-08-04T20:41:48.948+0530] {processor.py:840} INFO - DAG(s) 'example_nested_branch_dag' retrieved from /Users/deepanshu/Desktop/etc-spark-airflow/env/lib/python3.12/site-packages/airflow/example_dags/example_nested_branch_dag.py
[2024-08-04T20:41:49.001+0530] {logging_mixin.py:188} INFO - [2024-08-04T20:41:49.001+0530] {dag.py:3089} INFO - Sync 1 DAGs
[2024-08-04T20:41:49.011+0530] {logging_mixin.py:188} INFO - [2024-08-04T20:41:49.011+0530] {dag.py:3947} INFO - Setting next_dagrun for example_nested_branch_dag to 2024-08-03 00:00:00+00:00, run_after=2024-08-04 00:00:00+00:00
[2024-08-04T20:41:49.021+0530] {processor.py:183} INFO - Processing /Users/deepanshu/Desktop/etc-spark-airflow/env/lib/python3.12/site-packages/airflow/example_dags/example_nested_branch_dag.py took 0.100 seconds
[2024-08-04T20:43:40.930+0530] {processor.py:161} INFO - Started process (PID=60348) to work on /Users/deepanshu/Desktop/etc-spark-airflow/env/lib/python3.12/site-packages/airflow/example_dags/example_nested_branch_dag.py
[2024-08-04T20:43:40.931+0530] {processor.py:830} INFO - Processing file /Users/deepanshu/Desktop/etc-spark-airflow/env/lib/python3.12/site-packages/airflow/example_dags/example_nested_branch_dag.py for tasks to queue
[2024-08-04T20:43:40.931+0530] {logging_mixin.py:188} INFO - [2024-08-04T20:43:40.931+0530] {dagbag.py:545} INFO - Filling up the DagBag from /Users/deepanshu/Desktop/etc-spark-airflow/env/lib/python3.12/site-packages/airflow/example_dags/example_nested_branch_dag.py
[2024-08-04T20:43:40.957+0530] {processor.py:840} INFO - DAG(s) 'example_nested_branch_dag' retrieved from /Users/deepanshu/Desktop/etc-spark-airflow/env/lib/python3.12/site-packages/airflow/example_dags/example_nested_branch_dag.py
[2024-08-04T20:43:41.012+0530] {logging_mixin.py:188} INFO - [2024-08-04T20:43:41.011+0530] {dag.py:3089} INFO - Sync 1 DAGs
[2024-08-04T20:43:41.022+0530] {logging_mixin.py:188} INFO - [2024-08-04T20:43:41.022+0530] {dag.py:3947} INFO - Setting next_dagrun for example_nested_branch_dag to 2024-08-03 00:00:00+00:00, run_after=2024-08-04 00:00:00+00:00
[2024-08-04T20:43:41.033+0530] {processor.py:183} INFO - Processing /Users/deepanshu/Desktop/etc-spark-airflow/env/lib/python3.12/site-packages/airflow/example_dags/example_nested_branch_dag.py took 0.105 seconds
[2024-08-04T20:45:36.232+0530] {processor.py:161} INFO - Started process (PID=61190) to work on /Users/deepanshu/Desktop/etc-spark-airflow/env/lib/python3.12/site-packages/airflow/example_dags/example_nested_branch_dag.py
[2024-08-04T20:45:36.233+0530] {processor.py:830} INFO - Processing file /Users/deepanshu/Desktop/etc-spark-airflow/env/lib/python3.12/site-packages/airflow/example_dags/example_nested_branch_dag.py for tasks to queue
[2024-08-04T20:45:36.233+0530] {logging_mixin.py:188} INFO - [2024-08-04T20:45:36.233+0530] {dagbag.py:545} INFO - Filling up the DagBag from /Users/deepanshu/Desktop/etc-spark-airflow/env/lib/python3.12/site-packages/airflow/example_dags/example_nested_branch_dag.py
[2024-08-04T20:45:36.258+0530] {processor.py:840} INFO - DAG(s) 'example_nested_branch_dag' retrieved from /Users/deepanshu/Desktop/etc-spark-airflow/env/lib/python3.12/site-packages/airflow/example_dags/example_nested_branch_dag.py
[2024-08-04T20:45:36.316+0530] {logging_mixin.py:188} INFO - [2024-08-04T20:45:36.316+0530] {dag.py:3089} INFO - Sync 1 DAGs
[2024-08-04T20:45:36.326+0530] {logging_mixin.py:188} INFO - [2024-08-04T20:45:36.325+0530] {dag.py:3947} INFO - Setting next_dagrun for example_nested_branch_dag to 2024-08-03 00:00:00+00:00, run_after=2024-08-04 00:00:00+00:00
[2024-08-04T20:45:36.336+0530] {processor.py:183} INFO - Processing /Users/deepanshu/Desktop/etc-spark-airflow/env/lib/python3.12/site-packages/airflow/example_dags/example_nested_branch_dag.py took 0.106 seconds
[2024-08-04T20:47:31.691+0530] {processor.py:161} INFO - Started process (PID=61996) to work on /Users/deepanshu/Desktop/etc-spark-airflow/env/lib/python3.12/site-packages/airflow/example_dags/example_nested_branch_dag.py
[2024-08-04T20:47:31.692+0530] {processor.py:830} INFO - Processing file /Users/deepanshu/Desktop/etc-spark-airflow/env/lib/python3.12/site-packages/airflow/example_dags/example_nested_branch_dag.py for tasks to queue
[2024-08-04T20:47:31.692+0530] {logging_mixin.py:188} INFO - [2024-08-04T20:47:31.692+0530] {dagbag.py:545} INFO - Filling up the DagBag from /Users/deepanshu/Desktop/etc-spark-airflow/env/lib/python3.12/site-packages/airflow/example_dags/example_nested_branch_dag.py
[2024-08-04T20:47:31.716+0530] {processor.py:840} INFO - DAG(s) 'example_nested_branch_dag' retrieved from /Users/deepanshu/Desktop/etc-spark-airflow/env/lib/python3.12/site-packages/airflow/example_dags/example_nested_branch_dag.py
[2024-08-04T20:47:31.768+0530] {logging_mixin.py:188} INFO - [2024-08-04T20:47:31.768+0530] {dag.py:3089} INFO - Sync 1 DAGs
[2024-08-04T20:47:31.777+0530] {logging_mixin.py:188} INFO - [2024-08-04T20:47:31.777+0530] {dag.py:3947} INFO - Setting next_dagrun for example_nested_branch_dag to 2024-08-03 00:00:00+00:00, run_after=2024-08-04 00:00:00+00:00
[2024-08-04T20:47:31.788+0530] {processor.py:183} INFO - Processing /Users/deepanshu/Desktop/etc-spark-airflow/env/lib/python3.12/site-packages/airflow/example_dags/example_nested_branch_dag.py took 0.098 seconds
[2024-08-04T20:50:02.142+0530] {processor.py:161} INFO - Started process (PID=63026) to work on /Users/deepanshu/Desktop/etc-spark-airflow/env/lib/python3.12/site-packages/airflow/example_dags/example_nested_branch_dag.py
[2024-08-04T20:50:02.143+0530] {processor.py:830} INFO - Processing file /Users/deepanshu/Desktop/etc-spark-airflow/env/lib/python3.12/site-packages/airflow/example_dags/example_nested_branch_dag.py for tasks to queue
[2024-08-04T20:50:02.143+0530] {logging_mixin.py:188} INFO - [2024-08-04T20:50:02.143+0530] {dagbag.py:545} INFO - Filling up the DagBag from /Users/deepanshu/Desktop/etc-spark-airflow/env/lib/python3.12/site-packages/airflow/example_dags/example_nested_branch_dag.py
[2024-08-04T20:50:02.170+0530] {processor.py:840} INFO - DAG(s) 'example_nested_branch_dag' retrieved from /Users/deepanshu/Desktop/etc-spark-airflow/env/lib/python3.12/site-packages/airflow/example_dags/example_nested_branch_dag.py
[2024-08-04T20:50:02.224+0530] {logging_mixin.py:188} INFO - [2024-08-04T20:50:02.223+0530] {dag.py:3089} INFO - Sync 1 DAGs
[2024-08-04T20:50:02.233+0530] {logging_mixin.py:188} INFO - [2024-08-04T20:50:02.233+0530] {dag.py:3947} INFO - Setting next_dagrun for example_nested_branch_dag to 2024-08-03 00:00:00+00:00, run_after=2024-08-04 00:00:00+00:00
[2024-08-04T20:50:02.243+0530] {processor.py:183} INFO - Processing /Users/deepanshu/Desktop/etc-spark-airflow/env/lib/python3.12/site-packages/airflow/example_dags/example_nested_branch_dag.py took 0.103 seconds
[2024-08-04T20:51:34.255+0530] {processor.py:161} INFO - Started process (PID=63703) to work on /Users/deepanshu/Desktop/etc-spark-airflow/env/lib/python3.12/site-packages/airflow/example_dags/example_nested_branch_dag.py
[2024-08-04T20:51:34.257+0530] {processor.py:830} INFO - Processing file /Users/deepanshu/Desktop/etc-spark-airflow/env/lib/python3.12/site-packages/airflow/example_dags/example_nested_branch_dag.py for tasks to queue
[2024-08-04T20:51:34.257+0530] {logging_mixin.py:188} INFO - [2024-08-04T20:51:34.257+0530] {dagbag.py:545} INFO - Filling up the DagBag from /Users/deepanshu/Desktop/etc-spark-airflow/env/lib/python3.12/site-packages/airflow/example_dags/example_nested_branch_dag.py
[2024-08-04T20:51:34.281+0530] {processor.py:840} INFO - DAG(s) 'example_nested_branch_dag' retrieved from /Users/deepanshu/Desktop/etc-spark-airflow/env/lib/python3.12/site-packages/airflow/example_dags/example_nested_branch_dag.py
[2024-08-04T20:51:34.333+0530] {logging_mixin.py:188} INFO - [2024-08-04T20:51:34.333+0530] {dag.py:3089} INFO - Sync 1 DAGs
[2024-08-04T20:51:34.342+0530] {logging_mixin.py:188} INFO - [2024-08-04T20:51:34.342+0530] {dag.py:3947} INFO - Setting next_dagrun for example_nested_branch_dag to 2024-08-03 00:00:00+00:00, run_after=2024-08-04 00:00:00+00:00
[2024-08-04T20:51:34.353+0530] {processor.py:183} INFO - Processing /Users/deepanshu/Desktop/etc-spark-airflow/env/lib/python3.12/site-packages/airflow/example_dags/example_nested_branch_dag.py took 0.099 seconds
[2024-08-04T20:53:29.385+0530] {processor.py:161} INFO - Started process (PID=64508) to work on /Users/deepanshu/Desktop/etc-spark-airflow/env/lib/python3.12/site-packages/airflow/example_dags/example_nested_branch_dag.py
[2024-08-04T20:53:29.386+0530] {processor.py:830} INFO - Processing file /Users/deepanshu/Desktop/etc-spark-airflow/env/lib/python3.12/site-packages/airflow/example_dags/example_nested_branch_dag.py for tasks to queue
[2024-08-04T20:53:29.387+0530] {logging_mixin.py:188} INFO - [2024-08-04T20:53:29.387+0530] {dagbag.py:545} INFO - Filling up the DagBag from /Users/deepanshu/Desktop/etc-spark-airflow/env/lib/python3.12/site-packages/airflow/example_dags/example_nested_branch_dag.py
[2024-08-04T20:53:29.411+0530] {processor.py:840} INFO - DAG(s) 'example_nested_branch_dag' retrieved from /Users/deepanshu/Desktop/etc-spark-airflow/env/lib/python3.12/site-packages/airflow/example_dags/example_nested_branch_dag.py
[2024-08-04T20:53:29.463+0530] {logging_mixin.py:188} INFO - [2024-08-04T20:53:29.463+0530] {dag.py:3089} INFO - Sync 1 DAGs
[2024-08-04T20:53:29.473+0530] {logging_mixin.py:188} INFO - [2024-08-04T20:53:29.472+0530] {dag.py:3947} INFO - Setting next_dagrun for example_nested_branch_dag to 2024-08-03 00:00:00+00:00, run_after=2024-08-04 00:00:00+00:00
[2024-08-04T20:53:29.484+0530] {processor.py:183} INFO - Processing /Users/deepanshu/Desktop/etc-spark-airflow/env/lib/python3.12/site-packages/airflow/example_dags/example_nested_branch_dag.py took 0.100 seconds
[2024-08-04T20:55:34.769+0530] {processor.py:161} INFO - Started process (PID=65482) to work on /Users/deepanshu/Desktop/etc-spark-airflow/env/lib/python3.12/site-packages/airflow/example_dags/example_nested_branch_dag.py
[2024-08-04T20:55:34.770+0530] {processor.py:830} INFO - Processing file /Users/deepanshu/Desktop/etc-spark-airflow/env/lib/python3.12/site-packages/airflow/example_dags/example_nested_branch_dag.py for tasks to queue
[2024-08-04T20:55:34.771+0530] {logging_mixin.py:188} INFO - [2024-08-04T20:55:34.771+0530] {dagbag.py:545} INFO - Filling up the DagBag from /Users/deepanshu/Desktop/etc-spark-airflow/env/lib/python3.12/site-packages/airflow/example_dags/example_nested_branch_dag.py
[2024-08-04T20:55:34.795+0530] {processor.py:840} INFO - DAG(s) 'example_nested_branch_dag' retrieved from /Users/deepanshu/Desktop/etc-spark-airflow/env/lib/python3.12/site-packages/airflow/example_dags/example_nested_branch_dag.py
[2024-08-04T20:55:34.853+0530] {logging_mixin.py:188} INFO - [2024-08-04T20:55:34.852+0530] {dag.py:3089} INFO - Sync 1 DAGs
[2024-08-04T20:55:34.863+0530] {logging_mixin.py:188} INFO - [2024-08-04T20:55:34.863+0530] {dag.py:3947} INFO - Setting next_dagrun for example_nested_branch_dag to 2024-08-03 00:00:00+00:00, run_after=2024-08-04 00:00:00+00:00
[2024-08-04T20:55:34.874+0530] {processor.py:183} INFO - Processing /Users/deepanshu/Desktop/etc-spark-airflow/env/lib/python3.12/site-packages/airflow/example_dags/example_nested_branch_dag.py took 0.106 seconds
[2024-08-04T21:01:51.200+0530] {processor.py:161} INFO - Started process (PID=68659) to work on /Users/deepanshu/Desktop/etc-spark-airflow/env/lib/python3.12/site-packages/airflow/example_dags/example_nested_branch_dag.py
[2024-08-04T21:01:51.201+0530] {processor.py:830} INFO - Processing file /Users/deepanshu/Desktop/etc-spark-airflow/env/lib/python3.12/site-packages/airflow/example_dags/example_nested_branch_dag.py for tasks to queue
[2024-08-04T21:01:51.202+0530] {logging_mixin.py:188} INFO - [2024-08-04T21:01:51.202+0530] {dagbag.py:545} INFO - Filling up the DagBag from /Users/deepanshu/Desktop/etc-spark-airflow/env/lib/python3.12/site-packages/airflow/example_dags/example_nested_branch_dag.py
[2024-08-04T21:01:51.226+0530] {processor.py:840} INFO - DAG(s) 'example_nested_branch_dag' retrieved from /Users/deepanshu/Desktop/etc-spark-airflow/env/lib/python3.12/site-packages/airflow/example_dags/example_nested_branch_dag.py
[2024-08-04T21:01:51.278+0530] {logging_mixin.py:188} INFO - [2024-08-04T21:01:51.278+0530] {dag.py:3089} INFO - Sync 1 DAGs
[2024-08-04T21:01:51.288+0530] {logging_mixin.py:188} INFO - [2024-08-04T21:01:51.288+0530] {dag.py:3947} INFO - Setting next_dagrun for example_nested_branch_dag to 2024-08-03 00:00:00+00:00, run_after=2024-08-04 00:00:00+00:00
[2024-08-04T21:01:51.298+0530] {processor.py:183} INFO - Processing /Users/deepanshu/Desktop/etc-spark-airflow/env/lib/python3.12/site-packages/airflow/example_dags/example_nested_branch_dag.py took 0.099 seconds
[2024-08-04T21:03:56.252+0530] {processor.py:161} INFO - Started process (PID=69534) to work on /Users/deepanshu/Desktop/etc-spark-airflow/env/lib/python3.12/site-packages/airflow/example_dags/example_nested_branch_dag.py
[2024-08-04T21:03:56.252+0530] {processor.py:830} INFO - Processing file /Users/deepanshu/Desktop/etc-spark-airflow/env/lib/python3.12/site-packages/airflow/example_dags/example_nested_branch_dag.py for tasks to queue
[2024-08-04T21:03:56.253+0530] {logging_mixin.py:188} INFO - [2024-08-04T21:03:56.253+0530] {dagbag.py:545} INFO - Filling up the DagBag from /Users/deepanshu/Desktop/etc-spark-airflow/env/lib/python3.12/site-packages/airflow/example_dags/example_nested_branch_dag.py
[2024-08-04T21:03:56.278+0530] {processor.py:840} INFO - DAG(s) 'example_nested_branch_dag' retrieved from /Users/deepanshu/Desktop/etc-spark-airflow/env/lib/python3.12/site-packages/airflow/example_dags/example_nested_branch_dag.py
[2024-08-04T21:03:56.332+0530] {logging_mixin.py:188} INFO - [2024-08-04T21:03:56.332+0530] {dag.py:3089} INFO - Sync 1 DAGs
[2024-08-04T21:03:56.342+0530] {logging_mixin.py:188} INFO - [2024-08-04T21:03:56.342+0530] {dag.py:3947} INFO - Setting next_dagrun for example_nested_branch_dag to 2024-08-03 00:00:00+00:00, run_after=2024-08-04 00:00:00+00:00
[2024-08-04T21:03:56.353+0530] {processor.py:183} INFO - Processing /Users/deepanshu/Desktop/etc-spark-airflow/env/lib/python3.12/site-packages/airflow/example_dags/example_nested_branch_dag.py took 0.103 seconds
[2024-08-04T21:06:27.504+0530] {processor.py:161} INFO - Started process (PID=70579) to work on /Users/deepanshu/Desktop/etc-spark-airflow/env/lib/python3.12/site-packages/airflow/example_dags/example_nested_branch_dag.py
[2024-08-04T21:06:27.506+0530] {processor.py:830} INFO - Processing file /Users/deepanshu/Desktop/etc-spark-airflow/env/lib/python3.12/site-packages/airflow/example_dags/example_nested_branch_dag.py for tasks to queue
[2024-08-04T21:06:27.506+0530] {logging_mixin.py:188} INFO - [2024-08-04T21:06:27.506+0530] {dagbag.py:545} INFO - Filling up the DagBag from /Users/deepanshu/Desktop/etc-spark-airflow/env/lib/python3.12/site-packages/airflow/example_dags/example_nested_branch_dag.py
[2024-08-04T21:06:27.530+0530] {processor.py:840} INFO - DAG(s) 'example_nested_branch_dag' retrieved from /Users/deepanshu/Desktop/etc-spark-airflow/env/lib/python3.12/site-packages/airflow/example_dags/example_nested_branch_dag.py
[2024-08-04T21:06:27.582+0530] {logging_mixin.py:188} INFO - [2024-08-04T21:06:27.582+0530] {dag.py:3089} INFO - Sync 1 DAGs
[2024-08-04T21:06:27.591+0530] {logging_mixin.py:188} INFO - [2024-08-04T21:06:27.591+0530] {dag.py:3947} INFO - Setting next_dagrun for example_nested_branch_dag to 2024-08-03 00:00:00+00:00, run_after=2024-08-04 00:00:00+00:00
[2024-08-04T21:06:27.602+0530] {processor.py:183} INFO - Processing /Users/deepanshu/Desktop/etc-spark-airflow/env/lib/python3.12/site-packages/airflow/example_dags/example_nested_branch_dag.py took 0.099 seconds
