[2024-08-04T20:34:49.304+0530] {processor.py:161} INFO - Started process (PID=56359) to work on /Users/deepanshu/Desktop/etc-spark-airflow/env/lib/python3.12/site-packages/airflow/example_dags/example_latest_only_with_trigger.py
[2024-08-04T20:34:49.305+0530] {processor.py:830} INFO - Processing file /Users/deepanshu/Desktop/etc-spark-airflow/env/lib/python3.12/site-packages/airflow/example_dags/example_latest_only_with_trigger.py for tasks to queue
[2024-08-04T20:34:49.306+0530] {logging_mixin.py:188} INFO - [2024-08-04T20:34:49.306+0530] {dagbag.py:545} INFO - Filling up the DagBag from /Users/deepanshu/Desktop/etc-spark-airflow/env/lib/python3.12/site-packages/airflow/example_dags/example_latest_only_with_trigger.py
[2024-08-04T20:34:49.311+0530] {processor.py:840} INFO - DAG(s) 'latest_only_with_trigger' retrieved from /Users/deepanshu/Desktop/etc-spark-airflow/env/lib/python3.12/site-packages/airflow/example_dags/example_latest_only_with_trigger.py
[2024-08-04T20:34:49.416+0530] {logging_mixin.py:188} INFO - [2024-08-04T20:34:49.415+0530] {override.py:1858} INFO - Created Permission View: can edit on DAG:latest_only_with_trigger
[2024-08-04T20:34:49.420+0530] {logging_mixin.py:188} INFO - [2024-08-04T20:34:49.420+0530] {override.py:1858} INFO - Created Permission View: can read on DAG:latest_only_with_trigger
[2024-08-04T20:34:49.424+0530] {logging_mixin.py:188} INFO - [2024-08-04T20:34:49.423+0530] {override.py:1858} INFO - Created Permission View: can delete on DAG:latest_only_with_trigger
[2024-08-04T20:34:49.424+0530] {logging_mixin.py:188} INFO - [2024-08-04T20:34:49.424+0530] {dag.py:3089} INFO - Sync 1 DAGs
[2024-08-04T20:34:49.429+0530] {logging_mixin.py:188} INFO - [2024-08-04T20:34:49.429+0530] {dag.py:3111} INFO - Creating ORM DAG for latest_only_with_trigger
[2024-08-04T20:34:49.434+0530] {logging_mixin.py:188} INFO - [2024-08-04T20:34:49.434+0530] {dag.py:3947} INFO - Setting next_dagrun for latest_only_with_trigger to 2024-08-04 08:00:00+00:00, run_after=2024-08-04 12:00:00+00:00
[2024-08-04T20:34:49.444+0530] {processor.py:183} INFO - Processing /Users/deepanshu/Desktop/etc-spark-airflow/env/lib/python3.12/site-packages/airflow/example_dags/example_latest_only_with_trigger.py took 0.141 seconds
[2024-08-04T20:36:53.437+0530] {processor.py:161} INFO - Started process (PID=57264) to work on /Users/deepanshu/Desktop/etc-spark-airflow/env/lib/python3.12/site-packages/airflow/example_dags/example_latest_only_with_trigger.py
[2024-08-04T20:36:53.438+0530] {processor.py:830} INFO - Processing file /Users/deepanshu/Desktop/etc-spark-airflow/env/lib/python3.12/site-packages/airflow/example_dags/example_latest_only_with_trigger.py for tasks to queue
[2024-08-04T20:36:53.438+0530] {logging_mixin.py:188} INFO - [2024-08-04T20:36:53.438+0530] {dagbag.py:545} INFO - Filling up the DagBag from /Users/deepanshu/Desktop/etc-spark-airflow/env/lib/python3.12/site-packages/airflow/example_dags/example_latest_only_with_trigger.py
[2024-08-04T20:36:53.443+0530] {processor.py:840} INFO - DAG(s) 'latest_only_with_trigger' retrieved from /Users/deepanshu/Desktop/etc-spark-airflow/env/lib/python3.12/site-packages/airflow/example_dags/example_latest_only_with_trigger.py
[2024-08-04T20:36:53.498+0530] {logging_mixin.py:188} INFO - [2024-08-04T20:36:53.497+0530] {dag.py:3089} INFO - Sync 1 DAGs
[2024-08-04T20:36:53.508+0530] {logging_mixin.py:188} INFO - [2024-08-04T20:36:53.508+0530] {dag.py:3947} INFO - Setting next_dagrun for latest_only_with_trigger to 2024-08-04 08:00:00+00:00, run_after=2024-08-04 12:00:00+00:00
[2024-08-04T20:36:53.519+0530] {processor.py:183} INFO - Processing /Users/deepanshu/Desktop/etc-spark-airflow/env/lib/python3.12/site-packages/airflow/example_dags/example_latest_only_with_trigger.py took 0.085 seconds
[2024-08-04T20:38:23.647+0530] {processor.py:161} INFO - Started process (PID=57981) to work on /Users/deepanshu/Desktop/etc-spark-airflow/env/lib/python3.12/site-packages/airflow/example_dags/example_latest_only_with_trigger.py
[2024-08-04T20:38:23.647+0530] {processor.py:830} INFO - Processing file /Users/deepanshu/Desktop/etc-spark-airflow/env/lib/python3.12/site-packages/airflow/example_dags/example_latest_only_with_trigger.py for tasks to queue
[2024-08-04T20:38:23.648+0530] {logging_mixin.py:188} INFO - [2024-08-04T20:38:23.648+0530] {dagbag.py:545} INFO - Filling up the DagBag from /Users/deepanshu/Desktop/etc-spark-airflow/env/lib/python3.12/site-packages/airflow/example_dags/example_latest_only_with_trigger.py
[2024-08-04T20:38:23.652+0530] {processor.py:840} INFO - DAG(s) 'latest_only_with_trigger' retrieved from /Users/deepanshu/Desktop/etc-spark-airflow/env/lib/python3.12/site-packages/airflow/example_dags/example_latest_only_with_trigger.py
[2024-08-04T20:38:23.708+0530] {logging_mixin.py:188} INFO - [2024-08-04T20:38:23.708+0530] {dag.py:3089} INFO - Sync 1 DAGs
[2024-08-04T20:38:23.718+0530] {logging_mixin.py:188} INFO - [2024-08-04T20:38:23.718+0530] {dag.py:3947} INFO - Setting next_dagrun for latest_only_with_trigger to 2024-08-04 08:00:00+00:00, run_after=2024-08-04 12:00:00+00:00
[2024-08-04T20:38:23.729+0530] {processor.py:183} INFO - Processing /Users/deepanshu/Desktop/etc-spark-airflow/env/lib/python3.12/site-packages/airflow/example_dags/example_latest_only_with_trigger.py took 0.084 seconds
[2024-08-04T20:40:19.974+0530] {processor.py:161} INFO - Started process (PID=58869) to work on /Users/deepanshu/Desktop/etc-spark-airflow/env/lib/python3.12/site-packages/airflow/example_dags/example_latest_only_with_trigger.py
[2024-08-04T20:40:19.975+0530] {processor.py:830} INFO - Processing file /Users/deepanshu/Desktop/etc-spark-airflow/env/lib/python3.12/site-packages/airflow/example_dags/example_latest_only_with_trigger.py for tasks to queue
[2024-08-04T20:40:19.976+0530] {logging_mixin.py:188} INFO - [2024-08-04T20:40:19.975+0530] {dagbag.py:545} INFO - Filling up the DagBag from /Users/deepanshu/Desktop/etc-spark-airflow/env/lib/python3.12/site-packages/airflow/example_dags/example_latest_only_with_trigger.py
[2024-08-04T20:40:19.981+0530] {processor.py:840} INFO - DAG(s) 'latest_only_with_trigger' retrieved from /Users/deepanshu/Desktop/etc-spark-airflow/env/lib/python3.12/site-packages/airflow/example_dags/example_latest_only_with_trigger.py
[2024-08-04T20:40:20.034+0530] {logging_mixin.py:188} INFO - [2024-08-04T20:40:20.034+0530] {dag.py:3089} INFO - Sync 1 DAGs
[2024-08-04T20:40:20.045+0530] {logging_mixin.py:188} INFO - [2024-08-04T20:40:20.045+0530] {dag.py:3947} INFO - Setting next_dagrun for latest_only_with_trigger to 2024-08-04 08:00:00+00:00, run_after=2024-08-04 12:00:00+00:00
[2024-08-04T20:40:20.056+0530] {processor.py:183} INFO - Processing /Users/deepanshu/Desktop/etc-spark-airflow/env/lib/python3.12/site-packages/airflow/example_dags/example_latest_only_with_trigger.py took 0.084 seconds
[2024-08-04T20:41:52.821+0530] {processor.py:161} INFO - Started process (PID=59574) to work on /Users/deepanshu/Desktop/etc-spark-airflow/env/lib/python3.12/site-packages/airflow/example_dags/example_latest_only_with_trigger.py
[2024-08-04T20:41:52.822+0530] {processor.py:830} INFO - Processing file /Users/deepanshu/Desktop/etc-spark-airflow/env/lib/python3.12/site-packages/airflow/example_dags/example_latest_only_with_trigger.py for tasks to queue
[2024-08-04T20:41:52.823+0530] {logging_mixin.py:188} INFO - [2024-08-04T20:41:52.822+0530] {dagbag.py:545} INFO - Filling up the DagBag from /Users/deepanshu/Desktop/etc-spark-airflow/env/lib/python3.12/site-packages/airflow/example_dags/example_latest_only_with_trigger.py
[2024-08-04T20:41:52.827+0530] {processor.py:840} INFO - DAG(s) 'latest_only_with_trigger' retrieved from /Users/deepanshu/Desktop/etc-spark-airflow/env/lib/python3.12/site-packages/airflow/example_dags/example_latest_only_with_trigger.py
[2024-08-04T20:41:52.887+0530] {logging_mixin.py:188} INFO - [2024-08-04T20:41:52.887+0530] {dag.py:3089} INFO - Sync 1 DAGs
[2024-08-04T20:41:52.898+0530] {logging_mixin.py:188} INFO - [2024-08-04T20:41:52.898+0530] {dag.py:3947} INFO - Setting next_dagrun for latest_only_with_trigger to 2024-08-04 08:00:00+00:00, run_after=2024-08-04 12:00:00+00:00
[2024-08-04T20:41:52.910+0530] {processor.py:183} INFO - Processing /Users/deepanshu/Desktop/etc-spark-airflow/env/lib/python3.12/site-packages/airflow/example_dags/example_latest_only_with_trigger.py took 0.092 seconds
[2024-08-04T20:43:44.813+0530] {processor.py:161} INFO - Started process (PID=60373) to work on /Users/deepanshu/Desktop/etc-spark-airflow/env/lib/python3.12/site-packages/airflow/example_dags/example_latest_only_with_trigger.py
[2024-08-04T20:43:44.815+0530] {processor.py:830} INFO - Processing file /Users/deepanshu/Desktop/etc-spark-airflow/env/lib/python3.12/site-packages/airflow/example_dags/example_latest_only_with_trigger.py for tasks to queue
[2024-08-04T20:43:44.815+0530] {logging_mixin.py:188} INFO - [2024-08-04T20:43:44.815+0530] {dagbag.py:545} INFO - Filling up the DagBag from /Users/deepanshu/Desktop/etc-spark-airflow/env/lib/python3.12/site-packages/airflow/example_dags/example_latest_only_with_trigger.py
[2024-08-04T20:43:44.820+0530] {processor.py:840} INFO - DAG(s) 'latest_only_with_trigger' retrieved from /Users/deepanshu/Desktop/etc-spark-airflow/env/lib/python3.12/site-packages/airflow/example_dags/example_latest_only_with_trigger.py
[2024-08-04T20:43:44.873+0530] {logging_mixin.py:188} INFO - [2024-08-04T20:43:44.873+0530] {dag.py:3089} INFO - Sync 1 DAGs
[2024-08-04T20:43:44.884+0530] {logging_mixin.py:188} INFO - [2024-08-04T20:43:44.883+0530] {dag.py:3947} INFO - Setting next_dagrun for latest_only_with_trigger to 2024-08-04 08:00:00+00:00, run_after=2024-08-04 12:00:00+00:00
[2024-08-04T20:43:44.894+0530] {processor.py:183} INFO - Processing /Users/deepanshu/Desktop/etc-spark-airflow/env/lib/python3.12/site-packages/airflow/example_dags/example_latest_only_with_trigger.py took 0.082 seconds
[2024-08-04T20:45:40.506+0530] {processor.py:161} INFO - Started process (PID=61217) to work on /Users/deepanshu/Desktop/etc-spark-airflow/env/lib/python3.12/site-packages/airflow/example_dags/example_latest_only_with_trigger.py
[2024-08-04T20:45:40.507+0530] {processor.py:830} INFO - Processing file /Users/deepanshu/Desktop/etc-spark-airflow/env/lib/python3.12/site-packages/airflow/example_dags/example_latest_only_with_trigger.py for tasks to queue
[2024-08-04T20:45:40.507+0530] {logging_mixin.py:188} INFO - [2024-08-04T20:45:40.507+0530] {dagbag.py:545} INFO - Filling up the DagBag from /Users/deepanshu/Desktop/etc-spark-airflow/env/lib/python3.12/site-packages/airflow/example_dags/example_latest_only_with_trigger.py
[2024-08-04T20:45:40.512+0530] {processor.py:840} INFO - DAG(s) 'latest_only_with_trigger' retrieved from /Users/deepanshu/Desktop/etc-spark-airflow/env/lib/python3.12/site-packages/airflow/example_dags/example_latest_only_with_trigger.py
[2024-08-04T20:45:40.565+0530] {logging_mixin.py:188} INFO - [2024-08-04T20:45:40.565+0530] {dag.py:3089} INFO - Sync 1 DAGs
[2024-08-04T20:45:40.576+0530] {logging_mixin.py:188} INFO - [2024-08-04T20:45:40.575+0530] {dag.py:3947} INFO - Setting next_dagrun for latest_only_with_trigger to 2024-08-04 08:00:00+00:00, run_after=2024-08-04 12:00:00+00:00
[2024-08-04T20:45:40.586+0530] {processor.py:183} INFO - Processing /Users/deepanshu/Desktop/etc-spark-airflow/env/lib/python3.12/site-packages/airflow/example_dags/example_latest_only_with_trigger.py took 0.082 seconds
[2024-08-04T20:47:35.275+0530] {processor.py:161} INFO - Started process (PID=62021) to work on /Users/deepanshu/Desktop/etc-spark-airflow/env/lib/python3.12/site-packages/airflow/example_dags/example_latest_only_with_trigger.py
[2024-08-04T20:47:35.275+0530] {processor.py:830} INFO - Processing file /Users/deepanshu/Desktop/etc-spark-airflow/env/lib/python3.12/site-packages/airflow/example_dags/example_latest_only_with_trigger.py for tasks to queue
[2024-08-04T20:47:35.276+0530] {logging_mixin.py:188} INFO - [2024-08-04T20:47:35.276+0530] {dagbag.py:545} INFO - Filling up the DagBag from /Users/deepanshu/Desktop/etc-spark-airflow/env/lib/python3.12/site-packages/airflow/example_dags/example_latest_only_with_trigger.py
[2024-08-04T20:47:35.281+0530] {processor.py:840} INFO - DAG(s) 'latest_only_with_trigger' retrieved from /Users/deepanshu/Desktop/etc-spark-airflow/env/lib/python3.12/site-packages/airflow/example_dags/example_latest_only_with_trigger.py
[2024-08-04T20:47:35.337+0530] {logging_mixin.py:188} INFO - [2024-08-04T20:47:35.336+0530] {dag.py:3089} INFO - Sync 1 DAGs
[2024-08-04T20:47:35.347+0530] {logging_mixin.py:188} INFO - [2024-08-04T20:47:35.347+0530] {dag.py:3947} INFO - Setting next_dagrun for latest_only_with_trigger to 2024-08-04 08:00:00+00:00, run_after=2024-08-04 12:00:00+00:00
[2024-08-04T20:47:35.357+0530] {processor.py:183} INFO - Processing /Users/deepanshu/Desktop/etc-spark-airflow/env/lib/python3.12/site-packages/airflow/example_dags/example_latest_only_with_trigger.py took 0.084 seconds
[2024-08-04T20:50:06.076+0530] {processor.py:161} INFO - Started process (PID=63053) to work on /Users/deepanshu/Desktop/etc-spark-airflow/env/lib/python3.12/site-packages/airflow/example_dags/example_latest_only_with_trigger.py
[2024-08-04T20:50:06.077+0530] {processor.py:830} INFO - Processing file /Users/deepanshu/Desktop/etc-spark-airflow/env/lib/python3.12/site-packages/airflow/example_dags/example_latest_only_with_trigger.py for tasks to queue
[2024-08-04T20:50:06.078+0530] {logging_mixin.py:188} INFO - [2024-08-04T20:50:06.078+0530] {dagbag.py:545} INFO - Filling up the DagBag from /Users/deepanshu/Desktop/etc-spark-airflow/env/lib/python3.12/site-packages/airflow/example_dags/example_latest_only_with_trigger.py
[2024-08-04T20:50:06.083+0530] {processor.py:840} INFO - DAG(s) 'latest_only_with_trigger' retrieved from /Users/deepanshu/Desktop/etc-spark-airflow/env/lib/python3.12/site-packages/airflow/example_dags/example_latest_only_with_trigger.py
[2024-08-04T20:50:06.138+0530] {logging_mixin.py:188} INFO - [2024-08-04T20:50:06.138+0530] {dag.py:3089} INFO - Sync 1 DAGs
[2024-08-04T20:50:06.148+0530] {logging_mixin.py:188} INFO - [2024-08-04T20:50:06.148+0530] {dag.py:3947} INFO - Setting next_dagrun for latest_only_with_trigger to 2024-08-04 08:00:00+00:00, run_after=2024-08-04 12:00:00+00:00
[2024-08-04T20:50:06.159+0530] {processor.py:183} INFO - Processing /Users/deepanshu/Desktop/etc-spark-airflow/env/lib/python3.12/site-packages/airflow/example_dags/example_latest_only_with_trigger.py took 0.084 seconds
[2024-08-04T20:51:38.441+0530] {processor.py:161} INFO - Started process (PID=63731) to work on /Users/deepanshu/Desktop/etc-spark-airflow/env/lib/python3.12/site-packages/airflow/example_dags/example_latest_only_with_trigger.py
[2024-08-04T20:51:38.443+0530] {processor.py:830} INFO - Processing file /Users/deepanshu/Desktop/etc-spark-airflow/env/lib/python3.12/site-packages/airflow/example_dags/example_latest_only_with_trigger.py for tasks to queue
[2024-08-04T20:51:38.443+0530] {logging_mixin.py:188} INFO - [2024-08-04T20:51:38.443+0530] {dagbag.py:545} INFO - Filling up the DagBag from /Users/deepanshu/Desktop/etc-spark-airflow/env/lib/python3.12/site-packages/airflow/example_dags/example_latest_only_with_trigger.py
[2024-08-04T20:51:38.448+0530] {processor.py:840} INFO - DAG(s) 'latest_only_with_trigger' retrieved from /Users/deepanshu/Desktop/etc-spark-airflow/env/lib/python3.12/site-packages/airflow/example_dags/example_latest_only_with_trigger.py
[2024-08-04T20:51:38.502+0530] {logging_mixin.py:188} INFO - [2024-08-04T20:51:38.501+0530] {dag.py:3089} INFO - Sync 1 DAGs
[2024-08-04T20:51:38.511+0530] {logging_mixin.py:188} INFO - [2024-08-04T20:51:38.511+0530] {dag.py:3947} INFO - Setting next_dagrun for latest_only_with_trigger to 2024-08-04 08:00:00+00:00, run_after=2024-08-04 12:00:00+00:00
[2024-08-04T20:51:38.522+0530] {processor.py:183} INFO - Processing /Users/deepanshu/Desktop/etc-spark-airflow/env/lib/python3.12/site-packages/airflow/example_dags/example_latest_only_with_trigger.py took 0.082 seconds
[2024-08-04T20:53:33.572+0530] {processor.py:161} INFO - Started process (PID=64536) to work on /Users/deepanshu/Desktop/etc-spark-airflow/env/lib/python3.12/site-packages/airflow/example_dags/example_latest_only_with_trigger.py
[2024-08-04T20:53:33.574+0530] {processor.py:830} INFO - Processing file /Users/deepanshu/Desktop/etc-spark-airflow/env/lib/python3.12/site-packages/airflow/example_dags/example_latest_only_with_trigger.py for tasks to queue
[2024-08-04T20:53:33.574+0530] {logging_mixin.py:188} INFO - [2024-08-04T20:53:33.574+0530] {dagbag.py:545} INFO - Filling up the DagBag from /Users/deepanshu/Desktop/etc-spark-airflow/env/lib/python3.12/site-packages/airflow/example_dags/example_latest_only_with_trigger.py
[2024-08-04T20:53:33.579+0530] {processor.py:840} INFO - DAG(s) 'latest_only_with_trigger' retrieved from /Users/deepanshu/Desktop/etc-spark-airflow/env/lib/python3.12/site-packages/airflow/example_dags/example_latest_only_with_trigger.py
[2024-08-04T20:53:33.633+0530] {logging_mixin.py:188} INFO - [2024-08-04T20:53:33.632+0530] {dag.py:3089} INFO - Sync 1 DAGs
[2024-08-04T20:53:33.643+0530] {logging_mixin.py:188} INFO - [2024-08-04T20:53:33.643+0530] {dag.py:3947} INFO - Setting next_dagrun for latest_only_with_trigger to 2024-08-04 08:00:00+00:00, run_after=2024-08-04 12:00:00+00:00
[2024-08-04T20:53:33.653+0530] {processor.py:183} INFO - Processing /Users/deepanshu/Desktop/etc-spark-airflow/env/lib/python3.12/site-packages/airflow/example_dags/example_latest_only_with_trigger.py took 0.082 seconds
[2024-08-04T20:55:38.739+0530] {processor.py:161} INFO - Started process (PID=65516) to work on /Users/deepanshu/Desktop/etc-spark-airflow/env/lib/python3.12/site-packages/airflow/example_dags/example_latest_only_with_trigger.py
[2024-08-04T20:55:38.739+0530] {processor.py:830} INFO - Processing file /Users/deepanshu/Desktop/etc-spark-airflow/env/lib/python3.12/site-packages/airflow/example_dags/example_latest_only_with_trigger.py for tasks to queue
[2024-08-04T20:55:38.740+0530] {logging_mixin.py:188} INFO - [2024-08-04T20:55:38.740+0530] {dagbag.py:545} INFO - Filling up the DagBag from /Users/deepanshu/Desktop/etc-spark-airflow/env/lib/python3.12/site-packages/airflow/example_dags/example_latest_only_with_trigger.py
[2024-08-04T20:55:38.745+0530] {processor.py:840} INFO - DAG(s) 'latest_only_with_trigger' retrieved from /Users/deepanshu/Desktop/etc-spark-airflow/env/lib/python3.12/site-packages/airflow/example_dags/example_latest_only_with_trigger.py
[2024-08-04T20:55:38.798+0530] {logging_mixin.py:188} INFO - [2024-08-04T20:55:38.798+0530] {dag.py:3089} INFO - Sync 1 DAGs
[2024-08-04T20:55:38.809+0530] {logging_mixin.py:188} INFO - [2024-08-04T20:55:38.808+0530] {dag.py:3947} INFO - Setting next_dagrun for latest_only_with_trigger to 2024-08-04 08:00:00+00:00, run_after=2024-08-04 12:00:00+00:00
[2024-08-04T20:55:38.819+0530] {processor.py:183} INFO - Processing /Users/deepanshu/Desktop/etc-spark-airflow/env/lib/python3.12/site-packages/airflow/example_dags/example_latest_only_with_trigger.py took 0.082 seconds
[2024-08-04T21:01:55.200+0530] {processor.py:161} INFO - Started process (PID=68684) to work on /Users/deepanshu/Desktop/etc-spark-airflow/env/lib/python3.12/site-packages/airflow/example_dags/example_latest_only_with_trigger.py
[2024-08-04T21:01:55.202+0530] {processor.py:830} INFO - Processing file /Users/deepanshu/Desktop/etc-spark-airflow/env/lib/python3.12/site-packages/airflow/example_dags/example_latest_only_with_trigger.py for tasks to queue
[2024-08-04T21:01:55.202+0530] {logging_mixin.py:188} INFO - [2024-08-04T21:01:55.202+0530] {dagbag.py:545} INFO - Filling up the DagBag from /Users/deepanshu/Desktop/etc-spark-airflow/env/lib/python3.12/site-packages/airflow/example_dags/example_latest_only_with_trigger.py
[2024-08-04T21:01:55.207+0530] {processor.py:840} INFO - DAG(s) 'latest_only_with_trigger' retrieved from /Users/deepanshu/Desktop/etc-spark-airflow/env/lib/python3.12/site-packages/airflow/example_dags/example_latest_only_with_trigger.py
[2024-08-04T21:01:55.260+0530] {logging_mixin.py:188} INFO - [2024-08-04T21:01:55.260+0530] {dag.py:3089} INFO - Sync 1 DAGs
[2024-08-04T21:01:55.269+0530] {logging_mixin.py:188} INFO - [2024-08-04T21:01:55.269+0530] {dag.py:3947} INFO - Setting next_dagrun for latest_only_with_trigger to 2024-08-04 08:00:00+00:00, run_after=2024-08-04 12:00:00+00:00
[2024-08-04T21:01:55.280+0530] {processor.py:183} INFO - Processing /Users/deepanshu/Desktop/etc-spark-airflow/env/lib/python3.12/site-packages/airflow/example_dags/example_latest_only_with_trigger.py took 0.081 seconds
[2024-08-04T21:04:00.671+0530] {processor.py:161} INFO - Started process (PID=69560) to work on /Users/deepanshu/Desktop/etc-spark-airflow/env/lib/python3.12/site-packages/airflow/example_dags/example_latest_only_with_trigger.py
[2024-08-04T21:04:00.672+0530] {processor.py:830} INFO - Processing file /Users/deepanshu/Desktop/etc-spark-airflow/env/lib/python3.12/site-packages/airflow/example_dags/example_latest_only_with_trigger.py for tasks to queue
[2024-08-04T21:04:00.673+0530] {logging_mixin.py:188} INFO - [2024-08-04T21:04:00.673+0530] {dagbag.py:545} INFO - Filling up the DagBag from /Users/deepanshu/Desktop/etc-spark-airflow/env/lib/python3.12/site-packages/airflow/example_dags/example_latest_only_with_trigger.py
[2024-08-04T21:04:00.678+0530] {processor.py:840} INFO - DAG(s) 'latest_only_with_trigger' retrieved from /Users/deepanshu/Desktop/etc-spark-airflow/env/lib/python3.12/site-packages/airflow/example_dags/example_latest_only_with_trigger.py
[2024-08-04T21:04:00.738+0530] {logging_mixin.py:188} INFO - [2024-08-04T21:04:00.738+0530] {dag.py:3089} INFO - Sync 1 DAGs
[2024-08-04T21:04:00.750+0530] {logging_mixin.py:188} INFO - [2024-08-04T21:04:00.749+0530] {dag.py:3947} INFO - Setting next_dagrun for latest_only_with_trigger to 2024-08-04 08:00:00+00:00, run_after=2024-08-04 12:00:00+00:00
[2024-08-04T21:04:00.760+0530] {processor.py:183} INFO - Processing /Users/deepanshu/Desktop/etc-spark-airflow/env/lib/python3.12/site-packages/airflow/example_dags/example_latest_only_with_trigger.py took 0.091 seconds
[2024-08-04T21:06:31.725+0530] {processor.py:161} INFO - Started process (PID=70610) to work on /Users/deepanshu/Desktop/etc-spark-airflow/env/lib/python3.12/site-packages/airflow/example_dags/example_latest_only_with_trigger.py
[2024-08-04T21:06:31.727+0530] {processor.py:830} INFO - Processing file /Users/deepanshu/Desktop/etc-spark-airflow/env/lib/python3.12/site-packages/airflow/example_dags/example_latest_only_with_trigger.py for tasks to queue
[2024-08-04T21:06:31.727+0530] {logging_mixin.py:188} INFO - [2024-08-04T21:06:31.727+0530] {dagbag.py:545} INFO - Filling up the DagBag from /Users/deepanshu/Desktop/etc-spark-airflow/env/lib/python3.12/site-packages/airflow/example_dags/example_latest_only_with_trigger.py
[2024-08-04T21:06:31.732+0530] {processor.py:840} INFO - DAG(s) 'latest_only_with_trigger' retrieved from /Users/deepanshu/Desktop/etc-spark-airflow/env/lib/python3.12/site-packages/airflow/example_dags/example_latest_only_with_trigger.py
[2024-08-04T21:06:31.785+0530] {logging_mixin.py:188} INFO - [2024-08-04T21:06:31.785+0530] {dag.py:3089} INFO - Sync 1 DAGs
[2024-08-04T21:06:31.795+0530] {logging_mixin.py:188} INFO - [2024-08-04T21:06:31.795+0530] {dag.py:3947} INFO - Setting next_dagrun for latest_only_with_trigger to 2024-08-04 08:00:00+00:00, run_after=2024-08-04 12:00:00+00:00
[2024-08-04T21:06:31.806+0530] {processor.py:183} INFO - Processing /Users/deepanshu/Desktop/etc-spark-airflow/env/lib/python3.12/site-packages/airflow/example_dags/example_latest_only_with_trigger.py took 0.082 seconds
