[2024-08-04T20:35:15.377+0530] {processor.py:161} INFO - Started process (PID=56524) to work on /Users/deepanshu/Desktop/etc-spark-airflow/env/lib/python3.12/site-packages/airflow/example_dags/example_branch_labels.py
[2024-08-04T20:35:15.377+0530] {processor.py:830} INFO - Processing file /Users/deepanshu/Desktop/etc-spark-airflow/env/lib/python3.12/site-packages/airflow/example_dags/example_branch_labels.py for tasks to queue
[2024-08-04T20:35:15.378+0530] {logging_mixin.py:188} INFO - [2024-08-04T20:35:15.378+0530] {dagbag.py:545} INFO - Filling up the DagBag from /Users/deepanshu/Desktop/etc-spark-airflow/env/lib/python3.12/site-packages/airflow/example_dags/example_branch_labels.py
[2024-08-04T20:35:15.384+0530] {processor.py:840} INFO - DAG(s) 'example_branch_labels' retrieved from /Users/deepanshu/Desktop/etc-spark-airflow/env/lib/python3.12/site-packages/airflow/example_dags/example_branch_labels.py
[2024-08-04T20:35:15.486+0530] {logging_mixin.py:188} INFO - [2024-08-04T20:35:15.486+0530] {override.py:1858} INFO - Created Permission View: can edit on DAG:example_branch_labels
[2024-08-04T20:35:15.491+0530] {logging_mixin.py:188} INFO - [2024-08-04T20:35:15.491+0530] {override.py:1858} INFO - Created Permission View: can delete on DAG:example_branch_labels
[2024-08-04T20:35:15.494+0530] {logging_mixin.py:188} INFO - [2024-08-04T20:35:15.494+0530] {override.py:1858} INFO - Created Permission View: can read on DAG:example_branch_labels
[2024-08-04T20:35:15.494+0530] {logging_mixin.py:188} INFO - [2024-08-04T20:35:15.494+0530] {dag.py:3089} INFO - Sync 1 DAGs
[2024-08-04T20:35:15.500+0530] {logging_mixin.py:188} INFO - [2024-08-04T20:35:15.500+0530] {dag.py:3111} INFO - Creating ORM DAG for example_branch_labels
[2024-08-04T20:35:15.505+0530] {logging_mixin.py:188} INFO - [2024-08-04T20:35:15.504+0530] {dag.py:3947} INFO - Setting next_dagrun for example_branch_labels to 2024-08-03 00:00:00+00:00, run_after=2024-08-04 00:00:00+00:00
[2024-08-04T20:35:15.513+0530] {processor.py:183} INFO - Processing /Users/deepanshu/Desktop/etc-spark-airflow/env/lib/python3.12/site-packages/airflow/example_dags/example_branch_labels.py took 0.138 seconds
[2024-08-04T20:38:57.525+0530] {processor.py:161} INFO - Started process (PID=58255) to work on /Users/deepanshu/Desktop/etc-spark-airflow/env/lib/python3.12/site-packages/airflow/example_dags/example_branch_labels.py
[2024-08-04T20:38:57.526+0530] {processor.py:830} INFO - Processing file /Users/deepanshu/Desktop/etc-spark-airflow/env/lib/python3.12/site-packages/airflow/example_dags/example_branch_labels.py for tasks to queue
[2024-08-04T20:38:57.526+0530] {logging_mixin.py:188} INFO - [2024-08-04T20:38:57.526+0530] {dagbag.py:545} INFO - Filling up the DagBag from /Users/deepanshu/Desktop/etc-spark-airflow/env/lib/python3.12/site-packages/airflow/example_dags/example_branch_labels.py
[2024-08-04T20:38:57.532+0530] {processor.py:840} INFO - DAG(s) 'example_branch_labels' retrieved from /Users/deepanshu/Desktop/etc-spark-airflow/env/lib/python3.12/site-packages/airflow/example_dags/example_branch_labels.py
[2024-08-04T20:38:57.585+0530] {logging_mixin.py:188} INFO - [2024-08-04T20:38:57.585+0530] {dag.py:3089} INFO - Sync 1 DAGs
[2024-08-04T20:38:57.595+0530] {logging_mixin.py:188} INFO - [2024-08-04T20:38:57.595+0530] {dag.py:3947} INFO - Setting next_dagrun for example_branch_labels to 2024-08-03 00:00:00+00:00, run_after=2024-08-04 00:00:00+00:00
[2024-08-04T20:38:57.606+0530] {processor.py:183} INFO - Processing /Users/deepanshu/Desktop/etc-spark-airflow/env/lib/python3.12/site-packages/airflow/example_dags/example_branch_labels.py took 0.083 seconds
[2024-08-04T20:42:19.062+0530] {processor.py:161} INFO - Started process (PID=59768) to work on /Users/deepanshu/Desktop/etc-spark-airflow/env/lib/python3.12/site-packages/airflow/example_dags/example_branch_labels.py
[2024-08-04T20:42:19.063+0530] {processor.py:830} INFO - Processing file /Users/deepanshu/Desktop/etc-spark-airflow/env/lib/python3.12/site-packages/airflow/example_dags/example_branch_labels.py for tasks to queue
[2024-08-04T20:42:19.063+0530] {logging_mixin.py:188} INFO - [2024-08-04T20:42:19.063+0530] {dagbag.py:545} INFO - Filling up the DagBag from /Users/deepanshu/Desktop/etc-spark-airflow/env/lib/python3.12/site-packages/airflow/example_dags/example_branch_labels.py
[2024-08-04T20:42:19.069+0530] {processor.py:840} INFO - DAG(s) 'example_branch_labels' retrieved from /Users/deepanshu/Desktop/etc-spark-airflow/env/lib/python3.12/site-packages/airflow/example_dags/example_branch_labels.py
[2024-08-04T20:42:19.122+0530] {logging_mixin.py:188} INFO - [2024-08-04T20:42:19.122+0530] {dag.py:3089} INFO - Sync 1 DAGs
[2024-08-04T20:42:19.133+0530] {logging_mixin.py:188} INFO - [2024-08-04T20:42:19.133+0530] {dag.py:3947} INFO - Setting next_dagrun for example_branch_labels to 2024-08-03 00:00:00+00:00, run_after=2024-08-04 00:00:00+00:00
[2024-08-04T20:42:19.143+0530] {processor.py:183} INFO - Processing /Users/deepanshu/Desktop/etc-spark-airflow/env/lib/python3.12/site-packages/airflow/example_dags/example_branch_labels.py took 0.082 seconds
[2024-08-04T20:46:06.629+0530] {processor.py:161} INFO - Started process (PID=61396) to work on /Users/deepanshu/Desktop/etc-spark-airflow/env/lib/python3.12/site-packages/airflow/example_dags/example_branch_labels.py
[2024-08-04T20:46:06.630+0530] {processor.py:830} INFO - Processing file /Users/deepanshu/Desktop/etc-spark-airflow/env/lib/python3.12/site-packages/airflow/example_dags/example_branch_labels.py for tasks to queue
[2024-08-04T20:46:06.630+0530] {logging_mixin.py:188} INFO - [2024-08-04T20:46:06.630+0530] {dagbag.py:545} INFO - Filling up the DagBag from /Users/deepanshu/Desktop/etc-spark-airflow/env/lib/python3.12/site-packages/airflow/example_dags/example_branch_labels.py
[2024-08-04T20:46:06.636+0530] {processor.py:840} INFO - DAG(s) 'example_branch_labels' retrieved from /Users/deepanshu/Desktop/etc-spark-airflow/env/lib/python3.12/site-packages/airflow/example_dags/example_branch_labels.py
[2024-08-04T20:46:06.690+0530] {logging_mixin.py:188} INFO - [2024-08-04T20:46:06.690+0530] {dag.py:3089} INFO - Sync 1 DAGs
[2024-08-04T20:46:06.700+0530] {logging_mixin.py:188} INFO - [2024-08-04T20:46:06.700+0530] {dag.py:3947} INFO - Setting next_dagrun for example_branch_labels to 2024-08-03 00:00:00+00:00, run_after=2024-08-04 00:00:00+00:00
[2024-08-04T20:46:06.710+0530] {processor.py:183} INFO - Processing /Users/deepanshu/Desktop/etc-spark-airflow/env/lib/python3.12/site-packages/airflow/example_dags/example_branch_labels.py took 0.083 seconds
[2024-08-04T20:48:45.476+0530] {processor.py:161} INFO - Started process (PID=62504) to work on /Users/deepanshu/Desktop/etc-spark-airflow/env/lib/python3.12/site-packages/airflow/example_dags/example_branch_labels.py
[2024-08-04T20:48:45.477+0530] {processor.py:830} INFO - Processing file /Users/deepanshu/Desktop/etc-spark-airflow/env/lib/python3.12/site-packages/airflow/example_dags/example_branch_labels.py for tasks to queue
[2024-08-04T20:48:45.478+0530] {logging_mixin.py:188} INFO - [2024-08-04T20:48:45.478+0530] {dagbag.py:545} INFO - Filling up the DagBag from /Users/deepanshu/Desktop/etc-spark-airflow/env/lib/python3.12/site-packages/airflow/example_dags/example_branch_labels.py
[2024-08-04T20:48:45.483+0530] {processor.py:840} INFO - DAG(s) 'example_branch_labels' retrieved from /Users/deepanshu/Desktop/etc-spark-airflow/env/lib/python3.12/site-packages/airflow/example_dags/example_branch_labels.py
[2024-08-04T20:48:45.536+0530] {logging_mixin.py:188} INFO - [2024-08-04T20:48:45.536+0530] {dag.py:3089} INFO - Sync 1 DAGs
[2024-08-04T20:48:45.546+0530] {logging_mixin.py:188} INFO - [2024-08-04T20:48:45.546+0530] {dag.py:3947} INFO - Setting next_dagrun for example_branch_labels to 2024-08-03 00:00:00+00:00, run_after=2024-08-04 00:00:00+00:00
[2024-08-04T20:48:45.557+0530] {processor.py:183} INFO - Processing /Users/deepanshu/Desktop/etc-spark-airflow/env/lib/python3.12/site-packages/airflow/example_dags/example_branch_labels.py took 0.082 seconds
[2024-08-04T20:52:03.881+0530] {processor.py:161} INFO - Started process (PID=63893) to work on /Users/deepanshu/Desktop/etc-spark-airflow/env/lib/python3.12/site-packages/airflow/example_dags/example_branch_labels.py
[2024-08-04T20:52:03.883+0530] {processor.py:830} INFO - Processing file /Users/deepanshu/Desktop/etc-spark-airflow/env/lib/python3.12/site-packages/airflow/example_dags/example_branch_labels.py for tasks to queue
[2024-08-04T20:52:03.883+0530] {logging_mixin.py:188} INFO - [2024-08-04T20:52:03.883+0530] {dagbag.py:545} INFO - Filling up the DagBag from /Users/deepanshu/Desktop/etc-spark-airflow/env/lib/python3.12/site-packages/airflow/example_dags/example_branch_labels.py
[2024-08-04T20:52:03.889+0530] {processor.py:840} INFO - DAG(s) 'example_branch_labels' retrieved from /Users/deepanshu/Desktop/etc-spark-airflow/env/lib/python3.12/site-packages/airflow/example_dags/example_branch_labels.py
[2024-08-04T20:52:03.943+0530] {logging_mixin.py:188} INFO - [2024-08-04T20:52:03.942+0530] {dag.py:3089} INFO - Sync 1 DAGs
[2024-08-04T20:52:03.952+0530] {logging_mixin.py:188} INFO - [2024-08-04T20:52:03.952+0530] {dag.py:3947} INFO - Setting next_dagrun for example_branch_labels to 2024-08-03 00:00:00+00:00, run_after=2024-08-04 00:00:00+00:00
[2024-08-04T20:52:03.963+0530] {processor.py:183} INFO - Processing /Users/deepanshu/Desktop/etc-spark-airflow/env/lib/python3.12/site-packages/airflow/example_dags/example_branch_labels.py took 0.083 seconds
[2024-08-04T20:56:04.437+0530] {processor.py:161} INFO - Started process (PID=65679) to work on /Users/deepanshu/Desktop/etc-spark-airflow/env/lib/python3.12/site-packages/airflow/example_dags/example_branch_labels.py
[2024-08-04T20:56:04.439+0530] {processor.py:830} INFO - Processing file /Users/deepanshu/Desktop/etc-spark-airflow/env/lib/python3.12/site-packages/airflow/example_dags/example_branch_labels.py for tasks to queue
[2024-08-04T20:56:04.439+0530] {logging_mixin.py:188} INFO - [2024-08-04T20:56:04.439+0530] {dagbag.py:545} INFO - Filling up the DagBag from /Users/deepanshu/Desktop/etc-spark-airflow/env/lib/python3.12/site-packages/airflow/example_dags/example_branch_labels.py
[2024-08-04T20:56:04.445+0530] {processor.py:840} INFO - DAG(s) 'example_branch_labels' retrieved from /Users/deepanshu/Desktop/etc-spark-airflow/env/lib/python3.12/site-packages/airflow/example_dags/example_branch_labels.py
[2024-08-04T20:56:04.498+0530] {logging_mixin.py:188} INFO - [2024-08-04T20:56:04.498+0530] {dag.py:3089} INFO - Sync 1 DAGs
[2024-08-04T20:56:04.508+0530] {logging_mixin.py:188} INFO - [2024-08-04T20:56:04.508+0530] {dag.py:3947} INFO - Setting next_dagrun for example_branch_labels to 2024-08-03 00:00:00+00:00, run_after=2024-08-04 00:00:00+00:00
[2024-08-04T20:56:04.518+0530] {processor.py:183} INFO - Processing /Users/deepanshu/Desktop/etc-spark-airflow/env/lib/python3.12/site-packages/airflow/example_dags/example_branch_labels.py took 0.083 seconds
[2024-08-04T21:02:20.749+0530] {processor.py:161} INFO - Started process (PID=68843) to work on /Users/deepanshu/Desktop/etc-spark-airflow/env/lib/python3.12/site-packages/airflow/example_dags/example_branch_labels.py
[2024-08-04T21:02:20.750+0530] {processor.py:830} INFO - Processing file /Users/deepanshu/Desktop/etc-spark-airflow/env/lib/python3.12/site-packages/airflow/example_dags/example_branch_labels.py for tasks to queue
[2024-08-04T21:02:20.751+0530] {logging_mixin.py:188} INFO - [2024-08-04T21:02:20.751+0530] {dagbag.py:545} INFO - Filling up the DagBag from /Users/deepanshu/Desktop/etc-spark-airflow/env/lib/python3.12/site-packages/airflow/example_dags/example_branch_labels.py
[2024-08-04T21:02:20.757+0530] {processor.py:840} INFO - DAG(s) 'example_branch_labels' retrieved from /Users/deepanshu/Desktop/etc-spark-airflow/env/lib/python3.12/site-packages/airflow/example_dags/example_branch_labels.py
[2024-08-04T21:02:20.811+0530] {logging_mixin.py:188} INFO - [2024-08-04T21:02:20.811+0530] {dag.py:3089} INFO - Sync 1 DAGs
[2024-08-04T21:02:20.822+0530] {logging_mixin.py:188} INFO - [2024-08-04T21:02:20.821+0530] {dag.py:3947} INFO - Setting next_dagrun for example_branch_labels to 2024-08-03 00:00:00+00:00, run_after=2024-08-04 00:00:00+00:00
[2024-08-04T21:02:20.832+0530] {processor.py:183} INFO - Processing /Users/deepanshu/Desktop/etc-spark-airflow/env/lib/python3.12/site-packages/airflow/example_dags/example_branch_labels.py took 0.084 seconds
[2024-08-04T21:04:26.699+0530] {processor.py:161} INFO - Started process (PID=69734) to work on /Users/deepanshu/Desktop/etc-spark-airflow/env/lib/python3.12/site-packages/airflow/example_dags/example_branch_labels.py
[2024-08-04T21:04:26.700+0530] {processor.py:830} INFO - Processing file /Users/deepanshu/Desktop/etc-spark-airflow/env/lib/python3.12/site-packages/airflow/example_dags/example_branch_labels.py for tasks to queue
[2024-08-04T21:04:26.700+0530] {logging_mixin.py:188} INFO - [2024-08-04T21:04:26.700+0530] {dagbag.py:545} INFO - Filling up the DagBag from /Users/deepanshu/Desktop/etc-spark-airflow/env/lib/python3.12/site-packages/airflow/example_dags/example_branch_labels.py
[2024-08-04T21:04:26.706+0530] {processor.py:840} INFO - DAG(s) 'example_branch_labels' retrieved from /Users/deepanshu/Desktop/etc-spark-airflow/env/lib/python3.12/site-packages/airflow/example_dags/example_branch_labels.py
[2024-08-04T21:04:26.760+0530] {logging_mixin.py:188} INFO - [2024-08-04T21:04:26.760+0530] {dag.py:3089} INFO - Sync 1 DAGs
[2024-08-04T21:04:26.770+0530] {logging_mixin.py:188} INFO - [2024-08-04T21:04:26.770+0530] {dag.py:3947} INFO - Setting next_dagrun for example_branch_labels to 2024-08-03 00:00:00+00:00, run_after=2024-08-04 00:00:00+00:00
[2024-08-04T21:04:26.780+0530] {processor.py:183} INFO - Processing /Users/deepanshu/Desktop/etc-spark-airflow/env/lib/python3.12/site-packages/airflow/example_dags/example_branch_labels.py took 0.082 seconds
[2024-08-04T21:06:57.418+0530] {processor.py:161} INFO - Started process (PID=70779) to work on /Users/deepanshu/Desktop/etc-spark-airflow/env/lib/python3.12/site-packages/airflow/example_dags/example_branch_labels.py
[2024-08-04T21:06:57.420+0530] {processor.py:830} INFO - Processing file /Users/deepanshu/Desktop/etc-spark-airflow/env/lib/python3.12/site-packages/airflow/example_dags/example_branch_labels.py for tasks to queue
[2024-08-04T21:06:57.420+0530] {logging_mixin.py:188} INFO - [2024-08-04T21:06:57.420+0530] {dagbag.py:545} INFO - Filling up the DagBag from /Users/deepanshu/Desktop/etc-spark-airflow/env/lib/python3.12/site-packages/airflow/example_dags/example_branch_labels.py
[2024-08-04T21:06:57.425+0530] {processor.py:840} INFO - DAG(s) 'example_branch_labels' retrieved from /Users/deepanshu/Desktop/etc-spark-airflow/env/lib/python3.12/site-packages/airflow/example_dags/example_branch_labels.py
[2024-08-04T21:06:57.480+0530] {logging_mixin.py:188} INFO - [2024-08-04T21:06:57.480+0530] {dag.py:3089} INFO - Sync 1 DAGs
[2024-08-04T21:06:57.490+0530] {logging_mixin.py:188} INFO - [2024-08-04T21:06:57.489+0530] {dag.py:3947} INFO - Setting next_dagrun for example_branch_labels to 2024-08-03 00:00:00+00:00, run_after=2024-08-04 00:00:00+00:00
[2024-08-04T21:06:57.500+0530] {processor.py:183} INFO - Processing /Users/deepanshu/Desktop/etc-spark-airflow/env/lib/python3.12/site-packages/airflow/example_dags/example_branch_labels.py took 0.083 seconds
