[2024-08-04T20:34:43.221+0530] {processor.py:161} INFO - Started process (PID=56320) to work on /Users/deepanshu/Desktop/etc-spark-airflow/env/lib/python3.12/site-packages/airflow/example_dags/example_params_trigger_ui.py
[2024-08-04T20:34:43.222+0530] {processor.py:830} INFO - Processing file /Users/deepanshu/Desktop/etc-spark-airflow/env/lib/python3.12/site-packages/airflow/example_dags/example_params_trigger_ui.py for tasks to queue
[2024-08-04T20:34:43.222+0530] {logging_mixin.py:188} INFO - [2024-08-04T20:34:43.222+0530] {dagbag.py:545} INFO - Filling up the DagBag from /Users/deepanshu/Desktop/etc-spark-airflow/env/lib/python3.12/site-packages/airflow/example_dags/example_params_trigger_ui.py
[2024-08-04T20:34:43.248+0530] {processor.py:840} INFO - DAG(s) 'example_params_trigger_ui' retrieved from /Users/deepanshu/Desktop/etc-spark-airflow/env/lib/python3.12/site-packages/airflow/example_dags/example_params_trigger_ui.py
[2024-08-04T20:34:43.361+0530] {logging_mixin.py:188} INFO - [2024-08-04T20:34:43.361+0530] {override.py:1858} INFO - Created Permission View: can edit on DAG:example_params_trigger_ui
[2024-08-04T20:34:43.366+0530] {logging_mixin.py:188} INFO - [2024-08-04T20:34:43.365+0530] {override.py:1858} INFO - Created Permission View: can read on DAG:example_params_trigger_ui
[2024-08-04T20:34:43.369+0530] {logging_mixin.py:188} INFO - [2024-08-04T20:34:43.369+0530] {override.py:1858} INFO - Created Permission View: can delete on DAG:example_params_trigger_ui
[2024-08-04T20:34:43.369+0530] {logging_mixin.py:188} INFO - [2024-08-04T20:34:43.369+0530] {dag.py:3089} INFO - Sync 1 DAGs
[2024-08-04T20:34:43.375+0530] {logging_mixin.py:188} INFO - [2024-08-04T20:34:43.375+0530] {dag.py:3111} INFO - Creating ORM DAG for example_params_trigger_ui
[2024-08-04T20:34:43.376+0530] {logging_mixin.py:188} INFO - [2024-08-04T20:34:43.376+0530] {dag.py:3947} INFO - Setting next_dagrun for example_params_trigger_ui to None, run_after=None
[2024-08-04T20:34:43.385+0530] {processor.py:183} INFO - Processing /Users/deepanshu/Desktop/etc-spark-airflow/env/lib/python3.12/site-packages/airflow/example_dags/example_params_trigger_ui.py took 0.165 seconds
[2024-08-04T20:36:47.446+0530] {processor.py:161} INFO - Started process (PID=57220) to work on /Users/deepanshu/Desktop/etc-spark-airflow/env/lib/python3.12/site-packages/airflow/example_dags/example_params_trigger_ui.py
[2024-08-04T20:36:47.447+0530] {processor.py:830} INFO - Processing file /Users/deepanshu/Desktop/etc-spark-airflow/env/lib/python3.12/site-packages/airflow/example_dags/example_params_trigger_ui.py for tasks to queue
[2024-08-04T20:36:47.447+0530] {logging_mixin.py:188} INFO - [2024-08-04T20:36:47.447+0530] {dagbag.py:545} INFO - Filling up the DagBag from /Users/deepanshu/Desktop/etc-spark-airflow/env/lib/python3.12/site-packages/airflow/example_dags/example_params_trigger_ui.py
[2024-08-04T20:36:47.471+0530] {processor.py:840} INFO - DAG(s) 'example_params_trigger_ui' retrieved from /Users/deepanshu/Desktop/etc-spark-airflow/env/lib/python3.12/site-packages/airflow/example_dags/example_params_trigger_ui.py
[2024-08-04T20:36:47.535+0530] {logging_mixin.py:188} INFO - [2024-08-04T20:36:47.535+0530] {dag.py:3089} INFO - Sync 1 DAGs
[2024-08-04T20:36:47.541+0530] {logging_mixin.py:188} INFO - [2024-08-04T20:36:47.541+0530] {dag.py:3947} INFO - Setting next_dagrun for example_params_trigger_ui to None, run_after=None
[2024-08-04T20:36:47.552+0530] {processor.py:183} INFO - Processing /Users/deepanshu/Desktop/etc-spark-airflow/env/lib/python3.12/site-packages/airflow/example_dags/example_params_trigger_ui.py took 0.108 seconds
[2024-08-04T20:38:17.442+0530] {processor.py:161} INFO - Started process (PID=57941) to work on /Users/deepanshu/Desktop/etc-spark-airflow/env/lib/python3.12/site-packages/airflow/example_dags/example_params_trigger_ui.py
[2024-08-04T20:38:17.443+0530] {processor.py:830} INFO - Processing file /Users/deepanshu/Desktop/etc-spark-airflow/env/lib/python3.12/site-packages/airflow/example_dags/example_params_trigger_ui.py for tasks to queue
[2024-08-04T20:38:17.443+0530] {logging_mixin.py:188} INFO - [2024-08-04T20:38:17.443+0530] {dagbag.py:545} INFO - Filling up the DagBag from /Users/deepanshu/Desktop/etc-spark-airflow/env/lib/python3.12/site-packages/airflow/example_dags/example_params_trigger_ui.py
[2024-08-04T20:38:17.467+0530] {processor.py:840} INFO - DAG(s) 'example_params_trigger_ui' retrieved from /Users/deepanshu/Desktop/etc-spark-airflow/env/lib/python3.12/site-packages/airflow/example_dags/example_params_trigger_ui.py
[2024-08-04T20:38:17.530+0530] {logging_mixin.py:188} INFO - [2024-08-04T20:38:17.530+0530] {dag.py:3089} INFO - Sync 1 DAGs
[2024-08-04T20:38:17.536+0530] {logging_mixin.py:188} INFO - [2024-08-04T20:38:17.535+0530] {dag.py:3947} INFO - Setting next_dagrun for example_params_trigger_ui to None, run_after=None
[2024-08-04T20:38:17.547+0530] {processor.py:183} INFO - Processing /Users/deepanshu/Desktop/etc-spark-airflow/env/lib/python3.12/site-packages/airflow/example_dags/example_params_trigger_ui.py took 0.106 seconds
[2024-08-04T20:40:15.071+0530] {processor.py:161} INFO - Started process (PID=58833) to work on /Users/deepanshu/Desktop/etc-spark-airflow/env/lib/python3.12/site-packages/airflow/example_dags/example_params_trigger_ui.py
[2024-08-04T20:40:15.072+0530] {processor.py:830} INFO - Processing file /Users/deepanshu/Desktop/etc-spark-airflow/env/lib/python3.12/site-packages/airflow/example_dags/example_params_trigger_ui.py for tasks to queue
[2024-08-04T20:40:15.072+0530] {logging_mixin.py:188} INFO - [2024-08-04T20:40:15.072+0530] {dagbag.py:545} INFO - Filling up the DagBag from /Users/deepanshu/Desktop/etc-spark-airflow/env/lib/python3.12/site-packages/airflow/example_dags/example_params_trigger_ui.py
[2024-08-04T20:40:15.098+0530] {processor.py:840} INFO - DAG(s) 'example_params_trigger_ui' retrieved from /Users/deepanshu/Desktop/etc-spark-airflow/env/lib/python3.12/site-packages/airflow/example_dags/example_params_trigger_ui.py
[2024-08-04T20:40:15.163+0530] {logging_mixin.py:188} INFO - [2024-08-04T20:40:15.163+0530] {dag.py:3089} INFO - Sync 1 DAGs
[2024-08-04T20:40:15.168+0530] {logging_mixin.py:188} INFO - [2024-08-04T20:40:15.168+0530] {dag.py:3947} INFO - Setting next_dagrun for example_params_trigger_ui to None, run_after=None
[2024-08-04T20:40:15.179+0530] {processor.py:183} INFO - Processing /Users/deepanshu/Desktop/etc-spark-airflow/env/lib/python3.12/site-packages/airflow/example_dags/example_params_trigger_ui.py took 0.110 seconds
[2024-08-04T20:41:46.758+0530] {processor.py:161} INFO - Started process (PID=59522) to work on /Users/deepanshu/Desktop/etc-spark-airflow/env/lib/python3.12/site-packages/airflow/example_dags/example_params_trigger_ui.py
[2024-08-04T20:41:46.758+0530] {processor.py:830} INFO - Processing file /Users/deepanshu/Desktop/etc-spark-airflow/env/lib/python3.12/site-packages/airflow/example_dags/example_params_trigger_ui.py for tasks to queue
[2024-08-04T20:41:46.759+0530] {logging_mixin.py:188} INFO - [2024-08-04T20:41:46.759+0530] {dagbag.py:545} INFO - Filling up the DagBag from /Users/deepanshu/Desktop/etc-spark-airflow/env/lib/python3.12/site-packages/airflow/example_dags/example_params_trigger_ui.py
[2024-08-04T20:41:46.788+0530] {processor.py:840} INFO - DAG(s) 'example_params_trigger_ui' retrieved from /Users/deepanshu/Desktop/etc-spark-airflow/env/lib/python3.12/site-packages/airflow/example_dags/example_params_trigger_ui.py
[2024-08-04T20:41:46.859+0530] {logging_mixin.py:188} INFO - [2024-08-04T20:41:46.859+0530] {dag.py:3089} INFO - Sync 1 DAGs
[2024-08-04T20:41:46.864+0530] {logging_mixin.py:188} INFO - [2024-08-04T20:41:46.864+0530] {dag.py:3947} INFO - Setting next_dagrun for example_params_trigger_ui to None, run_after=None
[2024-08-04T20:41:46.876+0530] {processor.py:183} INFO - Processing /Users/deepanshu/Desktop/etc-spark-airflow/env/lib/python3.12/site-packages/airflow/example_dags/example_params_trigger_ui.py took 0.120 seconds
[2024-08-04T20:43:38.754+0530] {processor.py:161} INFO - Started process (PID=60335) to work on /Users/deepanshu/Desktop/etc-spark-airflow/env/lib/python3.12/site-packages/airflow/example_dags/example_params_trigger_ui.py
[2024-08-04T20:43:38.755+0530] {processor.py:830} INFO - Processing file /Users/deepanshu/Desktop/etc-spark-airflow/env/lib/python3.12/site-packages/airflow/example_dags/example_params_trigger_ui.py for tasks to queue
[2024-08-04T20:43:38.755+0530] {logging_mixin.py:188} INFO - [2024-08-04T20:43:38.755+0530] {dagbag.py:545} INFO - Filling up the DagBag from /Users/deepanshu/Desktop/etc-spark-airflow/env/lib/python3.12/site-packages/airflow/example_dags/example_params_trigger_ui.py
[2024-08-04T20:43:38.788+0530] {processor.py:840} INFO - DAG(s) 'example_params_trigger_ui' retrieved from /Users/deepanshu/Desktop/etc-spark-airflow/env/lib/python3.12/site-packages/airflow/example_dags/example_params_trigger_ui.py
[2024-08-04T20:43:38.855+0530] {logging_mixin.py:188} INFO - [2024-08-04T20:43:38.855+0530] {dag.py:3089} INFO - Sync 1 DAGs
[2024-08-04T20:43:38.860+0530] {logging_mixin.py:188} INFO - [2024-08-04T20:43:38.860+0530] {dag.py:3947} INFO - Setting next_dagrun for example_params_trigger_ui to None, run_after=None
[2024-08-04T20:43:38.871+0530] {processor.py:183} INFO - Processing /Users/deepanshu/Desktop/etc-spark-airflow/env/lib/python3.12/site-packages/airflow/example_dags/example_params_trigger_ui.py took 0.118 seconds
[2024-08-04T20:45:33.976+0530] {processor.py:161} INFO - Started process (PID=61178) to work on /Users/deepanshu/Desktop/etc-spark-airflow/env/lib/python3.12/site-packages/airflow/example_dags/example_params_trigger_ui.py
[2024-08-04T20:45:33.977+0530] {processor.py:830} INFO - Processing file /Users/deepanshu/Desktop/etc-spark-airflow/env/lib/python3.12/site-packages/airflow/example_dags/example_params_trigger_ui.py for tasks to queue
[2024-08-04T20:45:33.977+0530] {logging_mixin.py:188} INFO - [2024-08-04T20:45:33.977+0530] {dagbag.py:545} INFO - Filling up the DagBag from /Users/deepanshu/Desktop/etc-spark-airflow/env/lib/python3.12/site-packages/airflow/example_dags/example_params_trigger_ui.py
[2024-08-04T20:45:34.001+0530] {processor.py:840} INFO - DAG(s) 'example_params_trigger_ui' retrieved from /Users/deepanshu/Desktop/etc-spark-airflow/env/lib/python3.12/site-packages/airflow/example_dags/example_params_trigger_ui.py
[2024-08-04T20:45:34.065+0530] {logging_mixin.py:188} INFO - [2024-08-04T20:45:34.064+0530] {dag.py:3089} INFO - Sync 1 DAGs
[2024-08-04T20:45:34.070+0530] {logging_mixin.py:188} INFO - [2024-08-04T20:45:34.070+0530] {dag.py:3947} INFO - Setting next_dagrun for example_params_trigger_ui to None, run_after=None
[2024-08-04T20:45:34.080+0530] {processor.py:183} INFO - Processing /Users/deepanshu/Desktop/etc-spark-airflow/env/lib/python3.12/site-packages/airflow/example_dags/example_params_trigger_ui.py took 0.106 seconds
[2024-08-04T20:47:30.291+0530] {processor.py:161} INFO - Started process (PID=61984) to work on /Users/deepanshu/Desktop/etc-spark-airflow/env/lib/python3.12/site-packages/airflow/example_dags/example_params_trigger_ui.py
[2024-08-04T20:47:30.293+0530] {processor.py:830} INFO - Processing file /Users/deepanshu/Desktop/etc-spark-airflow/env/lib/python3.12/site-packages/airflow/example_dags/example_params_trigger_ui.py for tasks to queue
[2024-08-04T20:47:30.293+0530] {logging_mixin.py:188} INFO - [2024-08-04T20:47:30.293+0530] {dagbag.py:545} INFO - Filling up the DagBag from /Users/deepanshu/Desktop/etc-spark-airflow/env/lib/python3.12/site-packages/airflow/example_dags/example_params_trigger_ui.py
[2024-08-04T20:47:30.317+0530] {processor.py:840} INFO - DAG(s) 'example_params_trigger_ui' retrieved from /Users/deepanshu/Desktop/etc-spark-airflow/env/lib/python3.12/site-packages/airflow/example_dags/example_params_trigger_ui.py
[2024-08-04T20:47:30.380+0530] {logging_mixin.py:188} INFO - [2024-08-04T20:47:30.379+0530] {dag.py:3089} INFO - Sync 1 DAGs
[2024-08-04T20:47:30.385+0530] {logging_mixin.py:188} INFO - [2024-08-04T20:47:30.385+0530] {dag.py:3947} INFO - Setting next_dagrun for example_params_trigger_ui to None, run_after=None
[2024-08-04T20:47:30.395+0530] {processor.py:183} INFO - Processing /Users/deepanshu/Desktop/etc-spark-airflow/env/lib/python3.12/site-packages/airflow/example_dags/example_params_trigger_ui.py took 0.106 seconds
[2024-08-04T20:49:59.941+0530] {processor.py:161} INFO - Started process (PID=63014) to work on /Users/deepanshu/Desktop/etc-spark-airflow/env/lib/python3.12/site-packages/airflow/example_dags/example_params_trigger_ui.py
[2024-08-04T20:49:59.943+0530] {processor.py:830} INFO - Processing file /Users/deepanshu/Desktop/etc-spark-airflow/env/lib/python3.12/site-packages/airflow/example_dags/example_params_trigger_ui.py for tasks to queue
[2024-08-04T20:49:59.943+0530] {logging_mixin.py:188} INFO - [2024-08-04T20:49:59.943+0530] {dagbag.py:545} INFO - Filling up the DagBag from /Users/deepanshu/Desktop/etc-spark-airflow/env/lib/python3.12/site-packages/airflow/example_dags/example_params_trigger_ui.py
[2024-08-04T20:49:59.969+0530] {processor.py:840} INFO - DAG(s) 'example_params_trigger_ui' retrieved from /Users/deepanshu/Desktop/etc-spark-airflow/env/lib/python3.12/site-packages/airflow/example_dags/example_params_trigger_ui.py
[2024-08-04T20:50:00.035+0530] {logging_mixin.py:188} INFO - [2024-08-04T20:50:00.035+0530] {dag.py:3089} INFO - Sync 1 DAGs
[2024-08-04T20:50:00.040+0530] {logging_mixin.py:188} INFO - [2024-08-04T20:50:00.040+0530] {dag.py:3947} INFO - Setting next_dagrun for example_params_trigger_ui to None, run_after=None
[2024-08-04T20:50:00.052+0530] {processor.py:183} INFO - Processing /Users/deepanshu/Desktop/etc-spark-airflow/env/lib/python3.12/site-packages/airflow/example_dags/example_params_trigger_ui.py took 0.112 seconds
[2024-08-04T20:51:33.160+0530] {processor.py:161} INFO - Started process (PID=63691) to work on /Users/deepanshu/Desktop/etc-spark-airflow/env/lib/python3.12/site-packages/airflow/example_dags/example_params_trigger_ui.py
[2024-08-04T20:51:33.161+0530] {processor.py:830} INFO - Processing file /Users/deepanshu/Desktop/etc-spark-airflow/env/lib/python3.12/site-packages/airflow/example_dags/example_params_trigger_ui.py for tasks to queue
[2024-08-04T20:51:33.161+0530] {logging_mixin.py:188} INFO - [2024-08-04T20:51:33.161+0530] {dagbag.py:545} INFO - Filling up the DagBag from /Users/deepanshu/Desktop/etc-spark-airflow/env/lib/python3.12/site-packages/airflow/example_dags/example_params_trigger_ui.py
[2024-08-04T20:51:33.185+0530] {processor.py:840} INFO - DAG(s) 'example_params_trigger_ui' retrieved from /Users/deepanshu/Desktop/etc-spark-airflow/env/lib/python3.12/site-packages/airflow/example_dags/example_params_trigger_ui.py
[2024-08-04T20:51:33.248+0530] {logging_mixin.py:188} INFO - [2024-08-04T20:51:33.248+0530] {dag.py:3089} INFO - Sync 1 DAGs
[2024-08-04T20:51:33.253+0530] {logging_mixin.py:188} INFO - [2024-08-04T20:51:33.253+0530] {dag.py:3947} INFO - Setting next_dagrun for example_params_trigger_ui to None, run_after=None
[2024-08-04T20:51:33.264+0530] {processor.py:183} INFO - Processing /Users/deepanshu/Desktop/etc-spark-airflow/env/lib/python3.12/site-packages/airflow/example_dags/example_params_trigger_ui.py took 0.106 seconds
[2024-08-04T20:53:27.961+0530] {processor.py:161} INFO - Started process (PID=64496) to work on /Users/deepanshu/Desktop/etc-spark-airflow/env/lib/python3.12/site-packages/airflow/example_dags/example_params_trigger_ui.py
[2024-08-04T20:53:27.963+0530] {processor.py:830} INFO - Processing file /Users/deepanshu/Desktop/etc-spark-airflow/env/lib/python3.12/site-packages/airflow/example_dags/example_params_trigger_ui.py for tasks to queue
[2024-08-04T20:53:27.963+0530] {logging_mixin.py:188} INFO - [2024-08-04T20:53:27.963+0530] {dagbag.py:545} INFO - Filling up the DagBag from /Users/deepanshu/Desktop/etc-spark-airflow/env/lib/python3.12/site-packages/airflow/example_dags/example_params_trigger_ui.py
[2024-08-04T20:53:27.988+0530] {processor.py:840} INFO - DAG(s) 'example_params_trigger_ui' retrieved from /Users/deepanshu/Desktop/etc-spark-airflow/env/lib/python3.12/site-packages/airflow/example_dags/example_params_trigger_ui.py
[2024-08-04T20:53:28.052+0530] {logging_mixin.py:188} INFO - [2024-08-04T20:53:28.051+0530] {dag.py:3089} INFO - Sync 1 DAGs
[2024-08-04T20:53:28.057+0530] {logging_mixin.py:188} INFO - [2024-08-04T20:53:28.057+0530] {dag.py:3947} INFO - Setting next_dagrun for example_params_trigger_ui to None, run_after=None
[2024-08-04T20:53:28.068+0530] {processor.py:183} INFO - Processing /Users/deepanshu/Desktop/etc-spark-airflow/env/lib/python3.12/site-packages/airflow/example_dags/example_params_trigger_ui.py took 0.108 seconds
[2024-08-04T20:55:32.601+0530] {processor.py:161} INFO - Started process (PID=65462) to work on /Users/deepanshu/Desktop/etc-spark-airflow/env/lib/python3.12/site-packages/airflow/example_dags/example_params_trigger_ui.py
[2024-08-04T20:55:32.602+0530] {processor.py:830} INFO - Processing file /Users/deepanshu/Desktop/etc-spark-airflow/env/lib/python3.12/site-packages/airflow/example_dags/example_params_trigger_ui.py for tasks to queue
[2024-08-04T20:55:32.603+0530] {logging_mixin.py:188} INFO - [2024-08-04T20:55:32.603+0530] {dagbag.py:545} INFO - Filling up the DagBag from /Users/deepanshu/Desktop/etc-spark-airflow/env/lib/python3.12/site-packages/airflow/example_dags/example_params_trigger_ui.py
[2024-08-04T20:55:32.626+0530] {processor.py:840} INFO - DAG(s) 'example_params_trigger_ui' retrieved from /Users/deepanshu/Desktop/etc-spark-airflow/env/lib/python3.12/site-packages/airflow/example_dags/example_params_trigger_ui.py
[2024-08-04T20:55:32.690+0530] {logging_mixin.py:188} INFO - [2024-08-04T20:55:32.690+0530] {dag.py:3089} INFO - Sync 1 DAGs
[2024-08-04T20:55:32.695+0530] {logging_mixin.py:188} INFO - [2024-08-04T20:55:32.695+0530] {dag.py:3947} INFO - Setting next_dagrun for example_params_trigger_ui to None, run_after=None
[2024-08-04T20:55:32.705+0530] {processor.py:183} INFO - Processing /Users/deepanshu/Desktop/etc-spark-airflow/env/lib/python3.12/site-packages/airflow/example_dags/example_params_trigger_ui.py took 0.106 seconds
[2024-08-04T21:01:49.087+0530] {processor.py:161} INFO - Started process (PID=68643) to work on /Users/deepanshu/Desktop/etc-spark-airflow/env/lib/python3.12/site-packages/airflow/example_dags/example_params_trigger_ui.py
[2024-08-04T21:01:49.088+0530] {processor.py:830} INFO - Processing file /Users/deepanshu/Desktop/etc-spark-airflow/env/lib/python3.12/site-packages/airflow/example_dags/example_params_trigger_ui.py for tasks to queue
[2024-08-04T21:01:49.088+0530] {logging_mixin.py:188} INFO - [2024-08-04T21:01:49.088+0530] {dagbag.py:545} INFO - Filling up the DagBag from /Users/deepanshu/Desktop/etc-spark-airflow/env/lib/python3.12/site-packages/airflow/example_dags/example_params_trigger_ui.py
[2024-08-04T21:01:49.112+0530] {processor.py:840} INFO - DAG(s) 'example_params_trigger_ui' retrieved from /Users/deepanshu/Desktop/etc-spark-airflow/env/lib/python3.12/site-packages/airflow/example_dags/example_params_trigger_ui.py
[2024-08-04T21:01:49.175+0530] {logging_mixin.py:188} INFO - [2024-08-04T21:01:49.175+0530] {dag.py:3089} INFO - Sync 1 DAGs
[2024-08-04T21:01:49.180+0530] {logging_mixin.py:188} INFO - [2024-08-04T21:01:49.180+0530] {dag.py:3947} INFO - Setting next_dagrun for example_params_trigger_ui to None, run_after=None
[2024-08-04T21:01:49.192+0530] {processor.py:183} INFO - Processing /Users/deepanshu/Desktop/etc-spark-airflow/env/lib/python3.12/site-packages/airflow/example_dags/example_params_trigger_ui.py took 0.106 seconds
[2024-08-04T21:03:54.118+0530] {processor.py:161} INFO - Started process (PID=69521) to work on /Users/deepanshu/Desktop/etc-spark-airflow/env/lib/python3.12/site-packages/airflow/example_dags/example_params_trigger_ui.py
[2024-08-04T21:03:54.119+0530] {processor.py:830} INFO - Processing file /Users/deepanshu/Desktop/etc-spark-airflow/env/lib/python3.12/site-packages/airflow/example_dags/example_params_trigger_ui.py for tasks to queue
[2024-08-04T21:03:54.120+0530] {logging_mixin.py:188} INFO - [2024-08-04T21:03:54.120+0530] {dagbag.py:545} INFO - Filling up the DagBag from /Users/deepanshu/Desktop/etc-spark-airflow/env/lib/python3.12/site-packages/airflow/example_dags/example_params_trigger_ui.py
[2024-08-04T21:03:54.144+0530] {processor.py:840} INFO - DAG(s) 'example_params_trigger_ui' retrieved from /Users/deepanshu/Desktop/etc-spark-airflow/env/lib/python3.12/site-packages/airflow/example_dags/example_params_trigger_ui.py
[2024-08-04T21:03:54.207+0530] {logging_mixin.py:188} INFO - [2024-08-04T21:03:54.207+0530] {dag.py:3089} INFO - Sync 1 DAGs
[2024-08-04T21:03:54.212+0530] {logging_mixin.py:188} INFO - [2024-08-04T21:03:54.212+0530] {dag.py:3947} INFO - Setting next_dagrun for example_params_trigger_ui to None, run_after=None
[2024-08-04T21:03:54.223+0530] {processor.py:183} INFO - Processing /Users/deepanshu/Desktop/etc-spark-airflow/env/lib/python3.12/site-packages/airflow/example_dags/example_params_trigger_ui.py took 0.106 seconds
[2024-08-04T21:06:26.420+0530] {processor.py:161} INFO - Started process (PID=70578) to work on /Users/deepanshu/Desktop/etc-spark-airflow/env/lib/python3.12/site-packages/airflow/example_dags/example_params_trigger_ui.py
[2024-08-04T21:06:26.421+0530] {processor.py:830} INFO - Processing file /Users/deepanshu/Desktop/etc-spark-airflow/env/lib/python3.12/site-packages/airflow/example_dags/example_params_trigger_ui.py for tasks to queue
[2024-08-04T21:06:26.422+0530] {logging_mixin.py:188} INFO - [2024-08-04T21:06:26.422+0530] {dagbag.py:545} INFO - Filling up the DagBag from /Users/deepanshu/Desktop/etc-spark-airflow/env/lib/python3.12/site-packages/airflow/example_dags/example_params_trigger_ui.py
[2024-08-04T21:06:26.445+0530] {processor.py:840} INFO - DAG(s) 'example_params_trigger_ui' retrieved from /Users/deepanshu/Desktop/etc-spark-airflow/env/lib/python3.12/site-packages/airflow/example_dags/example_params_trigger_ui.py
[2024-08-04T21:06:26.508+0530] {logging_mixin.py:188} INFO - [2024-08-04T21:06:26.508+0530] {dag.py:3089} INFO - Sync 1 DAGs
[2024-08-04T21:06:26.513+0530] {logging_mixin.py:188} INFO - [2024-08-04T21:06:26.513+0530] {dag.py:3947} INFO - Setting next_dagrun for example_params_trigger_ui to None, run_after=None
[2024-08-04T21:06:26.524+0530] {processor.py:183} INFO - Processing /Users/deepanshu/Desktop/etc-spark-airflow/env/lib/python3.12/site-packages/airflow/example_dags/example_params_trigger_ui.py took 0.105 seconds
