[2024-08-04T20:34:51.472+0530] {processor.py:161} INFO - Started process (PID=56371) to work on /Users/deepanshu/Desktop/etc-spark-airflow/env/lib/python3.12/site-packages/airflow/example_dags/example_latest_only.py
[2024-08-04T20:34:51.473+0530] {processor.py:830} INFO - Processing file /Users/deepanshu/Desktop/etc-spark-airflow/env/lib/python3.12/site-packages/airflow/example_dags/example_latest_only.py for tasks to queue
[2024-08-04T20:34:51.473+0530] {logging_mixin.py:188} INFO - [2024-08-04T20:34:51.473+0530] {dagbag.py:545} INFO - Filling up the DagBag from /Users/deepanshu/Desktop/etc-spark-airflow/env/lib/python3.12/site-packages/airflow/example_dags/example_latest_only.py
[2024-08-04T20:34:51.478+0530] {processor.py:840} INFO - DAG(s) 'latest_only' retrieved from /Users/deepanshu/Desktop/etc-spark-airflow/env/lib/python3.12/site-packages/airflow/example_dags/example_latest_only.py
[2024-08-04T20:34:51.580+0530] {logging_mixin.py:188} INFO - [2024-08-04T20:34:51.580+0530] {override.py:1858} INFO - Created Permission View: can delete on DAG:latest_only
[2024-08-04T20:34:51.585+0530] {logging_mixin.py:188} INFO - [2024-08-04T20:34:51.585+0530] {override.py:1858} INFO - Created Permission View: can read on DAG:latest_only
[2024-08-04T20:34:51.588+0530] {logging_mixin.py:188} INFO - [2024-08-04T20:34:51.588+0530] {override.py:1858} INFO - Created Permission View: can edit on DAG:latest_only
[2024-08-04T20:34:51.589+0530] {logging_mixin.py:188} INFO - [2024-08-04T20:34:51.589+0530] {dag.py:3089} INFO - Sync 1 DAGs
[2024-08-04T20:34:51.594+0530] {logging_mixin.py:188} INFO - [2024-08-04T20:34:51.594+0530] {dag.py:3111} INFO - Creating ORM DAG for latest_only
[2024-08-04T20:34:51.599+0530] {logging_mixin.py:188} INFO - [2024-08-04T20:34:51.599+0530] {dag.py:3947} INFO - Setting next_dagrun for latest_only to 2024-08-04 08:00:00+00:00, run_after=2024-08-04 12:00:00+00:00
[2024-08-04T20:34:51.608+0530] {processor.py:183} INFO - Processing /Users/deepanshu/Desktop/etc-spark-airflow/env/lib/python3.12/site-packages/airflow/example_dags/example_latest_only.py took 0.138 seconds
[2024-08-04T20:36:55.618+0530] {processor.py:161} INFO - Started process (PID=57276) to work on /Users/deepanshu/Desktop/etc-spark-airflow/env/lib/python3.12/site-packages/airflow/example_dags/example_latest_only.py
[2024-08-04T20:36:55.618+0530] {processor.py:830} INFO - Processing file /Users/deepanshu/Desktop/etc-spark-airflow/env/lib/python3.12/site-packages/airflow/example_dags/example_latest_only.py for tasks to queue
[2024-08-04T20:36:55.619+0530] {logging_mixin.py:188} INFO - [2024-08-04T20:36:55.619+0530] {dagbag.py:545} INFO - Filling up the DagBag from /Users/deepanshu/Desktop/etc-spark-airflow/env/lib/python3.12/site-packages/airflow/example_dags/example_latest_only.py
[2024-08-04T20:36:55.623+0530] {processor.py:840} INFO - DAG(s) 'latest_only' retrieved from /Users/deepanshu/Desktop/etc-spark-airflow/env/lib/python3.12/site-packages/airflow/example_dags/example_latest_only.py
[2024-08-04T20:36:55.686+0530] {logging_mixin.py:188} INFO - [2024-08-04T20:36:55.686+0530] {dag.py:3089} INFO - Sync 1 DAGs
[2024-08-04T20:36:55.696+0530] {logging_mixin.py:188} INFO - [2024-08-04T20:36:55.696+0530] {dag.py:3947} INFO - Setting next_dagrun for latest_only to 2024-08-04 08:00:00+00:00, run_after=2024-08-04 12:00:00+00:00
[2024-08-04T20:36:55.707+0530] {processor.py:183} INFO - Processing /Users/deepanshu/Desktop/etc-spark-airflow/env/lib/python3.12/site-packages/airflow/example_dags/example_latest_only.py took 0.091 seconds
[2024-08-04T20:38:33.354+0530] {processor.py:161} INFO - Started process (PID=58082) to work on /Users/deepanshu/Desktop/etc-spark-airflow/env/lib/python3.12/site-packages/airflow/example_dags/example_latest_only.py
[2024-08-04T20:38:33.355+0530] {processor.py:830} INFO - Processing file /Users/deepanshu/Desktop/etc-spark-airflow/env/lib/python3.12/site-packages/airflow/example_dags/example_latest_only.py for tasks to queue
[2024-08-04T20:38:33.355+0530] {logging_mixin.py:188} INFO - [2024-08-04T20:38:33.355+0530] {dagbag.py:545} INFO - Filling up the DagBag from /Users/deepanshu/Desktop/etc-spark-airflow/env/lib/python3.12/site-packages/airflow/example_dags/example_latest_only.py
[2024-08-04T20:38:33.360+0530] {processor.py:840} INFO - DAG(s) 'latest_only' retrieved from /Users/deepanshu/Desktop/etc-spark-airflow/env/lib/python3.12/site-packages/airflow/example_dags/example_latest_only.py
[2024-08-04T20:38:33.413+0530] {logging_mixin.py:188} INFO - [2024-08-04T20:38:33.413+0530] {dag.py:3089} INFO - Sync 1 DAGs
[2024-08-04T20:38:33.423+0530] {logging_mixin.py:188} INFO - [2024-08-04T20:38:33.423+0530] {dag.py:3947} INFO - Setting next_dagrun for latest_only to 2024-08-04 08:00:00+00:00, run_after=2024-08-04 12:00:00+00:00
[2024-08-04T20:38:33.433+0530] {processor.py:183} INFO - Processing /Users/deepanshu/Desktop/etc-spark-airflow/env/lib/python3.12/site-packages/airflow/example_dags/example_latest_only.py took 0.081 seconds
[2024-08-04T20:40:22.120+0530] {processor.py:161} INFO - Started process (PID=58882) to work on /Users/deepanshu/Desktop/etc-spark-airflow/env/lib/python3.12/site-packages/airflow/example_dags/example_latest_only.py
[2024-08-04T20:40:22.121+0530] {processor.py:830} INFO - Processing file /Users/deepanshu/Desktop/etc-spark-airflow/env/lib/python3.12/site-packages/airflow/example_dags/example_latest_only.py for tasks to queue
[2024-08-04T20:40:22.121+0530] {logging_mixin.py:188} INFO - [2024-08-04T20:40:22.121+0530] {dagbag.py:545} INFO - Filling up the DagBag from /Users/deepanshu/Desktop/etc-spark-airflow/env/lib/python3.12/site-packages/airflow/example_dags/example_latest_only.py
[2024-08-04T20:40:22.125+0530] {processor.py:840} INFO - DAG(s) 'latest_only' retrieved from /Users/deepanshu/Desktop/etc-spark-airflow/env/lib/python3.12/site-packages/airflow/example_dags/example_latest_only.py
[2024-08-04T20:40:22.179+0530] {logging_mixin.py:188} INFO - [2024-08-04T20:40:22.179+0530] {dag.py:3089} INFO - Sync 1 DAGs
[2024-08-04T20:40:22.189+0530] {logging_mixin.py:188} INFO - [2024-08-04T20:40:22.189+0530] {dag.py:3947} INFO - Setting next_dagrun for latest_only to 2024-08-04 08:00:00+00:00, run_after=2024-08-04 12:00:00+00:00
[2024-08-04T20:40:22.199+0530] {processor.py:183} INFO - Processing /Users/deepanshu/Desktop/etc-spark-airflow/env/lib/python3.12/site-packages/airflow/example_dags/example_latest_only.py took 0.081 seconds
[2024-08-04T20:41:54.535+0530] {processor.py:161} INFO - Started process (PID=59586) to work on /Users/deepanshu/Desktop/etc-spark-airflow/env/lib/python3.12/site-packages/airflow/example_dags/example_latest_only.py
[2024-08-04T20:41:54.537+0530] {processor.py:830} INFO - Processing file /Users/deepanshu/Desktop/etc-spark-airflow/env/lib/python3.12/site-packages/airflow/example_dags/example_latest_only.py for tasks to queue
[2024-08-04T20:41:54.537+0530] {logging_mixin.py:188} INFO - [2024-08-04T20:41:54.537+0530] {dagbag.py:545} INFO - Filling up the DagBag from /Users/deepanshu/Desktop/etc-spark-airflow/env/lib/python3.12/site-packages/airflow/example_dags/example_latest_only.py
[2024-08-04T20:41:54.542+0530] {processor.py:840} INFO - DAG(s) 'latest_only' retrieved from /Users/deepanshu/Desktop/etc-spark-airflow/env/lib/python3.12/site-packages/airflow/example_dags/example_latest_only.py
[2024-08-04T20:41:54.595+0530] {logging_mixin.py:188} INFO - [2024-08-04T20:41:54.594+0530] {dag.py:3089} INFO - Sync 1 DAGs
[2024-08-04T20:41:54.604+0530] {logging_mixin.py:188} INFO - [2024-08-04T20:41:54.604+0530] {dag.py:3947} INFO - Setting next_dagrun for latest_only to 2024-08-04 08:00:00+00:00, run_after=2024-08-04 12:00:00+00:00
[2024-08-04T20:41:54.615+0530] {processor.py:183} INFO - Processing /Users/deepanshu/Desktop/etc-spark-airflow/env/lib/python3.12/site-packages/airflow/example_dags/example_latest_only.py took 0.081 seconds
[2024-08-04T20:43:46.404+0530] {processor.py:161} INFO - Started process (PID=60374) to work on /Users/deepanshu/Desktop/etc-spark-airflow/env/lib/python3.12/site-packages/airflow/example_dags/example_latest_only.py
[2024-08-04T20:43:46.406+0530] {processor.py:830} INFO - Processing file /Users/deepanshu/Desktop/etc-spark-airflow/env/lib/python3.12/site-packages/airflow/example_dags/example_latest_only.py for tasks to queue
[2024-08-04T20:43:46.406+0530] {logging_mixin.py:188} INFO - [2024-08-04T20:43:46.406+0530] {dagbag.py:545} INFO - Filling up the DagBag from /Users/deepanshu/Desktop/etc-spark-airflow/env/lib/python3.12/site-packages/airflow/example_dags/example_latest_only.py
[2024-08-04T20:43:46.411+0530] {processor.py:840} INFO - DAG(s) 'latest_only' retrieved from /Users/deepanshu/Desktop/etc-spark-airflow/env/lib/python3.12/site-packages/airflow/example_dags/example_latest_only.py
[2024-08-04T20:43:46.464+0530] {logging_mixin.py:188} INFO - [2024-08-04T20:43:46.463+0530] {dag.py:3089} INFO - Sync 1 DAGs
[2024-08-04T20:43:46.473+0530] {logging_mixin.py:188} INFO - [2024-08-04T20:43:46.473+0530] {dag.py:3947} INFO - Setting next_dagrun for latest_only to 2024-08-04 08:00:00+00:00, run_after=2024-08-04 12:00:00+00:00
[2024-08-04T20:43:46.483+0530] {processor.py:183} INFO - Processing /Users/deepanshu/Desktop/etc-spark-airflow/env/lib/python3.12/site-packages/airflow/example_dags/example_latest_only.py took 0.081 seconds
[2024-08-04T20:45:42.312+0530] {processor.py:161} INFO - Started process (PID=61232) to work on /Users/deepanshu/Desktop/etc-spark-airflow/env/lib/python3.12/site-packages/airflow/example_dags/example_latest_only.py
[2024-08-04T20:45:42.313+0530] {processor.py:830} INFO - Processing file /Users/deepanshu/Desktop/etc-spark-airflow/env/lib/python3.12/site-packages/airflow/example_dags/example_latest_only.py for tasks to queue
[2024-08-04T20:45:42.313+0530] {logging_mixin.py:188} INFO - [2024-08-04T20:45:42.313+0530] {dagbag.py:545} INFO - Filling up the DagBag from /Users/deepanshu/Desktop/etc-spark-airflow/env/lib/python3.12/site-packages/airflow/example_dags/example_latest_only.py
[2024-08-04T20:45:42.318+0530] {processor.py:840} INFO - DAG(s) 'latest_only' retrieved from /Users/deepanshu/Desktop/etc-spark-airflow/env/lib/python3.12/site-packages/airflow/example_dags/example_latest_only.py
[2024-08-04T20:45:42.371+0530] {logging_mixin.py:188} INFO - [2024-08-04T20:45:42.370+0530] {dag.py:3089} INFO - Sync 1 DAGs
[2024-08-04T20:45:42.380+0530] {logging_mixin.py:188} INFO - [2024-08-04T20:45:42.380+0530] {dag.py:3947} INFO - Setting next_dagrun for latest_only to 2024-08-04 08:00:00+00:00, run_after=2024-08-04 12:00:00+00:00
[2024-08-04T20:45:42.391+0530] {processor.py:183} INFO - Processing /Users/deepanshu/Desktop/etc-spark-airflow/env/lib/python3.12/site-packages/airflow/example_dags/example_latest_only.py took 0.080 seconds
[2024-08-04T20:47:36.391+0530] {processor.py:161} INFO - Started process (PID=62022) to work on /Users/deepanshu/Desktop/etc-spark-airflow/env/lib/python3.12/site-packages/airflow/example_dags/example_latest_only.py
[2024-08-04T20:47:36.392+0530] {processor.py:830} INFO - Processing file /Users/deepanshu/Desktop/etc-spark-airflow/env/lib/python3.12/site-packages/airflow/example_dags/example_latest_only.py for tasks to queue
[2024-08-04T20:47:36.393+0530] {logging_mixin.py:188} INFO - [2024-08-04T20:47:36.392+0530] {dagbag.py:545} INFO - Filling up the DagBag from /Users/deepanshu/Desktop/etc-spark-airflow/env/lib/python3.12/site-packages/airflow/example_dags/example_latest_only.py
[2024-08-04T20:47:36.397+0530] {processor.py:840} INFO - DAG(s) 'latest_only' retrieved from /Users/deepanshu/Desktop/etc-spark-airflow/env/lib/python3.12/site-packages/airflow/example_dags/example_latest_only.py
[2024-08-04T20:47:36.450+0530] {logging_mixin.py:188} INFO - [2024-08-04T20:47:36.450+0530] {dag.py:3089} INFO - Sync 1 DAGs
[2024-08-04T20:47:36.459+0530] {logging_mixin.py:188} INFO - [2024-08-04T20:47:36.459+0530] {dag.py:3947} INFO - Setting next_dagrun for latest_only to 2024-08-04 08:00:00+00:00, run_after=2024-08-04 12:00:00+00:00
[2024-08-04T20:47:36.470+0530] {processor.py:183} INFO - Processing /Users/deepanshu/Desktop/etc-spark-airflow/env/lib/python3.12/site-packages/airflow/example_dags/example_latest_only.py took 0.081 seconds
[2024-08-04T20:50:08.249+0530] {processor.py:161} INFO - Started process (PID=63065) to work on /Users/deepanshu/Desktop/etc-spark-airflow/env/lib/python3.12/site-packages/airflow/example_dags/example_latest_only.py
[2024-08-04T20:50:08.250+0530] {processor.py:830} INFO - Processing file /Users/deepanshu/Desktop/etc-spark-airflow/env/lib/python3.12/site-packages/airflow/example_dags/example_latest_only.py for tasks to queue
[2024-08-04T20:50:08.250+0530] {logging_mixin.py:188} INFO - [2024-08-04T20:50:08.250+0530] {dagbag.py:545} INFO - Filling up the DagBag from /Users/deepanshu/Desktop/etc-spark-airflow/env/lib/python3.12/site-packages/airflow/example_dags/example_latest_only.py
[2024-08-04T20:50:08.255+0530] {processor.py:840} INFO - DAG(s) 'latest_only' retrieved from /Users/deepanshu/Desktop/etc-spark-airflow/env/lib/python3.12/site-packages/airflow/example_dags/example_latest_only.py
[2024-08-04T20:50:08.309+0530] {logging_mixin.py:188} INFO - [2024-08-04T20:50:08.309+0530] {dag.py:3089} INFO - Sync 1 DAGs
[2024-08-04T20:50:08.319+0530] {logging_mixin.py:188} INFO - [2024-08-04T20:50:08.319+0530] {dag.py:3947} INFO - Setting next_dagrun for latest_only to 2024-08-04 08:00:00+00:00, run_after=2024-08-04 12:00:00+00:00
[2024-08-04T20:50:08.330+0530] {processor.py:183} INFO - Processing /Users/deepanshu/Desktop/etc-spark-airflow/env/lib/python3.12/site-packages/airflow/example_dags/example_latest_only.py took 0.083 seconds
[2024-08-04T20:51:40.369+0530] {processor.py:161} INFO - Started process (PID=63743) to work on /Users/deepanshu/Desktop/etc-spark-airflow/env/lib/python3.12/site-packages/airflow/example_dags/example_latest_only.py
[2024-08-04T20:51:40.371+0530] {processor.py:830} INFO - Processing file /Users/deepanshu/Desktop/etc-spark-airflow/env/lib/python3.12/site-packages/airflow/example_dags/example_latest_only.py for tasks to queue
[2024-08-04T20:51:40.371+0530] {logging_mixin.py:188} INFO - [2024-08-04T20:51:40.371+0530] {dagbag.py:545} INFO - Filling up the DagBag from /Users/deepanshu/Desktop/etc-spark-airflow/env/lib/python3.12/site-packages/airflow/example_dags/example_latest_only.py
[2024-08-04T20:51:40.376+0530] {processor.py:840} INFO - DAG(s) 'latest_only' retrieved from /Users/deepanshu/Desktop/etc-spark-airflow/env/lib/python3.12/site-packages/airflow/example_dags/example_latest_only.py
[2024-08-04T20:51:40.429+0530] {logging_mixin.py:188} INFO - [2024-08-04T20:51:40.429+0530] {dag.py:3089} INFO - Sync 1 DAGs
[2024-08-04T20:51:40.438+0530] {logging_mixin.py:188} INFO - [2024-08-04T20:51:40.438+0530] {dag.py:3947} INFO - Setting next_dagrun for latest_only to 2024-08-04 08:00:00+00:00, run_after=2024-08-04 12:00:00+00:00
[2024-08-04T20:51:40.449+0530] {processor.py:183} INFO - Processing /Users/deepanshu/Desktop/etc-spark-airflow/env/lib/python3.12/site-packages/airflow/example_dags/example_latest_only.py took 0.081 seconds
[2024-08-04T20:53:34.789+0530] {processor.py:161} INFO - Started process (PID=64537) to work on /Users/deepanshu/Desktop/etc-spark-airflow/env/lib/python3.12/site-packages/airflow/example_dags/example_latest_only.py
[2024-08-04T20:53:34.791+0530] {processor.py:830} INFO - Processing file /Users/deepanshu/Desktop/etc-spark-airflow/env/lib/python3.12/site-packages/airflow/example_dags/example_latest_only.py for tasks to queue
[2024-08-04T20:53:34.791+0530] {logging_mixin.py:188} INFO - [2024-08-04T20:53:34.791+0530] {dagbag.py:545} INFO - Filling up the DagBag from /Users/deepanshu/Desktop/etc-spark-airflow/env/lib/python3.12/site-packages/airflow/example_dags/example_latest_only.py
[2024-08-04T20:53:34.795+0530] {processor.py:840} INFO - DAG(s) 'latest_only' retrieved from /Users/deepanshu/Desktop/etc-spark-airflow/env/lib/python3.12/site-packages/airflow/example_dags/example_latest_only.py
[2024-08-04T20:53:34.848+0530] {logging_mixin.py:188} INFO - [2024-08-04T20:53:34.848+0530] {dag.py:3089} INFO - Sync 1 DAGs
[2024-08-04T20:53:34.858+0530] {logging_mixin.py:188} INFO - [2024-08-04T20:53:34.858+0530] {dag.py:3947} INFO - Setting next_dagrun for latest_only to 2024-08-04 08:00:00+00:00, run_after=2024-08-04 12:00:00+00:00
[2024-08-04T20:53:34.868+0530] {processor.py:183} INFO - Processing /Users/deepanshu/Desktop/etc-spark-airflow/env/lib/python3.12/site-packages/airflow/example_dags/example_latest_only.py took 0.081 seconds
[2024-08-04T20:55:40.832+0530] {processor.py:161} INFO - Started process (PID=65528) to work on /Users/deepanshu/Desktop/etc-spark-airflow/env/lib/python3.12/site-packages/airflow/example_dags/example_latest_only.py
[2024-08-04T20:55:40.833+0530] {processor.py:830} INFO - Processing file /Users/deepanshu/Desktop/etc-spark-airflow/env/lib/python3.12/site-packages/airflow/example_dags/example_latest_only.py for tasks to queue
[2024-08-04T20:55:40.833+0530] {logging_mixin.py:188} INFO - [2024-08-04T20:55:40.833+0530] {dagbag.py:545} INFO - Filling up the DagBag from /Users/deepanshu/Desktop/etc-spark-airflow/env/lib/python3.12/site-packages/airflow/example_dags/example_latest_only.py
[2024-08-04T20:55:40.838+0530] {processor.py:840} INFO - DAG(s) 'latest_only' retrieved from /Users/deepanshu/Desktop/etc-spark-airflow/env/lib/python3.12/site-packages/airflow/example_dags/example_latest_only.py
[2024-08-04T20:55:40.891+0530] {logging_mixin.py:188} INFO - [2024-08-04T20:55:40.891+0530] {dag.py:3089} INFO - Sync 1 DAGs
[2024-08-04T20:55:40.901+0530] {logging_mixin.py:188} INFO - [2024-08-04T20:55:40.900+0530] {dag.py:3947} INFO - Setting next_dagrun for latest_only to 2024-08-04 08:00:00+00:00, run_after=2024-08-04 12:00:00+00:00
[2024-08-04T20:55:40.911+0530] {processor.py:183} INFO - Processing /Users/deepanshu/Desktop/etc-spark-airflow/env/lib/python3.12/site-packages/airflow/example_dags/example_latest_only.py took 0.081 seconds
[2024-08-04T21:01:56.354+0530] {processor.py:161} INFO - Started process (PID=68685) to work on /Users/deepanshu/Desktop/etc-spark-airflow/env/lib/python3.12/site-packages/airflow/example_dags/example_latest_only.py
[2024-08-04T21:01:56.356+0530] {processor.py:830} INFO - Processing file /Users/deepanshu/Desktop/etc-spark-airflow/env/lib/python3.12/site-packages/airflow/example_dags/example_latest_only.py for tasks to queue
[2024-08-04T21:01:56.356+0530] {logging_mixin.py:188} INFO - [2024-08-04T21:01:56.356+0530] {dagbag.py:545} INFO - Filling up the DagBag from /Users/deepanshu/Desktop/etc-spark-airflow/env/lib/python3.12/site-packages/airflow/example_dags/example_latest_only.py
[2024-08-04T21:01:56.361+0530] {processor.py:840} INFO - DAG(s) 'latest_only' retrieved from /Users/deepanshu/Desktop/etc-spark-airflow/env/lib/python3.12/site-packages/airflow/example_dags/example_latest_only.py
[2024-08-04T21:01:56.413+0530] {logging_mixin.py:188} INFO - [2024-08-04T21:01:56.413+0530] {dag.py:3089} INFO - Sync 1 DAGs
[2024-08-04T21:01:56.423+0530] {logging_mixin.py:188} INFO - [2024-08-04T21:01:56.423+0530] {dag.py:3947} INFO - Setting next_dagrun for latest_only to 2024-08-04 08:00:00+00:00, run_after=2024-08-04 12:00:00+00:00
[2024-08-04T21:01:56.433+0530] {processor.py:183} INFO - Processing /Users/deepanshu/Desktop/etc-spark-airflow/env/lib/python3.12/site-packages/airflow/example_dags/example_latest_only.py took 0.080 seconds
[2024-08-04T21:04:02.821+0530] {processor.py:161} INFO - Started process (PID=69573) to work on /Users/deepanshu/Desktop/etc-spark-airflow/env/lib/python3.12/site-packages/airflow/example_dags/example_latest_only.py
[2024-08-04T21:04:02.822+0530] {processor.py:830} INFO - Processing file /Users/deepanshu/Desktop/etc-spark-airflow/env/lib/python3.12/site-packages/airflow/example_dags/example_latest_only.py for tasks to queue
[2024-08-04T21:04:02.822+0530] {logging_mixin.py:188} INFO - [2024-08-04T21:04:02.822+0530] {dagbag.py:545} INFO - Filling up the DagBag from /Users/deepanshu/Desktop/etc-spark-airflow/env/lib/python3.12/site-packages/airflow/example_dags/example_latest_only.py
[2024-08-04T21:04:02.827+0530] {processor.py:840} INFO - DAG(s) 'latest_only' retrieved from /Users/deepanshu/Desktop/etc-spark-airflow/env/lib/python3.12/site-packages/airflow/example_dags/example_latest_only.py
[2024-08-04T21:04:02.880+0530] {logging_mixin.py:188} INFO - [2024-08-04T21:04:02.880+0530] {dag.py:3089} INFO - Sync 1 DAGs
[2024-08-04T21:04:02.890+0530] {logging_mixin.py:188} INFO - [2024-08-04T21:04:02.889+0530] {dag.py:3947} INFO - Setting next_dagrun for latest_only to 2024-08-04 08:00:00+00:00, run_after=2024-08-04 12:00:00+00:00
[2024-08-04T21:04:02.900+0530] {processor.py:183} INFO - Processing /Users/deepanshu/Desktop/etc-spark-airflow/env/lib/python3.12/site-packages/airflow/example_dags/example_latest_only.py took 0.081 seconds
[2024-08-04T21:06:33.624+0530] {processor.py:161} INFO - Started process (PID=70623) to work on /Users/deepanshu/Desktop/etc-spark-airflow/env/lib/python3.12/site-packages/airflow/example_dags/example_latest_only.py
[2024-08-04T21:06:33.625+0530] {processor.py:830} INFO - Processing file /Users/deepanshu/Desktop/etc-spark-airflow/env/lib/python3.12/site-packages/airflow/example_dags/example_latest_only.py for tasks to queue
[2024-08-04T21:06:33.626+0530] {logging_mixin.py:188} INFO - [2024-08-04T21:06:33.626+0530] {dagbag.py:545} INFO - Filling up the DagBag from /Users/deepanshu/Desktop/etc-spark-airflow/env/lib/python3.12/site-packages/airflow/example_dags/example_latest_only.py
[2024-08-04T21:06:33.630+0530] {processor.py:840} INFO - DAG(s) 'latest_only' retrieved from /Users/deepanshu/Desktop/etc-spark-airflow/env/lib/python3.12/site-packages/airflow/example_dags/example_latest_only.py
[2024-08-04T21:06:33.683+0530] {logging_mixin.py:188} INFO - [2024-08-04T21:06:33.683+0530] {dag.py:3089} INFO - Sync 1 DAGs
[2024-08-04T21:06:33.693+0530] {logging_mixin.py:188} INFO - [2024-08-04T21:06:33.693+0530] {dag.py:3947} INFO - Setting next_dagrun for latest_only to 2024-08-04 08:00:00+00:00, run_after=2024-08-04 12:00:00+00:00
[2024-08-04T21:06:33.704+0530] {processor.py:183} INFO - Processing /Users/deepanshu/Desktop/etc-spark-airflow/env/lib/python3.12/site-packages/airflow/example_dags/example_latest_only.py took 0.081 seconds
