[2024-08-04T20:34:34.180+0530] {processor.py:161} INFO - Started process (PID=56264) to work on /Users/deepanshu/Desktop/etc-spark-airflow/env/lib/python3.12/site-packages/airflow/example_dags/example_python_operator.py
[2024-08-04T20:34:34.180+0530] {processor.py:830} INFO - Processing file /Users/deepanshu/Desktop/etc-spark-airflow/env/lib/python3.12/site-packages/airflow/example_dags/example_python_operator.py for tasks to queue
[2024-08-04T20:34:34.181+0530] {logging_mixin.py:188} INFO - [2024-08-04T20:34:34.181+0530] {dagbag.py:545} INFO - Filling up the DagBag from /Users/deepanshu/Desktop/etc-spark-airflow/env/lib/python3.12/site-packages/airflow/example_dags/example_python_operator.py
[2024-08-04T20:34:34.195+0530] {logging_mixin.py:188} INFO - [2024-08-04T20:34:34.195+0530] {example_python_operator.py:93} WARNING - The virtalenv_python example task requires virtualenv, please install it.
[2024-08-04T20:34:34.197+0530] {processor.py:840} INFO - DAG(s) 'example_python_operator' retrieved from /Users/deepanshu/Desktop/etc-spark-airflow/env/lib/python3.12/site-packages/airflow/example_dags/example_python_operator.py
[2024-08-04T20:34:34.297+0530] {logging_mixin.py:188} INFO - [2024-08-04T20:34:34.297+0530] {override.py:1858} INFO - Created Permission View: can edit on DAG:example_python_operator
[2024-08-04T20:34:34.302+0530] {logging_mixin.py:188} INFO - [2024-08-04T20:34:34.302+0530] {override.py:1858} INFO - Created Permission View: can delete on DAG:example_python_operator
[2024-08-04T20:34:34.305+0530] {logging_mixin.py:188} INFO - [2024-08-04T20:34:34.305+0530] {override.py:1858} INFO - Created Permission View: can read on DAG:example_python_operator
[2024-08-04T20:34:34.305+0530] {logging_mixin.py:188} INFO - [2024-08-04T20:34:34.305+0530] {dag.py:3089} INFO - Sync 1 DAGs
[2024-08-04T20:34:34.311+0530] {logging_mixin.py:188} INFO - [2024-08-04T20:34:34.311+0530] {dag.py:3111} INFO - Creating ORM DAG for example_python_operator
[2024-08-04T20:34:34.311+0530] {logging_mixin.py:188} INFO - [2024-08-04T20:34:34.311+0530] {dag.py:3947} INFO - Setting next_dagrun for example_python_operator to None, run_after=None
[2024-08-04T20:34:34.321+0530] {processor.py:183} INFO - Processing /Users/deepanshu/Desktop/etc-spark-airflow/env/lib/python3.12/site-packages/airflow/example_dags/example_python_operator.py took 0.143 seconds
[2024-08-04T20:36:39.072+0530] {processor.py:161} INFO - Started process (PID=57161) to work on /Users/deepanshu/Desktop/etc-spark-airflow/env/lib/python3.12/site-packages/airflow/example_dags/example_python_operator.py
[2024-08-04T20:36:39.073+0530] {processor.py:830} INFO - Processing file /Users/deepanshu/Desktop/etc-spark-airflow/env/lib/python3.12/site-packages/airflow/example_dags/example_python_operator.py for tasks to queue
[2024-08-04T20:36:39.073+0530] {logging_mixin.py:188} INFO - [2024-08-04T20:36:39.073+0530] {dagbag.py:545} INFO - Filling up the DagBag from /Users/deepanshu/Desktop/etc-spark-airflow/env/lib/python3.12/site-packages/airflow/example_dags/example_python_operator.py
[2024-08-04T20:36:39.088+0530] {logging_mixin.py:188} INFO - [2024-08-04T20:36:39.087+0530] {example_python_operator.py:93} WARNING - The virtalenv_python example task requires virtualenv, please install it.
[2024-08-04T20:36:39.090+0530] {processor.py:840} INFO - DAG(s) 'example_python_operator' retrieved from /Users/deepanshu/Desktop/etc-spark-airflow/env/lib/python3.12/site-packages/airflow/example_dags/example_python_operator.py
[2024-08-04T20:36:39.142+0530] {logging_mixin.py:188} INFO - [2024-08-04T20:36:39.141+0530] {dag.py:3089} INFO - Sync 1 DAGs
[2024-08-04T20:36:39.147+0530] {logging_mixin.py:188} INFO - [2024-08-04T20:36:39.147+0530] {dag.py:3947} INFO - Setting next_dagrun for example_python_operator to None, run_after=None
[2024-08-04T20:36:39.158+0530] {processor.py:183} INFO - Processing /Users/deepanshu/Desktop/etc-spark-airflow/env/lib/python3.12/site-packages/airflow/example_dags/example_python_operator.py took 0.088 seconds
[2024-08-04T20:38:09.212+0530] {processor.py:161} INFO - Started process (PID=57889) to work on /Users/deepanshu/Desktop/etc-spark-airflow/env/lib/python3.12/site-packages/airflow/example_dags/example_python_operator.py
[2024-08-04T20:38:09.213+0530] {processor.py:830} INFO - Processing file /Users/deepanshu/Desktop/etc-spark-airflow/env/lib/python3.12/site-packages/airflow/example_dags/example_python_operator.py for tasks to queue
[2024-08-04T20:38:09.213+0530] {logging_mixin.py:188} INFO - [2024-08-04T20:38:09.213+0530] {dagbag.py:545} INFO - Filling up the DagBag from /Users/deepanshu/Desktop/etc-spark-airflow/env/lib/python3.12/site-packages/airflow/example_dags/example_python_operator.py
[2024-08-04T20:38:09.227+0530] {logging_mixin.py:188} INFO - [2024-08-04T20:38:09.227+0530] {example_python_operator.py:93} WARNING - The virtalenv_python example task requires virtualenv, please install it.
[2024-08-04T20:38:09.230+0530] {processor.py:840} INFO - DAG(s) 'example_python_operator' retrieved from /Users/deepanshu/Desktop/etc-spark-airflow/env/lib/python3.12/site-packages/airflow/example_dags/example_python_operator.py
[2024-08-04T20:38:09.282+0530] {logging_mixin.py:188} INFO - [2024-08-04T20:38:09.281+0530] {dag.py:3089} INFO - Sync 1 DAGs
[2024-08-04T20:38:09.287+0530] {logging_mixin.py:188} INFO - [2024-08-04T20:38:09.286+0530] {dag.py:3947} INFO - Setting next_dagrun for example_python_operator to None, run_after=None
[2024-08-04T20:38:09.297+0530] {processor.py:183} INFO - Processing /Users/deepanshu/Desktop/etc-spark-airflow/env/lib/python3.12/site-packages/airflow/example_dags/example_python_operator.py took 0.087 seconds
[2024-08-04T20:40:06.689+0530] {processor.py:161} INFO - Started process (PID=58755) to work on /Users/deepanshu/Desktop/etc-spark-airflow/env/lib/python3.12/site-packages/airflow/example_dags/example_python_operator.py
[2024-08-04T20:40:06.690+0530] {processor.py:830} INFO - Processing file /Users/deepanshu/Desktop/etc-spark-airflow/env/lib/python3.12/site-packages/airflow/example_dags/example_python_operator.py for tasks to queue
[2024-08-04T20:40:06.690+0530] {logging_mixin.py:188} INFO - [2024-08-04T20:40:06.690+0530] {dagbag.py:545} INFO - Filling up the DagBag from /Users/deepanshu/Desktop/etc-spark-airflow/env/lib/python3.12/site-packages/airflow/example_dags/example_python_operator.py
[2024-08-04T20:40:06.705+0530] {logging_mixin.py:188} INFO - [2024-08-04T20:40:06.705+0530] {example_python_operator.py:93} WARNING - The virtalenv_python example task requires virtualenv, please install it.
[2024-08-04T20:40:06.707+0530] {processor.py:840} INFO - DAG(s) 'example_python_operator' retrieved from /Users/deepanshu/Desktop/etc-spark-airflow/env/lib/python3.12/site-packages/airflow/example_dags/example_python_operator.py
[2024-08-04T20:40:06.764+0530] {logging_mixin.py:188} INFO - [2024-08-04T20:40:06.763+0530] {dag.py:3089} INFO - Sync 1 DAGs
[2024-08-04T20:40:06.770+0530] {logging_mixin.py:188} INFO - [2024-08-04T20:40:06.769+0530] {dag.py:3947} INFO - Setting next_dagrun for example_python_operator to None, run_after=None
[2024-08-04T20:40:06.783+0530] {processor.py:183} INFO - Processing /Users/deepanshu/Desktop/etc-spark-airflow/env/lib/python3.12/site-packages/airflow/example_dags/example_python_operator.py took 0.095 seconds
[2024-08-04T20:41:38.394+0530] {processor.py:161} INFO - Started process (PID=59465) to work on /Users/deepanshu/Desktop/etc-spark-airflow/env/lib/python3.12/site-packages/airflow/example_dags/example_python_operator.py
[2024-08-04T20:41:38.395+0530] {processor.py:830} INFO - Processing file /Users/deepanshu/Desktop/etc-spark-airflow/env/lib/python3.12/site-packages/airflow/example_dags/example_python_operator.py for tasks to queue
[2024-08-04T20:41:38.395+0530] {logging_mixin.py:188} INFO - [2024-08-04T20:41:38.395+0530] {dagbag.py:545} INFO - Filling up the DagBag from /Users/deepanshu/Desktop/etc-spark-airflow/env/lib/python3.12/site-packages/airflow/example_dags/example_python_operator.py
[2024-08-04T20:41:38.410+0530] {logging_mixin.py:188} INFO - [2024-08-04T20:41:38.410+0530] {example_python_operator.py:93} WARNING - The virtalenv_python example task requires virtualenv, please install it.
[2024-08-04T20:41:38.412+0530] {processor.py:840} INFO - DAG(s) 'example_python_operator' retrieved from /Users/deepanshu/Desktop/etc-spark-airflow/env/lib/python3.12/site-packages/airflow/example_dags/example_python_operator.py
[2024-08-04T20:41:38.464+0530] {logging_mixin.py:188} INFO - [2024-08-04T20:41:38.464+0530] {dag.py:3089} INFO - Sync 1 DAGs
[2024-08-04T20:41:38.469+0530] {logging_mixin.py:188} INFO - [2024-08-04T20:41:38.469+0530] {dag.py:3947} INFO - Setting next_dagrun for example_python_operator to None, run_after=None
[2024-08-04T20:41:38.480+0530] {processor.py:183} INFO - Processing /Users/deepanshu/Desktop/etc-spark-airflow/env/lib/python3.12/site-packages/airflow/example_dags/example_python_operator.py took 0.088 seconds
[2024-08-04T20:43:30.292+0530] {processor.py:161} INFO - Started process (PID=60279) to work on /Users/deepanshu/Desktop/etc-spark-airflow/env/lib/python3.12/site-packages/airflow/example_dags/example_python_operator.py
[2024-08-04T20:43:30.293+0530] {processor.py:830} INFO - Processing file /Users/deepanshu/Desktop/etc-spark-airflow/env/lib/python3.12/site-packages/airflow/example_dags/example_python_operator.py for tasks to queue
[2024-08-04T20:43:30.293+0530] {logging_mixin.py:188} INFO - [2024-08-04T20:43:30.293+0530] {dagbag.py:545} INFO - Filling up the DagBag from /Users/deepanshu/Desktop/etc-spark-airflow/env/lib/python3.12/site-packages/airflow/example_dags/example_python_operator.py
[2024-08-04T20:43:30.308+0530] {logging_mixin.py:188} INFO - [2024-08-04T20:43:30.308+0530] {example_python_operator.py:93} WARNING - The virtalenv_python example task requires virtualenv, please install it.
[2024-08-04T20:43:30.310+0530] {processor.py:840} INFO - DAG(s) 'example_python_operator' retrieved from /Users/deepanshu/Desktop/etc-spark-airflow/env/lib/python3.12/site-packages/airflow/example_dags/example_python_operator.py
[2024-08-04T20:43:30.363+0530] {logging_mixin.py:188} INFO - [2024-08-04T20:43:30.362+0530] {dag.py:3089} INFO - Sync 1 DAGs
[2024-08-04T20:43:30.369+0530] {logging_mixin.py:188} INFO - [2024-08-04T20:43:30.369+0530] {dag.py:3947} INFO - Setting next_dagrun for example_python_operator to None, run_after=None
[2024-08-04T20:43:30.381+0530] {processor.py:183} INFO - Processing /Users/deepanshu/Desktop/etc-spark-airflow/env/lib/python3.12/site-packages/airflow/example_dags/example_python_operator.py took 0.090 seconds
[2024-08-04T20:45:26.165+0530] {processor.py:161} INFO - Started process (PID=61118) to work on /Users/deepanshu/Desktop/etc-spark-airflow/env/lib/python3.12/site-packages/airflow/example_dags/example_python_operator.py
[2024-08-04T20:45:26.166+0530] {processor.py:830} INFO - Processing file /Users/deepanshu/Desktop/etc-spark-airflow/env/lib/python3.12/site-packages/airflow/example_dags/example_python_operator.py for tasks to queue
[2024-08-04T20:45:26.166+0530] {logging_mixin.py:188} INFO - [2024-08-04T20:45:26.166+0530] {dagbag.py:545} INFO - Filling up the DagBag from /Users/deepanshu/Desktop/etc-spark-airflow/env/lib/python3.12/site-packages/airflow/example_dags/example_python_operator.py
[2024-08-04T20:45:26.181+0530] {logging_mixin.py:188} INFO - [2024-08-04T20:45:26.180+0530] {example_python_operator.py:93} WARNING - The virtalenv_python example task requires virtualenv, please install it.
[2024-08-04T20:45:26.183+0530] {processor.py:840} INFO - DAG(s) 'example_python_operator' retrieved from /Users/deepanshu/Desktop/etc-spark-airflow/env/lib/python3.12/site-packages/airflow/example_dags/example_python_operator.py
[2024-08-04T20:45:26.236+0530] {logging_mixin.py:188} INFO - [2024-08-04T20:45:26.236+0530] {dag.py:3089} INFO - Sync 1 DAGs
[2024-08-04T20:45:26.241+0530] {logging_mixin.py:188} INFO - [2024-08-04T20:45:26.241+0530] {dag.py:3947} INFO - Setting next_dagrun for example_python_operator to None, run_after=None
[2024-08-04T20:45:26.252+0530] {processor.py:183} INFO - Processing /Users/deepanshu/Desktop/etc-spark-airflow/env/lib/python3.12/site-packages/airflow/example_dags/example_python_operator.py took 0.089 seconds
[2024-08-04T20:47:22.425+0530] {processor.py:161} INFO - Started process (PID=61935) to work on /Users/deepanshu/Desktop/etc-spark-airflow/env/lib/python3.12/site-packages/airflow/example_dags/example_python_operator.py
[2024-08-04T20:47:22.426+0530] {processor.py:830} INFO - Processing file /Users/deepanshu/Desktop/etc-spark-airflow/env/lib/python3.12/site-packages/airflow/example_dags/example_python_operator.py for tasks to queue
[2024-08-04T20:47:22.426+0530] {logging_mixin.py:188} INFO - [2024-08-04T20:47:22.426+0530] {dagbag.py:545} INFO - Filling up the DagBag from /Users/deepanshu/Desktop/etc-spark-airflow/env/lib/python3.12/site-packages/airflow/example_dags/example_python_operator.py
[2024-08-04T20:47:22.440+0530] {logging_mixin.py:188} INFO - [2024-08-04T20:47:22.440+0530] {example_python_operator.py:93} WARNING - The virtalenv_python example task requires virtualenv, please install it.
[2024-08-04T20:47:22.442+0530] {processor.py:840} INFO - DAG(s) 'example_python_operator' retrieved from /Users/deepanshu/Desktop/etc-spark-airflow/env/lib/python3.12/site-packages/airflow/example_dags/example_python_operator.py
[2024-08-04T20:47:22.495+0530] {logging_mixin.py:188} INFO - [2024-08-04T20:47:22.495+0530] {dag.py:3089} INFO - Sync 1 DAGs
[2024-08-04T20:47:22.500+0530] {logging_mixin.py:188} INFO - [2024-08-04T20:47:22.500+0530] {dag.py:3947} INFO - Setting next_dagrun for example_python_operator to None, run_after=None
[2024-08-04T20:47:22.511+0530] {processor.py:183} INFO - Processing /Users/deepanshu/Desktop/etc-spark-airflow/env/lib/python3.12/site-packages/airflow/example_dags/example_python_operator.py took 0.088 seconds
[2024-08-04T20:49:51.633+0530] {processor.py:161} INFO - Started process (PID=62962) to work on /Users/deepanshu/Desktop/etc-spark-airflow/env/lib/python3.12/site-packages/airflow/example_dags/example_python_operator.py
[2024-08-04T20:49:51.634+0530] {processor.py:830} INFO - Processing file /Users/deepanshu/Desktop/etc-spark-airflow/env/lib/python3.12/site-packages/airflow/example_dags/example_python_operator.py for tasks to queue
[2024-08-04T20:49:51.634+0530] {logging_mixin.py:188} INFO - [2024-08-04T20:49:51.634+0530] {dagbag.py:545} INFO - Filling up the DagBag from /Users/deepanshu/Desktop/etc-spark-airflow/env/lib/python3.12/site-packages/airflow/example_dags/example_python_operator.py
[2024-08-04T20:49:51.649+0530] {logging_mixin.py:188} INFO - [2024-08-04T20:49:51.649+0530] {example_python_operator.py:93} WARNING - The virtalenv_python example task requires virtualenv, please install it.
[2024-08-04T20:49:51.651+0530] {processor.py:840} INFO - DAG(s) 'example_python_operator' retrieved from /Users/deepanshu/Desktop/etc-spark-airflow/env/lib/python3.12/site-packages/airflow/example_dags/example_python_operator.py
[2024-08-04T20:49:51.704+0530] {logging_mixin.py:188} INFO - [2024-08-04T20:49:51.704+0530] {dag.py:3089} INFO - Sync 1 DAGs
[2024-08-04T20:49:51.709+0530] {logging_mixin.py:188} INFO - [2024-08-04T20:49:51.709+0530] {dag.py:3947} INFO - Setting next_dagrun for example_python_operator to None, run_after=None
[2024-08-04T20:49:51.720+0530] {processor.py:183} INFO - Processing /Users/deepanshu/Desktop/etc-spark-airflow/env/lib/python3.12/site-packages/airflow/example_dags/example_python_operator.py took 0.089 seconds
[2024-08-04T20:51:26.427+0530] {processor.py:161} INFO - Started process (PID=63651) to work on /Users/deepanshu/Desktop/etc-spark-airflow/env/lib/python3.12/site-packages/airflow/example_dags/example_python_operator.py
[2024-08-04T20:51:26.427+0530] {processor.py:830} INFO - Processing file /Users/deepanshu/Desktop/etc-spark-airflow/env/lib/python3.12/site-packages/airflow/example_dags/example_python_operator.py for tasks to queue
[2024-08-04T20:51:26.428+0530] {logging_mixin.py:188} INFO - [2024-08-04T20:51:26.428+0530] {dagbag.py:545} INFO - Filling up the DagBag from /Users/deepanshu/Desktop/etc-spark-airflow/env/lib/python3.12/site-packages/airflow/example_dags/example_python_operator.py
[2024-08-04T20:51:26.443+0530] {logging_mixin.py:188} INFO - [2024-08-04T20:51:26.443+0530] {example_python_operator.py:93} WARNING - The virtalenv_python example task requires virtualenv, please install it.
[2024-08-04T20:51:26.445+0530] {processor.py:840} INFO - DAG(s) 'example_python_operator' retrieved from /Users/deepanshu/Desktop/etc-spark-airflow/env/lib/python3.12/site-packages/airflow/example_dags/example_python_operator.py
[2024-08-04T20:51:26.497+0530] {logging_mixin.py:188} INFO - [2024-08-04T20:51:26.497+0530] {dag.py:3089} INFO - Sync 1 DAGs
[2024-08-04T20:51:26.502+0530] {logging_mixin.py:188} INFO - [2024-08-04T20:51:26.502+0530] {dag.py:3947} INFO - Setting next_dagrun for example_python_operator to None, run_after=None
[2024-08-04T20:51:26.512+0530] {processor.py:183} INFO - Processing /Users/deepanshu/Desktop/etc-spark-airflow/env/lib/python3.12/site-packages/airflow/example_dags/example_python_operator.py took 0.087 seconds
[2024-08-04T20:53:19.669+0530] {processor.py:161} INFO - Started process (PID=64443) to work on /Users/deepanshu/Desktop/etc-spark-airflow/env/lib/python3.12/site-packages/airflow/example_dags/example_python_operator.py
[2024-08-04T20:53:19.670+0530] {processor.py:830} INFO - Processing file /Users/deepanshu/Desktop/etc-spark-airflow/env/lib/python3.12/site-packages/airflow/example_dags/example_python_operator.py for tasks to queue
[2024-08-04T20:53:19.671+0530] {logging_mixin.py:188} INFO - [2024-08-04T20:53:19.670+0530] {dagbag.py:545} INFO - Filling up the DagBag from /Users/deepanshu/Desktop/etc-spark-airflow/env/lib/python3.12/site-packages/airflow/example_dags/example_python_operator.py
[2024-08-04T20:53:19.693+0530] {logging_mixin.py:188} INFO - [2024-08-04T20:53:19.693+0530] {example_python_operator.py:93} WARNING - The virtalenv_python example task requires virtualenv, please install it.
[2024-08-04T20:53:19.696+0530] {processor.py:840} INFO - DAG(s) 'example_python_operator' retrieved from /Users/deepanshu/Desktop/etc-spark-airflow/env/lib/python3.12/site-packages/airflow/example_dags/example_python_operator.py
[2024-08-04T20:53:19.768+0530] {logging_mixin.py:188} INFO - [2024-08-04T20:53:19.767+0530] {dag.py:3089} INFO - Sync 1 DAGs
[2024-08-04T20:53:19.774+0530] {logging_mixin.py:188} INFO - [2024-08-04T20:53:19.773+0530] {dag.py:3947} INFO - Setting next_dagrun for example_python_operator to None, run_after=None
[2024-08-04T20:53:19.785+0530] {processor.py:183} INFO - Processing /Users/deepanshu/Desktop/etc-spark-airflow/env/lib/python3.12/site-packages/airflow/example_dags/example_python_operator.py took 0.119 seconds
[2024-08-04T20:55:24.749+0530] {processor.py:161} INFO - Started process (PID=65406) to work on /Users/deepanshu/Desktop/etc-spark-airflow/env/lib/python3.12/site-packages/airflow/example_dags/example_python_operator.py
[2024-08-04T20:55:24.750+0530] {processor.py:830} INFO - Processing file /Users/deepanshu/Desktop/etc-spark-airflow/env/lib/python3.12/site-packages/airflow/example_dags/example_python_operator.py for tasks to queue
[2024-08-04T20:55:24.750+0530] {logging_mixin.py:188} INFO - [2024-08-04T20:55:24.750+0530] {dagbag.py:545} INFO - Filling up the DagBag from /Users/deepanshu/Desktop/etc-spark-airflow/env/lib/python3.12/site-packages/airflow/example_dags/example_python_operator.py
[2024-08-04T20:55:24.765+0530] {logging_mixin.py:188} INFO - [2024-08-04T20:55:24.764+0530] {example_python_operator.py:93} WARNING - The virtalenv_python example task requires virtualenv, please install it.
[2024-08-04T20:55:24.766+0530] {processor.py:840} INFO - DAG(s) 'example_python_operator' retrieved from /Users/deepanshu/Desktop/etc-spark-airflow/env/lib/python3.12/site-packages/airflow/example_dags/example_python_operator.py
[2024-08-04T20:55:24.820+0530] {logging_mixin.py:188} INFO - [2024-08-04T20:55:24.820+0530] {dag.py:3089} INFO - Sync 1 DAGs
[2024-08-04T20:55:24.826+0530] {logging_mixin.py:188} INFO - [2024-08-04T20:55:24.825+0530] {dag.py:3947} INFO - Setting next_dagrun for example_python_operator to None, run_after=None
[2024-08-04T20:55:24.836+0530] {processor.py:183} INFO - Processing /Users/deepanshu/Desktop/etc-spark-airflow/env/lib/python3.12/site-packages/airflow/example_dags/example_python_operator.py took 0.089 seconds
[2024-08-04T20:57:51.493+0530] {processor.py:161} INFO - Started process (PID=66553) to work on /Users/deepanshu/Desktop/etc-spark-airflow/env/lib/python3.12/site-packages/airflow/example_dags/example_python_operator.py
[2024-08-04T20:57:51.494+0530] {processor.py:830} INFO - Processing file /Users/deepanshu/Desktop/etc-spark-airflow/env/lib/python3.12/site-packages/airflow/example_dags/example_python_operator.py for tasks to queue
[2024-08-04T20:57:51.494+0530] {logging_mixin.py:188} INFO - [2024-08-04T20:57:51.494+0530] {dagbag.py:545} INFO - Filling up the DagBag from /Users/deepanshu/Desktop/etc-spark-airflow/env/lib/python3.12/site-packages/airflow/example_dags/example_python_operator.py
[2024-08-04T20:57:51.512+0530] {logging_mixin.py:188} INFO - [2024-08-04T20:57:51.512+0530] {example_python_operator.py:93} WARNING - The virtalenv_python example task requires virtualenv, please install it.
[2024-08-04T20:57:51.515+0530] {processor.py:840} INFO - DAG(s) 'example_python_operator' retrieved from /Users/deepanshu/Desktop/etc-spark-airflow/env/lib/python3.12/site-packages/airflow/example_dags/example_python_operator.py
[2024-08-04T20:57:51.569+0530] {logging_mixin.py:188} INFO - [2024-08-04T20:57:51.569+0530] {dag.py:3089} INFO - Sync 1 DAGs
[2024-08-04T20:57:51.574+0530] {logging_mixin.py:188} INFO - [2024-08-04T20:57:51.574+0530] {dag.py:3947} INFO - Setting next_dagrun for example_python_operator to None, run_after=None
[2024-08-04T20:57:51.587+0530] {processor.py:183} INFO - Processing /Users/deepanshu/Desktop/etc-spark-airflow/env/lib/python3.12/site-packages/airflow/example_dags/example_python_operator.py took 0.095 seconds
[2024-08-04T21:01:41.512+0530] {processor.py:161} INFO - Started process (PID=68592) to work on /Users/deepanshu/Desktop/etc-spark-airflow/env/lib/python3.12/site-packages/airflow/example_dags/example_python_operator.py
[2024-08-04T21:01:41.513+0530] {processor.py:830} INFO - Processing file /Users/deepanshu/Desktop/etc-spark-airflow/env/lib/python3.12/site-packages/airflow/example_dags/example_python_operator.py for tasks to queue
[2024-08-04T21:01:41.513+0530] {logging_mixin.py:188} INFO - [2024-08-04T21:01:41.513+0530] {dagbag.py:545} INFO - Filling up the DagBag from /Users/deepanshu/Desktop/etc-spark-airflow/env/lib/python3.12/site-packages/airflow/example_dags/example_python_operator.py
[2024-08-04T21:01:41.528+0530] {logging_mixin.py:188} INFO - [2024-08-04T21:01:41.528+0530] {example_python_operator.py:93} WARNING - The virtalenv_python example task requires virtualenv, please install it.
[2024-08-04T21:01:41.530+0530] {processor.py:840} INFO - DAG(s) 'example_python_operator' retrieved from /Users/deepanshu/Desktop/etc-spark-airflow/env/lib/python3.12/site-packages/airflow/example_dags/example_python_operator.py
[2024-08-04T21:01:41.586+0530] {logging_mixin.py:188} INFO - [2024-08-04T21:01:41.586+0530] {dag.py:3089} INFO - Sync 1 DAGs
[2024-08-04T21:01:41.591+0530] {logging_mixin.py:188} INFO - [2024-08-04T21:01:41.591+0530] {dag.py:3947} INFO - Setting next_dagrun for example_python_operator to None, run_after=None
[2024-08-04T21:01:41.602+0530] {processor.py:183} INFO - Processing /Users/deepanshu/Desktop/etc-spark-airflow/env/lib/python3.12/site-packages/airflow/example_dags/example_python_operator.py took 0.092 seconds
[2024-08-04T21:03:46.236+0530] {processor.py:161} INFO - Started process (PID=69472) to work on /Users/deepanshu/Desktop/etc-spark-airflow/env/lib/python3.12/site-packages/airflow/example_dags/example_python_operator.py
[2024-08-04T21:03:46.237+0530] {processor.py:830} INFO - Processing file /Users/deepanshu/Desktop/etc-spark-airflow/env/lib/python3.12/site-packages/airflow/example_dags/example_python_operator.py for tasks to queue
[2024-08-04T21:03:46.238+0530] {logging_mixin.py:188} INFO - [2024-08-04T21:03:46.238+0530] {dagbag.py:545} INFO - Filling up the DagBag from /Users/deepanshu/Desktop/etc-spark-airflow/env/lib/python3.12/site-packages/airflow/example_dags/example_python_operator.py
[2024-08-04T21:03:46.252+0530] {logging_mixin.py:188} INFO - [2024-08-04T21:03:46.252+0530] {example_python_operator.py:93} WARNING - The virtalenv_python example task requires virtualenv, please install it.
[2024-08-04T21:03:46.254+0530] {processor.py:840} INFO - DAG(s) 'example_python_operator' retrieved from /Users/deepanshu/Desktop/etc-spark-airflow/env/lib/python3.12/site-packages/airflow/example_dags/example_python_operator.py
[2024-08-04T21:03:46.306+0530] {logging_mixin.py:188} INFO - [2024-08-04T21:03:46.306+0530] {dag.py:3089} INFO - Sync 1 DAGs
[2024-08-04T21:03:46.311+0530] {logging_mixin.py:188} INFO - [2024-08-04T21:03:46.311+0530] {dag.py:3947} INFO - Setting next_dagrun for example_python_operator to None, run_after=None
[2024-08-04T21:03:46.321+0530] {processor.py:183} INFO - Processing /Users/deepanshu/Desktop/etc-spark-airflow/env/lib/python3.12/site-packages/airflow/example_dags/example_python_operator.py took 0.087 seconds
[2024-08-04T21:06:19.519+0530] {processor.py:161} INFO - Started process (PID=70529) to work on /Users/deepanshu/Desktop/etc-spark-airflow/env/lib/python3.12/site-packages/airflow/example_dags/example_python_operator.py
[2024-08-04T21:06:19.520+0530] {processor.py:830} INFO - Processing file /Users/deepanshu/Desktop/etc-spark-airflow/env/lib/python3.12/site-packages/airflow/example_dags/example_python_operator.py for tasks to queue
[2024-08-04T21:06:19.520+0530] {logging_mixin.py:188} INFO - [2024-08-04T21:06:19.520+0530] {dagbag.py:545} INFO - Filling up the DagBag from /Users/deepanshu/Desktop/etc-spark-airflow/env/lib/python3.12/site-packages/airflow/example_dags/example_python_operator.py
[2024-08-04T21:06:19.535+0530] {logging_mixin.py:188} INFO - [2024-08-04T21:06:19.534+0530] {example_python_operator.py:93} WARNING - The virtalenv_python example task requires virtualenv, please install it.
[2024-08-04T21:06:19.537+0530] {processor.py:840} INFO - DAG(s) 'example_python_operator' retrieved from /Users/deepanshu/Desktop/etc-spark-airflow/env/lib/python3.12/site-packages/airflow/example_dags/example_python_operator.py
[2024-08-04T21:06:19.589+0530] {logging_mixin.py:188} INFO - [2024-08-04T21:06:19.588+0530] {dag.py:3089} INFO - Sync 1 DAGs
[2024-08-04T21:06:19.594+0530] {logging_mixin.py:188} INFO - [2024-08-04T21:06:19.593+0530] {dag.py:3947} INFO - Setting next_dagrun for example_python_operator to None, run_after=None
[2024-08-04T21:06:19.604+0530] {processor.py:183} INFO - Processing /Users/deepanshu/Desktop/etc-spark-airflow/env/lib/python3.12/site-packages/airflow/example_dags/example_python_operator.py took 0.087 seconds
