[2024-08-04T20:34:47.206+0530] {processor.py:161} INFO - Started process (PID=56345) to work on /Users/deepanshu/Desktop/etc-spark-airflow/env/lib/python3.12/site-packages/airflow/example_dags/example_local_kubernetes_executor.py
[2024-08-04T20:34:47.206+0530] {processor.py:830} INFO - Processing file /Users/deepanshu/Desktop/etc-spark-airflow/env/lib/python3.12/site-packages/airflow/example_dags/example_local_kubernetes_executor.py for tasks to queue
[2024-08-04T20:34:47.207+0530] {logging_mixin.py:188} INFO - [2024-08-04T20:34:47.207+0530] {dagbag.py:545} INFO - Filling up the DagBag from /Users/deepanshu/Desktop/etc-spark-airflow/env/lib/python3.12/site-packages/airflow/example_dags/example_local_kubernetes_executor.py
[2024-08-04T20:34:47.228+0530] {logging_mixin.py:188} INFO - [2024-08-04T20:34:47.227+0530] {example_local_kubernetes_executor.py:40} WARNING - Could not import DAGs in example_local_kubernetes_executor.py
Traceback (most recent call last):
  File "/Users/deepanshu/Desktop/etc-spark-airflow/env/lib/python3.12/site-packages/airflow/example_dags/example_local_kubernetes_executor.py", line 38, in <module>
    from kubernetes.client import models as k8s
ModuleNotFoundError: No module named 'kubernetes'
[2024-08-04T20:34:47.228+0530] {logging_mixin.py:188} INFO - [2024-08-04T20:34:47.228+0530] {example_local_kubernetes_executor.py:41} WARNING - Install Kubernetes dependencies with: pip install apache-airflow[cncf.kubernetes]
[2024-08-04T20:34:47.228+0530] {processor.py:842} WARNING - No viable dags retrieved from /Users/deepanshu/Desktop/etc-spark-airflow/env/lib/python3.12/site-packages/airflow/example_dags/example_local_kubernetes_executor.py
[2024-08-04T20:34:47.270+0530] {processor.py:183} INFO - Processing /Users/deepanshu/Desktop/etc-spark-airflow/env/lib/python3.12/site-packages/airflow/example_dags/example_local_kubernetes_executor.py took 0.066 seconds
[2024-08-04T20:36:51.458+0530] {processor.py:161} INFO - Started process (PID=57245) to work on /Users/deepanshu/Desktop/etc-spark-airflow/env/lib/python3.12/site-packages/airflow/example_dags/example_local_kubernetes_executor.py
[2024-08-04T20:36:51.459+0530] {processor.py:830} INFO - Processing file /Users/deepanshu/Desktop/etc-spark-airflow/env/lib/python3.12/site-packages/airflow/example_dags/example_local_kubernetes_executor.py for tasks to queue
[2024-08-04T20:36:51.459+0530] {logging_mixin.py:188} INFO - [2024-08-04T20:36:51.459+0530] {dagbag.py:545} INFO - Filling up the DagBag from /Users/deepanshu/Desktop/etc-spark-airflow/env/lib/python3.12/site-packages/airflow/example_dags/example_local_kubernetes_executor.py
[2024-08-04T20:36:51.481+0530] {logging_mixin.py:188} INFO - [2024-08-04T20:36:51.480+0530] {example_local_kubernetes_executor.py:40} WARNING - Could not import DAGs in example_local_kubernetes_executor.py
Traceback (most recent call last):
  File "/Users/deepanshu/Desktop/etc-spark-airflow/env/lib/python3.12/site-packages/airflow/example_dags/example_local_kubernetes_executor.py", line 38, in <module>
    from kubernetes.client import models as k8s
ModuleNotFoundError: No module named 'kubernetes'
[2024-08-04T20:36:51.481+0530] {logging_mixin.py:188} INFO - [2024-08-04T20:36:51.481+0530] {example_local_kubernetes_executor.py:41} WARNING - Install Kubernetes dependencies with: pip install apache-airflow[cncf.kubernetes]
[2024-08-04T20:36:51.481+0530] {processor.py:842} WARNING - No viable dags retrieved from /Users/deepanshu/Desktop/etc-spark-airflow/env/lib/python3.12/site-packages/airflow/example_dags/example_local_kubernetes_executor.py
[2024-08-04T20:36:51.522+0530] {processor.py:183} INFO - Processing /Users/deepanshu/Desktop/etc-spark-airflow/env/lib/python3.12/site-packages/airflow/example_dags/example_local_kubernetes_executor.py took 0.066 seconds
[2024-08-04T20:38:21.308+0530] {processor.py:161} INFO - Started process (PID=57969) to work on /Users/deepanshu/Desktop/etc-spark-airflow/env/lib/python3.12/site-packages/airflow/example_dags/example_local_kubernetes_executor.py
[2024-08-04T20:38:21.309+0530] {processor.py:830} INFO - Processing file /Users/deepanshu/Desktop/etc-spark-airflow/env/lib/python3.12/site-packages/airflow/example_dags/example_local_kubernetes_executor.py for tasks to queue
[2024-08-04T20:38:21.310+0530] {logging_mixin.py:188} INFO - [2024-08-04T20:38:21.309+0530] {dagbag.py:545} INFO - Filling up the DagBag from /Users/deepanshu/Desktop/etc-spark-airflow/env/lib/python3.12/site-packages/airflow/example_dags/example_local_kubernetes_executor.py
[2024-08-04T20:38:21.331+0530] {logging_mixin.py:188} INFO - [2024-08-04T20:38:21.330+0530] {example_local_kubernetes_executor.py:40} WARNING - Could not import DAGs in example_local_kubernetes_executor.py
Traceback (most recent call last):
  File "/Users/deepanshu/Desktop/etc-spark-airflow/env/lib/python3.12/site-packages/airflow/example_dags/example_local_kubernetes_executor.py", line 38, in <module>
    from kubernetes.client import models as k8s
ModuleNotFoundError: No module named 'kubernetes'
[2024-08-04T20:38:21.331+0530] {logging_mixin.py:188} INFO - [2024-08-04T20:38:21.331+0530] {example_local_kubernetes_executor.py:41} WARNING - Install Kubernetes dependencies with: pip install apache-airflow[cncf.kubernetes]
[2024-08-04T20:38:21.331+0530] {processor.py:842} WARNING - No viable dags retrieved from /Users/deepanshu/Desktop/etc-spark-airflow/env/lib/python3.12/site-packages/airflow/example_dags/example_local_kubernetes_executor.py
[2024-08-04T20:38:21.373+0530] {processor.py:183} INFO - Processing /Users/deepanshu/Desktop/etc-spark-airflow/env/lib/python3.12/site-packages/airflow/example_dags/example_local_kubernetes_executor.py took 0.066 seconds
[2024-08-04T20:40:18.786+0530] {processor.py:161} INFO - Started process (PID=58866) to work on /Users/deepanshu/Desktop/etc-spark-airflow/env/lib/python3.12/site-packages/airflow/example_dags/example_local_kubernetes_executor.py
[2024-08-04T20:40:18.786+0530] {processor.py:830} INFO - Processing file /Users/deepanshu/Desktop/etc-spark-airflow/env/lib/python3.12/site-packages/airflow/example_dags/example_local_kubernetes_executor.py for tasks to queue
[2024-08-04T20:40:18.787+0530] {logging_mixin.py:188} INFO - [2024-08-04T20:40:18.787+0530] {dagbag.py:545} INFO - Filling up the DagBag from /Users/deepanshu/Desktop/etc-spark-airflow/env/lib/python3.12/site-packages/airflow/example_dags/example_local_kubernetes_executor.py
[2024-08-04T20:40:18.811+0530] {logging_mixin.py:188} INFO - [2024-08-04T20:40:18.811+0530] {example_local_kubernetes_executor.py:40} WARNING - Could not import DAGs in example_local_kubernetes_executor.py
Traceback (most recent call last):
  File "/Users/deepanshu/Desktop/etc-spark-airflow/env/lib/python3.12/site-packages/airflow/example_dags/example_local_kubernetes_executor.py", line 38, in <module>
    from kubernetes.client import models as k8s
ModuleNotFoundError: No module named 'kubernetes'
[2024-08-04T20:40:18.811+0530] {logging_mixin.py:188} INFO - [2024-08-04T20:40:18.811+0530] {example_local_kubernetes_executor.py:41} WARNING - Install Kubernetes dependencies with: pip install apache-airflow[cncf.kubernetes]
[2024-08-04T20:40:18.812+0530] {processor.py:842} WARNING - No viable dags retrieved from /Users/deepanshu/Desktop/etc-spark-airflow/env/lib/python3.12/site-packages/airflow/example_dags/example_local_kubernetes_executor.py
[2024-08-04T20:40:18.855+0530] {processor.py:183} INFO - Processing /Users/deepanshu/Desktop/etc-spark-airflow/env/lib/python3.12/site-packages/airflow/example_dags/example_local_kubernetes_executor.py took 0.071 seconds
[2024-08-04T20:41:50.719+0530] {processor.py:161} INFO - Started process (PID=59554) to work on /Users/deepanshu/Desktop/etc-spark-airflow/env/lib/python3.12/site-packages/airflow/example_dags/example_local_kubernetes_executor.py
[2024-08-04T20:41:50.720+0530] {processor.py:830} INFO - Processing file /Users/deepanshu/Desktop/etc-spark-airflow/env/lib/python3.12/site-packages/airflow/example_dags/example_local_kubernetes_executor.py for tasks to queue
[2024-08-04T20:41:50.721+0530] {logging_mixin.py:188} INFO - [2024-08-04T20:41:50.721+0530] {dagbag.py:545} INFO - Filling up the DagBag from /Users/deepanshu/Desktop/etc-spark-airflow/env/lib/python3.12/site-packages/airflow/example_dags/example_local_kubernetes_executor.py
[2024-08-04T20:41:50.744+0530] {logging_mixin.py:188} INFO - [2024-08-04T20:41:50.744+0530] {example_local_kubernetes_executor.py:40} WARNING - Could not import DAGs in example_local_kubernetes_executor.py
Traceback (most recent call last):
  File "/Users/deepanshu/Desktop/etc-spark-airflow/env/lib/python3.12/site-packages/airflow/example_dags/example_local_kubernetes_executor.py", line 38, in <module>
    from kubernetes.client import models as k8s
ModuleNotFoundError: No module named 'kubernetes'
[2024-08-04T20:41:50.744+0530] {logging_mixin.py:188} INFO - [2024-08-04T20:41:50.744+0530] {example_local_kubernetes_executor.py:41} WARNING - Install Kubernetes dependencies with: pip install apache-airflow[cncf.kubernetes]
[2024-08-04T20:41:50.744+0530] {processor.py:842} WARNING - No viable dags retrieved from /Users/deepanshu/Desktop/etc-spark-airflow/env/lib/python3.12/site-packages/airflow/example_dags/example_local_kubernetes_executor.py
[2024-08-04T20:41:50.787+0530] {processor.py:183} INFO - Processing /Users/deepanshu/Desktop/etc-spark-airflow/env/lib/python3.12/site-packages/airflow/example_dags/example_local_kubernetes_executor.py took 0.070 seconds
[2024-08-04T20:43:42.697+0530] {processor.py:161} INFO - Started process (PID=60360) to work on /Users/deepanshu/Desktop/etc-spark-airflow/env/lib/python3.12/site-packages/airflow/example_dags/example_local_kubernetes_executor.py
[2024-08-04T20:43:42.698+0530] {processor.py:830} INFO - Processing file /Users/deepanshu/Desktop/etc-spark-airflow/env/lib/python3.12/site-packages/airflow/example_dags/example_local_kubernetes_executor.py for tasks to queue
[2024-08-04T20:43:42.699+0530] {logging_mixin.py:188} INFO - [2024-08-04T20:43:42.699+0530] {dagbag.py:545} INFO - Filling up the DagBag from /Users/deepanshu/Desktop/etc-spark-airflow/env/lib/python3.12/site-packages/airflow/example_dags/example_local_kubernetes_executor.py
[2024-08-04T20:43:42.722+0530] {logging_mixin.py:188} INFO - [2024-08-04T20:43:42.722+0530] {example_local_kubernetes_executor.py:40} WARNING - Could not import DAGs in example_local_kubernetes_executor.py
Traceback (most recent call last):
  File "/Users/deepanshu/Desktop/etc-spark-airflow/env/lib/python3.12/site-packages/airflow/example_dags/example_local_kubernetes_executor.py", line 38, in <module>
    from kubernetes.client import models as k8s
ModuleNotFoundError: No module named 'kubernetes'
[2024-08-04T20:43:42.722+0530] {logging_mixin.py:188} INFO - [2024-08-04T20:43:42.722+0530] {example_local_kubernetes_executor.py:41} WARNING - Install Kubernetes dependencies with: pip install apache-airflow[cncf.kubernetes]
[2024-08-04T20:43:42.723+0530] {processor.py:842} WARNING - No viable dags retrieved from /Users/deepanshu/Desktop/etc-spark-airflow/env/lib/python3.12/site-packages/airflow/example_dags/example_local_kubernetes_executor.py
[2024-08-04T20:43:42.765+0530] {processor.py:183} INFO - Processing /Users/deepanshu/Desktop/etc-spark-airflow/env/lib/python3.12/site-packages/airflow/example_dags/example_local_kubernetes_executor.py took 0.069 seconds
[2024-08-04T20:45:38.416+0530] {processor.py:161} INFO - Started process (PID=61204) to work on /Users/deepanshu/Desktop/etc-spark-airflow/env/lib/python3.12/site-packages/airflow/example_dags/example_local_kubernetes_executor.py
[2024-08-04T20:45:38.417+0530] {processor.py:830} INFO - Processing file /Users/deepanshu/Desktop/etc-spark-airflow/env/lib/python3.12/site-packages/airflow/example_dags/example_local_kubernetes_executor.py for tasks to queue
[2024-08-04T20:45:38.417+0530] {logging_mixin.py:188} INFO - [2024-08-04T20:45:38.417+0530] {dagbag.py:545} INFO - Filling up the DagBag from /Users/deepanshu/Desktop/etc-spark-airflow/env/lib/python3.12/site-packages/airflow/example_dags/example_local_kubernetes_executor.py
[2024-08-04T20:45:38.440+0530] {logging_mixin.py:188} INFO - [2024-08-04T20:45:38.439+0530] {example_local_kubernetes_executor.py:40} WARNING - Could not import DAGs in example_local_kubernetes_executor.py
Traceback (most recent call last):
  File "/Users/deepanshu/Desktop/etc-spark-airflow/env/lib/python3.12/site-packages/airflow/example_dags/example_local_kubernetes_executor.py", line 38, in <module>
    from kubernetes.client import models as k8s
ModuleNotFoundError: No module named 'kubernetes'
[2024-08-04T20:45:38.440+0530] {logging_mixin.py:188} INFO - [2024-08-04T20:45:38.440+0530] {example_local_kubernetes_executor.py:41} WARNING - Install Kubernetes dependencies with: pip install apache-airflow[cncf.kubernetes]
[2024-08-04T20:45:38.440+0530] {processor.py:842} WARNING - No viable dags retrieved from /Users/deepanshu/Desktop/etc-spark-airflow/env/lib/python3.12/site-packages/airflow/example_dags/example_local_kubernetes_executor.py
[2024-08-04T20:45:38.481+0530] {processor.py:183} INFO - Processing /Users/deepanshu/Desktop/etc-spark-airflow/env/lib/python3.12/site-packages/airflow/example_dags/example_local_kubernetes_executor.py took 0.067 seconds
[2024-08-04T20:47:33.798+0530] {processor.py:161} INFO - Started process (PID=62008) to work on /Users/deepanshu/Desktop/etc-spark-airflow/env/lib/python3.12/site-packages/airflow/example_dags/example_local_kubernetes_executor.py
[2024-08-04T20:47:33.800+0530] {processor.py:830} INFO - Processing file /Users/deepanshu/Desktop/etc-spark-airflow/env/lib/python3.12/site-packages/airflow/example_dags/example_local_kubernetes_executor.py for tasks to queue
[2024-08-04T20:47:33.800+0530] {logging_mixin.py:188} INFO - [2024-08-04T20:47:33.800+0530] {dagbag.py:545} INFO - Filling up the DagBag from /Users/deepanshu/Desktop/etc-spark-airflow/env/lib/python3.12/site-packages/airflow/example_dags/example_local_kubernetes_executor.py
[2024-08-04T20:47:33.822+0530] {logging_mixin.py:188} INFO - [2024-08-04T20:47:33.822+0530] {example_local_kubernetes_executor.py:40} WARNING - Could not import DAGs in example_local_kubernetes_executor.py
Traceback (most recent call last):
  File "/Users/deepanshu/Desktop/etc-spark-airflow/env/lib/python3.12/site-packages/airflow/example_dags/example_local_kubernetes_executor.py", line 38, in <module>
    from kubernetes.client import models as k8s
ModuleNotFoundError: No module named 'kubernetes'
[2024-08-04T20:47:33.823+0530] {logging_mixin.py:188} INFO - [2024-08-04T20:47:33.823+0530] {example_local_kubernetes_executor.py:41} WARNING - Install Kubernetes dependencies with: pip install apache-airflow[cncf.kubernetes]
[2024-08-04T20:47:33.823+0530] {processor.py:842} WARNING - No viable dags retrieved from /Users/deepanshu/Desktop/etc-spark-airflow/env/lib/python3.12/site-packages/airflow/example_dags/example_local_kubernetes_executor.py
[2024-08-04T20:47:33.864+0530] {processor.py:183} INFO - Processing /Users/deepanshu/Desktop/etc-spark-airflow/env/lib/python3.12/site-packages/airflow/example_dags/example_local_kubernetes_executor.py took 0.067 seconds
[2024-08-04T20:50:03.929+0530] {processor.py:161} INFO - Started process (PID=63038) to work on /Users/deepanshu/Desktop/etc-spark-airflow/env/lib/python3.12/site-packages/airflow/example_dags/example_local_kubernetes_executor.py
[2024-08-04T20:50:03.930+0530] {processor.py:830} INFO - Processing file /Users/deepanshu/Desktop/etc-spark-airflow/env/lib/python3.12/site-packages/airflow/example_dags/example_local_kubernetes_executor.py for tasks to queue
[2024-08-04T20:50:03.931+0530] {logging_mixin.py:188} INFO - [2024-08-04T20:50:03.930+0530] {dagbag.py:545} INFO - Filling up the DagBag from /Users/deepanshu/Desktop/etc-spark-airflow/env/lib/python3.12/site-packages/airflow/example_dags/example_local_kubernetes_executor.py
[2024-08-04T20:50:03.955+0530] {logging_mixin.py:188} INFO - [2024-08-04T20:50:03.955+0530] {example_local_kubernetes_executor.py:40} WARNING - Could not import DAGs in example_local_kubernetes_executor.py
Traceback (most recent call last):
  File "/Users/deepanshu/Desktop/etc-spark-airflow/env/lib/python3.12/site-packages/airflow/example_dags/example_local_kubernetes_executor.py", line 38, in <module>
    from kubernetes.client import models as k8s
ModuleNotFoundError: No module named 'kubernetes'
[2024-08-04T20:50:03.955+0530] {logging_mixin.py:188} INFO - [2024-08-04T20:50:03.955+0530] {example_local_kubernetes_executor.py:41} WARNING - Install Kubernetes dependencies with: pip install apache-airflow[cncf.kubernetes]
[2024-08-04T20:50:03.955+0530] {processor.py:842} WARNING - No viable dags retrieved from /Users/deepanshu/Desktop/etc-spark-airflow/env/lib/python3.12/site-packages/airflow/example_dags/example_local_kubernetes_executor.py
[2024-08-04T20:50:03.998+0530] {processor.py:183} INFO - Processing /Users/deepanshu/Desktop/etc-spark-airflow/env/lib/python3.12/site-packages/airflow/example_dags/example_local_kubernetes_executor.py took 0.070 seconds
[2024-08-04T20:51:36.375+0530] {processor.py:161} INFO - Started process (PID=63719) to work on /Users/deepanshu/Desktop/etc-spark-airflow/env/lib/python3.12/site-packages/airflow/example_dags/example_local_kubernetes_executor.py
[2024-08-04T20:51:36.376+0530] {processor.py:830} INFO - Processing file /Users/deepanshu/Desktop/etc-spark-airflow/env/lib/python3.12/site-packages/airflow/example_dags/example_local_kubernetes_executor.py for tasks to queue
[2024-08-04T20:51:36.377+0530] {logging_mixin.py:188} INFO - [2024-08-04T20:51:36.376+0530] {dagbag.py:545} INFO - Filling up the DagBag from /Users/deepanshu/Desktop/etc-spark-airflow/env/lib/python3.12/site-packages/airflow/example_dags/example_local_kubernetes_executor.py
[2024-08-04T20:51:36.398+0530] {logging_mixin.py:188} INFO - [2024-08-04T20:51:36.398+0530] {example_local_kubernetes_executor.py:40} WARNING - Could not import DAGs in example_local_kubernetes_executor.py
Traceback (most recent call last):
  File "/Users/deepanshu/Desktop/etc-spark-airflow/env/lib/python3.12/site-packages/airflow/example_dags/example_local_kubernetes_executor.py", line 38, in <module>
    from kubernetes.client import models as k8s
ModuleNotFoundError: No module named 'kubernetes'
[2024-08-04T20:51:36.399+0530] {logging_mixin.py:188} INFO - [2024-08-04T20:51:36.399+0530] {example_local_kubernetes_executor.py:41} WARNING - Install Kubernetes dependencies with: pip install apache-airflow[cncf.kubernetes]
[2024-08-04T20:51:36.399+0530] {processor.py:842} WARNING - No viable dags retrieved from /Users/deepanshu/Desktop/etc-spark-airflow/env/lib/python3.12/site-packages/airflow/example_dags/example_local_kubernetes_executor.py
[2024-08-04T20:51:36.440+0530] {processor.py:183} INFO - Processing /Users/deepanshu/Desktop/etc-spark-airflow/env/lib/python3.12/site-packages/airflow/example_dags/example_local_kubernetes_executor.py took 0.067 seconds
[2024-08-04T20:53:31.507+0530] {processor.py:161} INFO - Started process (PID=64524) to work on /Users/deepanshu/Desktop/etc-spark-airflow/env/lib/python3.12/site-packages/airflow/example_dags/example_local_kubernetes_executor.py
[2024-08-04T20:53:31.508+0530] {processor.py:830} INFO - Processing file /Users/deepanshu/Desktop/etc-spark-airflow/env/lib/python3.12/site-packages/airflow/example_dags/example_local_kubernetes_executor.py for tasks to queue
[2024-08-04T20:53:31.509+0530] {logging_mixin.py:188} INFO - [2024-08-04T20:53:31.509+0530] {dagbag.py:545} INFO - Filling up the DagBag from /Users/deepanshu/Desktop/etc-spark-airflow/env/lib/python3.12/site-packages/airflow/example_dags/example_local_kubernetes_executor.py
[2024-08-04T20:53:31.530+0530] {logging_mixin.py:188} INFO - [2024-08-04T20:53:31.530+0530] {example_local_kubernetes_executor.py:40} WARNING - Could not import DAGs in example_local_kubernetes_executor.py
Traceback (most recent call last):
  File "/Users/deepanshu/Desktop/etc-spark-airflow/env/lib/python3.12/site-packages/airflow/example_dags/example_local_kubernetes_executor.py", line 38, in <module>
    from kubernetes.client import models as k8s
ModuleNotFoundError: No module named 'kubernetes'
[2024-08-04T20:53:31.531+0530] {logging_mixin.py:188} INFO - [2024-08-04T20:53:31.531+0530] {example_local_kubernetes_executor.py:41} WARNING - Install Kubernetes dependencies with: pip install apache-airflow[cncf.kubernetes]
[2024-08-04T20:53:31.531+0530] {processor.py:842} WARNING - No viable dags retrieved from /Users/deepanshu/Desktop/etc-spark-airflow/env/lib/python3.12/site-packages/airflow/example_dags/example_local_kubernetes_executor.py
[2024-08-04T20:53:31.572+0530] {processor.py:183} INFO - Processing /Users/deepanshu/Desktop/etc-spark-airflow/env/lib/python3.12/site-packages/airflow/example_dags/example_local_kubernetes_executor.py took 0.066 seconds
[2024-08-04T20:55:36.902+0530] {processor.py:161} INFO - Started process (PID=65494) to work on /Users/deepanshu/Desktop/etc-spark-airflow/env/lib/python3.12/site-packages/airflow/example_dags/example_local_kubernetes_executor.py
[2024-08-04T20:55:36.903+0530] {processor.py:830} INFO - Processing file /Users/deepanshu/Desktop/etc-spark-airflow/env/lib/python3.12/site-packages/airflow/example_dags/example_local_kubernetes_executor.py for tasks to queue
[2024-08-04T20:55:36.904+0530] {logging_mixin.py:188} INFO - [2024-08-04T20:55:36.903+0530] {dagbag.py:545} INFO - Filling up the DagBag from /Users/deepanshu/Desktop/etc-spark-airflow/env/lib/python3.12/site-packages/airflow/example_dags/example_local_kubernetes_executor.py
[2024-08-04T20:55:36.925+0530] {logging_mixin.py:188} INFO - [2024-08-04T20:55:36.925+0530] {example_local_kubernetes_executor.py:40} WARNING - Could not import DAGs in example_local_kubernetes_executor.py
Traceback (most recent call last):
  File "/Users/deepanshu/Desktop/etc-spark-airflow/env/lib/python3.12/site-packages/airflow/example_dags/example_local_kubernetes_executor.py", line 38, in <module>
    from kubernetes.client import models as k8s
ModuleNotFoundError: No module named 'kubernetes'
[2024-08-04T20:55:36.925+0530] {logging_mixin.py:188} INFO - [2024-08-04T20:55:36.925+0530] {example_local_kubernetes_executor.py:41} WARNING - Install Kubernetes dependencies with: pip install apache-airflow[cncf.kubernetes]
[2024-08-04T20:55:36.925+0530] {processor.py:842} WARNING - No viable dags retrieved from /Users/deepanshu/Desktop/etc-spark-airflow/env/lib/python3.12/site-packages/airflow/example_dags/example_local_kubernetes_executor.py
[2024-08-04T20:55:36.966+0530] {processor.py:183} INFO - Processing /Users/deepanshu/Desktop/etc-spark-airflow/env/lib/python3.12/site-packages/airflow/example_dags/example_local_kubernetes_executor.py took 0.066 seconds
[2024-08-04T21:01:53.292+0530] {processor.py:161} INFO - Started process (PID=68671) to work on /Users/deepanshu/Desktop/etc-spark-airflow/env/lib/python3.12/site-packages/airflow/example_dags/example_local_kubernetes_executor.py
[2024-08-04T21:01:53.293+0530] {processor.py:830} INFO - Processing file /Users/deepanshu/Desktop/etc-spark-airflow/env/lib/python3.12/site-packages/airflow/example_dags/example_local_kubernetes_executor.py for tasks to queue
[2024-08-04T21:01:53.294+0530] {logging_mixin.py:188} INFO - [2024-08-04T21:01:53.293+0530] {dagbag.py:545} INFO - Filling up the DagBag from /Users/deepanshu/Desktop/etc-spark-airflow/env/lib/python3.12/site-packages/airflow/example_dags/example_local_kubernetes_executor.py
[2024-08-04T21:01:53.315+0530] {logging_mixin.py:188} INFO - [2024-08-04T21:01:53.314+0530] {example_local_kubernetes_executor.py:40} WARNING - Could not import DAGs in example_local_kubernetes_executor.py
Traceback (most recent call last):
  File "/Users/deepanshu/Desktop/etc-spark-airflow/env/lib/python3.12/site-packages/airflow/example_dags/example_local_kubernetes_executor.py", line 38, in <module>
    from kubernetes.client import models as k8s
ModuleNotFoundError: No module named 'kubernetes'
[2024-08-04T21:01:53.315+0530] {logging_mixin.py:188} INFO - [2024-08-04T21:01:53.315+0530] {example_local_kubernetes_executor.py:41} WARNING - Install Kubernetes dependencies with: pip install apache-airflow[cncf.kubernetes]
[2024-08-04T21:01:53.315+0530] {processor.py:842} WARNING - No viable dags retrieved from /Users/deepanshu/Desktop/etc-spark-airflow/env/lib/python3.12/site-packages/airflow/example_dags/example_local_kubernetes_executor.py
[2024-08-04T21:01:53.356+0530] {processor.py:183} INFO - Processing /Users/deepanshu/Desktop/etc-spark-airflow/env/lib/python3.12/site-packages/airflow/example_dags/example_local_kubernetes_executor.py took 0.066 seconds
[2024-08-04T21:03:58.180+0530] {processor.py:161} INFO - Started process (PID=69548) to work on /Users/deepanshu/Desktop/etc-spark-airflow/env/lib/python3.12/site-packages/airflow/example_dags/example_local_kubernetes_executor.py
[2024-08-04T21:03:58.181+0530] {processor.py:830} INFO - Processing file /Users/deepanshu/Desktop/etc-spark-airflow/env/lib/python3.12/site-packages/airflow/example_dags/example_local_kubernetes_executor.py for tasks to queue
[2024-08-04T21:03:58.181+0530] {logging_mixin.py:188} INFO - [2024-08-04T21:03:58.181+0530] {dagbag.py:545} INFO - Filling up the DagBag from /Users/deepanshu/Desktop/etc-spark-airflow/env/lib/python3.12/site-packages/airflow/example_dags/example_local_kubernetes_executor.py
[2024-08-04T21:03:58.213+0530] {logging_mixin.py:188} INFO - [2024-08-04T21:03:58.212+0530] {example_local_kubernetes_executor.py:40} WARNING - Could not import DAGs in example_local_kubernetes_executor.py
Traceback (most recent call last):
  File "/Users/deepanshu/Desktop/etc-spark-airflow/env/lib/python3.12/site-packages/airflow/example_dags/example_local_kubernetes_executor.py", line 38, in <module>
    from kubernetes.client import models as k8s
ModuleNotFoundError: No module named 'kubernetes'
[2024-08-04T21:03:58.213+0530] {logging_mixin.py:188} INFO - [2024-08-04T21:03:58.213+0530] {example_local_kubernetes_executor.py:41} WARNING - Install Kubernetes dependencies with: pip install apache-airflow[cncf.kubernetes]
[2024-08-04T21:03:58.213+0530] {processor.py:842} WARNING - No viable dags retrieved from /Users/deepanshu/Desktop/etc-spark-airflow/env/lib/python3.12/site-packages/airflow/example_dags/example_local_kubernetes_executor.py
[2024-08-04T21:03:58.271+0530] {processor.py:183} INFO - Processing /Users/deepanshu/Desktop/etc-spark-airflow/env/lib/python3.12/site-packages/airflow/example_dags/example_local_kubernetes_executor.py took 0.093 seconds
[2024-08-04T21:06:29.652+0530] {processor.py:161} INFO - Started process (PID=70597) to work on /Users/deepanshu/Desktop/etc-spark-airflow/env/lib/python3.12/site-packages/airflow/example_dags/example_local_kubernetes_executor.py
[2024-08-04T21:06:29.653+0530] {processor.py:830} INFO - Processing file /Users/deepanshu/Desktop/etc-spark-airflow/env/lib/python3.12/site-packages/airflow/example_dags/example_local_kubernetes_executor.py for tasks to queue
[2024-08-04T21:06:29.653+0530] {logging_mixin.py:188} INFO - [2024-08-04T21:06:29.653+0530] {dagbag.py:545} INFO - Filling up the DagBag from /Users/deepanshu/Desktop/etc-spark-airflow/env/lib/python3.12/site-packages/airflow/example_dags/example_local_kubernetes_executor.py
[2024-08-04T21:06:29.675+0530] {logging_mixin.py:188} INFO - [2024-08-04T21:06:29.675+0530] {example_local_kubernetes_executor.py:40} WARNING - Could not import DAGs in example_local_kubernetes_executor.py
Traceback (most recent call last):
  File "/Users/deepanshu/Desktop/etc-spark-airflow/env/lib/python3.12/site-packages/airflow/example_dags/example_local_kubernetes_executor.py", line 38, in <module>
    from kubernetes.client import models as k8s
ModuleNotFoundError: No module named 'kubernetes'
[2024-08-04T21:06:29.675+0530] {logging_mixin.py:188} INFO - [2024-08-04T21:06:29.675+0530] {example_local_kubernetes_executor.py:41} WARNING - Install Kubernetes dependencies with: pip install apache-airflow[cncf.kubernetes]
[2024-08-04T21:06:29.676+0530] {processor.py:842} WARNING - No viable dags retrieved from /Users/deepanshu/Desktop/etc-spark-airflow/env/lib/python3.12/site-packages/airflow/example_dags/example_local_kubernetes_executor.py
[2024-08-04T21:06:29.717+0530] {processor.py:183} INFO - Processing /Users/deepanshu/Desktop/etc-spark-airflow/env/lib/python3.12/site-packages/airflow/example_dags/example_local_kubernetes_executor.py took 0.066 seconds
