[2024-08-04T20:34:32.369+0530] {processor.py:161} INFO - Started process (PID=56252) to work on /Users/deepanshu/Desktop/etc-spark-airflow/env/lib/python3.12/site-packages/airflow/example_dags/example_sensor_decorator.py
[2024-08-04T20:34:32.369+0530] {processor.py:830} INFO - Processing file /Users/deepanshu/Desktop/etc-spark-airflow/env/lib/python3.12/site-packages/airflow/example_dags/example_sensor_decorator.py for tasks to queue
[2024-08-04T20:34:32.370+0530] {logging_mixin.py:188} INFO - [2024-08-04T20:34:32.370+0530] {dagbag.py:545} INFO - Filling up the DagBag from /Users/deepanshu/Desktop/etc-spark-airflow/env/lib/python3.12/site-packages/airflow/example_dags/example_sensor_decorator.py
[2024-08-04T20:34:32.395+0530] {processor.py:840} INFO - DAG(s) 'example_sensor_decorator' retrieved from /Users/deepanshu/Desktop/etc-spark-airflow/env/lib/python3.12/site-packages/airflow/example_dags/example_sensor_decorator.py
[2024-08-04T20:34:32.534+0530] {logging_mixin.py:188} INFO - [2024-08-04T20:34:32.533+0530] {override.py:1858} INFO - Created Permission View: can delete on DAG:example_sensor_decorator
[2024-08-04T20:34:32.539+0530] {logging_mixin.py:188} INFO - [2024-08-04T20:34:32.538+0530] {override.py:1858} INFO - Created Permission View: can edit on DAG:example_sensor_decorator
[2024-08-04T20:34:32.542+0530] {logging_mixin.py:188} INFO - [2024-08-04T20:34:32.542+0530] {override.py:1858} INFO - Created Permission View: can read on DAG:example_sensor_decorator
[2024-08-04T20:34:32.542+0530] {logging_mixin.py:188} INFO - [2024-08-04T20:34:32.542+0530] {dag.py:3089} INFO - Sync 1 DAGs
[2024-08-04T20:34:32.549+0530] {logging_mixin.py:188} INFO - [2024-08-04T20:34:32.549+0530] {dag.py:3111} INFO - Creating ORM DAG for example_sensor_decorator
[2024-08-04T20:34:32.549+0530] {logging_mixin.py:188} INFO - [2024-08-04T20:34:32.549+0530] {dag.py:3947} INFO - Setting next_dagrun for example_sensor_decorator to None, run_after=None
[2024-08-04T20:34:32.559+0530] {processor.py:183} INFO - Processing /Users/deepanshu/Desktop/etc-spark-airflow/env/lib/python3.12/site-packages/airflow/example_dags/example_sensor_decorator.py took 0.192 seconds
[2024-08-04T20:36:37.145+0530] {processor.py:161} INFO - Started process (PID=57145) to work on /Users/deepanshu/Desktop/etc-spark-airflow/env/lib/python3.12/site-packages/airflow/example_dags/example_sensor_decorator.py
[2024-08-04T20:36:37.146+0530] {processor.py:830} INFO - Processing file /Users/deepanshu/Desktop/etc-spark-airflow/env/lib/python3.12/site-packages/airflow/example_dags/example_sensor_decorator.py for tasks to queue
[2024-08-04T20:36:37.147+0530] {logging_mixin.py:188} INFO - [2024-08-04T20:36:37.147+0530] {dagbag.py:545} INFO - Filling up the DagBag from /Users/deepanshu/Desktop/etc-spark-airflow/env/lib/python3.12/site-packages/airflow/example_dags/example_sensor_decorator.py
[2024-08-04T20:36:37.177+0530] {processor.py:840} INFO - DAG(s) 'example_sensor_decorator' retrieved from /Users/deepanshu/Desktop/etc-spark-airflow/env/lib/python3.12/site-packages/airflow/example_dags/example_sensor_decorator.py
[2024-08-04T20:36:37.267+0530] {logging_mixin.py:188} INFO - [2024-08-04T20:36:37.266+0530] {dag.py:3089} INFO - Sync 1 DAGs
[2024-08-04T20:36:37.277+0530] {logging_mixin.py:188} INFO - [2024-08-04T20:36:37.276+0530] {dag.py:3947} INFO - Setting next_dagrun for example_sensor_decorator to None, run_after=None
[2024-08-04T20:36:37.296+0530] {processor.py:183} INFO - Processing /Users/deepanshu/Desktop/etc-spark-airflow/env/lib/python3.12/site-packages/airflow/example_dags/example_sensor_decorator.py took 0.154 seconds
[2024-08-04T20:38:07.273+0530] {processor.py:161} INFO - Started process (PID=57875) to work on /Users/deepanshu/Desktop/etc-spark-airflow/env/lib/python3.12/site-packages/airflow/example_dags/example_sensor_decorator.py
[2024-08-04T20:38:07.274+0530] {processor.py:830} INFO - Processing file /Users/deepanshu/Desktop/etc-spark-airflow/env/lib/python3.12/site-packages/airflow/example_dags/example_sensor_decorator.py for tasks to queue
[2024-08-04T20:38:07.274+0530] {logging_mixin.py:188} INFO - [2024-08-04T20:38:07.274+0530] {dagbag.py:545} INFO - Filling up the DagBag from /Users/deepanshu/Desktop/etc-spark-airflow/env/lib/python3.12/site-packages/airflow/example_dags/example_sensor_decorator.py
[2024-08-04T20:38:07.298+0530] {processor.py:840} INFO - DAG(s) 'example_sensor_decorator' retrieved from /Users/deepanshu/Desktop/etc-spark-airflow/env/lib/python3.12/site-packages/airflow/example_dags/example_sensor_decorator.py
[2024-08-04T20:38:07.379+0530] {logging_mixin.py:188} INFO - [2024-08-04T20:38:07.379+0530] {dag.py:3089} INFO - Sync 1 DAGs
[2024-08-04T20:38:07.384+0530] {logging_mixin.py:188} INFO - [2024-08-04T20:38:07.384+0530] {dag.py:3947} INFO - Setting next_dagrun for example_sensor_decorator to None, run_after=None
[2024-08-04T20:38:07.395+0530] {processor.py:183} INFO - Processing /Users/deepanshu/Desktop/etc-spark-airflow/env/lib/python3.12/site-packages/airflow/example_dags/example_sensor_decorator.py took 0.124 seconds
[2024-08-04T20:40:04.702+0530] {processor.py:161} INFO - Started process (PID=58742) to work on /Users/deepanshu/Desktop/etc-spark-airflow/env/lib/python3.12/site-packages/airflow/example_dags/example_sensor_decorator.py
[2024-08-04T20:40:04.703+0530] {processor.py:830} INFO - Processing file /Users/deepanshu/Desktop/etc-spark-airflow/env/lib/python3.12/site-packages/airflow/example_dags/example_sensor_decorator.py for tasks to queue
[2024-08-04T20:40:04.704+0530] {logging_mixin.py:188} INFO - [2024-08-04T20:40:04.704+0530] {dagbag.py:545} INFO - Filling up the DagBag from /Users/deepanshu/Desktop/etc-spark-airflow/env/lib/python3.12/site-packages/airflow/example_dags/example_sensor_decorator.py
[2024-08-04T20:40:04.727+0530] {processor.py:840} INFO - DAG(s) 'example_sensor_decorator' retrieved from /Users/deepanshu/Desktop/etc-spark-airflow/env/lib/python3.12/site-packages/airflow/example_dags/example_sensor_decorator.py
[2024-08-04T20:40:04.785+0530] {logging_mixin.py:188} INFO - [2024-08-04T20:40:04.785+0530] {dag.py:3089} INFO - Sync 1 DAGs
[2024-08-04T20:40:04.791+0530] {logging_mixin.py:188} INFO - [2024-08-04T20:40:04.790+0530] {dag.py:3947} INFO - Setting next_dagrun for example_sensor_decorator to None, run_after=None
[2024-08-04T20:40:04.802+0530] {processor.py:183} INFO - Processing /Users/deepanshu/Desktop/etc-spark-airflow/env/lib/python3.12/site-packages/airflow/example_dags/example_sensor_decorator.py took 0.102 seconds
[2024-08-04T20:41:36.571+0530] {processor.py:161} INFO - Started process (PID=59447) to work on /Users/deepanshu/Desktop/etc-spark-airflow/env/lib/python3.12/site-packages/airflow/example_dags/example_sensor_decorator.py
[2024-08-04T20:41:36.572+0530] {processor.py:830} INFO - Processing file /Users/deepanshu/Desktop/etc-spark-airflow/env/lib/python3.12/site-packages/airflow/example_dags/example_sensor_decorator.py for tasks to queue
[2024-08-04T20:41:36.572+0530] {logging_mixin.py:188} INFO - [2024-08-04T20:41:36.572+0530] {dagbag.py:545} INFO - Filling up the DagBag from /Users/deepanshu/Desktop/etc-spark-airflow/env/lib/python3.12/site-packages/airflow/example_dags/example_sensor_decorator.py
[2024-08-04T20:41:36.597+0530] {processor.py:840} INFO - DAG(s) 'example_sensor_decorator' retrieved from /Users/deepanshu/Desktop/etc-spark-airflow/env/lib/python3.12/site-packages/airflow/example_dags/example_sensor_decorator.py
[2024-08-04T20:41:36.656+0530] {logging_mixin.py:188} INFO - [2024-08-04T20:41:36.656+0530] {dag.py:3089} INFO - Sync 1 DAGs
[2024-08-04T20:41:36.661+0530] {logging_mixin.py:188} INFO - [2024-08-04T20:41:36.661+0530] {dag.py:3947} INFO - Setting next_dagrun for example_sensor_decorator to None, run_after=None
[2024-08-04T20:41:36.673+0530] {processor.py:183} INFO - Processing /Users/deepanshu/Desktop/etc-spark-airflow/env/lib/python3.12/site-packages/airflow/example_dags/example_sensor_decorator.py took 0.103 seconds
[2024-08-04T20:43:28.324+0530] {processor.py:161} INFO - Started process (PID=60265) to work on /Users/deepanshu/Desktop/etc-spark-airflow/env/lib/python3.12/site-packages/airflow/example_dags/example_sensor_decorator.py
[2024-08-04T20:43:28.325+0530] {processor.py:830} INFO - Processing file /Users/deepanshu/Desktop/etc-spark-airflow/env/lib/python3.12/site-packages/airflow/example_dags/example_sensor_decorator.py for tasks to queue
[2024-08-04T20:43:28.326+0530] {logging_mixin.py:188} INFO - [2024-08-04T20:43:28.326+0530] {dagbag.py:545} INFO - Filling up the DagBag from /Users/deepanshu/Desktop/etc-spark-airflow/env/lib/python3.12/site-packages/airflow/example_dags/example_sensor_decorator.py
[2024-08-04T20:43:28.349+0530] {processor.py:840} INFO - DAG(s) 'example_sensor_decorator' retrieved from /Users/deepanshu/Desktop/etc-spark-airflow/env/lib/python3.12/site-packages/airflow/example_dags/example_sensor_decorator.py
[2024-08-04T20:43:28.406+0530] {logging_mixin.py:188} INFO - [2024-08-04T20:43:28.406+0530] {dag.py:3089} INFO - Sync 1 DAGs
[2024-08-04T20:43:28.411+0530] {logging_mixin.py:188} INFO - [2024-08-04T20:43:28.411+0530] {dag.py:3947} INFO - Setting next_dagrun for example_sensor_decorator to None, run_after=None
[2024-08-04T20:43:28.421+0530] {processor.py:183} INFO - Processing /Users/deepanshu/Desktop/etc-spark-airflow/env/lib/python3.12/site-packages/airflow/example_dags/example_sensor_decorator.py took 0.098 seconds
[2024-08-04T20:45:23.406+0530] {processor.py:161} INFO - Started process (PID=61091) to work on /Users/deepanshu/Desktop/etc-spark-airflow/env/lib/python3.12/site-packages/airflow/example_dags/example_sensor_decorator.py
[2024-08-04T20:45:23.409+0530] {processor.py:830} INFO - Processing file /Users/deepanshu/Desktop/etc-spark-airflow/env/lib/python3.12/site-packages/airflow/example_dags/example_sensor_decorator.py for tasks to queue
[2024-08-04T20:45:23.409+0530] {logging_mixin.py:188} INFO - [2024-08-04T20:45:23.409+0530] {dagbag.py:545} INFO - Filling up the DagBag from /Users/deepanshu/Desktop/etc-spark-airflow/env/lib/python3.12/site-packages/airflow/example_dags/example_sensor_decorator.py
[2024-08-04T20:45:23.435+0530] {processor.py:840} INFO - DAG(s) 'example_sensor_decorator' retrieved from /Users/deepanshu/Desktop/etc-spark-airflow/env/lib/python3.12/site-packages/airflow/example_dags/example_sensor_decorator.py
[2024-08-04T20:45:23.554+0530] {logging_mixin.py:188} INFO - [2024-08-04T20:45:23.554+0530] {dag.py:3089} INFO - Sync 1 DAGs
[2024-08-04T20:45:23.559+0530] {logging_mixin.py:188} INFO - [2024-08-04T20:45:23.559+0530] {dag.py:3947} INFO - Setting next_dagrun for example_sensor_decorator to None, run_after=None
[2024-08-04T20:45:23.571+0530] {processor.py:183} INFO - Processing /Users/deepanshu/Desktop/etc-spark-airflow/env/lib/python3.12/site-packages/airflow/example_dags/example_sensor_decorator.py took 0.171 seconds
[2024-08-04T20:47:20.259+0530] {processor.py:161} INFO - Started process (PID=61923) to work on /Users/deepanshu/Desktop/etc-spark-airflow/env/lib/python3.12/site-packages/airflow/example_dags/example_sensor_decorator.py
[2024-08-04T20:47:20.260+0530] {processor.py:830} INFO - Processing file /Users/deepanshu/Desktop/etc-spark-airflow/env/lib/python3.12/site-packages/airflow/example_dags/example_sensor_decorator.py for tasks to queue
[2024-08-04T20:47:20.260+0530] {logging_mixin.py:188} INFO - [2024-08-04T20:47:20.260+0530] {dagbag.py:545} INFO - Filling up the DagBag from /Users/deepanshu/Desktop/etc-spark-airflow/env/lib/python3.12/site-packages/airflow/example_dags/example_sensor_decorator.py
[2024-08-04T20:47:20.284+0530] {processor.py:840} INFO - DAG(s) 'example_sensor_decorator' retrieved from /Users/deepanshu/Desktop/etc-spark-airflow/env/lib/python3.12/site-packages/airflow/example_dags/example_sensor_decorator.py
[2024-08-04T20:47:20.343+0530] {logging_mixin.py:188} INFO - [2024-08-04T20:47:20.343+0530] {dag.py:3089} INFO - Sync 1 DAGs
[2024-08-04T20:47:20.348+0530] {logging_mixin.py:188} INFO - [2024-08-04T20:47:20.348+0530] {dag.py:3947} INFO - Setting next_dagrun for example_sensor_decorator to None, run_after=None
[2024-08-04T20:47:20.359+0530] {processor.py:183} INFO - Processing /Users/deepanshu/Desktop/etc-spark-airflow/env/lib/python3.12/site-packages/airflow/example_dags/example_sensor_decorator.py took 0.102 seconds
[2024-08-04T20:49:49.737+0530] {processor.py:161} INFO - Started process (PID=62950) to work on /Users/deepanshu/Desktop/etc-spark-airflow/env/lib/python3.12/site-packages/airflow/example_dags/example_sensor_decorator.py
[2024-08-04T20:49:49.738+0530] {processor.py:830} INFO - Processing file /Users/deepanshu/Desktop/etc-spark-airflow/env/lib/python3.12/site-packages/airflow/example_dags/example_sensor_decorator.py for tasks to queue
[2024-08-04T20:49:49.738+0530] {logging_mixin.py:188} INFO - [2024-08-04T20:49:49.738+0530] {dagbag.py:545} INFO - Filling up the DagBag from /Users/deepanshu/Desktop/etc-spark-airflow/env/lib/python3.12/site-packages/airflow/example_dags/example_sensor_decorator.py
[2024-08-04T20:49:49.761+0530] {processor.py:840} INFO - DAG(s) 'example_sensor_decorator' retrieved from /Users/deepanshu/Desktop/etc-spark-airflow/env/lib/python3.12/site-packages/airflow/example_dags/example_sensor_decorator.py
[2024-08-04T20:49:49.817+0530] {logging_mixin.py:188} INFO - [2024-08-04T20:49:49.817+0530] {dag.py:3089} INFO - Sync 1 DAGs
[2024-08-04T20:49:49.822+0530] {logging_mixin.py:188} INFO - [2024-08-04T20:49:49.822+0530] {dag.py:3947} INFO - Setting next_dagrun for example_sensor_decorator to None, run_after=None
[2024-08-04T20:49:49.832+0530] {processor.py:183} INFO - Processing /Users/deepanshu/Desktop/etc-spark-airflow/env/lib/python3.12/site-packages/airflow/example_dags/example_sensor_decorator.py took 0.097 seconds
[2024-08-04T20:51:24.156+0530] {processor.py:161} INFO - Started process (PID=63636) to work on /Users/deepanshu/Desktop/etc-spark-airflow/env/lib/python3.12/site-packages/airflow/example_dags/example_sensor_decorator.py
[2024-08-04T20:51:24.157+0530] {processor.py:830} INFO - Processing file /Users/deepanshu/Desktop/etc-spark-airflow/env/lib/python3.12/site-packages/airflow/example_dags/example_sensor_decorator.py for tasks to queue
[2024-08-04T20:51:24.157+0530] {logging_mixin.py:188} INFO - [2024-08-04T20:51:24.157+0530] {dagbag.py:545} INFO - Filling up the DagBag from /Users/deepanshu/Desktop/etc-spark-airflow/env/lib/python3.12/site-packages/airflow/example_dags/example_sensor_decorator.py
[2024-08-04T20:51:24.191+0530] {processor.py:840} INFO - DAG(s) 'example_sensor_decorator' retrieved from /Users/deepanshu/Desktop/etc-spark-airflow/env/lib/python3.12/site-packages/airflow/example_dags/example_sensor_decorator.py
[2024-08-04T20:51:24.279+0530] {logging_mixin.py:188} INFO - [2024-08-04T20:51:24.279+0530] {dag.py:3089} INFO - Sync 1 DAGs
[2024-08-04T20:51:24.287+0530] {logging_mixin.py:188} INFO - [2024-08-04T20:51:24.286+0530] {dag.py:3947} INFO - Setting next_dagrun for example_sensor_decorator to None, run_after=None
[2024-08-04T20:51:24.301+0530] {processor.py:183} INFO - Processing /Users/deepanshu/Desktop/etc-spark-airflow/env/lib/python3.12/site-packages/airflow/example_dags/example_sensor_decorator.py took 0.147 seconds
[2024-08-04T20:53:17.363+0530] {processor.py:161} INFO - Started process (PID=64430) to work on /Users/deepanshu/Desktop/etc-spark-airflow/env/lib/python3.12/site-packages/airflow/example_dags/example_sensor_decorator.py
[2024-08-04T20:53:17.363+0530] {processor.py:830} INFO - Processing file /Users/deepanshu/Desktop/etc-spark-airflow/env/lib/python3.12/site-packages/airflow/example_dags/example_sensor_decorator.py for tasks to queue
[2024-08-04T20:53:17.364+0530] {logging_mixin.py:188} INFO - [2024-08-04T20:53:17.364+0530] {dagbag.py:545} INFO - Filling up the DagBag from /Users/deepanshu/Desktop/etc-spark-airflow/env/lib/python3.12/site-packages/airflow/example_dags/example_sensor_decorator.py
[2024-08-04T20:53:17.389+0530] {processor.py:840} INFO - DAG(s) 'example_sensor_decorator' retrieved from /Users/deepanshu/Desktop/etc-spark-airflow/env/lib/python3.12/site-packages/airflow/example_dags/example_sensor_decorator.py
[2024-08-04T20:53:17.449+0530] {logging_mixin.py:188} INFO - [2024-08-04T20:53:17.448+0530] {dag.py:3089} INFO - Sync 1 DAGs
[2024-08-04T20:53:17.454+0530] {logging_mixin.py:188} INFO - [2024-08-04T20:53:17.454+0530] {dag.py:3947} INFO - Setting next_dagrun for example_sensor_decorator to None, run_after=None
[2024-08-04T20:53:17.465+0530] {processor.py:183} INFO - Processing /Users/deepanshu/Desktop/etc-spark-airflow/env/lib/python3.12/site-packages/airflow/example_dags/example_sensor_decorator.py took 0.104 seconds
[2024-08-04T20:55:22.632+0530] {processor.py:161} INFO - Started process (PID=65388) to work on /Users/deepanshu/Desktop/etc-spark-airflow/env/lib/python3.12/site-packages/airflow/example_dags/example_sensor_decorator.py
[2024-08-04T20:55:22.633+0530] {processor.py:830} INFO - Processing file /Users/deepanshu/Desktop/etc-spark-airflow/env/lib/python3.12/site-packages/airflow/example_dags/example_sensor_decorator.py for tasks to queue
[2024-08-04T20:55:22.633+0530] {logging_mixin.py:188} INFO - [2024-08-04T20:55:22.633+0530] {dagbag.py:545} INFO - Filling up the DagBag from /Users/deepanshu/Desktop/etc-spark-airflow/env/lib/python3.12/site-packages/airflow/example_dags/example_sensor_decorator.py
[2024-08-04T20:55:22.657+0530] {processor.py:840} INFO - DAG(s) 'example_sensor_decorator' retrieved from /Users/deepanshu/Desktop/etc-spark-airflow/env/lib/python3.12/site-packages/airflow/example_dags/example_sensor_decorator.py
[2024-08-04T20:55:22.717+0530] {logging_mixin.py:188} INFO - [2024-08-04T20:55:22.717+0530] {dag.py:3089} INFO - Sync 1 DAGs
[2024-08-04T20:55:22.724+0530] {logging_mixin.py:188} INFO - [2024-08-04T20:55:22.724+0530] {dag.py:3947} INFO - Setting next_dagrun for example_sensor_decorator to None, run_after=None
[2024-08-04T20:55:22.735+0530] {processor.py:183} INFO - Processing /Users/deepanshu/Desktop/etc-spark-airflow/env/lib/python3.12/site-packages/airflow/example_dags/example_sensor_decorator.py took 0.105 seconds
[2024-08-04T20:57:49.350+0530] {processor.py:161} INFO - Started process (PID=66539) to work on /Users/deepanshu/Desktop/etc-spark-airflow/env/lib/python3.12/site-packages/airflow/example_dags/example_sensor_decorator.py
[2024-08-04T20:57:49.351+0530] {processor.py:830} INFO - Processing file /Users/deepanshu/Desktop/etc-spark-airflow/env/lib/python3.12/site-packages/airflow/example_dags/example_sensor_decorator.py for tasks to queue
[2024-08-04T20:57:49.351+0530] {logging_mixin.py:188} INFO - [2024-08-04T20:57:49.351+0530] {dagbag.py:545} INFO - Filling up the DagBag from /Users/deepanshu/Desktop/etc-spark-airflow/env/lib/python3.12/site-packages/airflow/example_dags/example_sensor_decorator.py
[2024-08-04T20:57:49.373+0530] {processor.py:840} INFO - DAG(s) 'example_sensor_decorator' retrieved from /Users/deepanshu/Desktop/etc-spark-airflow/env/lib/python3.12/site-packages/airflow/example_dags/example_sensor_decorator.py
[2024-08-04T20:57:49.431+0530] {logging_mixin.py:188} INFO - [2024-08-04T20:57:49.431+0530] {dag.py:3089} INFO - Sync 1 DAGs
[2024-08-04T20:57:49.436+0530] {logging_mixin.py:188} INFO - [2024-08-04T20:57:49.436+0530] {dag.py:3947} INFO - Setting next_dagrun for example_sensor_decorator to None, run_after=None
[2024-08-04T20:57:49.446+0530] {processor.py:183} INFO - Processing /Users/deepanshu/Desktop/etc-spark-airflow/env/lib/python3.12/site-packages/airflow/example_dags/example_sensor_decorator.py took 0.098 seconds
[2024-08-04T21:01:39.358+0530] {processor.py:161} INFO - Started process (PID=68577) to work on /Users/deepanshu/Desktop/etc-spark-airflow/env/lib/python3.12/site-packages/airflow/example_dags/example_sensor_decorator.py
[2024-08-04T21:01:39.359+0530] {processor.py:830} INFO - Processing file /Users/deepanshu/Desktop/etc-spark-airflow/env/lib/python3.12/site-packages/airflow/example_dags/example_sensor_decorator.py for tasks to queue
[2024-08-04T21:01:39.359+0530] {logging_mixin.py:188} INFO - [2024-08-04T21:01:39.359+0530] {dagbag.py:545} INFO - Filling up the DagBag from /Users/deepanshu/Desktop/etc-spark-airflow/env/lib/python3.12/site-packages/airflow/example_dags/example_sensor_decorator.py
[2024-08-04T21:01:39.383+0530] {processor.py:840} INFO - DAG(s) 'example_sensor_decorator' retrieved from /Users/deepanshu/Desktop/etc-spark-airflow/env/lib/python3.12/site-packages/airflow/example_dags/example_sensor_decorator.py
[2024-08-04T21:01:39.443+0530] {logging_mixin.py:188} INFO - [2024-08-04T21:01:39.443+0530] {dag.py:3089} INFO - Sync 1 DAGs
[2024-08-04T21:01:39.448+0530] {logging_mixin.py:188} INFO - [2024-08-04T21:01:39.448+0530] {dag.py:3947} INFO - Setting next_dagrun for example_sensor_decorator to None, run_after=None
[2024-08-04T21:01:39.459+0530] {processor.py:183} INFO - Processing /Users/deepanshu/Desktop/etc-spark-airflow/env/lib/python3.12/site-packages/airflow/example_dags/example_sensor_decorator.py took 0.103 seconds
[2024-08-04T21:03:44.349+0530] {processor.py:161} INFO - Started process (PID=69460) to work on /Users/deepanshu/Desktop/etc-spark-airflow/env/lib/python3.12/site-packages/airflow/example_dags/example_sensor_decorator.py
[2024-08-04T21:03:44.351+0530] {processor.py:830} INFO - Processing file /Users/deepanshu/Desktop/etc-spark-airflow/env/lib/python3.12/site-packages/airflow/example_dags/example_sensor_decorator.py for tasks to queue
[2024-08-04T21:03:44.351+0530] {logging_mixin.py:188} INFO - [2024-08-04T21:03:44.351+0530] {dagbag.py:545} INFO - Filling up the DagBag from /Users/deepanshu/Desktop/etc-spark-airflow/env/lib/python3.12/site-packages/airflow/example_dags/example_sensor_decorator.py
[2024-08-04T21:03:44.375+0530] {processor.py:840} INFO - DAG(s) 'example_sensor_decorator' retrieved from /Users/deepanshu/Desktop/etc-spark-airflow/env/lib/python3.12/site-packages/airflow/example_dags/example_sensor_decorator.py
[2024-08-04T21:03:44.431+0530] {logging_mixin.py:188} INFO - [2024-08-04T21:03:44.431+0530] {dag.py:3089} INFO - Sync 1 DAGs
[2024-08-04T21:03:44.436+0530] {logging_mixin.py:188} INFO - [2024-08-04T21:03:44.436+0530] {dag.py:3947} INFO - Setting next_dagrun for example_sensor_decorator to None, run_after=None
[2024-08-04T21:03:44.447+0530] {processor.py:183} INFO - Processing /Users/deepanshu/Desktop/etc-spark-airflow/env/lib/python3.12/site-packages/airflow/example_dags/example_sensor_decorator.py took 0.099 seconds
[2024-08-04T21:06:17.425+0530] {processor.py:161} INFO - Started process (PID=70516) to work on /Users/deepanshu/Desktop/etc-spark-airflow/env/lib/python3.12/site-packages/airflow/example_dags/example_sensor_decorator.py
[2024-08-04T21:06:17.427+0530] {processor.py:830} INFO - Processing file /Users/deepanshu/Desktop/etc-spark-airflow/env/lib/python3.12/site-packages/airflow/example_dags/example_sensor_decorator.py for tasks to queue
[2024-08-04T21:06:17.427+0530] {logging_mixin.py:188} INFO - [2024-08-04T21:06:17.427+0530] {dagbag.py:545} INFO - Filling up the DagBag from /Users/deepanshu/Desktop/etc-spark-airflow/env/lib/python3.12/site-packages/airflow/example_dags/example_sensor_decorator.py
[2024-08-04T21:06:17.449+0530] {processor.py:840} INFO - DAG(s) 'example_sensor_decorator' retrieved from /Users/deepanshu/Desktop/etc-spark-airflow/env/lib/python3.12/site-packages/airflow/example_dags/example_sensor_decorator.py
[2024-08-04T21:06:17.506+0530] {logging_mixin.py:188} INFO - [2024-08-04T21:06:17.506+0530] {dag.py:3089} INFO - Sync 1 DAGs
[2024-08-04T21:06:17.511+0530] {logging_mixin.py:188} INFO - [2024-08-04T21:06:17.511+0530] {dag.py:3947} INFO - Setting next_dagrun for example_sensor_decorator to None, run_after=None
[2024-08-04T21:06:17.522+0530] {processor.py:183} INFO - Processing /Users/deepanshu/Desktop/etc-spark-airflow/env/lib/python3.12/site-packages/airflow/example_dags/example_sensor_decorator.py took 0.098 seconds
