[2024-08-04T20:33:01.301+0530] {processor.py:161} INFO - Started process (PID=55598) to work on /Users/deepanshu/Desktop/etc-spark-airflow/env/lib/python3.12/site-packages/airflow/example_dags/example_xcomargs.py
[2024-08-04T20:33:01.301+0530] {processor.py:830} INFO - Processing file /Users/deepanshu/Desktop/etc-spark-airflow/env/lib/python3.12/site-packages/airflow/example_dags/example_xcomargs.py for tasks to queue
[2024-08-04T20:33:01.302+0530] {logging_mixin.py:188} INFO - [2024-08-04T20:33:01.301+0530] {dagbag.py:545} INFO - Filling up the DagBag from /Users/deepanshu/Desktop/etc-spark-airflow/env/lib/python3.12/site-packages/airflow/example_dags/example_xcomargs.py
[2024-08-04T20:33:01.326+0530] {processor.py:840} INFO - DAG(s) 'example_xcom_args', 'example_xcom_args_with_operators' retrieved from /Users/deepanshu/Desktop/etc-spark-airflow/env/lib/python3.12/site-packages/airflow/example_dags/example_xcomargs.py
[2024-08-04T20:33:01.429+0530] {logging_mixin.py:188} INFO - [2024-08-04T20:33:01.429+0530] {override.py:1858} INFO - Created Permission View: can edit on DAG:example_xcom_args
[2024-08-04T20:33:01.434+0530] {logging_mixin.py:188} INFO - [2024-08-04T20:33:01.434+0530] {override.py:1858} INFO - Created Permission View: can delete on DAG:example_xcom_args
[2024-08-04T20:33:01.437+0530] {logging_mixin.py:188} INFO - [2024-08-04T20:33:01.437+0530] {override.py:1858} INFO - Created Permission View: can read on DAG:example_xcom_args
[2024-08-04T20:33:01.444+0530] {logging_mixin.py:188} INFO - [2024-08-04T20:33:01.444+0530] {override.py:1858} INFO - Created Permission View: can edit on DAG:example_xcom_args_with_operators
[2024-08-04T20:33:01.447+0530] {logging_mixin.py:188} INFO - [2024-08-04T20:33:01.447+0530] {override.py:1858} INFO - Created Permission View: can delete on DAG:example_xcom_args_with_operators
[2024-08-04T20:33:01.450+0530] {logging_mixin.py:188} INFO - [2024-08-04T20:33:01.450+0530] {override.py:1858} INFO - Created Permission View: can read on DAG:example_xcom_args_with_operators
[2024-08-04T20:33:01.450+0530] {logging_mixin.py:188} INFO - [2024-08-04T20:33:01.450+0530] {dag.py:3089} INFO - Sync 2 DAGs
[2024-08-04T20:33:01.457+0530] {logging_mixin.py:188} INFO - [2024-08-04T20:33:01.456+0530] {dag.py:3111} INFO - Creating ORM DAG for example_xcom_args
[2024-08-04T20:33:01.457+0530] {logging_mixin.py:188} INFO - [2024-08-04T20:33:01.457+0530] {dag.py:3111} INFO - Creating ORM DAG for example_xcom_args_with_operators
[2024-08-04T20:33:01.457+0530] {logging_mixin.py:188} INFO - [2024-08-04T20:33:01.457+0530] {dag.py:3947} INFO - Setting next_dagrun for example_xcom_args to None, run_after=None
[2024-08-04T20:33:01.457+0530] {logging_mixin.py:188} INFO - [2024-08-04T20:33:01.457+0530] {dag.py:3947} INFO - Setting next_dagrun for example_xcom_args_with_operators to None, run_after=None
[2024-08-04T20:33:01.468+0530] {processor.py:183} INFO - Processing /Users/deepanshu/Desktop/etc-spark-airflow/env/lib/python3.12/site-packages/airflow/example_dags/example_xcomargs.py took 0.169 seconds
[2024-08-04T20:34:02.877+0530] {processor.py:161} INFO - Started process (PID=56058) to work on /Users/deepanshu/Desktop/etc-spark-airflow/env/lib/python3.12/site-packages/airflow/example_dags/example_xcomargs.py
[2024-08-04T20:34:02.878+0530] {processor.py:830} INFO - Processing file /Users/deepanshu/Desktop/etc-spark-airflow/env/lib/python3.12/site-packages/airflow/example_dags/example_xcomargs.py for tasks to queue
[2024-08-04T20:34:02.878+0530] {logging_mixin.py:188} INFO - [2024-08-04T20:34:02.878+0530] {dagbag.py:545} INFO - Filling up the DagBag from /Users/deepanshu/Desktop/etc-spark-airflow/env/lib/python3.12/site-packages/airflow/example_dags/example_xcomargs.py
[2024-08-04T20:34:02.903+0530] {processor.py:840} INFO - DAG(s) 'example_xcom_args_with_operators', 'example_xcom_args' retrieved from /Users/deepanshu/Desktop/etc-spark-airflow/env/lib/python3.12/site-packages/airflow/example_dags/example_xcomargs.py
[2024-08-04T20:34:02.956+0530] {logging_mixin.py:188} INFO - [2024-08-04T20:34:02.956+0530] {dag.py:3089} INFO - Sync 2 DAGs
[2024-08-04T20:34:02.962+0530] {logging_mixin.py:188} INFO - [2024-08-04T20:34:02.961+0530] {dag.py:3947} INFO - Setting next_dagrun for example_xcom_args to None, run_after=None
[2024-08-04T20:34:02.963+0530] {logging_mixin.py:188} INFO - [2024-08-04T20:34:02.963+0530] {dag.py:3947} INFO - Setting next_dagrun for example_xcom_args_with_operators to None, run_after=None
[2024-08-04T20:34:02.973+0530] {processor.py:183} INFO - Processing /Users/deepanshu/Desktop/etc-spark-airflow/env/lib/python3.12/site-packages/airflow/example_dags/example_xcomargs.py took 0.098 seconds
[2024-08-04T20:36:05.776+0530] {processor.py:161} INFO - Started process (PID=56931) to work on /Users/deepanshu/Desktop/etc-spark-airflow/env/lib/python3.12/site-packages/airflow/example_dags/example_xcomargs.py
[2024-08-04T20:36:05.776+0530] {processor.py:830} INFO - Processing file /Users/deepanshu/Desktop/etc-spark-airflow/env/lib/python3.12/site-packages/airflow/example_dags/example_xcomargs.py for tasks to queue
[2024-08-04T20:36:05.777+0530] {logging_mixin.py:188} INFO - [2024-08-04T20:36:05.777+0530] {dagbag.py:545} INFO - Filling up the DagBag from /Users/deepanshu/Desktop/etc-spark-airflow/env/lib/python3.12/site-packages/airflow/example_dags/example_xcomargs.py
[2024-08-04T20:36:05.801+0530] {processor.py:840} INFO - DAG(s) 'example_xcom_args_with_operators', 'example_xcom_args' retrieved from /Users/deepanshu/Desktop/etc-spark-airflow/env/lib/python3.12/site-packages/airflow/example_dags/example_xcomargs.py
[2024-08-04T20:36:05.854+0530] {logging_mixin.py:188} INFO - [2024-08-04T20:36:05.854+0530] {dag.py:3089} INFO - Sync 2 DAGs
[2024-08-04T20:36:05.859+0530] {logging_mixin.py:188} INFO - [2024-08-04T20:36:05.859+0530] {dag.py:3947} INFO - Setting next_dagrun for example_xcom_args to None, run_after=None
[2024-08-04T20:36:05.861+0530] {logging_mixin.py:188} INFO - [2024-08-04T20:36:05.860+0530] {dag.py:3947} INFO - Setting next_dagrun for example_xcom_args_with_operators to None, run_after=None
[2024-08-04T20:36:05.870+0530] {processor.py:183} INFO - Processing /Users/deepanshu/Desktop/etc-spark-airflow/env/lib/python3.12/site-packages/airflow/example_dags/example_xcomargs.py took 0.096 seconds
[2024-08-04T20:37:35.910+0530] {processor.py:161} INFO - Started process (PID=57609) to work on /Users/deepanshu/Desktop/etc-spark-airflow/env/lib/python3.12/site-packages/airflow/example_dags/example_xcomargs.py
[2024-08-04T20:37:35.912+0530] {processor.py:830} INFO - Processing file /Users/deepanshu/Desktop/etc-spark-airflow/env/lib/python3.12/site-packages/airflow/example_dags/example_xcomargs.py for tasks to queue
[2024-08-04T20:37:35.913+0530] {logging_mixin.py:188} INFO - [2024-08-04T20:37:35.913+0530] {dagbag.py:545} INFO - Filling up the DagBag from /Users/deepanshu/Desktop/etc-spark-airflow/env/lib/python3.12/site-packages/airflow/example_dags/example_xcomargs.py
[2024-08-04T20:37:35.939+0530] {processor.py:840} INFO - DAG(s) 'example_xcom_args', 'example_xcom_args_with_operators' retrieved from /Users/deepanshu/Desktop/etc-spark-airflow/env/lib/python3.12/site-packages/airflow/example_dags/example_xcomargs.py
[2024-08-04T20:37:35.994+0530] {logging_mixin.py:188} INFO - [2024-08-04T20:37:35.994+0530] {dag.py:3089} INFO - Sync 2 DAGs
[2024-08-04T20:37:36.000+0530] {logging_mixin.py:188} INFO - [2024-08-04T20:37:36.000+0530] {dag.py:3947} INFO - Setting next_dagrun for example_xcom_args to None, run_after=None
[2024-08-04T20:37:36.001+0530] {logging_mixin.py:188} INFO - [2024-08-04T20:37:36.001+0530] {dag.py:3947} INFO - Setting next_dagrun for example_xcom_args_with_operators to None, run_after=None
[2024-08-04T20:37:36.011+0530] {processor.py:183} INFO - Processing /Users/deepanshu/Desktop/etc-spark-airflow/env/lib/python3.12/site-packages/airflow/example_dags/example_xcomargs.py took 0.102 seconds
[2024-08-04T20:39:34.878+0530] {processor.py:161} INFO - Started process (PID=58530) to work on /Users/deepanshu/Desktop/etc-spark-airflow/env/lib/python3.12/site-packages/airflow/example_dags/example_xcomargs.py
[2024-08-04T20:39:34.879+0530] {processor.py:830} INFO - Processing file /Users/deepanshu/Desktop/etc-spark-airflow/env/lib/python3.12/site-packages/airflow/example_dags/example_xcomargs.py for tasks to queue
[2024-08-04T20:39:34.880+0530] {logging_mixin.py:188} INFO - [2024-08-04T20:39:34.880+0530] {dagbag.py:545} INFO - Filling up the DagBag from /Users/deepanshu/Desktop/etc-spark-airflow/env/lib/python3.12/site-packages/airflow/example_dags/example_xcomargs.py
[2024-08-04T20:39:34.903+0530] {processor.py:840} INFO - DAG(s) 'example_xcom_args_with_operators', 'example_xcom_args' retrieved from /Users/deepanshu/Desktop/etc-spark-airflow/env/lib/python3.12/site-packages/airflow/example_dags/example_xcomargs.py
[2024-08-04T20:39:34.958+0530] {logging_mixin.py:188} INFO - [2024-08-04T20:39:34.957+0530] {dag.py:3089} INFO - Sync 2 DAGs
[2024-08-04T20:39:34.963+0530] {logging_mixin.py:188} INFO - [2024-08-04T20:39:34.963+0530] {dag.py:3947} INFO - Setting next_dagrun for example_xcom_args to None, run_after=None
[2024-08-04T20:39:34.965+0530] {logging_mixin.py:188} INFO - [2024-08-04T20:39:34.964+0530] {dag.py:3947} INFO - Setting next_dagrun for example_xcom_args_with_operators to None, run_after=None
[2024-08-04T20:39:34.974+0530] {processor.py:183} INFO - Processing /Users/deepanshu/Desktop/etc-spark-airflow/env/lib/python3.12/site-packages/airflow/example_dags/example_xcomargs.py took 0.098 seconds
[2024-08-04T20:41:06.850+0530] {processor.py:161} INFO - Started process (PID=59242) to work on /Users/deepanshu/Desktop/etc-spark-airflow/env/lib/python3.12/site-packages/airflow/example_dags/example_xcomargs.py
[2024-08-04T20:41:06.851+0530] {processor.py:830} INFO - Processing file /Users/deepanshu/Desktop/etc-spark-airflow/env/lib/python3.12/site-packages/airflow/example_dags/example_xcomargs.py for tasks to queue
[2024-08-04T20:41:06.851+0530] {logging_mixin.py:188} INFO - [2024-08-04T20:41:06.851+0530] {dagbag.py:545} INFO - Filling up the DagBag from /Users/deepanshu/Desktop/etc-spark-airflow/env/lib/python3.12/site-packages/airflow/example_dags/example_xcomargs.py
[2024-08-04T20:41:06.876+0530] {processor.py:840} INFO - DAG(s) 'example_xcom_args', 'example_xcom_args_with_operators' retrieved from /Users/deepanshu/Desktop/etc-spark-airflow/env/lib/python3.12/site-packages/airflow/example_dags/example_xcomargs.py
[2024-08-04T20:41:06.937+0530] {logging_mixin.py:188} INFO - [2024-08-04T20:41:06.937+0530] {dag.py:3089} INFO - Sync 2 DAGs
[2024-08-04T20:41:06.942+0530] {logging_mixin.py:188} INFO - [2024-08-04T20:41:06.942+0530] {dag.py:3947} INFO - Setting next_dagrun for example_xcom_args to None, run_after=None
[2024-08-04T20:41:06.944+0530] {logging_mixin.py:188} INFO - [2024-08-04T20:41:06.943+0530] {dag.py:3947} INFO - Setting next_dagrun for example_xcom_args_with_operators to None, run_after=None
[2024-08-04T20:41:06.954+0530] {processor.py:183} INFO - Processing /Users/deepanshu/Desktop/etc-spark-airflow/env/lib/python3.12/site-packages/airflow/example_dags/example_xcomargs.py took 0.106 seconds
[2024-08-04T20:42:58.459+0530] {processor.py:161} INFO - Started process (PID=60065) to work on /Users/deepanshu/Desktop/etc-spark-airflow/env/lib/python3.12/site-packages/airflow/example_dags/example_xcomargs.py
[2024-08-04T20:42:58.460+0530] {processor.py:830} INFO - Processing file /Users/deepanshu/Desktop/etc-spark-airflow/env/lib/python3.12/site-packages/airflow/example_dags/example_xcomargs.py for tasks to queue
[2024-08-04T20:42:58.460+0530] {logging_mixin.py:188} INFO - [2024-08-04T20:42:58.460+0530] {dagbag.py:545} INFO - Filling up the DagBag from /Users/deepanshu/Desktop/etc-spark-airflow/env/lib/python3.12/site-packages/airflow/example_dags/example_xcomargs.py
[2024-08-04T20:42:58.485+0530] {processor.py:840} INFO - DAG(s) 'example_xcom_args_with_operators', 'example_xcom_args' retrieved from /Users/deepanshu/Desktop/etc-spark-airflow/env/lib/python3.12/site-packages/airflow/example_dags/example_xcomargs.py
[2024-08-04T20:42:58.539+0530] {logging_mixin.py:188} INFO - [2024-08-04T20:42:58.539+0530] {dag.py:3089} INFO - Sync 2 DAGs
[2024-08-04T20:42:58.545+0530] {logging_mixin.py:188} INFO - [2024-08-04T20:42:58.545+0530] {dag.py:3947} INFO - Setting next_dagrun for example_xcom_args to None, run_after=None
[2024-08-04T20:42:58.547+0530] {logging_mixin.py:188} INFO - [2024-08-04T20:42:58.547+0530] {dag.py:3947} INFO - Setting next_dagrun for example_xcom_args_with_operators to None, run_after=None
[2024-08-04T20:42:58.556+0530] {processor.py:183} INFO - Processing /Users/deepanshu/Desktop/etc-spark-airflow/env/lib/python3.12/site-packages/airflow/example_dags/example_xcomargs.py took 0.099 seconds
[2024-08-04T20:44:18.551+0530] {processor.py:161} INFO - Started process (PID=60640) to work on /Users/deepanshu/Desktop/etc-spark-airflow/env/lib/python3.12/site-packages/airflow/example_dags/example_xcomargs.py
[2024-08-04T20:44:18.552+0530] {processor.py:830} INFO - Processing file /Users/deepanshu/Desktop/etc-spark-airflow/env/lib/python3.12/site-packages/airflow/example_dags/example_xcomargs.py for tasks to queue
[2024-08-04T20:44:18.553+0530] {logging_mixin.py:188} INFO - [2024-08-04T20:44:18.552+0530] {dagbag.py:545} INFO - Filling up the DagBag from /Users/deepanshu/Desktop/etc-spark-airflow/env/lib/python3.12/site-packages/airflow/example_dags/example_xcomargs.py
[2024-08-04T20:44:18.575+0530] {processor.py:840} INFO - DAG(s) 'example_xcom_args', 'example_xcom_args_with_operators' retrieved from /Users/deepanshu/Desktop/etc-spark-airflow/env/lib/python3.12/site-packages/airflow/example_dags/example_xcomargs.py
[2024-08-04T20:44:18.628+0530] {logging_mixin.py:188} INFO - [2024-08-04T20:44:18.628+0530] {dag.py:3089} INFO - Sync 2 DAGs
[2024-08-04T20:44:18.633+0530] {logging_mixin.py:188} INFO - [2024-08-04T20:44:18.633+0530] {dag.py:3947} INFO - Setting next_dagrun for example_xcom_args to None, run_after=None
[2024-08-04T20:44:18.635+0530] {logging_mixin.py:188} INFO - [2024-08-04T20:44:18.635+0530] {dag.py:3947} INFO - Setting next_dagrun for example_xcom_args_with_operators to None, run_after=None
[2024-08-04T20:44:18.644+0530] {processor.py:183} INFO - Processing /Users/deepanshu/Desktop/etc-spark-airflow/env/lib/python3.12/site-packages/airflow/example_dags/example_xcomargs.py took 0.094 seconds
[2024-08-04T20:44:52.836+0530] {processor.py:161} INFO - Started process (PID=60905) to work on /Users/deepanshu/Desktop/etc-spark-airflow/env/lib/python3.12/site-packages/airflow/example_dags/example_xcomargs.py
[2024-08-04T20:44:52.837+0530] {processor.py:830} INFO - Processing file /Users/deepanshu/Desktop/etc-spark-airflow/env/lib/python3.12/site-packages/airflow/example_dags/example_xcomargs.py for tasks to queue
[2024-08-04T20:44:52.837+0530] {logging_mixin.py:188} INFO - [2024-08-04T20:44:52.837+0530] {dagbag.py:545} INFO - Filling up the DagBag from /Users/deepanshu/Desktop/etc-spark-airflow/env/lib/python3.12/site-packages/airflow/example_dags/example_xcomargs.py
[2024-08-04T20:44:52.860+0530] {processor.py:840} INFO - DAG(s) 'example_xcom_args', 'example_xcom_args_with_operators' retrieved from /Users/deepanshu/Desktop/etc-spark-airflow/env/lib/python3.12/site-packages/airflow/example_dags/example_xcomargs.py
[2024-08-04T20:44:52.915+0530] {logging_mixin.py:188} INFO - [2024-08-04T20:44:52.915+0530] {dag.py:3089} INFO - Sync 2 DAGs
[2024-08-04T20:44:52.920+0530] {logging_mixin.py:188} INFO - [2024-08-04T20:44:52.920+0530] {dag.py:3947} INFO - Setting next_dagrun for example_xcom_args to None, run_after=None
[2024-08-04T20:44:52.922+0530] {logging_mixin.py:188} INFO - [2024-08-04T20:44:52.922+0530] {dag.py:3947} INFO - Setting next_dagrun for example_xcom_args_with_operators to None, run_after=None
[2024-08-04T20:44:52.931+0530] {processor.py:183} INFO - Processing /Users/deepanshu/Desktop/etc-spark-airflow/env/lib/python3.12/site-packages/airflow/example_dags/example_xcomargs.py took 0.097 seconds
[2024-08-04T20:46:50.281+0530] {processor.py:161} INFO - Started process (PID=61726) to work on /Users/deepanshu/Desktop/etc-spark-airflow/env/lib/python3.12/site-packages/airflow/example_dags/example_xcomargs.py
[2024-08-04T20:46:50.282+0530] {processor.py:830} INFO - Processing file /Users/deepanshu/Desktop/etc-spark-airflow/env/lib/python3.12/site-packages/airflow/example_dags/example_xcomargs.py for tasks to queue
[2024-08-04T20:46:50.283+0530] {logging_mixin.py:188} INFO - [2024-08-04T20:46:50.283+0530] {dagbag.py:545} INFO - Filling up the DagBag from /Users/deepanshu/Desktop/etc-spark-airflow/env/lib/python3.12/site-packages/airflow/example_dags/example_xcomargs.py
[2024-08-04T20:46:50.307+0530] {processor.py:840} INFO - DAG(s) 'example_xcom_args', 'example_xcom_args_with_operators' retrieved from /Users/deepanshu/Desktop/etc-spark-airflow/env/lib/python3.12/site-packages/airflow/example_dags/example_xcomargs.py
[2024-08-04T20:46:50.360+0530] {logging_mixin.py:188} INFO - [2024-08-04T20:46:50.360+0530] {dag.py:3089} INFO - Sync 2 DAGs
[2024-08-04T20:46:50.365+0530] {logging_mixin.py:188} INFO - [2024-08-04T20:46:50.365+0530] {dag.py:3947} INFO - Setting next_dagrun for example_xcom_args to None, run_after=None
[2024-08-04T20:46:50.367+0530] {logging_mixin.py:188} INFO - [2024-08-04T20:46:50.367+0530] {dag.py:3947} INFO - Setting next_dagrun for example_xcom_args_with_operators to None, run_after=None
[2024-08-04T20:46:50.377+0530] {processor.py:183} INFO - Processing /Users/deepanshu/Desktop/etc-spark-airflow/env/lib/python3.12/site-packages/airflow/example_dags/example_xcomargs.py took 0.097 seconds
[2024-08-04T20:48:05.735+0530] {processor.py:161} INFO - Started process (PID=62229) to work on /Users/deepanshu/Desktop/etc-spark-airflow/env/lib/python3.12/site-packages/airflow/example_dags/example_xcomargs.py
[2024-08-04T20:48:05.736+0530] {processor.py:830} INFO - Processing file /Users/deepanshu/Desktop/etc-spark-airflow/env/lib/python3.12/site-packages/airflow/example_dags/example_xcomargs.py for tasks to queue
[2024-08-04T20:48:05.737+0530] {logging_mixin.py:188} INFO - [2024-08-04T20:48:05.737+0530] {dagbag.py:545} INFO - Filling up the DagBag from /Users/deepanshu/Desktop/etc-spark-airflow/env/lib/python3.12/site-packages/airflow/example_dags/example_xcomargs.py
[2024-08-04T20:48:05.760+0530] {processor.py:840} INFO - DAG(s) 'example_xcom_args_with_operators', 'example_xcom_args' retrieved from /Users/deepanshu/Desktop/etc-spark-airflow/env/lib/python3.12/site-packages/airflow/example_dags/example_xcomargs.py
[2024-08-04T20:48:05.814+0530] {logging_mixin.py:188} INFO - [2024-08-04T20:48:05.813+0530] {dag.py:3089} INFO - Sync 2 DAGs
[2024-08-04T20:48:05.819+0530] {logging_mixin.py:188} INFO - [2024-08-04T20:48:05.819+0530] {dag.py:3947} INFO - Setting next_dagrun for example_xcom_args to None, run_after=None
[2024-08-04T20:48:05.820+0530] {logging_mixin.py:188} INFO - [2024-08-04T20:48:05.820+0530] {dag.py:3947} INFO - Setting next_dagrun for example_xcom_args_with_operators to None, run_after=None
[2024-08-04T20:48:05.830+0530] {processor.py:183} INFO - Processing /Users/deepanshu/Desktop/etc-spark-airflow/env/lib/python3.12/site-packages/airflow/example_dags/example_xcomargs.py took 0.096 seconds
[2024-08-04T20:49:19.837+0530] {processor.py:161} INFO - Started process (PID=62752) to work on /Users/deepanshu/Desktop/etc-spark-airflow/env/lib/python3.12/site-packages/airflow/example_dags/example_xcomargs.py
[2024-08-04T20:49:19.838+0530] {processor.py:830} INFO - Processing file /Users/deepanshu/Desktop/etc-spark-airflow/env/lib/python3.12/site-packages/airflow/example_dags/example_xcomargs.py for tasks to queue
[2024-08-04T20:49:19.838+0530] {logging_mixin.py:188} INFO - [2024-08-04T20:49:19.838+0530] {dagbag.py:545} INFO - Filling up the DagBag from /Users/deepanshu/Desktop/etc-spark-airflow/env/lib/python3.12/site-packages/airflow/example_dags/example_xcomargs.py
[2024-08-04T20:49:19.861+0530] {processor.py:840} INFO - DAG(s) 'example_xcom_args', 'example_xcom_args_with_operators' retrieved from /Users/deepanshu/Desktop/etc-spark-airflow/env/lib/python3.12/site-packages/airflow/example_dags/example_xcomargs.py
[2024-08-04T20:49:19.914+0530] {logging_mixin.py:188} INFO - [2024-08-04T20:49:19.914+0530] {dag.py:3089} INFO - Sync 2 DAGs
[2024-08-04T20:49:19.919+0530] {logging_mixin.py:188} INFO - [2024-08-04T20:49:19.919+0530] {dag.py:3947} INFO - Setting next_dagrun for example_xcom_args to None, run_after=None
[2024-08-04T20:49:19.921+0530] {logging_mixin.py:188} INFO - [2024-08-04T20:49:19.921+0530] {dag.py:3947} INFO - Setting next_dagrun for example_xcom_args_with_operators to None, run_after=None
[2024-08-04T20:49:19.930+0530] {processor.py:183} INFO - Processing /Users/deepanshu/Desktop/etc-spark-airflow/env/lib/python3.12/site-packages/airflow/example_dags/example_xcomargs.py took 0.095 seconds
[2024-08-04T20:50:54.405+0530] {processor.py:161} INFO - Started process (PID=63442) to work on /Users/deepanshu/Desktop/etc-spark-airflow/env/lib/python3.12/site-packages/airflow/example_dags/example_xcomargs.py
[2024-08-04T20:50:54.406+0530] {processor.py:830} INFO - Processing file /Users/deepanshu/Desktop/etc-spark-airflow/env/lib/python3.12/site-packages/airflow/example_dags/example_xcomargs.py for tasks to queue
[2024-08-04T20:50:54.407+0530] {logging_mixin.py:188} INFO - [2024-08-04T20:50:54.407+0530] {dagbag.py:545} INFO - Filling up the DagBag from /Users/deepanshu/Desktop/etc-spark-airflow/env/lib/python3.12/site-packages/airflow/example_dags/example_xcomargs.py
[2024-08-04T20:50:54.430+0530] {processor.py:840} INFO - DAG(s) 'example_xcom_args_with_operators', 'example_xcom_args' retrieved from /Users/deepanshu/Desktop/etc-spark-airflow/env/lib/python3.12/site-packages/airflow/example_dags/example_xcomargs.py
[2024-08-04T20:50:54.483+0530] {logging_mixin.py:188} INFO - [2024-08-04T20:50:54.483+0530] {dag.py:3089} INFO - Sync 2 DAGs
[2024-08-04T20:50:54.488+0530] {logging_mixin.py:188} INFO - [2024-08-04T20:50:54.488+0530] {dag.py:3947} INFO - Setting next_dagrun for example_xcom_args to None, run_after=None
[2024-08-04T20:50:54.489+0530] {logging_mixin.py:188} INFO - [2024-08-04T20:50:54.489+0530] {dag.py:3947} INFO - Setting next_dagrun for example_xcom_args_with_operators to None, run_after=None
[2024-08-04T20:50:54.499+0530] {processor.py:183} INFO - Processing /Users/deepanshu/Desktop/etc-spark-airflow/env/lib/python3.12/site-packages/airflow/example_dags/example_xcomargs.py took 0.096 seconds
[2024-08-04T20:52:47.161+0530] {processor.py:161} INFO - Started process (PID=64228) to work on /Users/deepanshu/Desktop/etc-spark-airflow/env/lib/python3.12/site-packages/airflow/example_dags/example_xcomargs.py
[2024-08-04T20:52:47.163+0530] {processor.py:830} INFO - Processing file /Users/deepanshu/Desktop/etc-spark-airflow/env/lib/python3.12/site-packages/airflow/example_dags/example_xcomargs.py for tasks to queue
[2024-08-04T20:52:47.163+0530] {logging_mixin.py:188} INFO - [2024-08-04T20:52:47.163+0530] {dagbag.py:545} INFO - Filling up the DagBag from /Users/deepanshu/Desktop/etc-spark-airflow/env/lib/python3.12/site-packages/airflow/example_dags/example_xcomargs.py
[2024-08-04T20:52:47.186+0530] {processor.py:840} INFO - DAG(s) 'example_xcom_args_with_operators', 'example_xcom_args' retrieved from /Users/deepanshu/Desktop/etc-spark-airflow/env/lib/python3.12/site-packages/airflow/example_dags/example_xcomargs.py
[2024-08-04T20:52:47.240+0530] {logging_mixin.py:188} INFO - [2024-08-04T20:52:47.240+0530] {dag.py:3089} INFO - Sync 2 DAGs
[2024-08-04T20:52:47.245+0530] {logging_mixin.py:188} INFO - [2024-08-04T20:52:47.245+0530] {dag.py:3947} INFO - Setting next_dagrun for example_xcom_args to None, run_after=None
[2024-08-04T20:52:47.246+0530] {logging_mixin.py:188} INFO - [2024-08-04T20:52:47.246+0530] {dag.py:3947} INFO - Setting next_dagrun for example_xcom_args_with_operators to None, run_after=None
[2024-08-04T20:52:47.256+0530] {processor.py:183} INFO - Processing /Users/deepanshu/Desktop/etc-spark-airflow/env/lib/python3.12/site-packages/airflow/example_dags/example_xcomargs.py took 0.096 seconds
[2024-08-04T20:54:03.827+0530] {processor.py:161} INFO - Started process (PID=64784) to work on /Users/deepanshu/Desktop/etc-spark-airflow/env/lib/python3.12/site-packages/airflow/example_dags/example_xcomargs.py
[2024-08-04T20:54:03.828+0530] {processor.py:830} INFO - Processing file /Users/deepanshu/Desktop/etc-spark-airflow/env/lib/python3.12/site-packages/airflow/example_dags/example_xcomargs.py for tasks to queue
[2024-08-04T20:54:03.828+0530] {logging_mixin.py:188} INFO - [2024-08-04T20:54:03.828+0530] {dagbag.py:545} INFO - Filling up the DagBag from /Users/deepanshu/Desktop/etc-spark-airflow/env/lib/python3.12/site-packages/airflow/example_dags/example_xcomargs.py
[2024-08-04T20:54:03.852+0530] {processor.py:840} INFO - DAG(s) 'example_xcom_args', 'example_xcom_args_with_operators' retrieved from /Users/deepanshu/Desktop/etc-spark-airflow/env/lib/python3.12/site-packages/airflow/example_dags/example_xcomargs.py
[2024-08-04T20:54:03.906+0530] {logging_mixin.py:188} INFO - [2024-08-04T20:54:03.905+0530] {dag.py:3089} INFO - Sync 2 DAGs
[2024-08-04T20:54:03.911+0530] {logging_mixin.py:188} INFO - [2024-08-04T20:54:03.911+0530] {dag.py:3947} INFO - Setting next_dagrun for example_xcom_args to None, run_after=None
[2024-08-04T20:54:03.912+0530] {logging_mixin.py:188} INFO - [2024-08-04T20:54:03.912+0530] {dag.py:3947} INFO - Setting next_dagrun for example_xcom_args_with_operators to None, run_after=None
[2024-08-04T20:54:03.922+0530] {processor.py:183} INFO - Processing /Users/deepanshu/Desktop/etc-spark-airflow/env/lib/python3.12/site-packages/airflow/example_dags/example_xcomargs.py took 0.097 seconds
[2024-08-04T20:54:52.543+0530] {processor.py:161} INFO - Started process (PID=65196) to work on /Users/deepanshu/Desktop/etc-spark-airflow/env/lib/python3.12/site-packages/airflow/example_dags/example_xcomargs.py
[2024-08-04T20:54:52.545+0530] {processor.py:830} INFO - Processing file /Users/deepanshu/Desktop/etc-spark-airflow/env/lib/python3.12/site-packages/airflow/example_dags/example_xcomargs.py for tasks to queue
[2024-08-04T20:54:52.545+0530] {logging_mixin.py:188} INFO - [2024-08-04T20:54:52.545+0530] {dagbag.py:545} INFO - Filling up the DagBag from /Users/deepanshu/Desktop/etc-spark-airflow/env/lib/python3.12/site-packages/airflow/example_dags/example_xcomargs.py
[2024-08-04T20:54:52.568+0530] {processor.py:840} INFO - DAG(s) 'example_xcom_args', 'example_xcom_args_with_operators' retrieved from /Users/deepanshu/Desktop/etc-spark-airflow/env/lib/python3.12/site-packages/airflow/example_dags/example_xcomargs.py
[2024-08-04T20:54:52.621+0530] {logging_mixin.py:188} INFO - [2024-08-04T20:54:52.621+0530] {dag.py:3089} INFO - Sync 2 DAGs
[2024-08-04T20:54:52.626+0530] {logging_mixin.py:188} INFO - [2024-08-04T20:54:52.626+0530] {dag.py:3947} INFO - Setting next_dagrun for example_xcom_args to None, run_after=None
[2024-08-04T20:54:52.628+0530] {logging_mixin.py:188} INFO - [2024-08-04T20:54:52.628+0530] {dag.py:3947} INFO - Setting next_dagrun for example_xcom_args_with_operators to None, run_after=None
[2024-08-04T20:54:52.637+0530] {processor.py:183} INFO - Processing /Users/deepanshu/Desktop/etc-spark-airflow/env/lib/python3.12/site-packages/airflow/example_dags/example_xcomargs.py took 0.096 seconds
[2024-08-04T20:57:19.820+0530] {processor.py:161} INFO - Started process (PID=66331) to work on /Users/deepanshu/Desktop/etc-spark-airflow/env/lib/python3.12/site-packages/airflow/example_dags/example_xcomargs.py
[2024-08-04T20:57:19.821+0530] {processor.py:830} INFO - Processing file /Users/deepanshu/Desktop/etc-spark-airflow/env/lib/python3.12/site-packages/airflow/example_dags/example_xcomargs.py for tasks to queue
[2024-08-04T20:57:19.822+0530] {logging_mixin.py:188} INFO - [2024-08-04T20:57:19.822+0530] {dagbag.py:545} INFO - Filling up the DagBag from /Users/deepanshu/Desktop/etc-spark-airflow/env/lib/python3.12/site-packages/airflow/example_dags/example_xcomargs.py
[2024-08-04T20:57:19.848+0530] {processor.py:840} INFO - DAG(s) 'example_xcom_args_with_operators', 'example_xcom_args' retrieved from /Users/deepanshu/Desktop/etc-spark-airflow/env/lib/python3.12/site-packages/airflow/example_dags/example_xcomargs.py
[2024-08-04T20:57:19.902+0530] {logging_mixin.py:188} INFO - [2024-08-04T20:57:19.902+0530] {dag.py:3089} INFO - Sync 2 DAGs
[2024-08-04T20:57:19.907+0530] {logging_mixin.py:188} INFO - [2024-08-04T20:57:19.907+0530] {dag.py:3947} INFO - Setting next_dagrun for example_xcom_args to None, run_after=None
[2024-08-04T20:57:19.909+0530] {logging_mixin.py:188} INFO - [2024-08-04T20:57:19.909+0530] {dag.py:3947} INFO - Setting next_dagrun for example_xcom_args_with_operators to None, run_after=None
[2024-08-04T20:57:19.919+0530] {processor.py:183} INFO - Processing /Users/deepanshu/Desktop/etc-spark-airflow/env/lib/python3.12/site-packages/airflow/example_dags/example_xcomargs.py took 0.100 seconds
[2024-08-04T20:59:28.411+0530] {processor.py:161} INFO - Started process (PID=67538) to work on /Users/deepanshu/Desktop/etc-spark-airflow/env/lib/python3.12/site-packages/airflow/example_dags/example_xcomargs.py
[2024-08-04T20:59:28.412+0530] {processor.py:830} INFO - Processing file /Users/deepanshu/Desktop/etc-spark-airflow/env/lib/python3.12/site-packages/airflow/example_dags/example_xcomargs.py for tasks to queue
[2024-08-04T20:59:28.413+0530] {logging_mixin.py:188} INFO - [2024-08-04T20:59:28.413+0530] {dagbag.py:545} INFO - Filling up the DagBag from /Users/deepanshu/Desktop/etc-spark-airflow/env/lib/python3.12/site-packages/airflow/example_dags/example_xcomargs.py
[2024-08-04T20:59:28.437+0530] {processor.py:840} INFO - DAG(s) 'example_xcom_args', 'example_xcom_args_with_operators' retrieved from /Users/deepanshu/Desktop/etc-spark-airflow/env/lib/python3.12/site-packages/airflow/example_dags/example_xcomargs.py
[2024-08-04T20:59:28.492+0530] {logging_mixin.py:188} INFO - [2024-08-04T20:59:28.491+0530] {dag.py:3089} INFO - Sync 2 DAGs
[2024-08-04T20:59:28.497+0530] {logging_mixin.py:188} INFO - [2024-08-04T20:59:28.497+0530] {dag.py:3947} INFO - Setting next_dagrun for example_xcom_args to None, run_after=None
[2024-08-04T20:59:28.499+0530] {logging_mixin.py:188} INFO - [2024-08-04T20:59:28.499+0530] {dag.py:3947} INFO - Setting next_dagrun for example_xcom_args_with_operators to None, run_after=None
[2024-08-04T20:59:28.508+0530] {processor.py:183} INFO - Processing /Users/deepanshu/Desktop/etc-spark-airflow/env/lib/python3.12/site-packages/airflow/example_dags/example_xcomargs.py took 0.099 seconds
[2024-08-04T21:01:09.628+0530] {processor.py:161} INFO - Started process (PID=68386) to work on /Users/deepanshu/Desktop/etc-spark-airflow/env/lib/python3.12/site-packages/airflow/example_dags/example_xcomargs.py
[2024-08-04T21:01:09.629+0530] {processor.py:830} INFO - Processing file /Users/deepanshu/Desktop/etc-spark-airflow/env/lib/python3.12/site-packages/airflow/example_dags/example_xcomargs.py for tasks to queue
[2024-08-04T21:01:09.630+0530] {logging_mixin.py:188} INFO - [2024-08-04T21:01:09.630+0530] {dagbag.py:545} INFO - Filling up the DagBag from /Users/deepanshu/Desktop/etc-spark-airflow/env/lib/python3.12/site-packages/airflow/example_dags/example_xcomargs.py
[2024-08-04T21:01:09.653+0530] {processor.py:840} INFO - DAG(s) 'example_xcom_args', 'example_xcom_args_with_operators' retrieved from /Users/deepanshu/Desktop/etc-spark-airflow/env/lib/python3.12/site-packages/airflow/example_dags/example_xcomargs.py
[2024-08-04T21:01:09.707+0530] {logging_mixin.py:188} INFO - [2024-08-04T21:01:09.707+0530] {dag.py:3089} INFO - Sync 2 DAGs
[2024-08-04T21:01:09.712+0530] {logging_mixin.py:188} INFO - [2024-08-04T21:01:09.712+0530] {dag.py:3947} INFO - Setting next_dagrun for example_xcom_args to None, run_after=None
[2024-08-04T21:01:09.714+0530] {logging_mixin.py:188} INFO - [2024-08-04T21:01:09.713+0530] {dag.py:3947} INFO - Setting next_dagrun for example_xcom_args_with_operators to None, run_after=None
[2024-08-04T21:01:09.723+0530] {processor.py:183} INFO - Processing /Users/deepanshu/Desktop/etc-spark-airflow/env/lib/python3.12/site-packages/airflow/example_dags/example_xcomargs.py took 0.097 seconds
[2024-08-04T21:03:13.821+0530] {processor.py:161} INFO - Started process (PID=69258) to work on /Users/deepanshu/Desktop/etc-spark-airflow/env/lib/python3.12/site-packages/airflow/example_dags/example_xcomargs.py
[2024-08-04T21:03:13.822+0530] {processor.py:830} INFO - Processing file /Users/deepanshu/Desktop/etc-spark-airflow/env/lib/python3.12/site-packages/airflow/example_dags/example_xcomargs.py for tasks to queue
[2024-08-04T21:03:13.823+0530] {logging_mixin.py:188} INFO - [2024-08-04T21:03:13.822+0530] {dagbag.py:545} INFO - Filling up the DagBag from /Users/deepanshu/Desktop/etc-spark-airflow/env/lib/python3.12/site-packages/airflow/example_dags/example_xcomargs.py
[2024-08-04T21:03:13.846+0530] {processor.py:840} INFO - DAG(s) 'example_xcom_args', 'example_xcom_args_with_operators' retrieved from /Users/deepanshu/Desktop/etc-spark-airflow/env/lib/python3.12/site-packages/airflow/example_dags/example_xcomargs.py
[2024-08-04T21:03:13.899+0530] {logging_mixin.py:188} INFO - [2024-08-04T21:03:13.899+0530] {dag.py:3089} INFO - Sync 2 DAGs
[2024-08-04T21:03:13.905+0530] {logging_mixin.py:188} INFO - [2024-08-04T21:03:13.905+0530] {dag.py:3947} INFO - Setting next_dagrun for example_xcom_args to None, run_after=None
[2024-08-04T21:03:13.907+0530] {logging_mixin.py:188} INFO - [2024-08-04T21:03:13.907+0530] {dag.py:3947} INFO - Setting next_dagrun for example_xcom_args_with_operators to None, run_after=None
[2024-08-04T21:03:13.918+0530] {processor.py:183} INFO - Processing /Users/deepanshu/Desktop/etc-spark-airflow/env/lib/python3.12/site-packages/airflow/example_dags/example_xcomargs.py took 0.098 seconds
[2024-08-04T21:05:01.199+0530] {processor.py:161} INFO - Started process (PID=69971) to work on /Users/deepanshu/Desktop/etc-spark-airflow/env/lib/python3.12/site-packages/airflow/example_dags/example_xcomargs.py
[2024-08-04T21:05:01.200+0530] {processor.py:830} INFO - Processing file /Users/deepanshu/Desktop/etc-spark-airflow/env/lib/python3.12/site-packages/airflow/example_dags/example_xcomargs.py for tasks to queue
[2024-08-04T21:05:01.200+0530] {logging_mixin.py:188} INFO - [2024-08-04T21:05:01.200+0530] {dagbag.py:545} INFO - Filling up the DagBag from /Users/deepanshu/Desktop/etc-spark-airflow/env/lib/python3.12/site-packages/airflow/example_dags/example_xcomargs.py
[2024-08-04T21:05:01.224+0530] {processor.py:840} INFO - DAG(s) 'example_xcom_args_with_operators', 'example_xcom_args' retrieved from /Users/deepanshu/Desktop/etc-spark-airflow/env/lib/python3.12/site-packages/airflow/example_dags/example_xcomargs.py
[2024-08-04T21:05:01.278+0530] {logging_mixin.py:188} INFO - [2024-08-04T21:05:01.277+0530] {dag.py:3089} INFO - Sync 2 DAGs
[2024-08-04T21:05:01.283+0530] {logging_mixin.py:188} INFO - [2024-08-04T21:05:01.282+0530] {dag.py:3947} INFO - Setting next_dagrun for example_xcom_args to None, run_after=None
[2024-08-04T21:05:01.284+0530] {logging_mixin.py:188} INFO - [2024-08-04T21:05:01.284+0530] {dag.py:3947} INFO - Setting next_dagrun for example_xcom_args_with_operators to None, run_after=None
[2024-08-04T21:05:01.294+0530] {processor.py:183} INFO - Processing /Users/deepanshu/Desktop/etc-spark-airflow/env/lib/python3.12/site-packages/airflow/example_dags/example_xcomargs.py took 0.097 seconds
[2024-08-04T21:05:48.573+0530] {processor.py:161} INFO - Started process (PID=70330) to work on /Users/deepanshu/Desktop/etc-spark-airflow/env/lib/python3.12/site-packages/airflow/example_dags/example_xcomargs.py
[2024-08-04T21:05:48.574+0530] {processor.py:830} INFO - Processing file /Users/deepanshu/Desktop/etc-spark-airflow/env/lib/python3.12/site-packages/airflow/example_dags/example_xcomargs.py for tasks to queue
[2024-08-04T21:05:48.574+0530] {logging_mixin.py:188} INFO - [2024-08-04T21:05:48.574+0530] {dagbag.py:545} INFO - Filling up the DagBag from /Users/deepanshu/Desktop/etc-spark-airflow/env/lib/python3.12/site-packages/airflow/example_dags/example_xcomargs.py
[2024-08-04T21:05:48.597+0530] {processor.py:840} INFO - DAG(s) 'example_xcom_args', 'example_xcom_args_with_operators' retrieved from /Users/deepanshu/Desktop/etc-spark-airflow/env/lib/python3.12/site-packages/airflow/example_dags/example_xcomargs.py
[2024-08-04T21:05:48.651+0530] {logging_mixin.py:188} INFO - [2024-08-04T21:05:48.651+0530] {dag.py:3089} INFO - Sync 2 DAGs
[2024-08-04T21:05:48.656+0530] {logging_mixin.py:188} INFO - [2024-08-04T21:05:48.656+0530] {dag.py:3947} INFO - Setting next_dagrun for example_xcom_args to None, run_after=None
[2024-08-04T21:05:48.658+0530] {logging_mixin.py:188} INFO - [2024-08-04T21:05:48.658+0530] {dag.py:3947} INFO - Setting next_dagrun for example_xcom_args_with_operators to None, run_after=None
[2024-08-04T21:05:48.667+0530] {processor.py:183} INFO - Processing /Users/deepanshu/Desktop/etc-spark-airflow/env/lib/python3.12/site-packages/airflow/example_dags/example_xcomargs.py took 0.096 seconds
[2024-08-04T21:07:30.865+0530] {processor.py:161} INFO - Started process (PID=71034) to work on /Users/deepanshu/Desktop/etc-spark-airflow/env/lib/python3.12/site-packages/airflow/example_dags/example_xcomargs.py
[2024-08-04T21:07:30.866+0530] {processor.py:830} INFO - Processing file /Users/deepanshu/Desktop/etc-spark-airflow/env/lib/python3.12/site-packages/airflow/example_dags/example_xcomargs.py for tasks to queue
[2024-08-04T21:07:30.867+0530] {logging_mixin.py:188} INFO - [2024-08-04T21:07:30.867+0530] {dagbag.py:545} INFO - Filling up the DagBag from /Users/deepanshu/Desktop/etc-spark-airflow/env/lib/python3.12/site-packages/airflow/example_dags/example_xcomargs.py
[2024-08-04T21:07:30.892+0530] {processor.py:840} INFO - DAG(s) 'example_xcom_args', 'example_xcom_args_with_operators' retrieved from /Users/deepanshu/Desktop/etc-spark-airflow/env/lib/python3.12/site-packages/airflow/example_dags/example_xcomargs.py
[2024-08-04T21:07:30.949+0530] {logging_mixin.py:188} INFO - [2024-08-04T21:07:30.949+0530] {dag.py:3089} INFO - Sync 2 DAGs
[2024-08-04T21:07:30.954+0530] {logging_mixin.py:188} INFO - [2024-08-04T21:07:30.954+0530] {dag.py:3947} INFO - Setting next_dagrun for example_xcom_args to None, run_after=None
[2024-08-04T21:07:30.956+0530] {logging_mixin.py:188} INFO - [2024-08-04T21:07:30.956+0530] {dag.py:3947} INFO - Setting next_dagrun for example_xcom_args_with_operators to None, run_after=None
[2024-08-04T21:07:30.966+0530] {processor.py:183} INFO - Processing /Users/deepanshu/Desktop/etc-spark-airflow/env/lib/python3.12/site-packages/airflow/example_dags/example_xcomargs.py took 0.103 seconds
[2024-08-04T21:09:23.615+0530] {processor.py:161} INFO - Started process (PID=72053) to work on /Users/deepanshu/Desktop/etc-spark-airflow/env/lib/python3.12/site-packages/airflow/example_dags/example_xcomargs.py
[2024-08-04T21:09:23.616+0530] {processor.py:830} INFO - Processing file /Users/deepanshu/Desktop/etc-spark-airflow/env/lib/python3.12/site-packages/airflow/example_dags/example_xcomargs.py for tasks to queue
[2024-08-04T21:09:23.617+0530] {logging_mixin.py:188} INFO - [2024-08-04T21:09:23.617+0530] {dagbag.py:545} INFO - Filling up the DagBag from /Users/deepanshu/Desktop/etc-spark-airflow/env/lib/python3.12/site-packages/airflow/example_dags/example_xcomargs.py
[2024-08-04T21:09:23.650+0530] {processor.py:840} INFO - DAG(s) 'example_xcom_args_with_operators', 'example_xcom_args' retrieved from /Users/deepanshu/Desktop/etc-spark-airflow/env/lib/python3.12/site-packages/airflow/example_dags/example_xcomargs.py
[2024-08-04T21:09:23.704+0530] {logging_mixin.py:188} INFO - [2024-08-04T21:09:23.703+0530] {dag.py:3089} INFO - Sync 2 DAGs
[2024-08-04T21:09:23.709+0530] {logging_mixin.py:188} INFO - [2024-08-04T21:09:23.709+0530] {dag.py:3947} INFO - Setting next_dagrun for example_xcom_args to None, run_after=None
[2024-08-04T21:09:23.710+0530] {logging_mixin.py:188} INFO - [2024-08-04T21:09:23.710+0530] {dag.py:3947} INFO - Setting next_dagrun for example_xcom_args_with_operators to None, run_after=None
[2024-08-04T21:09:23.720+0530] {processor.py:183} INFO - Processing /Users/deepanshu/Desktop/etc-spark-airflow/env/lib/python3.12/site-packages/airflow/example_dags/example_xcomargs.py took 0.107 seconds
