[2024-08-04T20:33:22.068+0530] {processor.py:161} INFO - Started process (PID=55745) to work on /Users/deepanshu/Desktop/etc-spark-airflow/env/lib/python3.12/site-packages/airflow/example_dags/example_short_circuit_decorator.py
[2024-08-04T20:33:22.069+0530] {processor.py:830} INFO - Processing file /Users/deepanshu/Desktop/etc-spark-airflow/env/lib/python3.12/site-packages/airflow/example_dags/example_short_circuit_decorator.py for tasks to queue
[2024-08-04T20:33:22.069+0530] {logging_mixin.py:188} INFO - [2024-08-04T20:33:22.069+0530] {dagbag.py:545} INFO - Filling up the DagBag from /Users/deepanshu/Desktop/etc-spark-airflow/env/lib/python3.12/site-packages/airflow/example_dags/example_short_circuit_decorator.py
[2024-08-04T20:33:22.094+0530] {processor.py:840} INFO - DAG(s) 'example_short_circuit_decorator' retrieved from /Users/deepanshu/Desktop/etc-spark-airflow/env/lib/python3.12/site-packages/airflow/example_dags/example_short_circuit_decorator.py
[2024-08-04T20:33:22.195+0530] {logging_mixin.py:188} INFO - [2024-08-04T20:33:22.194+0530] {override.py:1858} INFO - Created Permission View: can read on DAG:example_short_circuit_decorator
[2024-08-04T20:33:22.199+0530] {logging_mixin.py:188} INFO - [2024-08-04T20:33:22.199+0530] {override.py:1858} INFO - Created Permission View: can delete on DAG:example_short_circuit_decorator
[2024-08-04T20:33:22.202+0530] {logging_mixin.py:188} INFO - [2024-08-04T20:33:22.202+0530] {override.py:1858} INFO - Created Permission View: can edit on DAG:example_short_circuit_decorator
[2024-08-04T20:33:22.202+0530] {logging_mixin.py:188} INFO - [2024-08-04T20:33:22.202+0530] {dag.py:3089} INFO - Sync 1 DAGs
[2024-08-04T20:33:22.209+0530] {logging_mixin.py:188} INFO - [2024-08-04T20:33:22.209+0530] {dag.py:3111} INFO - Creating ORM DAG for example_short_circuit_decorator
[2024-08-04T20:33:22.213+0530] {logging_mixin.py:188} INFO - [2024-08-04T20:33:22.213+0530] {dag.py:3947} INFO - Setting next_dagrun for example_short_circuit_decorator to 2024-08-03 00:00:00+00:00, run_after=2024-08-04 00:00:00+00:00
[2024-08-04T20:33:22.223+0530] {processor.py:183} INFO - Processing /Users/deepanshu/Desktop/etc-spark-airflow/env/lib/python3.12/site-packages/airflow/example_dags/example_short_circuit_decorator.py took 0.156 seconds
[2024-08-04T20:34:24.845+0530] {processor.py:161} INFO - Started process (PID=56201) to work on /Users/deepanshu/Desktop/etc-spark-airflow/env/lib/python3.12/site-packages/airflow/example_dags/example_short_circuit_decorator.py
[2024-08-04T20:34:24.846+0530] {processor.py:830} INFO - Processing file /Users/deepanshu/Desktop/etc-spark-airflow/env/lib/python3.12/site-packages/airflow/example_dags/example_short_circuit_decorator.py for tasks to queue
[2024-08-04T20:34:24.846+0530] {logging_mixin.py:188} INFO - [2024-08-04T20:34:24.846+0530] {dagbag.py:545} INFO - Filling up the DagBag from /Users/deepanshu/Desktop/etc-spark-airflow/env/lib/python3.12/site-packages/airflow/example_dags/example_short_circuit_decorator.py
[2024-08-04T20:34:24.870+0530] {processor.py:840} INFO - DAG(s) 'example_short_circuit_decorator' retrieved from /Users/deepanshu/Desktop/etc-spark-airflow/env/lib/python3.12/site-packages/airflow/example_dags/example_short_circuit_decorator.py
[2024-08-04T20:34:24.934+0530] {logging_mixin.py:188} INFO - [2024-08-04T20:34:24.934+0530] {dag.py:3089} INFO - Sync 1 DAGs
[2024-08-04T20:34:24.945+0530] {logging_mixin.py:188} INFO - [2024-08-04T20:34:24.945+0530] {dag.py:3947} INFO - Setting next_dagrun for example_short_circuit_decorator to 2024-08-03 00:00:00+00:00, run_after=2024-08-04 00:00:00+00:00
[2024-08-04T20:34:24.955+0530] {processor.py:183} INFO - Processing /Users/deepanshu/Desktop/etc-spark-airflow/env/lib/python3.12/site-packages/airflow/example_dags/example_short_circuit_decorator.py took 0.111 seconds
[2024-08-04T20:36:28.104+0530] {processor.py:161} INFO - Started process (PID=57081) to work on /Users/deepanshu/Desktop/etc-spark-airflow/env/lib/python3.12/site-packages/airflow/example_dags/example_short_circuit_decorator.py
[2024-08-04T20:36:28.104+0530] {processor.py:830} INFO - Processing file /Users/deepanshu/Desktop/etc-spark-airflow/env/lib/python3.12/site-packages/airflow/example_dags/example_short_circuit_decorator.py for tasks to queue
[2024-08-04T20:36:28.105+0530] {logging_mixin.py:188} INFO - [2024-08-04T20:36:28.105+0530] {dagbag.py:545} INFO - Filling up the DagBag from /Users/deepanshu/Desktop/etc-spark-airflow/env/lib/python3.12/site-packages/airflow/example_dags/example_short_circuit_decorator.py
[2024-08-04T20:36:28.187+0530] {processor.py:840} INFO - DAG(s) 'example_short_circuit_decorator' retrieved from /Users/deepanshu/Desktop/etc-spark-airflow/env/lib/python3.12/site-packages/airflow/example_dags/example_short_circuit_decorator.py
[2024-08-04T20:36:28.327+0530] {logging_mixin.py:188} INFO - [2024-08-04T20:36:28.326+0530] {dag.py:3089} INFO - Sync 1 DAGs
[2024-08-04T20:36:28.339+0530] {logging_mixin.py:188} INFO - [2024-08-04T20:36:28.339+0530] {dag.py:3947} INFO - Setting next_dagrun for example_short_circuit_decorator to 2024-08-03 00:00:00+00:00, run_after=2024-08-04 00:00:00+00:00
[2024-08-04T20:36:28.356+0530] {processor.py:183} INFO - Processing /Users/deepanshu/Desktop/etc-spark-airflow/env/lib/python3.12/site-packages/airflow/example_dags/example_short_circuit_decorator.py took 0.255 seconds
[2024-08-04T20:37:59.157+0530] {processor.py:161} INFO - Started process (PID=57815) to work on /Users/deepanshu/Desktop/etc-spark-airflow/env/lib/python3.12/site-packages/airflow/example_dags/example_short_circuit_decorator.py
[2024-08-04T20:37:59.158+0530] {processor.py:830} INFO - Processing file /Users/deepanshu/Desktop/etc-spark-airflow/env/lib/python3.12/site-packages/airflow/example_dags/example_short_circuit_decorator.py for tasks to queue
[2024-08-04T20:37:59.158+0530] {logging_mixin.py:188} INFO - [2024-08-04T20:37:59.158+0530] {dagbag.py:545} INFO - Filling up the DagBag from /Users/deepanshu/Desktop/etc-spark-airflow/env/lib/python3.12/site-packages/airflow/example_dags/example_short_circuit_decorator.py
[2024-08-04T20:37:59.183+0530] {processor.py:840} INFO - DAG(s) 'example_short_circuit_decorator' retrieved from /Users/deepanshu/Desktop/etc-spark-airflow/env/lib/python3.12/site-packages/airflow/example_dags/example_short_circuit_decorator.py
[2024-08-04T20:37:59.238+0530] {logging_mixin.py:188} INFO - [2024-08-04T20:37:59.238+0530] {dag.py:3089} INFO - Sync 1 DAGs
[2024-08-04T20:37:59.247+0530] {logging_mixin.py:188} INFO - [2024-08-04T20:37:59.247+0530] {dag.py:3947} INFO - Setting next_dagrun for example_short_circuit_decorator to 2024-08-03 00:00:00+00:00, run_after=2024-08-04 00:00:00+00:00
[2024-08-04T20:37:59.258+0530] {processor.py:183} INFO - Processing /Users/deepanshu/Desktop/etc-spark-airflow/env/lib/python3.12/site-packages/airflow/example_dags/example_short_circuit_decorator.py took 0.102 seconds
[2024-08-04T20:39:56.511+0530] {processor.py:161} INFO - Started process (PID=58678) to work on /Users/deepanshu/Desktop/etc-spark-airflow/env/lib/python3.12/site-packages/airflow/example_dags/example_short_circuit_decorator.py
[2024-08-04T20:39:56.512+0530] {processor.py:830} INFO - Processing file /Users/deepanshu/Desktop/etc-spark-airflow/env/lib/python3.12/site-packages/airflow/example_dags/example_short_circuit_decorator.py for tasks to queue
[2024-08-04T20:39:56.513+0530] {logging_mixin.py:188} INFO - [2024-08-04T20:39:56.513+0530] {dagbag.py:545} INFO - Filling up the DagBag from /Users/deepanshu/Desktop/etc-spark-airflow/env/lib/python3.12/site-packages/airflow/example_dags/example_short_circuit_decorator.py
[2024-08-04T20:39:56.537+0530] {processor.py:840} INFO - DAG(s) 'example_short_circuit_decorator' retrieved from /Users/deepanshu/Desktop/etc-spark-airflow/env/lib/python3.12/site-packages/airflow/example_dags/example_short_circuit_decorator.py
[2024-08-04T20:39:56.597+0530] {logging_mixin.py:188} INFO - [2024-08-04T20:39:56.597+0530] {dag.py:3089} INFO - Sync 1 DAGs
[2024-08-04T20:39:56.607+0530] {logging_mixin.py:188} INFO - [2024-08-04T20:39:56.606+0530] {dag.py:3947} INFO - Setting next_dagrun for example_short_circuit_decorator to 2024-08-03 00:00:00+00:00, run_after=2024-08-04 00:00:00+00:00
[2024-08-04T20:39:56.617+0530] {processor.py:183} INFO - Processing /Users/deepanshu/Desktop/etc-spark-airflow/env/lib/python3.12/site-packages/airflow/example_dags/example_short_circuit_decorator.py took 0.107 seconds
[2024-08-04T20:41:28.288+0530] {processor.py:161} INFO - Started process (PID=59385) to work on /Users/deepanshu/Desktop/etc-spark-airflow/env/lib/python3.12/site-packages/airflow/example_dags/example_short_circuit_decorator.py
[2024-08-04T20:41:28.290+0530] {processor.py:830} INFO - Processing file /Users/deepanshu/Desktop/etc-spark-airflow/env/lib/python3.12/site-packages/airflow/example_dags/example_short_circuit_decorator.py for tasks to queue
[2024-08-04T20:41:28.290+0530] {logging_mixin.py:188} INFO - [2024-08-04T20:41:28.290+0530] {dagbag.py:545} INFO - Filling up the DagBag from /Users/deepanshu/Desktop/etc-spark-airflow/env/lib/python3.12/site-packages/airflow/example_dags/example_short_circuit_decorator.py
[2024-08-04T20:41:28.313+0530] {processor.py:840} INFO - DAG(s) 'example_short_circuit_decorator' retrieved from /Users/deepanshu/Desktop/etc-spark-airflow/env/lib/python3.12/site-packages/airflow/example_dags/example_short_circuit_decorator.py
[2024-08-04T20:41:28.367+0530] {logging_mixin.py:188} INFO - [2024-08-04T20:41:28.366+0530] {dag.py:3089} INFO - Sync 1 DAGs
[2024-08-04T20:41:28.375+0530] {logging_mixin.py:188} INFO - [2024-08-04T20:41:28.375+0530] {dag.py:3947} INFO - Setting next_dagrun for example_short_circuit_decorator to 2024-08-03 00:00:00+00:00, run_after=2024-08-04 00:00:00+00:00
[2024-08-04T20:41:28.386+0530] {processor.py:183} INFO - Processing /Users/deepanshu/Desktop/etc-spark-airflow/env/lib/python3.12/site-packages/airflow/example_dags/example_short_circuit_decorator.py took 0.099 seconds
[2024-08-04T20:43:20.021+0530] {processor.py:161} INFO - Started process (PID=60199) to work on /Users/deepanshu/Desktop/etc-spark-airflow/env/lib/python3.12/site-packages/airflow/example_dags/example_short_circuit_decorator.py
[2024-08-04T20:43:20.022+0530] {processor.py:830} INFO - Processing file /Users/deepanshu/Desktop/etc-spark-airflow/env/lib/python3.12/site-packages/airflow/example_dags/example_short_circuit_decorator.py for tasks to queue
[2024-08-04T20:43:20.023+0530] {logging_mixin.py:188} INFO - [2024-08-04T20:43:20.022+0530] {dagbag.py:545} INFO - Filling up the DagBag from /Users/deepanshu/Desktop/etc-spark-airflow/env/lib/python3.12/site-packages/airflow/example_dags/example_short_circuit_decorator.py
[2024-08-04T20:43:20.046+0530] {processor.py:840} INFO - DAG(s) 'example_short_circuit_decorator' retrieved from /Users/deepanshu/Desktop/etc-spark-airflow/env/lib/python3.12/site-packages/airflow/example_dags/example_short_circuit_decorator.py
[2024-08-04T20:43:20.099+0530] {logging_mixin.py:188} INFO - [2024-08-04T20:43:20.099+0530] {dag.py:3089} INFO - Sync 1 DAGs
[2024-08-04T20:43:20.108+0530] {logging_mixin.py:188} INFO - [2024-08-04T20:43:20.108+0530] {dag.py:3947} INFO - Setting next_dagrun for example_short_circuit_decorator to 2024-08-03 00:00:00+00:00, run_after=2024-08-04 00:00:00+00:00
[2024-08-04T20:43:20.118+0530] {processor.py:183} INFO - Processing /Users/deepanshu/Desktop/etc-spark-airflow/env/lib/python3.12/site-packages/airflow/example_dags/example_short_circuit_decorator.py took 0.099 seconds
[2024-08-04T20:45:15.314+0530] {processor.py:161} INFO - Started process (PID=61042) to work on /Users/deepanshu/Desktop/etc-spark-airflow/env/lib/python3.12/site-packages/airflow/example_dags/example_short_circuit_decorator.py
[2024-08-04T20:45:15.315+0530] {processor.py:830} INFO - Processing file /Users/deepanshu/Desktop/etc-spark-airflow/env/lib/python3.12/site-packages/airflow/example_dags/example_short_circuit_decorator.py for tasks to queue
[2024-08-04T20:45:15.315+0530] {logging_mixin.py:188} INFO - [2024-08-04T20:45:15.315+0530] {dagbag.py:545} INFO - Filling up the DagBag from /Users/deepanshu/Desktop/etc-spark-airflow/env/lib/python3.12/site-packages/airflow/example_dags/example_short_circuit_decorator.py
[2024-08-04T20:45:15.339+0530] {processor.py:840} INFO - DAG(s) 'example_short_circuit_decorator' retrieved from /Users/deepanshu/Desktop/etc-spark-airflow/env/lib/python3.12/site-packages/airflow/example_dags/example_short_circuit_decorator.py
[2024-08-04T20:45:15.392+0530] {logging_mixin.py:188} INFO - [2024-08-04T20:45:15.392+0530] {dag.py:3089} INFO - Sync 1 DAGs
[2024-08-04T20:45:15.401+0530] {logging_mixin.py:188} INFO - [2024-08-04T20:45:15.400+0530] {dag.py:3947} INFO - Setting next_dagrun for example_short_circuit_decorator to 2024-08-03 00:00:00+00:00, run_after=2024-08-04 00:00:00+00:00
[2024-08-04T20:45:15.411+0530] {processor.py:183} INFO - Processing /Users/deepanshu/Desktop/etc-spark-airflow/env/lib/python3.12/site-packages/airflow/example_dags/example_short_circuit_decorator.py took 0.098 seconds
[2024-08-04T20:47:11.657+0530] {processor.py:161} INFO - Started process (PID=61865) to work on /Users/deepanshu/Desktop/etc-spark-airflow/env/lib/python3.12/site-packages/airflow/example_dags/example_short_circuit_decorator.py
[2024-08-04T20:47:11.658+0530] {processor.py:830} INFO - Processing file /Users/deepanshu/Desktop/etc-spark-airflow/env/lib/python3.12/site-packages/airflow/example_dags/example_short_circuit_decorator.py for tasks to queue
[2024-08-04T20:47:11.658+0530] {logging_mixin.py:188} INFO - [2024-08-04T20:47:11.658+0530] {dagbag.py:545} INFO - Filling up the DagBag from /Users/deepanshu/Desktop/etc-spark-airflow/env/lib/python3.12/site-packages/airflow/example_dags/example_short_circuit_decorator.py
[2024-08-04T20:47:11.681+0530] {processor.py:840} INFO - DAG(s) 'example_short_circuit_decorator' retrieved from /Users/deepanshu/Desktop/etc-spark-airflow/env/lib/python3.12/site-packages/airflow/example_dags/example_short_circuit_decorator.py
[2024-08-04T20:47:11.734+0530] {logging_mixin.py:188} INFO - [2024-08-04T20:47:11.734+0530] {dag.py:3089} INFO - Sync 1 DAGs
[2024-08-04T20:47:11.743+0530] {logging_mixin.py:188} INFO - [2024-08-04T20:47:11.743+0530] {dag.py:3947} INFO - Setting next_dagrun for example_short_circuit_decorator to 2024-08-03 00:00:00+00:00, run_after=2024-08-04 00:00:00+00:00
[2024-08-04T20:47:11.754+0530] {processor.py:183} INFO - Processing /Users/deepanshu/Desktop/etc-spark-airflow/env/lib/python3.12/site-packages/airflow/example_dags/example_short_circuit_decorator.py took 0.098 seconds
[2024-08-04T20:49:41.936+0530] {processor.py:161} INFO - Started process (PID=62893) to work on /Users/deepanshu/Desktop/etc-spark-airflow/env/lib/python3.12/site-packages/airflow/example_dags/example_short_circuit_decorator.py
[2024-08-04T20:49:41.937+0530] {processor.py:830} INFO - Processing file /Users/deepanshu/Desktop/etc-spark-airflow/env/lib/python3.12/site-packages/airflow/example_dags/example_short_circuit_decorator.py for tasks to queue
[2024-08-04T20:49:41.938+0530] {logging_mixin.py:188} INFO - [2024-08-04T20:49:41.937+0530] {dagbag.py:545} INFO - Filling up the DagBag from /Users/deepanshu/Desktop/etc-spark-airflow/env/lib/python3.12/site-packages/airflow/example_dags/example_short_circuit_decorator.py
[2024-08-04T20:49:41.961+0530] {processor.py:840} INFO - DAG(s) 'example_short_circuit_decorator' retrieved from /Users/deepanshu/Desktop/etc-spark-airflow/env/lib/python3.12/site-packages/airflow/example_dags/example_short_circuit_decorator.py
[2024-08-04T20:49:42.014+0530] {logging_mixin.py:188} INFO - [2024-08-04T20:49:42.013+0530] {dag.py:3089} INFO - Sync 1 DAGs
[2024-08-04T20:49:42.022+0530] {logging_mixin.py:188} INFO - [2024-08-04T20:49:42.022+0530] {dag.py:3947} INFO - Setting next_dagrun for example_short_circuit_decorator to 2024-08-03 00:00:00+00:00, run_after=2024-08-04 00:00:00+00:00
[2024-08-04T20:49:42.033+0530] {processor.py:183} INFO - Processing /Users/deepanshu/Desktop/etc-spark-airflow/env/lib/python3.12/site-packages/airflow/example_dags/example_short_circuit_decorator.py took 0.099 seconds
[2024-08-04T20:51:16.569+0530] {processor.py:161} INFO - Started process (PID=63585) to work on /Users/deepanshu/Desktop/etc-spark-airflow/env/lib/python3.12/site-packages/airflow/example_dags/example_short_circuit_decorator.py
[2024-08-04T20:51:16.570+0530] {processor.py:830} INFO - Processing file /Users/deepanshu/Desktop/etc-spark-airflow/env/lib/python3.12/site-packages/airflow/example_dags/example_short_circuit_decorator.py for tasks to queue
[2024-08-04T20:51:16.571+0530] {logging_mixin.py:188} INFO - [2024-08-04T20:51:16.571+0530] {dagbag.py:545} INFO - Filling up the DagBag from /Users/deepanshu/Desktop/etc-spark-airflow/env/lib/python3.12/site-packages/airflow/example_dags/example_short_circuit_decorator.py
[2024-08-04T20:51:16.594+0530] {processor.py:840} INFO - DAG(s) 'example_short_circuit_decorator' retrieved from /Users/deepanshu/Desktop/etc-spark-airflow/env/lib/python3.12/site-packages/airflow/example_dags/example_short_circuit_decorator.py
[2024-08-04T20:51:16.646+0530] {logging_mixin.py:188} INFO - [2024-08-04T20:51:16.646+0530] {dag.py:3089} INFO - Sync 1 DAGs
[2024-08-04T20:51:16.655+0530] {logging_mixin.py:188} INFO - [2024-08-04T20:51:16.655+0530] {dag.py:3947} INFO - Setting next_dagrun for example_short_circuit_decorator to 2024-08-03 00:00:00+00:00, run_after=2024-08-04 00:00:00+00:00
[2024-08-04T20:51:16.666+0530] {processor.py:183} INFO - Processing /Users/deepanshu/Desktop/etc-spark-airflow/env/lib/python3.12/site-packages/airflow/example_dags/example_short_circuit_decorator.py took 0.098 seconds
[2024-08-04T20:53:09.251+0530] {processor.py:161} INFO - Started process (PID=64376) to work on /Users/deepanshu/Desktop/etc-spark-airflow/env/lib/python3.12/site-packages/airflow/example_dags/example_short_circuit_decorator.py
[2024-08-04T20:53:09.253+0530] {processor.py:830} INFO - Processing file /Users/deepanshu/Desktop/etc-spark-airflow/env/lib/python3.12/site-packages/airflow/example_dags/example_short_circuit_decorator.py for tasks to queue
[2024-08-04T20:53:09.253+0530] {logging_mixin.py:188} INFO - [2024-08-04T20:53:09.253+0530] {dagbag.py:545} INFO - Filling up the DagBag from /Users/deepanshu/Desktop/etc-spark-airflow/env/lib/python3.12/site-packages/airflow/example_dags/example_short_circuit_decorator.py
[2024-08-04T20:53:09.276+0530] {processor.py:840} INFO - DAG(s) 'example_short_circuit_decorator' retrieved from /Users/deepanshu/Desktop/etc-spark-airflow/env/lib/python3.12/site-packages/airflow/example_dags/example_short_circuit_decorator.py
[2024-08-04T20:53:09.329+0530] {logging_mixin.py:188} INFO - [2024-08-04T20:53:09.329+0530] {dag.py:3089} INFO - Sync 1 DAGs
[2024-08-04T20:53:09.338+0530] {logging_mixin.py:188} INFO - [2024-08-04T20:53:09.338+0530] {dag.py:3947} INFO - Setting next_dagrun for example_short_circuit_decorator to 2024-08-03 00:00:00+00:00, run_after=2024-08-04 00:00:00+00:00
[2024-08-04T20:53:09.348+0530] {processor.py:183} INFO - Processing /Users/deepanshu/Desktop/etc-spark-airflow/env/lib/python3.12/site-packages/airflow/example_dags/example_short_circuit_decorator.py took 0.099 seconds
[2024-08-04T20:55:14.474+0530] {processor.py:161} INFO - Started process (PID=65336) to work on /Users/deepanshu/Desktop/etc-spark-airflow/env/lib/python3.12/site-packages/airflow/example_dags/example_short_circuit_decorator.py
[2024-08-04T20:55:14.475+0530] {processor.py:830} INFO - Processing file /Users/deepanshu/Desktop/etc-spark-airflow/env/lib/python3.12/site-packages/airflow/example_dags/example_short_circuit_decorator.py for tasks to queue
[2024-08-04T20:55:14.475+0530] {logging_mixin.py:188} INFO - [2024-08-04T20:55:14.475+0530] {dagbag.py:545} INFO - Filling up the DagBag from /Users/deepanshu/Desktop/etc-spark-airflow/env/lib/python3.12/site-packages/airflow/example_dags/example_short_circuit_decorator.py
[2024-08-04T20:55:14.499+0530] {processor.py:840} INFO - DAG(s) 'example_short_circuit_decorator' retrieved from /Users/deepanshu/Desktop/etc-spark-airflow/env/lib/python3.12/site-packages/airflow/example_dags/example_short_circuit_decorator.py
[2024-08-04T20:55:14.552+0530] {logging_mixin.py:188} INFO - [2024-08-04T20:55:14.552+0530] {dag.py:3089} INFO - Sync 1 DAGs
[2024-08-04T20:55:14.561+0530] {logging_mixin.py:188} INFO - [2024-08-04T20:55:14.561+0530] {dag.py:3947} INFO - Setting next_dagrun for example_short_circuit_decorator to 2024-08-03 00:00:00+00:00, run_after=2024-08-04 00:00:00+00:00
[2024-08-04T20:55:14.571+0530] {processor.py:183} INFO - Processing /Users/deepanshu/Desktop/etc-spark-airflow/env/lib/python3.12/site-packages/airflow/example_dags/example_short_circuit_decorator.py took 0.099 seconds
[2024-08-04T20:57:41.730+0530] {processor.py:161} INFO - Started process (PID=66473) to work on /Users/deepanshu/Desktop/etc-spark-airflow/env/lib/python3.12/site-packages/airflow/example_dags/example_short_circuit_decorator.py
[2024-08-04T20:57:41.731+0530] {processor.py:830} INFO - Processing file /Users/deepanshu/Desktop/etc-spark-airflow/env/lib/python3.12/site-packages/airflow/example_dags/example_short_circuit_decorator.py for tasks to queue
[2024-08-04T20:57:41.731+0530] {logging_mixin.py:188} INFO - [2024-08-04T20:57:41.731+0530] {dagbag.py:545} INFO - Filling up the DagBag from /Users/deepanshu/Desktop/etc-spark-airflow/env/lib/python3.12/site-packages/airflow/example_dags/example_short_circuit_decorator.py
[2024-08-04T20:57:41.755+0530] {processor.py:840} INFO - DAG(s) 'example_short_circuit_decorator' retrieved from /Users/deepanshu/Desktop/etc-spark-airflow/env/lib/python3.12/site-packages/airflow/example_dags/example_short_circuit_decorator.py
[2024-08-04T20:57:41.811+0530] {logging_mixin.py:188} INFO - [2024-08-04T20:57:41.810+0530] {dag.py:3089} INFO - Sync 1 DAGs
[2024-08-04T20:57:41.820+0530] {logging_mixin.py:188} INFO - [2024-08-04T20:57:41.819+0530] {dag.py:3947} INFO - Setting next_dagrun for example_short_circuit_decorator to 2024-08-03 00:00:00+00:00, run_after=2024-08-04 00:00:00+00:00
[2024-08-04T20:57:41.830+0530] {processor.py:183} INFO - Processing /Users/deepanshu/Desktop/etc-spark-airflow/env/lib/python3.12/site-packages/airflow/example_dags/example_short_circuit_decorator.py took 0.101 seconds
[2024-08-04T21:01:30.825+0530] {processor.py:161} INFO - Started process (PID=68522) to work on /Users/deepanshu/Desktop/etc-spark-airflow/env/lib/python3.12/site-packages/airflow/example_dags/example_short_circuit_decorator.py
[2024-08-04T21:01:30.826+0530] {processor.py:830} INFO - Processing file /Users/deepanshu/Desktop/etc-spark-airflow/env/lib/python3.12/site-packages/airflow/example_dags/example_short_circuit_decorator.py for tasks to queue
[2024-08-04T21:01:30.826+0530] {logging_mixin.py:188} INFO - [2024-08-04T21:01:30.826+0530] {dagbag.py:545} INFO - Filling up the DagBag from /Users/deepanshu/Desktop/etc-spark-airflow/env/lib/python3.12/site-packages/airflow/example_dags/example_short_circuit_decorator.py
[2024-08-04T21:01:30.849+0530] {processor.py:840} INFO - DAG(s) 'example_short_circuit_decorator' retrieved from /Users/deepanshu/Desktop/etc-spark-airflow/env/lib/python3.12/site-packages/airflow/example_dags/example_short_circuit_decorator.py
[2024-08-04T21:01:30.903+0530] {logging_mixin.py:188} INFO - [2024-08-04T21:01:30.902+0530] {dag.py:3089} INFO - Sync 1 DAGs
[2024-08-04T21:01:30.911+0530] {logging_mixin.py:188} INFO - [2024-08-04T21:01:30.911+0530] {dag.py:3947} INFO - Setting next_dagrun for example_short_circuit_decorator to 2024-08-03 00:00:00+00:00, run_after=2024-08-04 00:00:00+00:00
[2024-08-04T21:01:30.922+0530] {processor.py:183} INFO - Processing /Users/deepanshu/Desktop/etc-spark-airflow/env/lib/python3.12/site-packages/airflow/example_dags/example_short_circuit_decorator.py took 0.098 seconds
[2024-08-04T21:03:36.149+0530] {processor.py:161} INFO - Started process (PID=69406) to work on /Users/deepanshu/Desktop/etc-spark-airflow/env/lib/python3.12/site-packages/airflow/example_dags/example_short_circuit_decorator.py
[2024-08-04T21:03:36.150+0530] {processor.py:830} INFO - Processing file /Users/deepanshu/Desktop/etc-spark-airflow/env/lib/python3.12/site-packages/airflow/example_dags/example_short_circuit_decorator.py for tasks to queue
[2024-08-04T21:03:36.151+0530] {logging_mixin.py:188} INFO - [2024-08-04T21:03:36.151+0530] {dagbag.py:545} INFO - Filling up the DagBag from /Users/deepanshu/Desktop/etc-spark-airflow/env/lib/python3.12/site-packages/airflow/example_dags/example_short_circuit_decorator.py
[2024-08-04T21:03:36.174+0530] {processor.py:840} INFO - DAG(s) 'example_short_circuit_decorator' retrieved from /Users/deepanshu/Desktop/etc-spark-airflow/env/lib/python3.12/site-packages/airflow/example_dags/example_short_circuit_decorator.py
[2024-08-04T21:03:36.228+0530] {logging_mixin.py:188} INFO - [2024-08-04T21:03:36.228+0530] {dag.py:3089} INFO - Sync 1 DAGs
[2024-08-04T21:03:36.237+0530] {logging_mixin.py:188} INFO - [2024-08-04T21:03:36.237+0530] {dag.py:3947} INFO - Setting next_dagrun for example_short_circuit_decorator to 2024-08-03 00:00:00+00:00, run_after=2024-08-04 00:00:00+00:00
[2024-08-04T21:03:36.248+0530] {processor.py:183} INFO - Processing /Users/deepanshu/Desktop/etc-spark-airflow/env/lib/python3.12/site-packages/airflow/example_dags/example_short_circuit_decorator.py took 0.100 seconds
[2024-08-04T21:06:10.026+0530] {processor.py:161} INFO - Started process (PID=70474) to work on /Users/deepanshu/Desktop/etc-spark-airflow/env/lib/python3.12/site-packages/airflow/example_dags/example_short_circuit_decorator.py
[2024-08-04T21:06:10.027+0530] {processor.py:830} INFO - Processing file /Users/deepanshu/Desktop/etc-spark-airflow/env/lib/python3.12/site-packages/airflow/example_dags/example_short_circuit_decorator.py for tasks to queue
[2024-08-04T21:06:10.028+0530] {logging_mixin.py:188} INFO - [2024-08-04T21:06:10.028+0530] {dagbag.py:545} INFO - Filling up the DagBag from /Users/deepanshu/Desktop/etc-spark-airflow/env/lib/python3.12/site-packages/airflow/example_dags/example_short_circuit_decorator.py
[2024-08-04T21:06:10.051+0530] {processor.py:840} INFO - DAG(s) 'example_short_circuit_decorator' retrieved from /Users/deepanshu/Desktop/etc-spark-airflow/env/lib/python3.12/site-packages/airflow/example_dags/example_short_circuit_decorator.py
[2024-08-04T21:06:10.104+0530] {logging_mixin.py:188} INFO - [2024-08-04T21:06:10.104+0530] {dag.py:3089} INFO - Sync 1 DAGs
[2024-08-04T21:06:10.113+0530] {logging_mixin.py:188} INFO - [2024-08-04T21:06:10.113+0530] {dag.py:3947} INFO - Setting next_dagrun for example_short_circuit_decorator to 2024-08-03 00:00:00+00:00, run_after=2024-08-04 00:00:00+00:00
[2024-08-04T21:06:10.123+0530] {processor.py:183} INFO - Processing /Users/deepanshu/Desktop/etc-spark-airflow/env/lib/python3.12/site-packages/airflow/example_dags/example_short_circuit_decorator.py took 0.099 seconds
