[2024-08-04T20:35:04.010+0530] {processor.py:161} INFO - Started process (PID=56447) to work on /Users/deepanshu/Desktop/etc-spark-airflow/env/lib/python3.12/site-packages/airflow/example_dags/example_datasets.py
[2024-08-04T20:35:04.010+0530] {processor.py:830} INFO - Processing file /Users/deepanshu/Desktop/etc-spark-airflow/env/lib/python3.12/site-packages/airflow/example_dags/example_datasets.py for tasks to queue
[2024-08-04T20:35:04.011+0530] {logging_mixin.py:188} INFO - [2024-08-04T20:35:04.010+0530] {dagbag.py:545} INFO - Filling up the DagBag from /Users/deepanshu/Desktop/etc-spark-airflow/env/lib/python3.12/site-packages/airflow/example_dags/example_datasets.py
[2024-08-04T20:35:04.044+0530] {processor.py:840} INFO - DAG(s) 'consume_1_or_both_2_and_3_with_dataset_expressions', 'conditional_dataset_and_time_based_timetable', 'dataset_consumes_unknown_never_scheduled', 'consume_1_or_2_with_dataset_expressions', 'dataset_consumes_1_never_scheduled', 'consume_1_and_2_with_dataset_expressions', 'dataset_produces_2', 'dataset_produces_1', 'dataset_consumes_1_and_2', 'dataset_consumes_1' retrieved from /Users/deepanshu/Desktop/etc-spark-airflow/env/lib/python3.12/site-packages/airflow/example_dags/example_datasets.py
[2024-08-04T20:35:04.149+0530] {logging_mixin.py:188} INFO - [2024-08-04T20:35:04.149+0530] {override.py:1858} INFO - Created Permission View: can edit on DAG:consume_1_or_both_2_and_3_with_dataset_expressions
[2024-08-04T20:35:04.154+0530] {logging_mixin.py:188} INFO - [2024-08-04T20:35:04.154+0530] {override.py:1858} INFO - Created Permission View: can read on DAG:consume_1_or_both_2_and_3_with_dataset_expressions
[2024-08-04T20:35:04.157+0530] {logging_mixin.py:188} INFO - [2024-08-04T20:35:04.157+0530] {override.py:1858} INFO - Created Permission View: can delete on DAG:consume_1_or_both_2_and_3_with_dataset_expressions
[2024-08-04T20:35:04.163+0530] {logging_mixin.py:188} INFO - [2024-08-04T20:35:04.163+0530] {override.py:1858} INFO - Created Permission View: can edit on DAG:conditional_dataset_and_time_based_timetable
[2024-08-04T20:35:04.166+0530] {logging_mixin.py:188} INFO - [2024-08-04T20:35:04.166+0530] {override.py:1858} INFO - Created Permission View: can read on DAG:conditional_dataset_and_time_based_timetable
[2024-08-04T20:35:04.169+0530] {logging_mixin.py:188} INFO - [2024-08-04T20:35:04.169+0530] {override.py:1858} INFO - Created Permission View: can delete on DAG:conditional_dataset_and_time_based_timetable
[2024-08-04T20:35:04.174+0530] {logging_mixin.py:188} INFO - [2024-08-04T20:35:04.174+0530] {override.py:1858} INFO - Created Permission View: can edit on DAG:dataset_consumes_unknown_never_scheduled
[2024-08-04T20:35:04.177+0530] {logging_mixin.py:188} INFO - [2024-08-04T20:35:04.177+0530] {override.py:1858} INFO - Created Permission View: can read on DAG:dataset_consumes_unknown_never_scheduled
[2024-08-04T20:35:04.180+0530] {logging_mixin.py:188} INFO - [2024-08-04T20:35:04.180+0530] {override.py:1858} INFO - Created Permission View: can delete on DAG:dataset_consumes_unknown_never_scheduled
[2024-08-04T20:35:04.186+0530] {logging_mixin.py:188} INFO - [2024-08-04T20:35:04.186+0530] {override.py:1858} INFO - Created Permission View: can edit on DAG:consume_1_or_2_with_dataset_expressions
[2024-08-04T20:35:04.189+0530] {logging_mixin.py:188} INFO - [2024-08-04T20:35:04.188+0530] {override.py:1858} INFO - Created Permission View: can read on DAG:consume_1_or_2_with_dataset_expressions
[2024-08-04T20:35:04.191+0530] {logging_mixin.py:188} INFO - [2024-08-04T20:35:04.191+0530] {override.py:1858} INFO - Created Permission View: can delete on DAG:consume_1_or_2_with_dataset_expressions
[2024-08-04T20:35:04.197+0530] {logging_mixin.py:188} INFO - [2024-08-04T20:35:04.197+0530] {override.py:1858} INFO - Created Permission View: can edit on DAG:dataset_consumes_1_never_scheduled
[2024-08-04T20:35:04.200+0530] {logging_mixin.py:188} INFO - [2024-08-04T20:35:04.200+0530] {override.py:1858} INFO - Created Permission View: can read on DAG:dataset_consumes_1_never_scheduled
[2024-08-04T20:35:04.203+0530] {logging_mixin.py:188} INFO - [2024-08-04T20:35:04.202+0530] {override.py:1858} INFO - Created Permission View: can delete on DAG:dataset_consumes_1_never_scheduled
[2024-08-04T20:35:04.209+0530] {logging_mixin.py:188} INFO - [2024-08-04T20:35:04.209+0530] {override.py:1858} INFO - Created Permission View: can edit on DAG:consume_1_and_2_with_dataset_expressions
[2024-08-04T20:35:04.211+0530] {logging_mixin.py:188} INFO - [2024-08-04T20:35:04.211+0530] {override.py:1858} INFO - Created Permission View: can read on DAG:consume_1_and_2_with_dataset_expressions
[2024-08-04T20:35:04.214+0530] {logging_mixin.py:188} INFO - [2024-08-04T20:35:04.214+0530] {override.py:1858} INFO - Created Permission View: can delete on DAG:consume_1_and_2_with_dataset_expressions
[2024-08-04T20:35:04.219+0530] {logging_mixin.py:188} INFO - [2024-08-04T20:35:04.219+0530] {override.py:1858} INFO - Created Permission View: can edit on DAG:dataset_produces_2
[2024-08-04T20:35:04.222+0530] {logging_mixin.py:188} INFO - [2024-08-04T20:35:04.222+0530] {override.py:1858} INFO - Created Permission View: can read on DAG:dataset_produces_2
[2024-08-04T20:35:04.225+0530] {logging_mixin.py:188} INFO - [2024-08-04T20:35:04.225+0530] {override.py:1858} INFO - Created Permission View: can delete on DAG:dataset_produces_2
[2024-08-04T20:35:04.230+0530] {logging_mixin.py:188} INFO - [2024-08-04T20:35:04.230+0530] {override.py:1858} INFO - Created Permission View: can edit on DAG:dataset_produces_1
[2024-08-04T20:35:04.233+0530] {logging_mixin.py:188} INFO - [2024-08-04T20:35:04.233+0530] {override.py:1858} INFO - Created Permission View: can read on DAG:dataset_produces_1
[2024-08-04T20:35:04.235+0530] {logging_mixin.py:188} INFO - [2024-08-04T20:35:04.235+0530] {override.py:1858} INFO - Created Permission View: can delete on DAG:dataset_produces_1
[2024-08-04T20:35:04.241+0530] {logging_mixin.py:188} INFO - [2024-08-04T20:35:04.241+0530] {override.py:1858} INFO - Created Permission View: can edit on DAG:dataset_consumes_1_and_2
[2024-08-04T20:35:04.244+0530] {logging_mixin.py:188} INFO - [2024-08-04T20:35:04.243+0530] {override.py:1858} INFO - Created Permission View: can read on DAG:dataset_consumes_1_and_2
[2024-08-04T20:35:04.246+0530] {logging_mixin.py:188} INFO - [2024-08-04T20:35:04.246+0530] {override.py:1858} INFO - Created Permission View: can delete on DAG:dataset_consumes_1_and_2
[2024-08-04T20:35:04.252+0530] {logging_mixin.py:188} INFO - [2024-08-04T20:35:04.251+0530] {override.py:1858} INFO - Created Permission View: can edit on DAG:dataset_consumes_1
[2024-08-04T20:35:04.254+0530] {logging_mixin.py:188} INFO - [2024-08-04T20:35:04.254+0530] {override.py:1858} INFO - Created Permission View: can read on DAG:dataset_consumes_1
[2024-08-04T20:35:04.257+0530] {logging_mixin.py:188} INFO - [2024-08-04T20:35:04.257+0530] {override.py:1858} INFO - Created Permission View: can delete on DAG:dataset_consumes_1
[2024-08-04T20:35:04.257+0530] {logging_mixin.py:188} INFO - [2024-08-04T20:35:04.257+0530] {dag.py:3089} INFO - Sync 10 DAGs
[2024-08-04T20:35:04.263+0530] {logging_mixin.py:188} INFO - [2024-08-04T20:35:04.262+0530] {dag.py:3111} INFO - Creating ORM DAG for conditional_dataset_and_time_based_timetable
[2024-08-04T20:35:04.263+0530] {logging_mixin.py:188} INFO - [2024-08-04T20:35:04.263+0530] {dag.py:3111} INFO - Creating ORM DAG for dataset_consumes_1
[2024-08-04T20:35:04.263+0530] {logging_mixin.py:188} INFO - [2024-08-04T20:35:04.263+0530] {dag.py:3111} INFO - Creating ORM DAG for consume_1_and_2_with_dataset_expressions
[2024-08-04T20:35:04.263+0530] {logging_mixin.py:188} INFO - [2024-08-04T20:35:04.263+0530] {dag.py:3111} INFO - Creating ORM DAG for dataset_produces_1
[2024-08-04T20:35:04.264+0530] {logging_mixin.py:188} INFO - [2024-08-04T20:35:04.264+0530] {dag.py:3111} INFO - Creating ORM DAG for dataset_consumes_1_and_2
[2024-08-04T20:35:04.264+0530] {logging_mixin.py:188} INFO - [2024-08-04T20:35:04.264+0530] {dag.py:3111} INFO - Creating ORM DAG for dataset_consumes_1_never_scheduled
[2024-08-04T20:35:04.264+0530] {logging_mixin.py:188} INFO - [2024-08-04T20:35:04.264+0530] {dag.py:3111} INFO - Creating ORM DAG for dataset_produces_2
[2024-08-04T20:35:04.264+0530] {logging_mixin.py:188} INFO - [2024-08-04T20:35:04.264+0530] {dag.py:3111} INFO - Creating ORM DAG for dataset_consumes_unknown_never_scheduled
[2024-08-04T20:35:04.265+0530] {logging_mixin.py:188} INFO - [2024-08-04T20:35:04.265+0530] {dag.py:3111} INFO - Creating ORM DAG for consume_1_or_2_with_dataset_expressions
[2024-08-04T20:35:04.265+0530] {logging_mixin.py:188} INFO - [2024-08-04T20:35:04.265+0530] {dag.py:3111} INFO - Creating ORM DAG for consume_1_or_both_2_and_3_with_dataset_expressions
[2024-08-04T20:35:04.270+0530] {logging_mixin.py:188} INFO - [2024-08-04T20:35:04.269+0530] {dag.py:3947} INFO - Setting next_dagrun for conditional_dataset_and_time_based_timetable to 2024-07-31 01:00:00+00:00, run_after=2024-07-31 01:00:00+00:00
[2024-08-04T20:35:04.270+0530] {logging_mixin.py:188} INFO - [2024-08-04T20:35:04.270+0530] {dag.py:3947} INFO - Setting next_dagrun for consume_1_and_2_with_dataset_expressions to None, run_after=None
[2024-08-04T20:35:04.270+0530] {logging_mixin.py:188} INFO - [2024-08-04T20:35:04.270+0530] {dag.py:3947} INFO - Setting next_dagrun for consume_1_or_2_with_dataset_expressions to None, run_after=None
[2024-08-04T20:35:04.270+0530] {logging_mixin.py:188} INFO - [2024-08-04T20:35:04.270+0530] {dag.py:3947} INFO - Setting next_dagrun for consume_1_or_both_2_and_3_with_dataset_expressions to None, run_after=None
[2024-08-04T20:35:04.270+0530] {logging_mixin.py:188} INFO - [2024-08-04T20:35:04.270+0530] {dag.py:3947} INFO - Setting next_dagrun for dataset_consumes_1 to None, run_after=None
[2024-08-04T20:35:04.271+0530] {logging_mixin.py:188} INFO - [2024-08-04T20:35:04.271+0530] {dag.py:3947} INFO - Setting next_dagrun for dataset_consumes_1_and_2 to None, run_after=None
[2024-08-04T20:35:04.271+0530] {logging_mixin.py:188} INFO - [2024-08-04T20:35:04.271+0530] {dag.py:3947} INFO - Setting next_dagrun for dataset_consumes_1_never_scheduled to None, run_after=None
[2024-08-04T20:35:04.271+0530] {logging_mixin.py:188} INFO - [2024-08-04T20:35:04.271+0530] {dag.py:3947} INFO - Setting next_dagrun for dataset_consumes_unknown_never_scheduled to None, run_after=None
[2024-08-04T20:35:04.272+0530] {logging_mixin.py:188} INFO - [2024-08-04T20:35:04.272+0530] {dag.py:3947} INFO - Setting next_dagrun for dataset_produces_1 to 2024-08-03 00:00:00+00:00, run_after=2024-08-04 00:00:00+00:00
[2024-08-04T20:35:04.272+0530] {logging_mixin.py:188} INFO - [2024-08-04T20:35:04.272+0530] {dag.py:3947} INFO - Setting next_dagrun for dataset_produces_2 to None, run_after=None
[2024-08-04T20:35:04.291+0530] {processor.py:183} INFO - Processing /Users/deepanshu/Desktop/etc-spark-airflow/env/lib/python3.12/site-packages/airflow/example_dags/example_datasets.py took 0.283 seconds
[2024-08-04T20:38:45.376+0530] {processor.py:161} INFO - Started process (PID=58173) to work on /Users/deepanshu/Desktop/etc-spark-airflow/env/lib/python3.12/site-packages/airflow/example_dags/example_datasets.py
[2024-08-04T20:38:45.377+0530] {processor.py:830} INFO - Processing file /Users/deepanshu/Desktop/etc-spark-airflow/env/lib/python3.12/site-packages/airflow/example_dags/example_datasets.py for tasks to queue
[2024-08-04T20:38:45.377+0530] {logging_mixin.py:188} INFO - [2024-08-04T20:38:45.377+0530] {dagbag.py:545} INFO - Filling up the DagBag from /Users/deepanshu/Desktop/etc-spark-airflow/env/lib/python3.12/site-packages/airflow/example_dags/example_datasets.py
[2024-08-04T20:38:45.406+0530] {processor.py:840} INFO - DAG(s) 'consume_1_or_2_with_dataset_expressions', 'dataset_consumes_unknown_never_scheduled', 'consume_1_or_both_2_and_3_with_dataset_expressions', 'dataset_consumes_1_never_scheduled', 'conditional_dataset_and_time_based_timetable', 'dataset_produces_1', 'dataset_consumes_1', 'consume_1_and_2_with_dataset_expressions', 'dataset_produces_2', 'dataset_consumes_1_and_2' retrieved from /Users/deepanshu/Desktop/etc-spark-airflow/env/lib/python3.12/site-packages/airflow/example_dags/example_datasets.py
[2024-08-04T20:38:45.471+0530] {logging_mixin.py:188} INFO - [2024-08-04T20:38:45.471+0530] {dag.py:3089} INFO - Sync 10 DAGs
[2024-08-04T20:38:45.481+0530] {logging_mixin.py:188} INFO - [2024-08-04T20:38:45.481+0530] {dag.py:3947} INFO - Setting next_dagrun for conditional_dataset_and_time_based_timetable to 2024-07-31 01:00:00+00:00, run_after=2024-07-31 01:00:00+00:00
[2024-08-04T20:38:45.483+0530] {logging_mixin.py:188} INFO - [2024-08-04T20:38:45.483+0530] {dag.py:3947} INFO - Setting next_dagrun for consume_1_and_2_with_dataset_expressions to None, run_after=None
[2024-08-04T20:38:45.483+0530] {logging_mixin.py:188} INFO - [2024-08-04T20:38:45.483+0530] {dag.py:3947} INFO - Setting next_dagrun for consume_1_or_2_with_dataset_expressions to None, run_after=None
[2024-08-04T20:38:45.484+0530] {logging_mixin.py:188} INFO - [2024-08-04T20:38:45.484+0530] {dag.py:3947} INFO - Setting next_dagrun for consume_1_or_both_2_and_3_with_dataset_expressions to None, run_after=None
[2024-08-04T20:38:45.484+0530] {logging_mixin.py:188} INFO - [2024-08-04T20:38:45.484+0530] {dag.py:3947} INFO - Setting next_dagrun for dataset_consumes_1 to None, run_after=None
[2024-08-04T20:38:45.485+0530] {logging_mixin.py:188} INFO - [2024-08-04T20:38:45.485+0530] {dag.py:3947} INFO - Setting next_dagrun for dataset_consumes_1_and_2 to None, run_after=None
[2024-08-04T20:38:45.485+0530] {logging_mixin.py:188} INFO - [2024-08-04T20:38:45.485+0530] {dag.py:3947} INFO - Setting next_dagrun for dataset_consumes_1_never_scheduled to None, run_after=None
[2024-08-04T20:38:45.486+0530] {logging_mixin.py:188} INFO - [2024-08-04T20:38:45.485+0530] {dag.py:3947} INFO - Setting next_dagrun for dataset_consumes_unknown_never_scheduled to None, run_after=None
[2024-08-04T20:38:45.487+0530] {logging_mixin.py:188} INFO - [2024-08-04T20:38:45.486+0530] {dag.py:3947} INFO - Setting next_dagrun for dataset_produces_1 to 2024-08-03 00:00:00+00:00, run_after=2024-08-04 00:00:00+00:00
[2024-08-04T20:38:45.487+0530] {logging_mixin.py:188} INFO - [2024-08-04T20:38:45.487+0530] {dag.py:3947} INFO - Setting next_dagrun for dataset_produces_2 to None, run_after=None
[2024-08-04T20:38:45.501+0530] {processor.py:183} INFO - Processing /Users/deepanshu/Desktop/etc-spark-airflow/env/lib/python3.12/site-packages/airflow/example_dags/example_datasets.py took 0.127 seconds
[2024-08-04T20:42:06.570+0530] {processor.py:161} INFO - Started process (PID=59675) to work on /Users/deepanshu/Desktop/etc-spark-airflow/env/lib/python3.12/site-packages/airflow/example_dags/example_datasets.py
[2024-08-04T20:42:06.571+0530] {processor.py:830} INFO - Processing file /Users/deepanshu/Desktop/etc-spark-airflow/env/lib/python3.12/site-packages/airflow/example_dags/example_datasets.py for tasks to queue
[2024-08-04T20:42:06.572+0530] {logging_mixin.py:188} INFO - [2024-08-04T20:42:06.572+0530] {dagbag.py:545} INFO - Filling up the DagBag from /Users/deepanshu/Desktop/etc-spark-airflow/env/lib/python3.12/site-packages/airflow/example_dags/example_datasets.py
[2024-08-04T20:42:06.606+0530] {processor.py:840} INFO - DAG(s) 'dataset_consumes_1', 'dataset_produces_1', 'dataset_produces_2', 'conditional_dataset_and_time_based_timetable', 'consume_1_or_2_with_dataset_expressions', 'dataset_consumes_1_and_2', 'dataset_consumes_unknown_never_scheduled', 'consume_1_and_2_with_dataset_expressions', 'dataset_consumes_1_never_scheduled', 'consume_1_or_both_2_and_3_with_dataset_expressions' retrieved from /Users/deepanshu/Desktop/etc-spark-airflow/env/lib/python3.12/site-packages/airflow/example_dags/example_datasets.py
[2024-08-04T20:42:06.672+0530] {logging_mixin.py:188} INFO - [2024-08-04T20:42:06.672+0530] {dag.py:3089} INFO - Sync 10 DAGs
[2024-08-04T20:42:06.682+0530] {logging_mixin.py:188} INFO - [2024-08-04T20:42:06.682+0530] {dag.py:3947} INFO - Setting next_dagrun for conditional_dataset_and_time_based_timetable to 2024-07-31 01:00:00+00:00, run_after=2024-07-31 01:00:00+00:00
[2024-08-04T20:42:06.684+0530] {logging_mixin.py:188} INFO - [2024-08-04T20:42:06.684+0530] {dag.py:3947} INFO - Setting next_dagrun for consume_1_and_2_with_dataset_expressions to None, run_after=None
[2024-08-04T20:42:06.684+0530] {logging_mixin.py:188} INFO - [2024-08-04T20:42:06.684+0530] {dag.py:3947} INFO - Setting next_dagrun for consume_1_or_2_with_dataset_expressions to None, run_after=None
[2024-08-04T20:42:06.685+0530] {logging_mixin.py:188} INFO - [2024-08-04T20:42:06.685+0530] {dag.py:3947} INFO - Setting next_dagrun for consume_1_or_both_2_and_3_with_dataset_expressions to None, run_after=None
[2024-08-04T20:42:06.685+0530] {logging_mixin.py:188} INFO - [2024-08-04T20:42:06.685+0530] {dag.py:3947} INFO - Setting next_dagrun for dataset_consumes_1 to None, run_after=None
[2024-08-04T20:42:06.686+0530] {logging_mixin.py:188} INFO - [2024-08-04T20:42:06.686+0530] {dag.py:3947} INFO - Setting next_dagrun for dataset_consumes_1_and_2 to None, run_after=None
[2024-08-04T20:42:06.686+0530] {logging_mixin.py:188} INFO - [2024-08-04T20:42:06.686+0530] {dag.py:3947} INFO - Setting next_dagrun for dataset_consumes_1_never_scheduled to None, run_after=None
[2024-08-04T20:42:06.687+0530] {logging_mixin.py:188} INFO - [2024-08-04T20:42:06.686+0530] {dag.py:3947} INFO - Setting next_dagrun for dataset_consumes_unknown_never_scheduled to None, run_after=None
[2024-08-04T20:42:06.687+0530] {logging_mixin.py:188} INFO - [2024-08-04T20:42:06.687+0530] {dag.py:3947} INFO - Setting next_dagrun for dataset_produces_1 to 2024-08-03 00:00:00+00:00, run_after=2024-08-04 00:00:00+00:00
[2024-08-04T20:42:06.688+0530] {logging_mixin.py:188} INFO - [2024-08-04T20:42:06.688+0530] {dag.py:3947} INFO - Setting next_dagrun for dataset_produces_2 to None, run_after=None
[2024-08-04T20:42:06.702+0530] {processor.py:183} INFO - Processing /Users/deepanshu/Desktop/etc-spark-airflow/env/lib/python3.12/site-packages/airflow/example_dags/example_datasets.py took 0.134 seconds
[2024-08-04T20:45:54.675+0530] {processor.py:161} INFO - Started process (PID=61310) to work on /Users/deepanshu/Desktop/etc-spark-airflow/env/lib/python3.12/site-packages/airflow/example_dags/example_datasets.py
[2024-08-04T20:45:54.676+0530] {processor.py:830} INFO - Processing file /Users/deepanshu/Desktop/etc-spark-airflow/env/lib/python3.12/site-packages/airflow/example_dags/example_datasets.py for tasks to queue
[2024-08-04T20:45:54.676+0530] {logging_mixin.py:188} INFO - [2024-08-04T20:45:54.676+0530] {dagbag.py:545} INFO - Filling up the DagBag from /Users/deepanshu/Desktop/etc-spark-airflow/env/lib/python3.12/site-packages/airflow/example_dags/example_datasets.py
[2024-08-04T20:45:54.710+0530] {processor.py:840} INFO - DAG(s) 'dataset_consumes_unknown_never_scheduled', 'dataset_produces_2', 'consume_1_and_2_with_dataset_expressions', 'consume_1_or_2_with_dataset_expressions', 'consume_1_or_both_2_and_3_with_dataset_expressions', 'conditional_dataset_and_time_based_timetable', 'dataset_consumes_1_never_scheduled', 'dataset_consumes_1', 'dataset_produces_1', 'dataset_consumes_1_and_2' retrieved from /Users/deepanshu/Desktop/etc-spark-airflow/env/lib/python3.12/site-packages/airflow/example_dags/example_datasets.py
[2024-08-04T20:45:54.774+0530] {logging_mixin.py:188} INFO - [2024-08-04T20:45:54.774+0530] {dag.py:3089} INFO - Sync 10 DAGs
[2024-08-04T20:45:54.785+0530] {logging_mixin.py:188} INFO - [2024-08-04T20:45:54.785+0530] {dag.py:3947} INFO - Setting next_dagrun for conditional_dataset_and_time_based_timetable to 2024-07-31 01:00:00+00:00, run_after=2024-07-31 01:00:00+00:00
[2024-08-04T20:45:54.787+0530] {logging_mixin.py:188} INFO - [2024-08-04T20:45:54.786+0530] {dag.py:3947} INFO - Setting next_dagrun for consume_1_and_2_with_dataset_expressions to None, run_after=None
[2024-08-04T20:45:54.787+0530] {logging_mixin.py:188} INFO - [2024-08-04T20:45:54.787+0530] {dag.py:3947} INFO - Setting next_dagrun for consume_1_or_2_with_dataset_expressions to None, run_after=None
[2024-08-04T20:45:54.788+0530] {logging_mixin.py:188} INFO - [2024-08-04T20:45:54.787+0530] {dag.py:3947} INFO - Setting next_dagrun for consume_1_or_both_2_and_3_with_dataset_expressions to None, run_after=None
[2024-08-04T20:45:54.788+0530] {logging_mixin.py:188} INFO - [2024-08-04T20:45:54.788+0530] {dag.py:3947} INFO - Setting next_dagrun for dataset_consumes_1 to None, run_after=None
[2024-08-04T20:45:54.788+0530] {logging_mixin.py:188} INFO - [2024-08-04T20:45:54.788+0530] {dag.py:3947} INFO - Setting next_dagrun for dataset_consumes_1_and_2 to None, run_after=None
[2024-08-04T20:45:54.789+0530] {logging_mixin.py:188} INFO - [2024-08-04T20:45:54.789+0530] {dag.py:3947} INFO - Setting next_dagrun for dataset_consumes_1_never_scheduled to None, run_after=None
[2024-08-04T20:45:54.789+0530] {logging_mixin.py:188} INFO - [2024-08-04T20:45:54.789+0530] {dag.py:3947} INFO - Setting next_dagrun for dataset_consumes_unknown_never_scheduled to None, run_after=None
[2024-08-04T20:45:54.790+0530] {logging_mixin.py:188} INFO - [2024-08-04T20:45:54.790+0530] {dag.py:3947} INFO - Setting next_dagrun for dataset_produces_1 to 2024-08-03 00:00:00+00:00, run_after=2024-08-04 00:00:00+00:00
[2024-08-04T20:45:54.790+0530] {logging_mixin.py:188} INFO - [2024-08-04T20:45:54.790+0530] {dag.py:3947} INFO - Setting next_dagrun for dataset_produces_2 to None, run_after=None
[2024-08-04T20:45:54.805+0530] {processor.py:183} INFO - Processing /Users/deepanshu/Desktop/etc-spark-airflow/env/lib/python3.12/site-packages/airflow/example_dags/example_datasets.py took 0.132 seconds
[2024-08-04T20:48:33.813+0530] {processor.py:161} INFO - Started process (PID=62428) to work on /Users/deepanshu/Desktop/etc-spark-airflow/env/lib/python3.12/site-packages/airflow/example_dags/example_datasets.py
[2024-08-04T20:48:33.815+0530] {processor.py:830} INFO - Processing file /Users/deepanshu/Desktop/etc-spark-airflow/env/lib/python3.12/site-packages/airflow/example_dags/example_datasets.py for tasks to queue
[2024-08-04T20:48:33.815+0530] {logging_mixin.py:188} INFO - [2024-08-04T20:48:33.815+0530] {dagbag.py:545} INFO - Filling up the DagBag from /Users/deepanshu/Desktop/etc-spark-airflow/env/lib/python3.12/site-packages/airflow/example_dags/example_datasets.py
[2024-08-04T20:48:33.848+0530] {processor.py:840} INFO - DAG(s) 'consume_1_or_2_with_dataset_expressions', 'consume_1_and_2_with_dataset_expressions', 'dataset_produces_2', 'dataset_consumes_unknown_never_scheduled', 'dataset_consumes_1_and_2', 'dataset_consumes_1', 'dataset_produces_1', 'consume_1_or_both_2_and_3_with_dataset_expressions', 'conditional_dataset_and_time_based_timetable', 'dataset_consumes_1_never_scheduled' retrieved from /Users/deepanshu/Desktop/etc-spark-airflow/env/lib/python3.12/site-packages/airflow/example_dags/example_datasets.py
[2024-08-04T20:48:33.912+0530] {logging_mixin.py:188} INFO - [2024-08-04T20:48:33.912+0530] {dag.py:3089} INFO - Sync 10 DAGs
[2024-08-04T20:48:33.923+0530] {logging_mixin.py:188} INFO - [2024-08-04T20:48:33.922+0530] {dag.py:3947} INFO - Setting next_dagrun for conditional_dataset_and_time_based_timetable to 2024-07-31 01:00:00+00:00, run_after=2024-07-31 01:00:00+00:00
[2024-08-04T20:48:33.924+0530] {logging_mixin.py:188} INFO - [2024-08-04T20:48:33.924+0530] {dag.py:3947} INFO - Setting next_dagrun for consume_1_and_2_with_dataset_expressions to None, run_after=None
[2024-08-04T20:48:33.925+0530] {logging_mixin.py:188} INFO - [2024-08-04T20:48:33.925+0530] {dag.py:3947} INFO - Setting next_dagrun for consume_1_or_2_with_dataset_expressions to None, run_after=None
[2024-08-04T20:48:33.925+0530] {logging_mixin.py:188} INFO - [2024-08-04T20:48:33.925+0530] {dag.py:3947} INFO - Setting next_dagrun for consume_1_or_both_2_and_3_with_dataset_expressions to None, run_after=None
[2024-08-04T20:48:33.926+0530] {logging_mixin.py:188} INFO - [2024-08-04T20:48:33.926+0530] {dag.py:3947} INFO - Setting next_dagrun for dataset_consumes_1 to None, run_after=None
[2024-08-04T20:48:33.926+0530] {logging_mixin.py:188} INFO - [2024-08-04T20:48:33.926+0530] {dag.py:3947} INFO - Setting next_dagrun for dataset_consumes_1_and_2 to None, run_after=None
[2024-08-04T20:48:33.927+0530] {logging_mixin.py:188} INFO - [2024-08-04T20:48:33.926+0530] {dag.py:3947} INFO - Setting next_dagrun for dataset_consumes_1_never_scheduled to None, run_after=None
[2024-08-04T20:48:33.927+0530] {logging_mixin.py:188} INFO - [2024-08-04T20:48:33.927+0530] {dag.py:3947} INFO - Setting next_dagrun for dataset_consumes_unknown_never_scheduled to None, run_after=None
[2024-08-04T20:48:33.928+0530] {logging_mixin.py:188} INFO - [2024-08-04T20:48:33.928+0530] {dag.py:3947} INFO - Setting next_dagrun for dataset_produces_1 to 2024-08-03 00:00:00+00:00, run_after=2024-08-04 00:00:00+00:00
[2024-08-04T20:48:33.928+0530] {logging_mixin.py:188} INFO - [2024-08-04T20:48:33.928+0530] {dag.py:3947} INFO - Setting next_dagrun for dataset_produces_2 to None, run_after=None
[2024-08-04T20:48:33.943+0530] {processor.py:183} INFO - Processing /Users/deepanshu/Desktop/etc-spark-airflow/env/lib/python3.12/site-packages/airflow/example_dags/example_datasets.py took 0.131 seconds
[2024-08-04T20:51:51.991+0530] {processor.py:161} INFO - Started process (PID=63817) to work on /Users/deepanshu/Desktop/etc-spark-airflow/env/lib/python3.12/site-packages/airflow/example_dags/example_datasets.py
[2024-08-04T20:51:51.992+0530] {processor.py:830} INFO - Processing file /Users/deepanshu/Desktop/etc-spark-airflow/env/lib/python3.12/site-packages/airflow/example_dags/example_datasets.py for tasks to queue
[2024-08-04T20:51:51.993+0530] {logging_mixin.py:188} INFO - [2024-08-04T20:51:51.993+0530] {dagbag.py:545} INFO - Filling up the DagBag from /Users/deepanshu/Desktop/etc-spark-airflow/env/lib/python3.12/site-packages/airflow/example_dags/example_datasets.py
[2024-08-04T20:51:52.026+0530] {processor.py:840} INFO - DAG(s) 'dataset_consumes_unknown_never_scheduled', 'consume_1_and_2_with_dataset_expressions', 'dataset_consumes_1', 'consume_1_or_both_2_and_3_with_dataset_expressions', 'dataset_consumes_1_never_scheduled', 'dataset_produces_1', 'conditional_dataset_and_time_based_timetable', 'dataset_consumes_1_and_2', 'consume_1_or_2_with_dataset_expressions', 'dataset_produces_2' retrieved from /Users/deepanshu/Desktop/etc-spark-airflow/env/lib/python3.12/site-packages/airflow/example_dags/example_datasets.py
[2024-08-04T20:51:52.090+0530] {logging_mixin.py:188} INFO - [2024-08-04T20:51:52.090+0530] {dag.py:3089} INFO - Sync 10 DAGs
[2024-08-04T20:51:52.101+0530] {logging_mixin.py:188} INFO - [2024-08-04T20:51:52.101+0530] {dag.py:3947} INFO - Setting next_dagrun for conditional_dataset_and_time_based_timetable to 2024-07-31 01:00:00+00:00, run_after=2024-07-31 01:00:00+00:00
[2024-08-04T20:51:52.103+0530] {logging_mixin.py:188} INFO - [2024-08-04T20:51:52.102+0530] {dag.py:3947} INFO - Setting next_dagrun for consume_1_and_2_with_dataset_expressions to None, run_after=None
[2024-08-04T20:51:52.103+0530] {logging_mixin.py:188} INFO - [2024-08-04T20:51:52.103+0530] {dag.py:3947} INFO - Setting next_dagrun for consume_1_or_2_with_dataset_expressions to None, run_after=None
[2024-08-04T20:51:52.104+0530] {logging_mixin.py:188} INFO - [2024-08-04T20:51:52.103+0530] {dag.py:3947} INFO - Setting next_dagrun for consume_1_or_both_2_and_3_with_dataset_expressions to None, run_after=None
[2024-08-04T20:51:52.104+0530] {logging_mixin.py:188} INFO - [2024-08-04T20:51:52.104+0530] {dag.py:3947} INFO - Setting next_dagrun for dataset_consumes_1 to None, run_after=None
[2024-08-04T20:51:52.104+0530] {logging_mixin.py:188} INFO - [2024-08-04T20:51:52.104+0530] {dag.py:3947} INFO - Setting next_dagrun for dataset_consumes_1_and_2 to None, run_after=None
[2024-08-04T20:51:52.105+0530] {logging_mixin.py:188} INFO - [2024-08-04T20:51:52.105+0530] {dag.py:3947} INFO - Setting next_dagrun for dataset_consumes_1_never_scheduled to None, run_after=None
[2024-08-04T20:51:52.105+0530] {logging_mixin.py:188} INFO - [2024-08-04T20:51:52.105+0530] {dag.py:3947} INFO - Setting next_dagrun for dataset_consumes_unknown_never_scheduled to None, run_after=None
[2024-08-04T20:51:52.106+0530] {logging_mixin.py:188} INFO - [2024-08-04T20:51:52.106+0530] {dag.py:3947} INFO - Setting next_dagrun for dataset_produces_1 to 2024-08-03 00:00:00+00:00, run_after=2024-08-04 00:00:00+00:00
[2024-08-04T20:51:52.106+0530] {logging_mixin.py:188} INFO - [2024-08-04T20:51:52.106+0530] {dag.py:3947} INFO - Setting next_dagrun for dataset_produces_2 to None, run_after=None
[2024-08-04T20:51:52.121+0530] {processor.py:183} INFO - Processing /Users/deepanshu/Desktop/etc-spark-airflow/env/lib/python3.12/site-packages/airflow/example_dags/example_datasets.py took 0.132 seconds
[2024-08-04T20:55:53.225+0530] {processor.py:161} INFO - Started process (PID=65611) to work on /Users/deepanshu/Desktop/etc-spark-airflow/env/lib/python3.12/site-packages/airflow/example_dags/example_datasets.py
[2024-08-04T20:55:53.226+0530] {processor.py:830} INFO - Processing file /Users/deepanshu/Desktop/etc-spark-airflow/env/lib/python3.12/site-packages/airflow/example_dags/example_datasets.py for tasks to queue
[2024-08-04T20:55:53.227+0530] {logging_mixin.py:188} INFO - [2024-08-04T20:55:53.227+0530] {dagbag.py:545} INFO - Filling up the DagBag from /Users/deepanshu/Desktop/etc-spark-airflow/env/lib/python3.12/site-packages/airflow/example_dags/example_datasets.py
[2024-08-04T20:55:53.261+0530] {processor.py:840} INFO - DAG(s) 'consume_1_or_2_with_dataset_expressions', 'conditional_dataset_and_time_based_timetable', 'dataset_consumes_1_never_scheduled', 'dataset_produces_2', 'consume_1_or_both_2_and_3_with_dataset_expressions', 'dataset_consumes_unknown_never_scheduled', 'dataset_consumes_1_and_2', 'dataset_produces_1', 'consume_1_and_2_with_dataset_expressions', 'dataset_consumes_1' retrieved from /Users/deepanshu/Desktop/etc-spark-airflow/env/lib/python3.12/site-packages/airflow/example_dags/example_datasets.py
[2024-08-04T20:55:53.335+0530] {logging_mixin.py:188} INFO - [2024-08-04T20:55:53.335+0530] {dag.py:3089} INFO - Sync 10 DAGs
[2024-08-04T20:55:53.346+0530] {logging_mixin.py:188} INFO - [2024-08-04T20:55:53.346+0530] {dag.py:3947} INFO - Setting next_dagrun for conditional_dataset_and_time_based_timetable to 2024-07-31 01:00:00+00:00, run_after=2024-07-31 01:00:00+00:00
[2024-08-04T20:55:53.349+0530] {logging_mixin.py:188} INFO - [2024-08-04T20:55:53.348+0530] {dag.py:3947} INFO - Setting next_dagrun for consume_1_and_2_with_dataset_expressions to None, run_after=None
[2024-08-04T20:55:53.349+0530] {logging_mixin.py:188} INFO - [2024-08-04T20:55:53.349+0530] {dag.py:3947} INFO - Setting next_dagrun for consume_1_or_2_with_dataset_expressions to None, run_after=None
[2024-08-04T20:55:53.350+0530] {logging_mixin.py:188} INFO - [2024-08-04T20:55:53.349+0530] {dag.py:3947} INFO - Setting next_dagrun for consume_1_or_both_2_and_3_with_dataset_expressions to None, run_after=None
[2024-08-04T20:55:53.350+0530] {logging_mixin.py:188} INFO - [2024-08-04T20:55:53.350+0530] {dag.py:3947} INFO - Setting next_dagrun for dataset_consumes_1 to None, run_after=None
[2024-08-04T20:55:53.350+0530] {logging_mixin.py:188} INFO - [2024-08-04T20:55:53.350+0530] {dag.py:3947} INFO - Setting next_dagrun for dataset_consumes_1_and_2 to None, run_after=None
[2024-08-04T20:55:53.351+0530] {logging_mixin.py:188} INFO - [2024-08-04T20:55:53.351+0530] {dag.py:3947} INFO - Setting next_dagrun for dataset_consumes_1_never_scheduled to None, run_after=None
[2024-08-04T20:55:53.351+0530] {logging_mixin.py:188} INFO - [2024-08-04T20:55:53.351+0530] {dag.py:3947} INFO - Setting next_dagrun for dataset_consumes_unknown_never_scheduled to None, run_after=None
[2024-08-04T20:55:53.352+0530] {logging_mixin.py:188} INFO - [2024-08-04T20:55:53.352+0530] {dag.py:3947} INFO - Setting next_dagrun for dataset_produces_1 to 2024-08-03 00:00:00+00:00, run_after=2024-08-04 00:00:00+00:00
[2024-08-04T20:55:53.353+0530] {logging_mixin.py:188} INFO - [2024-08-04T20:55:53.353+0530] {dag.py:3947} INFO - Setting next_dagrun for dataset_produces_2 to None, run_after=None
[2024-08-04T20:55:53.369+0530] {processor.py:183} INFO - Processing /Users/deepanshu/Desktop/etc-spark-airflow/env/lib/python3.12/site-packages/airflow/example_dags/example_datasets.py took 0.146 seconds
[2024-08-04T21:02:08.729+0530] {processor.py:161} INFO - Started process (PID=68759) to work on /Users/deepanshu/Desktop/etc-spark-airflow/env/lib/python3.12/site-packages/airflow/example_dags/example_datasets.py
[2024-08-04T21:02:08.730+0530] {processor.py:830} INFO - Processing file /Users/deepanshu/Desktop/etc-spark-airflow/env/lib/python3.12/site-packages/airflow/example_dags/example_datasets.py for tasks to queue
[2024-08-04T21:02:08.731+0530] {logging_mixin.py:188} INFO - [2024-08-04T21:02:08.730+0530] {dagbag.py:545} INFO - Filling up the DagBag from /Users/deepanshu/Desktop/etc-spark-airflow/env/lib/python3.12/site-packages/airflow/example_dags/example_datasets.py
[2024-08-04T21:02:08.762+0530] {processor.py:840} INFO - DAG(s) 'dataset_consumes_1_never_scheduled', 'dataset_consumes_1', 'dataset_consumes_1_and_2', 'consume_1_and_2_with_dataset_expressions', 'dataset_consumes_unknown_never_scheduled', 'consume_1_or_2_with_dataset_expressions', 'conditional_dataset_and_time_based_timetable', 'consume_1_or_both_2_and_3_with_dataset_expressions', 'dataset_produces_2', 'dataset_produces_1' retrieved from /Users/deepanshu/Desktop/etc-spark-airflow/env/lib/python3.12/site-packages/airflow/example_dags/example_datasets.py
[2024-08-04T21:02:08.826+0530] {logging_mixin.py:188} INFO - [2024-08-04T21:02:08.826+0530] {dag.py:3089} INFO - Sync 10 DAGs
[2024-08-04T21:02:08.836+0530] {logging_mixin.py:188} INFO - [2024-08-04T21:02:08.836+0530] {dag.py:3947} INFO - Setting next_dagrun for conditional_dataset_and_time_based_timetable to 2024-07-31 01:00:00+00:00, run_after=2024-07-31 01:00:00+00:00
[2024-08-04T21:02:08.838+0530] {logging_mixin.py:188} INFO - [2024-08-04T21:02:08.838+0530] {dag.py:3947} INFO - Setting next_dagrun for consume_1_and_2_with_dataset_expressions to None, run_after=None
[2024-08-04T21:02:08.839+0530] {logging_mixin.py:188} INFO - [2024-08-04T21:02:08.838+0530] {dag.py:3947} INFO - Setting next_dagrun for consume_1_or_2_with_dataset_expressions to None, run_after=None
[2024-08-04T21:02:08.839+0530] {logging_mixin.py:188} INFO - [2024-08-04T21:02:08.839+0530] {dag.py:3947} INFO - Setting next_dagrun for consume_1_or_both_2_and_3_with_dataset_expressions to None, run_after=None
[2024-08-04T21:02:08.839+0530] {logging_mixin.py:188} INFO - [2024-08-04T21:02:08.839+0530] {dag.py:3947} INFO - Setting next_dagrun for dataset_consumes_1 to None, run_after=None
[2024-08-04T21:02:08.840+0530] {logging_mixin.py:188} INFO - [2024-08-04T21:02:08.840+0530] {dag.py:3947} INFO - Setting next_dagrun for dataset_consumes_1_and_2 to None, run_after=None
[2024-08-04T21:02:08.840+0530] {logging_mixin.py:188} INFO - [2024-08-04T21:02:08.840+0530] {dag.py:3947} INFO - Setting next_dagrun for dataset_consumes_1_never_scheduled to None, run_after=None
[2024-08-04T21:02:08.841+0530] {logging_mixin.py:188} INFO - [2024-08-04T21:02:08.841+0530] {dag.py:3947} INFO - Setting next_dagrun for dataset_consumes_unknown_never_scheduled to None, run_after=None
[2024-08-04T21:02:08.842+0530] {logging_mixin.py:188} INFO - [2024-08-04T21:02:08.841+0530] {dag.py:3947} INFO - Setting next_dagrun for dataset_produces_1 to 2024-08-03 00:00:00+00:00, run_after=2024-08-04 00:00:00+00:00
[2024-08-04T21:02:08.842+0530] {logging_mixin.py:188} INFO - [2024-08-04T21:02:08.842+0530] {dag.py:3947} INFO - Setting next_dagrun for dataset_produces_2 to None, run_after=None
[2024-08-04T21:02:08.857+0530] {processor.py:183} INFO - Processing /Users/deepanshu/Desktop/etc-spark-airflow/env/lib/python3.12/site-packages/airflow/example_dags/example_datasets.py took 0.129 seconds
[2024-08-04T21:04:14.080+0530] {processor.py:161} INFO - Started process (PID=69643) to work on /Users/deepanshu/Desktop/etc-spark-airflow/env/lib/python3.12/site-packages/airflow/example_dags/example_datasets.py
[2024-08-04T21:04:14.081+0530] {processor.py:830} INFO - Processing file /Users/deepanshu/Desktop/etc-spark-airflow/env/lib/python3.12/site-packages/airflow/example_dags/example_datasets.py for tasks to queue
[2024-08-04T21:04:14.082+0530] {logging_mixin.py:188} INFO - [2024-08-04T21:04:14.081+0530] {dagbag.py:545} INFO - Filling up the DagBag from /Users/deepanshu/Desktop/etc-spark-airflow/env/lib/python3.12/site-packages/airflow/example_dags/example_datasets.py
[2024-08-04T21:04:14.116+0530] {processor.py:840} INFO - DAG(s) 'dataset_consumes_1_never_scheduled', 'conditional_dataset_and_time_based_timetable', 'consume_1_or_both_2_and_3_with_dataset_expressions', 'dataset_consumes_1_and_2', 'dataset_produces_1', 'dataset_consumes_unknown_never_scheduled', 'dataset_consumes_1', 'dataset_produces_2', 'consume_1_and_2_with_dataset_expressions', 'consume_1_or_2_with_dataset_expressions' retrieved from /Users/deepanshu/Desktop/etc-spark-airflow/env/lib/python3.12/site-packages/airflow/example_dags/example_datasets.py
[2024-08-04T21:04:14.180+0530] {logging_mixin.py:188} INFO - [2024-08-04T21:04:14.180+0530] {dag.py:3089} INFO - Sync 10 DAGs
[2024-08-04T21:04:14.190+0530] {logging_mixin.py:188} INFO - [2024-08-04T21:04:14.190+0530] {dag.py:3947} INFO - Setting next_dagrun for conditional_dataset_and_time_based_timetable to 2024-07-31 01:00:00+00:00, run_after=2024-07-31 01:00:00+00:00
[2024-08-04T21:04:14.192+0530] {logging_mixin.py:188} INFO - [2024-08-04T21:04:14.192+0530] {dag.py:3947} INFO - Setting next_dagrun for consume_1_and_2_with_dataset_expressions to None, run_after=None
[2024-08-04T21:04:14.193+0530] {logging_mixin.py:188} INFO - [2024-08-04T21:04:14.192+0530] {dag.py:3947} INFO - Setting next_dagrun for consume_1_or_2_with_dataset_expressions to None, run_after=None
[2024-08-04T21:04:14.193+0530] {logging_mixin.py:188} INFO - [2024-08-04T21:04:14.193+0530] {dag.py:3947} INFO - Setting next_dagrun for consume_1_or_both_2_and_3_with_dataset_expressions to None, run_after=None
[2024-08-04T21:04:14.193+0530] {logging_mixin.py:188} INFO - [2024-08-04T21:04:14.193+0530] {dag.py:3947} INFO - Setting next_dagrun for dataset_consumes_1 to None, run_after=None
[2024-08-04T21:04:14.194+0530] {logging_mixin.py:188} INFO - [2024-08-04T21:04:14.194+0530] {dag.py:3947} INFO - Setting next_dagrun for dataset_consumes_1_and_2 to None, run_after=None
[2024-08-04T21:04:14.194+0530] {logging_mixin.py:188} INFO - [2024-08-04T21:04:14.194+0530] {dag.py:3947} INFO - Setting next_dagrun for dataset_consumes_1_never_scheduled to None, run_after=None
[2024-08-04T21:04:14.195+0530] {logging_mixin.py:188} INFO - [2024-08-04T21:04:14.194+0530] {dag.py:3947} INFO - Setting next_dagrun for dataset_consumes_unknown_never_scheduled to None, run_after=None
[2024-08-04T21:04:14.195+0530] {logging_mixin.py:188} INFO - [2024-08-04T21:04:14.195+0530] {dag.py:3947} INFO - Setting next_dagrun for dataset_produces_1 to 2024-08-03 00:00:00+00:00, run_after=2024-08-04 00:00:00+00:00
[2024-08-04T21:04:14.196+0530] {logging_mixin.py:188} INFO - [2024-08-04T21:04:14.196+0530] {dag.py:3947} INFO - Setting next_dagrun for dataset_produces_2 to None, run_after=None
[2024-08-04T21:04:14.210+0530] {processor.py:183} INFO - Processing /Users/deepanshu/Desktop/etc-spark-airflow/env/lib/python3.12/site-packages/airflow/example_dags/example_datasets.py took 0.132 seconds
[2024-08-04T21:06:45.537+0530] {processor.py:161} INFO - Started process (PID=70704) to work on /Users/deepanshu/Desktop/etc-spark-airflow/env/lib/python3.12/site-packages/airflow/example_dags/example_datasets.py
[2024-08-04T21:06:45.538+0530] {processor.py:830} INFO - Processing file /Users/deepanshu/Desktop/etc-spark-airflow/env/lib/python3.12/site-packages/airflow/example_dags/example_datasets.py for tasks to queue
[2024-08-04T21:06:45.539+0530] {logging_mixin.py:188} INFO - [2024-08-04T21:06:45.539+0530] {dagbag.py:545} INFO - Filling up the DagBag from /Users/deepanshu/Desktop/etc-spark-airflow/env/lib/python3.12/site-packages/airflow/example_dags/example_datasets.py
[2024-08-04T21:06:45.573+0530] {processor.py:840} INFO - DAG(s) 'consume_1_or_both_2_and_3_with_dataset_expressions', 'conditional_dataset_and_time_based_timetable', 'dataset_consumes_1_never_scheduled', 'dataset_consumes_1', 'consume_1_or_2_with_dataset_expressions', 'dataset_produces_2', 'dataset_consumes_1_and_2', 'consume_1_and_2_with_dataset_expressions', 'dataset_consumes_unknown_never_scheduled', 'dataset_produces_1' retrieved from /Users/deepanshu/Desktop/etc-spark-airflow/env/lib/python3.12/site-packages/airflow/example_dags/example_datasets.py
[2024-08-04T21:06:45.637+0530] {logging_mixin.py:188} INFO - [2024-08-04T21:06:45.637+0530] {dag.py:3089} INFO - Sync 10 DAGs
[2024-08-04T21:06:45.647+0530] {logging_mixin.py:188} INFO - [2024-08-04T21:06:45.647+0530] {dag.py:3947} INFO - Setting next_dagrun for conditional_dataset_and_time_based_timetable to 2024-07-31 01:00:00+00:00, run_after=2024-07-31 01:00:00+00:00
[2024-08-04T21:06:45.649+0530] {logging_mixin.py:188} INFO - [2024-08-04T21:06:45.649+0530] {dag.py:3947} INFO - Setting next_dagrun for consume_1_and_2_with_dataset_expressions to None, run_after=None
[2024-08-04T21:06:45.650+0530] {logging_mixin.py:188} INFO - [2024-08-04T21:06:45.649+0530] {dag.py:3947} INFO - Setting next_dagrun for consume_1_or_2_with_dataset_expressions to None, run_after=None
[2024-08-04T21:06:45.650+0530] {logging_mixin.py:188} INFO - [2024-08-04T21:06:45.650+0530] {dag.py:3947} INFO - Setting next_dagrun for consume_1_or_both_2_and_3_with_dataset_expressions to None, run_after=None
[2024-08-04T21:06:45.650+0530] {logging_mixin.py:188} INFO - [2024-08-04T21:06:45.650+0530] {dag.py:3947} INFO - Setting next_dagrun for dataset_consumes_1 to None, run_after=None
[2024-08-04T21:06:45.651+0530] {logging_mixin.py:188} INFO - [2024-08-04T21:06:45.651+0530] {dag.py:3947} INFO - Setting next_dagrun for dataset_consumes_1_and_2 to None, run_after=None
[2024-08-04T21:06:45.651+0530] {logging_mixin.py:188} INFO - [2024-08-04T21:06:45.651+0530] {dag.py:3947} INFO - Setting next_dagrun for dataset_consumes_1_never_scheduled to None, run_after=None
[2024-08-04T21:06:45.652+0530] {logging_mixin.py:188} INFO - [2024-08-04T21:06:45.652+0530] {dag.py:3947} INFO - Setting next_dagrun for dataset_consumes_unknown_never_scheduled to None, run_after=None
[2024-08-04T21:06:45.653+0530] {logging_mixin.py:188} INFO - [2024-08-04T21:06:45.653+0530] {dag.py:3947} INFO - Setting next_dagrun for dataset_produces_1 to 2024-08-03 00:00:00+00:00, run_after=2024-08-04 00:00:00+00:00
[2024-08-04T21:06:45.653+0530] {logging_mixin.py:188} INFO - [2024-08-04T21:06:45.653+0530] {dag.py:3947} INFO - Setting next_dagrun for dataset_produces_2 to None, run_after=None
[2024-08-04T21:06:45.668+0530] {processor.py:183} INFO - Processing /Users/deepanshu/Desktop/etc-spark-airflow/env/lib/python3.12/site-packages/airflow/example_dags/example_datasets.py took 0.132 seconds
