[2024-08-04T20:35:17.358+0530] {processor.py:161} INFO - Started process (PID=56538) to work on /Users/deepanshu/Desktop/etc-spark-airflow/env/lib/python3.12/site-packages/airflow/example_dags/example_branch_day_of_week_operator.py
[2024-08-04T20:35:17.358+0530] {processor.py:830} INFO - Processing file /Users/deepanshu/Desktop/etc-spark-airflow/env/lib/python3.12/site-packages/airflow/example_dags/example_branch_day_of_week_operator.py for tasks to queue
[2024-08-04T20:35:17.359+0530] {logging_mixin.py:188} INFO - [2024-08-04T20:35:17.359+0530] {dagbag.py:545} INFO - Filling up the DagBag from /Users/deepanshu/Desktop/etc-spark-airflow/env/lib/python3.12/site-packages/airflow/example_dags/example_branch_day_of_week_operator.py
[2024-08-04T20:35:17.365+0530] {processor.py:840} INFO - DAG(s) 'example_weekday_branch_operator' retrieved from /Users/deepanshu/Desktop/etc-spark-airflow/env/lib/python3.12/site-packages/airflow/example_dags/example_branch_day_of_week_operator.py
[2024-08-04T20:35:17.470+0530] {logging_mixin.py:188} INFO - [2024-08-04T20:35:17.470+0530] {override.py:1858} INFO - Created Permission View: can edit on DAG:example_weekday_branch_operator
[2024-08-04T20:35:17.475+0530] {logging_mixin.py:188} INFO - [2024-08-04T20:35:17.475+0530] {override.py:1858} INFO - Created Permission View: can delete on DAG:example_weekday_branch_operator
[2024-08-04T20:35:17.478+0530] {logging_mixin.py:188} INFO - [2024-08-04T20:35:17.478+0530] {override.py:1858} INFO - Created Permission View: can read on DAG:example_weekday_branch_operator
[2024-08-04T20:35:17.478+0530] {logging_mixin.py:188} INFO - [2024-08-04T20:35:17.478+0530] {dag.py:3089} INFO - Sync 1 DAGs
[2024-08-04T20:35:17.483+0530] {logging_mixin.py:188} INFO - [2024-08-04T20:35:17.483+0530] {dag.py:3111} INFO - Creating ORM DAG for example_weekday_branch_operator
[2024-08-04T20:35:17.488+0530] {logging_mixin.py:188} INFO - [2024-08-04T20:35:17.488+0530] {dag.py:3947} INFO - Setting next_dagrun for example_weekday_branch_operator to 2024-08-03 00:00:00+00:00, run_after=2024-08-04 00:00:00+00:00
[2024-08-04T20:35:17.498+0530] {processor.py:183} INFO - Processing /Users/deepanshu/Desktop/etc-spark-airflow/env/lib/python3.12/site-packages/airflow/example_dags/example_branch_day_of_week_operator.py took 0.142 seconds
[2024-08-04T20:38:59.635+0530] {processor.py:161} INFO - Started process (PID=58269) to work on /Users/deepanshu/Desktop/etc-spark-airflow/env/lib/python3.12/site-packages/airflow/example_dags/example_branch_day_of_week_operator.py
[2024-08-04T20:38:59.636+0530] {processor.py:830} INFO - Processing file /Users/deepanshu/Desktop/etc-spark-airflow/env/lib/python3.12/site-packages/airflow/example_dags/example_branch_day_of_week_operator.py for tasks to queue
[2024-08-04T20:38:59.636+0530] {logging_mixin.py:188} INFO - [2024-08-04T20:38:59.636+0530] {dagbag.py:545} INFO - Filling up the DagBag from /Users/deepanshu/Desktop/etc-spark-airflow/env/lib/python3.12/site-packages/airflow/example_dags/example_branch_day_of_week_operator.py
[2024-08-04T20:38:59.642+0530] {processor.py:840} INFO - DAG(s) 'example_weekday_branch_operator' retrieved from /Users/deepanshu/Desktop/etc-spark-airflow/env/lib/python3.12/site-packages/airflow/example_dags/example_branch_day_of_week_operator.py
[2024-08-04T20:38:59.696+0530] {logging_mixin.py:188} INFO - [2024-08-04T20:38:59.696+0530] {dag.py:3089} INFO - Sync 1 DAGs
[2024-08-04T20:38:59.706+0530] {logging_mixin.py:188} INFO - [2024-08-04T20:38:59.706+0530] {dag.py:3947} INFO - Setting next_dagrun for example_weekday_branch_operator to 2024-08-03 00:00:00+00:00, run_after=2024-08-04 00:00:00+00:00
[2024-08-04T20:38:59.716+0530] {processor.py:183} INFO - Processing /Users/deepanshu/Desktop/etc-spark-airflow/env/lib/python3.12/site-packages/airflow/example_dags/example_branch_day_of_week_operator.py took 0.083 seconds
[2024-08-04T20:42:21.324+0530] {processor.py:161} INFO - Started process (PID=59781) to work on /Users/deepanshu/Desktop/etc-spark-airflow/env/lib/python3.12/site-packages/airflow/example_dags/example_branch_day_of_week_operator.py
[2024-08-04T20:42:21.325+0530] {processor.py:830} INFO - Processing file /Users/deepanshu/Desktop/etc-spark-airflow/env/lib/python3.12/site-packages/airflow/example_dags/example_branch_day_of_week_operator.py for tasks to queue
[2024-08-04T20:42:21.326+0530] {logging_mixin.py:188} INFO - [2024-08-04T20:42:21.325+0530] {dagbag.py:545} INFO - Filling up the DagBag from /Users/deepanshu/Desktop/etc-spark-airflow/env/lib/python3.12/site-packages/airflow/example_dags/example_branch_day_of_week_operator.py
[2024-08-04T20:42:21.332+0530] {processor.py:840} INFO - DAG(s) 'example_weekday_branch_operator' retrieved from /Users/deepanshu/Desktop/etc-spark-airflow/env/lib/python3.12/site-packages/airflow/example_dags/example_branch_day_of_week_operator.py
[2024-08-04T20:42:21.390+0530] {logging_mixin.py:188} INFO - [2024-08-04T20:42:21.389+0530] {dag.py:3089} INFO - Sync 1 DAGs
[2024-08-04T20:42:21.400+0530] {logging_mixin.py:188} INFO - [2024-08-04T20:42:21.400+0530] {dag.py:3947} INFO - Setting next_dagrun for example_weekday_branch_operator to 2024-08-03 00:00:00+00:00, run_after=2024-08-04 00:00:00+00:00
[2024-08-04T20:42:21.410+0530] {processor.py:183} INFO - Processing /Users/deepanshu/Desktop/etc-spark-airflow/env/lib/python3.12/site-packages/airflow/example_dags/example_branch_day_of_week_operator.py took 0.087 seconds
[2024-08-04T20:46:08.165+0530] {processor.py:161} INFO - Started process (PID=61414) to work on /Users/deepanshu/Desktop/etc-spark-airflow/env/lib/python3.12/site-packages/airflow/example_dags/example_branch_day_of_week_operator.py
[2024-08-04T20:46:08.167+0530] {processor.py:830} INFO - Processing file /Users/deepanshu/Desktop/etc-spark-airflow/env/lib/python3.12/site-packages/airflow/example_dags/example_branch_day_of_week_operator.py for tasks to queue
[2024-08-04T20:46:08.167+0530] {logging_mixin.py:188} INFO - [2024-08-04T20:46:08.167+0530] {dagbag.py:545} INFO - Filling up the DagBag from /Users/deepanshu/Desktop/etc-spark-airflow/env/lib/python3.12/site-packages/airflow/example_dags/example_branch_day_of_week_operator.py
[2024-08-04T20:46:08.174+0530] {processor.py:840} INFO - DAG(s) 'example_weekday_branch_operator' retrieved from /Users/deepanshu/Desktop/etc-spark-airflow/env/lib/python3.12/site-packages/airflow/example_dags/example_branch_day_of_week_operator.py
[2024-08-04T20:46:08.228+0530] {logging_mixin.py:188} INFO - [2024-08-04T20:46:08.228+0530] {dag.py:3089} INFO - Sync 1 DAGs
[2024-08-04T20:46:08.238+0530] {logging_mixin.py:188} INFO - [2024-08-04T20:46:08.238+0530] {dag.py:3947} INFO - Setting next_dagrun for example_weekday_branch_operator to 2024-08-03 00:00:00+00:00, run_after=2024-08-04 00:00:00+00:00
[2024-08-04T20:46:08.248+0530] {processor.py:183} INFO - Processing /Users/deepanshu/Desktop/etc-spark-airflow/env/lib/python3.12/site-packages/airflow/example_dags/example_branch_day_of_week_operator.py took 0.085 seconds
[2024-08-04T20:48:47.567+0530] {processor.py:161} INFO - Started process (PID=62516) to work on /Users/deepanshu/Desktop/etc-spark-airflow/env/lib/python3.12/site-packages/airflow/example_dags/example_branch_day_of_week_operator.py
[2024-08-04T20:48:47.569+0530] {processor.py:830} INFO - Processing file /Users/deepanshu/Desktop/etc-spark-airflow/env/lib/python3.12/site-packages/airflow/example_dags/example_branch_day_of_week_operator.py for tasks to queue
[2024-08-04T20:48:47.569+0530] {logging_mixin.py:188} INFO - [2024-08-04T20:48:47.569+0530] {dagbag.py:545} INFO - Filling up the DagBag from /Users/deepanshu/Desktop/etc-spark-airflow/env/lib/python3.12/site-packages/airflow/example_dags/example_branch_day_of_week_operator.py
[2024-08-04T20:48:47.576+0530] {processor.py:840} INFO - DAG(s) 'example_weekday_branch_operator' retrieved from /Users/deepanshu/Desktop/etc-spark-airflow/env/lib/python3.12/site-packages/airflow/example_dags/example_branch_day_of_week_operator.py
[2024-08-04T20:48:47.629+0530] {logging_mixin.py:188} INFO - [2024-08-04T20:48:47.629+0530] {dag.py:3089} INFO - Sync 1 DAGs
[2024-08-04T20:48:47.639+0530] {logging_mixin.py:188} INFO - [2024-08-04T20:48:47.639+0530] {dag.py:3947} INFO - Setting next_dagrun for example_weekday_branch_operator to 2024-08-03 00:00:00+00:00, run_after=2024-08-04 00:00:00+00:00
[2024-08-04T20:48:47.650+0530] {processor.py:183} INFO - Processing /Users/deepanshu/Desktop/etc-spark-airflow/env/lib/python3.12/site-packages/airflow/example_dags/example_branch_day_of_week_operator.py took 0.084 seconds
[2024-08-04T20:52:05.450+0530] {processor.py:161} INFO - Started process (PID=63895) to work on /Users/deepanshu/Desktop/etc-spark-airflow/env/lib/python3.12/site-packages/airflow/example_dags/example_branch_day_of_week_operator.py
[2024-08-04T20:52:05.452+0530] {processor.py:830} INFO - Processing file /Users/deepanshu/Desktop/etc-spark-airflow/env/lib/python3.12/site-packages/airflow/example_dags/example_branch_day_of_week_operator.py for tasks to queue
[2024-08-04T20:52:05.452+0530] {logging_mixin.py:188} INFO - [2024-08-04T20:52:05.452+0530] {dagbag.py:545} INFO - Filling up the DagBag from /Users/deepanshu/Desktop/etc-spark-airflow/env/lib/python3.12/site-packages/airflow/example_dags/example_branch_day_of_week_operator.py
[2024-08-04T20:52:05.458+0530] {processor.py:840} INFO - DAG(s) 'example_weekday_branch_operator' retrieved from /Users/deepanshu/Desktop/etc-spark-airflow/env/lib/python3.12/site-packages/airflow/example_dags/example_branch_day_of_week_operator.py
[2024-08-04T20:52:05.511+0530] {logging_mixin.py:188} INFO - [2024-08-04T20:52:05.511+0530] {dag.py:3089} INFO - Sync 1 DAGs
[2024-08-04T20:52:05.521+0530] {logging_mixin.py:188} INFO - [2024-08-04T20:52:05.521+0530] {dag.py:3947} INFO - Setting next_dagrun for example_weekday_branch_operator to 2024-08-03 00:00:00+00:00, run_after=2024-08-04 00:00:00+00:00
[2024-08-04T20:52:05.531+0530] {processor.py:183} INFO - Processing /Users/deepanshu/Desktop/etc-spark-airflow/env/lib/python3.12/site-packages/airflow/example_dags/example_branch_day_of_week_operator.py took 0.082 seconds
[2024-08-04T20:56:06.518+0530] {processor.py:161} INFO - Started process (PID=65694) to work on /Users/deepanshu/Desktop/etc-spark-airflow/env/lib/python3.12/site-packages/airflow/example_dags/example_branch_day_of_week_operator.py
[2024-08-04T20:56:06.519+0530] {processor.py:830} INFO - Processing file /Users/deepanshu/Desktop/etc-spark-airflow/env/lib/python3.12/site-packages/airflow/example_dags/example_branch_day_of_week_operator.py for tasks to queue
[2024-08-04T20:56:06.520+0530] {logging_mixin.py:188} INFO - [2024-08-04T20:56:06.520+0530] {dagbag.py:545} INFO - Filling up the DagBag from /Users/deepanshu/Desktop/etc-spark-airflow/env/lib/python3.12/site-packages/airflow/example_dags/example_branch_day_of_week_operator.py
[2024-08-04T20:56:06.526+0530] {processor.py:840} INFO - DAG(s) 'example_weekday_branch_operator' retrieved from /Users/deepanshu/Desktop/etc-spark-airflow/env/lib/python3.12/site-packages/airflow/example_dags/example_branch_day_of_week_operator.py
[2024-08-04T20:56:06.579+0530] {logging_mixin.py:188} INFO - [2024-08-04T20:56:06.579+0530] {dag.py:3089} INFO - Sync 1 DAGs
[2024-08-04T20:56:06.589+0530] {logging_mixin.py:188} INFO - [2024-08-04T20:56:06.589+0530] {dag.py:3947} INFO - Setting next_dagrun for example_weekday_branch_operator to 2024-08-03 00:00:00+00:00, run_after=2024-08-04 00:00:00+00:00
[2024-08-04T20:56:06.600+0530] {processor.py:183} INFO - Processing /Users/deepanshu/Desktop/etc-spark-airflow/env/lib/python3.12/site-packages/airflow/example_dags/example_branch_day_of_week_operator.py took 0.083 seconds
[2024-08-04T21:02:22.830+0530] {processor.py:161} INFO - Started process (PID=68858) to work on /Users/deepanshu/Desktop/etc-spark-airflow/env/lib/python3.12/site-packages/airflow/example_dags/example_branch_day_of_week_operator.py
[2024-08-04T21:02:22.832+0530] {processor.py:830} INFO - Processing file /Users/deepanshu/Desktop/etc-spark-airflow/env/lib/python3.12/site-packages/airflow/example_dags/example_branch_day_of_week_operator.py for tasks to queue
[2024-08-04T21:02:22.832+0530] {logging_mixin.py:188} INFO - [2024-08-04T21:02:22.832+0530] {dagbag.py:545} INFO - Filling up the DagBag from /Users/deepanshu/Desktop/etc-spark-airflow/env/lib/python3.12/site-packages/airflow/example_dags/example_branch_day_of_week_operator.py
[2024-08-04T21:02:22.838+0530] {processor.py:840} INFO - DAG(s) 'example_weekday_branch_operator' retrieved from /Users/deepanshu/Desktop/etc-spark-airflow/env/lib/python3.12/site-packages/airflow/example_dags/example_branch_day_of_week_operator.py
[2024-08-04T21:02:22.891+0530] {logging_mixin.py:188} INFO - [2024-08-04T21:02:22.891+0530] {dag.py:3089} INFO - Sync 1 DAGs
[2024-08-04T21:02:22.901+0530] {logging_mixin.py:188} INFO - [2024-08-04T21:02:22.901+0530] {dag.py:3947} INFO - Setting next_dagrun for example_weekday_branch_operator to 2024-08-03 00:00:00+00:00, run_after=2024-08-04 00:00:00+00:00
[2024-08-04T21:02:22.911+0530] {processor.py:183} INFO - Processing /Users/deepanshu/Desktop/etc-spark-airflow/env/lib/python3.12/site-packages/airflow/example_dags/example_branch_day_of_week_operator.py took 0.083 seconds
[2024-08-04T21:04:28.644+0530] {processor.py:161} INFO - Started process (PID=69748) to work on /Users/deepanshu/Desktop/etc-spark-airflow/env/lib/python3.12/site-packages/airflow/example_dags/example_branch_day_of_week_operator.py
[2024-08-04T21:04:28.645+0530] {processor.py:830} INFO - Processing file /Users/deepanshu/Desktop/etc-spark-airflow/env/lib/python3.12/site-packages/airflow/example_dags/example_branch_day_of_week_operator.py for tasks to queue
[2024-08-04T21:04:28.645+0530] {logging_mixin.py:188} INFO - [2024-08-04T21:04:28.645+0530] {dagbag.py:545} INFO - Filling up the DagBag from /Users/deepanshu/Desktop/etc-spark-airflow/env/lib/python3.12/site-packages/airflow/example_dags/example_branch_day_of_week_operator.py
[2024-08-04T21:04:28.652+0530] {processor.py:840} INFO - DAG(s) 'example_weekday_branch_operator' retrieved from /Users/deepanshu/Desktop/etc-spark-airflow/env/lib/python3.12/site-packages/airflow/example_dags/example_branch_day_of_week_operator.py
[2024-08-04T21:04:28.706+0530] {logging_mixin.py:188} INFO - [2024-08-04T21:04:28.706+0530] {dag.py:3089} INFO - Sync 1 DAGs
[2024-08-04T21:04:28.716+0530] {logging_mixin.py:188} INFO - [2024-08-04T21:04:28.716+0530] {dag.py:3947} INFO - Setting next_dagrun for example_weekday_branch_operator to 2024-08-03 00:00:00+00:00, run_after=2024-08-04 00:00:00+00:00
[2024-08-04T21:04:28.727+0530] {processor.py:183} INFO - Processing /Users/deepanshu/Desktop/etc-spark-airflow/env/lib/python3.12/site-packages/airflow/example_dags/example_branch_day_of_week_operator.py took 0.085 seconds
[2024-08-04T21:06:59.023+0530] {processor.py:161} INFO - Started process (PID=70792) to work on /Users/deepanshu/Desktop/etc-spark-airflow/env/lib/python3.12/site-packages/airflow/example_dags/example_branch_day_of_week_operator.py
[2024-08-04T21:06:59.024+0530] {processor.py:830} INFO - Processing file /Users/deepanshu/Desktop/etc-spark-airflow/env/lib/python3.12/site-packages/airflow/example_dags/example_branch_day_of_week_operator.py for tasks to queue
[2024-08-04T21:06:59.024+0530] {logging_mixin.py:188} INFO - [2024-08-04T21:06:59.024+0530] {dagbag.py:545} INFO - Filling up the DagBag from /Users/deepanshu/Desktop/etc-spark-airflow/env/lib/python3.12/site-packages/airflow/example_dags/example_branch_day_of_week_operator.py
[2024-08-04T21:06:59.031+0530] {processor.py:840} INFO - DAG(s) 'example_weekday_branch_operator' retrieved from /Users/deepanshu/Desktop/etc-spark-airflow/env/lib/python3.12/site-packages/airflow/example_dags/example_branch_day_of_week_operator.py
[2024-08-04T21:06:59.084+0530] {logging_mixin.py:188} INFO - [2024-08-04T21:06:59.084+0530] {dag.py:3089} INFO - Sync 1 DAGs
[2024-08-04T21:06:59.094+0530] {logging_mixin.py:188} INFO - [2024-08-04T21:06:59.094+0530] {dag.py:3947} INFO - Setting next_dagrun for example_weekday_branch_operator to 2024-08-03 00:00:00+00:00, run_after=2024-08-04 00:00:00+00:00
[2024-08-04T21:06:59.105+0530] {processor.py:183} INFO - Processing /Users/deepanshu/Desktop/etc-spark-airflow/env/lib/python3.12/site-packages/airflow/example_dags/example_branch_day_of_week_operator.py took 0.084 seconds
