[2024-08-04T20:33:02.547+0530] {processor.py:161} INFO - Started process (PID=55599) to work on /Users/deepanshu/Desktop/etc-spark-airflow/env/lib/python3.12/site-packages/airflow/example_dags/example_xcom.py
[2024-08-04T20:33:02.548+0530] {processor.py:830} INFO - Processing file /Users/deepanshu/Desktop/etc-spark-airflow/env/lib/python3.12/site-packages/airflow/example_dags/example_xcom.py for tasks to queue
[2024-08-04T20:33:02.549+0530] {logging_mixin.py:188} INFO - [2024-08-04T20:33:02.549+0530] {dagbag.py:545} INFO - Filling up the DagBag from /Users/deepanshu/Desktop/etc-spark-airflow/env/lib/python3.12/site-packages/airflow/example_dags/example_xcom.py
[2024-08-04T20:33:02.572+0530] {processor.py:840} INFO - DAG(s) 'example_xcom' retrieved from /Users/deepanshu/Desktop/etc-spark-airflow/env/lib/python3.12/site-packages/airflow/example_dags/example_xcom.py
[2024-08-04T20:33:02.673+0530] {logging_mixin.py:188} INFO - [2024-08-04T20:33:02.673+0530] {override.py:1858} INFO - Created Permission View: can edit on DAG:example_xcom
[2024-08-04T20:33:02.678+0530] {logging_mixin.py:188} INFO - [2024-08-04T20:33:02.678+0530] {override.py:1858} INFO - Created Permission View: can read on DAG:example_xcom
[2024-08-04T20:33:02.681+0530] {logging_mixin.py:188} INFO - [2024-08-04T20:33:02.681+0530] {override.py:1858} INFO - Created Permission View: can delete on DAG:example_xcom
[2024-08-04T20:33:02.681+0530] {logging_mixin.py:188} INFO - [2024-08-04T20:33:02.681+0530] {dag.py:3089} INFO - Sync 1 DAGs
[2024-08-04T20:33:02.688+0530] {logging_mixin.py:188} INFO - [2024-08-04T20:33:02.688+0530] {dag.py:3111} INFO - Creating ORM DAG for example_xcom
[2024-08-04T20:33:02.692+0530] {logging_mixin.py:188} INFO - [2024-08-04T20:33:02.692+0530] {dag.py:3947} INFO - Setting next_dagrun for example_xcom to 2021-01-01 00:00:00+00:00, run_after=2021-01-01 00:00:00+00:00
[2024-08-04T20:33:02.701+0530] {processor.py:183} INFO - Processing /Users/deepanshu/Desktop/etc-spark-airflow/env/lib/python3.12/site-packages/airflow/example_dags/example_xcom.py took 0.155 seconds
[2024-08-04T20:34:04.463+0530] {processor.py:161} INFO - Started process (PID=56071) to work on /Users/deepanshu/Desktop/etc-spark-airflow/env/lib/python3.12/site-packages/airflow/example_dags/example_xcom.py
[2024-08-04T20:34:04.464+0530] {processor.py:830} INFO - Processing file /Users/deepanshu/Desktop/etc-spark-airflow/env/lib/python3.12/site-packages/airflow/example_dags/example_xcom.py for tasks to queue
[2024-08-04T20:34:04.464+0530] {logging_mixin.py:188} INFO - [2024-08-04T20:34:04.464+0530] {dagbag.py:545} INFO - Filling up the DagBag from /Users/deepanshu/Desktop/etc-spark-airflow/env/lib/python3.12/site-packages/airflow/example_dags/example_xcom.py
[2024-08-04T20:34:04.487+0530] {processor.py:840} INFO - DAG(s) 'example_xcom' retrieved from /Users/deepanshu/Desktop/etc-spark-airflow/env/lib/python3.12/site-packages/airflow/example_dags/example_xcom.py
[2024-08-04T20:34:04.539+0530] {logging_mixin.py:188} INFO - [2024-08-04T20:34:04.539+0530] {dag.py:3089} INFO - Sync 1 DAGs
[2024-08-04T20:34:04.547+0530] {logging_mixin.py:188} INFO - [2024-08-04T20:34:04.547+0530] {dag.py:3947} INFO - Setting next_dagrun for example_xcom to 2021-01-01 00:00:00+00:00, run_after=2021-01-01 00:00:00+00:00
[2024-08-04T20:34:04.558+0530] {processor.py:183} INFO - Processing /Users/deepanshu/Desktop/etc-spark-airflow/env/lib/python3.12/site-packages/airflow/example_dags/example_xcom.py took 0.097 seconds
[2024-08-04T20:36:08.172+0530] {processor.py:161} INFO - Started process (PID=56946) to work on /Users/deepanshu/Desktop/etc-spark-airflow/env/lib/python3.12/site-packages/airflow/example_dags/example_xcom.py
[2024-08-04T20:36:08.173+0530] {processor.py:830} INFO - Processing file /Users/deepanshu/Desktop/etc-spark-airflow/env/lib/python3.12/site-packages/airflow/example_dags/example_xcom.py for tasks to queue
[2024-08-04T20:36:08.173+0530] {logging_mixin.py:188} INFO - [2024-08-04T20:36:08.173+0530] {dagbag.py:545} INFO - Filling up the DagBag from /Users/deepanshu/Desktop/etc-spark-airflow/env/lib/python3.12/site-packages/airflow/example_dags/example_xcom.py
[2024-08-04T20:36:08.198+0530] {processor.py:840} INFO - DAG(s) 'example_xcom' retrieved from /Users/deepanshu/Desktop/etc-spark-airflow/env/lib/python3.12/site-packages/airflow/example_dags/example_xcom.py
[2024-08-04T20:36:08.256+0530] {logging_mixin.py:188} INFO - [2024-08-04T20:36:08.256+0530] {dag.py:3089} INFO - Sync 1 DAGs
[2024-08-04T20:36:08.265+0530] {logging_mixin.py:188} INFO - [2024-08-04T20:36:08.265+0530] {dag.py:3947} INFO - Setting next_dagrun for example_xcom to 2021-01-01 00:00:00+00:00, run_after=2021-01-01 00:00:00+00:00
[2024-08-04T20:36:08.279+0530] {processor.py:183} INFO - Processing /Users/deepanshu/Desktop/etc-spark-airflow/env/lib/python3.12/site-packages/airflow/example_dags/example_xcom.py took 0.110 seconds
[2024-08-04T20:37:38.040+0530] {processor.py:161} INFO - Started process (PID=57625) to work on /Users/deepanshu/Desktop/etc-spark-airflow/env/lib/python3.12/site-packages/airflow/example_dags/example_xcom.py
[2024-08-04T20:37:38.041+0530] {processor.py:830} INFO - Processing file /Users/deepanshu/Desktop/etc-spark-airflow/env/lib/python3.12/site-packages/airflow/example_dags/example_xcom.py for tasks to queue
[2024-08-04T20:37:38.042+0530] {logging_mixin.py:188} INFO - [2024-08-04T20:37:38.042+0530] {dagbag.py:545} INFO - Filling up the DagBag from /Users/deepanshu/Desktop/etc-spark-airflow/env/lib/python3.12/site-packages/airflow/example_dags/example_xcom.py
[2024-08-04T20:37:38.118+0530] {processor.py:840} INFO - DAG(s) 'example_xcom' retrieved from /Users/deepanshu/Desktop/etc-spark-airflow/env/lib/python3.12/site-packages/airflow/example_dags/example_xcom.py
[2024-08-04T20:37:38.295+0530] {logging_mixin.py:188} INFO - [2024-08-04T20:37:38.294+0530] {dag.py:3089} INFO - Sync 1 DAGs
[2024-08-04T20:37:38.312+0530] {logging_mixin.py:188} INFO - [2024-08-04T20:37:38.311+0530] {dag.py:3947} INFO - Setting next_dagrun for example_xcom to 2021-01-01 00:00:00+00:00, run_after=2021-01-01 00:00:00+00:00
[2024-08-04T20:37:38.340+0530] {processor.py:183} INFO - Processing /Users/deepanshu/Desktop/etc-spark-airflow/env/lib/python3.12/site-packages/airflow/example_dags/example_xcom.py took 0.303 seconds
[2024-08-04T20:39:36.985+0530] {processor.py:161} INFO - Started process (PID=58542) to work on /Users/deepanshu/Desktop/etc-spark-airflow/env/lib/python3.12/site-packages/airflow/example_dags/example_xcom.py
[2024-08-04T20:39:36.986+0530] {processor.py:830} INFO - Processing file /Users/deepanshu/Desktop/etc-spark-airflow/env/lib/python3.12/site-packages/airflow/example_dags/example_xcom.py for tasks to queue
[2024-08-04T20:39:36.987+0530] {logging_mixin.py:188} INFO - [2024-08-04T20:39:36.986+0530] {dagbag.py:545} INFO - Filling up the DagBag from /Users/deepanshu/Desktop/etc-spark-airflow/env/lib/python3.12/site-packages/airflow/example_dags/example_xcom.py
[2024-08-04T20:39:37.012+0530] {processor.py:840} INFO - DAG(s) 'example_xcom' retrieved from /Users/deepanshu/Desktop/etc-spark-airflow/env/lib/python3.12/site-packages/airflow/example_dags/example_xcom.py
[2024-08-04T20:39:37.064+0530] {logging_mixin.py:188} INFO - [2024-08-04T20:39:37.064+0530] {dag.py:3089} INFO - Sync 1 DAGs
[2024-08-04T20:39:37.073+0530] {logging_mixin.py:188} INFO - [2024-08-04T20:39:37.073+0530] {dag.py:3947} INFO - Setting next_dagrun for example_xcom to 2021-01-01 00:00:00+00:00, run_after=2021-01-01 00:00:00+00:00
[2024-08-04T20:39:37.083+0530] {processor.py:183} INFO - Processing /Users/deepanshu/Desktop/etc-spark-airflow/env/lib/python3.12/site-packages/airflow/example_dags/example_xcom.py took 0.100 seconds
[2024-08-04T20:41:08.471+0530] {processor.py:161} INFO - Started process (PID=59256) to work on /Users/deepanshu/Desktop/etc-spark-airflow/env/lib/python3.12/site-packages/airflow/example_dags/example_xcom.py
[2024-08-04T20:41:08.471+0530] {processor.py:830} INFO - Processing file /Users/deepanshu/Desktop/etc-spark-airflow/env/lib/python3.12/site-packages/airflow/example_dags/example_xcom.py for tasks to queue
[2024-08-04T20:41:08.472+0530] {logging_mixin.py:188} INFO - [2024-08-04T20:41:08.472+0530] {dagbag.py:545} INFO - Filling up the DagBag from /Users/deepanshu/Desktop/etc-spark-airflow/env/lib/python3.12/site-packages/airflow/example_dags/example_xcom.py
[2024-08-04T20:41:08.495+0530] {processor.py:840} INFO - DAG(s) 'example_xcom' retrieved from /Users/deepanshu/Desktop/etc-spark-airflow/env/lib/python3.12/site-packages/airflow/example_dags/example_xcom.py
[2024-08-04T20:41:08.548+0530] {logging_mixin.py:188} INFO - [2024-08-04T20:41:08.547+0530] {dag.py:3089} INFO - Sync 1 DAGs
[2024-08-04T20:41:08.556+0530] {logging_mixin.py:188} INFO - [2024-08-04T20:41:08.556+0530] {dag.py:3947} INFO - Setting next_dagrun for example_xcom to 2021-01-01 00:00:00+00:00, run_after=2021-01-01 00:00:00+00:00
[2024-08-04T20:41:08.567+0530] {processor.py:183} INFO - Processing /Users/deepanshu/Desktop/etc-spark-airflow/env/lib/python3.12/site-packages/airflow/example_dags/example_xcom.py took 0.098 seconds
[2024-08-04T20:43:00.644+0530] {processor.py:161} INFO - Started process (PID=60077) to work on /Users/deepanshu/Desktop/etc-spark-airflow/env/lib/python3.12/site-packages/airflow/example_dags/example_xcom.py
[2024-08-04T20:43:00.645+0530] {processor.py:830} INFO - Processing file /Users/deepanshu/Desktop/etc-spark-airflow/env/lib/python3.12/site-packages/airflow/example_dags/example_xcom.py for tasks to queue
[2024-08-04T20:43:00.646+0530] {logging_mixin.py:188} INFO - [2024-08-04T20:43:00.646+0530] {dagbag.py:545} INFO - Filling up the DagBag from /Users/deepanshu/Desktop/etc-spark-airflow/env/lib/python3.12/site-packages/airflow/example_dags/example_xcom.py
[2024-08-04T20:43:00.670+0530] {processor.py:840} INFO - DAG(s) 'example_xcom' retrieved from /Users/deepanshu/Desktop/etc-spark-airflow/env/lib/python3.12/site-packages/airflow/example_dags/example_xcom.py
[2024-08-04T20:43:00.727+0530] {logging_mixin.py:188} INFO - [2024-08-04T20:43:00.727+0530] {dag.py:3089} INFO - Sync 1 DAGs
[2024-08-04T20:43:00.736+0530] {logging_mixin.py:188} INFO - [2024-08-04T20:43:00.736+0530] {dag.py:3947} INFO - Setting next_dagrun for example_xcom to 2021-01-01 00:00:00+00:00, run_after=2021-01-01 00:00:00+00:00
[2024-08-04T20:43:00.747+0530] {processor.py:183} INFO - Processing /Users/deepanshu/Desktop/etc-spark-airflow/env/lib/python3.12/site-packages/airflow/example_dags/example_xcom.py took 0.104 seconds
[2024-08-04T20:44:54.942+0530] {processor.py:161} INFO - Started process (PID=60918) to work on /Users/deepanshu/Desktop/etc-spark-airflow/env/lib/python3.12/site-packages/airflow/example_dags/example_xcom.py
[2024-08-04T20:44:54.943+0530] {processor.py:830} INFO - Processing file /Users/deepanshu/Desktop/etc-spark-airflow/env/lib/python3.12/site-packages/airflow/example_dags/example_xcom.py for tasks to queue
[2024-08-04T20:44:54.944+0530] {logging_mixin.py:188} INFO - [2024-08-04T20:44:54.943+0530] {dagbag.py:545} INFO - Filling up the DagBag from /Users/deepanshu/Desktop/etc-spark-airflow/env/lib/python3.12/site-packages/airflow/example_dags/example_xcom.py
[2024-08-04T20:44:54.966+0530] {processor.py:840} INFO - DAG(s) 'example_xcom' retrieved from /Users/deepanshu/Desktop/etc-spark-airflow/env/lib/python3.12/site-packages/airflow/example_dags/example_xcom.py
[2024-08-04T20:44:55.018+0530] {logging_mixin.py:188} INFO - [2024-08-04T20:44:55.018+0530] {dag.py:3089} INFO - Sync 1 DAGs
[2024-08-04T20:44:55.027+0530] {logging_mixin.py:188} INFO - [2024-08-04T20:44:55.027+0530] {dag.py:3947} INFO - Setting next_dagrun for example_xcom to 2021-01-01 00:00:00+00:00, run_after=2021-01-01 00:00:00+00:00
[2024-08-04T20:44:55.037+0530] {processor.py:183} INFO - Processing /Users/deepanshu/Desktop/etc-spark-airflow/env/lib/python3.12/site-packages/airflow/example_dags/example_xcom.py took 0.097 seconds
[2024-08-04T20:46:52.378+0530] {processor.py:161} INFO - Started process (PID=61740) to work on /Users/deepanshu/Desktop/etc-spark-airflow/env/lib/python3.12/site-packages/airflow/example_dags/example_xcom.py
[2024-08-04T20:46:52.380+0530] {processor.py:830} INFO - Processing file /Users/deepanshu/Desktop/etc-spark-airflow/env/lib/python3.12/site-packages/airflow/example_dags/example_xcom.py for tasks to queue
[2024-08-04T20:46:52.380+0530] {logging_mixin.py:188} INFO - [2024-08-04T20:46:52.380+0530] {dagbag.py:545} INFO - Filling up the DagBag from /Users/deepanshu/Desktop/etc-spark-airflow/env/lib/python3.12/site-packages/airflow/example_dags/example_xcom.py
[2024-08-04T20:46:52.403+0530] {processor.py:840} INFO - DAG(s) 'example_xcom' retrieved from /Users/deepanshu/Desktop/etc-spark-airflow/env/lib/python3.12/site-packages/airflow/example_dags/example_xcom.py
[2024-08-04T20:46:52.455+0530] {logging_mixin.py:188} INFO - [2024-08-04T20:46:52.455+0530] {dag.py:3089} INFO - Sync 1 DAGs
[2024-08-04T20:46:52.463+0530] {logging_mixin.py:188} INFO - [2024-08-04T20:46:52.463+0530] {dag.py:3947} INFO - Setting next_dagrun for example_xcom to 2021-01-01 00:00:00+00:00, run_after=2021-01-01 00:00:00+00:00
[2024-08-04T20:46:52.474+0530] {processor.py:183} INFO - Processing /Users/deepanshu/Desktop/etc-spark-airflow/env/lib/python3.12/site-packages/airflow/example_dags/example_xcom.py took 0.098 seconds
[2024-08-04T20:48:07.642+0530] {processor.py:161} INFO - Started process (PID=62241) to work on /Users/deepanshu/Desktop/etc-spark-airflow/env/lib/python3.12/site-packages/airflow/example_dags/example_xcom.py
[2024-08-04T20:48:07.644+0530] {processor.py:830} INFO - Processing file /Users/deepanshu/Desktop/etc-spark-airflow/env/lib/python3.12/site-packages/airflow/example_dags/example_xcom.py for tasks to queue
[2024-08-04T20:48:07.644+0530] {logging_mixin.py:188} INFO - [2024-08-04T20:48:07.644+0530] {dagbag.py:545} INFO - Filling up the DagBag from /Users/deepanshu/Desktop/etc-spark-airflow/env/lib/python3.12/site-packages/airflow/example_dags/example_xcom.py
[2024-08-04T20:48:07.667+0530] {processor.py:840} INFO - DAG(s) 'example_xcom' retrieved from /Users/deepanshu/Desktop/etc-spark-airflow/env/lib/python3.12/site-packages/airflow/example_dags/example_xcom.py
[2024-08-04T20:48:07.719+0530] {logging_mixin.py:188} INFO - [2024-08-04T20:48:07.719+0530] {dag.py:3089} INFO - Sync 1 DAGs
[2024-08-04T20:48:07.728+0530] {logging_mixin.py:188} INFO - [2024-08-04T20:48:07.727+0530] {dag.py:3947} INFO - Setting next_dagrun for example_xcom to 2021-01-01 00:00:00+00:00, run_after=2021-01-01 00:00:00+00:00
[2024-08-04T20:48:07.738+0530] {processor.py:183} INFO - Processing /Users/deepanshu/Desktop/etc-spark-airflow/env/lib/python3.12/site-packages/airflow/example_dags/example_xcom.py took 0.097 seconds
[2024-08-04T20:49:21.760+0530] {processor.py:161} INFO - Started process (PID=62765) to work on /Users/deepanshu/Desktop/etc-spark-airflow/env/lib/python3.12/site-packages/airflow/example_dags/example_xcom.py
[2024-08-04T20:49:21.761+0530] {processor.py:830} INFO - Processing file /Users/deepanshu/Desktop/etc-spark-airflow/env/lib/python3.12/site-packages/airflow/example_dags/example_xcom.py for tasks to queue
[2024-08-04T20:49:21.762+0530] {logging_mixin.py:188} INFO - [2024-08-04T20:49:21.762+0530] {dagbag.py:545} INFO - Filling up the DagBag from /Users/deepanshu/Desktop/etc-spark-airflow/env/lib/python3.12/site-packages/airflow/example_dags/example_xcom.py
[2024-08-04T20:49:21.784+0530] {processor.py:840} INFO - DAG(s) 'example_xcom' retrieved from /Users/deepanshu/Desktop/etc-spark-airflow/env/lib/python3.12/site-packages/airflow/example_dags/example_xcom.py
[2024-08-04T20:49:21.836+0530] {logging_mixin.py:188} INFO - [2024-08-04T20:49:21.836+0530] {dag.py:3089} INFO - Sync 1 DAGs
[2024-08-04T20:49:21.845+0530] {logging_mixin.py:188} INFO - [2024-08-04T20:49:21.845+0530] {dag.py:3947} INFO - Setting next_dagrun for example_xcom to 2021-01-01 00:00:00+00:00, run_after=2021-01-01 00:00:00+00:00
[2024-08-04T20:49:21.855+0530] {processor.py:183} INFO - Processing /Users/deepanshu/Desktop/etc-spark-airflow/env/lib/python3.12/site-packages/airflow/example_dags/example_xcom.py took 0.097 seconds
[2024-08-04T20:50:56.499+0530] {processor.py:161} INFO - Started process (PID=63456) to work on /Users/deepanshu/Desktop/etc-spark-airflow/env/lib/python3.12/site-packages/airflow/example_dags/example_xcom.py
[2024-08-04T20:50:56.501+0530] {processor.py:830} INFO - Processing file /Users/deepanshu/Desktop/etc-spark-airflow/env/lib/python3.12/site-packages/airflow/example_dags/example_xcom.py for tasks to queue
[2024-08-04T20:50:56.502+0530] {logging_mixin.py:188} INFO - [2024-08-04T20:50:56.502+0530] {dagbag.py:545} INFO - Filling up the DagBag from /Users/deepanshu/Desktop/etc-spark-airflow/env/lib/python3.12/site-packages/airflow/example_dags/example_xcom.py
[2024-08-04T20:50:56.524+0530] {processor.py:840} INFO - DAG(s) 'example_xcom' retrieved from /Users/deepanshu/Desktop/etc-spark-airflow/env/lib/python3.12/site-packages/airflow/example_dags/example_xcom.py
[2024-08-04T20:50:56.576+0530] {logging_mixin.py:188} INFO - [2024-08-04T20:50:56.576+0530] {dag.py:3089} INFO - Sync 1 DAGs
[2024-08-04T20:50:56.585+0530] {logging_mixin.py:188} INFO - [2024-08-04T20:50:56.584+0530] {dag.py:3947} INFO - Setting next_dagrun for example_xcom to 2021-01-01 00:00:00+00:00, run_after=2021-01-01 00:00:00+00:00
[2024-08-04T20:50:56.595+0530] {processor.py:183} INFO - Processing /Users/deepanshu/Desktop/etc-spark-airflow/env/lib/python3.12/site-packages/airflow/example_dags/example_xcom.py took 0.098 seconds
[2024-08-04T20:52:49.664+0530] {processor.py:161} INFO - Started process (PID=64241) to work on /Users/deepanshu/Desktop/etc-spark-airflow/env/lib/python3.12/site-packages/airflow/example_dags/example_xcom.py
[2024-08-04T20:52:49.665+0530] {processor.py:830} INFO - Processing file /Users/deepanshu/Desktop/etc-spark-airflow/env/lib/python3.12/site-packages/airflow/example_dags/example_xcom.py for tasks to queue
[2024-08-04T20:52:49.666+0530] {logging_mixin.py:188} INFO - [2024-08-04T20:52:49.665+0530] {dagbag.py:545} INFO - Filling up the DagBag from /Users/deepanshu/Desktop/etc-spark-airflow/env/lib/python3.12/site-packages/airflow/example_dags/example_xcom.py
[2024-08-04T20:52:49.689+0530] {processor.py:840} INFO - DAG(s) 'example_xcom' retrieved from /Users/deepanshu/Desktop/etc-spark-airflow/env/lib/python3.12/site-packages/airflow/example_dags/example_xcom.py
[2024-08-04T20:52:49.742+0530] {logging_mixin.py:188} INFO - [2024-08-04T20:52:49.742+0530] {dag.py:3089} INFO - Sync 1 DAGs
[2024-08-04T20:52:49.751+0530] {logging_mixin.py:188} INFO - [2024-08-04T20:52:49.751+0530] {dag.py:3947} INFO - Setting next_dagrun for example_xcom to 2021-01-01 00:00:00+00:00, run_after=2021-01-01 00:00:00+00:00
[2024-08-04T20:52:49.761+0530] {processor.py:183} INFO - Processing /Users/deepanshu/Desktop/etc-spark-airflow/env/lib/python3.12/site-packages/airflow/example_dags/example_xcom.py took 0.098 seconds
[2024-08-04T20:54:06.122+0530] {processor.py:161} INFO - Started process (PID=64805) to work on /Users/deepanshu/Desktop/etc-spark-airflow/env/lib/python3.12/site-packages/airflow/example_dags/example_xcom.py
[2024-08-04T20:54:06.122+0530] {processor.py:830} INFO - Processing file /Users/deepanshu/Desktop/etc-spark-airflow/env/lib/python3.12/site-packages/airflow/example_dags/example_xcom.py for tasks to queue
[2024-08-04T20:54:06.123+0530] {logging_mixin.py:188} INFO - [2024-08-04T20:54:06.123+0530] {dagbag.py:545} INFO - Filling up the DagBag from /Users/deepanshu/Desktop/etc-spark-airflow/env/lib/python3.12/site-packages/airflow/example_dags/example_xcom.py
[2024-08-04T20:54:06.148+0530] {processor.py:840} INFO - DAG(s) 'example_xcom' retrieved from /Users/deepanshu/Desktop/etc-spark-airflow/env/lib/python3.12/site-packages/airflow/example_dags/example_xcom.py
[2024-08-04T20:54:06.206+0530] {logging_mixin.py:188} INFO - [2024-08-04T20:54:06.205+0530] {dag.py:3089} INFO - Sync 1 DAGs
[2024-08-04T20:54:06.215+0530] {logging_mixin.py:188} INFO - [2024-08-04T20:54:06.215+0530] {dag.py:3947} INFO - Setting next_dagrun for example_xcom to 2021-01-01 00:00:00+00:00, run_after=2021-01-01 00:00:00+00:00
[2024-08-04T20:54:06.225+0530] {processor.py:183} INFO - Processing /Users/deepanshu/Desktop/etc-spark-airflow/env/lib/python3.12/site-packages/airflow/example_dags/example_xcom.py took 0.106 seconds
[2024-08-04T20:54:54.640+0530] {processor.py:161} INFO - Started process (PID=65209) to work on /Users/deepanshu/Desktop/etc-spark-airflow/env/lib/python3.12/site-packages/airflow/example_dags/example_xcom.py
[2024-08-04T20:54:54.641+0530] {processor.py:830} INFO - Processing file /Users/deepanshu/Desktop/etc-spark-airflow/env/lib/python3.12/site-packages/airflow/example_dags/example_xcom.py for tasks to queue
[2024-08-04T20:54:54.642+0530] {logging_mixin.py:188} INFO - [2024-08-04T20:54:54.641+0530] {dagbag.py:545} INFO - Filling up the DagBag from /Users/deepanshu/Desktop/etc-spark-airflow/env/lib/python3.12/site-packages/airflow/example_dags/example_xcom.py
[2024-08-04T20:54:54.664+0530] {processor.py:840} INFO - DAG(s) 'example_xcom' retrieved from /Users/deepanshu/Desktop/etc-spark-airflow/env/lib/python3.12/site-packages/airflow/example_dags/example_xcom.py
[2024-08-04T20:54:54.717+0530] {logging_mixin.py:188} INFO - [2024-08-04T20:54:54.716+0530] {dag.py:3089} INFO - Sync 1 DAGs
[2024-08-04T20:54:54.725+0530] {logging_mixin.py:188} INFO - [2024-08-04T20:54:54.725+0530] {dag.py:3947} INFO - Setting next_dagrun for example_xcom to 2021-01-01 00:00:00+00:00, run_after=2021-01-01 00:00:00+00:00
[2024-08-04T20:54:54.736+0530] {processor.py:183} INFO - Processing /Users/deepanshu/Desktop/etc-spark-airflow/env/lib/python3.12/site-packages/airflow/example_dags/example_xcom.py took 0.097 seconds
[2024-08-04T20:57:21.933+0530] {processor.py:161} INFO - Started process (PID=66343) to work on /Users/deepanshu/Desktop/etc-spark-airflow/env/lib/python3.12/site-packages/airflow/example_dags/example_xcom.py
[2024-08-04T20:57:21.935+0530] {processor.py:830} INFO - Processing file /Users/deepanshu/Desktop/etc-spark-airflow/env/lib/python3.12/site-packages/airflow/example_dags/example_xcom.py for tasks to queue
[2024-08-04T20:57:21.935+0530] {logging_mixin.py:188} INFO - [2024-08-04T20:57:21.935+0530] {dagbag.py:545} INFO - Filling up the DagBag from /Users/deepanshu/Desktop/etc-spark-airflow/env/lib/python3.12/site-packages/airflow/example_dags/example_xcom.py
[2024-08-04T20:57:21.958+0530] {processor.py:840} INFO - DAG(s) 'example_xcom' retrieved from /Users/deepanshu/Desktop/etc-spark-airflow/env/lib/python3.12/site-packages/airflow/example_dags/example_xcom.py
[2024-08-04T20:57:22.014+0530] {logging_mixin.py:188} INFO - [2024-08-04T20:57:22.014+0530] {dag.py:3089} INFO - Sync 1 DAGs
[2024-08-04T20:57:22.022+0530] {logging_mixin.py:188} INFO - [2024-08-04T20:57:22.022+0530] {dag.py:3947} INFO - Setting next_dagrun for example_xcom to 2021-01-01 00:00:00+00:00, run_after=2021-01-01 00:00:00+00:00
[2024-08-04T20:57:22.033+0530] {processor.py:183} INFO - Processing /Users/deepanshu/Desktop/etc-spark-airflow/env/lib/python3.12/site-packages/airflow/example_dags/example_xcom.py took 0.101 seconds
[2024-08-04T20:59:30.547+0530] {processor.py:161} INFO - Started process (PID=67559) to work on /Users/deepanshu/Desktop/etc-spark-airflow/env/lib/python3.12/site-packages/airflow/example_dags/example_xcom.py
[2024-08-04T20:59:30.548+0530] {processor.py:830} INFO - Processing file /Users/deepanshu/Desktop/etc-spark-airflow/env/lib/python3.12/site-packages/airflow/example_dags/example_xcom.py for tasks to queue
[2024-08-04T20:59:30.548+0530] {logging_mixin.py:188} INFO - [2024-08-04T20:59:30.548+0530] {dagbag.py:545} INFO - Filling up the DagBag from /Users/deepanshu/Desktop/etc-spark-airflow/env/lib/python3.12/site-packages/airflow/example_dags/example_xcom.py
[2024-08-04T20:59:30.571+0530] {processor.py:840} INFO - DAG(s) 'example_xcom' retrieved from /Users/deepanshu/Desktop/etc-spark-airflow/env/lib/python3.12/site-packages/airflow/example_dags/example_xcom.py
[2024-08-04T20:59:30.623+0530] {logging_mixin.py:188} INFO - [2024-08-04T20:59:30.623+0530] {dag.py:3089} INFO - Sync 1 DAGs
[2024-08-04T20:59:30.631+0530] {logging_mixin.py:188} INFO - [2024-08-04T20:59:30.631+0530] {dag.py:3947} INFO - Setting next_dagrun for example_xcom to 2021-01-01 00:00:00+00:00, run_after=2021-01-01 00:00:00+00:00
[2024-08-04T20:59:30.642+0530] {processor.py:183} INFO - Processing /Users/deepanshu/Desktop/etc-spark-airflow/env/lib/python3.12/site-packages/airflow/example_dags/example_xcom.py took 0.096 seconds
[2024-08-04T21:01:11.725+0530] {processor.py:161} INFO - Started process (PID=68399) to work on /Users/deepanshu/Desktop/etc-spark-airflow/env/lib/python3.12/site-packages/airflow/example_dags/example_xcom.py
[2024-08-04T21:01:11.726+0530] {processor.py:830} INFO - Processing file /Users/deepanshu/Desktop/etc-spark-airflow/env/lib/python3.12/site-packages/airflow/example_dags/example_xcom.py for tasks to queue
[2024-08-04T21:01:11.727+0530] {logging_mixin.py:188} INFO - [2024-08-04T21:01:11.727+0530] {dagbag.py:545} INFO - Filling up the DagBag from /Users/deepanshu/Desktop/etc-spark-airflow/env/lib/python3.12/site-packages/airflow/example_dags/example_xcom.py
[2024-08-04T21:01:11.750+0530] {processor.py:840} INFO - DAG(s) 'example_xcom' retrieved from /Users/deepanshu/Desktop/etc-spark-airflow/env/lib/python3.12/site-packages/airflow/example_dags/example_xcom.py
[2024-08-04T21:01:11.802+0530] {logging_mixin.py:188} INFO - [2024-08-04T21:01:11.802+0530] {dag.py:3089} INFO - Sync 1 DAGs
[2024-08-04T21:01:11.811+0530] {logging_mixin.py:188} INFO - [2024-08-04T21:01:11.811+0530] {dag.py:3947} INFO - Setting next_dagrun for example_xcom to 2021-01-01 00:00:00+00:00, run_after=2021-01-01 00:00:00+00:00
[2024-08-04T21:01:11.821+0530] {processor.py:183} INFO - Processing /Users/deepanshu/Desktop/etc-spark-airflow/env/lib/python3.12/site-packages/airflow/example_dags/example_xcom.py took 0.098 seconds
[2024-08-04T21:03:15.724+0530] {processor.py:161} INFO - Started process (PID=69272) to work on /Users/deepanshu/Desktop/etc-spark-airflow/env/lib/python3.12/site-packages/airflow/example_dags/example_xcom.py
[2024-08-04T21:03:15.725+0530] {processor.py:830} INFO - Processing file /Users/deepanshu/Desktop/etc-spark-airflow/env/lib/python3.12/site-packages/airflow/example_dags/example_xcom.py for tasks to queue
[2024-08-04T21:03:15.725+0530] {logging_mixin.py:188} INFO - [2024-08-04T21:03:15.725+0530] {dagbag.py:545} INFO - Filling up the DagBag from /Users/deepanshu/Desktop/etc-spark-airflow/env/lib/python3.12/site-packages/airflow/example_dags/example_xcom.py
[2024-08-04T21:03:15.748+0530] {processor.py:840} INFO - DAG(s) 'example_xcom' retrieved from /Users/deepanshu/Desktop/etc-spark-airflow/env/lib/python3.12/site-packages/airflow/example_dags/example_xcom.py
[2024-08-04T21:03:15.801+0530] {logging_mixin.py:188} INFO - [2024-08-04T21:03:15.801+0530] {dag.py:3089} INFO - Sync 1 DAGs
[2024-08-04T21:03:15.810+0530] {logging_mixin.py:188} INFO - [2024-08-04T21:03:15.809+0530] {dag.py:3947} INFO - Setting next_dagrun for example_xcom to 2021-01-01 00:00:00+00:00, run_after=2021-01-01 00:00:00+00:00
[2024-08-04T21:03:15.820+0530] {processor.py:183} INFO - Processing /Users/deepanshu/Desktop/etc-spark-airflow/env/lib/python3.12/site-packages/airflow/example_dags/example_xcom.py took 0.097 seconds
[2024-08-04T21:05:03.289+0530] {processor.py:161} INFO - Started process (PID=69984) to work on /Users/deepanshu/Desktop/etc-spark-airflow/env/lib/python3.12/site-packages/airflow/example_dags/example_xcom.py
[2024-08-04T21:05:03.290+0530] {processor.py:830} INFO - Processing file /Users/deepanshu/Desktop/etc-spark-airflow/env/lib/python3.12/site-packages/airflow/example_dags/example_xcom.py for tasks to queue
[2024-08-04T21:05:03.290+0530] {logging_mixin.py:188} INFO - [2024-08-04T21:05:03.290+0530] {dagbag.py:545} INFO - Filling up the DagBag from /Users/deepanshu/Desktop/etc-spark-airflow/env/lib/python3.12/site-packages/airflow/example_dags/example_xcom.py
[2024-08-04T21:05:03.313+0530] {processor.py:840} INFO - DAG(s) 'example_xcom' retrieved from /Users/deepanshu/Desktop/etc-spark-airflow/env/lib/python3.12/site-packages/airflow/example_dags/example_xcom.py
[2024-08-04T21:05:03.365+0530] {logging_mixin.py:188} INFO - [2024-08-04T21:05:03.364+0530] {dag.py:3089} INFO - Sync 1 DAGs
[2024-08-04T21:05:03.373+0530] {logging_mixin.py:188} INFO - [2024-08-04T21:05:03.373+0530] {dag.py:3947} INFO - Setting next_dagrun for example_xcom to 2021-01-01 00:00:00+00:00, run_after=2021-01-01 00:00:00+00:00
[2024-08-04T21:05:03.384+0530] {processor.py:183} INFO - Processing /Users/deepanshu/Desktop/etc-spark-airflow/env/lib/python3.12/site-packages/airflow/example_dags/example_xcom.py took 0.097 seconds
[2024-08-04T21:05:50.695+0530] {processor.py:161} INFO - Started process (PID=70344) to work on /Users/deepanshu/Desktop/etc-spark-airflow/env/lib/python3.12/site-packages/airflow/example_dags/example_xcom.py
[2024-08-04T21:05:50.696+0530] {processor.py:830} INFO - Processing file /Users/deepanshu/Desktop/etc-spark-airflow/env/lib/python3.12/site-packages/airflow/example_dags/example_xcom.py for tasks to queue
[2024-08-04T21:05:50.697+0530] {logging_mixin.py:188} INFO - [2024-08-04T21:05:50.697+0530] {dagbag.py:545} INFO - Filling up the DagBag from /Users/deepanshu/Desktop/etc-spark-airflow/env/lib/python3.12/site-packages/airflow/example_dags/example_xcom.py
[2024-08-04T21:05:50.719+0530] {processor.py:840} INFO - DAG(s) 'example_xcom' retrieved from /Users/deepanshu/Desktop/etc-spark-airflow/env/lib/python3.12/site-packages/airflow/example_dags/example_xcom.py
[2024-08-04T21:05:50.772+0530] {logging_mixin.py:188} INFO - [2024-08-04T21:05:50.772+0530] {dag.py:3089} INFO - Sync 1 DAGs
[2024-08-04T21:05:50.780+0530] {logging_mixin.py:188} INFO - [2024-08-04T21:05:50.780+0530] {dag.py:3947} INFO - Setting next_dagrun for example_xcom to 2021-01-01 00:00:00+00:00, run_after=2021-01-01 00:00:00+00:00
[2024-08-04T21:05:50.791+0530] {processor.py:183} INFO - Processing /Users/deepanshu/Desktop/etc-spark-airflow/env/lib/python3.12/site-packages/airflow/example_dags/example_xcom.py took 0.098 seconds
[2024-08-04T21:07:32.463+0530] {processor.py:161} INFO - Started process (PID=71048) to work on /Users/deepanshu/Desktop/etc-spark-airflow/env/lib/python3.12/site-packages/airflow/example_dags/example_xcom.py
[2024-08-04T21:07:32.464+0530] {processor.py:830} INFO - Processing file /Users/deepanshu/Desktop/etc-spark-airflow/env/lib/python3.12/site-packages/airflow/example_dags/example_xcom.py for tasks to queue
[2024-08-04T21:07:32.465+0530] {logging_mixin.py:188} INFO - [2024-08-04T21:07:32.464+0530] {dagbag.py:545} INFO - Filling up the DagBag from /Users/deepanshu/Desktop/etc-spark-airflow/env/lib/python3.12/site-packages/airflow/example_dags/example_xcom.py
[2024-08-04T21:07:32.488+0530] {processor.py:840} INFO - DAG(s) 'example_xcom' retrieved from /Users/deepanshu/Desktop/etc-spark-airflow/env/lib/python3.12/site-packages/airflow/example_dags/example_xcom.py
[2024-08-04T21:07:32.540+0530] {logging_mixin.py:188} INFO - [2024-08-04T21:07:32.540+0530] {dag.py:3089} INFO - Sync 1 DAGs
[2024-08-04T21:07:32.549+0530] {logging_mixin.py:188} INFO - [2024-08-04T21:07:32.549+0530] {dag.py:3947} INFO - Setting next_dagrun for example_xcom to 2021-01-01 00:00:00+00:00, run_after=2021-01-01 00:00:00+00:00
[2024-08-04T21:07:32.559+0530] {processor.py:183} INFO - Processing /Users/deepanshu/Desktop/etc-spark-airflow/env/lib/python3.12/site-packages/airflow/example_dags/example_xcom.py took 0.098 seconds
[2024-08-04T21:09:25.052+0530] {processor.py:161} INFO - Started process (PID=72055) to work on /Users/deepanshu/Desktop/etc-spark-airflow/env/lib/python3.12/site-packages/airflow/example_dags/example_xcom.py
[2024-08-04T21:09:25.053+0530] {processor.py:830} INFO - Processing file /Users/deepanshu/Desktop/etc-spark-airflow/env/lib/python3.12/site-packages/airflow/example_dags/example_xcom.py for tasks to queue
[2024-08-04T21:09:25.053+0530] {logging_mixin.py:188} INFO - [2024-08-04T21:09:25.053+0530] {dagbag.py:545} INFO - Filling up the DagBag from /Users/deepanshu/Desktop/etc-spark-airflow/env/lib/python3.12/site-packages/airflow/example_dags/example_xcom.py
[2024-08-04T21:09:25.076+0530] {processor.py:840} INFO - DAG(s) 'example_xcom' retrieved from /Users/deepanshu/Desktop/etc-spark-airflow/env/lib/python3.12/site-packages/airflow/example_dags/example_xcom.py
[2024-08-04T21:09:25.128+0530] {logging_mixin.py:188} INFO - [2024-08-04T21:09:25.128+0530] {dag.py:3089} INFO - Sync 1 DAGs
[2024-08-04T21:09:25.136+0530] {logging_mixin.py:188} INFO - [2024-08-04T21:09:25.136+0530] {dag.py:3947} INFO - Setting next_dagrun for example_xcom to 2021-01-01 00:00:00+00:00, run_after=2021-01-01 00:00:00+00:00
[2024-08-04T21:09:25.147+0530] {processor.py:183} INFO - Processing /Users/deepanshu/Desktop/etc-spark-airflow/env/lib/python3.12/site-packages/airflow/example_dags/example_xcom.py took 0.097 seconds
