[2024-08-04T20:33:26.447+0530] {processor.py:161} INFO - Started process (PID=55770) to work on /Users/deepanshu/Desktop/etc-spark-airflow/env/lib/python3.12/site-packages/airflow/example_dags/example_setup_teardown.py
[2024-08-04T20:33:26.448+0530] {processor.py:830} INFO - Processing file /Users/deepanshu/Desktop/etc-spark-airflow/env/lib/python3.12/site-packages/airflow/example_dags/example_setup_teardown.py for tasks to queue
[2024-08-04T20:33:26.448+0530] {logging_mixin.py:188} INFO - [2024-08-04T20:33:26.448+0530] {dagbag.py:545} INFO - Filling up the DagBag from /Users/deepanshu/Desktop/etc-spark-airflow/env/lib/python3.12/site-packages/airflow/example_dags/example_setup_teardown.py
[2024-08-04T20:33:26.454+0530] {processor.py:840} INFO - DAG(s) 'example_setup_teardown' retrieved from /Users/deepanshu/Desktop/etc-spark-airflow/env/lib/python3.12/site-packages/airflow/example_dags/example_setup_teardown.py
[2024-08-04T20:33:26.557+0530] {logging_mixin.py:188} INFO - [2024-08-04T20:33:26.557+0530] {override.py:1858} INFO - Created Permission View: can edit on DAG:example_setup_teardown
[2024-08-04T20:33:26.562+0530] {logging_mixin.py:188} INFO - [2024-08-04T20:33:26.562+0530] {override.py:1858} INFO - Created Permission View: can read on DAG:example_setup_teardown
[2024-08-04T20:33:26.565+0530] {logging_mixin.py:188} INFO - [2024-08-04T20:33:26.565+0530] {override.py:1858} INFO - Created Permission View: can delete on DAG:example_setup_teardown
[2024-08-04T20:33:26.565+0530] {logging_mixin.py:188} INFO - [2024-08-04T20:33:26.565+0530] {dag.py:3089} INFO - Sync 1 DAGs
[2024-08-04T20:33:26.571+0530] {logging_mixin.py:188} INFO - [2024-08-04T20:33:26.570+0530] {dag.py:3111} INFO - Creating ORM DAG for example_setup_teardown
[2024-08-04T20:33:26.575+0530] {logging_mixin.py:188} INFO - [2024-08-04T20:33:26.575+0530] {dag.py:3947} INFO - Setting next_dagrun for example_setup_teardown to 2024-08-03 00:00:00+00:00, run_after=2024-08-04 00:00:00+00:00
[2024-08-04T20:33:26.587+0530] {processor.py:183} INFO - Processing /Users/deepanshu/Desktop/etc-spark-airflow/env/lib/python3.12/site-packages/airflow/example_dags/example_setup_teardown.py took 0.141 seconds
[2024-08-04T20:34:28.112+0530] {processor.py:161} INFO - Started process (PID=56226) to work on /Users/deepanshu/Desktop/etc-spark-airflow/env/lib/python3.12/site-packages/airflow/example_dags/example_setup_teardown.py
[2024-08-04T20:34:28.113+0530] {processor.py:830} INFO - Processing file /Users/deepanshu/Desktop/etc-spark-airflow/env/lib/python3.12/site-packages/airflow/example_dags/example_setup_teardown.py for tasks to queue
[2024-08-04T20:34:28.113+0530] {logging_mixin.py:188} INFO - [2024-08-04T20:34:28.113+0530] {dagbag.py:545} INFO - Filling up the DagBag from /Users/deepanshu/Desktop/etc-spark-airflow/env/lib/python3.12/site-packages/airflow/example_dags/example_setup_teardown.py
[2024-08-04T20:34:28.118+0530] {processor.py:840} INFO - DAG(s) 'example_setup_teardown' retrieved from /Users/deepanshu/Desktop/etc-spark-airflow/env/lib/python3.12/site-packages/airflow/example_dags/example_setup_teardown.py
[2024-08-04T20:34:28.172+0530] {logging_mixin.py:188} INFO - [2024-08-04T20:34:28.171+0530] {dag.py:3089} INFO - Sync 1 DAGs
[2024-08-04T20:34:28.181+0530] {logging_mixin.py:188} INFO - [2024-08-04T20:34:28.181+0530] {dag.py:3947} INFO - Setting next_dagrun for example_setup_teardown to 2024-08-03 00:00:00+00:00, run_after=2024-08-04 00:00:00+00:00
[2024-08-04T20:34:28.191+0530] {processor.py:183} INFO - Processing /Users/deepanshu/Desktop/etc-spark-airflow/env/lib/python3.12/site-packages/airflow/example_dags/example_setup_teardown.py took 0.081 seconds
[2024-08-04T20:36:32.924+0530] {processor.py:161} INFO - Started process (PID=57116) to work on /Users/deepanshu/Desktop/etc-spark-airflow/env/lib/python3.12/site-packages/airflow/example_dags/example_setup_teardown.py
[2024-08-04T20:36:32.925+0530] {processor.py:830} INFO - Processing file /Users/deepanshu/Desktop/etc-spark-airflow/env/lib/python3.12/site-packages/airflow/example_dags/example_setup_teardown.py for tasks to queue
[2024-08-04T20:36:32.926+0530] {logging_mixin.py:188} INFO - [2024-08-04T20:36:32.925+0530] {dagbag.py:545} INFO - Filling up the DagBag from /Users/deepanshu/Desktop/etc-spark-airflow/env/lib/python3.12/site-packages/airflow/example_dags/example_setup_teardown.py
[2024-08-04T20:36:32.931+0530] {processor.py:840} INFO - DAG(s) 'example_setup_teardown' retrieved from /Users/deepanshu/Desktop/etc-spark-airflow/env/lib/python3.12/site-packages/airflow/example_dags/example_setup_teardown.py
[2024-08-04T20:36:32.986+0530] {logging_mixin.py:188} INFO - [2024-08-04T20:36:32.986+0530] {dag.py:3089} INFO - Sync 1 DAGs
[2024-08-04T20:36:32.996+0530] {logging_mixin.py:188} INFO - [2024-08-04T20:36:32.996+0530] {dag.py:3947} INFO - Setting next_dagrun for example_setup_teardown to 2024-08-03 00:00:00+00:00, run_after=2024-08-04 00:00:00+00:00
[2024-08-04T20:36:33.007+0530] {processor.py:183} INFO - Processing /Users/deepanshu/Desktop/etc-spark-airflow/env/lib/python3.12/site-packages/airflow/example_dags/example_setup_teardown.py took 0.085 seconds
[2024-08-04T20:38:03.112+0530] {processor.py:161} INFO - Started process (PID=57849) to work on /Users/deepanshu/Desktop/etc-spark-airflow/env/lib/python3.12/site-packages/airflow/example_dags/example_setup_teardown.py
[2024-08-04T20:38:03.113+0530] {processor.py:830} INFO - Processing file /Users/deepanshu/Desktop/etc-spark-airflow/env/lib/python3.12/site-packages/airflow/example_dags/example_setup_teardown.py for tasks to queue
[2024-08-04T20:38:03.114+0530] {logging_mixin.py:188} INFO - [2024-08-04T20:38:03.114+0530] {dagbag.py:545} INFO - Filling up the DagBag from /Users/deepanshu/Desktop/etc-spark-airflow/env/lib/python3.12/site-packages/airflow/example_dags/example_setup_teardown.py
[2024-08-04T20:38:03.120+0530] {processor.py:840} INFO - DAG(s) 'example_setup_teardown' retrieved from /Users/deepanshu/Desktop/etc-spark-airflow/env/lib/python3.12/site-packages/airflow/example_dags/example_setup_teardown.py
[2024-08-04T20:38:03.179+0530] {logging_mixin.py:188} INFO - [2024-08-04T20:38:03.179+0530] {dag.py:3089} INFO - Sync 1 DAGs
[2024-08-04T20:38:03.191+0530] {logging_mixin.py:188} INFO - [2024-08-04T20:38:03.191+0530] {dag.py:3947} INFO - Setting next_dagrun for example_setup_teardown to 2024-08-03 00:00:00+00:00, run_after=2024-08-04 00:00:00+00:00
[2024-08-04T20:38:03.202+0530] {processor.py:183} INFO - Processing /Users/deepanshu/Desktop/etc-spark-airflow/env/lib/python3.12/site-packages/airflow/example_dags/example_setup_teardown.py took 0.091 seconds
[2024-08-04T20:40:00.459+0530] {processor.py:161} INFO - Started process (PID=58710) to work on /Users/deepanshu/Desktop/etc-spark-airflow/env/lib/python3.12/site-packages/airflow/example_dags/example_setup_teardown.py
[2024-08-04T20:40:00.460+0530] {processor.py:830} INFO - Processing file /Users/deepanshu/Desktop/etc-spark-airflow/env/lib/python3.12/site-packages/airflow/example_dags/example_setup_teardown.py for tasks to queue
[2024-08-04T20:40:00.460+0530] {logging_mixin.py:188} INFO - [2024-08-04T20:40:00.460+0530] {dagbag.py:545} INFO - Filling up the DagBag from /Users/deepanshu/Desktop/etc-spark-airflow/env/lib/python3.12/site-packages/airflow/example_dags/example_setup_teardown.py
[2024-08-04T20:40:00.465+0530] {processor.py:840} INFO - DAG(s) 'example_setup_teardown' retrieved from /Users/deepanshu/Desktop/etc-spark-airflow/env/lib/python3.12/site-packages/airflow/example_dags/example_setup_teardown.py
[2024-08-04T20:40:00.519+0530] {logging_mixin.py:188} INFO - [2024-08-04T20:40:00.519+0530] {dag.py:3089} INFO - Sync 1 DAGs
[2024-08-04T20:40:00.529+0530] {logging_mixin.py:188} INFO - [2024-08-04T20:40:00.529+0530] {dag.py:3947} INFO - Setting next_dagrun for example_setup_teardown to 2024-08-03 00:00:00+00:00, run_after=2024-08-04 00:00:00+00:00
[2024-08-04T20:40:00.539+0530] {processor.py:183} INFO - Processing /Users/deepanshu/Desktop/etc-spark-airflow/env/lib/python3.12/site-packages/airflow/example_dags/example_setup_teardown.py took 0.082 seconds
[2024-08-04T20:41:32.303+0530] {processor.py:161} INFO - Started process (PID=59419) to work on /Users/deepanshu/Desktop/etc-spark-airflow/env/lib/python3.12/site-packages/airflow/example_dags/example_setup_teardown.py
[2024-08-04T20:41:32.304+0530] {processor.py:830} INFO - Processing file /Users/deepanshu/Desktop/etc-spark-airflow/env/lib/python3.12/site-packages/airflow/example_dags/example_setup_teardown.py for tasks to queue
[2024-08-04T20:41:32.304+0530] {logging_mixin.py:188} INFO - [2024-08-04T20:41:32.304+0530] {dagbag.py:545} INFO - Filling up the DagBag from /Users/deepanshu/Desktop/etc-spark-airflow/env/lib/python3.12/site-packages/airflow/example_dags/example_setup_teardown.py
[2024-08-04T20:41:32.309+0530] {processor.py:840} INFO - DAG(s) 'example_setup_teardown' retrieved from /Users/deepanshu/Desktop/etc-spark-airflow/env/lib/python3.12/site-packages/airflow/example_dags/example_setup_teardown.py
[2024-08-04T20:41:32.363+0530] {logging_mixin.py:188} INFO - [2024-08-04T20:41:32.363+0530] {dag.py:3089} INFO - Sync 1 DAGs
[2024-08-04T20:41:32.373+0530] {logging_mixin.py:188} INFO - [2024-08-04T20:41:32.373+0530] {dag.py:3947} INFO - Setting next_dagrun for example_setup_teardown to 2024-08-03 00:00:00+00:00, run_after=2024-08-04 00:00:00+00:00
[2024-08-04T20:41:32.384+0530] {processor.py:183} INFO - Processing /Users/deepanshu/Desktop/etc-spark-airflow/env/lib/python3.12/site-packages/airflow/example_dags/example_setup_teardown.py took 0.083 seconds
[2024-08-04T20:43:24.135+0530] {processor.py:161} INFO - Started process (PID=60225) to work on /Users/deepanshu/Desktop/etc-spark-airflow/env/lib/python3.12/site-packages/airflow/example_dags/example_setup_teardown.py
[2024-08-04T20:43:24.136+0530] {processor.py:830} INFO - Processing file /Users/deepanshu/Desktop/etc-spark-airflow/env/lib/python3.12/site-packages/airflow/example_dags/example_setup_teardown.py for tasks to queue
[2024-08-04T20:43:24.137+0530] {logging_mixin.py:188} INFO - [2024-08-04T20:43:24.137+0530] {dagbag.py:545} INFO - Filling up the DagBag from /Users/deepanshu/Desktop/etc-spark-airflow/env/lib/python3.12/site-packages/airflow/example_dags/example_setup_teardown.py
[2024-08-04T20:43:24.142+0530] {processor.py:840} INFO - DAG(s) 'example_setup_teardown' retrieved from /Users/deepanshu/Desktop/etc-spark-airflow/env/lib/python3.12/site-packages/airflow/example_dags/example_setup_teardown.py
[2024-08-04T20:43:24.196+0530] {logging_mixin.py:188} INFO - [2024-08-04T20:43:24.196+0530] {dag.py:3089} INFO - Sync 1 DAGs
[2024-08-04T20:43:24.206+0530] {logging_mixin.py:188} INFO - [2024-08-04T20:43:24.206+0530] {dag.py:3947} INFO - Setting next_dagrun for example_setup_teardown to 2024-08-03 00:00:00+00:00, run_after=2024-08-04 00:00:00+00:00
[2024-08-04T20:43:24.217+0530] {processor.py:183} INFO - Processing /Users/deepanshu/Desktop/etc-spark-airflow/env/lib/python3.12/site-packages/airflow/example_dags/example_setup_teardown.py took 0.083 seconds
[2024-08-04T20:45:19.286+0530] {processor.py:161} INFO - Started process (PID=61067) to work on /Users/deepanshu/Desktop/etc-spark-airflow/env/lib/python3.12/site-packages/airflow/example_dags/example_setup_teardown.py
[2024-08-04T20:45:19.287+0530] {processor.py:830} INFO - Processing file /Users/deepanshu/Desktop/etc-spark-airflow/env/lib/python3.12/site-packages/airflow/example_dags/example_setup_teardown.py for tasks to queue
[2024-08-04T20:45:19.287+0530] {logging_mixin.py:188} INFO - [2024-08-04T20:45:19.287+0530] {dagbag.py:545} INFO - Filling up the DagBag from /Users/deepanshu/Desktop/etc-spark-airflow/env/lib/python3.12/site-packages/airflow/example_dags/example_setup_teardown.py
[2024-08-04T20:45:19.292+0530] {processor.py:840} INFO - DAG(s) 'example_setup_teardown' retrieved from /Users/deepanshu/Desktop/etc-spark-airflow/env/lib/python3.12/site-packages/airflow/example_dags/example_setup_teardown.py
[2024-08-04T20:45:19.347+0530] {logging_mixin.py:188} INFO - [2024-08-04T20:45:19.347+0530] {dag.py:3089} INFO - Sync 1 DAGs
[2024-08-04T20:45:19.357+0530] {logging_mixin.py:188} INFO - [2024-08-04T20:45:19.356+0530] {dag.py:3947} INFO - Setting next_dagrun for example_setup_teardown to 2024-08-03 00:00:00+00:00, run_after=2024-08-04 00:00:00+00:00
[2024-08-04T20:45:19.367+0530] {processor.py:183} INFO - Processing /Users/deepanshu/Desktop/etc-spark-airflow/env/lib/python3.12/site-packages/airflow/example_dags/example_setup_teardown.py took 0.082 seconds
[2024-08-04T20:47:16.068+0530] {processor.py:161} INFO - Started process (PID=61896) to work on /Users/deepanshu/Desktop/etc-spark-airflow/env/lib/python3.12/site-packages/airflow/example_dags/example_setup_teardown.py
[2024-08-04T20:47:16.069+0530] {processor.py:830} INFO - Processing file /Users/deepanshu/Desktop/etc-spark-airflow/env/lib/python3.12/site-packages/airflow/example_dags/example_setup_teardown.py for tasks to queue
[2024-08-04T20:47:16.069+0530] {logging_mixin.py:188} INFO - [2024-08-04T20:47:16.069+0530] {dagbag.py:545} INFO - Filling up the DagBag from /Users/deepanshu/Desktop/etc-spark-airflow/env/lib/python3.12/site-packages/airflow/example_dags/example_setup_teardown.py
[2024-08-04T20:47:16.074+0530] {processor.py:840} INFO - DAG(s) 'example_setup_teardown' retrieved from /Users/deepanshu/Desktop/etc-spark-airflow/env/lib/python3.12/site-packages/airflow/example_dags/example_setup_teardown.py
[2024-08-04T20:47:16.127+0530] {logging_mixin.py:188} INFO - [2024-08-04T20:47:16.127+0530] {dag.py:3089} INFO - Sync 1 DAGs
[2024-08-04T20:47:16.137+0530] {logging_mixin.py:188} INFO - [2024-08-04T20:47:16.137+0530] {dag.py:3947} INFO - Setting next_dagrun for example_setup_teardown to 2024-08-03 00:00:00+00:00, run_after=2024-08-04 00:00:00+00:00
[2024-08-04T20:47:16.147+0530] {processor.py:183} INFO - Processing /Users/deepanshu/Desktop/etc-spark-airflow/env/lib/python3.12/site-packages/airflow/example_dags/example_setup_teardown.py took 0.081 seconds
[2024-08-04T20:49:45.511+0530] {processor.py:161} INFO - Started process (PID=62925) to work on /Users/deepanshu/Desktop/etc-spark-airflow/env/lib/python3.12/site-packages/airflow/example_dags/example_setup_teardown.py
[2024-08-04T20:49:45.512+0530] {processor.py:830} INFO - Processing file /Users/deepanshu/Desktop/etc-spark-airflow/env/lib/python3.12/site-packages/airflow/example_dags/example_setup_teardown.py for tasks to queue
[2024-08-04T20:49:45.512+0530] {logging_mixin.py:188} INFO - [2024-08-04T20:49:45.512+0530] {dagbag.py:545} INFO - Filling up the DagBag from /Users/deepanshu/Desktop/etc-spark-airflow/env/lib/python3.12/site-packages/airflow/example_dags/example_setup_teardown.py
[2024-08-04T20:49:45.517+0530] {processor.py:840} INFO - DAG(s) 'example_setup_teardown' retrieved from /Users/deepanshu/Desktop/etc-spark-airflow/env/lib/python3.12/site-packages/airflow/example_dags/example_setup_teardown.py
[2024-08-04T20:49:45.572+0530] {logging_mixin.py:188} INFO - [2024-08-04T20:49:45.572+0530] {dag.py:3089} INFO - Sync 1 DAGs
[2024-08-04T20:49:45.581+0530] {logging_mixin.py:188} INFO - [2024-08-04T20:49:45.581+0530] {dag.py:3947} INFO - Setting next_dagrun for example_setup_teardown to 2024-08-03 00:00:00+00:00, run_after=2024-08-04 00:00:00+00:00
[2024-08-04T20:49:45.592+0530] {processor.py:183} INFO - Processing /Users/deepanshu/Desktop/etc-spark-airflow/env/lib/python3.12/site-packages/airflow/example_dags/example_setup_teardown.py took 0.082 seconds
[2024-08-04T20:51:20.763+0530] {processor.py:161} INFO - Started process (PID=63612) to work on /Users/deepanshu/Desktop/etc-spark-airflow/env/lib/python3.12/site-packages/airflow/example_dags/example_setup_teardown.py
[2024-08-04T20:51:20.765+0530] {processor.py:830} INFO - Processing file /Users/deepanshu/Desktop/etc-spark-airflow/env/lib/python3.12/site-packages/airflow/example_dags/example_setup_teardown.py for tasks to queue
[2024-08-04T20:51:20.765+0530] {logging_mixin.py:188} INFO - [2024-08-04T20:51:20.765+0530] {dagbag.py:545} INFO - Filling up the DagBag from /Users/deepanshu/Desktop/etc-spark-airflow/env/lib/python3.12/site-packages/airflow/example_dags/example_setup_teardown.py
[2024-08-04T20:51:20.770+0530] {processor.py:840} INFO - DAG(s) 'example_setup_teardown' retrieved from /Users/deepanshu/Desktop/etc-spark-airflow/env/lib/python3.12/site-packages/airflow/example_dags/example_setup_teardown.py
[2024-08-04T20:51:20.824+0530] {logging_mixin.py:188} INFO - [2024-08-04T20:51:20.823+0530] {dag.py:3089} INFO - Sync 1 DAGs
[2024-08-04T20:51:20.833+0530] {logging_mixin.py:188} INFO - [2024-08-04T20:51:20.833+0530] {dag.py:3947} INFO - Setting next_dagrun for example_setup_teardown to 2024-08-03 00:00:00+00:00, run_after=2024-08-04 00:00:00+00:00
[2024-08-04T20:51:20.843+0530] {processor.py:183} INFO - Processing /Users/deepanshu/Desktop/etc-spark-airflow/env/lib/python3.12/site-packages/airflow/example_dags/example_setup_teardown.py took 0.081 seconds
[2024-08-04T20:53:13.308+0530] {processor.py:161} INFO - Started process (PID=64403) to work on /Users/deepanshu/Desktop/etc-spark-airflow/env/lib/python3.12/site-packages/airflow/example_dags/example_setup_teardown.py
[2024-08-04T20:53:13.309+0530] {processor.py:830} INFO - Processing file /Users/deepanshu/Desktop/etc-spark-airflow/env/lib/python3.12/site-packages/airflow/example_dags/example_setup_teardown.py for tasks to queue
[2024-08-04T20:53:13.309+0530] {logging_mixin.py:188} INFO - [2024-08-04T20:53:13.309+0530] {dagbag.py:545} INFO - Filling up the DagBag from /Users/deepanshu/Desktop/etc-spark-airflow/env/lib/python3.12/site-packages/airflow/example_dags/example_setup_teardown.py
[2024-08-04T20:53:13.314+0530] {processor.py:840} INFO - DAG(s) 'example_setup_teardown' retrieved from /Users/deepanshu/Desktop/etc-spark-airflow/env/lib/python3.12/site-packages/airflow/example_dags/example_setup_teardown.py
[2024-08-04T20:53:13.368+0530] {logging_mixin.py:188} INFO - [2024-08-04T20:53:13.368+0530] {dag.py:3089} INFO - Sync 1 DAGs
[2024-08-04T20:53:13.378+0530] {logging_mixin.py:188} INFO - [2024-08-04T20:53:13.378+0530] {dag.py:3947} INFO - Setting next_dagrun for example_setup_teardown to 2024-08-03 00:00:00+00:00, run_after=2024-08-04 00:00:00+00:00
[2024-08-04T20:53:13.388+0530] {processor.py:183} INFO - Processing /Users/deepanshu/Desktop/etc-spark-airflow/env/lib/python3.12/site-packages/airflow/example_dags/example_setup_teardown.py took 0.082 seconds
[2024-08-04T20:55:18.294+0530] {processor.py:161} INFO - Started process (PID=65362) to work on /Users/deepanshu/Desktop/etc-spark-airflow/env/lib/python3.12/site-packages/airflow/example_dags/example_setup_teardown.py
[2024-08-04T20:55:18.295+0530] {processor.py:830} INFO - Processing file /Users/deepanshu/Desktop/etc-spark-airflow/env/lib/python3.12/site-packages/airflow/example_dags/example_setup_teardown.py for tasks to queue
[2024-08-04T20:55:18.295+0530] {logging_mixin.py:188} INFO - [2024-08-04T20:55:18.295+0530] {dagbag.py:545} INFO - Filling up the DagBag from /Users/deepanshu/Desktop/etc-spark-airflow/env/lib/python3.12/site-packages/airflow/example_dags/example_setup_teardown.py
[2024-08-04T20:55:18.300+0530] {processor.py:840} INFO - DAG(s) 'example_setup_teardown' retrieved from /Users/deepanshu/Desktop/etc-spark-airflow/env/lib/python3.12/site-packages/airflow/example_dags/example_setup_teardown.py
[2024-08-04T20:55:18.354+0530] {logging_mixin.py:188} INFO - [2024-08-04T20:55:18.354+0530] {dag.py:3089} INFO - Sync 1 DAGs
[2024-08-04T20:55:18.363+0530] {logging_mixin.py:188} INFO - [2024-08-04T20:55:18.363+0530] {dag.py:3947} INFO - Setting next_dagrun for example_setup_teardown to 2024-08-03 00:00:00+00:00, run_after=2024-08-04 00:00:00+00:00
[2024-08-04T20:55:18.374+0530] {processor.py:183} INFO - Processing /Users/deepanshu/Desktop/etc-spark-airflow/env/lib/python3.12/site-packages/airflow/example_dags/example_setup_teardown.py took 0.081 seconds
[2024-08-04T20:57:46.005+0530] {processor.py:161} INFO - Started process (PID=66518) to work on /Users/deepanshu/Desktop/etc-spark-airflow/env/lib/python3.12/site-packages/airflow/example_dags/example_setup_teardown.py
[2024-08-04T20:57:46.006+0530] {processor.py:830} INFO - Processing file /Users/deepanshu/Desktop/etc-spark-airflow/env/lib/python3.12/site-packages/airflow/example_dags/example_setup_teardown.py for tasks to queue
[2024-08-04T20:57:46.007+0530] {logging_mixin.py:188} INFO - [2024-08-04T20:57:46.007+0530] {dagbag.py:545} INFO - Filling up the DagBag from /Users/deepanshu/Desktop/etc-spark-airflow/env/lib/python3.12/site-packages/airflow/example_dags/example_setup_teardown.py
[2024-08-04T20:57:46.012+0530] {processor.py:840} INFO - DAG(s) 'example_setup_teardown' retrieved from /Users/deepanshu/Desktop/etc-spark-airflow/env/lib/python3.12/site-packages/airflow/example_dags/example_setup_teardown.py
[2024-08-04T20:57:46.067+0530] {logging_mixin.py:188} INFO - [2024-08-04T20:57:46.067+0530] {dag.py:3089} INFO - Sync 1 DAGs
[2024-08-04T20:57:46.078+0530] {logging_mixin.py:188} INFO - [2024-08-04T20:57:46.078+0530] {dag.py:3947} INFO - Setting next_dagrun for example_setup_teardown to 2024-08-03 00:00:00+00:00, run_after=2024-08-04 00:00:00+00:00
[2024-08-04T20:57:46.089+0530] {processor.py:183} INFO - Processing /Users/deepanshu/Desktop/etc-spark-airflow/env/lib/python3.12/site-packages/airflow/example_dags/example_setup_teardown.py took 0.085 seconds
[2024-08-04T21:01:35.108+0530] {processor.py:161} INFO - Started process (PID=68548) to work on /Users/deepanshu/Desktop/etc-spark-airflow/env/lib/python3.12/site-packages/airflow/example_dags/example_setup_teardown.py
[2024-08-04T21:01:35.109+0530] {processor.py:830} INFO - Processing file /Users/deepanshu/Desktop/etc-spark-airflow/env/lib/python3.12/site-packages/airflow/example_dags/example_setup_teardown.py for tasks to queue
[2024-08-04T21:01:35.110+0530] {logging_mixin.py:188} INFO - [2024-08-04T21:01:35.110+0530] {dagbag.py:545} INFO - Filling up the DagBag from /Users/deepanshu/Desktop/etc-spark-airflow/env/lib/python3.12/site-packages/airflow/example_dags/example_setup_teardown.py
[2024-08-04T21:01:35.115+0530] {processor.py:840} INFO - DAG(s) 'example_setup_teardown' retrieved from /Users/deepanshu/Desktop/etc-spark-airflow/env/lib/python3.12/site-packages/airflow/example_dags/example_setup_teardown.py
[2024-08-04T21:01:35.169+0530] {logging_mixin.py:188} INFO - [2024-08-04T21:01:35.169+0530] {dag.py:3089} INFO - Sync 1 DAGs
[2024-08-04T21:01:35.178+0530] {logging_mixin.py:188} INFO - [2024-08-04T21:01:35.178+0530] {dag.py:3947} INFO - Setting next_dagrun for example_setup_teardown to 2024-08-03 00:00:00+00:00, run_after=2024-08-04 00:00:00+00:00
[2024-08-04T21:01:35.189+0530] {processor.py:183} INFO - Processing /Users/deepanshu/Desktop/etc-spark-airflow/env/lib/python3.12/site-packages/airflow/example_dags/example_setup_teardown.py took 0.082 seconds
[2024-08-04T21:03:40.154+0530] {processor.py:161} INFO - Started process (PID=69432) to work on /Users/deepanshu/Desktop/etc-spark-airflow/env/lib/python3.12/site-packages/airflow/example_dags/example_setup_teardown.py
[2024-08-04T21:03:40.156+0530] {processor.py:830} INFO - Processing file /Users/deepanshu/Desktop/etc-spark-airflow/env/lib/python3.12/site-packages/airflow/example_dags/example_setup_teardown.py for tasks to queue
[2024-08-04T21:03:40.156+0530] {logging_mixin.py:188} INFO - [2024-08-04T21:03:40.156+0530] {dagbag.py:545} INFO - Filling up the DagBag from /Users/deepanshu/Desktop/etc-spark-airflow/env/lib/python3.12/site-packages/airflow/example_dags/example_setup_teardown.py
[2024-08-04T21:03:40.161+0530] {processor.py:840} INFO - DAG(s) 'example_setup_teardown' retrieved from /Users/deepanshu/Desktop/etc-spark-airflow/env/lib/python3.12/site-packages/airflow/example_dags/example_setup_teardown.py
[2024-08-04T21:03:40.215+0530] {logging_mixin.py:188} INFO - [2024-08-04T21:03:40.215+0530] {dag.py:3089} INFO - Sync 1 DAGs
[2024-08-04T21:03:40.225+0530] {logging_mixin.py:188} INFO - [2024-08-04T21:03:40.225+0530] {dag.py:3947} INFO - Setting next_dagrun for example_setup_teardown to 2024-08-03 00:00:00+00:00, run_after=2024-08-04 00:00:00+00:00
[2024-08-04T21:03:40.235+0530] {processor.py:183} INFO - Processing /Users/deepanshu/Desktop/etc-spark-airflow/env/lib/python3.12/site-packages/airflow/example_dags/example_setup_teardown.py took 0.082 seconds
[2024-08-04T21:06:14.235+0530] {processor.py:161} INFO - Started process (PID=70501) to work on /Users/deepanshu/Desktop/etc-spark-airflow/env/lib/python3.12/site-packages/airflow/example_dags/example_setup_teardown.py
[2024-08-04T21:06:14.236+0530] {processor.py:830} INFO - Processing file /Users/deepanshu/Desktop/etc-spark-airflow/env/lib/python3.12/site-packages/airflow/example_dags/example_setup_teardown.py for tasks to queue
[2024-08-04T21:06:14.237+0530] {logging_mixin.py:188} INFO - [2024-08-04T21:06:14.236+0530] {dagbag.py:545} INFO - Filling up the DagBag from /Users/deepanshu/Desktop/etc-spark-airflow/env/lib/python3.12/site-packages/airflow/example_dags/example_setup_teardown.py
[2024-08-04T21:06:14.241+0530] {processor.py:840} INFO - DAG(s) 'example_setup_teardown' retrieved from /Users/deepanshu/Desktop/etc-spark-airflow/env/lib/python3.12/site-packages/airflow/example_dags/example_setup_teardown.py
[2024-08-04T21:06:14.295+0530] {logging_mixin.py:188} INFO - [2024-08-04T21:06:14.295+0530] {dag.py:3089} INFO - Sync 1 DAGs
[2024-08-04T21:06:14.304+0530] {logging_mixin.py:188} INFO - [2024-08-04T21:06:14.304+0530] {dag.py:3947} INFO - Setting next_dagrun for example_setup_teardown to 2024-08-03 00:00:00+00:00, run_after=2024-08-04 00:00:00+00:00
[2024-08-04T21:06:14.315+0530] {processor.py:183} INFO - Processing /Users/deepanshu/Desktop/etc-spark-airflow/env/lib/python3.12/site-packages/airflow/example_dags/example_setup_teardown.py took 0.081 seconds
