[2024-08-04T20:34:59.519+0530] {processor.py:161} INFO - Started process (PID=56423) to work on /Users/deepanshu/Desktop/etc-spark-airflow/env/lib/python3.12/site-packages/airflow/example_dags/example_dynamic_task_mapping.py
[2024-08-04T20:34:59.520+0530] {processor.py:830} INFO - Processing file /Users/deepanshu/Desktop/etc-spark-airflow/env/lib/python3.12/site-packages/airflow/example_dags/example_dynamic_task_mapping.py for tasks to queue
[2024-08-04T20:34:59.521+0530] {logging_mixin.py:188} INFO - [2024-08-04T20:34:59.521+0530] {dagbag.py:545} INFO - Filling up the DagBag from /Users/deepanshu/Desktop/etc-spark-airflow/env/lib/python3.12/site-packages/airflow/example_dags/example_dynamic_task_mapping.py
[2024-08-04T20:34:59.557+0530] {processor.py:840} INFO - DAG(s) 'example_dynamic_task_mapping' retrieved from /Users/deepanshu/Desktop/etc-spark-airflow/env/lib/python3.12/site-packages/airflow/example_dags/example_dynamic_task_mapping.py
[2024-08-04T20:34:59.682+0530] {logging_mixin.py:188} INFO - [2024-08-04T20:34:59.682+0530] {override.py:1858} INFO - Created Permission View: can delete on DAG:example_dynamic_task_mapping
[2024-08-04T20:34:59.687+0530] {logging_mixin.py:188} INFO - [2024-08-04T20:34:59.687+0530] {override.py:1858} INFO - Created Permission View: can read on DAG:example_dynamic_task_mapping
[2024-08-04T20:34:59.690+0530] {logging_mixin.py:188} INFO - [2024-08-04T20:34:59.690+0530] {override.py:1858} INFO - Created Permission View: can edit on DAG:example_dynamic_task_mapping
[2024-08-04T20:34:59.690+0530] {logging_mixin.py:188} INFO - [2024-08-04T20:34:59.690+0530] {dag.py:3089} INFO - Sync 1 DAGs
[2024-08-04T20:34:59.697+0530] {logging_mixin.py:188} INFO - [2024-08-04T20:34:59.697+0530] {dag.py:3111} INFO - Creating ORM DAG for example_dynamic_task_mapping
[2024-08-04T20:34:59.701+0530] {logging_mixin.py:188} INFO - [2024-08-04T20:34:59.701+0530] {dag.py:3947} INFO - Setting next_dagrun for example_dynamic_task_mapping to 2022-03-04 00:00:00+00:00, run_after=2022-03-05 00:00:00+00:00
[2024-08-04T20:34:59.710+0530] {processor.py:183} INFO - Processing /Users/deepanshu/Desktop/etc-spark-airflow/env/lib/python3.12/site-packages/airflow/example_dags/example_dynamic_task_mapping.py took 0.196 seconds
[2024-08-04T20:38:41.770+0530] {processor.py:161} INFO - Started process (PID=58148) to work on /Users/deepanshu/Desktop/etc-spark-airflow/env/lib/python3.12/site-packages/airflow/example_dags/example_dynamic_task_mapping.py
[2024-08-04T20:38:41.771+0530] {processor.py:830} INFO - Processing file /Users/deepanshu/Desktop/etc-spark-airflow/env/lib/python3.12/site-packages/airflow/example_dags/example_dynamic_task_mapping.py for tasks to queue
[2024-08-04T20:38:41.771+0530] {logging_mixin.py:188} INFO - [2024-08-04T20:38:41.771+0530] {dagbag.py:545} INFO - Filling up the DagBag from /Users/deepanshu/Desktop/etc-spark-airflow/env/lib/python3.12/site-packages/airflow/example_dags/example_dynamic_task_mapping.py
[2024-08-04T20:38:41.794+0530] {processor.py:840} INFO - DAG(s) 'example_dynamic_task_mapping' retrieved from /Users/deepanshu/Desktop/etc-spark-airflow/env/lib/python3.12/site-packages/airflow/example_dags/example_dynamic_task_mapping.py
[2024-08-04T20:38:41.845+0530] {logging_mixin.py:188} INFO - [2024-08-04T20:38:41.845+0530] {dag.py:3089} INFO - Sync 1 DAGs
[2024-08-04T20:38:41.854+0530] {logging_mixin.py:188} INFO - [2024-08-04T20:38:41.854+0530] {dag.py:3947} INFO - Setting next_dagrun for example_dynamic_task_mapping to 2022-03-04 00:00:00+00:00, run_after=2022-03-05 00:00:00+00:00
[2024-08-04T20:38:41.864+0530] {processor.py:183} INFO - Processing /Users/deepanshu/Desktop/etc-spark-airflow/env/lib/python3.12/site-packages/airflow/example_dags/example_dynamic_task_mapping.py took 0.095 seconds
[2024-08-04T20:42:02.294+0530] {processor.py:161} INFO - Started process (PID=59650) to work on /Users/deepanshu/Desktop/etc-spark-airflow/env/lib/python3.12/site-packages/airflow/example_dags/example_dynamic_task_mapping.py
[2024-08-04T20:42:02.294+0530] {processor.py:830} INFO - Processing file /Users/deepanshu/Desktop/etc-spark-airflow/env/lib/python3.12/site-packages/airflow/example_dags/example_dynamic_task_mapping.py for tasks to queue
[2024-08-04T20:42:02.295+0530] {logging_mixin.py:188} INFO - [2024-08-04T20:42:02.295+0530] {dagbag.py:545} INFO - Filling up the DagBag from /Users/deepanshu/Desktop/etc-spark-airflow/env/lib/python3.12/site-packages/airflow/example_dags/example_dynamic_task_mapping.py
[2024-08-04T20:42:02.319+0530] {processor.py:840} INFO - DAG(s) 'example_dynamic_task_mapping' retrieved from /Users/deepanshu/Desktop/etc-spark-airflow/env/lib/python3.12/site-packages/airflow/example_dags/example_dynamic_task_mapping.py
[2024-08-04T20:42:02.373+0530] {logging_mixin.py:188} INFO - [2024-08-04T20:42:02.372+0530] {dag.py:3089} INFO - Sync 1 DAGs
[2024-08-04T20:42:02.381+0530] {logging_mixin.py:188} INFO - [2024-08-04T20:42:02.381+0530] {dag.py:3947} INFO - Setting next_dagrun for example_dynamic_task_mapping to 2022-03-04 00:00:00+00:00, run_after=2022-03-05 00:00:00+00:00
[2024-08-04T20:42:02.393+0530] {processor.py:183} INFO - Processing /Users/deepanshu/Desktop/etc-spark-airflow/env/lib/python3.12/site-packages/airflow/example_dags/example_dynamic_task_mapping.py took 0.101 seconds
[2024-08-04T20:45:50.488+0530] {processor.py:161} INFO - Started process (PID=61284) to work on /Users/deepanshu/Desktop/etc-spark-airflow/env/lib/python3.12/site-packages/airflow/example_dags/example_dynamic_task_mapping.py
[2024-08-04T20:45:50.488+0530] {processor.py:830} INFO - Processing file /Users/deepanshu/Desktop/etc-spark-airflow/env/lib/python3.12/site-packages/airflow/example_dags/example_dynamic_task_mapping.py for tasks to queue
[2024-08-04T20:45:50.489+0530] {logging_mixin.py:188} INFO - [2024-08-04T20:45:50.489+0530] {dagbag.py:545} INFO - Filling up the DagBag from /Users/deepanshu/Desktop/etc-spark-airflow/env/lib/python3.12/site-packages/airflow/example_dags/example_dynamic_task_mapping.py
[2024-08-04T20:45:50.511+0530] {processor.py:840} INFO - DAG(s) 'example_dynamic_task_mapping' retrieved from /Users/deepanshu/Desktop/etc-spark-airflow/env/lib/python3.12/site-packages/airflow/example_dags/example_dynamic_task_mapping.py
[2024-08-04T20:45:50.563+0530] {logging_mixin.py:188} INFO - [2024-08-04T20:45:50.562+0530] {dag.py:3089} INFO - Sync 1 DAGs
[2024-08-04T20:45:50.571+0530] {logging_mixin.py:188} INFO - [2024-08-04T20:45:50.571+0530] {dag.py:3947} INFO - Setting next_dagrun for example_dynamic_task_mapping to 2022-03-04 00:00:00+00:00, run_after=2022-03-05 00:00:00+00:00
[2024-08-04T20:45:50.582+0530] {processor.py:183} INFO - Processing /Users/deepanshu/Desktop/etc-spark-airflow/env/lib/python3.12/site-packages/airflow/example_dags/example_dynamic_task_mapping.py took 0.096 seconds
[2024-08-04T20:48:30.187+0530] {processor.py:161} INFO - Started process (PID=62398) to work on /Users/deepanshu/Desktop/etc-spark-airflow/env/lib/python3.12/site-packages/airflow/example_dags/example_dynamic_task_mapping.py
[2024-08-04T20:48:30.189+0530] {processor.py:830} INFO - Processing file /Users/deepanshu/Desktop/etc-spark-airflow/env/lib/python3.12/site-packages/airflow/example_dags/example_dynamic_task_mapping.py for tasks to queue
[2024-08-04T20:48:30.189+0530] {logging_mixin.py:188} INFO - [2024-08-04T20:48:30.189+0530] {dagbag.py:545} INFO - Filling up the DagBag from /Users/deepanshu/Desktop/etc-spark-airflow/env/lib/python3.12/site-packages/airflow/example_dags/example_dynamic_task_mapping.py
[2024-08-04T20:48:30.214+0530] {processor.py:840} INFO - DAG(s) 'example_dynamic_task_mapping' retrieved from /Users/deepanshu/Desktop/etc-spark-airflow/env/lib/python3.12/site-packages/airflow/example_dags/example_dynamic_task_mapping.py
[2024-08-04T20:48:30.266+0530] {logging_mixin.py:188} INFO - [2024-08-04T20:48:30.265+0530] {dag.py:3089} INFO - Sync 1 DAGs
[2024-08-04T20:48:30.274+0530] {logging_mixin.py:188} INFO - [2024-08-04T20:48:30.274+0530] {dag.py:3947} INFO - Setting next_dagrun for example_dynamic_task_mapping to 2022-03-04 00:00:00+00:00, run_after=2022-03-05 00:00:00+00:00
[2024-08-04T20:48:30.285+0530] {processor.py:183} INFO - Processing /Users/deepanshu/Desktop/etc-spark-airflow/env/lib/python3.12/site-packages/airflow/example_dags/example_dynamic_task_mapping.py took 0.099 seconds
[2024-08-04T20:51:47.804+0530] {processor.py:161} INFO - Started process (PID=63793) to work on /Users/deepanshu/Desktop/etc-spark-airflow/env/lib/python3.12/site-packages/airflow/example_dags/example_dynamic_task_mapping.py
[2024-08-04T20:51:47.806+0530] {processor.py:830} INFO - Processing file /Users/deepanshu/Desktop/etc-spark-airflow/env/lib/python3.12/site-packages/airflow/example_dags/example_dynamic_task_mapping.py for tasks to queue
[2024-08-04T20:51:47.806+0530] {logging_mixin.py:188} INFO - [2024-08-04T20:51:47.806+0530] {dagbag.py:545} INFO - Filling up the DagBag from /Users/deepanshu/Desktop/etc-spark-airflow/env/lib/python3.12/site-packages/airflow/example_dags/example_dynamic_task_mapping.py
[2024-08-04T20:51:47.828+0530] {processor.py:840} INFO - DAG(s) 'example_dynamic_task_mapping' retrieved from /Users/deepanshu/Desktop/etc-spark-airflow/env/lib/python3.12/site-packages/airflow/example_dags/example_dynamic_task_mapping.py
[2024-08-04T20:51:47.879+0530] {logging_mixin.py:188} INFO - [2024-08-04T20:51:47.879+0530] {dag.py:3089} INFO - Sync 1 DAGs
[2024-08-04T20:51:47.888+0530] {logging_mixin.py:188} INFO - [2024-08-04T20:51:47.888+0530] {dag.py:3947} INFO - Setting next_dagrun for example_dynamic_task_mapping to 2022-03-04 00:00:00+00:00, run_after=2022-03-05 00:00:00+00:00
[2024-08-04T20:51:47.898+0530] {processor.py:183} INFO - Processing /Users/deepanshu/Desktop/etc-spark-airflow/env/lib/python3.12/site-packages/airflow/example_dags/example_dynamic_task_mapping.py took 0.095 seconds
[2024-08-04T20:55:48.997+0530] {processor.py:161} INFO - Started process (PID=65584) to work on /Users/deepanshu/Desktop/etc-spark-airflow/env/lib/python3.12/site-packages/airflow/example_dags/example_dynamic_task_mapping.py
[2024-08-04T20:55:48.999+0530] {processor.py:830} INFO - Processing file /Users/deepanshu/Desktop/etc-spark-airflow/env/lib/python3.12/site-packages/airflow/example_dags/example_dynamic_task_mapping.py for tasks to queue
[2024-08-04T20:55:49.000+0530] {logging_mixin.py:188} INFO - [2024-08-04T20:55:48.999+0530] {dagbag.py:545} INFO - Filling up the DagBag from /Users/deepanshu/Desktop/etc-spark-airflow/env/lib/python3.12/site-packages/airflow/example_dags/example_dynamic_task_mapping.py
[2024-08-04T20:55:49.048+0530] {processor.py:840} INFO - DAG(s) 'example_dynamic_task_mapping' retrieved from /Users/deepanshu/Desktop/etc-spark-airflow/env/lib/python3.12/site-packages/airflow/example_dags/example_dynamic_task_mapping.py
[2024-08-04T20:55:49.187+0530] {logging_mixin.py:188} INFO - [2024-08-04T20:55:49.186+0530] {dag.py:3089} INFO - Sync 1 DAGs
[2024-08-04T20:55:49.201+0530] {logging_mixin.py:188} INFO - [2024-08-04T20:55:49.200+0530] {dag.py:3947} INFO - Setting next_dagrun for example_dynamic_task_mapping to 2022-03-04 00:00:00+00:00, run_after=2022-03-05 00:00:00+00:00
[2024-08-04T20:55:49.217+0530] {processor.py:183} INFO - Processing /Users/deepanshu/Desktop/etc-spark-airflow/env/lib/python3.12/site-packages/airflow/example_dags/example_dynamic_task_mapping.py took 0.225 seconds
[2024-08-04T21:02:04.686+0530] {processor.py:161} INFO - Started process (PID=68734) to work on /Users/deepanshu/Desktop/etc-spark-airflow/env/lib/python3.12/site-packages/airflow/example_dags/example_dynamic_task_mapping.py
[2024-08-04T21:02:04.688+0530] {processor.py:830} INFO - Processing file /Users/deepanshu/Desktop/etc-spark-airflow/env/lib/python3.12/site-packages/airflow/example_dags/example_dynamic_task_mapping.py for tasks to queue
[2024-08-04T21:02:04.688+0530] {logging_mixin.py:188} INFO - [2024-08-04T21:02:04.688+0530] {dagbag.py:545} INFO - Filling up the DagBag from /Users/deepanshu/Desktop/etc-spark-airflow/env/lib/python3.12/site-packages/airflow/example_dags/example_dynamic_task_mapping.py
[2024-08-04T21:02:04.710+0530] {processor.py:840} INFO - DAG(s) 'example_dynamic_task_mapping' retrieved from /Users/deepanshu/Desktop/etc-spark-airflow/env/lib/python3.12/site-packages/airflow/example_dags/example_dynamic_task_mapping.py
[2024-08-04T21:02:04.762+0530] {logging_mixin.py:188} INFO - [2024-08-04T21:02:04.762+0530] {dag.py:3089} INFO - Sync 1 DAGs
[2024-08-04T21:02:04.771+0530] {logging_mixin.py:188} INFO - [2024-08-04T21:02:04.771+0530] {dag.py:3947} INFO - Setting next_dagrun for example_dynamic_task_mapping to 2022-03-04 00:00:00+00:00, run_after=2022-03-05 00:00:00+00:00
[2024-08-04T21:02:04.781+0530] {processor.py:183} INFO - Processing /Users/deepanshu/Desktop/etc-spark-airflow/env/lib/python3.12/site-packages/airflow/example_dags/example_dynamic_task_mapping.py took 0.096 seconds
[2024-08-04T21:04:10.501+0530] {processor.py:161} INFO - Started process (PID=69627) to work on /Users/deepanshu/Desktop/etc-spark-airflow/env/lib/python3.12/site-packages/airflow/example_dags/example_dynamic_task_mapping.py
[2024-08-04T21:04:10.504+0530] {processor.py:830} INFO - Processing file /Users/deepanshu/Desktop/etc-spark-airflow/env/lib/python3.12/site-packages/airflow/example_dags/example_dynamic_task_mapping.py for tasks to queue
[2024-08-04T21:04:10.505+0530] {logging_mixin.py:188} INFO - [2024-08-04T21:04:10.505+0530] {dagbag.py:545} INFO - Filling up the DagBag from /Users/deepanshu/Desktop/etc-spark-airflow/env/lib/python3.12/site-packages/airflow/example_dags/example_dynamic_task_mapping.py
[2024-08-04T21:04:10.527+0530] {processor.py:840} INFO - DAG(s) 'example_dynamic_task_mapping' retrieved from /Users/deepanshu/Desktop/etc-spark-airflow/env/lib/python3.12/site-packages/airflow/example_dags/example_dynamic_task_mapping.py
[2024-08-04T21:04:10.580+0530] {logging_mixin.py:188} INFO - [2024-08-04T21:04:10.579+0530] {dag.py:3089} INFO - Sync 1 DAGs
[2024-08-04T21:04:10.588+0530] {logging_mixin.py:188} INFO - [2024-08-04T21:04:10.588+0530] {dag.py:3947} INFO - Setting next_dagrun for example_dynamic_task_mapping to 2022-03-04 00:00:00+00:00, run_after=2022-03-05 00:00:00+00:00
[2024-08-04T21:04:10.599+0530] {processor.py:183} INFO - Processing /Users/deepanshu/Desktop/etc-spark-airflow/env/lib/python3.12/site-packages/airflow/example_dags/example_dynamic_task_mapping.py took 0.099 seconds
[2024-08-04T21:06:41.317+0530] {processor.py:161} INFO - Started process (PID=70676) to work on /Users/deepanshu/Desktop/etc-spark-airflow/env/lib/python3.12/site-packages/airflow/example_dags/example_dynamic_task_mapping.py
[2024-08-04T21:06:41.319+0530] {processor.py:830} INFO - Processing file /Users/deepanshu/Desktop/etc-spark-airflow/env/lib/python3.12/site-packages/airflow/example_dags/example_dynamic_task_mapping.py for tasks to queue
[2024-08-04T21:06:41.319+0530] {logging_mixin.py:188} INFO - [2024-08-04T21:06:41.319+0530] {dagbag.py:545} INFO - Filling up the DagBag from /Users/deepanshu/Desktop/etc-spark-airflow/env/lib/python3.12/site-packages/airflow/example_dags/example_dynamic_task_mapping.py
[2024-08-04T21:06:41.342+0530] {processor.py:840} INFO - DAG(s) 'example_dynamic_task_mapping' retrieved from /Users/deepanshu/Desktop/etc-spark-airflow/env/lib/python3.12/site-packages/airflow/example_dags/example_dynamic_task_mapping.py
[2024-08-04T21:06:41.393+0530] {logging_mixin.py:188} INFO - [2024-08-04T21:06:41.393+0530] {dag.py:3089} INFO - Sync 1 DAGs
[2024-08-04T21:06:41.402+0530] {logging_mixin.py:188} INFO - [2024-08-04T21:06:41.402+0530] {dag.py:3947} INFO - Setting next_dagrun for example_dynamic_task_mapping to 2022-03-04 00:00:00+00:00, run_after=2022-03-05 00:00:00+00:00
[2024-08-04T21:06:41.412+0530] {processor.py:183} INFO - Processing /Users/deepanshu/Desktop/etc-spark-airflow/env/lib/python3.12/site-packages/airflow/example_dags/example_dynamic_task_mapping.py took 0.096 seconds
