[2024-08-04T20:34:36.448+0530] {processor.py:161} INFO - Started process (PID=56276) to work on /Users/deepanshu/Desktop/etc-spark-airflow/env/lib/python3.12/site-packages/airflow/example_dags/example_python_decorator.py
[2024-08-04T20:34:36.448+0530] {processor.py:830} INFO - Processing file /Users/deepanshu/Desktop/etc-spark-airflow/env/lib/python3.12/site-packages/airflow/example_dags/example_python_decorator.py for tasks to queue
[2024-08-04T20:34:36.449+0530] {logging_mixin.py:188} INFO - [2024-08-04T20:34:36.449+0530] {dagbag.py:545} INFO - Filling up the DagBag from /Users/deepanshu/Desktop/etc-spark-airflow/env/lib/python3.12/site-packages/airflow/example_dags/example_python_decorator.py
[2024-08-04T20:34:36.474+0530] {logging_mixin.py:188} INFO - [2024-08-04T20:34:36.474+0530] {example_python_decorator.py:80} WARNING - The virtalenv_python example task requires virtualenv, please install it.
[2024-08-04T20:34:36.475+0530] {processor.py:840} INFO - DAG(s) 'example_python_decorator' retrieved from /Users/deepanshu/Desktop/etc-spark-airflow/env/lib/python3.12/site-packages/airflow/example_dags/example_python_decorator.py
[2024-08-04T20:34:36.583+0530] {logging_mixin.py:188} INFO - [2024-08-04T20:34:36.583+0530] {override.py:1858} INFO - Created Permission View: can edit on DAG:example_python_decorator
[2024-08-04T20:34:36.588+0530] {logging_mixin.py:188} INFO - [2024-08-04T20:34:36.588+0530] {override.py:1858} INFO - Created Permission View: can read on DAG:example_python_decorator
[2024-08-04T20:34:36.591+0530] {logging_mixin.py:188} INFO - [2024-08-04T20:34:36.590+0530] {override.py:1858} INFO - Created Permission View: can delete on DAG:example_python_decorator
[2024-08-04T20:34:36.591+0530] {logging_mixin.py:188} INFO - [2024-08-04T20:34:36.591+0530] {dag.py:3089} INFO - Sync 1 DAGs
[2024-08-04T20:34:36.597+0530] {logging_mixin.py:188} INFO - [2024-08-04T20:34:36.597+0530] {dag.py:3111} INFO - Creating ORM DAG for example_python_decorator
[2024-08-04T20:34:36.597+0530] {logging_mixin.py:188} INFO - [2024-08-04T20:34:36.597+0530] {dag.py:3947} INFO - Setting next_dagrun for example_python_decorator to None, run_after=None
[2024-08-04T20:34:36.607+0530] {processor.py:183} INFO - Processing /Users/deepanshu/Desktop/etc-spark-airflow/env/lib/python3.12/site-packages/airflow/example_dags/example_python_decorator.py took 0.161 seconds
[2024-08-04T20:36:41.220+0530] {processor.py:161} INFO - Started process (PID=57176) to work on /Users/deepanshu/Desktop/etc-spark-airflow/env/lib/python3.12/site-packages/airflow/example_dags/example_python_decorator.py
[2024-08-04T20:36:41.221+0530] {processor.py:830} INFO - Processing file /Users/deepanshu/Desktop/etc-spark-airflow/env/lib/python3.12/site-packages/airflow/example_dags/example_python_decorator.py for tasks to queue
[2024-08-04T20:36:41.222+0530] {logging_mixin.py:188} INFO - [2024-08-04T20:36:41.221+0530] {dagbag.py:545} INFO - Filling up the DagBag from /Users/deepanshu/Desktop/etc-spark-airflow/env/lib/python3.12/site-packages/airflow/example_dags/example_python_decorator.py
[2024-08-04T20:36:41.243+0530] {logging_mixin.py:188} INFO - [2024-08-04T20:36:41.243+0530] {example_python_decorator.py:80} WARNING - The virtalenv_python example task requires virtualenv, please install it.
[2024-08-04T20:36:41.245+0530] {processor.py:840} INFO - DAG(s) 'example_python_decorator' retrieved from /Users/deepanshu/Desktop/etc-spark-airflow/env/lib/python3.12/site-packages/airflow/example_dags/example_python_decorator.py
[2024-08-04T20:36:41.297+0530] {logging_mixin.py:188} INFO - [2024-08-04T20:36:41.297+0530] {dag.py:3089} INFO - Sync 1 DAGs
[2024-08-04T20:36:41.302+0530] {logging_mixin.py:188} INFO - [2024-08-04T20:36:41.302+0530] {dag.py:3947} INFO - Setting next_dagrun for example_python_decorator to None, run_after=None
[2024-08-04T20:36:41.313+0530] {processor.py:183} INFO - Processing /Users/deepanshu/Desktop/etc-spark-airflow/env/lib/python3.12/site-packages/airflow/example_dags/example_python_decorator.py took 0.094 seconds
[2024-08-04T20:38:11.307+0530] {processor.py:161} INFO - Started process (PID=57902) to work on /Users/deepanshu/Desktop/etc-spark-airflow/env/lib/python3.12/site-packages/airflow/example_dags/example_python_decorator.py
[2024-08-04T20:38:11.308+0530] {processor.py:830} INFO - Processing file /Users/deepanshu/Desktop/etc-spark-airflow/env/lib/python3.12/site-packages/airflow/example_dags/example_python_decorator.py for tasks to queue
[2024-08-04T20:38:11.309+0530] {logging_mixin.py:188} INFO - [2024-08-04T20:38:11.308+0530] {dagbag.py:545} INFO - Filling up the DagBag from /Users/deepanshu/Desktop/etc-spark-airflow/env/lib/python3.12/site-packages/airflow/example_dags/example_python_decorator.py
[2024-08-04T20:38:11.331+0530] {logging_mixin.py:188} INFO - [2024-08-04T20:38:11.331+0530] {example_python_decorator.py:80} WARNING - The virtalenv_python example task requires virtualenv, please install it.
[2024-08-04T20:38:11.332+0530] {processor.py:840} INFO - DAG(s) 'example_python_decorator' retrieved from /Users/deepanshu/Desktop/etc-spark-airflow/env/lib/python3.12/site-packages/airflow/example_dags/example_python_decorator.py
[2024-08-04T20:38:11.385+0530] {logging_mixin.py:188} INFO - [2024-08-04T20:38:11.385+0530] {dag.py:3089} INFO - Sync 1 DAGs
[2024-08-04T20:38:11.390+0530] {logging_mixin.py:188} INFO - [2024-08-04T20:38:11.390+0530] {dag.py:3947} INFO - Setting next_dagrun for example_python_decorator to None, run_after=None
[2024-08-04T20:38:11.400+0530] {processor.py:183} INFO - Processing /Users/deepanshu/Desktop/etc-spark-airflow/env/lib/python3.12/site-packages/airflow/example_dags/example_python_decorator.py took 0.095 seconds
[2024-08-04T20:40:08.841+0530] {processor.py:161} INFO - Started process (PID=58776) to work on /Users/deepanshu/Desktop/etc-spark-airflow/env/lib/python3.12/site-packages/airflow/example_dags/example_python_decorator.py
[2024-08-04T20:40:08.842+0530] {processor.py:830} INFO - Processing file /Users/deepanshu/Desktop/etc-spark-airflow/env/lib/python3.12/site-packages/airflow/example_dags/example_python_decorator.py for tasks to queue
[2024-08-04T20:40:08.842+0530] {logging_mixin.py:188} INFO - [2024-08-04T20:40:08.842+0530] {dagbag.py:545} INFO - Filling up the DagBag from /Users/deepanshu/Desktop/etc-spark-airflow/env/lib/python3.12/site-packages/airflow/example_dags/example_python_decorator.py
[2024-08-04T20:40:08.869+0530] {logging_mixin.py:188} INFO - [2024-08-04T20:40:08.869+0530] {example_python_decorator.py:80} WARNING - The virtalenv_python example task requires virtualenv, please install it.
[2024-08-04T20:40:08.871+0530] {processor.py:840} INFO - DAG(s) 'example_python_decorator' retrieved from /Users/deepanshu/Desktop/etc-spark-airflow/env/lib/python3.12/site-packages/airflow/example_dags/example_python_decorator.py
[2024-08-04T20:40:08.925+0530] {logging_mixin.py:188} INFO - [2024-08-04T20:40:08.925+0530] {dag.py:3089} INFO - Sync 1 DAGs
[2024-08-04T20:40:08.931+0530] {logging_mixin.py:188} INFO - [2024-08-04T20:40:08.931+0530] {dag.py:3947} INFO - Setting next_dagrun for example_python_decorator to None, run_after=None
[2024-08-04T20:40:08.942+0530] {processor.py:183} INFO - Processing /Users/deepanshu/Desktop/etc-spark-airflow/env/lib/python3.12/site-packages/airflow/example_dags/example_python_decorator.py took 0.102 seconds
[2024-08-04T20:41:40.488+0530] {processor.py:161} INFO - Started process (PID=59477) to work on /Users/deepanshu/Desktop/etc-spark-airflow/env/lib/python3.12/site-packages/airflow/example_dags/example_python_decorator.py
[2024-08-04T20:41:40.489+0530] {processor.py:830} INFO - Processing file /Users/deepanshu/Desktop/etc-spark-airflow/env/lib/python3.12/site-packages/airflow/example_dags/example_python_decorator.py for tasks to queue
[2024-08-04T20:41:40.490+0530] {logging_mixin.py:188} INFO - [2024-08-04T20:41:40.489+0530] {dagbag.py:545} INFO - Filling up the DagBag from /Users/deepanshu/Desktop/etc-spark-airflow/env/lib/python3.12/site-packages/airflow/example_dags/example_python_decorator.py
[2024-08-04T20:41:40.512+0530] {logging_mixin.py:188} INFO - [2024-08-04T20:41:40.512+0530] {example_python_decorator.py:80} WARNING - The virtalenv_python example task requires virtualenv, please install it.
[2024-08-04T20:41:40.513+0530] {processor.py:840} INFO - DAG(s) 'example_python_decorator' retrieved from /Users/deepanshu/Desktop/etc-spark-airflow/env/lib/python3.12/site-packages/airflow/example_dags/example_python_decorator.py
[2024-08-04T20:41:40.566+0530] {logging_mixin.py:188} INFO - [2024-08-04T20:41:40.566+0530] {dag.py:3089} INFO - Sync 1 DAGs
[2024-08-04T20:41:40.571+0530] {logging_mixin.py:188} INFO - [2024-08-04T20:41:40.571+0530] {dag.py:3947} INFO - Setting next_dagrun for example_python_decorator to None, run_after=None
[2024-08-04T20:41:40.582+0530] {processor.py:183} INFO - Processing /Users/deepanshu/Desktop/etc-spark-airflow/env/lib/python3.12/site-packages/airflow/example_dags/example_python_decorator.py took 0.095 seconds
[2024-08-04T20:43:32.458+0530] {processor.py:161} INFO - Started process (PID=60291) to work on /Users/deepanshu/Desktop/etc-spark-airflow/env/lib/python3.12/site-packages/airflow/example_dags/example_python_decorator.py
[2024-08-04T20:43:32.459+0530] {processor.py:830} INFO - Processing file /Users/deepanshu/Desktop/etc-spark-airflow/env/lib/python3.12/site-packages/airflow/example_dags/example_python_decorator.py for tasks to queue
[2024-08-04T20:43:32.459+0530] {logging_mixin.py:188} INFO - [2024-08-04T20:43:32.459+0530] {dagbag.py:545} INFO - Filling up the DagBag from /Users/deepanshu/Desktop/etc-spark-airflow/env/lib/python3.12/site-packages/airflow/example_dags/example_python_decorator.py
[2024-08-04T20:43:32.482+0530] {logging_mixin.py:188} INFO - [2024-08-04T20:43:32.482+0530] {example_python_decorator.py:80} WARNING - The virtalenv_python example task requires virtualenv, please install it.
[2024-08-04T20:43:32.483+0530] {processor.py:840} INFO - DAG(s) 'example_python_decorator' retrieved from /Users/deepanshu/Desktop/etc-spark-airflow/env/lib/python3.12/site-packages/airflow/example_dags/example_python_decorator.py
[2024-08-04T20:43:32.538+0530] {logging_mixin.py:188} INFO - [2024-08-04T20:43:32.537+0530] {dag.py:3089} INFO - Sync 1 DAGs
[2024-08-04T20:43:32.543+0530] {logging_mixin.py:188} INFO - [2024-08-04T20:43:32.543+0530] {dag.py:3947} INFO - Setting next_dagrun for example_python_decorator to None, run_after=None
[2024-08-04T20:43:32.553+0530] {processor.py:183} INFO - Processing /Users/deepanshu/Desktop/etc-spark-airflow/env/lib/python3.12/site-packages/airflow/example_dags/example_python_decorator.py took 0.097 seconds
[2024-08-04T20:45:28.356+0530] {processor.py:161} INFO - Started process (PID=61138) to work on /Users/deepanshu/Desktop/etc-spark-airflow/env/lib/python3.12/site-packages/airflow/example_dags/example_python_decorator.py
[2024-08-04T20:45:28.357+0530] {processor.py:830} INFO - Processing file /Users/deepanshu/Desktop/etc-spark-airflow/env/lib/python3.12/site-packages/airflow/example_dags/example_python_decorator.py for tasks to queue
[2024-08-04T20:45:28.357+0530] {logging_mixin.py:188} INFO - [2024-08-04T20:45:28.357+0530] {dagbag.py:545} INFO - Filling up the DagBag from /Users/deepanshu/Desktop/etc-spark-airflow/env/lib/python3.12/site-packages/airflow/example_dags/example_python_decorator.py
[2024-08-04T20:45:28.380+0530] {logging_mixin.py:188} INFO - [2024-08-04T20:45:28.380+0530] {example_python_decorator.py:80} WARNING - The virtalenv_python example task requires virtualenv, please install it.
[2024-08-04T20:45:28.381+0530] {processor.py:840} INFO - DAG(s) 'example_python_decorator' retrieved from /Users/deepanshu/Desktop/etc-spark-airflow/env/lib/python3.12/site-packages/airflow/example_dags/example_python_decorator.py
[2024-08-04T20:45:28.433+0530] {logging_mixin.py:188} INFO - [2024-08-04T20:45:28.433+0530] {dag.py:3089} INFO - Sync 1 DAGs
[2024-08-04T20:45:28.438+0530] {logging_mixin.py:188} INFO - [2024-08-04T20:45:28.438+0530] {dag.py:3947} INFO - Setting next_dagrun for example_python_decorator to None, run_after=None
[2024-08-04T20:45:28.449+0530] {processor.py:183} INFO - Processing /Users/deepanshu/Desktop/etc-spark-airflow/env/lib/python3.12/site-packages/airflow/example_dags/example_python_decorator.py took 0.095 seconds
[2024-08-04T20:47:24.181+0530] {processor.py:161} INFO - Started process (PID=61947) to work on /Users/deepanshu/Desktop/etc-spark-airflow/env/lib/python3.12/site-packages/airflow/example_dags/example_python_decorator.py
[2024-08-04T20:47:24.182+0530] {processor.py:830} INFO - Processing file /Users/deepanshu/Desktop/etc-spark-airflow/env/lib/python3.12/site-packages/airflow/example_dags/example_python_decorator.py for tasks to queue
[2024-08-04T20:47:24.182+0530] {logging_mixin.py:188} INFO - [2024-08-04T20:47:24.182+0530] {dagbag.py:545} INFO - Filling up the DagBag from /Users/deepanshu/Desktop/etc-spark-airflow/env/lib/python3.12/site-packages/airflow/example_dags/example_python_decorator.py
[2024-08-04T20:47:24.204+0530] {logging_mixin.py:188} INFO - [2024-08-04T20:47:24.204+0530] {example_python_decorator.py:80} WARNING - The virtalenv_python example task requires virtualenv, please install it.
[2024-08-04T20:47:24.206+0530] {processor.py:840} INFO - DAG(s) 'example_python_decorator' retrieved from /Users/deepanshu/Desktop/etc-spark-airflow/env/lib/python3.12/site-packages/airflow/example_dags/example_python_decorator.py
[2024-08-04T20:47:24.258+0530] {logging_mixin.py:188} INFO - [2024-08-04T20:47:24.258+0530] {dag.py:3089} INFO - Sync 1 DAGs
[2024-08-04T20:47:24.263+0530] {logging_mixin.py:188} INFO - [2024-08-04T20:47:24.263+0530] {dag.py:3947} INFO - Setting next_dagrun for example_python_decorator to None, run_after=None
[2024-08-04T20:47:24.274+0530] {processor.py:183} INFO - Processing /Users/deepanshu/Desktop/etc-spark-airflow/env/lib/python3.12/site-packages/airflow/example_dags/example_python_decorator.py took 0.095 seconds
[2024-08-04T20:49:53.822+0530] {processor.py:161} INFO - Started process (PID=62976) to work on /Users/deepanshu/Desktop/etc-spark-airflow/env/lib/python3.12/site-packages/airflow/example_dags/example_python_decorator.py
[2024-08-04T20:49:53.822+0530] {processor.py:830} INFO - Processing file /Users/deepanshu/Desktop/etc-spark-airflow/env/lib/python3.12/site-packages/airflow/example_dags/example_python_decorator.py for tasks to queue
[2024-08-04T20:49:53.823+0530] {logging_mixin.py:188} INFO - [2024-08-04T20:49:53.823+0530] {dagbag.py:545} INFO - Filling up the DagBag from /Users/deepanshu/Desktop/etc-spark-airflow/env/lib/python3.12/site-packages/airflow/example_dags/example_python_decorator.py
[2024-08-04T20:49:53.845+0530] {logging_mixin.py:188} INFO - [2024-08-04T20:49:53.845+0530] {example_python_decorator.py:80} WARNING - The virtalenv_python example task requires virtualenv, please install it.
[2024-08-04T20:49:53.846+0530] {processor.py:840} INFO - DAG(s) 'example_python_decorator' retrieved from /Users/deepanshu/Desktop/etc-spark-airflow/env/lib/python3.12/site-packages/airflow/example_dags/example_python_decorator.py
[2024-08-04T20:49:53.900+0530] {logging_mixin.py:188} INFO - [2024-08-04T20:49:53.900+0530] {dag.py:3089} INFO - Sync 1 DAGs
[2024-08-04T20:49:53.905+0530] {logging_mixin.py:188} INFO - [2024-08-04T20:49:53.905+0530] {dag.py:3947} INFO - Setting next_dagrun for example_python_decorator to None, run_after=None
[2024-08-04T20:49:53.917+0530] {processor.py:183} INFO - Processing /Users/deepanshu/Desktop/etc-spark-airflow/env/lib/python3.12/site-packages/airflow/example_dags/example_python_decorator.py took 0.097 seconds
[2024-08-04T20:51:28.181+0530] {processor.py:161} INFO - Started process (PID=63663) to work on /Users/deepanshu/Desktop/etc-spark-airflow/env/lib/python3.12/site-packages/airflow/example_dags/example_python_decorator.py
[2024-08-04T20:51:28.182+0530] {processor.py:830} INFO - Processing file /Users/deepanshu/Desktop/etc-spark-airflow/env/lib/python3.12/site-packages/airflow/example_dags/example_python_decorator.py for tasks to queue
[2024-08-04T20:51:28.182+0530] {logging_mixin.py:188} INFO - [2024-08-04T20:51:28.182+0530] {dagbag.py:545} INFO - Filling up the DagBag from /Users/deepanshu/Desktop/etc-spark-airflow/env/lib/python3.12/site-packages/airflow/example_dags/example_python_decorator.py
[2024-08-04T20:51:28.205+0530] {logging_mixin.py:188} INFO - [2024-08-04T20:51:28.205+0530] {example_python_decorator.py:80} WARNING - The virtalenv_python example task requires virtualenv, please install it.
[2024-08-04T20:51:28.206+0530] {processor.py:840} INFO - DAG(s) 'example_python_decorator' retrieved from /Users/deepanshu/Desktop/etc-spark-airflow/env/lib/python3.12/site-packages/airflow/example_dags/example_python_decorator.py
[2024-08-04T20:51:28.259+0530] {logging_mixin.py:188} INFO - [2024-08-04T20:51:28.258+0530] {dag.py:3089} INFO - Sync 1 DAGs
[2024-08-04T20:51:28.264+0530] {logging_mixin.py:188} INFO - [2024-08-04T20:51:28.263+0530] {dag.py:3947} INFO - Setting next_dagrun for example_python_decorator to None, run_after=None
[2024-08-04T20:51:28.274+0530] {processor.py:183} INFO - Processing /Users/deepanshu/Desktop/etc-spark-airflow/env/lib/python3.12/site-packages/airflow/example_dags/example_python_decorator.py took 0.095 seconds
[2024-08-04T20:53:21.846+0530] {processor.py:161} INFO - Started process (PID=64457) to work on /Users/deepanshu/Desktop/etc-spark-airflow/env/lib/python3.12/site-packages/airflow/example_dags/example_python_decorator.py
[2024-08-04T20:53:21.847+0530] {processor.py:830} INFO - Processing file /Users/deepanshu/Desktop/etc-spark-airflow/env/lib/python3.12/site-packages/airflow/example_dags/example_python_decorator.py for tasks to queue
[2024-08-04T20:53:21.848+0530] {logging_mixin.py:188} INFO - [2024-08-04T20:53:21.848+0530] {dagbag.py:545} INFO - Filling up the DagBag from /Users/deepanshu/Desktop/etc-spark-airflow/env/lib/python3.12/site-packages/airflow/example_dags/example_python_decorator.py
[2024-08-04T20:53:21.870+0530] {logging_mixin.py:188} INFO - [2024-08-04T20:53:21.870+0530] {example_python_decorator.py:80} WARNING - The virtalenv_python example task requires virtualenv, please install it.
[2024-08-04T20:53:21.872+0530] {processor.py:840} INFO - DAG(s) 'example_python_decorator' retrieved from /Users/deepanshu/Desktop/etc-spark-airflow/env/lib/python3.12/site-packages/airflow/example_dags/example_python_decorator.py
[2024-08-04T20:53:21.925+0530] {logging_mixin.py:188} INFO - [2024-08-04T20:53:21.925+0530] {dag.py:3089} INFO - Sync 1 DAGs
[2024-08-04T20:53:21.931+0530] {logging_mixin.py:188} INFO - [2024-08-04T20:53:21.930+0530] {dag.py:3947} INFO - Setting next_dagrun for example_python_decorator to None, run_after=None
[2024-08-04T20:53:21.941+0530] {processor.py:183} INFO - Processing /Users/deepanshu/Desktop/etc-spark-airflow/env/lib/python3.12/site-packages/airflow/example_dags/example_python_decorator.py took 0.097 seconds
[2024-08-04T20:55:26.506+0530] {processor.py:161} INFO - Started process (PID=65418) to work on /Users/deepanshu/Desktop/etc-spark-airflow/env/lib/python3.12/site-packages/airflow/example_dags/example_python_decorator.py
[2024-08-04T20:55:26.507+0530] {processor.py:830} INFO - Processing file /Users/deepanshu/Desktop/etc-spark-airflow/env/lib/python3.12/site-packages/airflow/example_dags/example_python_decorator.py for tasks to queue
[2024-08-04T20:55:26.508+0530] {logging_mixin.py:188} INFO - [2024-08-04T20:55:26.507+0530] {dagbag.py:545} INFO - Filling up the DagBag from /Users/deepanshu/Desktop/etc-spark-airflow/env/lib/python3.12/site-packages/airflow/example_dags/example_python_decorator.py
[2024-08-04T20:55:26.530+0530] {logging_mixin.py:188} INFO - [2024-08-04T20:55:26.530+0530] {example_python_decorator.py:80} WARNING - The virtalenv_python example task requires virtualenv, please install it.
[2024-08-04T20:55:26.531+0530] {processor.py:840} INFO - DAG(s) 'example_python_decorator' retrieved from /Users/deepanshu/Desktop/etc-spark-airflow/env/lib/python3.12/site-packages/airflow/example_dags/example_python_decorator.py
[2024-08-04T20:55:26.584+0530] {logging_mixin.py:188} INFO - [2024-08-04T20:55:26.584+0530] {dag.py:3089} INFO - Sync 1 DAGs
[2024-08-04T20:55:26.589+0530] {logging_mixin.py:188} INFO - [2024-08-04T20:55:26.589+0530] {dag.py:3947} INFO - Setting next_dagrun for example_python_decorator to None, run_after=None
[2024-08-04T20:55:26.599+0530] {processor.py:183} INFO - Processing /Users/deepanshu/Desktop/etc-spark-airflow/env/lib/python3.12/site-packages/airflow/example_dags/example_python_decorator.py took 0.095 seconds
[2024-08-04T20:57:53.381+0530] {processor.py:161} INFO - Started process (PID=66566) to work on /Users/deepanshu/Desktop/etc-spark-airflow/env/lib/python3.12/site-packages/airflow/example_dags/example_python_decorator.py
[2024-08-04T20:57:53.382+0530] {processor.py:830} INFO - Processing file /Users/deepanshu/Desktop/etc-spark-airflow/env/lib/python3.12/site-packages/airflow/example_dags/example_python_decorator.py for tasks to queue
[2024-08-04T20:57:53.383+0530] {logging_mixin.py:188} INFO - [2024-08-04T20:57:53.383+0530] {dagbag.py:545} INFO - Filling up the DagBag from /Users/deepanshu/Desktop/etc-spark-airflow/env/lib/python3.12/site-packages/airflow/example_dags/example_python_decorator.py
[2024-08-04T20:57:53.405+0530] {logging_mixin.py:188} INFO - [2024-08-04T20:57:53.405+0530] {example_python_decorator.py:80} WARNING - The virtalenv_python example task requires virtualenv, please install it.
[2024-08-04T20:57:53.407+0530] {processor.py:840} INFO - DAG(s) 'example_python_decorator' retrieved from /Users/deepanshu/Desktop/etc-spark-airflow/env/lib/python3.12/site-packages/airflow/example_dags/example_python_decorator.py
[2024-08-04T20:57:53.462+0530] {logging_mixin.py:188} INFO - [2024-08-04T20:57:53.461+0530] {dag.py:3089} INFO - Sync 1 DAGs
[2024-08-04T20:57:53.467+0530] {logging_mixin.py:188} INFO - [2024-08-04T20:57:53.467+0530] {dag.py:3947} INFO - Setting next_dagrun for example_python_decorator to None, run_after=None
[2024-08-04T20:57:53.478+0530] {processor.py:183} INFO - Processing /Users/deepanshu/Desktop/etc-spark-airflow/env/lib/python3.12/site-packages/airflow/example_dags/example_python_decorator.py took 0.098 seconds
[2024-08-04T21:01:43.028+0530] {processor.py:161} INFO - Started process (PID=68605) to work on /Users/deepanshu/Desktop/etc-spark-airflow/env/lib/python3.12/site-packages/airflow/example_dags/example_python_decorator.py
[2024-08-04T21:01:43.029+0530] {processor.py:830} INFO - Processing file /Users/deepanshu/Desktop/etc-spark-airflow/env/lib/python3.12/site-packages/airflow/example_dags/example_python_decorator.py for tasks to queue
[2024-08-04T21:01:43.030+0530] {logging_mixin.py:188} INFO - [2024-08-04T21:01:43.030+0530] {dagbag.py:545} INFO - Filling up the DagBag from /Users/deepanshu/Desktop/etc-spark-airflow/env/lib/python3.12/site-packages/airflow/example_dags/example_python_decorator.py
[2024-08-04T21:01:43.052+0530] {logging_mixin.py:188} INFO - [2024-08-04T21:01:43.052+0530] {example_python_decorator.py:80} WARNING - The virtalenv_python example task requires virtualenv, please install it.
[2024-08-04T21:01:43.054+0530] {processor.py:840} INFO - DAG(s) 'example_python_decorator' retrieved from /Users/deepanshu/Desktop/etc-spark-airflow/env/lib/python3.12/site-packages/airflow/example_dags/example_python_decorator.py
[2024-08-04T21:01:43.142+0530] {logging_mixin.py:188} INFO - [2024-08-04T21:01:43.142+0530] {dag.py:3089} INFO - Sync 1 DAGs
[2024-08-04T21:01:43.147+0530] {logging_mixin.py:188} INFO - [2024-08-04T21:01:43.147+0530] {dag.py:3947} INFO - Setting next_dagrun for example_python_decorator to None, run_after=None
[2024-08-04T21:01:43.158+0530] {processor.py:183} INFO - Processing /Users/deepanshu/Desktop/etc-spark-airflow/env/lib/python3.12/site-packages/airflow/example_dags/example_python_decorator.py took 0.131 seconds
[2024-08-04T21:03:48.339+0530] {processor.py:161} INFO - Started process (PID=69484) to work on /Users/deepanshu/Desktop/etc-spark-airflow/env/lib/python3.12/site-packages/airflow/example_dags/example_python_decorator.py
[2024-08-04T21:03:48.341+0530] {processor.py:830} INFO - Processing file /Users/deepanshu/Desktop/etc-spark-airflow/env/lib/python3.12/site-packages/airflow/example_dags/example_python_decorator.py for tasks to queue
[2024-08-04T21:03:48.341+0530] {logging_mixin.py:188} INFO - [2024-08-04T21:03:48.341+0530] {dagbag.py:545} INFO - Filling up the DagBag from /Users/deepanshu/Desktop/etc-spark-airflow/env/lib/python3.12/site-packages/airflow/example_dags/example_python_decorator.py
[2024-08-04T21:03:48.363+0530] {logging_mixin.py:188} INFO - [2024-08-04T21:03:48.363+0530] {example_python_decorator.py:80} WARNING - The virtalenv_python example task requires virtualenv, please install it.
[2024-08-04T21:03:48.365+0530] {processor.py:840} INFO - DAG(s) 'example_python_decorator' retrieved from /Users/deepanshu/Desktop/etc-spark-airflow/env/lib/python3.12/site-packages/airflow/example_dags/example_python_decorator.py
[2024-08-04T21:03:48.417+0530] {logging_mixin.py:188} INFO - [2024-08-04T21:03:48.417+0530] {dag.py:3089} INFO - Sync 1 DAGs
[2024-08-04T21:03:48.422+0530] {logging_mixin.py:188} INFO - [2024-08-04T21:03:48.422+0530] {dag.py:3947} INFO - Setting next_dagrun for example_python_decorator to None, run_after=None
[2024-08-04T21:03:48.432+0530] {processor.py:183} INFO - Processing /Users/deepanshu/Desktop/etc-spark-airflow/env/lib/python3.12/site-packages/airflow/example_dags/example_python_decorator.py took 0.095 seconds
[2024-08-04T21:06:21.434+0530] {processor.py:161} INFO - Started process (PID=70541) to work on /Users/deepanshu/Desktop/etc-spark-airflow/env/lib/python3.12/site-packages/airflow/example_dags/example_python_decorator.py
[2024-08-04T21:06:21.435+0530] {processor.py:830} INFO - Processing file /Users/deepanshu/Desktop/etc-spark-airflow/env/lib/python3.12/site-packages/airflow/example_dags/example_python_decorator.py for tasks to queue
[2024-08-04T21:06:21.436+0530] {logging_mixin.py:188} INFO - [2024-08-04T21:06:21.436+0530] {dagbag.py:545} INFO - Filling up the DagBag from /Users/deepanshu/Desktop/etc-spark-airflow/env/lib/python3.12/site-packages/airflow/example_dags/example_python_decorator.py
[2024-08-04T21:06:21.458+0530] {logging_mixin.py:188} INFO - [2024-08-04T21:06:21.458+0530] {example_python_decorator.py:80} WARNING - The virtalenv_python example task requires virtualenv, please install it.
[2024-08-04T21:06:21.459+0530] {processor.py:840} INFO - DAG(s) 'example_python_decorator' retrieved from /Users/deepanshu/Desktop/etc-spark-airflow/env/lib/python3.12/site-packages/airflow/example_dags/example_python_decorator.py
[2024-08-04T21:06:21.512+0530] {logging_mixin.py:188} INFO - [2024-08-04T21:06:21.512+0530] {dag.py:3089} INFO - Sync 1 DAGs
[2024-08-04T21:06:21.517+0530] {logging_mixin.py:188} INFO - [2024-08-04T21:06:21.517+0530] {dag.py:3947} INFO - Setting next_dagrun for example_python_decorator to None, run_after=None
[2024-08-04T21:06:21.528+0530] {processor.py:183} INFO - Processing /Users/deepanshu/Desktop/etc-spark-airflow/env/lib/python3.12/site-packages/airflow/example_dags/example_python_decorator.py took 0.095 seconds
