[2024-08-04T20:32:57.567+0530] {processor.py:161} INFO - Started process (PID=55566) to work on /Users/deepanshu/Desktop/etc-spark-airflow/env/lib/python3.12/site-packages/airflow/example_dags/tutorial_dag.py
[2024-08-04T20:32:57.568+0530] {processor.py:830} INFO - Processing file /Users/deepanshu/Desktop/etc-spark-airflow/env/lib/python3.12/site-packages/airflow/example_dags/tutorial_dag.py for tasks to queue
[2024-08-04T20:32:57.568+0530] {logging_mixin.py:188} INFO - [2024-08-04T20:32:57.568+0530] {dagbag.py:545} INFO - Filling up the DagBag from /Users/deepanshu/Desktop/etc-spark-airflow/env/lib/python3.12/site-packages/airflow/example_dags/tutorial_dag.py
[2024-08-04T20:32:57.584+0530] {processor.py:840} INFO - DAG(s) 'tutorial_dag' retrieved from /Users/deepanshu/Desktop/etc-spark-airflow/env/lib/python3.12/site-packages/airflow/example_dags/tutorial_dag.py
[2024-08-04T20:32:57.685+0530] {logging_mixin.py:188} INFO - [2024-08-04T20:32:57.685+0530] {override.py:1858} INFO - Created Permission View: can delete on DAG:tutorial_dag
[2024-08-04T20:32:57.690+0530] {logging_mixin.py:188} INFO - [2024-08-04T20:32:57.690+0530] {override.py:1858} INFO - Created Permission View: can read on DAG:tutorial_dag
[2024-08-04T20:32:57.693+0530] {logging_mixin.py:188} INFO - [2024-08-04T20:32:57.693+0530] {override.py:1858} INFO - Created Permission View: can edit on DAG:tutorial_dag
[2024-08-04T20:32:57.693+0530] {logging_mixin.py:188} INFO - [2024-08-04T20:32:57.693+0530] {dag.py:3089} INFO - Sync 1 DAGs
[2024-08-04T20:32:57.699+0530] {logging_mixin.py:188} INFO - [2024-08-04T20:32:57.698+0530] {dag.py:3111} INFO - Creating ORM DAG for tutorial_dag
[2024-08-04T20:32:57.699+0530] {logging_mixin.py:188} INFO - [2024-08-04T20:32:57.699+0530] {dag.py:3947} INFO - Setting next_dagrun for tutorial_dag to None, run_after=None
[2024-08-04T20:32:57.710+0530] {processor.py:183} INFO - Processing /Users/deepanshu/Desktop/etc-spark-airflow/env/lib/python3.12/site-packages/airflow/example_dags/tutorial_dag.py took 0.145 seconds
[2024-08-04T20:33:58.415+0530] {processor.py:161} INFO - Started process (PID=56027) to work on /Users/deepanshu/Desktop/etc-spark-airflow/env/lib/python3.12/site-packages/airflow/example_dags/tutorial_dag.py
[2024-08-04T20:33:58.416+0530] {processor.py:830} INFO - Processing file /Users/deepanshu/Desktop/etc-spark-airflow/env/lib/python3.12/site-packages/airflow/example_dags/tutorial_dag.py for tasks to queue
[2024-08-04T20:33:58.417+0530] {logging_mixin.py:188} INFO - [2024-08-04T20:33:58.416+0530] {dagbag.py:545} INFO - Filling up the DagBag from /Users/deepanshu/Desktop/etc-spark-airflow/env/lib/python3.12/site-packages/airflow/example_dags/tutorial_dag.py
[2024-08-04T20:33:58.432+0530] {processor.py:840} INFO - DAG(s) 'tutorial_dag' retrieved from /Users/deepanshu/Desktop/etc-spark-airflow/env/lib/python3.12/site-packages/airflow/example_dags/tutorial_dag.py
[2024-08-04T20:33:58.483+0530] {logging_mixin.py:188} INFO - [2024-08-04T20:33:58.482+0530] {dag.py:3089} INFO - Sync 1 DAGs
[2024-08-04T20:33:58.488+0530] {logging_mixin.py:188} INFO - [2024-08-04T20:33:58.487+0530] {dag.py:3947} INFO - Setting next_dagrun for tutorial_dag to None, run_after=None
[2024-08-04T20:33:58.498+0530] {processor.py:183} INFO - Processing /Users/deepanshu/Desktop/etc-spark-airflow/env/lib/python3.12/site-packages/airflow/example_dags/tutorial_dag.py took 0.085 seconds
[2024-08-04T20:36:02.171+0530] {processor.py:161} INFO - Started process (PID=56899) to work on /Users/deepanshu/Desktop/etc-spark-airflow/env/lib/python3.12/site-packages/airflow/example_dags/tutorial_dag.py
[2024-08-04T20:36:02.172+0530] {processor.py:830} INFO - Processing file /Users/deepanshu/Desktop/etc-spark-airflow/env/lib/python3.12/site-packages/airflow/example_dags/tutorial_dag.py for tasks to queue
[2024-08-04T20:36:02.172+0530] {logging_mixin.py:188} INFO - [2024-08-04T20:36:02.172+0530] {dagbag.py:545} INFO - Filling up the DagBag from /Users/deepanshu/Desktop/etc-spark-airflow/env/lib/python3.12/site-packages/airflow/example_dags/tutorial_dag.py
[2024-08-04T20:36:02.191+0530] {processor.py:840} INFO - DAG(s) 'tutorial_dag' retrieved from /Users/deepanshu/Desktop/etc-spark-airflow/env/lib/python3.12/site-packages/airflow/example_dags/tutorial_dag.py
[2024-08-04T20:36:02.243+0530] {logging_mixin.py:188} INFO - [2024-08-04T20:36:02.243+0530] {dag.py:3089} INFO - Sync 1 DAGs
[2024-08-04T20:36:02.249+0530] {logging_mixin.py:188} INFO - [2024-08-04T20:36:02.249+0530] {dag.py:3947} INFO - Setting next_dagrun for tutorial_dag to None, run_after=None
[2024-08-04T20:36:02.259+0530] {processor.py:183} INFO - Processing /Users/deepanshu/Desktop/etc-spark-airflow/env/lib/python3.12/site-packages/airflow/example_dags/tutorial_dag.py took 0.090 seconds
[2024-08-04T20:37:31.664+0530] {processor.py:161} INFO - Started process (PID=57580) to work on /Users/deepanshu/Desktop/etc-spark-airflow/env/lib/python3.12/site-packages/airflow/example_dags/tutorial_dag.py
[2024-08-04T20:37:31.664+0530] {processor.py:830} INFO - Processing file /Users/deepanshu/Desktop/etc-spark-airflow/env/lib/python3.12/site-packages/airflow/example_dags/tutorial_dag.py for tasks to queue
[2024-08-04T20:37:31.665+0530] {logging_mixin.py:188} INFO - [2024-08-04T20:37:31.665+0530] {dagbag.py:545} INFO - Filling up the DagBag from /Users/deepanshu/Desktop/etc-spark-airflow/env/lib/python3.12/site-packages/airflow/example_dags/tutorial_dag.py
[2024-08-04T20:37:31.681+0530] {processor.py:840} INFO - DAG(s) 'tutorial_dag' retrieved from /Users/deepanshu/Desktop/etc-spark-airflow/env/lib/python3.12/site-packages/airflow/example_dags/tutorial_dag.py
[2024-08-04T20:37:31.733+0530] {logging_mixin.py:188} INFO - [2024-08-04T20:37:31.733+0530] {dag.py:3089} INFO - Sync 1 DAGs
[2024-08-04T20:37:31.738+0530] {logging_mixin.py:188} INFO - [2024-08-04T20:37:31.738+0530] {dag.py:3947} INFO - Setting next_dagrun for tutorial_dag to None, run_after=None
[2024-08-04T20:37:31.748+0530] {processor.py:183} INFO - Processing /Users/deepanshu/Desktop/etc-spark-airflow/env/lib/python3.12/site-packages/airflow/example_dags/tutorial_dag.py took 0.086 seconds
[2024-08-04T20:39:30.684+0530] {processor.py:161} INFO - Started process (PID=58500) to work on /Users/deepanshu/Desktop/etc-spark-airflow/env/lib/python3.12/site-packages/airflow/example_dags/tutorial_dag.py
[2024-08-04T20:39:30.685+0530] {processor.py:830} INFO - Processing file /Users/deepanshu/Desktop/etc-spark-airflow/env/lib/python3.12/site-packages/airflow/example_dags/tutorial_dag.py for tasks to queue
[2024-08-04T20:39:30.685+0530] {logging_mixin.py:188} INFO - [2024-08-04T20:39:30.685+0530] {dagbag.py:545} INFO - Filling up the DagBag from /Users/deepanshu/Desktop/etc-spark-airflow/env/lib/python3.12/site-packages/airflow/example_dags/tutorial_dag.py
[2024-08-04T20:39:30.701+0530] {processor.py:840} INFO - DAG(s) 'tutorial_dag' retrieved from /Users/deepanshu/Desktop/etc-spark-airflow/env/lib/python3.12/site-packages/airflow/example_dags/tutorial_dag.py
[2024-08-04T20:39:30.753+0530] {logging_mixin.py:188} INFO - [2024-08-04T20:39:30.753+0530] {dag.py:3089} INFO - Sync 1 DAGs
[2024-08-04T20:39:30.758+0530] {logging_mixin.py:188} INFO - [2024-08-04T20:39:30.758+0530] {dag.py:3947} INFO - Setting next_dagrun for tutorial_dag to None, run_after=None
[2024-08-04T20:39:30.768+0530] {processor.py:183} INFO - Processing /Users/deepanshu/Desktop/etc-spark-airflow/env/lib/python3.12/site-packages/airflow/example_dags/tutorial_dag.py took 0.086 seconds
[2024-08-04T20:41:02.352+0530] {processor.py:161} INFO - Started process (PID=59217) to work on /Users/deepanshu/Desktop/etc-spark-airflow/env/lib/python3.12/site-packages/airflow/example_dags/tutorial_dag.py
[2024-08-04T20:41:02.354+0530] {processor.py:830} INFO - Processing file /Users/deepanshu/Desktop/etc-spark-airflow/env/lib/python3.12/site-packages/airflow/example_dags/tutorial_dag.py for tasks to queue
[2024-08-04T20:41:02.354+0530] {logging_mixin.py:188} INFO - [2024-08-04T20:41:02.354+0530] {dagbag.py:545} INFO - Filling up the DagBag from /Users/deepanshu/Desktop/etc-spark-airflow/env/lib/python3.12/site-packages/airflow/example_dags/tutorial_dag.py
[2024-08-04T20:41:02.371+0530] {processor.py:840} INFO - DAG(s) 'tutorial_dag' retrieved from /Users/deepanshu/Desktop/etc-spark-airflow/env/lib/python3.12/site-packages/airflow/example_dags/tutorial_dag.py
[2024-08-04T20:41:02.423+0530] {logging_mixin.py:188} INFO - [2024-08-04T20:41:02.423+0530] {dag.py:3089} INFO - Sync 1 DAGs
[2024-08-04T20:41:02.428+0530] {logging_mixin.py:188} INFO - [2024-08-04T20:41:02.428+0530] {dag.py:3947} INFO - Setting next_dagrun for tutorial_dag to None, run_after=None
[2024-08-04T20:41:02.439+0530] {processor.py:183} INFO - Processing /Users/deepanshu/Desktop/etc-spark-airflow/env/lib/python3.12/site-packages/airflow/example_dags/tutorial_dag.py took 0.088 seconds
[2024-08-04T20:42:54.488+0530] {processor.py:161} INFO - Started process (PID=60033) to work on /Users/deepanshu/Desktop/etc-spark-airflow/env/lib/python3.12/site-packages/airflow/example_dags/tutorial_dag.py
[2024-08-04T20:42:54.489+0530] {processor.py:830} INFO - Processing file /Users/deepanshu/Desktop/etc-spark-airflow/env/lib/python3.12/site-packages/airflow/example_dags/tutorial_dag.py for tasks to queue
[2024-08-04T20:42:54.489+0530] {logging_mixin.py:188} INFO - [2024-08-04T20:42:54.489+0530] {dagbag.py:545} INFO - Filling up the DagBag from /Users/deepanshu/Desktop/etc-spark-airflow/env/lib/python3.12/site-packages/airflow/example_dags/tutorial_dag.py
[2024-08-04T20:42:54.505+0530] {processor.py:840} INFO - DAG(s) 'tutorial_dag' retrieved from /Users/deepanshu/Desktop/etc-spark-airflow/env/lib/python3.12/site-packages/airflow/example_dags/tutorial_dag.py
[2024-08-04T20:42:54.556+0530] {logging_mixin.py:188} INFO - [2024-08-04T20:42:54.556+0530] {dag.py:3089} INFO - Sync 1 DAGs
[2024-08-04T20:42:54.561+0530] {logging_mixin.py:188} INFO - [2024-08-04T20:42:54.561+0530] {dag.py:3947} INFO - Setting next_dagrun for tutorial_dag to None, run_after=None
[2024-08-04T20:42:54.572+0530] {processor.py:183} INFO - Processing /Users/deepanshu/Desktop/etc-spark-airflow/env/lib/python3.12/site-packages/airflow/example_dags/tutorial_dag.py took 0.086 seconds
[2024-08-04T20:44:14.625+0530] {processor.py:161} INFO - Started process (PID=60609) to work on /Users/deepanshu/Desktop/etc-spark-airflow/env/lib/python3.12/site-packages/airflow/example_dags/tutorial_dag.py
[2024-08-04T20:44:14.626+0530] {processor.py:830} INFO - Processing file /Users/deepanshu/Desktop/etc-spark-airflow/env/lib/python3.12/site-packages/airflow/example_dags/tutorial_dag.py for tasks to queue
[2024-08-04T20:44:14.626+0530] {logging_mixin.py:188} INFO - [2024-08-04T20:44:14.626+0530] {dagbag.py:545} INFO - Filling up the DagBag from /Users/deepanshu/Desktop/etc-spark-airflow/env/lib/python3.12/site-packages/airflow/example_dags/tutorial_dag.py
[2024-08-04T20:44:14.643+0530] {processor.py:840} INFO - DAG(s) 'tutorial_dag' retrieved from /Users/deepanshu/Desktop/etc-spark-airflow/env/lib/python3.12/site-packages/airflow/example_dags/tutorial_dag.py
[2024-08-04T20:44:14.697+0530] {logging_mixin.py:188} INFO - [2024-08-04T20:44:14.697+0530] {dag.py:3089} INFO - Sync 1 DAGs
[2024-08-04T20:44:14.703+0530] {logging_mixin.py:188} INFO - [2024-08-04T20:44:14.703+0530] {dag.py:3947} INFO - Setting next_dagrun for tutorial_dag to None, run_after=None
[2024-08-04T20:44:14.716+0530] {processor.py:183} INFO - Processing /Users/deepanshu/Desktop/etc-spark-airflow/env/lib/python3.12/site-packages/airflow/example_dags/tutorial_dag.py took 0.093 seconds
[2024-08-04T20:44:48.855+0530] {processor.py:161} INFO - Started process (PID=60879) to work on /Users/deepanshu/Desktop/etc-spark-airflow/env/lib/python3.12/site-packages/airflow/example_dags/tutorial_dag.py
[2024-08-04T20:44:48.856+0530] {processor.py:830} INFO - Processing file /Users/deepanshu/Desktop/etc-spark-airflow/env/lib/python3.12/site-packages/airflow/example_dags/tutorial_dag.py for tasks to queue
[2024-08-04T20:44:48.856+0530] {logging_mixin.py:188} INFO - [2024-08-04T20:44:48.856+0530] {dagbag.py:545} INFO - Filling up the DagBag from /Users/deepanshu/Desktop/etc-spark-airflow/env/lib/python3.12/site-packages/airflow/example_dags/tutorial_dag.py
[2024-08-04T20:44:48.872+0530] {processor.py:840} INFO - DAG(s) 'tutorial_dag' retrieved from /Users/deepanshu/Desktop/etc-spark-airflow/env/lib/python3.12/site-packages/airflow/example_dags/tutorial_dag.py
[2024-08-04T20:44:48.924+0530] {logging_mixin.py:188} INFO - [2024-08-04T20:44:48.923+0530] {dag.py:3089} INFO - Sync 1 DAGs
[2024-08-04T20:44:48.929+0530] {logging_mixin.py:188} INFO - [2024-08-04T20:44:48.928+0530] {dag.py:3947} INFO - Setting next_dagrun for tutorial_dag to None, run_after=None
[2024-08-04T20:44:48.939+0530] {processor.py:183} INFO - Processing /Users/deepanshu/Desktop/etc-spark-airflow/env/lib/python3.12/site-packages/airflow/example_dags/tutorial_dag.py took 0.086 seconds
[2024-08-04T20:46:46.194+0530] {processor.py:161} INFO - Started process (PID=61700) to work on /Users/deepanshu/Desktop/etc-spark-airflow/env/lib/python3.12/site-packages/airflow/example_dags/tutorial_dag.py
[2024-08-04T20:46:46.195+0530] {processor.py:830} INFO - Processing file /Users/deepanshu/Desktop/etc-spark-airflow/env/lib/python3.12/site-packages/airflow/example_dags/tutorial_dag.py for tasks to queue
[2024-08-04T20:46:46.196+0530] {logging_mixin.py:188} INFO - [2024-08-04T20:46:46.196+0530] {dagbag.py:545} INFO - Filling up the DagBag from /Users/deepanshu/Desktop/etc-spark-airflow/env/lib/python3.12/site-packages/airflow/example_dags/tutorial_dag.py
[2024-08-04T20:46:46.210+0530] {processor.py:840} INFO - DAG(s) 'tutorial_dag' retrieved from /Users/deepanshu/Desktop/etc-spark-airflow/env/lib/python3.12/site-packages/airflow/example_dags/tutorial_dag.py
[2024-08-04T20:46:46.261+0530] {logging_mixin.py:188} INFO - [2024-08-04T20:46:46.261+0530] {dag.py:3089} INFO - Sync 1 DAGs
[2024-08-04T20:46:46.266+0530] {logging_mixin.py:188} INFO - [2024-08-04T20:46:46.266+0530] {dag.py:3947} INFO - Setting next_dagrun for tutorial_dag to None, run_after=None
[2024-08-04T20:46:46.277+0530] {processor.py:183} INFO - Processing /Users/deepanshu/Desktop/etc-spark-airflow/env/lib/python3.12/site-packages/airflow/example_dags/tutorial_dag.py took 0.084 seconds
[2024-08-04T20:48:01.541+0530] {processor.py:161} INFO - Started process (PID=62203) to work on /Users/deepanshu/Desktop/etc-spark-airflow/env/lib/python3.12/site-packages/airflow/example_dags/tutorial_dag.py
[2024-08-04T20:48:01.542+0530] {processor.py:830} INFO - Processing file /Users/deepanshu/Desktop/etc-spark-airflow/env/lib/python3.12/site-packages/airflow/example_dags/tutorial_dag.py for tasks to queue
[2024-08-04T20:48:01.542+0530] {logging_mixin.py:188} INFO - [2024-08-04T20:48:01.542+0530] {dagbag.py:545} INFO - Filling up the DagBag from /Users/deepanshu/Desktop/etc-spark-airflow/env/lib/python3.12/site-packages/airflow/example_dags/tutorial_dag.py
[2024-08-04T20:48:01.558+0530] {processor.py:840} INFO - DAG(s) 'tutorial_dag' retrieved from /Users/deepanshu/Desktop/etc-spark-airflow/env/lib/python3.12/site-packages/airflow/example_dags/tutorial_dag.py
[2024-08-04T20:48:01.609+0530] {logging_mixin.py:188} INFO - [2024-08-04T20:48:01.609+0530] {dag.py:3089} INFO - Sync 1 DAGs
[2024-08-04T20:48:01.614+0530] {logging_mixin.py:188} INFO - [2024-08-04T20:48:01.614+0530] {dag.py:3947} INFO - Setting next_dagrun for tutorial_dag to None, run_after=None
[2024-08-04T20:48:01.625+0530] {processor.py:183} INFO - Processing /Users/deepanshu/Desktop/etc-spark-airflow/env/lib/python3.12/site-packages/airflow/example_dags/tutorial_dag.py took 0.085 seconds
[2024-08-04T20:49:15.666+0530] {processor.py:161} INFO - Started process (PID=62726) to work on /Users/deepanshu/Desktop/etc-spark-airflow/env/lib/python3.12/site-packages/airflow/example_dags/tutorial_dag.py
[2024-08-04T20:49:15.667+0530] {processor.py:830} INFO - Processing file /Users/deepanshu/Desktop/etc-spark-airflow/env/lib/python3.12/site-packages/airflow/example_dags/tutorial_dag.py for tasks to queue
[2024-08-04T20:49:15.667+0530] {logging_mixin.py:188} INFO - [2024-08-04T20:49:15.667+0530] {dagbag.py:545} INFO - Filling up the DagBag from /Users/deepanshu/Desktop/etc-spark-airflow/env/lib/python3.12/site-packages/airflow/example_dags/tutorial_dag.py
[2024-08-04T20:49:15.683+0530] {processor.py:840} INFO - DAG(s) 'tutorial_dag' retrieved from /Users/deepanshu/Desktop/etc-spark-airflow/env/lib/python3.12/site-packages/airflow/example_dags/tutorial_dag.py
[2024-08-04T20:49:15.734+0530] {logging_mixin.py:188} INFO - [2024-08-04T20:49:15.734+0530] {dag.py:3089} INFO - Sync 1 DAGs
[2024-08-04T20:49:15.739+0530] {logging_mixin.py:188} INFO - [2024-08-04T20:49:15.739+0530] {dag.py:3947} INFO - Setting next_dagrun for tutorial_dag to None, run_after=None
[2024-08-04T20:49:15.750+0530] {processor.py:183} INFO - Processing /Users/deepanshu/Desktop/etc-spark-airflow/env/lib/python3.12/site-packages/airflow/example_dags/tutorial_dag.py took 0.086 seconds
[2024-08-04T20:50:50.221+0530] {processor.py:161} INFO - Started process (PID=63415) to work on /Users/deepanshu/Desktop/etc-spark-airflow/env/lib/python3.12/site-packages/airflow/example_dags/tutorial_dag.py
[2024-08-04T20:50:50.223+0530] {processor.py:830} INFO - Processing file /Users/deepanshu/Desktop/etc-spark-airflow/env/lib/python3.12/site-packages/airflow/example_dags/tutorial_dag.py for tasks to queue
[2024-08-04T20:50:50.223+0530] {logging_mixin.py:188} INFO - [2024-08-04T20:50:50.223+0530] {dagbag.py:545} INFO - Filling up the DagBag from /Users/deepanshu/Desktop/etc-spark-airflow/env/lib/python3.12/site-packages/airflow/example_dags/tutorial_dag.py
[2024-08-04T20:50:50.241+0530] {processor.py:840} INFO - DAG(s) 'tutorial_dag' retrieved from /Users/deepanshu/Desktop/etc-spark-airflow/env/lib/python3.12/site-packages/airflow/example_dags/tutorial_dag.py
[2024-08-04T20:50:50.293+0530] {logging_mixin.py:188} INFO - [2024-08-04T20:50:50.293+0530] {dag.py:3089} INFO - Sync 1 DAGs
[2024-08-04T20:50:50.298+0530] {logging_mixin.py:188} INFO - [2024-08-04T20:50:50.298+0530] {dag.py:3947} INFO - Setting next_dagrun for tutorial_dag to None, run_after=None
[2024-08-04T20:50:50.308+0530] {processor.py:183} INFO - Processing /Users/deepanshu/Desktop/etc-spark-airflow/env/lib/python3.12/site-packages/airflow/example_dags/tutorial_dag.py took 0.089 seconds
[2024-08-04T20:52:42.995+0530] {processor.py:161} INFO - Started process (PID=64191) to work on /Users/deepanshu/Desktop/etc-spark-airflow/env/lib/python3.12/site-packages/airflow/example_dags/tutorial_dag.py
[2024-08-04T20:52:42.996+0530] {processor.py:830} INFO - Processing file /Users/deepanshu/Desktop/etc-spark-airflow/env/lib/python3.12/site-packages/airflow/example_dags/tutorial_dag.py for tasks to queue
[2024-08-04T20:52:42.997+0530] {logging_mixin.py:188} INFO - [2024-08-04T20:52:42.997+0530] {dagbag.py:545} INFO - Filling up the DagBag from /Users/deepanshu/Desktop/etc-spark-airflow/env/lib/python3.12/site-packages/airflow/example_dags/tutorial_dag.py
[2024-08-04T20:52:43.013+0530] {processor.py:840} INFO - DAG(s) 'tutorial_dag' retrieved from /Users/deepanshu/Desktop/etc-spark-airflow/env/lib/python3.12/site-packages/airflow/example_dags/tutorial_dag.py
[2024-08-04T20:52:43.065+0530] {logging_mixin.py:188} INFO - [2024-08-04T20:52:43.064+0530] {dag.py:3089} INFO - Sync 1 DAGs
[2024-08-04T20:52:43.070+0530] {logging_mixin.py:188} INFO - [2024-08-04T20:52:43.069+0530] {dag.py:3947} INFO - Setting next_dagrun for tutorial_dag to None, run_after=None
[2024-08-04T20:52:43.080+0530] {processor.py:183} INFO - Processing /Users/deepanshu/Desktop/etc-spark-airflow/env/lib/python3.12/site-packages/airflow/example_dags/tutorial_dag.py took 0.086 seconds
[2024-08-04T20:53:59.813+0530] {processor.py:161} INFO - Started process (PID=64753) to work on /Users/deepanshu/Desktop/etc-spark-airflow/env/lib/python3.12/site-packages/airflow/example_dags/tutorial_dag.py
[2024-08-04T20:53:59.814+0530] {processor.py:830} INFO - Processing file /Users/deepanshu/Desktop/etc-spark-airflow/env/lib/python3.12/site-packages/airflow/example_dags/tutorial_dag.py for tasks to queue
[2024-08-04T20:53:59.814+0530] {logging_mixin.py:188} INFO - [2024-08-04T20:53:59.814+0530] {dagbag.py:545} INFO - Filling up the DagBag from /Users/deepanshu/Desktop/etc-spark-airflow/env/lib/python3.12/site-packages/airflow/example_dags/tutorial_dag.py
[2024-08-04T20:53:59.831+0530] {processor.py:840} INFO - DAG(s) 'tutorial_dag' retrieved from /Users/deepanshu/Desktop/etc-spark-airflow/env/lib/python3.12/site-packages/airflow/example_dags/tutorial_dag.py
[2024-08-04T20:53:59.886+0530] {logging_mixin.py:188} INFO - [2024-08-04T20:53:59.885+0530] {dag.py:3089} INFO - Sync 1 DAGs
[2024-08-04T20:53:59.892+0530] {logging_mixin.py:188} INFO - [2024-08-04T20:53:59.892+0530] {dag.py:3947} INFO - Setting next_dagrun for tutorial_dag to None, run_after=None
[2024-08-04T20:53:59.907+0530] {processor.py:183} INFO - Processing /Users/deepanshu/Desktop/etc-spark-airflow/env/lib/python3.12/site-packages/airflow/example_dags/tutorial_dag.py took 0.096 seconds
[2024-08-04T20:54:48.641+0530] {processor.py:161} INFO - Started process (PID=65172) to work on /Users/deepanshu/Desktop/etc-spark-airflow/env/lib/python3.12/site-packages/airflow/example_dags/tutorial_dag.py
[2024-08-04T20:54:48.642+0530] {processor.py:830} INFO - Processing file /Users/deepanshu/Desktop/etc-spark-airflow/env/lib/python3.12/site-packages/airflow/example_dags/tutorial_dag.py for tasks to queue
[2024-08-04T20:54:48.642+0530] {logging_mixin.py:188} INFO - [2024-08-04T20:54:48.642+0530] {dagbag.py:545} INFO - Filling up the DagBag from /Users/deepanshu/Desktop/etc-spark-airflow/env/lib/python3.12/site-packages/airflow/example_dags/tutorial_dag.py
[2024-08-04T20:54:48.658+0530] {processor.py:840} INFO - DAG(s) 'tutorial_dag' retrieved from /Users/deepanshu/Desktop/etc-spark-airflow/env/lib/python3.12/site-packages/airflow/example_dags/tutorial_dag.py
[2024-08-04T20:54:48.710+0530] {logging_mixin.py:188} INFO - [2024-08-04T20:54:48.710+0530] {dag.py:3089} INFO - Sync 1 DAGs
[2024-08-04T20:54:48.715+0530] {logging_mixin.py:188} INFO - [2024-08-04T20:54:48.715+0530] {dag.py:3947} INFO - Setting next_dagrun for tutorial_dag to None, run_after=None
[2024-08-04T20:54:48.725+0530] {processor.py:183} INFO - Processing /Users/deepanshu/Desktop/etc-spark-airflow/env/lib/python3.12/site-packages/airflow/example_dags/tutorial_dag.py took 0.086 seconds
[2024-08-04T20:56:49.056+0530] {processor.py:161} INFO - Started process (PID=66059) to work on /Users/deepanshu/Desktop/etc-spark-airflow/env/lib/python3.12/site-packages/airflow/example_dags/tutorial_dag.py
[2024-08-04T20:56:49.058+0530] {processor.py:830} INFO - Processing file /Users/deepanshu/Desktop/etc-spark-airflow/env/lib/python3.12/site-packages/airflow/example_dags/tutorial_dag.py for tasks to queue
[2024-08-04T20:56:49.058+0530] {logging_mixin.py:188} INFO - [2024-08-04T20:56:49.058+0530] {dagbag.py:545} INFO - Filling up the DagBag from /Users/deepanshu/Desktop/etc-spark-airflow/env/lib/python3.12/site-packages/airflow/example_dags/tutorial_dag.py
[2024-08-04T20:56:49.073+0530] {processor.py:840} INFO - DAG(s) 'tutorial_dag' retrieved from /Users/deepanshu/Desktop/etc-spark-airflow/env/lib/python3.12/site-packages/airflow/example_dags/tutorial_dag.py
[2024-08-04T20:56:49.125+0530] {logging_mixin.py:188} INFO - [2024-08-04T20:56:49.125+0530] {dag.py:3089} INFO - Sync 1 DAGs
[2024-08-04T20:56:49.130+0530] {logging_mixin.py:188} INFO - [2024-08-04T20:56:49.130+0530] {dag.py:3947} INFO - Setting next_dagrun for tutorial_dag to None, run_after=None
[2024-08-04T20:56:49.141+0530] {processor.py:183} INFO - Processing /Users/deepanshu/Desktop/etc-spark-airflow/env/lib/python3.12/site-packages/airflow/example_dags/tutorial_dag.py took 0.086 seconds
[2024-08-04T20:57:15.168+0530] {processor.py:161} INFO - Started process (PID=66291) to work on /Users/deepanshu/Desktop/etc-spark-airflow/env/lib/python3.12/site-packages/airflow/example_dags/tutorial_dag.py
[2024-08-04T20:57:15.169+0530] {processor.py:830} INFO - Processing file /Users/deepanshu/Desktop/etc-spark-airflow/env/lib/python3.12/site-packages/airflow/example_dags/tutorial_dag.py for tasks to queue
[2024-08-04T20:57:15.169+0530] {logging_mixin.py:188} INFO - [2024-08-04T20:57:15.169+0530] {dagbag.py:545} INFO - Filling up the DagBag from /Users/deepanshu/Desktop/etc-spark-airflow/env/lib/python3.12/site-packages/airflow/example_dags/tutorial_dag.py
[2024-08-04T20:57:15.185+0530] {processor.py:840} INFO - DAG(s) 'tutorial_dag' retrieved from /Users/deepanshu/Desktop/etc-spark-airflow/env/lib/python3.12/site-packages/airflow/example_dags/tutorial_dag.py
[2024-08-04T20:57:15.239+0530] {logging_mixin.py:188} INFO - [2024-08-04T20:57:15.239+0530] {dag.py:3089} INFO - Sync 1 DAGs
[2024-08-04T20:57:15.244+0530] {logging_mixin.py:188} INFO - [2024-08-04T20:57:15.244+0530] {dag.py:3947} INFO - Setting next_dagrun for tutorial_dag to None, run_after=None
[2024-08-04T20:57:15.254+0530] {processor.py:183} INFO - Processing /Users/deepanshu/Desktop/etc-spark-airflow/env/lib/python3.12/site-packages/airflow/example_dags/tutorial_dag.py took 0.088 seconds
[2024-08-04T20:59:08.282+0530] {processor.py:161} INFO - Started process (PID=67317) to work on /Users/deepanshu/Desktop/etc-spark-airflow/env/lib/python3.12/site-packages/airflow/example_dags/tutorial_dag.py
[2024-08-04T20:59:08.283+0530] {processor.py:830} INFO - Processing file /Users/deepanshu/Desktop/etc-spark-airflow/env/lib/python3.12/site-packages/airflow/example_dags/tutorial_dag.py for tasks to queue
[2024-08-04T20:59:08.284+0530] {logging_mixin.py:188} INFO - [2024-08-04T20:59:08.283+0530] {dagbag.py:545} INFO - Filling up the DagBag from /Users/deepanshu/Desktop/etc-spark-airflow/env/lib/python3.12/site-packages/airflow/example_dags/tutorial_dag.py
[2024-08-04T20:59:08.299+0530] {processor.py:840} INFO - DAG(s) 'tutorial_dag' retrieved from /Users/deepanshu/Desktop/etc-spark-airflow/env/lib/python3.12/site-packages/airflow/example_dags/tutorial_dag.py
[2024-08-04T20:59:08.351+0530] {logging_mixin.py:188} INFO - [2024-08-04T20:59:08.351+0530] {dag.py:3089} INFO - Sync 1 DAGs
[2024-08-04T20:59:08.356+0530] {logging_mixin.py:188} INFO - [2024-08-04T20:59:08.356+0530] {dag.py:3947} INFO - Setting next_dagrun for tutorial_dag to None, run_after=None
[2024-08-04T20:59:08.367+0530] {processor.py:183} INFO - Processing /Users/deepanshu/Desktop/etc-spark-airflow/env/lib/python3.12/site-packages/airflow/example_dags/tutorial_dag.py took 0.087 seconds
[2024-08-04T21:01:05.750+0530] {processor.py:161} INFO - Started process (PID=68360) to work on /Users/deepanshu/Desktop/etc-spark-airflow/env/lib/python3.12/site-packages/airflow/example_dags/tutorial_dag.py
[2024-08-04T21:01:05.751+0530] {processor.py:830} INFO - Processing file /Users/deepanshu/Desktop/etc-spark-airflow/env/lib/python3.12/site-packages/airflow/example_dags/tutorial_dag.py for tasks to queue
[2024-08-04T21:01:05.751+0530] {logging_mixin.py:188} INFO - [2024-08-04T21:01:05.751+0530] {dagbag.py:545} INFO - Filling up the DagBag from /Users/deepanshu/Desktop/etc-spark-airflow/env/lib/python3.12/site-packages/airflow/example_dags/tutorial_dag.py
[2024-08-04T21:01:05.767+0530] {processor.py:840} INFO - DAG(s) 'tutorial_dag' retrieved from /Users/deepanshu/Desktop/etc-spark-airflow/env/lib/python3.12/site-packages/airflow/example_dags/tutorial_dag.py
[2024-08-04T21:01:05.818+0530] {logging_mixin.py:188} INFO - [2024-08-04T21:01:05.818+0530] {dag.py:3089} INFO - Sync 1 DAGs
[2024-08-04T21:01:05.824+0530] {logging_mixin.py:188} INFO - [2024-08-04T21:01:05.823+0530] {dag.py:3947} INFO - Setting next_dagrun for tutorial_dag to None, run_after=None
[2024-08-04T21:01:05.834+0530] {processor.py:183} INFO - Processing /Users/deepanshu/Desktop/etc-spark-airflow/env/lib/python3.12/site-packages/airflow/example_dags/tutorial_dag.py took 0.086 seconds
[2024-08-04T21:03:09.480+0530] {processor.py:161} INFO - Started process (PID=69220) to work on /Users/deepanshu/Desktop/etc-spark-airflow/env/lib/python3.12/site-packages/airflow/example_dags/tutorial_dag.py
[2024-08-04T21:03:09.482+0530] {processor.py:830} INFO - Processing file /Users/deepanshu/Desktop/etc-spark-airflow/env/lib/python3.12/site-packages/airflow/example_dags/tutorial_dag.py for tasks to queue
[2024-08-04T21:03:09.483+0530] {logging_mixin.py:188} INFO - [2024-08-04T21:03:09.483+0530] {dagbag.py:545} INFO - Filling up the DagBag from /Users/deepanshu/Desktop/etc-spark-airflow/env/lib/python3.12/site-packages/airflow/example_dags/tutorial_dag.py
[2024-08-04T21:03:09.511+0530] {processor.py:840} INFO - DAG(s) 'tutorial_dag' retrieved from /Users/deepanshu/Desktop/etc-spark-airflow/env/lib/python3.12/site-packages/airflow/example_dags/tutorial_dag.py
[2024-08-04T21:03:09.594+0530] {logging_mixin.py:188} INFO - [2024-08-04T21:03:09.593+0530] {dag.py:3089} INFO - Sync 1 DAGs
[2024-08-04T21:03:09.601+0530] {logging_mixin.py:188} INFO - [2024-08-04T21:03:09.601+0530] {dag.py:3947} INFO - Setting next_dagrun for tutorial_dag to None, run_after=None
[2024-08-04T21:03:09.616+0530] {processor.py:183} INFO - Processing /Users/deepanshu/Desktop/etc-spark-airflow/env/lib/python3.12/site-packages/airflow/example_dags/tutorial_dag.py took 0.139 seconds
[2024-08-04T21:04:57.248+0530] {processor.py:161} INFO - Started process (PID=69947) to work on /Users/deepanshu/Desktop/etc-spark-airflow/env/lib/python3.12/site-packages/airflow/example_dags/tutorial_dag.py
[2024-08-04T21:04:57.249+0530] {processor.py:830} INFO - Processing file /Users/deepanshu/Desktop/etc-spark-airflow/env/lib/python3.12/site-packages/airflow/example_dags/tutorial_dag.py for tasks to queue
[2024-08-04T21:04:57.249+0530] {logging_mixin.py:188} INFO - [2024-08-04T21:04:57.249+0530] {dagbag.py:545} INFO - Filling up the DagBag from /Users/deepanshu/Desktop/etc-spark-airflow/env/lib/python3.12/site-packages/airflow/example_dags/tutorial_dag.py
[2024-08-04T21:04:57.265+0530] {processor.py:840} INFO - DAG(s) 'tutorial_dag' retrieved from /Users/deepanshu/Desktop/etc-spark-airflow/env/lib/python3.12/site-packages/airflow/example_dags/tutorial_dag.py
[2024-08-04T21:04:57.318+0530] {logging_mixin.py:188} INFO - [2024-08-04T21:04:57.318+0530] {dag.py:3089} INFO - Sync 1 DAGs
[2024-08-04T21:04:57.323+0530] {logging_mixin.py:188} INFO - [2024-08-04T21:04:57.323+0530] {dag.py:3947} INFO - Setting next_dagrun for tutorial_dag to None, run_after=None
[2024-08-04T21:04:57.333+0530] {processor.py:183} INFO - Processing /Users/deepanshu/Desktop/etc-spark-airflow/env/lib/python3.12/site-packages/airflow/example_dags/tutorial_dag.py took 0.087 seconds
[2024-08-04T21:05:45.139+0530] {processor.py:161} INFO - Started process (PID=70306) to work on /Users/deepanshu/Desktop/etc-spark-airflow/env/lib/python3.12/site-packages/airflow/example_dags/tutorial_dag.py
[2024-08-04T21:05:45.142+0530] {processor.py:830} INFO - Processing file /Users/deepanshu/Desktop/etc-spark-airflow/env/lib/python3.12/site-packages/airflow/example_dags/tutorial_dag.py for tasks to queue
[2024-08-04T21:05:45.142+0530] {logging_mixin.py:188} INFO - [2024-08-04T21:05:45.142+0530] {dagbag.py:545} INFO - Filling up the DagBag from /Users/deepanshu/Desktop/etc-spark-airflow/env/lib/python3.12/site-packages/airflow/example_dags/tutorial_dag.py
[2024-08-04T21:05:45.164+0530] {processor.py:840} INFO - DAG(s) 'tutorial_dag' retrieved from /Users/deepanshu/Desktop/etc-spark-airflow/env/lib/python3.12/site-packages/airflow/example_dags/tutorial_dag.py
[2024-08-04T21:05:45.228+0530] {logging_mixin.py:188} INFO - [2024-08-04T21:05:45.228+0530] {dag.py:3089} INFO - Sync 1 DAGs
[2024-08-04T21:05:45.234+0530] {logging_mixin.py:188} INFO - [2024-08-04T21:05:45.234+0530] {dag.py:3947} INFO - Setting next_dagrun for tutorial_dag to None, run_after=None
[2024-08-04T21:05:45.246+0530] {processor.py:183} INFO - Processing /Users/deepanshu/Desktop/etc-spark-airflow/env/lib/python3.12/site-packages/airflow/example_dags/tutorial_dag.py took 0.110 seconds
[2024-08-04T21:07:26.618+0530] {processor.py:161} INFO - Started process (PID=71005) to work on /Users/deepanshu/Desktop/etc-spark-airflow/env/lib/python3.12/site-packages/airflow/example_dags/tutorial_dag.py
[2024-08-04T21:07:26.619+0530] {processor.py:830} INFO - Processing file /Users/deepanshu/Desktop/etc-spark-airflow/env/lib/python3.12/site-packages/airflow/example_dags/tutorial_dag.py for tasks to queue
[2024-08-04T21:07:26.619+0530] {logging_mixin.py:188} INFO - [2024-08-04T21:07:26.619+0530] {dagbag.py:545} INFO - Filling up the DagBag from /Users/deepanshu/Desktop/etc-spark-airflow/env/lib/python3.12/site-packages/airflow/example_dags/tutorial_dag.py
[2024-08-04T21:07:26.637+0530] {processor.py:840} INFO - DAG(s) 'tutorial_dag' retrieved from /Users/deepanshu/Desktop/etc-spark-airflow/env/lib/python3.12/site-packages/airflow/example_dags/tutorial_dag.py
[2024-08-04T21:07:26.695+0530] {logging_mixin.py:188} INFO - [2024-08-04T21:07:26.695+0530] {dag.py:3089} INFO - Sync 1 DAGs
[2024-08-04T21:07:26.701+0530] {logging_mixin.py:188} INFO - [2024-08-04T21:07:26.701+0530] {dag.py:3947} INFO - Setting next_dagrun for tutorial_dag to None, run_after=None
[2024-08-04T21:07:26.712+0530] {processor.py:183} INFO - Processing /Users/deepanshu/Desktop/etc-spark-airflow/env/lib/python3.12/site-packages/airflow/example_dags/tutorial_dag.py took 0.096 seconds
[2024-08-04T21:08:43.120+0530] {processor.py:161} INFO - Started process (PID=71650) to work on /Users/deepanshu/Desktop/etc-spark-airflow/env/lib/python3.12/site-packages/airflow/example_dags/tutorial_dag.py
[2024-08-04T21:08:43.121+0530] {processor.py:830} INFO - Processing file /Users/deepanshu/Desktop/etc-spark-airflow/env/lib/python3.12/site-packages/airflow/example_dags/tutorial_dag.py for tasks to queue
[2024-08-04T21:08:43.122+0530] {logging_mixin.py:188} INFO - [2024-08-04T21:08:43.122+0530] {dagbag.py:545} INFO - Filling up the DagBag from /Users/deepanshu/Desktop/etc-spark-airflow/env/lib/python3.12/site-packages/airflow/example_dags/tutorial_dag.py
[2024-08-04T21:08:43.138+0530] {processor.py:840} INFO - DAG(s) 'tutorial_dag' retrieved from /Users/deepanshu/Desktop/etc-spark-airflow/env/lib/python3.12/site-packages/airflow/example_dags/tutorial_dag.py
[2024-08-04T21:08:43.192+0530] {logging_mixin.py:188} INFO - [2024-08-04T21:08:43.192+0530] {dag.py:3089} INFO - Sync 1 DAGs
[2024-08-04T21:08:43.199+0530] {logging_mixin.py:188} INFO - [2024-08-04T21:08:43.199+0530] {dag.py:3947} INFO - Setting next_dagrun for tutorial_dag to None, run_after=None
[2024-08-04T21:08:43.212+0530] {processor.py:183} INFO - Processing /Users/deepanshu/Desktop/etc-spark-airflow/env/lib/python3.12/site-packages/airflow/example_dags/tutorial_dag.py took 0.093 seconds
[2024-08-04T21:09:18.916+0530] {processor.py:161} INFO - Started process (PID=71972) to work on /Users/deepanshu/Desktop/etc-spark-airflow/env/lib/python3.12/site-packages/airflow/example_dags/tutorial_dag.py
[2024-08-04T21:09:18.917+0530] {processor.py:830} INFO - Processing file /Users/deepanshu/Desktop/etc-spark-airflow/env/lib/python3.12/site-packages/airflow/example_dags/tutorial_dag.py for tasks to queue
[2024-08-04T21:09:18.918+0530] {logging_mixin.py:188} INFO - [2024-08-04T21:09:18.917+0530] {dagbag.py:545} INFO - Filling up the DagBag from /Users/deepanshu/Desktop/etc-spark-airflow/env/lib/python3.12/site-packages/airflow/example_dags/tutorial_dag.py
[2024-08-04T21:09:18.934+0530] {processor.py:840} INFO - DAG(s) 'tutorial_dag' retrieved from /Users/deepanshu/Desktop/etc-spark-airflow/env/lib/python3.12/site-packages/airflow/example_dags/tutorial_dag.py
[2024-08-04T21:09:18.986+0530] {logging_mixin.py:188} INFO - [2024-08-04T21:09:18.986+0530] {dag.py:3089} INFO - Sync 1 DAGs
[2024-08-04T21:09:18.991+0530] {logging_mixin.py:188} INFO - [2024-08-04T21:09:18.991+0530] {dag.py:3947} INFO - Setting next_dagrun for tutorial_dag to None, run_after=None
[2024-08-04T21:09:19.002+0530] {processor.py:183} INFO - Processing /Users/deepanshu/Desktop/etc-spark-airflow/env/lib/python3.12/site-packages/airflow/example_dags/tutorial_dag.py took 0.087 seconds
