[2024-08-04T20:32:53.559+0530] {processor.py:161} INFO - Started process (PID=55535) to work on /Users/deepanshu/Desktop/etc-spark-airflow/env/lib/python3.12/site-packages/airflow/example_dags/tutorial_taskflow_api.py
[2024-08-04T20:32:53.559+0530] {processor.py:830} INFO - Processing file /Users/deepanshu/Desktop/etc-spark-airflow/env/lib/python3.12/site-packages/airflow/example_dags/tutorial_taskflow_api.py for tasks to queue
[2024-08-04T20:32:53.560+0530] {logging_mixin.py:188} INFO - [2024-08-04T20:32:53.560+0530] {dagbag.py:545} INFO - Filling up the DagBag from /Users/deepanshu/Desktop/etc-spark-airflow/env/lib/python3.12/site-packages/airflow/example_dags/tutorial_taskflow_api.py
[2024-08-04T20:32:53.583+0530] {processor.py:840} INFO - DAG(s) 'tutorial_taskflow_api' retrieved from /Users/deepanshu/Desktop/etc-spark-airflow/env/lib/python3.12/site-packages/airflow/example_dags/tutorial_taskflow_api.py
[2024-08-04T20:32:53.704+0530] {logging_mixin.py:188} INFO - [2024-08-04T20:32:53.704+0530] {override.py:1858} INFO - Created Permission View: can delete on DAG:tutorial_taskflow_api
[2024-08-04T20:32:53.709+0530] {logging_mixin.py:188} INFO - [2024-08-04T20:32:53.709+0530] {override.py:1858} INFO - Created Permission View: can edit on DAG:tutorial_taskflow_api
[2024-08-04T20:32:53.712+0530] {logging_mixin.py:188} INFO - [2024-08-04T20:32:53.711+0530] {override.py:1858} INFO - Created Permission View: can read on DAG:tutorial_taskflow_api
[2024-08-04T20:32:53.712+0530] {logging_mixin.py:188} INFO - [2024-08-04T20:32:53.712+0530] {dag.py:3089} INFO - Sync 1 DAGs
[2024-08-04T20:32:53.718+0530] {logging_mixin.py:188} INFO - [2024-08-04T20:32:53.718+0530] {dag.py:3111} INFO - Creating ORM DAG for tutorial_taskflow_api
[2024-08-04T20:32:53.718+0530] {logging_mixin.py:188} INFO - [2024-08-04T20:32:53.718+0530] {dag.py:3947} INFO - Setting next_dagrun for tutorial_taskflow_api to None, run_after=None
[2024-08-04T20:32:53.728+0530] {processor.py:183} INFO - Processing /Users/deepanshu/Desktop/etc-spark-airflow/env/lib/python3.12/site-packages/airflow/example_dags/tutorial_taskflow_api.py took 0.171 seconds
[2024-08-04T20:33:54.207+0530] {processor.py:161} INFO - Started process (PID=56002) to work on /Users/deepanshu/Desktop/etc-spark-airflow/env/lib/python3.12/site-packages/airflow/example_dags/tutorial_taskflow_api.py
[2024-08-04T20:33:54.208+0530] {processor.py:830} INFO - Processing file /Users/deepanshu/Desktop/etc-spark-airflow/env/lib/python3.12/site-packages/airflow/example_dags/tutorial_taskflow_api.py for tasks to queue
[2024-08-04T20:33:54.208+0530] {logging_mixin.py:188} INFO - [2024-08-04T20:33:54.208+0530] {dagbag.py:545} INFO - Filling up the DagBag from /Users/deepanshu/Desktop/etc-spark-airflow/env/lib/python3.12/site-packages/airflow/example_dags/tutorial_taskflow_api.py
[2024-08-04T20:33:54.231+0530] {processor.py:840} INFO - DAG(s) 'tutorial_taskflow_api' retrieved from /Users/deepanshu/Desktop/etc-spark-airflow/env/lib/python3.12/site-packages/airflow/example_dags/tutorial_taskflow_api.py
[2024-08-04T20:33:54.283+0530] {logging_mixin.py:188} INFO - [2024-08-04T20:33:54.282+0530] {dag.py:3089} INFO - Sync 1 DAGs
[2024-08-04T20:33:54.288+0530] {logging_mixin.py:188} INFO - [2024-08-04T20:33:54.287+0530] {dag.py:3947} INFO - Setting next_dagrun for tutorial_taskflow_api to None, run_after=None
[2024-08-04T20:33:54.298+0530] {processor.py:183} INFO - Processing /Users/deepanshu/Desktop/etc-spark-airflow/env/lib/python3.12/site-packages/airflow/example_dags/tutorial_taskflow_api.py took 0.092 seconds
[2024-08-04T20:35:58.110+0530] {processor.py:161} INFO - Started process (PID=56875) to work on /Users/deepanshu/Desktop/etc-spark-airflow/env/lib/python3.12/site-packages/airflow/example_dags/tutorial_taskflow_api.py
[2024-08-04T20:35:58.111+0530] {processor.py:830} INFO - Processing file /Users/deepanshu/Desktop/etc-spark-airflow/env/lib/python3.12/site-packages/airflow/example_dags/tutorial_taskflow_api.py for tasks to queue
[2024-08-04T20:35:58.111+0530] {logging_mixin.py:188} INFO - [2024-08-04T20:35:58.111+0530] {dagbag.py:545} INFO - Filling up the DagBag from /Users/deepanshu/Desktop/etc-spark-airflow/env/lib/python3.12/site-packages/airflow/example_dags/tutorial_taskflow_api.py
[2024-08-04T20:35:58.134+0530] {processor.py:840} INFO - DAG(s) 'tutorial_taskflow_api' retrieved from /Users/deepanshu/Desktop/etc-spark-airflow/env/lib/python3.12/site-packages/airflow/example_dags/tutorial_taskflow_api.py
[2024-08-04T20:35:58.191+0530] {logging_mixin.py:188} INFO - [2024-08-04T20:35:58.191+0530] {dag.py:3089} INFO - Sync 1 DAGs
[2024-08-04T20:35:58.196+0530] {logging_mixin.py:188} INFO - [2024-08-04T20:35:58.196+0530] {dag.py:3947} INFO - Setting next_dagrun for tutorial_taskflow_api to None, run_after=None
[2024-08-04T20:35:58.207+0530] {processor.py:183} INFO - Processing /Users/deepanshu/Desktop/etc-spark-airflow/env/lib/python3.12/site-packages/airflow/example_dags/tutorial_taskflow_api.py took 0.099 seconds
[2024-08-04T20:37:27.723+0530] {processor.py:161} INFO - Started process (PID=57548) to work on /Users/deepanshu/Desktop/etc-spark-airflow/env/lib/python3.12/site-packages/airflow/example_dags/tutorial_taskflow_api.py
[2024-08-04T20:37:27.723+0530] {processor.py:830} INFO - Processing file /Users/deepanshu/Desktop/etc-spark-airflow/env/lib/python3.12/site-packages/airflow/example_dags/tutorial_taskflow_api.py for tasks to queue
[2024-08-04T20:37:27.724+0530] {logging_mixin.py:188} INFO - [2024-08-04T20:37:27.724+0530] {dagbag.py:545} INFO - Filling up the DagBag from /Users/deepanshu/Desktop/etc-spark-airflow/env/lib/python3.12/site-packages/airflow/example_dags/tutorial_taskflow_api.py
[2024-08-04T20:37:27.748+0530] {processor.py:840} INFO - DAG(s) 'tutorial_taskflow_api' retrieved from /Users/deepanshu/Desktop/etc-spark-airflow/env/lib/python3.12/site-packages/airflow/example_dags/tutorial_taskflow_api.py
[2024-08-04T20:37:27.804+0530] {logging_mixin.py:188} INFO - [2024-08-04T20:37:27.803+0530] {dag.py:3089} INFO - Sync 1 DAGs
[2024-08-04T20:37:27.809+0530] {logging_mixin.py:188} INFO - [2024-08-04T20:37:27.809+0530] {dag.py:3947} INFO - Setting next_dagrun for tutorial_taskflow_api to None, run_after=None
[2024-08-04T20:37:27.819+0530] {processor.py:183} INFO - Processing /Users/deepanshu/Desktop/etc-spark-airflow/env/lib/python3.12/site-packages/airflow/example_dags/tutorial_taskflow_api.py took 0.098 seconds
[2024-08-04T20:39:26.449+0530] {processor.py:161} INFO - Started process (PID=58474) to work on /Users/deepanshu/Desktop/etc-spark-airflow/env/lib/python3.12/site-packages/airflow/example_dags/tutorial_taskflow_api.py
[2024-08-04T20:39:26.450+0530] {processor.py:830} INFO - Processing file /Users/deepanshu/Desktop/etc-spark-airflow/env/lib/python3.12/site-packages/airflow/example_dags/tutorial_taskflow_api.py for tasks to queue
[2024-08-04T20:39:26.451+0530] {logging_mixin.py:188} INFO - [2024-08-04T20:39:26.451+0530] {dagbag.py:545} INFO - Filling up the DagBag from /Users/deepanshu/Desktop/etc-spark-airflow/env/lib/python3.12/site-packages/airflow/example_dags/tutorial_taskflow_api.py
[2024-08-04T20:39:26.473+0530] {processor.py:840} INFO - DAG(s) 'tutorial_taskflow_api' retrieved from /Users/deepanshu/Desktop/etc-spark-airflow/env/lib/python3.12/site-packages/airflow/example_dags/tutorial_taskflow_api.py
[2024-08-04T20:39:26.525+0530] {logging_mixin.py:188} INFO - [2024-08-04T20:39:26.524+0530] {dag.py:3089} INFO - Sync 1 DAGs
[2024-08-04T20:39:26.530+0530] {logging_mixin.py:188} INFO - [2024-08-04T20:39:26.530+0530] {dag.py:3947} INFO - Setting next_dagrun for tutorial_taskflow_api to None, run_after=None
[2024-08-04T20:39:26.541+0530] {processor.py:183} INFO - Processing /Users/deepanshu/Desktop/etc-spark-airflow/env/lib/python3.12/site-packages/airflow/example_dags/tutorial_taskflow_api.py took 0.093 seconds
[2024-08-04T20:40:58.345+0530] {processor.py:161} INFO - Started process (PID=59190) to work on /Users/deepanshu/Desktop/etc-spark-airflow/env/lib/python3.12/site-packages/airflow/example_dags/tutorial_taskflow_api.py
[2024-08-04T20:40:58.346+0530] {processor.py:830} INFO - Processing file /Users/deepanshu/Desktop/etc-spark-airflow/env/lib/python3.12/site-packages/airflow/example_dags/tutorial_taskflow_api.py for tasks to queue
[2024-08-04T20:40:58.346+0530] {logging_mixin.py:188} INFO - [2024-08-04T20:40:58.346+0530] {dagbag.py:545} INFO - Filling up the DagBag from /Users/deepanshu/Desktop/etc-spark-airflow/env/lib/python3.12/site-packages/airflow/example_dags/tutorial_taskflow_api.py
[2024-08-04T20:40:58.369+0530] {processor.py:840} INFO - DAG(s) 'tutorial_taskflow_api' retrieved from /Users/deepanshu/Desktop/etc-spark-airflow/env/lib/python3.12/site-packages/airflow/example_dags/tutorial_taskflow_api.py
[2024-08-04T20:40:58.423+0530] {logging_mixin.py:188} INFO - [2024-08-04T20:40:58.423+0530] {dag.py:3089} INFO - Sync 1 DAGs
[2024-08-04T20:40:58.428+0530] {logging_mixin.py:188} INFO - [2024-08-04T20:40:58.428+0530] {dag.py:3947} INFO - Setting next_dagrun for tutorial_taskflow_api to None, run_after=None
[2024-08-04T20:40:58.439+0530] {processor.py:183} INFO - Processing /Users/deepanshu/Desktop/etc-spark-airflow/env/lib/python3.12/site-packages/airflow/example_dags/tutorial_taskflow_api.py took 0.096 seconds
[2024-08-04T20:42:50.474+0530] {processor.py:161} INFO - Started process (PID=60007) to work on /Users/deepanshu/Desktop/etc-spark-airflow/env/lib/python3.12/site-packages/airflow/example_dags/tutorial_taskflow_api.py
[2024-08-04T20:42:50.476+0530] {processor.py:830} INFO - Processing file /Users/deepanshu/Desktop/etc-spark-airflow/env/lib/python3.12/site-packages/airflow/example_dags/tutorial_taskflow_api.py for tasks to queue
[2024-08-04T20:42:50.476+0530] {logging_mixin.py:188} INFO - [2024-08-04T20:42:50.476+0530] {dagbag.py:545} INFO - Filling up the DagBag from /Users/deepanshu/Desktop/etc-spark-airflow/env/lib/python3.12/site-packages/airflow/example_dags/tutorial_taskflow_api.py
[2024-08-04T20:42:50.498+0530] {processor.py:840} INFO - DAG(s) 'tutorial_taskflow_api' retrieved from /Users/deepanshu/Desktop/etc-spark-airflow/env/lib/python3.12/site-packages/airflow/example_dags/tutorial_taskflow_api.py
[2024-08-04T20:42:50.550+0530] {logging_mixin.py:188} INFO - [2024-08-04T20:42:50.550+0530] {dag.py:3089} INFO - Sync 1 DAGs
[2024-08-04T20:42:50.555+0530] {logging_mixin.py:188} INFO - [2024-08-04T20:42:50.555+0530] {dag.py:3947} INFO - Setting next_dagrun for tutorial_taskflow_api to None, run_after=None
[2024-08-04T20:42:50.566+0530] {processor.py:183} INFO - Processing /Users/deepanshu/Desktop/etc-spark-airflow/env/lib/python3.12/site-packages/airflow/example_dags/tutorial_taskflow_api.py took 0.093 seconds
[2024-08-04T20:44:10.679+0530] {processor.py:161} INFO - Started process (PID=60576) to work on /Users/deepanshu/Desktop/etc-spark-airflow/env/lib/python3.12/site-packages/airflow/example_dags/tutorial_taskflow_api.py
[2024-08-04T20:44:10.680+0530] {processor.py:830} INFO - Processing file /Users/deepanshu/Desktop/etc-spark-airflow/env/lib/python3.12/site-packages/airflow/example_dags/tutorial_taskflow_api.py for tasks to queue
[2024-08-04T20:44:10.680+0530] {logging_mixin.py:188} INFO - [2024-08-04T20:44:10.680+0530] {dagbag.py:545} INFO - Filling up the DagBag from /Users/deepanshu/Desktop/etc-spark-airflow/env/lib/python3.12/site-packages/airflow/example_dags/tutorial_taskflow_api.py
[2024-08-04T20:44:10.703+0530] {processor.py:840} INFO - DAG(s) 'tutorial_taskflow_api' retrieved from /Users/deepanshu/Desktop/etc-spark-airflow/env/lib/python3.12/site-packages/airflow/example_dags/tutorial_taskflow_api.py
[2024-08-04T20:44:10.759+0530] {logging_mixin.py:188} INFO - [2024-08-04T20:44:10.758+0530] {dag.py:3089} INFO - Sync 1 DAGs
[2024-08-04T20:44:10.764+0530] {logging_mixin.py:188} INFO - [2024-08-04T20:44:10.764+0530] {dag.py:3947} INFO - Setting next_dagrun for tutorial_taskflow_api to None, run_after=None
[2024-08-04T20:44:10.774+0530] {processor.py:183} INFO - Processing /Users/deepanshu/Desktop/etc-spark-airflow/env/lib/python3.12/site-packages/airflow/example_dags/tutorial_taskflow_api.py took 0.097 seconds
[2024-08-04T20:44:44.669+0530] {processor.py:161} INFO - Started process (PID=60855) to work on /Users/deepanshu/Desktop/etc-spark-airflow/env/lib/python3.12/site-packages/airflow/example_dags/tutorial_taskflow_api.py
[2024-08-04T20:44:44.670+0530] {processor.py:830} INFO - Processing file /Users/deepanshu/Desktop/etc-spark-airflow/env/lib/python3.12/site-packages/airflow/example_dags/tutorial_taskflow_api.py for tasks to queue
[2024-08-04T20:44:44.670+0530] {logging_mixin.py:188} INFO - [2024-08-04T20:44:44.670+0530] {dagbag.py:545} INFO - Filling up the DagBag from /Users/deepanshu/Desktop/etc-spark-airflow/env/lib/python3.12/site-packages/airflow/example_dags/tutorial_taskflow_api.py
[2024-08-04T20:44:44.693+0530] {processor.py:840} INFO - DAG(s) 'tutorial_taskflow_api' retrieved from /Users/deepanshu/Desktop/etc-spark-airflow/env/lib/python3.12/site-packages/airflow/example_dags/tutorial_taskflow_api.py
[2024-08-04T20:44:44.750+0530] {logging_mixin.py:188} INFO - [2024-08-04T20:44:44.749+0530] {dag.py:3089} INFO - Sync 1 DAGs
[2024-08-04T20:44:44.755+0530] {logging_mixin.py:188} INFO - [2024-08-04T20:44:44.754+0530] {dag.py:3947} INFO - Setting next_dagrun for tutorial_taskflow_api to None, run_after=None
[2024-08-04T20:44:44.765+0530] {processor.py:183} INFO - Processing /Users/deepanshu/Desktop/etc-spark-airflow/env/lib/python3.12/site-packages/airflow/example_dags/tutorial_taskflow_api.py took 0.098 seconds
[2024-08-04T20:46:41.787+0530] {processor.py:161} INFO - Started process (PID=61673) to work on /Users/deepanshu/Desktop/etc-spark-airflow/env/lib/python3.12/site-packages/airflow/example_dags/tutorial_taskflow_api.py
[2024-08-04T20:46:41.789+0530] {processor.py:830} INFO - Processing file /Users/deepanshu/Desktop/etc-spark-airflow/env/lib/python3.12/site-packages/airflow/example_dags/tutorial_taskflow_api.py for tasks to queue
[2024-08-04T20:46:41.790+0530] {logging_mixin.py:188} INFO - [2024-08-04T20:46:41.790+0530] {dagbag.py:545} INFO - Filling up the DagBag from /Users/deepanshu/Desktop/etc-spark-airflow/env/lib/python3.12/site-packages/airflow/example_dags/tutorial_taskflow_api.py
[2024-08-04T20:46:41.825+0530] {processor.py:840} INFO - DAG(s) 'tutorial_taskflow_api' retrieved from /Users/deepanshu/Desktop/etc-spark-airflow/env/lib/python3.12/site-packages/airflow/example_dags/tutorial_taskflow_api.py
[2024-08-04T20:46:41.920+0530] {logging_mixin.py:188} INFO - [2024-08-04T20:46:41.919+0530] {dag.py:3089} INFO - Sync 1 DAGs
[2024-08-04T20:46:41.930+0530] {logging_mixin.py:188} INFO - [2024-08-04T20:46:41.929+0530] {dag.py:3947} INFO - Setting next_dagrun for tutorial_taskflow_api to None, run_after=None
[2024-08-04T20:46:41.954+0530] {processor.py:183} INFO - Processing /Users/deepanshu/Desktop/etc-spark-airflow/env/lib/python3.12/site-packages/airflow/example_dags/tutorial_taskflow_api.py took 0.171 seconds
[2024-08-04T20:47:57.278+0530] {processor.py:161} INFO - Started process (PID=62168) to work on /Users/deepanshu/Desktop/etc-spark-airflow/env/lib/python3.12/site-packages/airflow/example_dags/tutorial_taskflow_api.py
[2024-08-04T20:47:57.278+0530] {processor.py:830} INFO - Processing file /Users/deepanshu/Desktop/etc-spark-airflow/env/lib/python3.12/site-packages/airflow/example_dags/tutorial_taskflow_api.py for tasks to queue
[2024-08-04T20:47:57.279+0530] {logging_mixin.py:188} INFO - [2024-08-04T20:47:57.279+0530] {dagbag.py:545} INFO - Filling up the DagBag from /Users/deepanshu/Desktop/etc-spark-airflow/env/lib/python3.12/site-packages/airflow/example_dags/tutorial_taskflow_api.py
[2024-08-04T20:47:57.302+0530] {processor.py:840} INFO - DAG(s) 'tutorial_taskflow_api' retrieved from /Users/deepanshu/Desktop/etc-spark-airflow/env/lib/python3.12/site-packages/airflow/example_dags/tutorial_taskflow_api.py
[2024-08-04T20:47:57.359+0530] {logging_mixin.py:188} INFO - [2024-08-04T20:47:57.359+0530] {dag.py:3089} INFO - Sync 1 DAGs
[2024-08-04T20:47:57.364+0530] {logging_mixin.py:188} INFO - [2024-08-04T20:47:57.364+0530] {dag.py:3947} INFO - Setting next_dagrun for tutorial_taskflow_api to None, run_after=None
[2024-08-04T20:47:57.375+0530] {processor.py:183} INFO - Processing /Users/deepanshu/Desktop/etc-spark-airflow/env/lib/python3.12/site-packages/airflow/example_dags/tutorial_taskflow_api.py took 0.099 seconds
[2024-08-04T20:49:11.429+0530] {processor.py:161} INFO - Started process (PID=62700) to work on /Users/deepanshu/Desktop/etc-spark-airflow/env/lib/python3.12/site-packages/airflow/example_dags/tutorial_taskflow_api.py
[2024-08-04T20:49:11.429+0530] {processor.py:830} INFO - Processing file /Users/deepanshu/Desktop/etc-spark-airflow/env/lib/python3.12/site-packages/airflow/example_dags/tutorial_taskflow_api.py for tasks to queue
[2024-08-04T20:49:11.430+0530] {logging_mixin.py:188} INFO - [2024-08-04T20:49:11.430+0530] {dagbag.py:545} INFO - Filling up the DagBag from /Users/deepanshu/Desktop/etc-spark-airflow/env/lib/python3.12/site-packages/airflow/example_dags/tutorial_taskflow_api.py
[2024-08-04T20:49:11.452+0530] {processor.py:840} INFO - DAG(s) 'tutorial_taskflow_api' retrieved from /Users/deepanshu/Desktop/etc-spark-airflow/env/lib/python3.12/site-packages/airflow/example_dags/tutorial_taskflow_api.py
[2024-08-04T20:49:11.504+0530] {logging_mixin.py:188} INFO - [2024-08-04T20:49:11.503+0530] {dag.py:3089} INFO - Sync 1 DAGs
[2024-08-04T20:49:11.509+0530] {logging_mixin.py:188} INFO - [2024-08-04T20:49:11.509+0530] {dag.py:3947} INFO - Setting next_dagrun for tutorial_taskflow_api to None, run_after=None
[2024-08-04T20:49:11.519+0530] {processor.py:183} INFO - Processing /Users/deepanshu/Desktop/etc-spark-airflow/env/lib/python3.12/site-packages/airflow/example_dags/tutorial_taskflow_api.py took 0.092 seconds
[2024-08-04T20:50:46.705+0530] {processor.py:161} INFO - Started process (PID=63389) to work on /Users/deepanshu/Desktop/etc-spark-airflow/env/lib/python3.12/site-packages/airflow/example_dags/tutorial_taskflow_api.py
[2024-08-04T20:50:46.705+0530] {processor.py:830} INFO - Processing file /Users/deepanshu/Desktop/etc-spark-airflow/env/lib/python3.12/site-packages/airflow/example_dags/tutorial_taskflow_api.py for tasks to queue
[2024-08-04T20:50:46.706+0530] {logging_mixin.py:188} INFO - [2024-08-04T20:50:46.706+0530] {dagbag.py:545} INFO - Filling up the DagBag from /Users/deepanshu/Desktop/etc-spark-airflow/env/lib/python3.12/site-packages/airflow/example_dags/tutorial_taskflow_api.py
[2024-08-04T20:50:46.731+0530] {processor.py:840} INFO - DAG(s) 'tutorial_taskflow_api' retrieved from /Users/deepanshu/Desktop/etc-spark-airflow/env/lib/python3.12/site-packages/airflow/example_dags/tutorial_taskflow_api.py
[2024-08-04T20:50:46.790+0530] {logging_mixin.py:188} INFO - [2024-08-04T20:50:46.790+0530] {dag.py:3089} INFO - Sync 1 DAGs
[2024-08-04T20:50:46.795+0530] {logging_mixin.py:188} INFO - [2024-08-04T20:50:46.795+0530] {dag.py:3947} INFO - Setting next_dagrun for tutorial_taskflow_api to None, run_after=None
[2024-08-04T20:50:46.806+0530] {processor.py:183} INFO - Processing /Users/deepanshu/Desktop/etc-spark-airflow/env/lib/python3.12/site-packages/airflow/example_dags/tutorial_taskflow_api.py took 0.103 seconds
[2024-08-04T20:52:30.707+0530] {processor.py:161} INFO - Started process (PID=64087) to work on /Users/deepanshu/Desktop/etc-spark-airflow/env/lib/python3.12/site-packages/airflow/example_dags/tutorial_taskflow_api.py
[2024-08-04T20:52:30.708+0530] {processor.py:830} INFO - Processing file /Users/deepanshu/Desktop/etc-spark-airflow/env/lib/python3.12/site-packages/airflow/example_dags/tutorial_taskflow_api.py for tasks to queue
[2024-08-04T20:52:30.708+0530] {logging_mixin.py:188} INFO - [2024-08-04T20:52:30.708+0530] {dagbag.py:545} INFO - Filling up the DagBag from /Users/deepanshu/Desktop/etc-spark-airflow/env/lib/python3.12/site-packages/airflow/example_dags/tutorial_taskflow_api.py
[2024-08-04T20:52:30.732+0530] {processor.py:840} INFO - DAG(s) 'tutorial_taskflow_api' retrieved from /Users/deepanshu/Desktop/etc-spark-airflow/env/lib/python3.12/site-packages/airflow/example_dags/tutorial_taskflow_api.py
[2024-08-04T20:52:30.789+0530] {logging_mixin.py:188} INFO - [2024-08-04T20:52:30.789+0530] {dag.py:3089} INFO - Sync 1 DAGs
[2024-08-04T20:52:30.795+0530] {logging_mixin.py:188} INFO - [2024-08-04T20:52:30.794+0530] {dag.py:3947} INFO - Setting next_dagrun for tutorial_taskflow_api to None, run_after=None
[2024-08-04T20:52:30.806+0530] {processor.py:183} INFO - Processing /Users/deepanshu/Desktop/etc-spark-airflow/env/lib/python3.12/site-packages/airflow/example_dags/tutorial_taskflow_api.py took 0.101 seconds
[2024-08-04T20:53:55.833+0530] {processor.py:161} INFO - Started process (PID=64719) to work on /Users/deepanshu/Desktop/etc-spark-airflow/env/lib/python3.12/site-packages/airflow/example_dags/tutorial_taskflow_api.py
[2024-08-04T20:53:55.834+0530] {processor.py:830} INFO - Processing file /Users/deepanshu/Desktop/etc-spark-airflow/env/lib/python3.12/site-packages/airflow/example_dags/tutorial_taskflow_api.py for tasks to queue
[2024-08-04T20:53:55.834+0530] {logging_mixin.py:188} INFO - [2024-08-04T20:53:55.834+0530] {dagbag.py:545} INFO - Filling up the DagBag from /Users/deepanshu/Desktop/etc-spark-airflow/env/lib/python3.12/site-packages/airflow/example_dags/tutorial_taskflow_api.py
[2024-08-04T20:53:55.858+0530] {processor.py:840} INFO - DAG(s) 'tutorial_taskflow_api' retrieved from /Users/deepanshu/Desktop/etc-spark-airflow/env/lib/python3.12/site-packages/airflow/example_dags/tutorial_taskflow_api.py
[2024-08-04T20:53:55.916+0530] {logging_mixin.py:188} INFO - [2024-08-04T20:53:55.915+0530] {dag.py:3089} INFO - Sync 1 DAGs
[2024-08-04T20:53:55.921+0530] {logging_mixin.py:188} INFO - [2024-08-04T20:53:55.921+0530] {dag.py:3947} INFO - Setting next_dagrun for tutorial_taskflow_api to None, run_after=None
[2024-08-04T20:53:55.931+0530] {processor.py:183} INFO - Processing /Users/deepanshu/Desktop/etc-spark-airflow/env/lib/python3.12/site-packages/airflow/example_dags/tutorial_taskflow_api.py took 0.100 seconds
[2024-08-04T20:54:44.360+0530] {processor.py:161} INFO - Started process (PID=65146) to work on /Users/deepanshu/Desktop/etc-spark-airflow/env/lib/python3.12/site-packages/airflow/example_dags/tutorial_taskflow_api.py
[2024-08-04T20:54:44.361+0530] {processor.py:830} INFO - Processing file /Users/deepanshu/Desktop/etc-spark-airflow/env/lib/python3.12/site-packages/airflow/example_dags/tutorial_taskflow_api.py for tasks to queue
[2024-08-04T20:54:44.361+0530] {logging_mixin.py:188} INFO - [2024-08-04T20:54:44.361+0530] {dagbag.py:545} INFO - Filling up the DagBag from /Users/deepanshu/Desktop/etc-spark-airflow/env/lib/python3.12/site-packages/airflow/example_dags/tutorial_taskflow_api.py
[2024-08-04T20:54:44.384+0530] {processor.py:840} INFO - DAG(s) 'tutorial_taskflow_api' retrieved from /Users/deepanshu/Desktop/etc-spark-airflow/env/lib/python3.12/site-packages/airflow/example_dags/tutorial_taskflow_api.py
[2024-08-04T20:54:44.440+0530] {logging_mixin.py:188} INFO - [2024-08-04T20:54:44.440+0530] {dag.py:3089} INFO - Sync 1 DAGs
[2024-08-04T20:54:44.445+0530] {logging_mixin.py:188} INFO - [2024-08-04T20:54:44.445+0530] {dag.py:3947} INFO - Setting next_dagrun for tutorial_taskflow_api to None, run_after=None
[2024-08-04T20:54:44.455+0530] {processor.py:183} INFO - Processing /Users/deepanshu/Desktop/etc-spark-airflow/env/lib/python3.12/site-packages/airflow/example_dags/tutorial_taskflow_api.py took 0.097 seconds
[2024-08-04T20:56:44.707+0530] {processor.py:161} INFO - Started process (PID=66028) to work on /Users/deepanshu/Desktop/etc-spark-airflow/env/lib/python3.12/site-packages/airflow/example_dags/tutorial_taskflow_api.py
[2024-08-04T20:56:44.708+0530] {processor.py:830} INFO - Processing file /Users/deepanshu/Desktop/etc-spark-airflow/env/lib/python3.12/site-packages/airflow/example_dags/tutorial_taskflow_api.py for tasks to queue
[2024-08-04T20:56:44.708+0530] {logging_mixin.py:188} INFO - [2024-08-04T20:56:44.708+0530] {dagbag.py:545} INFO - Filling up the DagBag from /Users/deepanshu/Desktop/etc-spark-airflow/env/lib/python3.12/site-packages/airflow/example_dags/tutorial_taskflow_api.py
[2024-08-04T20:56:44.732+0530] {processor.py:840} INFO - DAG(s) 'tutorial_taskflow_api' retrieved from /Users/deepanshu/Desktop/etc-spark-airflow/env/lib/python3.12/site-packages/airflow/example_dags/tutorial_taskflow_api.py
[2024-08-04T20:56:44.789+0530] {logging_mixin.py:188} INFO - [2024-08-04T20:56:44.789+0530] {dag.py:3089} INFO - Sync 1 DAGs
[2024-08-04T20:56:44.795+0530] {logging_mixin.py:188} INFO - [2024-08-04T20:56:44.794+0530] {dag.py:3947} INFO - Setting next_dagrun for tutorial_taskflow_api to None, run_after=None
[2024-08-04T20:56:44.805+0530] {processor.py:183} INFO - Processing /Users/deepanshu/Desktop/etc-spark-airflow/env/lib/python3.12/site-packages/airflow/example_dags/tutorial_taskflow_api.py took 0.100 seconds
[2024-08-04T20:57:11.635+0530] {processor.py:161} INFO - Started process (PID=66271) to work on /Users/deepanshu/Desktop/etc-spark-airflow/env/lib/python3.12/site-packages/airflow/example_dags/tutorial_taskflow_api.py
[2024-08-04T20:57:11.636+0530] {processor.py:830} INFO - Processing file /Users/deepanshu/Desktop/etc-spark-airflow/env/lib/python3.12/site-packages/airflow/example_dags/tutorial_taskflow_api.py for tasks to queue
[2024-08-04T20:57:11.637+0530] {logging_mixin.py:188} INFO - [2024-08-04T20:57:11.637+0530] {dagbag.py:545} INFO - Filling up the DagBag from /Users/deepanshu/Desktop/etc-spark-airflow/env/lib/python3.12/site-packages/airflow/example_dags/tutorial_taskflow_api.py
[2024-08-04T20:57:11.659+0530] {processor.py:840} INFO - DAG(s) 'tutorial_taskflow_api' retrieved from /Users/deepanshu/Desktop/etc-spark-airflow/env/lib/python3.12/site-packages/airflow/example_dags/tutorial_taskflow_api.py
[2024-08-04T20:57:11.711+0530] {logging_mixin.py:188} INFO - [2024-08-04T20:57:11.711+0530] {dag.py:3089} INFO - Sync 1 DAGs
[2024-08-04T20:57:11.716+0530] {logging_mixin.py:188} INFO - [2024-08-04T20:57:11.716+0530] {dag.py:3947} INFO - Setting next_dagrun for tutorial_taskflow_api to None, run_after=None
[2024-08-04T20:57:11.726+0530] {processor.py:183} INFO - Processing /Users/deepanshu/Desktop/etc-spark-airflow/env/lib/python3.12/site-packages/airflow/example_dags/tutorial_taskflow_api.py took 0.093 seconds
[2024-08-04T20:58:56.934+0530] {processor.py:161} INFO - Started process (PID=67209) to work on /Users/deepanshu/Desktop/etc-spark-airflow/env/lib/python3.12/site-packages/airflow/example_dags/tutorial_taskflow_api.py
[2024-08-04T20:58:56.935+0530] {processor.py:830} INFO - Processing file /Users/deepanshu/Desktop/etc-spark-airflow/env/lib/python3.12/site-packages/airflow/example_dags/tutorial_taskflow_api.py for tasks to queue
[2024-08-04T20:58:56.936+0530] {logging_mixin.py:188} INFO - [2024-08-04T20:58:56.936+0530] {dagbag.py:545} INFO - Filling up the DagBag from /Users/deepanshu/Desktop/etc-spark-airflow/env/lib/python3.12/site-packages/airflow/example_dags/tutorial_taskflow_api.py
[2024-08-04T20:58:56.958+0530] {processor.py:840} INFO - DAG(s) 'tutorial_taskflow_api' retrieved from /Users/deepanshu/Desktop/etc-spark-airflow/env/lib/python3.12/site-packages/airflow/example_dags/tutorial_taskflow_api.py
[2024-08-04T20:58:57.009+0530] {logging_mixin.py:188} INFO - [2024-08-04T20:58:57.009+0530] {dag.py:3089} INFO - Sync 1 DAGs
[2024-08-04T20:58:57.014+0530] {logging_mixin.py:188} INFO - [2024-08-04T20:58:57.014+0530] {dag.py:3947} INFO - Setting next_dagrun for tutorial_taskflow_api to None, run_after=None
[2024-08-04T20:58:57.025+0530] {processor.py:183} INFO - Processing /Users/deepanshu/Desktop/etc-spark-airflow/env/lib/python3.12/site-packages/airflow/example_dags/tutorial_taskflow_api.py took 0.092 seconds
[2024-08-04T21:01:01.428+0530] {processor.py:161} INFO - Started process (PID=68333) to work on /Users/deepanshu/Desktop/etc-spark-airflow/env/lib/python3.12/site-packages/airflow/example_dags/tutorial_taskflow_api.py
[2024-08-04T21:01:01.429+0530] {processor.py:830} INFO - Processing file /Users/deepanshu/Desktop/etc-spark-airflow/env/lib/python3.12/site-packages/airflow/example_dags/tutorial_taskflow_api.py for tasks to queue
[2024-08-04T21:01:01.430+0530] {logging_mixin.py:188} INFO - [2024-08-04T21:01:01.430+0530] {dagbag.py:545} INFO - Filling up the DagBag from /Users/deepanshu/Desktop/etc-spark-airflow/env/lib/python3.12/site-packages/airflow/example_dags/tutorial_taskflow_api.py
[2024-08-04T21:01:01.455+0530] {processor.py:840} INFO - DAG(s) 'tutorial_taskflow_api' retrieved from /Users/deepanshu/Desktop/etc-spark-airflow/env/lib/python3.12/site-packages/airflow/example_dags/tutorial_taskflow_api.py
[2024-08-04T21:01:01.513+0530] {logging_mixin.py:188} INFO - [2024-08-04T21:01:01.513+0530] {dag.py:3089} INFO - Sync 1 DAGs
[2024-08-04T21:01:01.518+0530] {logging_mixin.py:188} INFO - [2024-08-04T21:01:01.518+0530] {dag.py:3947} INFO - Setting next_dagrun for tutorial_taskflow_api to None, run_after=None
[2024-08-04T21:01:01.529+0530] {processor.py:183} INFO - Processing /Users/deepanshu/Desktop/etc-spark-airflow/env/lib/python3.12/site-packages/airflow/example_dags/tutorial_taskflow_api.py took 0.103 seconds
[2024-08-04T21:03:04.553+0530] {processor.py:161} INFO - Started process (PID=69195) to work on /Users/deepanshu/Desktop/etc-spark-airflow/env/lib/python3.12/site-packages/airflow/example_dags/tutorial_taskflow_api.py
[2024-08-04T21:03:04.554+0530] {processor.py:830} INFO - Processing file /Users/deepanshu/Desktop/etc-spark-airflow/env/lib/python3.12/site-packages/airflow/example_dags/tutorial_taskflow_api.py for tasks to queue
[2024-08-04T21:03:04.555+0530] {logging_mixin.py:188} INFO - [2024-08-04T21:03:04.555+0530] {dagbag.py:545} INFO - Filling up the DagBag from /Users/deepanshu/Desktop/etc-spark-airflow/env/lib/python3.12/site-packages/airflow/example_dags/tutorial_taskflow_api.py
[2024-08-04T21:03:04.578+0530] {processor.py:840} INFO - DAG(s) 'tutorial_taskflow_api' retrieved from /Users/deepanshu/Desktop/etc-spark-airflow/env/lib/python3.12/site-packages/airflow/example_dags/tutorial_taskflow_api.py
[2024-08-04T21:03:04.634+0530] {logging_mixin.py:188} INFO - [2024-08-04T21:03:04.634+0530] {dag.py:3089} INFO - Sync 1 DAGs
[2024-08-04T21:03:04.639+0530] {logging_mixin.py:188} INFO - [2024-08-04T21:03:04.639+0530] {dag.py:3947} INFO - Setting next_dagrun for tutorial_taskflow_api to None, run_after=None
[2024-08-04T21:03:04.650+0530] {processor.py:183} INFO - Processing /Users/deepanshu/Desktop/etc-spark-airflow/env/lib/python3.12/site-packages/airflow/example_dags/tutorial_taskflow_api.py took 0.098 seconds
[2024-08-04T21:04:53.020+0530] {processor.py:161} INFO - Started process (PID=69920) to work on /Users/deepanshu/Desktop/etc-spark-airflow/env/lib/python3.12/site-packages/airflow/example_dags/tutorial_taskflow_api.py
[2024-08-04T21:04:53.021+0530] {processor.py:830} INFO - Processing file /Users/deepanshu/Desktop/etc-spark-airflow/env/lib/python3.12/site-packages/airflow/example_dags/tutorial_taskflow_api.py for tasks to queue
[2024-08-04T21:04:53.022+0530] {logging_mixin.py:188} INFO - [2024-08-04T21:04:53.022+0530] {dagbag.py:545} INFO - Filling up the DagBag from /Users/deepanshu/Desktop/etc-spark-airflow/env/lib/python3.12/site-packages/airflow/example_dags/tutorial_taskflow_api.py
[2024-08-04T21:04:53.044+0530] {processor.py:840} INFO - DAG(s) 'tutorial_taskflow_api' retrieved from /Users/deepanshu/Desktop/etc-spark-airflow/env/lib/python3.12/site-packages/airflow/example_dags/tutorial_taskflow_api.py
[2024-08-04T21:04:53.096+0530] {logging_mixin.py:188} INFO - [2024-08-04T21:04:53.096+0530] {dag.py:3089} INFO - Sync 1 DAGs
[2024-08-04T21:04:53.101+0530] {logging_mixin.py:188} INFO - [2024-08-04T21:04:53.101+0530] {dag.py:3947} INFO - Setting next_dagrun for tutorial_taskflow_api to None, run_after=None
[2024-08-04T21:04:53.112+0530] {processor.py:183} INFO - Processing /Users/deepanshu/Desktop/etc-spark-airflow/env/lib/python3.12/site-packages/airflow/example_dags/tutorial_taskflow_api.py took 0.094 seconds
[2024-08-04T21:05:40.226+0530] {processor.py:161} INFO - Started process (PID=70278) to work on /Users/deepanshu/Desktop/etc-spark-airflow/env/lib/python3.12/site-packages/airflow/example_dags/tutorial_taskflow_api.py
[2024-08-04T21:05:40.227+0530] {processor.py:830} INFO - Processing file /Users/deepanshu/Desktop/etc-spark-airflow/env/lib/python3.12/site-packages/airflow/example_dags/tutorial_taskflow_api.py for tasks to queue
[2024-08-04T21:05:40.227+0530] {logging_mixin.py:188} INFO - [2024-08-04T21:05:40.227+0530] {dagbag.py:545} INFO - Filling up the DagBag from /Users/deepanshu/Desktop/etc-spark-airflow/env/lib/python3.12/site-packages/airflow/example_dags/tutorial_taskflow_api.py
[2024-08-04T21:05:40.250+0530] {processor.py:840} INFO - DAG(s) 'tutorial_taskflow_api' retrieved from /Users/deepanshu/Desktop/etc-spark-airflow/env/lib/python3.12/site-packages/airflow/example_dags/tutorial_taskflow_api.py
[2024-08-04T21:05:40.307+0530] {logging_mixin.py:188} INFO - [2024-08-04T21:05:40.307+0530] {dag.py:3089} INFO - Sync 1 DAGs
[2024-08-04T21:05:40.312+0530] {logging_mixin.py:188} INFO - [2024-08-04T21:05:40.312+0530] {dag.py:3947} INFO - Setting next_dagrun for tutorial_taskflow_api to None, run_after=None
[2024-08-04T21:05:40.323+0530] {processor.py:183} INFO - Processing /Users/deepanshu/Desktop/etc-spark-airflow/env/lib/python3.12/site-packages/airflow/example_dags/tutorial_taskflow_api.py took 0.099 seconds
[2024-08-04T21:07:23.088+0530] {processor.py:161} INFO - Started process (PID=70976) to work on /Users/deepanshu/Desktop/etc-spark-airflow/env/lib/python3.12/site-packages/airflow/example_dags/tutorial_taskflow_api.py
[2024-08-04T21:07:23.089+0530] {processor.py:830} INFO - Processing file /Users/deepanshu/Desktop/etc-spark-airflow/env/lib/python3.12/site-packages/airflow/example_dags/tutorial_taskflow_api.py for tasks to queue
[2024-08-04T21:07:23.089+0530] {logging_mixin.py:188} INFO - [2024-08-04T21:07:23.089+0530] {dagbag.py:545} INFO - Filling up the DagBag from /Users/deepanshu/Desktop/etc-spark-airflow/env/lib/python3.12/site-packages/airflow/example_dags/tutorial_taskflow_api.py
[2024-08-04T21:07:23.111+0530] {processor.py:840} INFO - DAG(s) 'tutorial_taskflow_api' retrieved from /Users/deepanshu/Desktop/etc-spark-airflow/env/lib/python3.12/site-packages/airflow/example_dags/tutorial_taskflow_api.py
[2024-08-04T21:07:23.163+0530] {logging_mixin.py:188} INFO - [2024-08-04T21:07:23.163+0530] {dag.py:3089} INFO - Sync 1 DAGs
[2024-08-04T21:07:23.168+0530] {logging_mixin.py:188} INFO - [2024-08-04T21:07:23.168+0530] {dag.py:3947} INFO - Setting next_dagrun for tutorial_taskflow_api to None, run_after=None
[2024-08-04T21:07:23.179+0530] {processor.py:183} INFO - Processing /Users/deepanshu/Desktop/etc-spark-airflow/env/lib/python3.12/site-packages/airflow/example_dags/tutorial_taskflow_api.py took 0.092 seconds
[2024-08-04T21:08:39.112+0530] {processor.py:161} INFO - Started process (PID=71619) to work on /Users/deepanshu/Desktop/etc-spark-airflow/env/lib/python3.12/site-packages/airflow/example_dags/tutorial_taskflow_api.py
[2024-08-04T21:08:39.113+0530] {processor.py:830} INFO - Processing file /Users/deepanshu/Desktop/etc-spark-airflow/env/lib/python3.12/site-packages/airflow/example_dags/tutorial_taskflow_api.py for tasks to queue
[2024-08-04T21:08:39.114+0530] {logging_mixin.py:188} INFO - [2024-08-04T21:08:39.113+0530] {dagbag.py:545} INFO - Filling up the DagBag from /Users/deepanshu/Desktop/etc-spark-airflow/env/lib/python3.12/site-packages/airflow/example_dags/tutorial_taskflow_api.py
[2024-08-04T21:08:39.138+0530] {processor.py:840} INFO - DAG(s) 'tutorial_taskflow_api' retrieved from /Users/deepanshu/Desktop/etc-spark-airflow/env/lib/python3.12/site-packages/airflow/example_dags/tutorial_taskflow_api.py
[2024-08-04T21:08:39.194+0530] {logging_mixin.py:188} INFO - [2024-08-04T21:08:39.194+0530] {dag.py:3089} INFO - Sync 1 DAGs
[2024-08-04T21:08:39.199+0530] {logging_mixin.py:188} INFO - [2024-08-04T21:08:39.199+0530] {dag.py:3947} INFO - Setting next_dagrun for tutorial_taskflow_api to None, run_after=None
[2024-08-04T21:08:39.210+0530] {processor.py:183} INFO - Processing /Users/deepanshu/Desktop/etc-spark-airflow/env/lib/python3.12/site-packages/airflow/example_dags/tutorial_taskflow_api.py took 0.099 seconds
[2024-08-04T21:09:14.565+0530] {processor.py:161} INFO - Started process (PID=71931) to work on /Users/deepanshu/Desktop/etc-spark-airflow/env/lib/python3.12/site-packages/airflow/example_dags/tutorial_taskflow_api.py
[2024-08-04T21:09:14.566+0530] {processor.py:830} INFO - Processing file /Users/deepanshu/Desktop/etc-spark-airflow/env/lib/python3.12/site-packages/airflow/example_dags/tutorial_taskflow_api.py for tasks to queue
[2024-08-04T21:09:14.567+0530] {logging_mixin.py:188} INFO - [2024-08-04T21:09:14.567+0530] {dagbag.py:545} INFO - Filling up the DagBag from /Users/deepanshu/Desktop/etc-spark-airflow/env/lib/python3.12/site-packages/airflow/example_dags/tutorial_taskflow_api.py
[2024-08-04T21:09:14.592+0530] {processor.py:840} INFO - DAG(s) 'tutorial_taskflow_api' retrieved from /Users/deepanshu/Desktop/etc-spark-airflow/env/lib/python3.12/site-packages/airflow/example_dags/tutorial_taskflow_api.py
[2024-08-04T21:09:14.647+0530] {logging_mixin.py:188} INFO - [2024-08-04T21:09:14.647+0530] {dag.py:3089} INFO - Sync 1 DAGs
[2024-08-04T21:09:14.652+0530] {logging_mixin.py:188} INFO - [2024-08-04T21:09:14.652+0530] {dag.py:3947} INFO - Setting next_dagrun for tutorial_taskflow_api to None, run_after=None
[2024-08-04T21:09:14.662+0530] {processor.py:183} INFO - Processing /Users/deepanshu/Desktop/etc-spark-airflow/env/lib/python3.12/site-packages/airflow/example_dags/tutorial_taskflow_api.py took 0.098 seconds
