[2024-08-04T20:32:55.871+0530] {processor.py:161} INFO - Started process (PID=55547) to work on /Users/deepanshu/Desktop/etc-spark-airflow/env/lib/python3.12/site-packages/airflow/example_dags/tutorial_objectstorage.py
[2024-08-04T20:32:55.871+0530] {processor.py:830} INFO - Processing file /Users/deepanshu/Desktop/etc-spark-airflow/env/lib/python3.12/site-packages/airflow/example_dags/tutorial_objectstorage.py for tasks to queue
[2024-08-04T20:32:55.872+0530] {logging_mixin.py:188} INFO - [2024-08-04T20:32:55.872+0530] {dagbag.py:545} INFO - Filling up the DagBag from /Users/deepanshu/Desktop/etc-spark-airflow/env/lib/python3.12/site-packages/airflow/example_dags/tutorial_objectstorage.py
[2024-08-04T20:32:55.916+0530] {processor.py:840} INFO - DAG(s) 'tutorial_objectstorage' retrieved from /Users/deepanshu/Desktop/etc-spark-airflow/env/lib/python3.12/site-packages/airflow/example_dags/tutorial_objectstorage.py
[2024-08-04T20:32:56.020+0530] {logging_mixin.py:188} INFO - [2024-08-04T20:32:56.020+0530] {override.py:1858} INFO - Created Permission View: can read on DAG:tutorial_objectstorage
[2024-08-04T20:32:56.025+0530] {logging_mixin.py:188} INFO - [2024-08-04T20:32:56.025+0530] {override.py:1858} INFO - Created Permission View: can edit on DAG:tutorial_objectstorage
[2024-08-04T20:32:56.029+0530] {logging_mixin.py:188} INFO - [2024-08-04T20:32:56.028+0530] {override.py:1858} INFO - Created Permission View: can delete on DAG:tutorial_objectstorage
[2024-08-04T20:32:56.029+0530] {logging_mixin.py:188} INFO - [2024-08-04T20:32:56.029+0530] {dag.py:3089} INFO - Sync 1 DAGs
[2024-08-04T20:32:56.035+0530] {logging_mixin.py:188} INFO - [2024-08-04T20:32:56.035+0530] {dag.py:3111} INFO - Creating ORM DAG for tutorial_objectstorage
[2024-08-04T20:32:56.035+0530] {logging_mixin.py:188} INFO - [2024-08-04T20:32:56.035+0530] {dag.py:3947} INFO - Setting next_dagrun for tutorial_objectstorage to None, run_after=None
[2024-08-04T20:32:56.045+0530] {processor.py:183} INFO - Processing /Users/deepanshu/Desktop/etc-spark-airflow/env/lib/python3.12/site-packages/airflow/example_dags/tutorial_objectstorage.py took 0.176 seconds
[2024-08-04T20:33:56.315+0530] {processor.py:161} INFO - Started process (PID=56014) to work on /Users/deepanshu/Desktop/etc-spark-airflow/env/lib/python3.12/site-packages/airflow/example_dags/tutorial_objectstorage.py
[2024-08-04T20:33:56.316+0530] {processor.py:830} INFO - Processing file /Users/deepanshu/Desktop/etc-spark-airflow/env/lib/python3.12/site-packages/airflow/example_dags/tutorial_objectstorage.py for tasks to queue
[2024-08-04T20:33:56.317+0530] {logging_mixin.py:188} INFO - [2024-08-04T20:33:56.316+0530] {dagbag.py:545} INFO - Filling up the DagBag from /Users/deepanshu/Desktop/etc-spark-airflow/env/lib/python3.12/site-packages/airflow/example_dags/tutorial_objectstorage.py
[2024-08-04T20:33:56.361+0530] {processor.py:840} INFO - DAG(s) 'tutorial_objectstorage' retrieved from /Users/deepanshu/Desktop/etc-spark-airflow/env/lib/python3.12/site-packages/airflow/example_dags/tutorial_objectstorage.py
[2024-08-04T20:33:56.410+0530] {logging_mixin.py:188} INFO - [2024-08-04T20:33:56.410+0530] {dag.py:3089} INFO - Sync 1 DAGs
[2024-08-04T20:33:56.416+0530] {logging_mixin.py:188} INFO - [2024-08-04T20:33:56.416+0530] {dag.py:3947} INFO - Setting next_dagrun for tutorial_objectstorage to None, run_after=None
[2024-08-04T20:33:56.427+0530] {processor.py:183} INFO - Processing /Users/deepanshu/Desktop/etc-spark-airflow/env/lib/python3.12/site-packages/airflow/example_dags/tutorial_objectstorage.py took 0.113 seconds
[2024-08-04T20:36:00.606+0530] {processor.py:161} INFO - Started process (PID=56887) to work on /Users/deepanshu/Desktop/etc-spark-airflow/env/lib/python3.12/site-packages/airflow/example_dags/tutorial_objectstorage.py
[2024-08-04T20:36:00.607+0530] {processor.py:830} INFO - Processing file /Users/deepanshu/Desktop/etc-spark-airflow/env/lib/python3.12/site-packages/airflow/example_dags/tutorial_objectstorage.py for tasks to queue
[2024-08-04T20:36:00.607+0530] {logging_mixin.py:188} INFO - [2024-08-04T20:36:00.607+0530] {dagbag.py:545} INFO - Filling up the DagBag from /Users/deepanshu/Desktop/etc-spark-airflow/env/lib/python3.12/site-packages/airflow/example_dags/tutorial_objectstorage.py
[2024-08-04T20:36:00.658+0530] {processor.py:840} INFO - DAG(s) 'tutorial_objectstorage' retrieved from /Users/deepanshu/Desktop/etc-spark-airflow/env/lib/python3.12/site-packages/airflow/example_dags/tutorial_objectstorage.py
[2024-08-04T20:36:00.713+0530] {logging_mixin.py:188} INFO - [2024-08-04T20:36:00.713+0530] {dag.py:3089} INFO - Sync 1 DAGs
[2024-08-04T20:36:00.719+0530] {logging_mixin.py:188} INFO - [2024-08-04T20:36:00.719+0530] {dag.py:3947} INFO - Setting next_dagrun for tutorial_objectstorage to None, run_after=None
[2024-08-04T20:36:00.730+0530] {processor.py:183} INFO - Processing /Users/deepanshu/Desktop/etc-spark-airflow/env/lib/python3.12/site-packages/airflow/example_dags/tutorial_objectstorage.py took 0.126 seconds
[2024-08-04T20:37:29.910+0530] {processor.py:161} INFO - Started process (PID=57566) to work on /Users/deepanshu/Desktop/etc-spark-airflow/env/lib/python3.12/site-packages/airflow/example_dags/tutorial_objectstorage.py
[2024-08-04T20:37:29.911+0530] {processor.py:830} INFO - Processing file /Users/deepanshu/Desktop/etc-spark-airflow/env/lib/python3.12/site-packages/airflow/example_dags/tutorial_objectstorage.py for tasks to queue
[2024-08-04T20:37:29.911+0530] {logging_mixin.py:188} INFO - [2024-08-04T20:37:29.911+0530] {dagbag.py:545} INFO - Filling up the DagBag from /Users/deepanshu/Desktop/etc-spark-airflow/env/lib/python3.12/site-packages/airflow/example_dags/tutorial_objectstorage.py
[2024-08-04T20:37:29.956+0530] {processor.py:840} INFO - DAG(s) 'tutorial_objectstorage' retrieved from /Users/deepanshu/Desktop/etc-spark-airflow/env/lib/python3.12/site-packages/airflow/example_dags/tutorial_objectstorage.py
[2024-08-04T20:37:30.007+0530] {logging_mixin.py:188} INFO - [2024-08-04T20:37:30.007+0530] {dag.py:3089} INFO - Sync 1 DAGs
[2024-08-04T20:37:30.014+0530] {logging_mixin.py:188} INFO - [2024-08-04T20:37:30.014+0530] {dag.py:3947} INFO - Setting next_dagrun for tutorial_objectstorage to None, run_after=None
[2024-08-04T20:37:30.025+0530] {processor.py:183} INFO - Processing /Users/deepanshu/Desktop/etc-spark-airflow/env/lib/python3.12/site-packages/airflow/example_dags/tutorial_objectstorage.py took 0.116 seconds
[2024-08-04T20:39:28.539+0530] {processor.py:161} INFO - Started process (PID=58486) to work on /Users/deepanshu/Desktop/etc-spark-airflow/env/lib/python3.12/site-packages/airflow/example_dags/tutorial_objectstorage.py
[2024-08-04T20:39:28.541+0530] {processor.py:830} INFO - Processing file /Users/deepanshu/Desktop/etc-spark-airflow/env/lib/python3.12/site-packages/airflow/example_dags/tutorial_objectstorage.py for tasks to queue
[2024-08-04T20:39:28.541+0530] {logging_mixin.py:188} INFO - [2024-08-04T20:39:28.541+0530] {dagbag.py:545} INFO - Filling up the DagBag from /Users/deepanshu/Desktop/etc-spark-airflow/env/lib/python3.12/site-packages/airflow/example_dags/tutorial_objectstorage.py
[2024-08-04T20:39:28.593+0530] {processor.py:840} INFO - DAG(s) 'tutorial_objectstorage' retrieved from /Users/deepanshu/Desktop/etc-spark-airflow/env/lib/python3.12/site-packages/airflow/example_dags/tutorial_objectstorage.py
[2024-08-04T20:39:28.644+0530] {logging_mixin.py:188} INFO - [2024-08-04T20:39:28.643+0530] {dag.py:3089} INFO - Sync 1 DAGs
[2024-08-04T20:39:28.649+0530] {logging_mixin.py:188} INFO - [2024-08-04T20:39:28.649+0530] {dag.py:3947} INFO - Setting next_dagrun for tutorial_objectstorage to None, run_after=None
[2024-08-04T20:39:28.660+0530] {processor.py:183} INFO - Processing /Users/deepanshu/Desktop/etc-spark-airflow/env/lib/python3.12/site-packages/airflow/example_dags/tutorial_objectstorage.py took 0.123 seconds
[2024-08-04T20:41:00.475+0530] {processor.py:161} INFO - Started process (PID=59204) to work on /Users/deepanshu/Desktop/etc-spark-airflow/env/lib/python3.12/site-packages/airflow/example_dags/tutorial_objectstorage.py
[2024-08-04T20:41:00.475+0530] {processor.py:830} INFO - Processing file /Users/deepanshu/Desktop/etc-spark-airflow/env/lib/python3.12/site-packages/airflow/example_dags/tutorial_objectstorage.py for tasks to queue
[2024-08-04T20:41:00.476+0530] {logging_mixin.py:188} INFO - [2024-08-04T20:41:00.476+0530] {dagbag.py:545} INFO - Filling up the DagBag from /Users/deepanshu/Desktop/etc-spark-airflow/env/lib/python3.12/site-packages/airflow/example_dags/tutorial_objectstorage.py
[2024-08-04T20:41:00.520+0530] {processor.py:840} INFO - DAG(s) 'tutorial_objectstorage' retrieved from /Users/deepanshu/Desktop/etc-spark-airflow/env/lib/python3.12/site-packages/airflow/example_dags/tutorial_objectstorage.py
[2024-08-04T20:41:00.571+0530] {logging_mixin.py:188} INFO - [2024-08-04T20:41:00.570+0530] {dag.py:3089} INFO - Sync 1 DAGs
[2024-08-04T20:41:00.576+0530] {logging_mixin.py:188} INFO - [2024-08-04T20:41:00.576+0530] {dag.py:3947} INFO - Setting next_dagrun for tutorial_objectstorage to None, run_after=None
[2024-08-04T20:41:00.588+0530] {processor.py:183} INFO - Processing /Users/deepanshu/Desktop/etc-spark-airflow/env/lib/python3.12/site-packages/airflow/example_dags/tutorial_objectstorage.py took 0.115 seconds
[2024-08-04T20:42:52.582+0530] {processor.py:161} INFO - Started process (PID=60020) to work on /Users/deepanshu/Desktop/etc-spark-airflow/env/lib/python3.12/site-packages/airflow/example_dags/tutorial_objectstorage.py
[2024-08-04T20:42:52.583+0530] {processor.py:830} INFO - Processing file /Users/deepanshu/Desktop/etc-spark-airflow/env/lib/python3.12/site-packages/airflow/example_dags/tutorial_objectstorage.py for tasks to queue
[2024-08-04T20:42:52.584+0530] {logging_mixin.py:188} INFO - [2024-08-04T20:42:52.583+0530] {dagbag.py:545} INFO - Filling up the DagBag from /Users/deepanshu/Desktop/etc-spark-airflow/env/lib/python3.12/site-packages/airflow/example_dags/tutorial_objectstorage.py
[2024-08-04T20:42:52.634+0530] {processor.py:840} INFO - DAG(s) 'tutorial_objectstorage' retrieved from /Users/deepanshu/Desktop/etc-spark-airflow/env/lib/python3.12/site-packages/airflow/example_dags/tutorial_objectstorage.py
[2024-08-04T20:42:52.685+0530] {logging_mixin.py:188} INFO - [2024-08-04T20:42:52.685+0530] {dag.py:3089} INFO - Sync 1 DAGs
[2024-08-04T20:42:52.691+0530] {logging_mixin.py:188} INFO - [2024-08-04T20:42:52.690+0530] {dag.py:3947} INFO - Setting next_dagrun for tutorial_objectstorage to None, run_after=None
[2024-08-04T20:42:52.702+0530] {processor.py:183} INFO - Processing /Users/deepanshu/Desktop/etc-spark-airflow/env/lib/python3.12/site-packages/airflow/example_dags/tutorial_objectstorage.py took 0.122 seconds
[2024-08-04T20:44:12.821+0530] {processor.py:161} INFO - Started process (PID=60605) to work on /Users/deepanshu/Desktop/etc-spark-airflow/env/lib/python3.12/site-packages/airflow/example_dags/tutorial_objectstorage.py
[2024-08-04T20:44:12.823+0530] {processor.py:830} INFO - Processing file /Users/deepanshu/Desktop/etc-spark-airflow/env/lib/python3.12/site-packages/airflow/example_dags/tutorial_objectstorage.py for tasks to queue
[2024-08-04T20:44:12.824+0530] {logging_mixin.py:188} INFO - [2024-08-04T20:44:12.824+0530] {dagbag.py:545} INFO - Filling up the DagBag from /Users/deepanshu/Desktop/etc-spark-airflow/env/lib/python3.12/site-packages/airflow/example_dags/tutorial_objectstorage.py
[2024-08-04T20:44:12.924+0530] {processor.py:840} INFO - DAG(s) 'tutorial_objectstorage' retrieved from /Users/deepanshu/Desktop/etc-spark-airflow/env/lib/python3.12/site-packages/airflow/example_dags/tutorial_objectstorage.py
[2024-08-04T20:44:12.983+0530] {logging_mixin.py:188} INFO - [2024-08-04T20:44:12.982+0530] {dag.py:3089} INFO - Sync 1 DAGs
[2024-08-04T20:44:12.989+0530] {logging_mixin.py:188} INFO - [2024-08-04T20:44:12.989+0530] {dag.py:3947} INFO - Setting next_dagrun for tutorial_objectstorage to None, run_after=None
[2024-08-04T20:44:13.001+0530] {processor.py:183} INFO - Processing /Users/deepanshu/Desktop/etc-spark-airflow/env/lib/python3.12/site-packages/airflow/example_dags/tutorial_objectstorage.py took 0.182 seconds
[2024-08-04T20:44:46.569+0530] {processor.py:161} INFO - Started process (PID=60867) to work on /Users/deepanshu/Desktop/etc-spark-airflow/env/lib/python3.12/site-packages/airflow/example_dags/tutorial_objectstorage.py
[2024-08-04T20:44:46.570+0530] {processor.py:830} INFO - Processing file /Users/deepanshu/Desktop/etc-spark-airflow/env/lib/python3.12/site-packages/airflow/example_dags/tutorial_objectstorage.py for tasks to queue
[2024-08-04T20:44:46.570+0530] {logging_mixin.py:188} INFO - [2024-08-04T20:44:46.570+0530] {dagbag.py:545} INFO - Filling up the DagBag from /Users/deepanshu/Desktop/etc-spark-airflow/env/lib/python3.12/site-packages/airflow/example_dags/tutorial_objectstorage.py
[2024-08-04T20:44:46.617+0530] {processor.py:840} INFO - DAG(s) 'tutorial_objectstorage' retrieved from /Users/deepanshu/Desktop/etc-spark-airflow/env/lib/python3.12/site-packages/airflow/example_dags/tutorial_objectstorage.py
[2024-08-04T20:44:46.718+0530] {logging_mixin.py:188} INFO - [2024-08-04T20:44:46.717+0530] {dag.py:3089} INFO - Sync 1 DAGs
[2024-08-04T20:44:46.738+0530] {logging_mixin.py:188} INFO - [2024-08-04T20:44:46.738+0530] {dag.py:3947} INFO - Setting next_dagrun for tutorial_objectstorage to None, run_after=None
[2024-08-04T20:44:46.776+0530] {processor.py:183} INFO - Processing /Users/deepanshu/Desktop/etc-spark-airflow/env/lib/python3.12/site-packages/airflow/example_dags/tutorial_objectstorage.py took 0.208 seconds
[2024-08-04T20:46:44.084+0530] {processor.py:161} INFO - Started process (PID=61687) to work on /Users/deepanshu/Desktop/etc-spark-airflow/env/lib/python3.12/site-packages/airflow/example_dags/tutorial_objectstorage.py
[2024-08-04T20:46:44.085+0530] {processor.py:830} INFO - Processing file /Users/deepanshu/Desktop/etc-spark-airflow/env/lib/python3.12/site-packages/airflow/example_dags/tutorial_objectstorage.py for tasks to queue
[2024-08-04T20:46:44.085+0530] {logging_mixin.py:188} INFO - [2024-08-04T20:46:44.085+0530] {dagbag.py:545} INFO - Filling up the DagBag from /Users/deepanshu/Desktop/etc-spark-airflow/env/lib/python3.12/site-packages/airflow/example_dags/tutorial_objectstorage.py
[2024-08-04T20:46:44.133+0530] {processor.py:840} INFO - DAG(s) 'tutorial_objectstorage' retrieved from /Users/deepanshu/Desktop/etc-spark-airflow/env/lib/python3.12/site-packages/airflow/example_dags/tutorial_objectstorage.py
[2024-08-04T20:46:44.184+0530] {logging_mixin.py:188} INFO - [2024-08-04T20:46:44.184+0530] {dag.py:3089} INFO - Sync 1 DAGs
[2024-08-04T20:46:44.190+0530] {logging_mixin.py:188} INFO - [2024-08-04T20:46:44.190+0530] {dag.py:3947} INFO - Setting next_dagrun for tutorial_objectstorage to None, run_after=None
[2024-08-04T20:46:44.201+0530] {processor.py:183} INFO - Processing /Users/deepanshu/Desktop/etc-spark-airflow/env/lib/python3.12/site-packages/airflow/example_dags/tutorial_objectstorage.py took 0.119 seconds
[2024-08-04T20:47:59.404+0530] {processor.py:161} INFO - Started process (PID=62191) to work on /Users/deepanshu/Desktop/etc-spark-airflow/env/lib/python3.12/site-packages/airflow/example_dags/tutorial_objectstorage.py
[2024-08-04T20:47:59.405+0530] {processor.py:830} INFO - Processing file /Users/deepanshu/Desktop/etc-spark-airflow/env/lib/python3.12/site-packages/airflow/example_dags/tutorial_objectstorage.py for tasks to queue
[2024-08-04T20:47:59.406+0530] {logging_mixin.py:188} INFO - [2024-08-04T20:47:59.406+0530] {dagbag.py:545} INFO - Filling up the DagBag from /Users/deepanshu/Desktop/etc-spark-airflow/env/lib/python3.12/site-packages/airflow/example_dags/tutorial_objectstorage.py
[2024-08-04T20:47:59.456+0530] {processor.py:840} INFO - DAG(s) 'tutorial_objectstorage' retrieved from /Users/deepanshu/Desktop/etc-spark-airflow/env/lib/python3.12/site-packages/airflow/example_dags/tutorial_objectstorage.py
[2024-08-04T20:47:59.507+0530] {logging_mixin.py:188} INFO - [2024-08-04T20:47:59.507+0530] {dag.py:3089} INFO - Sync 1 DAGs
[2024-08-04T20:47:59.513+0530] {logging_mixin.py:188} INFO - [2024-08-04T20:47:59.513+0530] {dag.py:3947} INFO - Setting next_dagrun for tutorial_objectstorage to None, run_after=None
[2024-08-04T20:47:59.524+0530] {processor.py:183} INFO - Processing /Users/deepanshu/Desktop/etc-spark-airflow/env/lib/python3.12/site-packages/airflow/example_dags/tutorial_objectstorage.py took 0.121 seconds
[2024-08-04T20:49:13.534+0530] {processor.py:161} INFO - Started process (PID=62712) to work on /Users/deepanshu/Desktop/etc-spark-airflow/env/lib/python3.12/site-packages/airflow/example_dags/tutorial_objectstorage.py
[2024-08-04T20:49:13.536+0530] {processor.py:830} INFO - Processing file /Users/deepanshu/Desktop/etc-spark-airflow/env/lib/python3.12/site-packages/airflow/example_dags/tutorial_objectstorage.py for tasks to queue
[2024-08-04T20:49:13.536+0530] {logging_mixin.py:188} INFO - [2024-08-04T20:49:13.536+0530] {dagbag.py:545} INFO - Filling up the DagBag from /Users/deepanshu/Desktop/etc-spark-airflow/env/lib/python3.12/site-packages/airflow/example_dags/tutorial_objectstorage.py
[2024-08-04T20:49:13.587+0530] {processor.py:840} INFO - DAG(s) 'tutorial_objectstorage' retrieved from /Users/deepanshu/Desktop/etc-spark-airflow/env/lib/python3.12/site-packages/airflow/example_dags/tutorial_objectstorage.py
[2024-08-04T20:49:13.637+0530] {logging_mixin.py:188} INFO - [2024-08-04T20:49:13.637+0530] {dag.py:3089} INFO - Sync 1 DAGs
[2024-08-04T20:49:13.644+0530] {logging_mixin.py:188} INFO - [2024-08-04T20:49:13.643+0530] {dag.py:3947} INFO - Setting next_dagrun for tutorial_objectstorage to None, run_after=None
[2024-08-04T20:49:13.655+0530] {processor.py:183} INFO - Processing /Users/deepanshu/Desktop/etc-spark-airflow/env/lib/python3.12/site-packages/airflow/example_dags/tutorial_objectstorage.py took 0.122 seconds
[2024-08-04T20:50:48.887+0530] {processor.py:161} INFO - Started process (PID=63403) to work on /Users/deepanshu/Desktop/etc-spark-airflow/env/lib/python3.12/site-packages/airflow/example_dags/tutorial_objectstorage.py
[2024-08-04T20:50:48.888+0530] {processor.py:830} INFO - Processing file /Users/deepanshu/Desktop/etc-spark-airflow/env/lib/python3.12/site-packages/airflow/example_dags/tutorial_objectstorage.py for tasks to queue
[2024-08-04T20:50:48.889+0530] {logging_mixin.py:188} INFO - [2024-08-04T20:50:48.888+0530] {dagbag.py:545} INFO - Filling up the DagBag from /Users/deepanshu/Desktop/etc-spark-airflow/env/lib/python3.12/site-packages/airflow/example_dags/tutorial_objectstorage.py
[2024-08-04T20:50:48.934+0530] {processor.py:840} INFO - DAG(s) 'tutorial_objectstorage' retrieved from /Users/deepanshu/Desktop/etc-spark-airflow/env/lib/python3.12/site-packages/airflow/example_dags/tutorial_objectstorage.py
[2024-08-04T20:50:48.985+0530] {logging_mixin.py:188} INFO - [2024-08-04T20:50:48.985+0530] {dag.py:3089} INFO - Sync 1 DAGs
[2024-08-04T20:50:48.991+0530] {logging_mixin.py:188} INFO - [2024-08-04T20:50:48.991+0530] {dag.py:3947} INFO - Setting next_dagrun for tutorial_objectstorage to None, run_after=None
[2024-08-04T20:50:49.002+0530] {processor.py:183} INFO - Processing /Users/deepanshu/Desktop/etc-spark-airflow/env/lib/python3.12/site-packages/airflow/example_dags/tutorial_objectstorage.py took 0.116 seconds
[2024-08-04T20:52:33.046+0530] {processor.py:161} INFO - Started process (PID=64099) to work on /Users/deepanshu/Desktop/etc-spark-airflow/env/lib/python3.12/site-packages/airflow/example_dags/tutorial_objectstorage.py
[2024-08-04T20:52:33.048+0530] {processor.py:830} INFO - Processing file /Users/deepanshu/Desktop/etc-spark-airflow/env/lib/python3.12/site-packages/airflow/example_dags/tutorial_objectstorage.py for tasks to queue
[2024-08-04T20:52:33.048+0530] {logging_mixin.py:188} INFO - [2024-08-04T20:52:33.048+0530] {dagbag.py:545} INFO - Filling up the DagBag from /Users/deepanshu/Desktop/etc-spark-airflow/env/lib/python3.12/site-packages/airflow/example_dags/tutorial_objectstorage.py
[2024-08-04T20:52:33.105+0530] {processor.py:840} INFO - DAG(s) 'tutorial_objectstorage' retrieved from /Users/deepanshu/Desktop/etc-spark-airflow/env/lib/python3.12/site-packages/airflow/example_dags/tutorial_objectstorage.py
[2024-08-04T20:52:33.157+0530] {logging_mixin.py:188} INFO - [2024-08-04T20:52:33.157+0530] {dag.py:3089} INFO - Sync 1 DAGs
[2024-08-04T20:52:33.164+0530] {logging_mixin.py:188} INFO - [2024-08-04T20:52:33.164+0530] {dag.py:3947} INFO - Setting next_dagrun for tutorial_objectstorage to None, run_after=None
[2024-08-04T20:52:33.174+0530] {processor.py:183} INFO - Processing /Users/deepanshu/Desktop/etc-spark-airflow/env/lib/python3.12/site-packages/airflow/example_dags/tutorial_objectstorage.py took 0.130 seconds
[2024-08-04T20:53:57.985+0530] {processor.py:161} INFO - Started process (PID=64732) to work on /Users/deepanshu/Desktop/etc-spark-airflow/env/lib/python3.12/site-packages/airflow/example_dags/tutorial_objectstorage.py
[2024-08-04T20:53:57.987+0530] {processor.py:830} INFO - Processing file /Users/deepanshu/Desktop/etc-spark-airflow/env/lib/python3.12/site-packages/airflow/example_dags/tutorial_objectstorage.py for tasks to queue
[2024-08-04T20:53:57.987+0530] {logging_mixin.py:188} INFO - [2024-08-04T20:53:57.987+0530] {dagbag.py:545} INFO - Filling up the DagBag from /Users/deepanshu/Desktop/etc-spark-airflow/env/lib/python3.12/site-packages/airflow/example_dags/tutorial_objectstorage.py
[2024-08-04T20:53:58.040+0530] {processor.py:840} INFO - DAG(s) 'tutorial_objectstorage' retrieved from /Users/deepanshu/Desktop/etc-spark-airflow/env/lib/python3.12/site-packages/airflow/example_dags/tutorial_objectstorage.py
[2024-08-04T20:53:58.091+0530] {logging_mixin.py:188} INFO - [2024-08-04T20:53:58.091+0530] {dag.py:3089} INFO - Sync 1 DAGs
[2024-08-04T20:53:58.097+0530] {logging_mixin.py:188} INFO - [2024-08-04T20:53:58.097+0530] {dag.py:3947} INFO - Setting next_dagrun for tutorial_objectstorage to None, run_after=None
[2024-08-04T20:53:58.107+0530] {processor.py:183} INFO - Processing /Users/deepanshu/Desktop/etc-spark-airflow/env/lib/python3.12/site-packages/airflow/example_dags/tutorial_objectstorage.py took 0.124 seconds
[2024-08-04T20:54:46.506+0530] {processor.py:161} INFO - Started process (PID=65158) to work on /Users/deepanshu/Desktop/etc-spark-airflow/env/lib/python3.12/site-packages/airflow/example_dags/tutorial_objectstorage.py
[2024-08-04T20:54:46.508+0530] {processor.py:830} INFO - Processing file /Users/deepanshu/Desktop/etc-spark-airflow/env/lib/python3.12/site-packages/airflow/example_dags/tutorial_objectstorage.py for tasks to queue
[2024-08-04T20:54:46.508+0530] {logging_mixin.py:188} INFO - [2024-08-04T20:54:46.508+0530] {dagbag.py:545} INFO - Filling up the DagBag from /Users/deepanshu/Desktop/etc-spark-airflow/env/lib/python3.12/site-packages/airflow/example_dags/tutorial_objectstorage.py
[2024-08-04T20:54:46.553+0530] {processor.py:840} INFO - DAG(s) 'tutorial_objectstorage' retrieved from /Users/deepanshu/Desktop/etc-spark-airflow/env/lib/python3.12/site-packages/airflow/example_dags/tutorial_objectstorage.py
[2024-08-04T20:54:46.607+0530] {logging_mixin.py:188} INFO - [2024-08-04T20:54:46.606+0530] {dag.py:3089} INFO - Sync 1 DAGs
[2024-08-04T20:54:46.613+0530] {logging_mixin.py:188} INFO - [2024-08-04T20:54:46.613+0530] {dag.py:3947} INFO - Setting next_dagrun for tutorial_objectstorage to None, run_after=None
[2024-08-04T20:54:46.624+0530] {processor.py:183} INFO - Processing /Users/deepanshu/Desktop/etc-spark-airflow/env/lib/python3.12/site-packages/airflow/example_dags/tutorial_objectstorage.py took 0.119 seconds
[2024-08-04T20:56:46.917+0530] {processor.py:161} INFO - Started process (PID=66040) to work on /Users/deepanshu/Desktop/etc-spark-airflow/env/lib/python3.12/site-packages/airflow/example_dags/tutorial_objectstorage.py
[2024-08-04T20:56:46.918+0530] {processor.py:830} INFO - Processing file /Users/deepanshu/Desktop/etc-spark-airflow/env/lib/python3.12/site-packages/airflow/example_dags/tutorial_objectstorage.py for tasks to queue
[2024-08-04T20:56:46.919+0530] {logging_mixin.py:188} INFO - [2024-08-04T20:56:46.918+0530] {dagbag.py:545} INFO - Filling up the DagBag from /Users/deepanshu/Desktop/etc-spark-airflow/env/lib/python3.12/site-packages/airflow/example_dags/tutorial_objectstorage.py
[2024-08-04T20:56:46.964+0530] {processor.py:840} INFO - DAG(s) 'tutorial_objectstorage' retrieved from /Users/deepanshu/Desktop/etc-spark-airflow/env/lib/python3.12/site-packages/airflow/example_dags/tutorial_objectstorage.py
[2024-08-04T20:56:47.016+0530] {logging_mixin.py:188} INFO - [2024-08-04T20:56:47.015+0530] {dag.py:3089} INFO - Sync 1 DAGs
[2024-08-04T20:56:47.021+0530] {logging_mixin.py:188} INFO - [2024-08-04T20:56:47.021+0530] {dag.py:3947} INFO - Setting next_dagrun for tutorial_objectstorage to None, run_after=None
[2024-08-04T20:56:47.033+0530] {processor.py:183} INFO - Processing /Users/deepanshu/Desktop/etc-spark-airflow/env/lib/python3.12/site-packages/airflow/example_dags/tutorial_objectstorage.py took 0.118 seconds
[2024-08-04T20:57:13.779+0530] {processor.py:161} INFO - Started process (PID=66289) to work on /Users/deepanshu/Desktop/etc-spark-airflow/env/lib/python3.12/site-packages/airflow/example_dags/tutorial_objectstorage.py
[2024-08-04T20:57:13.780+0530] {processor.py:830} INFO - Processing file /Users/deepanshu/Desktop/etc-spark-airflow/env/lib/python3.12/site-packages/airflow/example_dags/tutorial_objectstorage.py for tasks to queue
[2024-08-04T20:57:13.780+0530] {logging_mixin.py:188} INFO - [2024-08-04T20:57:13.780+0530] {dagbag.py:545} INFO - Filling up the DagBag from /Users/deepanshu/Desktop/etc-spark-airflow/env/lib/python3.12/site-packages/airflow/example_dags/tutorial_objectstorage.py
[2024-08-04T20:57:13.825+0530] {processor.py:840} INFO - DAG(s) 'tutorial_objectstorage' retrieved from /Users/deepanshu/Desktop/etc-spark-airflow/env/lib/python3.12/site-packages/airflow/example_dags/tutorial_objectstorage.py
[2024-08-04T20:57:13.876+0530] {logging_mixin.py:188} INFO - [2024-08-04T20:57:13.876+0530] {dag.py:3089} INFO - Sync 1 DAGs
[2024-08-04T20:57:13.882+0530] {logging_mixin.py:188} INFO - [2024-08-04T20:57:13.882+0530] {dag.py:3947} INFO - Setting next_dagrun for tutorial_objectstorage to None, run_after=None
[2024-08-04T20:57:13.894+0530] {processor.py:183} INFO - Processing /Users/deepanshu/Desktop/etc-spark-airflow/env/lib/python3.12/site-packages/airflow/example_dags/tutorial_objectstorage.py took 0.117 seconds
[2024-08-04T20:59:05.978+0530] {processor.py:161} INFO - Started process (PID=67303) to work on /Users/deepanshu/Desktop/etc-spark-airflow/env/lib/python3.12/site-packages/airflow/example_dags/tutorial_objectstorage.py
[2024-08-04T20:59:05.979+0530] {processor.py:830} INFO - Processing file /Users/deepanshu/Desktop/etc-spark-airflow/env/lib/python3.12/site-packages/airflow/example_dags/tutorial_objectstorage.py for tasks to queue
[2024-08-04T20:59:05.980+0530] {logging_mixin.py:188} INFO - [2024-08-04T20:59:05.980+0530] {dagbag.py:545} INFO - Filling up the DagBag from /Users/deepanshu/Desktop/etc-spark-airflow/env/lib/python3.12/site-packages/airflow/example_dags/tutorial_objectstorage.py
[2024-08-04T20:59:06.027+0530] {processor.py:840} INFO - DAG(s) 'tutorial_objectstorage' retrieved from /Users/deepanshu/Desktop/etc-spark-airflow/env/lib/python3.12/site-packages/airflow/example_dags/tutorial_objectstorage.py
[2024-08-04T20:59:06.078+0530] {logging_mixin.py:188} INFO - [2024-08-04T20:59:06.078+0530] {dag.py:3089} INFO - Sync 1 DAGs
[2024-08-04T20:59:06.084+0530] {logging_mixin.py:188} INFO - [2024-08-04T20:59:06.083+0530] {dag.py:3947} INFO - Setting next_dagrun for tutorial_objectstorage to None, run_after=None
[2024-08-04T20:59:06.094+0530] {processor.py:183} INFO - Processing /Users/deepanshu/Desktop/etc-spark-airflow/env/lib/python3.12/site-packages/airflow/example_dags/tutorial_objectstorage.py took 0.117 seconds
[2024-08-04T21:01:03.579+0530] {processor.py:161} INFO - Started process (PID=68347) to work on /Users/deepanshu/Desktop/etc-spark-airflow/env/lib/python3.12/site-packages/airflow/example_dags/tutorial_objectstorage.py
[2024-08-04T21:01:03.580+0530] {processor.py:830} INFO - Processing file /Users/deepanshu/Desktop/etc-spark-airflow/env/lib/python3.12/site-packages/airflow/example_dags/tutorial_objectstorage.py for tasks to queue
[2024-08-04T21:01:03.580+0530] {logging_mixin.py:188} INFO - [2024-08-04T21:01:03.580+0530] {dagbag.py:545} INFO - Filling up the DagBag from /Users/deepanshu/Desktop/etc-spark-airflow/env/lib/python3.12/site-packages/airflow/example_dags/tutorial_objectstorage.py
[2024-08-04T21:01:03.626+0530] {processor.py:840} INFO - DAG(s) 'tutorial_objectstorage' retrieved from /Users/deepanshu/Desktop/etc-spark-airflow/env/lib/python3.12/site-packages/airflow/example_dags/tutorial_objectstorage.py
[2024-08-04T21:01:03.676+0530] {logging_mixin.py:188} INFO - [2024-08-04T21:01:03.676+0530] {dag.py:3089} INFO - Sync 1 DAGs
[2024-08-04T21:01:03.682+0530] {logging_mixin.py:188} INFO - [2024-08-04T21:01:03.682+0530] {dag.py:3947} INFO - Setting next_dagrun for tutorial_objectstorage to None, run_after=None
[2024-08-04T21:01:03.693+0530] {processor.py:183} INFO - Processing /Users/deepanshu/Desktop/etc-spark-airflow/env/lib/python3.12/site-packages/airflow/example_dags/tutorial_objectstorage.py took 0.116 seconds
[2024-08-04T21:03:06.872+0530] {processor.py:161} INFO - Started process (PID=69208) to work on /Users/deepanshu/Desktop/etc-spark-airflow/env/lib/python3.12/site-packages/airflow/example_dags/tutorial_objectstorage.py
[2024-08-04T21:03:06.874+0530] {processor.py:830} INFO - Processing file /Users/deepanshu/Desktop/etc-spark-airflow/env/lib/python3.12/site-packages/airflow/example_dags/tutorial_objectstorage.py for tasks to queue
[2024-08-04T21:03:06.875+0530] {logging_mixin.py:188} INFO - [2024-08-04T21:03:06.875+0530] {dagbag.py:545} INFO - Filling up the DagBag from /Users/deepanshu/Desktop/etc-spark-airflow/env/lib/python3.12/site-packages/airflow/example_dags/tutorial_objectstorage.py
[2024-08-04T21:03:06.947+0530] {processor.py:840} INFO - DAG(s) 'tutorial_objectstorage' retrieved from /Users/deepanshu/Desktop/etc-spark-airflow/env/lib/python3.12/site-packages/airflow/example_dags/tutorial_objectstorage.py
[2024-08-04T21:03:07.012+0530] {logging_mixin.py:188} INFO - [2024-08-04T21:03:07.012+0530] {dag.py:3089} INFO - Sync 1 DAGs
[2024-08-04T21:03:07.019+0530] {logging_mixin.py:188} INFO - [2024-08-04T21:03:07.019+0530] {dag.py:3947} INFO - Setting next_dagrun for tutorial_objectstorage to None, run_after=None
[2024-08-04T21:03:07.033+0530] {processor.py:183} INFO - Processing /Users/deepanshu/Desktop/etc-spark-airflow/env/lib/python3.12/site-packages/airflow/example_dags/tutorial_objectstorage.py took 0.163 seconds
[2024-08-04T21:04:55.123+0530] {processor.py:161} INFO - Started process (PID=69935) to work on /Users/deepanshu/Desktop/etc-spark-airflow/env/lib/python3.12/site-packages/airflow/example_dags/tutorial_objectstorage.py
[2024-08-04T21:04:55.124+0530] {processor.py:830} INFO - Processing file /Users/deepanshu/Desktop/etc-spark-airflow/env/lib/python3.12/site-packages/airflow/example_dags/tutorial_objectstorage.py for tasks to queue
[2024-08-04T21:04:55.124+0530] {logging_mixin.py:188} INFO - [2024-08-04T21:04:55.124+0530] {dagbag.py:545} INFO - Filling up the DagBag from /Users/deepanshu/Desktop/etc-spark-airflow/env/lib/python3.12/site-packages/airflow/example_dags/tutorial_objectstorage.py
[2024-08-04T21:04:55.175+0530] {processor.py:840} INFO - DAG(s) 'tutorial_objectstorage' retrieved from /Users/deepanshu/Desktop/etc-spark-airflow/env/lib/python3.12/site-packages/airflow/example_dags/tutorial_objectstorage.py
[2024-08-04T21:04:55.226+0530] {logging_mixin.py:188} INFO - [2024-08-04T21:04:55.226+0530] {dag.py:3089} INFO - Sync 1 DAGs
[2024-08-04T21:04:55.232+0530] {logging_mixin.py:188} INFO - [2024-08-04T21:04:55.232+0530] {dag.py:3947} INFO - Setting next_dagrun for tutorial_objectstorage to None, run_after=None
[2024-08-04T21:04:55.243+0530] {processor.py:183} INFO - Processing /Users/deepanshu/Desktop/etc-spark-airflow/env/lib/python3.12/site-packages/airflow/example_dags/tutorial_objectstorage.py took 0.122 seconds
[2024-08-04T21:05:42.807+0530] {processor.py:161} INFO - Started process (PID=70290) to work on /Users/deepanshu/Desktop/etc-spark-airflow/env/lib/python3.12/site-packages/airflow/example_dags/tutorial_objectstorage.py
[2024-08-04T21:05:42.808+0530] {processor.py:830} INFO - Processing file /Users/deepanshu/Desktop/etc-spark-airflow/env/lib/python3.12/site-packages/airflow/example_dags/tutorial_objectstorage.py for tasks to queue
[2024-08-04T21:05:42.809+0530] {logging_mixin.py:188} INFO - [2024-08-04T21:05:42.809+0530] {dagbag.py:545} INFO - Filling up the DagBag from /Users/deepanshu/Desktop/etc-spark-airflow/env/lib/python3.12/site-packages/airflow/example_dags/tutorial_objectstorage.py
[2024-08-04T21:05:42.857+0530] {processor.py:840} INFO - DAG(s) 'tutorial_objectstorage' retrieved from /Users/deepanshu/Desktop/etc-spark-airflow/env/lib/python3.12/site-packages/airflow/example_dags/tutorial_objectstorage.py
[2024-08-04T21:05:42.908+0530] {logging_mixin.py:188} INFO - [2024-08-04T21:05:42.907+0530] {dag.py:3089} INFO - Sync 1 DAGs
[2024-08-04T21:05:42.913+0530] {logging_mixin.py:188} INFO - [2024-08-04T21:05:42.913+0530] {dag.py:3947} INFO - Setting next_dagrun for tutorial_objectstorage to None, run_after=None
[2024-08-04T21:05:42.924+0530] {processor.py:183} INFO - Processing /Users/deepanshu/Desktop/etc-spark-airflow/env/lib/python3.12/site-packages/airflow/example_dags/tutorial_objectstorage.py took 0.119 seconds
[2024-08-04T21:07:24.169+0530] {processor.py:161} INFO - Started process (PID=70980) to work on /Users/deepanshu/Desktop/etc-spark-airflow/env/lib/python3.12/site-packages/airflow/example_dags/tutorial_objectstorage.py
[2024-08-04T21:07:24.171+0530] {processor.py:830} INFO - Processing file /Users/deepanshu/Desktop/etc-spark-airflow/env/lib/python3.12/site-packages/airflow/example_dags/tutorial_objectstorage.py for tasks to queue
[2024-08-04T21:07:24.171+0530] {logging_mixin.py:188} INFO - [2024-08-04T21:07:24.171+0530] {dagbag.py:545} INFO - Filling up the DagBag from /Users/deepanshu/Desktop/etc-spark-airflow/env/lib/python3.12/site-packages/airflow/example_dags/tutorial_objectstorage.py
[2024-08-04T21:07:24.222+0530] {processor.py:840} INFO - DAG(s) 'tutorial_objectstorage' retrieved from /Users/deepanshu/Desktop/etc-spark-airflow/env/lib/python3.12/site-packages/airflow/example_dags/tutorial_objectstorage.py
[2024-08-04T21:07:24.272+0530] {logging_mixin.py:188} INFO - [2024-08-04T21:07:24.272+0530] {dag.py:3089} INFO - Sync 1 DAGs
[2024-08-04T21:07:24.278+0530] {logging_mixin.py:188} INFO - [2024-08-04T21:07:24.278+0530] {dag.py:3947} INFO - Setting next_dagrun for tutorial_objectstorage to None, run_after=None
[2024-08-04T21:07:24.289+0530] {processor.py:183} INFO - Processing /Users/deepanshu/Desktop/etc-spark-airflow/env/lib/python3.12/site-packages/airflow/example_dags/tutorial_objectstorage.py took 0.121 seconds
[2024-08-04T21:08:41.238+0530] {processor.py:161} INFO - Started process (PID=71648) to work on /Users/deepanshu/Desktop/etc-spark-airflow/env/lib/python3.12/site-packages/airflow/example_dags/tutorial_objectstorage.py
[2024-08-04T21:08:41.240+0530] {processor.py:830} INFO - Processing file /Users/deepanshu/Desktop/etc-spark-airflow/env/lib/python3.12/site-packages/airflow/example_dags/tutorial_objectstorage.py for tasks to queue
[2024-08-04T21:08:41.240+0530] {logging_mixin.py:188} INFO - [2024-08-04T21:08:41.240+0530] {dagbag.py:545} INFO - Filling up the DagBag from /Users/deepanshu/Desktop/etc-spark-airflow/env/lib/python3.12/site-packages/airflow/example_dags/tutorial_objectstorage.py
[2024-08-04T21:08:41.285+0530] {processor.py:840} INFO - DAG(s) 'tutorial_objectstorage' retrieved from /Users/deepanshu/Desktop/etc-spark-airflow/env/lib/python3.12/site-packages/airflow/example_dags/tutorial_objectstorage.py
[2024-08-04T21:08:41.335+0530] {logging_mixin.py:188} INFO - [2024-08-04T21:08:41.335+0530] {dag.py:3089} INFO - Sync 1 DAGs
[2024-08-04T21:08:41.341+0530] {logging_mixin.py:188} INFO - [2024-08-04T21:08:41.341+0530] {dag.py:3947} INFO - Setting next_dagrun for tutorial_objectstorage to None, run_after=None
[2024-08-04T21:08:41.352+0530] {processor.py:183} INFO - Processing /Users/deepanshu/Desktop/etc-spark-airflow/env/lib/python3.12/site-packages/airflow/example_dags/tutorial_objectstorage.py took 0.115 seconds
[2024-08-04T21:09:16.731+0530] {processor.py:161} INFO - Started process (PID=71953) to work on /Users/deepanshu/Desktop/etc-spark-airflow/env/lib/python3.12/site-packages/airflow/example_dags/tutorial_objectstorage.py
[2024-08-04T21:09:16.732+0530] {processor.py:830} INFO - Processing file /Users/deepanshu/Desktop/etc-spark-airflow/env/lib/python3.12/site-packages/airflow/example_dags/tutorial_objectstorage.py for tasks to queue
[2024-08-04T21:09:16.732+0530] {logging_mixin.py:188} INFO - [2024-08-04T21:09:16.732+0530] {dagbag.py:545} INFO - Filling up the DagBag from /Users/deepanshu/Desktop/etc-spark-airflow/env/lib/python3.12/site-packages/airflow/example_dags/tutorial_objectstorage.py
[2024-08-04T21:09:16.777+0530] {processor.py:840} INFO - DAG(s) 'tutorial_objectstorage' retrieved from /Users/deepanshu/Desktop/etc-spark-airflow/env/lib/python3.12/site-packages/airflow/example_dags/tutorial_objectstorage.py
[2024-08-04T21:09:16.828+0530] {logging_mixin.py:188} INFO - [2024-08-04T21:09:16.828+0530] {dag.py:3089} INFO - Sync 1 DAGs
[2024-08-04T21:09:16.834+0530] {logging_mixin.py:188} INFO - [2024-08-04T21:09:16.834+0530] {dag.py:3947} INFO - Setting next_dagrun for tutorial_objectstorage to None, run_after=None
[2024-08-04T21:09:16.845+0530] {processor.py:183} INFO - Processing /Users/deepanshu/Desktop/etc-spark-airflow/env/lib/python3.12/site-packages/airflow/example_dags/tutorial_objectstorage.py took 0.116 seconds
