[2024-08-04T21:09:09.082+0530] {local_task_job_runner.py:120} INFO - ::group::Pre task execution logs
[2024-08-04T21:09:09.100+0530] {taskinstance.py:2076} INFO - Dependencies all met for dep_context=non-requeueable deps ti=<TaskInstance: deep.deep_etl manual__2024-08-04T15:39:03.325485+00:00 [queued]>
[2024-08-04T21:09:09.104+0530] {taskinstance.py:2076} INFO - Dependencies all met for dep_context=requeueable deps ti=<TaskInstance: deep.deep_etl manual__2024-08-04T15:39:03.325485+00:00 [queued]>
[2024-08-04T21:09:09.104+0530] {taskinstance.py:2306} INFO - Starting attempt 1 of 4
[2024-08-04T21:09:09.111+0530] {taskinstance.py:2330} INFO - Executing <Task(PythonOperator): deep_etl> on 2024-08-04 15:39:03.325485+00:00
[2024-08-04T21:09:09.115+0530] {clientserver.py:543} INFO - Closing down clientserver connection
[2024-08-04T21:09:09.119+0530] {logging_mixin.py:188} WARNING - /Users/deepanshu/Desktop/etc-spark-airflow/env/lib/python3.12/site-packages/airflow/task/task_runner/standard_task_runner.py:62 DeprecationWarning: This process (pid=71853) is multi-threaded, use of fork() may lead to deadlocks in the child.
[2024-08-04T21:09:09.120+0530] {standard_task_runner.py:64} INFO - Started process 71893 to run task
[2024-08-04T21:09:09.120+0530] {standard_task_runner.py:90} INFO - Running: ['airflow', 'tasks', 'run', 'deep', 'deep_etl', 'manual__2024-08-04T15:39:03.325485+00:00', '--job-id', '33', '--raw', '--subdir', 'DAGS_FOLDER/dags.py', '--cfg-path', '/var/folders/gw/l1rtn9c158vfbmng8xzmr2rh0000gn/T/tmpgdmf4s3l']
[2024-08-04T21:09:09.120+0530] {standard_task_runner.py:91} INFO - Job 33: Subtask deep_etl
[2024-08-04T21:09:09.145+0530] {task_command.py:426} INFO - Running <TaskInstance: deep.deep_etl manual__2024-08-04T15:39:03.325485+00:00 [running]> on host deepanshus-macbook-air.local
[2024-08-04T21:09:09.179+0530] {taskinstance.py:2648} INFO - Exporting env vars: AIRFLOW_CTX_DAG_EMAIL='2207deepanshu@gmail.com' AIRFLOW_CTX_DAG_OWNER='deepanshu' AIRFLOW_CTX_DAG_ID='deep' AIRFLOW_CTX_TASK_ID='deep_etl' AIRFLOW_CTX_EXECUTION_DATE='2024-08-04T15:39:03.325485+00:00' AIRFLOW_CTX_TRY_NUMBER='1' AIRFLOW_CTX_DAG_RUN_ID='manual__2024-08-04T15:39:03.325485+00:00'
[2024-08-04T21:09:09.180+0530] {taskinstance.py:430} INFO - ::endgroup::
[2024-08-04T21:09:13.261+0530] {logging_mixin.py:188} INFO - +---+--------------------+--------------------+---------------+-----------+
| id|                name|         description|       category|avg(rating)|
+---+--------------------+--------------------+---------------+-----------+
|  1|        Sample Movie|  Sample Description|Sample Category|        4.0|
|  3|            Holidate|Holidate is a 202...|         Romcom|        3.0|
|  4|          Extraction|Extraction is a 2...|         Action|        5.0|
|  2|Avengers: Infinit...|Avengers: Infinit...|         Sci-Fi|        5.0|
+---+--------------------+--------------------+---------------+-----------+
[2024-08-04T21:09:13.261+0530] {logging_mixin.py:188} INFO - None
[2024-08-04T21:09:13.262+0530] {python.py:237} INFO - Done. Returned value was: None
[2024-08-04T21:09:13.262+0530] {taskinstance.py:441} INFO - ::group::Post task execution logs
[2024-08-04T21:09:13.266+0530] {taskinstance.py:1206} INFO - Marking task as SUCCESS. dag_id=deep, task_id=deep_etl, run_id=manual__2024-08-04T15:39:03.325485+00:00, execution_date=20240804T153903, start_date=20240804T153909, end_date=20240804T153913
[2024-08-04T21:09:13.277+0530] {local_task_job_runner.py:243} INFO - Task exited with return code 0
[2024-08-04T21:09:13.285+0530] {taskinstance.py:3503} INFO - 0 downstream tasks scheduled from follow-on schedule check
[2024-08-04T21:09:13.286+0530] {local_task_job_runner.py:222} INFO - ::endgroup::
